NUM_NODES: 1
0: => creating model 'resnet50'
0: Epoch: [0][  0/196]	Time 11.055 (11.055)	Data  0.732 ( 0.732)	Loss 7.5370e+00 (7.5370e+00)	Acc@1   0.00 (  0.00)	Acc@5   0.39 (  0.39)
0: Epoch: [0][ 10/196]	Time  0.227 ( 1.201)	Data  0.000 ( 0.067)	Loss 1.6604e+01 (2.2509e+01)	Acc@1  11.33 (  9.34)	Acc@5  49.61 ( 45.42)
0: Epoch: [0][ 20/196]	Time  0.226 ( 0.736)	Data  0.000 ( 0.040)	Loss 9.8868e+00 (1.8965e+01)	Acc@1  10.55 (  9.58)	Acc@5  53.52 ( 48.07)
0: Epoch: [0][ 30/196]	Time  0.225 ( 0.571)	Data  0.000 ( 0.030)	Loss 6.5060e+00 (1.5132e+01)	Acc@1   6.64 (  9.78)	Acc@5  51.17 ( 48.56)
0: Epoch: [0][ 40/196]	Time  0.226 ( 0.487)	Data  0.000 ( 0.025)	Loss 4.7113e+00 (1.2956e+01)	Acc@1   8.98 (  9.73)	Acc@5  50.39 ( 49.09)
0: Epoch: [0][ 50/196]	Time  0.227 ( 0.435)	Data  0.000 ( 0.022)	Loss 3.7635e+00 (1.1569e+01)	Acc@1  15.23 (  9.91)	Acc@5  56.64 ( 49.44)
0: Epoch: [0][ 60/196]	Time  0.225 ( 0.401)	Data  0.000 ( 0.020)	Loss 2.7644e+00 (1.0300e+01)	Acc@1   8.20 (  9.89)	Acc@5  50.00 ( 49.71)
0: Epoch: [0][ 70/196]	Time  0.226 ( 0.376)	Data  0.000 ( 0.019)	Loss 3.8791e+00 (
0: 9.5216e+00)	Acc@1  10.16 (  9.94)	Acc@5  49.61 ( 49.76)
0: Epoch: [0][ 80/196]	Time  0.226 ( 0.357)	Data  0.000 ( 0.018)	Loss 5.4825e+00 (8.8109e+00)	Acc@1   8.20 (  9.94)	Acc@5  45.70 ( 49.86)
0: Epoch: [0][ 90/196]	Time  0.225 ( 0.343)	Data  0.000 ( 0.017)	Loss 4.0933e+00 (8.2320e+00)	Acc@1   7.81 (  9.89)	Acc@5  48.83 ( 49.80)
0: Epoch: [0][100/196]	Time  0.225 ( 0.331)	Data  0.000 ( 0.016)	Loss 3.1248e+00 (7.7617e+00)	Acc@1   8.98 ( 10.00)	Acc@5  53.91 ( 50.10)
0: Epoch: [0][110/196]	Time  0.225 ( 0.321)	Data  0.000 ( 0.016)	Loss 2.7956e+00 (7.3444e+00)	Acc@1  14.06 ( 10.12)	Acc@5  53.52 ( 50.27)
0: Epoch: [0][120/196]	Time  0.225 ( 0.313)	Data  0.000 ( 0.015)	Loss 2.3177e+00 (6.9439e+00)	Acc@1  14.06 ( 10.47)	Acc@5  55.47 ( 50.77)
0: Epoch: [0][130/196]	Time  0.225 ( 0.306)	Data  0.000 ( 0.015)	Loss 2.2144e+00 (6.6465e+00)	Acc@1  17.97 ( 10.85)	Acc@5  62.11 ( 51.56)
0: Epoch: [0][140/196]	Time  0.225 ( 0.300)	Data  0.000 ( 0.014)	Loss 2.2702e+00 (6.4037e+00)	Acc@1  19.14 ( 11.23)	Acc@5  60.94 ( 52.55)
0: Epoch: [0][150/196]	Tim
0: e  0.225 ( 0.295)	Data  0.000 ( 0.014)	Loss 2.2098e+00 (6.1593e+00)	Acc@1  16.02 ( 11.53)	Acc@5  66.41 ( 53.52)
0: Epoch: [0][160/196]	Time  0.225 ( 0.291)	Data  0.000 ( 0.014)	Loss 2.4079e+00 (5.9556e+00)	Acc@1  16.80 ( 11.87)	Acc@5  67.97 ( 54.38)
0: Epoch: [0][170/196]	Time  0.225 ( 0.287)	Data  0.000 ( 0.014)	Loss 3.1238e+00 (5.7961e+00)	Acc@1  16.80 ( 12.18)	Acc@5  68.75 ( 55.14)
0: Epoch: [0][180/196]	Time  0.225 ( 0.284)	Data  0.000 ( 0.013)	Loss 3.6322e+00 (5.6473e+00)	Acc@1  19.92 ( 12.44)	Acc@5  66.41 ( 55.78)
0: Epoch: [0][190/196]	Time  0.225 ( 0.280)	Data  0.000 ( 0.013)	Loss 2.2986e+00 (5.5089e+00)	Acc@1  18.75 ( 12.81)	Acc@5  69.53 ( 56.57)
0: Test: [ 0/40]	Time  0.278 ( 0.278)	Loss 7.8342e+00 (7.8342e+00)	Acc@1  17.97 ( 17.97)	Acc@5  74.61 ( 74.61)
0: Test: [10/40]	Time  0.070 ( 0.089)	Loss 1.8509e+01 (1.9212e+01)	Acc@1  17.97 ( 18.15)	Acc@5  75.00 ( 72.59)
0: Test: [20/40]	Time  0.070 ( 0.080)	Loss 3.8775e+00 (3.0363e+01)	Acc@1  17.97 ( 18.25)	Acc@5  74.61 ( 72.28)
0: Test: [30/40]	Time  0.069 ( 0.077)	Loss 6.9320e+00 (2.9016e+01)	Acc@1  20.70 ( 18.43)	Acc@5  70.31 ( 72.01)
0:  * Acc@1 18.400 Acc@5 72.140
