NUM_NODES: 1
WORKERS: "gpu40-ib:5555"
0: Use GPU: 0 for training
0: => creating model 'resnet50'
0: Use GPU: 1 for training
0: => creating model 'resnet50'
0: Epoch: [0][  0/196]	Time  8.411 ( 8.411)	Data  4.493 ( 4.493)	Loss 7.5742e+00 (7.5742e+00)	Acc@1   0.00 (  0.00)	Acc@5   0.00 (  0.00)
0: Epoch: [0][ 10/196]	Time  0.148 ( 0.896)	Data  0.000 ( 0.409)	Loss 1.3282e+01 (2.6744e+01)	Acc@1  10.16 (  8.81)	Acc@5  57.03 ( 46.59)
0: Epoch: [0][ 20/196]	Time  0.148 ( 0.540)	Data  0.000 ( 0.216)	Loss 4.3704e+00 (1.8164e+01)	Acc@1   7.03 ( 10.16)	Acc@5  46.09 ( 48.14)
0: Epoch: [0][ 30/196]	Time  0.147 ( 0.413)	Data  0.000 ( 0.147)	Loss 7.0228e+00 (1.4311e+01)	Acc@1  11.72 ( 10.08)	Acc@5  46.88 ( 49.29)
0: Epoch: [0][ 40/196]	Time  0.148 ( 0.348)	Data  0.000 ( 0.112)	Loss 3.5964e+00 (1.3394e+01)	Acc@1   7.03 (  9.98)	Acc@5  48.44 ( 49.47)
0: Epoch: [0][ 50/196]	Time  0.147 ( 0.309)	Data  0.000 ( 0.091)	Loss 4.7697e+00 (1.2424e+01)	Acc@1  10.16 (  9.99)	Acc@5  51.56 ( 50.23)
0: Epoch: [0][ 60/196]	Time  0.147 ( 0.282)	Data  0.000 ( 0.076)	Loss 3.3224e+00 (1.0963e+01)	Acc@1   8.59 ( 10.26)	Acc@5  53.91 ( 50.70)
0: Epoch: [0][ 70/196]	Time  0.148 ( 0.263)	Data  0.000 ( 0.066)	Loss 4.7844e+00 (
0: 9.9772e+00)	Acc@1   8.59 ( 10.31)	Acc@5  53.12 ( 51.13)
0: Epoch: [0][ 80/196]	Time  0.148 ( 0.249)	Data  0.000 ( 0.058)	Loss 3.0640e+00 (9.1113e+00)	Acc@1  20.31 ( 10.73)	Acc@5  59.38 ( 52.23)
0: Epoch: [0][ 90/196]	Time  0.148 ( 0.238)	Data  0.000 ( 0.052)	Loss 3.5020e+00 (8.5663e+00)	Acc@1  20.31 ( 11.06)	Acc@5  60.16 ( 53.10)
0: Epoch: [0][100/196]	Time  0.146 ( 0.229)	Data  0.000 ( 0.047)	Loss 3.6932e+00 (8.0077e+00)	Acc@1  10.16 ( 11.36)	Acc@5  57.03 ( 54.12)
0: Epoch: [0][110/196]	Time  0.148 ( 0.222)	Data  0.000 ( 0.043)	Loss 2.6561e+00 (7.5581e+00)	Acc@1  11.72 ( 11.77)	Acc@5  69.53 ( 55.03)
0: Epoch: [0][120/196]	Time  0.148 ( 0.216)	Data  0.000 ( 0.040)	Loss 6.7558e+00 (7.2064e+00)	Acc@1  14.06 ( 12.14)	Acc@5  58.59 ( 55.97)
0: Epoch: [0][130/196]	Time  0.149 ( 0.210)	Data  0.000 ( 0.037)	Loss 4.4113e+00 (6.9312e+00)	Acc@1   7.81 ( 12.23)	Acc@5  56.25 ( 56.04)
0: Epoch: [0][140/196]	Time  0.148 ( 0.206)	Data  0.000 ( 0.035)	Loss 3.4366e+00 (6.6799e+00)	Acc@1  10.94 ( 12.40)	Acc@5  54.69 ( 56.17)
0: Epoch: [0][150/196]	Tim
0: e  0.148 ( 0.202)	Data  0.000 ( 0.033)	Loss 2.6243e+00 (6.4510e+00)	Acc@1   7.03 ( 12.32)	Acc@5  56.25 ( 56.00)
0: Epoch: [0][160/196]	Time  0.146 ( 0.199)	Data  0.000 ( 0.031)	Loss 4.1570e+00 (6.2524e+00)	Acc@1  10.16 ( 12.41)	Acc@5  64.06 ( 56.28)
0: Epoch: [0][170/196]	Time  0.147 ( 0.196)	Data  0.000 ( 0.029)	Loss 2.6057e+00 (6.0624e+00)	Acc@1  22.66 ( 12.56)	Acc@5  64.84 ( 56.65)
0: Epoch: [0][180/196]	Time  0.146 ( 0.193)	Data  0.000 ( 0.028)	Loss 3.3195e+00 (5.8873e+00)	Acc@1  19.53 ( 12.80)	Acc@5  58.59 ( 57.09)
0: Epoch: [0][190/196]	Time  0.147 ( 0.191)	Data  0.000 ( 0.027)	Loss 2.4293e+00 (5.7313e+00)	Acc@1  14.84 ( 12.93)	Acc@5  67.97 ( 57.39)
0: Epoch: [0][  0/196]	Time  8.413 ( 8.413)	Data  4.502 ( 4.502)	Loss 7.5857e+00 (7.5857e+00)	Acc@1   0.00 (  0.00)	Acc@5   0.00 (  0.00)
0: Epoch: [0][ 10/196]	Time  0.148 ( 0.897)	Data  0.000 ( 0.409)	Loss 1.3348e+01 (2.2697e+01)	Acc@1  11.72 (  9.38)	Acc@5  53.12 ( 46.59)
0: Epoch: [0][ 20/196]	Time  0.148 ( 0.540)	Data  0.000 ( 0.216)	Loss 4.6124e+00 (1.5694e+01)	Acc@1  11.72 (  9.71)	Acc@5  49.22 ( 48.36)
0: Epoch: [0][ 30/196]	Time  0.148 ( 0.413)	Data  0.000 ( 0.147)	Loss 4.9825e+00 (1.5419e+01)	Acc@1  11.72 (  9.83)	Acc@5  53.12 ( 48.44)
0: Epoch: [0][ 40/196]	Time  0.148 ( 0.348)	Data  0.000 ( 0.112)	Loss 5.8091e+00 (1.3041e+01)	Acc@1  14.06 ( 10.00)	Acc@5  50.78 ( 48.84)
0: Epoch: [0][ 50/196]	Time  0.148 ( 0.309)	Data  0.000 ( 0.091)	Loss 2.3179e+00 (1.2384e+01)	Acc@1  14.84 ( 10.00)	Acc@5  56.25 ( 49.83)
0: Epoch: [0][ 60/196]	Time  0.147 ( 0.283)	Data  0.000 ( 0.077)	Loss 4.8971e+00 (1.1206e+01)	Acc@1  16.41 ( 10.03)	Acc@5  60.94 ( 50.88)
0: Epoch: [0][ 70/196]	Time  0.148 ( 0.264)	Data  0.000 ( 0.066)	Loss 7.4124e+00 (
0: 1.0254e+01)	Acc@1  14.84 ( 10.26)	Acc@5  51.56 ( 51.12)
0: Epoch: [0][ 80/196]	Time  0.148 ( 0.249)	Data  0.000 ( 0.058)	Loss 2.5218e+00 (9.4392e+00)	Acc@1  13.28 ( 10.64)	Acc@5  60.94 ( 52.03)
0: Epoch: [0][ 90/196]	Time  0.148 ( 0.238)	Data  0.000 ( 0.052)	Loss 3.8224e+00 (8.8651e+00)	Acc@1  19.53 ( 11.00)	Acc@5  58.59 ( 52.82)
0: Epoch: [0][100/196]	Time  0.150 ( 0.229)	Data  0.000 ( 0.048)	Loss 2.2234e+00 (8.3429e+00)	Acc@1  11.72 ( 11.20)	Acc@5  65.62 ( 53.98)
0: Epoch: [0][110/196]	Time  0.148 ( 0.222)	Data  0.000 ( 0.044)	Loss 2.5593e+00 (7.8528e+00)	Acc@1  13.28 ( 11.65)	Acc@5  60.94 ( 54.79)
0: Epoch: [0][120/196]	Time  0.148 ( 0.216)	Data  0.000 ( 0.040)	Loss 6.7259e+00 (7.4959e+00)	Acc@1  19.53 ( 12.07)	Acc@5  61.72 ( 55.66)
0: Epoch: [0][130/196]	Time  0.148 ( 0.210)	Data  0.000 ( 0.037)	Loss 4.2428e+00 (7.2362e+00)	Acc@1  14.06 ( 12.08)	Acc@5  57.03 ( 55.74)
0: Epoch: [0][140/196]	Time  0.148 ( 0.206)	Data  0.000 ( 0.035)	Loss 4.0900e+00 (6.9549e+00)	Acc@1  10.16 ( 12.11)	Acc@5  56.25 ( 55.75)
0: Epoch: [0][150/196]	Tim
0: e  0.148 ( 0.202)	Data  0.000 ( 0.033)	Loss 2.3306e+00 (6.6852e+00)	Acc@1  13.28 ( 12.19)	Acc@5  63.28 ( 56.02)
0: Epoch: [0][160/196]	Time  0.150 ( 0.199)	Data  0.000 ( 0.031)	Loss 4.6196e+00 (6.4641e+00)	Acc@1  16.41 ( 12.38)	Acc@5  60.94 ( 56.31)
0: Epoch: [0][170/196]	Time  0.148 ( 0.196)	Data  0.000 ( 0.029)	Loss 2.9644e+00 (6.2716e+00)	Acc@1  14.84 ( 12.44)	Acc@5  56.25 ( 56.59)
0: Epoch: [0][180/196]	Time  0.148 ( 0.193)	Data  0.000 ( 0.028)	Loss 3.5190e+00 (6.0799e+00)	Acc@1  19.53 ( 12.71)	Acc@5  71.09 ( 57.00)
0: Epoch: [0][190/196]	Time  0.147 ( 0.191)	Data  0.000 ( 0.027)	Loss 2.9799e+00 (5.9215e+00)	Acc@1  12.50 ( 12.84)	Acc@5  57.03 ( 57.19)
0: Test: [ 0/79]	Time  2.383 ( 2.383)	Loss 2.4227e+00 (2.4227e+00)	Acc@1  20.31 ( 20.31)	Acc@5  66.41 ( 66.41)
0: Test: [10/79]	Time  0.039 ( 0.252)	Loss 2.2252e+00 (2.3942e+00)	Acc@1  16.41 ( 14.63)	Acc@5  64.06 ( 62.07)
0: Test: [20/79]	Time  0.039 ( 0.151)	Loss 2.2546e+00 (2.3764e+00)	Acc@1  14.84 ( 14.66)	Acc@5  67.19 ( 63.02)
0: Test: [30/79]	Time  0.039 ( 0.115)	Loss 2.2208e+00 (2.4231e+00)	Acc@1  14.84 ( 14.87)	Acc@5  62.50 ( 62.93)
0: Test: [40/79]	Time  0.039 ( 0.096)	Loss 3.0842e+00 (2.5376e+00)	Acc@1  14.84 ( 14.92)	Acc@5  58.59 ( 62.42)
0: Test: [50/79]	Time  0.039 ( 0.085)	Loss 2.2779e+00 (2.5168e+00)	Acc@1  20.31 ( 15.09)	Acc@5  63.28 ( 62.73)
0: Test: [60/79]	Time  0.039 ( 0.077)	Loss 2.9096e+00 (2.5222e+00)	Acc@1  12.50 ( 15.06)	Acc@5  57.81 ( 62.54)
0: Test: [70/79]	Time  0.039 ( 0.072)	Loss 2.6177e+00 (2.5083e+00)	Acc@1  13.28 ( 14.94)	Acc@5  60.94 ( 62.21)
0:  * Acc@1 15.040 Acc@5 62.100
0: Test: [ 0/79]	Time  2.379 ( 2.379)	Loss 2.4227e+00 (2.4227e+00)	Acc@1  20.31 ( 20.31)	Acc@5  66.41 ( 66.41)
0: Test: [10/79]	Time  0.039 ( 0.252)	Loss 2.2252e+00 (2.3942e+00)	Acc@1  16.41 ( 14.63)	Acc@5  64.06 ( 62.07)
0: Test: [20/79]	Time  0.039 ( 0.151)	Loss 2.2546e+00 (2.3764e+00)	Acc@1  14.84 ( 14.66)	Acc@5  67.19 ( 63.02)
0: Test: [30/79]	Time  0.039 ( 0.115)	Loss 2.2208e+00 (2.4231e+00)	Acc@1  14.84 ( 14.87)	Acc@5  62.50 ( 62.93)
0: Test: [40/79]	Time  0.039 ( 0.096)	Loss 3.0842e+00 (2.5376e+00)	Acc@1  14.84 ( 14.92)	Acc@5  58.59 ( 62.42)
0: Test: [50/79]	Time  0.039 ( 0.085)	Loss 2.2779e+00 (2.5168e+00)	Acc@1  20.31 ( 15.09)	Acc@5  63.28 ( 62.73)
0: Test: [60/79]	Time  0.039 ( 0.078)	Loss 2.9096e+00 (2.5222e+00)	Acc@1  12.50 ( 15.06)	Acc@5  57.81 ( 62.54)
0: Test: [70/79]	Time  0.039 ( 0.072)	Loss 2.6177e+00 (2.5083e+00)	Acc@1  13.28 ( 14.94)	Acc@5  60.94 ( 62.21)
0:  * Acc@1 15.040 Acc@5 62.100
0: Epoch: [1][  0/196]	Time  4.649 ( 4.649)	Data  4.529 ( 4.529)	Loss 2.5224e+00 (2.5224e+00)	Acc@1  20.31 ( 20.31)	Acc@5  60.94 ( 60.94)
0: Epoch: [1][ 10/196]	Time  0.148 ( 0.557)	Data  0.000 ( 0.415)	Loss 2.4811e+00 (2.5606e+00)	Acc@1  16.41 ( 16.83)	Acc@5  73.44 ( 65.41)
0: Epoch: [1][ 20/196]	Time  0.147 ( 0.362)	Data  0.000 ( 0.219)	Loss 2.2792e+00 (2.5792e+00)	Acc@1  14.06 ( 16.52)	Acc@5  63.28 ( 65.77)
0: Epoch: [1][ 30/196]	Time  0.148 ( 0.293)	Data  0.000 ( 0.149)	Loss 2.3504e+00 (2.5598e+00)	Acc@1  16.41 ( 16.71)	Acc@5  78.91 ( 66.38)
0: Epoch: [1][ 40/196]	Time  0.148 ( 0.258)	Data  0.000 ( 0.114)	Loss 2.2011e+00 (2.5095e+00)	Acc@1  15.62 ( 17.13)	Acc@5  73.44 ( 66.63)
0: Epoch: [1][ 50/196]	Time  0.148 ( 0.236)	Data  0.000 ( 0.092)	Loss 2.0511e+00 (2.4616e+00)	Acc@1  21.09 ( 17.43)	Acc@5  67.97 ( 67.37)
0: Epoch: [1][ 60/196]	Time  0.148 ( 0.222)	Data  0.000 ( 0.077)	Loss 3.5217e+00 (2.4394e+00)	Acc@1  18.75 ( 17.70)	Acc@5  66.41 ( 68.01)
0: Epoch: [1][ 70/196]	Time  0.148 ( 0.211)	Data  0.000 ( 0.067)	Loss 2.4203e+00 (
0: 2.4219e+00)	Acc@1  23.44 ( 17.91)	Acc@5  74.22 ( 68.85)
0: Epoch: [1][ 80/196]	Time  0.148 ( 0.203)	Data  0.000 ( 0.059)	Loss 2.2109e+00 (2.4031e+00)	Acc@1  22.66 ( 18.13)	Acc@5  76.56 ( 69.51)
0: Epoch: [1][ 90/196]	Time  0.148 ( 0.197)	Data  0.000 ( 0.053)	Loss 2.5790e+00 (2.4007e+00)	Acc@1  17.19 ( 18.25)	Acc@5  77.34 ( 70.22)
0: Epoch: [1][100/196]	Time  0.148 ( 0.192)	Data  0.000 ( 0.048)	Loss 2.2087e+00 (2.3792e+00)	Acc@1  22.66 ( 18.50)	Acc@5  71.88 ( 70.75)
0: Epoch: [1][110/196]	Time  0.148 ( 0.188)	Data  0.000 ( 0.044)	Loss 2.0955e+00 (2.3597e+00)	Acc@1  23.44 ( 18.76)	Acc@5  75.78 ( 71.14)
0: Epoch: [1][120/196]	Time  0.148 ( 0.185)	Data  0.000 ( 0.041)	Loss 2.0835e+00 (2.3458e+00)	Acc@1  21.09 ( 19.07)	Acc@5  76.56 ( 71.55)
0: Epoch: [1][130/196]	Time  0.148 ( 0.182)	Data  0.000 ( 0.038)	Loss 2.3627e+00 (2.3351e+00)	Acc@1  32.81 ( 19.45)	Acc@5  75.78 ( 72.03)
0: Epoch: [1][140/196]	Time  0.148 ( 0.180)	Data  0.000 ( 0.035)	Loss 2.3739e+00 (2.3290e+00)	Acc@1  19.53 ( 19.53)	Acc@5  74.22 ( 72.16)
0: Epoch: [1][150/196]	Tim
0: e  0.148 ( 0.178)	Data  0.000 ( 0.033)	Loss 2.0163e+00 (2.3168e+00)	Acc@1  19.53 ( 19.51)	Acc@5  76.56 ( 72.40)
0: Epoch: [1][160/196]	Time  0.148 ( 0.176)	Data  0.000 ( 0.031)	Loss 2.1934e+00 (2.3081e+00)	Acc@1  16.41 ( 19.57)	Acc@5  74.22 ( 72.67)
0: Epoch: [1][170/196]	Time  0.148 ( 0.174)	Data  0.000 ( 0.030)	Loss 2.0344e+00 (2.2982e+00)	Acc@1  34.38 ( 19.85)	Acc@5  83.59 ( 73.07)
0: Epoch: [1][180/196]	Time  0.148 ( 0.173)	Data  0.000 ( 0.028)	Loss 2.1858e+00 (2.2914e+00)	Acc@1  24.22 ( 20.13)	Acc@5  76.56 ( 73.28)
0: Epoch: [1][190/196]	Time  0.148 ( 0.171)	Data  0.000 ( 0.027)	Loss 2.1912e+00 (2.2820e+00)	Acc@1  21.09 ( 20.35)	Acc@5  70.31 ( 73.45)
0: Epoch: [1][  0/196]	Time  6.359 ( 6.359)	Data  4.491 ( 4.491)	Loss 2.3204e+00 (2.3204e+00)	Acc@1  18.75 ( 18.75)	Acc@5  61.72 ( 61.72)
0: Epoch: [1][ 10/196]	Time  0.148 ( 0.716)	Data  0.000 ( 0.414)	Loss 2.4174e+00 (2.3821e+00)	Acc@1  21.09 ( 17.19)	Acc@5  71.09 ( 67.76)
0: Epoch: [1][ 20/196]	Time  0.148 ( 0.445)	Data  0.000 ( 0.219)	Loss 2.2511e+00 (2.4682e+00)	Acc@1  15.62 ( 16.33)	Acc@5  67.19 ( 66.85)
0: Epoch: [1][ 30/196]	Time  0.148 ( 0.349)	Data  0.000 ( 0.149)	Loss 2.2927e+00 (2.4746e+00)	Acc@1  20.31 ( 16.15)	Acc@5  71.09 ( 67.31)
0: Epoch: [1][ 40/196]	Time  0.148 ( 0.300)	Data  0.000 ( 0.114)	Loss 2.4935e+00 (2.4625e+00)	Acc@1  21.09 ( 16.83)	Acc@5  65.62 ( 67.15)
0: Epoch: [1][ 50/196]	Time  0.149 ( 0.270)	Data  0.000 ( 0.092)	Loss 2.1178e+00 (2.4464e+00)	Acc@1  20.31 ( 16.97)	Acc@5  73.44 ( 68.03)
0: Epoch: [1][ 60/196]	Time  0.148 ( 0.250)	Data  0.000 ( 0.077)	Loss 2.3537e+00 (2.4076e+00)	Acc@1  16.41 ( 17.84)	Acc@5  73.44 ( 69.25)
0: Epoch: [1][ 70/196]	Time  0.148 ( 0.236)	Data  0.000 ( 0.067)	Loss 2.2641e+00 (
0: 2.4096e+00)	Acc@1  22.66 ( 18.00)	Acc@5  79.69 ( 69.62)
0: Epoch: [1][ 80/196]	Time  0.148 ( 0.225)	Data  0.000 ( 0.059)	Loss 2.1090e+00 (2.3824e+00)	Acc@1  16.41 ( 18.23)	Acc@5  69.53 ( 70.24)
0: Epoch: [1][ 90/196]	Time  0.148 ( 0.216)	Data  0.000 ( 0.053)	Loss 2.1695e+00 (2.3574e+00)	Acc@1  21.09 ( 18.52)	Acc@5  69.53 ( 70.62)
0: Epoch: [1][100/196]	Time  0.148 ( 0.210)	Data  0.000 ( 0.048)	Loss 2.1491e+00 (2.3377e+00)	Acc@1  21.09 ( 18.56)	Acc@5  71.88 ( 70.95)
0: Epoch: [1][110/196]	Time  0.147 ( 0.204)	Data  0.000 ( 0.044)	Loss 2.0874e+00 (2.3206e+00)	Acc@1  17.19 ( 18.70)	Acc@5  75.00 ( 71.18)
0: Epoch: [1][120/196]	Time  0.148 ( 0.199)	Data  0.000 ( 0.041)	Loss 2.0566e+00 (2.3001e+00)	Acc@1  21.09 ( 18.97)	Acc@5  75.00 ( 71.76)
0: Epoch: [1][130/196]	Time  0.148 ( 0.195)	Data  0.000 ( 0.038)	Loss 1.9425e+00 (2.2832e+00)	Acc@1  34.38 ( 19.33)	Acc@5  81.25 ( 72.33)
0: Epoch: [1][140/196]	Time  0.147 ( 0.192)	Data  0.000 ( 0.035)	Loss 2.1330e+00 (2.2804e+00)	Acc@1  17.97 ( 19.51)	Acc@5  71.09 ( 72.50)
0: Epoch: [1][150/196]	Tim
0: e  0.149 ( 0.189)	Data  0.000 ( 0.033)	Loss 2.1901e+00 (2.2753e+00)	Acc@1  22.66 ( 19.44)	Acc@5  74.22 ( 72.48)
0: Epoch: [1][160/196]	Time  0.148 ( 0.187)	Data  0.000 ( 0.031)	Loss 2.1240e+00 (2.2696e+00)	Acc@1  26.56 ( 19.58)	Acc@5  72.66 ( 72.68)
0: Epoch: [1][170/196]	Time  0.148 ( 0.184)	Data  0.000 ( 0.030)	Loss 2.4045e+00 (2.2612e+00)	Acc@1  20.31 ( 19.81)	Acc@5  78.12 ( 72.91)
0: Epoch: [1][180/196]	Time  0.148 ( 0.182)	Data  0.000 ( 0.028)	Loss 1.9673e+00 (2.2528e+00)	Acc@1  25.00 ( 19.98)	Acc@5  87.50 ( 73.30)
0: Epoch: [1][190/196]	Time  0.148 ( 0.180)	Data  0.000 ( 0.027)	Loss 1.9219e+00 (2.2424e+00)	Acc@1  25.00 ( 20.21)	Acc@5  82.03 ( 73.62)
0: Test: [ 0/79]	Time  2.375 ( 2.375)	Loss 1.9231e+00 (1.9231e+00)	Acc@1  37.50 ( 37.50)	Acc@5  77.34 ( 77.34)
0: Test: [10/79]	Time  0.039 ( 0.251)	Loss 1.9659e+00 (1.9753e+00)	Acc@1  22.66 ( 28.05)	Acc@5  80.47 ( 79.40)
0: Test: [20/79]	Time  0.039 ( 0.150)	Loss 2.0001e+00 (1.9715e+00)	Acc@1  22.66 ( 28.05)	Acc@5  82.81 ( 79.32)
0: Test: [30/79]	Time  0.039 ( 0.114)	Loss 1.8995e+00 (1.9788e+00)	Acc@1  26.56 ( 27.39)	Acc@5  79.69 ( 78.88)
0: Test: [40/79]	Time  0.039 ( 0.096)	Loss 1.9647e+00 (1.9831e+00)	Acc@1  25.78 ( 27.31)	Acc@5  82.81 ( 79.63)
0: Test: [50/79]	Time  0.039 ( 0.085)	Loss 1.9528e+00 (1.9840e+00)	Acc@1  28.12 ( 27.01)	Acc@5  81.25 ( 79.73)
0: Test: [60/79]	Time  0.039 ( 0.077)	Loss 1.9469e+00 (1.9900e+00)	Acc@1  25.78 ( 26.79)	Acc@5  85.94 ( 79.59)
0: Test: [70/79]	Time  0.039 ( 0.072)	Loss 2.0340e+00 (1.9900e+00)	Acc@1  23.44 ( 26.84)	Acc@5  76.56 ( 79.53)
0:  * Acc@1 26.770 Acc@5 79.550
0: Test: [ 0/79]	Time  2.350 ( 2.350)	Loss 1.9231e+00 (1.9231e+00)	Acc@1  37.50 ( 37.50)	Acc@5  77.34 ( 77.34)
0: Test: [10/79]	Time  0.039 ( 0.249)	Loss 1.9659e+00 (1.9753e+00)	Acc@1  22.66 ( 28.05)	Acc@5  80.47 ( 79.40)
0: Test: [20/79]	Time  0.039 ( 0.149)	Loss 2.0001e+00 (1.9715e+00)	Acc@1  22.66 ( 28.05)	Acc@5  82.81 ( 79.32)
0: Test: [30/79]	Time  0.039 ( 0.114)	Loss 1.8995e+00 (1.9788e+00)	Acc@1  26.56 ( 27.39)	Acc@5  79.69 ( 78.88)
0: Test: [40/79]	Time  0.039 ( 0.096)	Loss 1.9647e+00 (1.9831e+00)	Acc@1  25.78 ( 27.31)	Acc@5  82.81 ( 79.63)
0: Test: [50/79]	Time  0.039 ( 0.084)	Loss 1.9528e+00 (1.9840e+00)	Acc@1  28.12 ( 27.01)	Acc@5  81.25 ( 79.73)
0: Test: [60/79]	Time  0.039 ( 0.077)	Loss 1.9469e+00 (1.9900e+00)	Acc@1  25.78 ( 26.79)	Acc@5  85.94 ( 79.59)
0: Test: [70/79]	Time  0.039 ( 0.072)	Loss 2.0340e+00 (1.9900e+00)	Acc@1  23.44 ( 26.84)	Acc@5  76.56 ( 79.53)
0:  * Acc@1 26.770 Acc@5 79.550
0: Epoch: [2][  0/196]	Time  5.598 ( 5.598)	Data  4.483 ( 4.483)	Loss 2.0460e+00 (2.0460e+00)	Acc@1  21.09 ( 21.09)	Acc@5  75.00 ( 75.00)
0: Epoch: [2][ 10/196]	Time  0.147 ( 0.646)	Data  0.000 ( 0.414)	Loss 2.2452e+00 (2.1256e+00)	Acc@1  23.44 ( 21.95)	Acc@5  75.78 ( 76.99)
0: Epoch: [2][ 20/196]	Time  0.148 ( 0.409)	Data  0.000 ( 0.218)	Loss 2.3018e+00 (2.1541e+00)	Acc@1  23.44 ( 22.28)	Acc@5  79.69 ( 76.82)
0: Epoch: [2][ 30/196]	Time  0.148 ( 0.324)	Data  0.000 ( 0.149)	Loss 2.1370e+00 (2.1301e+00)	Acc@1  21.09 ( 22.38)	Acc@5  75.00 ( 76.81)
0: Epoch: [2][ 40/196]	Time  0.148 ( 0.281)	Data  0.000 ( 0.113)	Loss 2.0096e+00 (2.1201e+00)	Acc@1  28.91 ( 22.87)	Acc@5  78.91 ( 77.52)
0: Epoch: [2][ 50/196]	Time  0.148 ( 0.255)	Data  0.000 ( 0.092)	Loss 2.0734e+00 (2.1120e+00)	Acc@1  22.66 ( 23.18)	Acc@5  78.91 ( 78.09)
0: Epoch: [2][ 60/196]	Time  0.148 ( 0.237)	Data  0.000 ( 0.077)	Loss 1.8384e+00 (2.0895e+00)	Acc@1  31.25 ( 24.04)	Acc@5  83.59 ( 78.38)
0: Epoch: [2][ 70/196]	Time  0.148 ( 0.225)	Data  0.000 ( 0.067)	Loss 2.0887e+00 (
0: 2.0716e+00)	Acc@1  22.66 ( 24.63)	Acc@5  75.00 ( 78.70)
0: Epoch: [2][ 80/196]	Time  0.148 ( 0.215)	Data  0.000 ( 0.059)	Loss 2.1334e+00 (2.0832e+00)	Acc@1  25.00 ( 24.88)	Acc@5  84.38 ( 78.75)
0: Epoch: [2][ 90/196]	Time  0.149 ( 0.208)	Data  0.000 ( 0.053)	Loss 1.9431e+00 (2.0726e+00)	Acc@1  32.03 ( 25.08)	Acc@5  78.91 ( 78.95)
0: Epoch: [2][100/196]	Time  0.148 ( 0.202)	Data  0.000 ( 0.048)	Loss 2.1130e+00 (2.0619e+00)	Acc@1  19.53 ( 25.43)	Acc@5  82.03 ( 79.20)
0: Epoch: [2][110/196]	Time  0.148 ( 0.197)	Data  0.000 ( 0.044)	Loss 2.1666e+00 (2.0555e+00)	Acc@1  21.88 ( 25.78)	Acc@5  75.78 ( 79.36)
0: Epoch: [2][120/196]	Time  0.148 ( 0.193)	Data  0.000 ( 0.041)	Loss 1.9341e+00 (2.0467e+00)	Acc@1  36.72 ( 26.02)	Acc@5  79.69 ( 79.44)
0: Epoch: [2][130/196]	Time  0.147 ( 0.189)	Data  0.000 ( 0.038)	Loss 1.7551e+00 (2.0351e+00)	Acc@1  32.81 ( 26.31)	Acc@5  84.38 ( 79.55)
0: Epoch: [2][140/196]	Time  0.148 ( 0.186)	Data  0.000 ( 0.035)	Loss 1.9260e+00 (2.0253e+00)	Acc@1  27.34 ( 26.44)	Acc@5  80.47 ( 79.73)
0: Epoch: [2][150/196]	Tim
0: e  0.148 ( 0.184)	Data  0.000 ( 0.033)	Loss 1.9073e+00 (2.0190e+00)	Acc@1  24.22 ( 26.58)	Acc@5  85.16 ( 79.94)
0: Epoch: [2][160/196]	Time  0.148 ( 0.182)	Data  0.000 ( 0.031)	Loss 1.7721e+00 (2.0075e+00)	Acc@1  27.34 ( 26.86)	Acc@5  85.16 ( 80.20)
0: Epoch: [2][170/196]	Time  0.148 ( 0.180)	Data  0.000 ( 0.030)	Loss 1.8966e+00 (2.0020e+00)	Acc@1  28.91 ( 26.99)	Acc@5  82.03 ( 80.32)
0: Epoch: [2][180/196]	Time  0.148 ( 0.178)	Data  0.000 ( 0.028)	Loss 2.0107e+00 (1.9984e+00)	Acc@1  33.59 ( 27.08)	Acc@5  77.34 ( 80.32)
0: Epoch: [2][190/196]	Time  0.148 ( 0.176)	Data  0.000 ( 0.027)	Loss 1.9018e+00 (1.9927e+00)	Acc@1  32.03 ( 27.22)	Acc@5  82.81 ( 80.43)
0: Epoch: [2][  0/196]	Time  4.589 ( 4.589)	Data  4.471 ( 4.471)	Loss 2.0668e+00 (2.0668e+00)	Acc@1  28.91 ( 28.91)	Acc@5  75.78 ( 75.78)
0: Epoch: [2][ 10/196]	Time  0.148 ( 0.551)	Data  0.000 ( 0.409)	Loss 2.0897e+00 (2.0364e+00)	Acc@1  19.53 ( 24.01)	Acc@5  77.34 ( 78.05)
0: Epoch: [2][ 20/196]	Time  0.148 ( 0.359)	Data  0.000 ( 0.216)	Loss 2.1685e+00 (2.0830e+00)	Acc@1  21.88 ( 24.44)	Acc@5  76.56 ( 77.60)
0: Epoch: [2][ 30/196]	Time  0.148 ( 0.291)	Data  0.000 ( 0.147)	Loss 1.9367e+00 (2.0715e+00)	Acc@1  28.91 ( 25.08)	Acc@5  85.94 ( 77.80)
0: Epoch: [2][ 40/196]	Time  0.148 ( 0.256)	Data  0.000 ( 0.112)	Loss 2.0119e+00 (2.0673e+00)	Acc@1  27.34 ( 25.34)	Acc@5  74.22 ( 77.76)
0: Epoch: [2][ 50/196]	Time  0.148 ( 0.235)	Data  0.000 ( 0.091)	Loss 1.9525e+00 (2.0554e+00)	Acc@1  30.47 ( 25.89)	Acc@5  82.81 ( 77.88)
0: Epoch: [2][ 60/196]	Time  0.148 ( 0.220)	Data  0.000 ( 0.077)	Loss 2.1422e+00 (2.0472e+00)	Acc@1  29.69 ( 26.18)	Acc@5  78.91 ( 78.15)
0: Epoch: [2][ 70/196]	Time  0.148 ( 0.210)	Data  0.000 ( 0.066)	Loss 2.0066e+00 (
0: 2.0347e+00)	Acc@1  22.66 ( 26.47)	Acc@5  77.34 ( 78.36)
0: Epoch: [2][ 80/196]	Time  0.148 ( 0.202)	Data  0.000 ( 0.058)	Loss 2.0311e+00 (2.0310e+00)	Acc@1  21.88 ( 26.62)	Acc@5  83.59 ( 78.71)
0: Epoch: [2][ 90/196]	Time  0.148 ( 0.196)	Data  0.000 ( 0.052)	Loss 1.8273e+00 (2.0284e+00)	Acc@1  26.56 ( 26.49)	Acc@5  87.50 ( 78.84)
0: Epoch: [2][100/196]	Time  0.148 ( 0.192)	Data  0.000 ( 0.048)	Loss 2.0643e+00 (2.0244e+00)	Acc@1  31.25 ( 26.62)	Acc@5  78.91 ( 78.89)
0: Epoch: [2][110/196]	Time  0.148 ( 0.188)	Data  0.000 ( 0.044)	Loss 1.8289e+00 (2.0158e+00)	Acc@1  28.12 ( 26.82)	Acc@5  85.94 ( 79.27)
0: Epoch: [2][120/196]	Time  0.148 ( 0.184)	Data  0.000 ( 0.040)	Loss 1.9089e+00 (2.0112e+00)	Acc@1  24.22 ( 26.90)	Acc@5  82.03 ( 79.33)
0: Epoch: [2][130/196]	Time  0.148 ( 0.181)	Data  0.000 ( 0.037)	Loss 1.8203e+00 (2.0037e+00)	Acc@1  30.47 ( 27.19)	Acc@5  85.16 ( 79.43)
0: Epoch: [2][140/196]	Time  0.148 ( 0.179)	Data  0.000 ( 0.035)	Loss 1.8148e+00 (1.9942e+00)	Acc@1  32.03 ( 27.18)	Acc@5  85.16 ( 79.70)
0: Epoch: [2][150/196]	Tim
0: e  0.150 ( 0.177)	Data  0.000 ( 0.033)	Loss 1.8612e+00 (1.9903e+00)	Acc@1  40.62 ( 27.40)	Acc@5  82.03 ( 79.83)
0: Epoch: [2][160/196]	Time  0.147 ( 0.175)	Data  0.000 ( 0.031)	Loss 2.0255e+00 (1.9846e+00)	Acc@1  26.56 ( 27.47)	Acc@5  75.78 ( 79.82)
0: Epoch: [2][170/196]	Time  0.147 ( 0.174)	Data  0.000 ( 0.029)	Loss 2.0085e+00 (1.9785e+00)	Acc@1  27.34 ( 27.77)	Acc@5  77.34 ( 79.87)
0: Epoch: [2][180/196]	Time  0.147 ( 0.172)	Data  0.000 ( 0.028)	Loss 1.9587e+00 (1.9755e+00)	Acc@1  34.38 ( 27.90)	Acc@5  78.91 ( 79.91)
0: Epoch: [2][190/196]	Time  0.148 ( 0.171)	Data  0.000 ( 0.027)	Loss 1.8542e+00 (1.9700e+00)	Acc@1  35.94 ( 28.06)	Acc@5  79.69 ( 80.06)
0: Test: [ 0/79]	Time  2.366 ( 2.366)	Loss 2.0938e+00 (2.0938e+00)	Acc@1  34.38 ( 34.38)	Acc@5  83.59 ( 83.59)
0: Test: [10/79]	Time  0.039 ( 0.250)	Loss 1.8108e+00 (1.9181e+00)	Acc@1  31.25 ( 31.04)	Acc@5  84.38 ( 82.32)
0: Test: [20/79]	Time  0.039 ( 0.150)	Loss 1.9057e+00 (1.8865e+00)	Acc@1  21.09 ( 30.99)	Acc@5  82.03 ( 82.89)
0: Test: [30/79]	Time  0.039 ( 0.114)	Loss 1.8326e+00 (1.8861e+00)	Acc@1  31.25 ( 30.12)	Acc@5  81.25 ( 83.24)
0: Test: [40/79]	Time  0.039 ( 0.096)	Loss 1.8522e+00 (1.8863e+00)	Acc@1  27.34 ( 30.24)	Acc@5  86.72 ( 83.52)
0: Test: [50/79]	Time  0.039 ( 0.085)	Loss 1.8362e+00 (1.8903e+00)	Acc@1  32.81 ( 30.13)	Acc@5  82.03 ( 83.30)
0: Test: [60/79]	Time  0.039 ( 0.077)	Loss 2.3062e+00 (1.9038e+00)	Acc@1  32.03 ( 30.26)	Acc@5  85.16 ( 83.17)
0: Test: [70/79]	Time  0.039 ( 0.072)	Loss 1.9266e+00 (1.9063e+00)	Acc@1  32.03 ( 30.14)	Acc@5  84.38 ( 83.12)
0:  * Acc@1 30.330 Acc@5 83.260
0: Test: [ 0/79]	Time  2.345 ( 2.345)	Loss 2.0938e+00 (2.0938e+00)	Acc@1  34.38 ( 34.38)	Acc@5  83.59 ( 83.59)
0: Test: [10/79]	Time  0.040 ( 0.249)	Loss 1.8108e+00 (1.9181e+00)	Acc@1  31.25 ( 31.04)	Acc@5  84.38 ( 82.32)
0: Test: [20/79]	Time  0.039 ( 0.149)	Loss 1.9057e+00 (1.8865e+00)	Acc@1  21.09 ( 30.99)	Acc@5  82.03 ( 82.89)
0: Test: [30/79]	Time  0.039 ( 0.114)	Loss 1.8326e+00 (1.8861e+00)	Acc@1  31.25 ( 30.12)	Acc@5  81.25 ( 83.24)
0: Test: [40/79]	Time  0.039 ( 0.095)	Loss 1.8522e+00 (1.8863e+00)	Acc@1  27.34 ( 30.24)	Acc@5  86.72 ( 83.52)
0: Test: [50/79]	Time  0.039 ( 0.084)	Loss 1.8362e+00 (1.8903e+00)	Acc@1  32.81 ( 30.13)	Acc@5  82.03 ( 83.30)
0: Test: [60/79]	Time  0.039 ( 0.077)	Loss 2.3062e+00 (1.9038e+00)	Acc@1  32.03 ( 30.26)	Acc@5  85.16 ( 83.17)
0: Test: [70/79]	Time  0.040 ( 0.072)	Loss 1.9266e+00 (1.9063e+00)	Acc@1  32.03 ( 30.14)	Acc@5  84.38 ( 83.12)
0:  * Acc@1 30.330 Acc@5 83.260
0: Epoch: [3][  0/196]	Time  4.600 ( 4.600)	Data  4.485 ( 4.485)	Loss 1.7486e+00 (1.7486e+00)	Acc@1  29.69 ( 29.69)	Acc@5  86.72 ( 86.72)
0: Epoch: [3][ 10/196]	Time  0.149 ( 0.555)	Data  0.000 ( 0.411)	Loss 2.0163e+00 (1.9009e+00)	Acc@1  30.47 ( 28.34)	Acc@5  79.69 ( 83.10)
0: Epoch: [3][ 20/196]	Time  0.148 ( 0.361)	Data  0.000 ( 0.217)	Loss 1.7705e+00 (1.9019e+00)	Acc@1  35.94 ( 28.87)	Acc@5  82.03 ( 82.03)
0: Epoch: [3][ 30/196]	Time  0.148 ( 0.292)	Data  0.000 ( 0.148)	Loss 1.9004e+00 (1.8940e+00)	Acc@1  31.25 ( 29.79)	Acc@5  80.47 ( 82.79)
0: Epoch: [3][ 40/196]	Time  0.148 ( 0.257)	Data  0.000 ( 0.113)	Loss 1.8924e+00 (1.8931e+00)	Acc@1  30.47 ( 29.95)	Acc@5  78.91 ( 82.49)
0: Epoch: [3][ 50/196]	Time  0.148 ( 0.236)	Data  0.000 ( 0.091)	Loss 1.7852e+00 (1.8920e+00)	Acc@1  37.50 ( 30.50)	Acc@5  81.25 ( 82.31)
0: Epoch: [3][ 60/196]	Time  0.148 ( 0.221)	Data  0.000 ( 0.077)	Loss 1.7921e+00 (1.8765e+00)	Acc@1  38.28 ( 30.85)	Acc@5  87.50 ( 82.63)
0: Epoch: [3][ 70/196]	Time  0.148 ( 0.211)	Data  0.000 ( 0.066)	Loss 1.7601e+00 (
0: 1.8750e+00)	Acc@1  32.81 ( 30.94)	Acc@5  86.72 ( 82.57)
0: Epoch: [3][ 80/196]	Time  0.148 ( 0.203)	Data  0.000 ( 0.059)	Loss 1.7848e+00 (1.8702e+00)	Acc@1  31.25 ( 31.22)	Acc@5  86.72 ( 82.52)
0: Epoch: [3][ 90/196]	Time  0.148 ( 0.197)	Data  0.000 ( 0.053)	Loss 1.8227e+00 (1.8708e+00)	Acc@1  33.59 ( 31.23)	Acc@5  78.12 ( 82.52)
0: Epoch: [3][100/196]	Time  0.149 ( 0.192)	Data  0.000 ( 0.048)	Loss 1.7647e+00 (1.8607e+00)	Acc@1  38.28 ( 31.70)	Acc@5  83.59 ( 82.87)
0: Epoch: [3][110/196]	Time  0.149 ( 0.188)	Data  0.000 ( 0.044)	Loss 1.9592e+00 (1.8558e+00)	Acc@1  30.47 ( 31.76)	Acc@5  86.72 ( 83.15)
0: Epoch: [3][120/196]	Time  0.149 ( 0.185)	Data  0.000 ( 0.040)	Loss 1.8013e+00 (1.8535e+00)	Acc@1  36.72 ( 31.98)	Acc@5  82.81 ( 83.14)
0: Epoch: [3][130/196]	Time  0.149 ( 0.182)	Data  0.000 ( 0.038)	Loss 1.8973e+00 (1.8488e+00)	Acc@1  27.34 ( 32.12)	Acc@5  83.59 ( 83.34)
0: Epoch: [3][140/196]	Time  0.149 ( 0.180)	Data  0.000 ( 0.035)	Loss 1.8450e+00 (1.8460e+00)	Acc@1  29.69 ( 32.08)	Acc@5  79.69 ( 83.42)
0: Epoch: [3][150/196]	Tim
0: e  0.148 ( 0.178)	Data  0.000 ( 0.033)	Loss 1.6546e+00 (1.8366e+00)	Acc@1  38.28 ( 32.37)	Acc@5  90.62 ( 83.71)
0: Epoch: [3][160/196]	Time  0.147 ( 0.176)	Data  0.000 ( 0.031)	Loss 1.8148e+00 (1.8341e+00)	Acc@1  33.59 ( 32.44)	Acc@5  85.16 ( 83.78)
0: Epoch: [3][170/196]	Time  0.148 ( 0.174)	Data  0.000 ( 0.029)	Loss 1.9707e+00 (1.8320e+00)	Acc@1  27.34 ( 32.43)	Acc@5  84.38 ( 83.85)
0: Epoch: [3][180/196]	Time  0.148 ( 0.173)	Data  0.000 ( 0.028)	Loss 1.6870e+00 (1.8298e+00)	Acc@1  40.62 ( 32.55)	Acc@5  87.50 ( 83.95)
0: Epoch: [3][190/196]	Time  0.148 ( 0.171)	Data  0.000 ( 0.027)	Loss 1.9264e+00 (1.8269e+00)	Acc@1  28.12 ( 32.66)	Acc@5  82.03 ( 84.03)
0: Epoch: [3][  0/196]	Time  5.644 ( 5.644)	Data  4.501 ( 4.501)	Loss 1.8506e+00 (1.8506e+00)	Acc@1  31.25 ( 31.25)	Acc@5  83.59 ( 83.59)
0: Epoch: [3][ 10/196]	Time  0.149 ( 0.652)	Data  0.000 ( 0.415)	Loss 1.8336e+00 (1.9122e+00)	Acc@1  37.50 ( 31.32)	Acc@5  87.50 ( 83.24)
0: Epoch: [3][ 20/196]	Time  0.148 ( 0.412)	Data  0.000 ( 0.219)	Loss 1.8898e+00 (1.9132e+00)	Acc@1  32.03 ( 31.29)	Acc@5  80.47 ( 83.37)
0: Epoch: [3][ 30/196]	Time  0.148 ( 0.327)	Data  0.000 ( 0.150)	Loss 1.8042e+00 (1.9008e+00)	Acc@1  35.16 ( 30.65)	Acc@5  85.94 ( 83.47)
0: Epoch: [3][ 40/196]	Time  0.148 ( 0.283)	Data  0.000 ( 0.114)	Loss 1.8606e+00 (1.8884e+00)	Acc@1  33.59 ( 31.19)	Acc@5  82.81 ( 83.35)
0: Epoch: [3][ 50/196]	Time  0.148 ( 0.257)	Data  0.000 ( 0.092)	Loss 1.8400e+00 (1.8760e+00)	Acc@1  29.69 ( 31.51)	Acc@5  81.25 ( 83.41)
0: Epoch: [3][ 60/196]	Time  0.148 ( 0.239)	Data  0.000 ( 0.078)	Loss 1.7461e+00 (1.8716e+00)	Acc@1  28.91 ( 31.40)	Acc@5  85.94 ( 83.53)
0: Epoch: [3][ 70/196]	Time  0.147 ( 0.226)	Data  0.000 ( 0.067)	Loss 1.7715e+00 (
0: 1.8672e+00)	Acc@1  34.38 ( 31.46)	Acc@5  87.50 ( 83.52)
0: Epoch: [3][ 80/196]	Time  0.148 ( 0.216)	Data  0.000 ( 0.059)	Loss 1.8388e+00 (1.8625e+00)	Acc@1  32.81 ( 31.67)	Acc@5  83.59 ( 83.62)
0: Epoch: [3][ 90/196]	Time  0.148 ( 0.209)	Data  0.000 ( 0.053)	Loss 1.8879e+00 (1.8599e+00)	Acc@1  30.47 ( 31.75)	Acc@5  80.47 ( 83.64)
0: Epoch: [3][100/196]	Time  0.149 ( 0.203)	Data  0.000 ( 0.048)	Loss 1.7371e+00 (1.8555e+00)	Acc@1  31.25 ( 31.79)	Acc@5  89.84 ( 83.70)
0: Epoch: [3][110/196]	Time  0.148 ( 0.198)	Data  0.000 ( 0.044)	Loss 2.0121e+00 (1.8577e+00)	Acc@1  32.03 ( 31.62)	Acc@5  81.25 ( 83.59)
0: Epoch: [3][120/196]	Time  0.150 ( 0.194)	Data  0.000 ( 0.041)	Loss 1.9653e+00 (1.8560e+00)	Acc@1  25.00 ( 31.77)	Acc@5  82.03 ( 83.59)
0: Epoch: [3][130/196]	Time  0.150 ( 0.190)	Data  0.000 ( 0.038)	Loss 1.7439e+00 (1.8555e+00)	Acc@1  35.94 ( 31.72)	Acc@5  85.16 ( 83.64)
0: Epoch: [3][140/196]	Time  0.148 ( 0.188)	Data  0.000 ( 0.036)	Loss 1.8094e+00 (1.8521e+00)	Acc@1  35.94 ( 31.79)	Acc@5  84.38 ( 83.75)
0: Epoch: [3][150/196]	Tim
0: e  0.148 ( 0.185)	Data  0.000 ( 0.033)	Loss 1.6016e+00 (1.8434e+00)	Acc@1  35.16 ( 32.05)	Acc@5  91.41 ( 83.94)
0: Epoch: [3][160/196]	Time  0.147 ( 0.183)	Data  0.000 ( 0.032)	Loss 1.8497e+00 (1.8405e+00)	Acc@1  30.47 ( 32.25)	Acc@5  77.34 ( 83.89)
0: Epoch: [3][170/196]	Time  0.148 ( 0.181)	Data  0.000 ( 0.030)	Loss 1.7350e+00 (1.8349e+00)	Acc@1  35.16 ( 32.33)	Acc@5  85.16 ( 84.02)
0: Epoch: [3][180/196]	Time  0.148 ( 0.179)	Data  0.000 ( 0.028)	Loss 1.7683e+00 (1.8337e+00)	Acc@1  41.41 ( 32.48)	Acc@5  84.38 ( 84.05)
0: Epoch: [3][190/196]	Time  0.148 ( 0.177)	Data  0.000 ( 0.027)	Loss 1.9154e+00 (1.8313e+00)	Acc@1  36.72 ( 32.60)	Acc@5  84.38 ( 84.15)
0: Test: [ 0/79]	Time  2.363 ( 2.363)	Loss 1.7229e+00 (1.7229e+00)	Acc@1  35.94 ( 35.94)	Acc@5  87.50 ( 87.50)
0: Test: [10/79]	Time  0.039 ( 0.250)	Loss 1.7627e+00 (1.7414e+00)	Acc@1  32.81 ( 36.15)	Acc@5  85.94 ( 86.08)
0: Test: [20/79]	Time  0.039 ( 0.150)	Loss 1.7277e+00 (1.7279e+00)	Acc@1  37.50 ( 36.79)	Acc@5  89.06 ( 86.46)
0: Test: [30/79]	Time  0.039 ( 0.114)	Loss 1.7156e+00 (1.7210e+00)	Acc@1  35.16 ( 36.84)	Acc@5  85.16 ( 86.54)
0: Test: [40/79]	Time  0.039 ( 0.096)	Loss 1.7565e+00 (1.7252e+00)	Acc@1  37.50 ( 37.04)	Acc@5  86.72 ( 86.76)
0: Test: [50/79]	Time  0.039 ( 0.084)	Loss 1.7303e+00 (1.7256e+00)	Acc@1  41.41 ( 37.13)	Acc@5  87.50 ( 86.70)
0: Test: [60/79]	Time  0.039 ( 0.077)	Loss 1.6544e+00 (1.7255e+00)	Acc@1  47.66 ( 37.74)	Acc@5  90.62 ( 86.82)
0: Test: [70/79]	Time  0.039 ( 0.072)	Loss 1.7104e+00 (1.7312e+00)	Acc@1  36.72 ( 37.20)	Acc@5  84.38 ( 86.76)
0:  * Acc@1 37.330 Acc@5 86.810
0: Test: [ 0/79]	Time  2.377 ( 2.377)	Loss 1.7229e+00 (1.7229e+00)	Acc@1  35.94 ( 35.94)	Acc@5  87.50 ( 87.50)
0: Test: [10/79]	Time  0.039 ( 0.252)	Loss 1.7627e+00 (1.7414e+00)	Acc@1  32.81 ( 36.15)	Acc@5  85.94 ( 86.08)
0: Test: [20/79]	Time  0.040 ( 0.151)	Loss 1.7277e+00 (1.7279e+00)	Acc@1  37.50 ( 36.79)	Acc@5  89.06 ( 86.46)
0: Test: [30/79]	Time  0.039 ( 0.115)	Loss 1.7156e+00 (1.7210e+00)	Acc@1  35.16 ( 36.84)	Acc@5  85.16 ( 86.54)
0: Test: [40/79]	Time  0.039 ( 0.096)	Loss 1.7565e+00 (1.7252e+00)	Acc@1  37.50 ( 37.04)	Acc@5  86.72 ( 86.76)
0: Test: [50/79]	Time  0.039 ( 0.085)	Loss 1.7303e+00 (1.7256e+00)	Acc@1  41.41 ( 37.13)	Acc@5  87.50 ( 86.70)
0: Test: [60/79]	Time  0.039 ( 0.078)	Loss 1.6544e+00 (1.7255e+00)	Acc@1  47.66 ( 37.74)	Acc@5  90.62 ( 86.82)
0: Test: [70/79]	Time  0.039 ( 0.072)	Loss 1.7104e+00 (1.7312e+00)	Acc@1  36.72 ( 37.20)	Acc@5  84.38 ( 86.76)
0:  * Acc@1 37.330 Acc@5 86.810
0: Epoch: [4][  0/196]	Time  4.628 ( 4.628)	Data  4.508 ( 4.508)	Loss 1.8476e+00 (1.8476e+00)	Acc@1  32.03 ( 32.03)	Acc@5  81.25 ( 81.25)
0: Epoch: [4][ 10/196]	Time  0.148 ( 0.555)	Data  0.000 ( 0.413)	Loss 1.6852e+00 (1.8067e+00)	Acc@1  36.72 ( 32.74)	Acc@5  87.50 ( 84.59)
0: Epoch: [4][ 20/196]	Time  0.148 ( 0.361)	Data  0.000 ( 0.218)	Loss 1.5716e+00 (1.7417e+00)	Acc@1  44.53 ( 34.93)	Acc@5  92.19 ( 86.76)
0: Epoch: [4][ 30/196]	Time  0.148 ( 0.292)	Data  0.000 ( 0.149)	Loss 1.7636e+00 (1.7477e+00)	Acc@1  35.94 ( 35.16)	Acc@5  86.72 ( 85.86)
0: Epoch: [4][ 40/196]	Time  0.148 ( 0.257)	Data  0.000 ( 0.113)	Loss 1.6051e+00 (1.7234e+00)	Acc@1  40.62 ( 36.17)	Acc@5  87.50 ( 86.39)
0: Epoch: [4][ 50/196]	Time  0.148 ( 0.236)	Data  0.000 ( 0.092)	Loss 1.7785e+00 (1.7251e+00)	Acc@1  38.28 ( 35.98)	Acc@5  84.38 ( 86.41)
0: Epoch: [4][ 60/196]	Time  0.148 ( 0.221)	Data  0.000 ( 0.077)	Loss 1.7307e+00 (1.7219e+00)	Acc@1  35.16 ( 35.94)	Acc@5  86.72 ( 86.54)
0: Epoch: [4][ 70/196]	Time  0.148 ( 0.211)	Data  0.000 ( 0.067)	Loss 1.6228e+00 (
0: 1.7161e+00)	Acc@1  37.50 ( 36.08)	Acc@5  88.28 ( 86.61)
0: Epoch: [4][ 80/196]	Time  0.149 ( 0.203)	Data  0.000 ( 0.059)	Loss 1.7584e+00 (1.7204e+00)	Acc@1  32.03 ( 36.13)	Acc@5  80.47 ( 86.50)
0: Epoch: [4][ 90/196]	Time  0.149 ( 0.197)	Data  0.000 ( 0.053)	Loss 1.6043e+00 (1.7184e+00)	Acc@1  39.06 ( 36.43)	Acc@5  90.62 ( 86.66)
0: Epoch: [4][100/196]	Time  0.149 ( 0.193)	Data  0.000 ( 0.048)	Loss 1.7570e+00 (1.7160e+00)	Acc@1  36.72 ( 36.47)	Acc@5  84.38 ( 86.69)
0: Epoch: [4][110/196]	Time  0.148 ( 0.189)	Data  0.000 ( 0.044)	Loss 1.7566e+00 (1.7117e+00)	Acc@1  37.50 ( 36.72)	Acc@5  88.28 ( 86.80)
0: Epoch: [4][120/196]	Time  0.148 ( 0.185)	Data  0.000 ( 0.041)	Loss 1.7509e+00 (1.7068e+00)	Acc@1  38.28 ( 36.89)	Acc@5  80.47 ( 86.87)
0: Epoch: [4][130/196]	Time  0.148 ( 0.182)	Data  0.000 ( 0.038)	Loss 1.6111e+00 (1.7031e+00)	Acc@1  38.28 ( 37.12)	Acc@5  89.84 ( 87.03)
0: Epoch: [4][140/196]	Time  0.148 ( 0.180)	Data  0.000 ( 0.035)	Loss 1.6850e+00 (1.7014e+00)	Acc@1  39.06 ( 37.23)	Acc@5  86.72 ( 87.08)
0: Epoch: [4][150/196]	Tim
0: e  0.149 ( 0.178)	Data  0.000 ( 0.033)	Loss 1.6227e+00 (1.6968e+00)	Acc@1  39.06 ( 37.39)	Acc@5  87.50 ( 87.19)
0: Epoch: [4][160/196]	Time  0.149 ( 0.176)	Data  0.000 ( 0.031)	Loss 1.6515e+00 (1.6923e+00)	Acc@1  29.69 ( 37.51)	Acc@5  90.62 ( 87.36)
0: Epoch: [4][170/196]	Time  0.148 ( 0.174)	Data  0.000 ( 0.030)	Loss 1.6780e+00 (1.6939e+00)	Acc@1  38.28 ( 37.54)	Acc@5  85.16 ( 87.43)
0: Epoch: [4][180/196]	Time  0.148 ( 0.173)	Data  0.000 ( 0.028)	Loss 1.6657e+00 (1.6939e+00)	Acc@1  40.62 ( 37.56)	Acc@5  87.50 ( 87.46)
0: Epoch: [4][190/196]	Time  0.148 ( 0.172)	Data  0.000 ( 0.027)	Loss 1.5619e+00 (1.6910e+00)	Acc@1  42.97 ( 37.68)	Acc@5  90.62 ( 87.56)
0: Epoch: [4][  0/196]	Time  5.533 ( 5.533)	Data  4.465 ( 4.465)	Loss 1.8080e+00 (1.8080e+00)	Acc@1  31.25 ( 31.25)	Acc@5  85.94 ( 85.94)
0: Epoch: [4][ 10/196]	Time  0.146 ( 0.640)	Data  0.000 ( 0.412)	Loss 1.6831e+00 (1.7211e+00)	Acc@1  37.50 ( 34.73)	Acc@5  88.28 ( 86.79)
0: Epoch: [4][ 20/196]	Time  0.149 ( 0.406)	Data  0.000 ( 0.217)	Loss 1.8940e+00 (1.7407e+00)	Acc@1  35.16 ( 35.19)	Acc@5  83.59 ( 86.57)
0: Epoch: [4][ 30/196]	Time  0.147 ( 0.323)	Data  0.000 ( 0.148)	Loss 1.8158e+00 (1.7441e+00)	Acc@1  35.16 ( 35.61)	Acc@5  84.38 ( 86.42)
0: Epoch: [4][ 40/196]	Time  0.148 ( 0.280)	Data  0.000 ( 0.113)	Loss 1.6779e+00 (1.7374e+00)	Acc@1  38.28 ( 35.82)	Acc@5  87.50 ( 86.57)
0: Epoch: [4][ 50/196]	Time  0.148 ( 0.254)	Data  0.000 ( 0.091)	Loss 1.6797e+00 (1.7389e+00)	Acc@1  32.81 ( 35.74)	Acc@5  89.84 ( 86.38)
0: Epoch: [4][ 60/196]	Time  0.147 ( 0.237)	Data  0.000 ( 0.077)	Loss 1.7680e+00 (1.7332e+00)	Acc@1  34.38 ( 36.19)	Acc@5  83.59 ( 86.53)
0: Epoch: [4][ 70/196]	Time  0.148 ( 0.224)	Data  0.000 ( 0.067)	Loss 1.7286e+00 (
0: 1.7278e+00)	Acc@1  33.59 ( 36.41)	Acc@5  85.94 ( 86.73)
0: Epoch: [4][ 80/196]	Time  0.149 ( 0.215)	Data  0.000 ( 0.059)	Loss 1.7474e+00 (1.7257e+00)	Acc@1  34.38 ( 36.56)	Acc@5  82.03 ( 86.63)
0: Epoch: [4][ 90/196]	Time  0.150 ( 0.208)	Data  0.000 ( 0.053)	Loss 1.7294e+00 (1.7260e+00)	Acc@1  36.72 ( 36.74)	Acc@5  88.28 ( 86.57)
0: Epoch: [4][100/196]	Time  0.149 ( 0.202)	Data  0.000 ( 0.048)	Loss 1.8106e+00 (1.7292e+00)	Acc@1  35.16 ( 36.70)	Acc@5  84.38 ( 86.49)
0: Epoch: [4][110/196]	Time  0.148 ( 0.197)	Data  0.000 ( 0.044)	Loss 1.7859e+00 (1.7249e+00)	Acc@1  39.06 ( 36.92)	Acc@5  82.81 ( 86.58)
0: Epoch: [4][120/196]	Time  0.147 ( 0.193)	Data  0.000 ( 0.041)	Loss 1.5938e+00 (1.7247e+00)	Acc@1  42.19 ( 36.91)	Acc@5  89.06 ( 86.66)
0: Epoch: [4][130/196]	Time  0.147 ( 0.189)	Data  0.000 ( 0.038)	Loss 1.6141e+00 (1.7209e+00)	Acc@1  42.19 ( 37.11)	Acc@5  88.28 ( 86.80)
0: Epoch: [4][140/196]	Time  0.148 ( 0.186)	Data  0.000 ( 0.035)	Loss 1.5689e+00 (1.7142e+00)	Acc@1  43.75 ( 37.32)	Acc@5  89.84 ( 86.96)
0: Epoch: [4][150/196]	Tim
0: e  0.148 ( 0.184)	Data  0.000 ( 0.033)	Loss 1.6633e+00 (1.7135e+00)	Acc@1  31.25 ( 37.45)	Acc@5  89.84 ( 87.03)
0: Epoch: [4][160/196]	Time  0.149 ( 0.182)	Data  0.000 ( 0.031)	Loss 1.7599e+00 (1.7137e+00)	Acc@1  35.16 ( 37.47)	Acc@5  84.38 ( 87.00)
0: Epoch: [4][170/196]	Time  0.148 ( 0.180)	Data  0.000 ( 0.030)	Loss 1.5703e+00 (1.7097e+00)	Acc@1  37.50 ( 37.40)	Acc@5  91.41 ( 87.14)
0: Epoch: [4][180/196]	Time  0.148 ( 0.178)	Data  0.000 ( 0.028)	Loss 1.6347e+00 (1.7082e+00)	Acc@1  42.19 ( 37.47)	Acc@5  92.97 ( 87.17)
0: Epoch: [4][190/196]	Time  0.148 ( 0.176)	Data  0.000 ( 0.027)	Loss 1.5488e+00 (1.7046e+00)	Acc@1  44.53 ( 37.70)	Acc@5  90.62 ( 87.23)
0: Test: [ 0/79]	Time  2.352 ( 2.352)	Loss 1.7028e+00 (1.7028e+00)	Acc@1  41.41 ( 41.41)	Acc@5  86.72 ( 86.72)
0: Test: [10/79]	Time  0.039 ( 0.249)	Loss 1.6730e+00 (1.6793e+00)	Acc@1  38.28 ( 39.42)	Acc@5  88.28 ( 88.21)
0: Test: [20/79]	Time  0.039 ( 0.149)	Loss 1.6927e+00 (1.6553e+00)	Acc@1  37.50 ( 39.55)	Acc@5  89.84 ( 89.14)
0: Test: [30/79]	Time  0.039 ( 0.113)	Loss 1.5805e+00 (1.6342e+00)	Acc@1  46.88 ( 40.78)	Acc@5  89.84 ( 89.47)
0: Test: [40/79]	Time  0.039 ( 0.095)	Loss 1.5914e+00 (1.6340e+00)	Acc@1  38.28 ( 41.03)	Acc@5  92.97 ( 89.71)
0: Test: [50/79]	Time  0.039 ( 0.084)	Loss 1.6932e+00 (1.6392e+00)	Acc@1  35.94 ( 40.73)	Acc@5  89.84 ( 89.45)
0: Test: [60/79]	Time  0.039 ( 0.077)	Loss 1.6624e+00 (1.6473e+00)	Acc@1  46.88 ( 40.74)	Acc@5  87.50 ( 89.50)
0: Test: [70/79]	Time  0.039 ( 0.071)	Loss 1.6576e+00 (1.6556e+00)	Acc@1  42.97 ( 40.31)	Acc@5  89.06 ( 89.35)
0:  * Acc@1 40.330 Acc@5 89.120
0: Test: [ 0/79]	Time  2.335 ( 2.335)	Loss 1.7028e+00 (1.7028e+00)	Acc@1  41.41 ( 41.41)	Acc@5  86.72 ( 86.72)
0: Test: [10/79]	Time  0.039 ( 0.248)	Loss 1.6730e+00 (1.6793e+00)	Acc@1  38.28 ( 39.42)	Acc@5  88.28 ( 88.21)
0: Test: [20/79]	Time  0.039 ( 0.148)	Loss 1.6927e+00 (1.6553e+00)	Acc@1  37.50 ( 39.55)	Acc@5  89.84 ( 89.14)
0: Test: [30/79]	Time  0.039 ( 0.113)	Loss 1.5805e+00 (1.6342e+00)	Acc@1  46.88 ( 40.78)	Acc@5  89.84 ( 89.47)
0: Test: [40/79]	Time  0.039 ( 0.095)	Loss 1.5914e+00 (1.6340e+00)	Acc@1  38.28 ( 41.03)	Acc@5  92.97 ( 89.71)
0: Test: [50/79]	Time  0.039 ( 0.084)	Loss 1.6932e+00 (1.6392e+00)	Acc@1  35.94 ( 40.73)	Acc@5  89.84 ( 89.45)
0: Test: [60/79]	Time  0.039 ( 0.077)	Loss 1.6624e+00 (1.6473e+00)	Acc@1  46.88 ( 40.74)	Acc@5  87.50 ( 89.50)
0: Test: [70/79]	Time  0.039 ( 0.071)	Loss 1.6576e+00 (1.6556e+00)	Acc@1  42.97 ( 40.31)	Acc@5  89.06 ( 89.35)
0:  * Acc@1 40.330 Acc@5 89.120
0: Epoch: [5][  0/196]	Time  4.627 ( 4.627)	Data  4.508 ( 4.508)	Loss 1.7156e+00 (1.7156e+00)	Acc@1  35.94 ( 35.94)	Acc@5  89.06 ( 89.06)
0: Epoch: [5][ 10/196]	Time  0.148 ( 0.555)	Data  0.000 ( 0.413)	Loss 1.6879e+00 (1.6539e+00)	Acc@1  31.25 ( 37.86)	Acc@5  89.06 ( 89.49)
0: Epoch: [5][ 20/196]	Time  0.148 ( 0.361)	Data  0.000 ( 0.218)	Loss 1.4454e+00 (1.6433e+00)	Acc@1  49.22 ( 38.99)	Acc@5  92.97 ( 89.51)
0: Epoch: [5][ 30/196]	Time  0.148 ( 0.292)	Data  0.000 ( 0.149)	Loss 1.5748e+00 (1.6203e+00)	Acc@1  41.41 ( 40.30)	Acc@5  91.41 ( 89.92)
0: Epoch: [5][ 40/196]	Time  0.148 ( 0.257)	Data  0.000 ( 0.113)	Loss 1.5620e+00 (1.6164e+00)	Acc@1  42.97 ( 40.36)	Acc@5  90.62 ( 89.63)
0: Epoch: [5][ 50/196]	Time  0.148 ( 0.236)	Data  0.000 ( 0.092)	Loss 1.6527e+00 (1.6236e+00)	Acc@1  37.50 ( 40.04)	Acc@5  89.84 ( 89.40)
0: Epoch: [5][ 60/196]	Time  0.148 ( 0.221)	Data  0.000 ( 0.077)	Loss 1.3894e+00 (1.6240e+00)	Acc@1  49.22 ( 40.10)	Acc@5  92.19 ( 89.41)
0: Epoch: [5][ 70/196]	Time  0.148 ( 0.211)	Data  0.000 ( 0.067)	Loss 1.3894e+00 (
0: 1.6244e+00)	Acc@1  46.88 ( 40.27)	Acc@5  93.75 ( 89.44)
0: Epoch: [5][ 80/196]	Time  0.148 ( 0.203)	Data  0.000 ( 0.059)	Loss 1.5500e+00 (1.6273e+00)	Acc@1  42.97 ( 40.28)	Acc@5  90.62 ( 89.28)
0: Epoch: [5][ 90/196]	Time  0.148 ( 0.197)	Data  0.000 ( 0.053)	Loss 1.6824e+00 (1.6276e+00)	Acc@1  37.50 ( 40.18)	Acc@5  86.72 ( 89.15)
0: Epoch: [5][100/196]	Time  0.148 ( 0.192)	Data  0.000 ( 0.048)	Loss 1.6226e+00 (1.6259e+00)	Acc@1  38.28 ( 40.30)	Acc@5  93.75 ( 89.28)
0: Epoch: [5][110/196]	Time  0.148 ( 0.188)	Data  0.000 ( 0.044)	Loss 1.6447e+00 (1.6207e+00)	Acc@1  44.53 ( 40.68)	Acc@5  85.94 ( 89.26)
0: Epoch: [5][120/196]	Time  0.148 ( 0.185)	Data  0.000 ( 0.041)	Loss 1.6431e+00 (1.6214e+00)	Acc@1  41.41 ( 40.66)	Acc@5  86.72 ( 89.29)
0: Epoch: [5][130/196]	Time  0.148 ( 0.182)	Data  0.000 ( 0.038)	Loss 1.6276e+00 (1.6172e+00)	Acc@1  41.41 ( 40.71)	Acc@5  86.72 ( 89.29)
0: Epoch: [5][140/196]	Time  0.148 ( 0.179)	Data  0.000 ( 0.035)	Loss 1.6122e+00 (1.6157e+00)	Acc@1  42.19 ( 40.84)	Acc@5  89.84 ( 89.32)
0: Epoch: [5][150/196]	Tim
0: e  0.148 ( 0.177)	Data  0.000 ( 0.033)	Loss 1.7471e+00 (1.6164e+00)	Acc@1  38.28 ( 40.79)	Acc@5  84.38 ( 89.29)
0: Epoch: [5][160/196]	Time  0.148 ( 0.176)	Data  0.000 ( 0.031)	Loss 1.4838e+00 (1.6146e+00)	Acc@1  51.56 ( 40.89)	Acc@5  90.62 ( 89.27)
0: Epoch: [5][170/196]	Time  0.148 ( 0.174)	Data  0.000 ( 0.030)	Loss 1.5744e+00 (1.6138e+00)	Acc@1  43.75 ( 40.91)	Acc@5  92.19 ( 89.32)
0: Epoch: [5][180/196]	Time  0.148 ( 0.172)	Data  0.000 ( 0.028)	Loss 1.6363e+00 (1.6137e+00)	Acc@1  42.19 ( 40.91)	Acc@5  85.16 ( 89.26)
0: Epoch: [5][190/196]	Time  0.148 ( 0.171)	Data  0.000 ( 0.027)	Loss 1.5901e+00 (1.6118e+00)	Acc@1  42.19 ( 40.96)	Acc@5  87.50 ( 89.29)
0: Epoch: [5][  0/196]	Time  5.742 ( 5.742)	Data  4.461 ( 4.461)	Loss 1.6417e+00 (1.6417e+00)	Acc@1  38.28 ( 38.28)	Acc@5  89.06 ( 89.06)
0: Epoch: [5][ 10/196]	Time  0.147 ( 0.659)	Data  0.000 ( 0.411)	Loss 1.6444e+00 (1.6752e+00)	Acc@1  39.06 ( 37.22)	Acc@5  90.62 ( 88.71)
0: Epoch: [5][ 20/196]	Time  0.148 ( 0.416)	Data  0.000 ( 0.217)	Loss 1.7192e+00 (1.6718e+00)	Acc@1  36.72 ( 37.57)	Acc@5  89.84 ( 88.76)
0: Epoch: [5][ 30/196]	Time  0.148 ( 0.330)	Data  0.000 ( 0.148)	Loss 1.7711e+00 (1.6723e+00)	Acc@1  33.59 ( 38.58)	Acc@5  89.06 ( 88.26)
0: Epoch: [5][ 40/196]	Time  0.148 ( 0.285)	Data  0.000 ( 0.113)	Loss 1.5761e+00 (1.6710e+00)	Acc@1  38.28 ( 38.68)	Acc@5  92.97 ( 88.28)
0: Epoch: [5][ 50/196]	Time  0.148 ( 0.258)	Data  0.000 ( 0.091)	Loss 1.6969e+00 (1.6682e+00)	Acc@1  34.38 ( 38.80)	Acc@5  84.38 ( 88.39)
0: Epoch: [5][ 60/196]	Time  0.148 ( 0.240)	Data  0.000 ( 0.077)	Loss 1.5378e+00 (1.6565e+00)	Acc@1  40.62 ( 39.38)	Acc@5  91.41 ( 88.60)
0: Epoch: [5][ 70/196]	Time  0.147 ( 0.227)	Data  0.000 ( 0.067)	Loss 1.5255e+00 (
0: 1.6521e+00)	Acc@1  42.19 ( 39.78)	Acc@5  89.06 ( 88.51)
0: Epoch: [5][ 80/196]	Time  0.147 ( 0.217)	Data  0.000 ( 0.059)	Loss 1.6024e+00 (1.6483e+00)	Acc@1  36.72 ( 39.93)	Acc@5  89.06 ( 88.55)
0: Epoch: [5][ 90/196]	Time  0.148 ( 0.210)	Data  0.000 ( 0.053)	Loss 1.6632e+00 (1.6465e+00)	Acc@1  38.28 ( 39.98)	Acc@5  88.28 ( 88.57)
0: Epoch: [5][100/196]	Time  0.147 ( 0.203)	Data  0.000 ( 0.048)	Loss 1.7391e+00 (1.6473e+00)	Acc@1  41.41 ( 40.01)	Acc@5  85.16 ( 88.53)
0: Epoch: [5][110/196]	Time  0.149 ( 0.198)	Data  0.000 ( 0.044)	Loss 1.4915e+00 (1.6446e+00)	Acc@1  48.44 ( 40.05)	Acc@5  89.84 ( 88.60)
0: Epoch: [5][120/196]	Time  0.147 ( 0.194)	Data  0.000 ( 0.040)	Loss 1.6076e+00 (1.6443e+00)	Acc@1  46.09 ( 40.10)	Acc@5  88.28 ( 88.54)
0: Epoch: [5][130/196]	Time  0.148 ( 0.191)	Data  0.000 ( 0.038)	Loss 1.5605e+00 (1.6409e+00)	Acc@1  47.66 ( 40.18)	Acc@5  89.84 ( 88.60)
0: Epoch: [5][140/196]	Time  0.147 ( 0.188)	Data  0.000 ( 0.035)	Loss 1.6268e+00 (1.6394e+00)	Acc@1  39.06 ( 40.18)	Acc@5  88.28 ( 88.64)
0: Epoch: [5][150/196]	Tim
0: e  0.147 ( 0.185)	Data  0.000 ( 0.033)	Loss 1.5768e+00 (1.6333e+00)	Acc@1  40.62 ( 40.31)	Acc@5  91.41 ( 88.75)
0: Epoch: [5][160/196]	Time  0.148 ( 0.183)	Data  0.000 ( 0.031)	Loss 1.6200e+00 (1.6288e+00)	Acc@1  33.59 ( 40.56)	Acc@5  91.41 ( 88.81)
0: Epoch: [5][170/196]	Time  0.148 ( 0.181)	Data  0.000 ( 0.030)	Loss 1.5073e+00 (1.6254e+00)	Acc@1  41.41 ( 40.66)	Acc@5  90.62 ( 88.84)
0: Epoch: [5][180/196]	Time  0.148 ( 0.179)	Data  0.000 ( 0.028)	Loss 1.5973e+00 (1.6261e+00)	Acc@1  42.19 ( 40.68)	Acc@5  90.62 ( 88.80)
0: Epoch: [5][190/196]	Time  0.148 ( 0.177)	Data  0.000 ( 0.027)	Loss 1.6919e+00 (1.6268e+00)	Acc@1  32.03 ( 40.62)	Acc@5  88.28 ( 88.78)
0: Test: [ 0/79]	Time  2.342 ( 2.342)	Loss 1.5326e+00 (1.5326e+00)	Acc@1  42.97 ( 42.97)	Acc@5  89.84 ( 89.84)
0: Test: [10/79]	Time  0.039 ( 0.248)	Loss 1.5766e+00 (1.6009e+00)	Acc@1  42.97 ( 40.34)	Acc@5  86.72 ( 88.71)
0: Test: [20/79]	Time  0.039 ( 0.149)	Loss 1.5911e+00 (1.5792e+00)	Acc@1  39.84 ( 41.59)	Acc@5  90.62 ( 89.51)
0: Test: [30/79]	Time  0.039 ( 0.113)	Loss 1.5257e+00 (1.5582e+00)	Acc@1  46.09 ( 42.49)	Acc@5  89.06 ( 89.92)
0: Test: [40/79]	Time  0.039 ( 0.095)	Loss 1.5058e+00 (1.5598e+00)	Acc@1  46.88 ( 42.87)	Acc@5  92.97 ( 90.11)
0: Test: [50/79]	Time  0.039 ( 0.084)	Loss 1.5554e+00 (1.5631e+00)	Acc@1  45.31 ( 42.82)	Acc@5  90.62 ( 90.07)
0: Test: [60/79]	Time  0.039 ( 0.077)	Loss 1.6641e+00 (1.5713e+00)	Acc@1  52.34 ( 43.01)	Acc@5  89.84 ( 90.19)
0: Test: [70/79]	Time  0.039 ( 0.071)	Loss 1.5432e+00 (1.5762e+00)	Acc@1  43.75 ( 42.76)	Acc@5  90.62 ( 90.06)
0:  * Acc@1 42.890 Acc@5 90.040
0: Test: [ 0/79]	Time  2.355 ( 2.355)	Loss 1.5326e+00 (1.5326e+00)	Acc@1  42.97 ( 42.97)	Acc@5  89.84 ( 89.84)
0: Test: [10/79]	Time  0.039 ( 0.250)	Loss 1.5766e+00 (1.6009e+00)	Acc@1  42.97 ( 40.34)	Acc@5  86.72 ( 88.71)
0: Test: [20/79]	Time  0.039 ( 0.150)	Loss 1.5911e+00 (1.5792e+00)	Acc@1  39.84 ( 41.59)	Acc@5  90.62 ( 89.51)
0: Test: [30/79]	Time  0.039 ( 0.114)	Loss 1.5257e+00 (1.5582e+00)	Acc@1  46.09 ( 42.49)	Acc@5  89.06 ( 89.92)
0: Test: [40/79]	Time  0.039 ( 0.096)	Loss 1.5058e+00 (1.5598e+00)	Acc@1  46.88 ( 42.87)	Acc@5  92.97 ( 90.11)
0: Test: [50/79]	Time  0.039 ( 0.085)	Loss 1.5554e+00 (1.5631e+00)	Acc@1  45.31 ( 42.82)	Acc@5  90.62 ( 90.07)
0: Test: [60/79]	Time  0.039 ( 0.077)	Loss 1.6641e+00 (1.5713e+00)	Acc@1  52.34 ( 43.01)	Acc@5  89.84 ( 90.19)
0: Test: [70/79]	Time  0.039 ( 0.072)	Loss 1.5432e+00 (1.5762e+00)	Acc@1  43.75 ( 42.76)	Acc@5  90.62 ( 90.06)
0:  * Acc@1 42.890 Acc@5 90.040
0: Epoch: [6][  0/196]	Time  4.620 ( 4.620)	Data  4.502 ( 4.502)	Loss 1.5018e+00 (1.5018e+00)	Acc@1  37.50 ( 37.50)	Acc@5  93.75 ( 93.75)
0: Epoch: [6][ 10/196]	Time  0.148 ( 0.554)	Data  0.000 ( 0.412)	Loss 1.6217e+00 (1.6082e+00)	Acc@1  40.62 ( 40.34)	Acc@5  86.72 ( 88.28)
0: Epoch: [6][ 20/196]	Time  0.148 ( 0.361)	Data  0.000 ( 0.218)	Loss 1.5195e+00 (1.5830e+00)	Acc@1  48.44 ( 41.78)	Acc@5  92.19 ( 89.10)
0: Epoch: [6][ 30/196]	Time  0.148 ( 0.292)	Data  0.000 ( 0.148)	Loss 1.7955e+00 (1.5953e+00)	Acc@1  34.38 ( 41.28)	Acc@5  88.28 ( 89.19)
0: Epoch: [6][ 40/196]	Time  0.148 ( 0.257)	Data  0.000 ( 0.113)	Loss 1.7056e+00 (1.5938e+00)	Acc@1  34.38 ( 41.46)	Acc@5  89.84 ( 89.48)
0: Epoch: [6][ 50/196]	Time  0.148 ( 0.235)	Data  0.000 ( 0.092)	Loss 1.6160e+00 (1.5900e+00)	Acc@1  46.88 ( 41.90)	Acc@5  92.19 ( 89.34)
0: Epoch: [6][ 60/196]	Time  0.148 ( 0.221)	Data  0.000 ( 0.077)	Loss 1.5732e+00 (1.5899e+00)	Acc@1  42.19 ( 41.98)	Acc@5  89.84 ( 89.59)
0: Epoch: [6][ 70/196]	Time  0.150 ( 0.211)	Data  0.000 ( 0.067)	Loss 1.4865e+00 (
0: 1.5882e+00)	Acc@1  46.09 ( 42.18)	Acc@5  89.84 ( 89.56)
0: Epoch: [6][ 80/196]	Time  0.148 ( 0.203)	Data  0.000 ( 0.059)	Loss 1.5429e+00 (1.5886e+00)	Acc@1  41.41 ( 42.30)	Acc@5  88.28 ( 89.53)
0: Epoch: [6][ 90/196]	Time  0.148 ( 0.197)	Data  0.000 ( 0.053)	Loss 1.6242e+00 (1.5862e+00)	Acc@1  42.19 ( 42.23)	Acc@5  85.94 ( 89.62)
0: Epoch: [6][100/196]	Time  0.148 ( 0.192)	Data  0.000 ( 0.048)	Loss 1.5949e+00 (1.5824e+00)	Acc@1  46.88 ( 42.36)	Acc@5  85.94 ( 89.61)
0: Epoch: [6][110/196]	Time  0.148 ( 0.188)	Data  0.000 ( 0.044)	Loss 1.3899e+00 (1.5780e+00)	Acc@1  43.75 ( 42.38)	Acc@5  94.53 ( 89.73)
0: Epoch: [6][120/196]	Time  0.148 ( 0.185)	Data  0.000 ( 0.040)	Loss 1.4204e+00 (1.5730e+00)	Acc@1  50.00 ( 42.57)	Acc@5  92.97 ( 89.80)
0: Epoch: [6][130/196]	Time  0.148 ( 0.182)	Data  0.000 ( 0.038)	Loss 1.4978e+00 (1.5703e+00)	Acc@1  42.19 ( 42.54)	Acc@5  90.62 ( 89.96)
0: Epoch: [6][140/196]	Time  0.148 ( 0.179)	Data  0.000 ( 0.035)	Loss 1.6226e+00 (1.5688e+00)	Acc@1  38.28 ( 42.44)	Acc@5  86.72 ( 89.99)
0: Epoch: [6][150/196]	Tim
0: e  0.148 ( 0.177)	Data  0.000 ( 0.033)	Loss 1.4966e+00 (1.5666e+00)	Acc@1  46.09 ( 42.60)	Acc@5  93.75 ( 90.04)
0: Epoch: [6][160/196]	Time  0.147 ( 0.175)	Data  0.000 ( 0.031)	Loss 1.5155e+00 (1.5635e+00)	Acc@1  42.19 ( 42.62)	Acc@5  91.41 ( 90.14)
0: Epoch: [6][170/196]	Time  0.148 ( 0.174)	Data  0.000 ( 0.030)	Loss 1.5527e+00 (1.5617e+00)	Acc@1  42.19 ( 42.70)	Acc@5  92.19 ( 90.19)
0: Epoch: [6][180/196]	Time  0.148 ( 0.172)	Data  0.000 ( 0.028)	Loss 1.4715e+00 (1.5579e+00)	Acc@1  41.41 ( 42.83)	Acc@5  90.62 ( 90.20)
0: Epoch: [6][190/196]	Time  0.148 ( 0.171)	Data  0.000 ( 0.027)	Loss 1.5232e+00 (1.5584e+00)	Acc@1  48.44 ( 42.92)	Acc@5  89.84 ( 90.15)
0: Epoch: [6][  0/196]	Time  5.511 ( 5.511)	Data  4.469 ( 4.469)	Loss 1.5364e+00 (1.5364e+00)	Acc@1  43.75 ( 43.75)	Acc@5  86.72 ( 86.72)
0: Epoch: [6][ 10/196]	Time  0.148 ( 0.638)	Data  0.000 ( 0.412)	Loss 1.6409e+00 (1.5889e+00)	Acc@1  40.62 ( 42.33)	Acc@5  89.06 ( 89.28)
0: Epoch: [6][ 20/196]	Time  0.148 ( 0.405)	Data  0.000 ( 0.218)	Loss 1.6322e+00 (1.5713e+00)	Acc@1  36.72 ( 42.97)	Acc@5  91.41 ( 90.29)
0: Epoch: [6][ 30/196]	Time  0.148 ( 0.322)	Data  0.000 ( 0.148)	Loss 1.5817e+00 (1.5652e+00)	Acc@1  45.31 ( 43.30)	Acc@5  89.06 ( 89.92)
0: Epoch: [6][ 40/196]	Time  0.147 ( 0.279)	Data  0.000 ( 0.113)	Loss 1.6313e+00 (1.5682e+00)	Acc@1  42.97 ( 43.45)	Acc@5  89.06 ( 89.81)
0: Epoch: [6][ 50/196]	Time  0.147 ( 0.253)	Data  0.000 ( 0.092)	Loss 1.6362e+00 (1.5703e+00)	Acc@1  36.72 ( 43.14)	Acc@5  89.84 ( 89.66)
0: Epoch: [6][ 60/196]	Time  0.148 ( 0.236)	Data  0.000 ( 0.077)	Loss 1.6913e+00 (1.5759e+00)	Acc@1  38.28 ( 42.78)	Acc@5  86.72 ( 89.57)
0: Epoch: [6][ 70/196]	Time  0.147 ( 0.224)	Data  0.000 ( 0.067)	Loss 1.3812e+00 (
0: 1.5696e+00)	Acc@1  50.00 ( 42.98)	Acc@5  93.75 ( 89.92)
0: Epoch: [6][ 80/196]	Time  0.147 ( 0.214)	Data  0.000 ( 0.059)	Loss 1.6113e+00 (1.5701e+00)	Acc@1  39.84 ( 42.82)	Acc@5  89.84 ( 89.96)
0: Epoch: [6][ 90/196]	Time  0.148 ( 0.207)	Data  0.000 ( 0.053)	Loss 1.5382e+00 (1.5623e+00)	Acc@1  50.00 ( 43.24)	Acc@5  86.72 ( 89.90)
0: Epoch: [6][100/196]	Time  0.148 ( 0.201)	Data  0.000 ( 0.048)	Loss 1.4953e+00 (1.5630e+00)	Acc@1  50.00 ( 43.49)	Acc@5  89.84 ( 89.84)
0: Epoch: [6][110/196]	Time  0.148 ( 0.196)	Data  0.000 ( 0.044)	Loss 1.5292e+00 (1.5606e+00)	Acc@1  47.66 ( 43.55)	Acc@5  91.41 ( 89.76)
0: Epoch: [6][120/196]	Time  0.147 ( 0.192)	Data  0.000 ( 0.040)	Loss 1.5684e+00 (1.5602e+00)	Acc@1  42.97 ( 43.60)	Acc@5  91.41 ( 89.87)
0: Epoch: [6][130/196]	Time  0.148 ( 0.189)	Data  0.000 ( 0.038)	Loss 1.4553e+00 (1.5603e+00)	Acc@1  42.19 ( 43.54)	Acc@5  92.19 ( 89.84)
0: Epoch: [6][140/196]	Time  0.148 ( 0.186)	Data  0.000 ( 0.035)	Loss 1.5823e+00 (1.5576e+00)	Acc@1  47.66 ( 43.68)	Acc@5  89.84 ( 89.85)
0: Epoch: [6][150/196]	Tim
0: e  0.147 ( 0.183)	Data  0.000 ( 0.033)	Loss 1.5687e+00 (1.5589e+00)	Acc@1  41.41 ( 43.64)	Acc@5  87.50 ( 89.78)
0: Epoch: [6][160/196]	Time  0.147 ( 0.181)	Data  0.000 ( 0.031)	Loss 1.4914e+00 (1.5586e+00)	Acc@1  43.75 ( 43.61)	Acc@5  92.19 ( 89.84)
0: Epoch: [6][170/196]	Time  0.148 ( 0.179)	Data  0.000 ( 0.030)	Loss 1.5434e+00 (1.5580e+00)	Acc@1  45.31 ( 43.55)	Acc@5  90.62 ( 89.87)
0: Epoch: [6][180/196]	Time  0.148 ( 0.177)	Data  0.000 ( 0.028)	Loss 1.5252e+00 (1.5560e+00)	Acc@1  42.19 ( 43.74)	Acc@5  90.62 ( 89.88)
0: Epoch: [6][190/196]	Time  0.148 ( 0.176)	Data  0.000 ( 0.027)	Loss 1.4916e+00 (1.5548e+00)	Acc@1  36.72 ( 43.65)	Acc@5  95.31 ( 89.92)
0: Test: [ 0/79]	Time  2.361 ( 2.361)	Loss 1.5541e+00 (1.5541e+00)	Acc@1  40.62 ( 40.62)	Acc@5  89.06 ( 89.06)
0: Test: [10/79]	Time  0.039 ( 0.250)	Loss 1.7260e+00 (1.6252e+00)	Acc@1  33.59 ( 40.77)	Acc@5  85.16 ( 87.78)
0: Test: [20/79]	Time  0.039 ( 0.150)	Loss 1.6175e+00 (1.6261e+00)	Acc@1  45.31 ( 40.92)	Acc@5  90.62 ( 88.39)
0: Test: [30/79]	Time  0.039 ( 0.114)	Loss 1.5905e+00 (1.6133e+00)	Acc@1  46.88 ( 41.43)	Acc@5  89.06 ( 88.81)
0: Test: [40/79]	Time  0.039 ( 0.096)	Loss 1.5860e+00 (1.6127e+00)	Acc@1  40.62 ( 41.84)	Acc@5  92.97 ( 89.10)
0: Test: [50/79]	Time  0.039 ( 0.084)	Loss 1.5420e+00 (1.6197e+00)	Acc@1  42.97 ( 41.84)	Acc@5  92.19 ( 89.00)
0: Test: [60/79]	Time  0.039 ( 0.077)	Loss 1.7763e+00 (1.6255e+00)	Acc@1  35.94 ( 41.93)	Acc@5  88.28 ( 89.19)
0: Test: [70/79]	Time  0.039 ( 0.072)	Loss 1.5665e+00 (1.6273e+00)	Acc@1  46.88 ( 41.71)	Acc@5  92.97 ( 89.10)
0:  * Acc@1 41.570 Acc@5 89.250
0: Test: [ 0/79]	Time  2.362 ( 2.362)	Loss 1.5541e+00 (1.5541e+00)	Acc@1  40.62 ( 40.62)	Acc@5  89.06 ( 89.06)
0: Test: [10/79]	Time  0.039 ( 0.250)	Loss 1.7260e+00 (1.6252e+00)	Acc@1  33.59 ( 40.77)	Acc@5  85.16 ( 87.78)
0: Test: [20/79]	Time  0.039 ( 0.150)	Loss 1.6175e+00 (1.6261e+00)	Acc@1  45.31 ( 40.92)	Acc@5  90.62 ( 88.39)
0: Test: [30/79]	Time  0.039 ( 0.114)	Loss 1.5905e+00 (1.6133e+00)	Acc@1  46.88 ( 41.43)	Acc@5  89.06 ( 88.81)
0: Test: [40/79]	Time  0.040 ( 0.096)	Loss 1.5860e+00 (1.6127e+00)	Acc@1  40.62 ( 41.84)	Acc@5  92.97 ( 89.10)
0: Test: [50/79]	Time  0.039 ( 0.085)	Loss 1.5420e+00 (1.6197e+00)	Acc@1  42.97 ( 41.84)	Acc@5  92.19 ( 89.00)
0: Test: [60/79]	Time  0.039 ( 0.077)	Loss 1.7763e+00 (1.6255e+00)	Acc@1  35.94 ( 41.93)	Acc@5  88.28 ( 89.19)
0: Test: [70/79]	Time  0.039 ( 0.072)	Loss 1.5665e+00 (1.6273e+00)	Acc@1  46.88 ( 41.71)	Acc@5  92.97 ( 89.10)
0:  * Acc@1 41.570 Acc@5 89.250
