Start at Sun Feb  7 16:54:42 EET 2021
CUDA_VISIBLE_DEVICES: 0,1
Running on hosts: gpu23
Running on 1 nodes.
Running 2 tasks per node
Job id is 1090464
NUM_NODES: 1
1: Number of devices per node: 2
1: rank 1
1: => creating model 'resnet50'
1: Epoch: [0][   0/6673]	11.245376586914062	2.3864500522613525	7.116535186767578	0.0
1: Epoch: [0][   0/6673]	4.428604602813721	2.1068484783172607	7.095454216003418	0.2367424312978983
1: Epoch: [0][   0/6673]	4.047104358673096	2.058070421218872	7.134840965270996	0.19841270986944437
1: Epoch: [0][   0/6673]	3.801600456237793	1.9295798540115356	7.169454574584961	0.18481181468814611
1: Epoch: [0][   0/6673]	3.6140594482421875	1.791582465171814	7.185647964477539	0.20325204823166132
1: Epoch: [0][   0/6673]	3.7224252223968506	1.9382705688476562	7.188363075256348	0.20424837712198496
1: Epoch: [0][   0/6673]	3.790314197540283	2.020118474960327	7.183962821960449	0.18784154672175646
1: Epoch: [0][   0/6673]	3.849644184112549	2.0937583446502686	7.172483921051025	0.18339203670620918
1: Epoch: [0][   0/6673]	3.8858296871185303	2.138784885406494	7.161457538604736	0.18004114972427487
1: Epoch: [0][   0/6673]	3.923704147338867	2.1906092166900635	7.148024559020996	0.16597984358668327
1: Epoch
1: : [0][   0/6673]	3.9541773796081543	2.2268052101135254	7.140670299530029	0.1804867759346962
1: Epoch: [0][   0/6673]	3.976205825805664	2.254890203475952	7.130306243896484	0.19707204774022102
1: Epoch: [0][   0/6673]	3.996523380279541	2.2718467712402344	7.1202006340026855	0.1936983084306121
1: Epoch: [0][   0/6673]	4.022465229034424	2.2991979122161865	7.109609603881836	0.2027671318501234
1: Epoch: [0][   0/6673]	4.034457683563232	2.316133499145508	7.099640369415283	0.19577420316636562
1: Epoch: [0][   0/6673]	4.0440168380737305	2.332808017730713	7.089027404785156	0.1966059673577547
1: Epoch: [0][   0/6673]	4.055792808532715	2.3484768867492676	7.078925132751465	0.20056937355548143
1: Epoch: [0][   0/6673]	4.06308126449585	2.3607606887817383	7.0692925453186035	0.21625247318297625
1: Epoch: [0][   0/6673]	4.07422399520874	2.3749940395355225	7.059726238250732	0.22157004568725824
1: Epoch: [0][   0/6673]	4.0773844718933105	2.379517078399658	7.051512241363525	0.23723829071968794
1: Epoch: [0][   0/6673]	4.085447311401367	2.3886184692382812	7.043
1: 426513671875	0.25134747847914696
1: Epoch: [0][   0/6673]	4.084942817687988	2.3908658027648926	7.036436080932617	0.2641193103045225
1: Epoch: [0][   0/6673]	4.095223426818848	2.403407335281372	7.028747081756592	0.26630847714841366
1: Epoch: [0][   0/6673]	4.104150772094727	2.4166080951690674	7.022128105163574	0.25928933173418045
1: Epoch: [0][   0/6673]	4.104075908660889	2.4200034141540527	7.015039443969727	0.27014180086553097
1: Epoch: [0][   0/6673]	4.112147808074951	2.4286839962005615	7.007965087890625	0.26975430082529783
1: Epoch: [0][   0/6673]	4.111258029937744	2.4305105209350586	7.000957489013672	0.26340994518250227
1: Epoch: [0][   0/6673]	4.110887050628662	2.4328091144561768	6.994952201843262	0.27675272431224585
1: Epoch: [0][   0/6673]	4.10059118270874	2.4223384857177734	6.9888505935668945	0.2854388440027833
1: Epoch: [0][   0/6673]	4.068957328796387	2.3914575576782227	6.982414722442627	0.2899483544752002
1: Epoch: [0][   0/6673]	4.05170202255249	2.3750617504119873	6.976194858551025	0.29415825847536325
1: Epoch: [0][   0/6673]	4.03
1: 5347938537598	2.358660936355591	6.969801902770996	0.2964226994663477
1: Epoch: [0][   0/6673]	4.021387100219727	2.346198797225952	6.963451385498047	0.29530099127441645
1: Epoch: [0][   0/6673]	4.010017395019531	2.337106466293335	6.957355976104736	0.29267354402691126
1: Epoch: [0][   0/6673]	4.0023908615112305	2.3301093578338623	6.951267242431641	0.300891837105155
1: Epoch: [0][   0/6673]	3.9988672733306885	2.3285086154937744	6.945521831512451	0.3071579849347472
1: Epoch: [0][   0/6673]	3.9960410594940186	2.3258142471313477	6.939239501953125	0.3130769822746515
1: Epoch: [0][   0/6673]	3.9960081577301025	2.327562093734741	6.933952331542969	0.31867693178355694
1: Epoch: [0][   0/6673]	3.9946532249450684	2.3268303871154785	6.928718090057373	0.32808398827910423
1: Epoch: [0][   0/6673]	3.992823839187622	2.3256847858428955	6.923652648925781	0.33434568904340267
1: Epoch: [0][   0/6673]	3.9927098751068115	2.3245487213134766	6.917741775512695	0.3389962948858738
1: Epoch: [0][   0/6673]	3.993314743041992	2.326707601547241	6.912160873413086	0.342153
1: 36199849844
1: Epoch: [0][   0/6673]	3.997831344604492	2.3324577808380127	6.907078742980957	0.3463975852355361
1: Epoch: [0][   0/6673]	3.999018907546997	2.334712505340576	6.901997089385986	0.34923641942441463
1: Epoch: [0][   0/6673]	4.001681804656982	2.337831974029541	6.896557331085205	0.3554895520210266
1: Epoch: [0][   0/6673]	4.004523277282715	2.3414604663848877	6.891928672790527	0.36262026987969875
1: Epoch: [0][   0/6673]	4.004127502441406	2.3418924808502197	6.886471748352051	0.3750905627384782
1: Epoch: [0][   0/6673]	4.0063066482543945	2.344557285308838	6.881960391998291	0.3826080821454525
1: Epoch: [0][   0/6673]	4.009792327880859	2.3495938777923584	6.877317428588867	0.3876474453136325
1: Epoch: [0][   0/6673]	4.00885534286499	2.3497514724731445	6.87232780456543	0.3977852873504162
1: Epoch: [0][   0/6673]	4.009008407592773	2.3488409519195557	6.86754035949707	0.3992017824202776
1: Epoch: [0][   0/6673]	4.011147499084473	2.3508288860321045	6.8636579513549805	0.40056281723082066
1: Epoch: [0][   0/6673]	4.0107245445251465	2.3515157699
1: 58496	6.858922958374023	0.40886932983994484
1: Epoch: [0][   0/6673]	4.013432502746582	2.353454351425171	6.854278564453125	0.41686296463012695
1: Epoch: [0][   0/6673]	4.012670516967773	2.3538928031921387	6.849808692932129	0.41974750347435474
1: Epoch: [0][   0/6673]	4.014767169952393	2.3567254543304443	6.844904899597168	0.4300893750041723
1: Epoch: [0][   0/6673]	4.014878749847412	2.3574557304382324	6.839874744415283	0.43634893372654915
1: Epoch: [0][   0/6673]	4.017818450927734	2.3602423667907715	6.835226058959961	0.4460378084331751
1: Epoch: [0][   0/6673]	4.019999980926514	2.363053798675537	6.830984592437744	0.4455322865396738
1: Epoch: [0][   0/6673]	4.019985198974609	2.363936424255371	6.826532363891602	0.45121279545128345
1: Epoch: [0][   0/6673]	4.020350933074951	2.3646633625030518	6.82246208190918	0.4549711011350155
1: Epoch: [0][   0/6673]	4.0207085609436035	2.365412950515747	6.818192481994629	0.4586063325405121
1: Epoch: [0][   0/6673]	4.021456241607666	2.367351531982422	6.813896656036377	0.4596083424985409
1: Epoch: [0][   0/6673]
1: 	4.022110462188721	2.368729829788208	6.809686183929443	0.4647056572139263
1: Epoch: [0][   0/6673]	4.024286270141602	2.3716609477996826	6.8054890632629395	0.46639377251267433
1: Epoch: [0][   0/6673]	4.025150775909424	2.371567964553833	6.801436901092529	0.473630428314209
1: Epoch: [0][   0/6673]	4.025054931640625	2.3722853660583496	6.7974090576171875	0.48143602907657623
1: Epoch: [0][   0/6673]	4.024238109588623	2.372023820877075	6.7939453125	0.4866804461926222
1: Epoch: [0][   0/6673]	4.025240898132324	2.3732447624206543	6.790194034576416	0.4894763696938753
1: Epoch: [0][   0/6673]	4.024271488189697	2.372925281524658	6.786582946777344	0.4974675830453634
1: Epoch: [0][   0/6673]	4.025637149810791	2.374234199523926	6.782897472381592	0.5037448368966579
1: Epoch: [0][   0/6673]	4.0249481201171875	2.374074697494507	6.7790703773498535	0.5032526329159737
1: Epoch: [0][   0/6673]	4.024918079376221	2.374588966369629	6.775203704833984	0.507830735296011
1: Epoch: [0][   0/6673]	4.02554178237915	2.3755922317504883	6.771832466125488	0.516558531671762
1: 5
1: Epoch: [0][   0/6673]	4.027377128601074	2.3778035640716553	6.767788410186768	0.5201306659728289
1: Epoch: [0][   0/6673]	4.025857448577881	2.3770484924316406	6.763305187225342	0.529849249869585
1: Epoch: [0][   0/6673]	4.026108264923096	2.3773598670959473	6.759141445159912	0.5386281292885542
1: Epoch: [0][   0/6673]	4.026973247528076	2.378105401992798	6.755393028259277	0.5417749751359224
1: Epoch: [0][   0/6673]	4.026950359344482	2.378208637237549	6.751092433929443	0.5481756757944822
1: Epoch: [0][   0/6673]	4.028160572052002	2.3797249794006348	6.746988296508789	0.5544144194573164
1: Epoch: [0][   0/6673]	4.027075290679932	2.379242181777954	6.74345064163208	0.5572464317083359
1: Epoch: [0][   0/6673]	4.028863906860352	2.3807170391082764	6.740032196044922	0.5625773686915636
1: Epoch: [0][   0/6673]	4.028783321380615	2.3796591758728027	6.736177444458008	0.5684128496795893
1: Epoch: [0][   0/6673]	4.029101371765137	2.3798282146453857	6.73323917388916	0.5703472997993231
1: Epoch: [0][   0/6673]	4.029245376586914	2.380066394805908	6.72938919
1: 0673828	0.5771901924163103
0: Number of devices per node: 2
0: rank 0
0: => creating model 'resnet50'
0: Epoch: [0][   0/6673]	11.22400188446045	2.2221896648406982	7.116535186767578	0.0
0: Epoch: [0][   0/6673]	4.425600051879883	2.1000401973724365	7.095454216003418	0.2367424312978983
0: Epoch: [0][   0/6673]	4.045935153961182	2.0418314933776855	7.134840965270996	0.19841270986944437
0: Epoch: [0][   0/6673]	3.800710678100586	1.921034574508667	7.169454574584961	0.18481181468814611
0: Epoch: [0][   0/6673]	3.6132571697235107	1.8040151596069336	7.185647964477539	0.20325204823166132
0: Epoch: [0][   0/6673]	3.7220163345336914	1.9462409019470215	7.188363075256348	0.20424837712198496
0: Epoch: [0][   0/6673]	3.7899770736694336	2.0412447452545166	7.183962821960449	0.18784154672175646
0: Epoch: [0][   0/6673]	3.849336862564087	2.1174066066741943	7.172483921051025	0.18339203670620918
0: Epoch: [0][   0/6673]	3.885566234588623	2.1664297580718994	7.161457538604736	0.18004114972427487
0: Epoch: [0][   0/6673]	3.923408269882202	2.214407444000244	7.148024559020996	0.16597984358668327
0: Epoc
0: h: [0][   0/6673]	3.9539713859558105	2.244720697402954	7.140670299530029	0.1804867759346962
0: Epoch: [0][   0/6673]	3.9760279655456543	2.2773590087890625	7.130306243896484	0.19707204774022102
0: Epoch: [0][   0/6673]	3.9963579177856445	2.304225444793701	7.1202006340026855	0.1936983084306121
0: Epoch: [0][   0/6673]	4.022220611572266	2.3346498012542725	7.109609603881836	0.2027671318501234
0: Epoch: [0][   0/6673]	4.034317970275879	2.3474137783050537	7.099640369415283	0.19577420316636562
0: Epoch: [0][   0/6673]	4.043827056884766	2.35688853263855	7.089027404785156	0.1966059673577547
0: Epoch: [0][   0/6673]	4.0556511878967285	2.368664026260376	7.078925132751465	0.20056937355548143
0: Epoch: [0][   0/6673]	4.062963485717773	2.37880539894104	7.0692925453186035	0.21625247318297625
0: Epoch: [0][   0/6673]	4.0741190910339355	2.388359785079956	7.059726238250732	0.22157004568725824
0: Epoch: [0][   0/6673]	4.077269077301025	2.3952794075012207	7.051512241363525	0.23723829071968794
0: Epoch: [0][   0/6673]	4.085350036621094	2.407562255859375	7.043
0: 426513671875	0.25134747847914696
0: Epoch: [0][   0/6673]	4.0848541259765625	2.4086828231811523	7.036436080932617	0.2641193103045225
0: Epoch: [0][   0/6673]	4.095132827758789	2.4208743572235107	7.028747081756592	0.26630847714841366
0: Epoch: [0][   0/6673]	4.104036331176758	2.4280853271484375	7.022128105163574	0.25928933173418045
0: Epoch: [0][   0/6673]	4.104001522064209	2.430729389190674	7.015039443969727	0.27014180086553097
0: Epoch: [0][   0/6673]	4.112020015716553	2.436722993850708	7.007965087890625	0.26975430082529783
0: Epoch: [0][   0/6673]	4.111133098602295	2.436493158340454	7.000957489013672	0.26340994518250227
0: Epoch: [0][   0/6673]	4.110778331756592	2.4366800785064697	6.994952201843262	0.27675272431224585
0: Epoch: [0][   0/6673]	4.1005144119262695	2.4258944988250732	6.9888505935668945	0.2854388440027833
0: Epoch: [0][   0/6673]	4.0688796043396	2.396869659423828	6.982414722442627	0.2899483544752002
0: Epoch: [0][   0/6673]	4.051672458648682	2.3780672550201416	6.976194858551025	0.29415825847536325
0: Epoch: [0][   0/6673]	4.035
0: 288333892822	2.3619399070739746	6.969801902770996	0.2964226994663477
0: Epoch: [0][   0/6673]	4.0213165283203125	2.3475735187530518	6.963451385498047	0.29530099127441645
0: Epoch: [0][   0/6673]	4.009947776794434	2.336446523666382	6.957355976104736	0.29267354402691126
0: Epoch: [0][   0/6673]	4.002326011657715	2.3299732208251953	6.951267242431641	0.300891837105155
0: Epoch: [0][   0/6673]	3.998783588409424	2.32716703414917	6.945521831512451	0.3071579849347472
0: Epoch: [0][   0/6673]	3.995985507965088	2.3253798484802246	6.939239501953125	0.3130769822746515
0: Epoch: [0][   0/6673]	3.9959702491760254	2.324439287185669	6.933952331542969	0.31867693178355694
0: Epoch: [0][   0/6673]	3.99458909034729	2.3237173557281494	6.928718090057373	0.32808398827910423
0: Epoch: [0][   0/6673]	3.9927940368652344	2.32283353805542	6.923652648925781	0.33434568904340267
0: Epoch: [0][   0/6673]	3.9926626682281494	2.324117422103882	6.917741775512695	0.3389962948858738
0: Epoch: [0][   0/6673]	3.9932618141174316	2.3258495330810547	6.912160873413086	0.34215336199
0: 849844
0: Epoch: [0][   0/6673]	3.9977834224700928	2.3303439617156982	6.907078742980957	0.3463975852355361
0: Epoch: [0][   0/6673]	3.998973846435547	2.33272385597229	6.901997089385986	0.34923641942441463
0: Epoch: [0][   0/6673]	4.001633167266846	2.3352527618408203	6.896557331085205	0.3554895520210266
0: Epoch: [0][   0/6673]	4.004446029663086	2.3372466564178467	6.891928672790527	0.36262026987969875
0: Epoch: [0][   0/6673]	4.004065036773682	2.338520050048828	6.886471748352051	0.3750905627384782
0: Epoch: [0][   0/6673]	4.006256103515625	2.341966152191162	6.881960391998291	0.3826080821454525
0: Epoch: [0][   0/6673]	4.009772300720215	2.3443121910095215	6.877317428588867	0.3876474453136325
0: Epoch: [0][   0/6673]	4.008810520172119	2.3436970710754395	6.87232780456543	0.3977852873504162
0: Epoch: [0][   0/6673]	4.00897216796875	2.3453316688537598	6.86754035949707	0.3992017824202776
0: Epoch: [0][   0/6673]	4.011088848114014	2.348083972930908	6.8636579513549805	0.40056281723082066
0: Epoch: [0][   0/6673]	4.010682106018066	2.3474180698394775	6
0: .858922958374023	0.40886932983994484
0: Epoch: [0][   0/6673]	4.013396739959717	2.349850654602051	6.854278564453125	0.41686296463012695
0: Epoch: [0][   0/6673]	4.01261568069458	2.348252534866333	6.849808692932129	0.41974750347435474
0: Epoch: [0][   0/6673]	4.014736175537109	2.350658655166626	6.844904899597168	0.4300893750041723
0: Epoch: [0][   0/6673]	4.014848709106445	2.3509011268615723	6.839874744415283	0.43634893372654915
0: Epoch: [0][   0/6673]	4.01777458190918	2.354278087615967	6.835226058959961	0.4460378084331751
0: Epoch: [0][   0/6673]	4.019967079162598	2.3574845790863037	6.830984592437744	0.4455322865396738
0: Epoch: [0][   0/6673]	4.019932746887207	2.35646915435791	6.826532363891602	0.45121279545128345
0: Epoch: [0][   0/6673]	4.020317077636719	2.3570754528045654	6.82246208190918	0.4549711011350155
0: Epoch: [0][   0/6673]	4.020660400390625	2.3576574325561523	6.818192481994629	0.4586063325405121
0: Epoch: [0][   0/6673]	4.021419048309326	2.3571431636810303	6.813896656036377	0.4596083424985409
0: Epoch: [0][   0/6673]	4.02207422
0: 2564697	2.3575429916381836	6.809686183929443	0.4647056572139263
0: Epoch: [0][   0/6673]	4.024255752563477	2.360377311706543	6.8054890632629395	0.46639377251267433
0: Epoch: [0][   0/6673]	4.025123119354248	2.3623151779174805	6.801436901092529	0.473630428314209
0: Epoch: [0][   0/6673]	4.025022029876709	2.3619801998138428	6.7974090576171875	0.48143602907657623
0: Epoch: [0][   0/6673]	4.0242109298706055	2.3618431091308594	6.7939453125	0.4866804461926222
0: Epoch: [0][   0/6673]	4.025207042694092	2.3630895614624023	6.790194034576416	0.4894763696938753
0: Epoch: [0][   0/6673]	4.024234771728516	2.362535238265991	6.786582946777344	0.4974675830453634
0: Epoch: [0][   0/6673]	4.025611877441406	2.3635876178741455	6.782897472381592	0.5037448368966579
0: Epoch: [0][   0/6673]	4.024912357330322	2.3631629943847656	6.7790703773498535	0.5032526329159737
0: Epoch: [0][   0/6673]	4.024873733520508	2.3623764514923096	6.775203704833984	0.507830735296011
0: Epoch: [0][   0/6673]	4.025506496429443	2.3635759353637695	6.771832466125488	0.5165585316717625
0: Epo
0: ch: [0][   0/6673]	4.027346611022949	2.36553955078125	6.767788410186768	0.5201306659728289
0: Epoch: [0][   0/6673]	4.025826454162598	2.3637216091156006	6.763305187225342	0.529849249869585
0: Epoch: [0][   0/6673]	4.026083469390869	2.3641228675842285	6.759141445159912	0.5386281292885542
0: Epoch: [0][   0/6673]	4.026942729949951	2.365009307861328	6.755393028259277	0.5417749751359224
0: Epoch: [0][   0/6673]	4.026917457580566	2.3649537563323975	6.751092433929443	0.5481756757944822
0: Epoch: [0][   0/6673]	4.028120517730713	2.366611957550049	6.746988296508789	0.5544144194573164
0: Epoch: [0][   0/6673]	4.027052879333496	2.365710496902466	6.74345064163208	0.5572464317083359
0: Epoch: [0][   0/6673]	4.028841018676758	2.367544412612915	6.740032196044922	0.5625773686915636
0: Epoch: [0][   0/6673]	4.028749942779541	2.3681817054748535	6.736177444458008	0.5684128496795893
0: Epoch: [0][   0/6673]	4.029088497161865	2.3689520359039307	6.73323917388916	0.5703472997993231
0: Epoch: [0][   0/6673]	4.029225826263428	2.3694732189178467	6.729389190673828
0: 	0.5771901924163103
1: 
1: Epoch: [0][   0/6673]	4.0279927253723145	2.378758430480957	6.726105213165283	0.5795880686491728
1: Epoch: [0][   0/6673]	4.02875280380249	2.3802199363708496	6.722418785095215	0.5885843653231859
1: Epoch: [0][   0/6673]	4.028670310974121	2.3801934719085693	6.718591213226318	0.5949822254478931
1: Epoch: [0][   0/6673]	4.02830171585083	2.378777503967285	6.715195178985596	0.6006436422467232
1: Epoch: [0][   0/6673]	4.0282769203186035	2.378817081451416	6.710908889770508	0.6137771066278219
1: Epoch: [0][   0/6673]	4.027626037597656	2.3781380653381348	6.707095146179199	0.6208383943885565
1: Epoch: [0][   0/6673]	4.028680324554443	2.3790905475616455	6.703754901885986	0.623170891776681
1: Epoch: [0][   0/6673]	4.029792785644531	2.3807015419006348	6.700375080108643	0.6282803136855364
1: Epoch: [0][   0/6673]	4.030780792236328	2.3818418979644775	6.69672155380249	0.6360771600157022
1: Epoch: [0][   0/6673]	4.0338544845581055	2.384376049041748	6.693425178527832	0.6426013074815273
1: Epoch: [0][   0/6673]	4.048946857452393	2.397205352783203	6.68985652
1: 923584	0.6522742100059986
1: Epoch: [0][   0/6673]	4.068127632141113	2.415816307067871	6.686765193939209	0.6547002587467432
1: Epoch: [0][   0/6673]	4.103759288787842	2.4521782398223877	6.683220386505127	0.6592218298465014
1: Epoch: [0][   0/6673]	4.160848617553711	2.5050783157348633	6.6794891357421875	0.6647131405770779
1: Epoch: [0][   0/6673]	4.223648548126221	2.562422752380371	6.676007270812988	0.6711446214467287
1: Epoch: [0][   0/6673]	4.284634113311768	2.6162848472595215	6.672787666320801	0.6753664929419756
1: Epoch: [0][   0/6673]	4.3477983474731445	2.673379898071289	6.669334411621094	0.6836261600255966
1: Epoch: [0][   0/6673]	4.406040668487549	2.7205803394317627	6.665928363800049	0.6896834820508957
1: Epoch: [0][   0/6673]	4.462592601776123	2.775052070617676	6.662543773651123	0.6961285602301359
1: Epoch: [0][   0/6673]	4.512590408325195	2.8231568336486816	6.658866882324219	0.7029500789940357
1: Epoch: [0][   0/6673]	4.571338653564453	2.8785531520843506	6.655534744262695	0.7111284881830215
1: Epoch: [0][   0/6673]	4.617771148681641	
1: 2.9242537021636963	6.651890754699707	0.7211162708699703
1: Epoch: [0][   0/6673]	4.667065143585205	2.974285364151001	6.648430347442627	0.7270270492881536
1: Epoch: [0][   0/6673]	4.7193169593811035	3.025160551071167	6.6449384689331055	0.7357193622738123
1: Epoch: [0][   0/6673]	4.75949239730835	3.0634686946868896	6.641859531402588	0.7418652530759573
1: Epoch: [0][   0/6673]	4.806244373321533	3.107146978378296	6.638523101806641	0.750737963244319
1: Epoch: [0][   0/6673]	4.85002326965332	3.148385524749756	6.63515043258667	0.7575757801532745
1: Epoch: [0][   0/6673]	4.891826152801514	3.1888275146484375	6.631826877593994	0.7619685027748346
1: Epoch: [0][   0/6673]	4.929830551147461	3.227207899093628	6.628639221191406	0.7672044914215803
1: Epoch: [0][   0/6673]	4.958494663238525	3.2558767795562744	6.62520170211792	0.7760005071759224
1: Epoch: [0][   0/6673]	4.989130973815918	3.2873029708862305	6.621792793273926	0.7819287478923798
1: Epoch: [0][   0/6673]	5.020223617553711	3.317753314971924	6.618648052215576	0.7837172597646713
1: Epoch: [0][   0/6
1: 673]	5.049411773681641	3.3435842990875244	6.615128517150879	0.7868095301091671
1: Epoch: [0][   0/6673]	5.0762739181518555	3.3695380687713623	6.611856460571289	0.7986697368323803
1: Epoch: [0][   0/6673]	5.101595878601074	3.3927767276763916	6.608562469482422	0.8059576153755188
1: Epoch: [0][   0/6673]	5.126226902008057	3.417722702026367	6.605375289916992	0.811389647424221
1: Epoch: [0][   0/6673]	5.15209436416626	3.4427647590637207	6.602390289306641	0.8145813830196857
1: Epoch: [0][   0/6673]	5.172249794006348	3.4622607231140137	6.598886966705322	0.8207069709897041
1: Epoch: [0][   0/6673]	5.197432041168213	3.486628770828247	6.595742225646973	0.829271599650383
1: Epoch: [0][   0/6673]	5.2255024909973145	3.515002965927124	6.592494487762451	0.8389570750296116
1: Epoch: [0][   0/6673]	5.2533745765686035	3.5409305095672607	6.5890278816223145	0.8476551622152328
1: Epoch: [0][   0/6673]	5.281127452850342	3.5650668144226074	6.5857415199279785	0.8537370711565018
1: Epoch: [0][   0/6673]	5.284945487976074	3.5688204765319824	6.582215785980225	0.860
1: 133022069931
1: Epoch: [0][   0/6673]	5.299853324890137	3.582131862640381	6.578536510467529	0.8660225197672844
1: Epoch: [0][   0/6673]	5.325993537902832	3.6069464683532715	6.575559139251709	0.8710138499736786
1: Epoch: [0][   0/6673]	5.3592610359191895	3.6394131183624268	6.572230339050293	0.8795315399765968
1: Epoch: [0][   0/6673]	5.383450984954834	3.6636219024658203	6.5688605308532715	0.8887139149010181
1: Epoch: [0][   0/6673]	5.4045796394348145	3.6833155155181885	6.565620422363281	0.8965744636952877
1: Epoch: [0][   0/6673]	5.416457176208496	3.694246530532837	6.561985015869141	0.9023603983223438
1: Epoch: [0][   0/6673]	5.439253330230713	3.7146284580230713	6.559064865112305	0.9065063670277596
1: Epoch: [0][   0/6673]	5.449063301086426	3.7250373363494873	6.55573034286499	0.9144460782408714
1: Epoch: [0][   0/6673]	5.47291898727417	3.7486696243286133	6.55267858505249	0.920738372951746
1: Epoch: [0][   0/6673]	5.497881889343262	3.7702767848968506	6.549504280090332	0.9288382716476917
1: Epoch: [0][   0/6673]	5.51257848739624	3.7850968837738
1: 037	6.546310901641846	0.9405924938619137
1: Epoch: [0][   0/6673]	5.520458698272705	3.791779041290283	6.542999744415283	0.9521776810288429
1: Epoch: [0][   0/6673]	5.52311372756958	3.7934625148773193	6.5399980545043945	0.9606232866644859
1: Epoch: [0][   0/6673]	5.527011871337891	3.7969179153442383	6.536879539489746	0.9648887440562248
1: Epoch: [0][   0/6673]	5.533230781555176	3.8031349182128906	6.533763408660889	0.9727595373988152
1: Epoch: [0][   0/6673]	5.538139343261719	3.807861566543579	6.53035306930542	0.98161231726408
1: Epoch: [0][   0/6673]	5.539122104644775	3.8088388442993164	6.527420520782471	0.9892579168081284
1: Epoch: [0][   0/6673]	5.534025192260742	3.8042047023773193	6.524289608001709	0.9960801340639591
1: Epoch: [0][   0/6673]	5.528355598449707	3.7991020679473877	6.521023273468018	1.003521867096424
1: Epoch: [0][   0/6673]	5.544525623321533	3.8153181076049805	6.517938137054443	1.0133410803973675
1: Epoch: [0][   0/6673]	5.56369686126709	3.8326830863952637	6.51507043838501	1.023379247635603
1: Epoch: [0][   0/6673]	5.57467746
1: 7346191	3.8427093029022217	6.5121846199035645	1.03258416056633
1: Epoch: [0][   0/6673]	5.577002048492432	3.845047950744629	6.5091753005981445	1.0381966829299927
1: Epoch: [0][   0/6673]	5.562405586242676	3.8311989307403564	6.506017684936523	1.0458029806613922
1: Epoch: [0][   0/6673]	5.548398494720459	3.8175041675567627	6.50271463394165	1.059130486100912
1: Epoch: [0][   0/6673]	5.535331726074219	3.8053789138793945	6.499501705169678	1.0675213299691677
1: Epoch: [0][   0/6673]	5.519924640655518	3.790276288986206	6.496565341949463	1.0717473924160004
1: Epoch: [0][   0/6673]	5.505341053009033	3.7764110565185547	6.493444442749023	1.0802842676639557
1: Epoch: [0][   0/6673]	5.493545055389404	3.764712333679199	6.490364074707031	1.0897128842771053
1: Epoch: [0][   0/6673]	5.480848789215088	3.752516508102417	6.487440586090088	1.095705945044756
1: Epoch: [0][   0/6673]	5.467206954956055	3.739605665206909	6.484408378601074	1.1026117019355297
1: Epoch: [0][   0/6673]	5.4594807624816895	3.7314136028289795	6.481475353240967	1.1104128323495388
1: Epoch: 
1: [0][   0/6673]	5.451550006866455	3.723818778991699	6.4783453941345215	1.1174657382071018
1: Epoch: [0][   0/6673]	5.445321559906006	3.7184431552886963	6.475351333618164	1.1247544549405575
1: Epoch: [0][   0/6673]	5.439722537994385	3.711588144302368	6.472294330596924	1.1309893801808357
1: Epoch: [0][   0/6673]	5.430393218994141	3.702864646911621	6.469372749328613	1.1397026479244232
1: Epoch: [0][   0/6673]	5.418706893920898	3.691467046737671	6.466595649719238	1.14291375502944
1: Epoch: [0][   0/6673]	5.404599189758301	3.6780004501342773	6.4638590812683105	1.1489251628518105
1: Epoch: [0][   0/6673]	5.393375396728516	3.6672427654266357	6.460731029510498	1.1583135463297367
1: Epoch: [0][   0/6673]	5.381786823272705	3.6561126708984375	6.457769870758057	1.1654078029096127
1: Epoch: [0][   0/6673]	5.369157314300537	3.64361310005188	6.4548821449279785	1.1761355213820934
1: Epoch: [0][   0/6673]	5.357029914855957	3.6320180892944336	6.451845169067383	1.183348335325718
1: Epoch: [0][   0/6673]	5.343885898590088	3.6193034648895264	6.4489521980285645
1: 	1.1910886503756046
0: 
0: Epoch: [0][   0/6673]	4.027966499328613	2.3686580657958984	6.726105213165283	0.5795880686491728
0: Epoch: [0][   0/6673]	4.0287184715271	2.3696231842041016	6.722418785095215	0.5885843653231859
0: Epoch: [0][   0/6673]	4.0286455154418945	2.370027542114258	6.718591213226318	0.5949822254478931
0: Epoch: [0][   0/6673]	4.028283596038818	2.3703765869140625	6.715195178985596	0.6006436422467232
0: Epoch: [0][   0/6673]	4.028257846832275	2.3707540035247803	6.710908889770508	0.6137771066278219
0: Epoch: [0][   0/6673]	4.027606010437012	2.370159387588501	6.707095146179199	0.6208383943885565
0: Epoch: [0][   0/6673]	4.028657913208008	2.371068000793457	6.703754901885986	0.623170891776681
0: Epoch: [0][   0/6673]	4.029768943786621	2.3721415996551514	6.700375080108643	0.6282803136855364
0: Epoch: [0][   0/6673]	4.030749320983887	2.373291015625	6.69672155380249	0.6360771600157022
0: Epoch: [0][   0/6673]	4.033834457397461	2.377030849456787	6.693425178527832	0.6426013074815273
0: Epoch: [0][   0/6673]	4.048925876617432	2.3923399448394775	6.6898565292358
0: 4	0.6522742100059986
0: Epoch: [0][   0/6673]	4.06810998916626	2.4095451831817627	6.686765193939209	0.6547002587467432
0: Epoch: [0][   0/6673]	4.103742599487305	2.4384992122650146	6.683220386505127	0.6592218298465014
0: Epoch: [0][   0/6673]	4.160830020904541	2.4934332370758057	6.6794891357421875	0.6647131405770779
0: Epoch: [0][   0/6673]	4.223626613616943	2.5532386302948	6.676007270812988	0.6711446214467287
0: Epoch: [0][   0/6673]	4.284610748291016	2.611041307449341	6.672787666320801	0.6753664929419756
0: Epoch: [0][   0/6673]	4.347779750823975	2.67217755317688	6.669334411621094	0.6836261600255966
0: Epoch: [0][   0/6673]	4.406030654907227	2.730804443359375	6.665928363800049	0.6896834820508957
0: Epoch: [0][   0/6673]	4.4625749588012695	2.7825865745544434	6.662543773651123	0.6961285602301359
0: Epoch: [0][   0/6673]	4.512575149536133	2.8299295902252197	6.658866882324219	0.7029500789940357
0: Epoch: [0][   0/6673]	4.571320533752441	2.8809776306152344	6.655534744262695	0.7111284881830215
0: Epoch: [0][   0/6673]	4.617753028869629	2.9247717
0: 85736084	6.651890754699707	0.7211162708699703
0: Epoch: [0][   0/6673]	4.667047500610352	2.9706246852874756	6.648430347442627	0.7270270492881536
0: Epoch: [0][   0/6673]	4.719298839569092	3.0181939601898193	6.6449384689331055	0.7357193622738123
0: Epoch: [0][   0/6673]	4.759477615356445	3.0555028915405273	6.641859531402588	0.7418652530759573
0: Epoch: [0][   0/6673]	4.806227207183838	3.101497173309326	6.638523101806641	0.750737963244319
0: Epoch: [0][   0/6673]	4.850008964538574	3.1437089443206787	6.63515043258667	0.7575757801532745
0: Epoch: [0][   0/6673]	4.891811847686768	3.183345079421997	6.631826877593994	0.7619685027748346
0: Epoch: [0][   0/6673]	4.929805278778076	3.2163288593292236	6.628639221191406	0.7672044914215803
0: Epoch: [0][   0/6673]	4.958482265472412	3.2425665855407715	6.62520170211792	0.7760005071759224
0: Epoch: [0][   0/6673]	4.9891157150268555	3.2685158252716064	6.621792793273926	0.7819287478923798
0: Epoch: [0][   0/6673]	5.02020788192749	3.2954516410827637	6.618648052215576	0.7837172597646713
0: Epoch: [0][   0/6673]	
0: 5.049399375915527	3.3234972953796387	6.615128517150879	0.7868095301091671
0: Epoch: [0][   0/6673]	5.076259136199951	3.3468258380889893	6.611856460571289	0.7986697368323803
0: Epoch: [0][   0/6673]	5.101578235626221	3.371819496154785	6.608562469482422	0.8059576153755188
0: Epoch: [0][   0/6673]	5.126215934753418	3.3958799839019775	6.605375289916992	0.811389647424221
0: Epoch: [0][   0/6673]	5.152073383331299	3.4207358360290527	6.602390289306641	0.8145813830196857
0: Epoch: [0][   0/6673]	5.17222785949707	3.4408702850341797	6.598886966705322	0.8207069709897041
0: Epoch: [0][   0/6673]	5.197421073913574	3.4642109870910645	6.595742225646973	0.829271599650383
0: Epoch: [0][   0/6673]	5.225495338439941	3.4905240535736084	6.592494487762451	0.8389570750296116
0: Epoch: [0][   0/6673]	5.25336217880249	3.5158848762512207	6.5890278816223145	0.8476551622152328
0: Epoch: [0][   0/6673]	5.2811150550842285	3.542656183242798	6.5857415199279785	0.8537370711565018
0: Epoch: [0][   0/6673]	5.28493595123291	3.5467724800109863	6.582215785980225	0.86013302206
0: 9931
0: Epoch: [0][   0/6673]	5.299844264984131	3.560939073562622	6.578536510467529	0.8660225197672844
0: Epoch: [0][   0/6673]	5.325982570648193	3.5871942043304443	6.575559139251709	0.8710138499736786
0: Epoch: [0][   0/6673]	5.359250068664551	3.6169190406799316	6.572230339050293	0.8795315399765968
0: Epoch: [0][   0/6673]	5.38344144821167	3.638462543487549	6.5688605308532715	0.8887139149010181
0: Epoch: [0][   0/6673]	5.404568195343018	3.658867359161377	6.565620422363281	0.8965744636952877
0: Epoch: [0][   0/6673]	5.416446685791016	3.6713249683380127	6.561985015869141	0.9023603983223438
0: Epoch: [0][   0/6673]	5.439234733581543	3.6938297748565674	6.559064865112305	0.9065063670277596
0: Epoch: [0][   0/6673]	5.449052333831787	3.7031683921813965	6.55573034286499	0.9144460782408714
0: Epoch: [0][   0/6673]	5.472904682159424	3.7246222496032715	6.55267858505249	0.920738372951746
0: Epoch: [0][   0/6673]	5.497870445251465	3.7498607635498047	6.549504280090332	0.9288382716476917
0: Epoch: [0][   0/6673]	5.512568950653076	3.764045000076294	6.54631
0: 0901641846	0.9405924938619137
0: Epoch: [0][   0/6673]	5.5204386711120605	3.7720744609832764	6.542999744415283	0.9521776810288429
0: Epoch: [0][   0/6673]	5.523098945617676	3.775463819503784	6.5399980545043945	0.9606232866644859
0: Epoch: [0][   0/6673]	5.52700138092041	3.7793893814086914	6.536879539489746	0.9648887440562248
0: Epoch: [0][   0/6673]	5.533218860626221	3.785675048828125	6.533763408660889	0.9727595373988152
0: Epoch: [0][   0/6673]	5.538125514984131	3.791210412979126	6.53035306930542	0.98161231726408
0: Epoch: [0][   0/6673]	5.5391082763671875	3.7928030490875244	6.527420520782471	0.9892579168081284
0: Epoch: [0][   0/6673]	5.53400993347168	3.7883377075195312	6.524289608001709	0.9960801340639591
0: Epoch: [0][   0/6673]	5.528343200683594	3.7831592559814453	6.521023273468018	1.003521867096424
0: Epoch: [0][   0/6673]	5.54451322555542	3.7982864379882812	6.517938137054443	1.0133410803973675
0: Epoch: [0][   0/6673]	5.563685417175293	3.8164477348327637	6.51507043838501	1.023379247635603
0: Epoch: [0][   0/6673]	5.574666976928711	3.8
0: 27282428741455	6.5121846199035645	1.03258416056633
0: Epoch: [0][   0/6673]	5.576992511749268	3.830109119415283	6.5091753005981445	1.0381966829299927
0: Epoch: [0][   0/6673]	5.5623979568481445	3.815920114517212	6.506017684936523	1.0458029806613922
0: Epoch: [0][   0/6673]	5.5483856201171875	3.8029725551605225	6.50271463394165	1.059130486100912
0: Epoch: [0][   0/6673]	5.535320281982422	3.790593147277832	6.499501705169678	1.0675213299691677
0: Epoch: [0][   0/6673]	5.519912242889404	3.776190757751465	6.496565341949463	1.0717473924160004
0: Epoch: [0][   0/6673]	5.5053300857543945	3.762521505355835	6.493444442749023	1.0802842676639557
0: Epoch: [0][   0/6673]	5.493533134460449	3.750709056854248	6.490364074707031	1.0897128842771053
0: Epoch: [0][   0/6673]	5.4808349609375	3.7384228706359863	6.487440586090088	1.095705945044756
0: Epoch: [0][   0/6673]	5.467193603515625	3.724730968475342	6.484408378601074	1.1026117019355297
0: Epoch: [0][   0/6673]	5.45946741104126	3.717292547225952	6.481475353240967	1.1104128323495388
0: Epoch: [0][   0/6673]	5
0: .451530933380127	3.709681987762451	6.4783453941345215	1.1174657382071018
0: Epoch: [0][   0/6673]	5.445312023162842	3.7037699222564697	6.475351333618164	1.1247544549405575
0: Epoch: [0][   0/6673]	5.439708709716797	3.698498010635376	6.472294330596924	1.1309893801808357
0: Epoch: [0][   0/6673]	5.430384635925293	3.6893961429595947	6.469372749328613	1.1397026479244232
0: Epoch: [0][   0/6673]	5.418694972991943	3.6786632537841797	6.466595649719238	1.14291375502944
0: Epoch: [0][   0/6673]	5.4045915603637695	3.6653943061828613	6.4638590812683105	1.1489251628518105
0: Epoch: [0][   0/6673]	5.393365383148193	3.6540796756744385	6.460731029510498	1.1583135463297367
0: Epoch: [0][   0/6673]	5.381776809692383	3.643336057662964	6.457769870758057	1.1654078029096127
0: Epoch: [0][   0/6673]	5.369147777557373	3.6310479640960693	6.4548821449279785	1.1761355213820934
0: Epoch: [0][   0/6673]	5.357017517089844	3.6191041469573975	6.451845169067383	1.183348335325718
0: Epoch: [0][   0/6673]	5.343876361846924	3.6067044734954834	6.4489521980285645	1.191088650
0: 3756046
