Start at Sun Feb  7 20:53:59 EET 2021
CUDA_VISIBLE_DEVICES: 0,1
Running on hosts: gpu[18-19]
Running on 2 nodes.
Running 2 tasks per node
Job id is 1090465
NUM_NODES: 2
2: Number of devices per node: 2
3: Number of devices per node: 2
0: Number of devices per node: 2
1: Number of devices per node: 2
1: rank 1
3: rank 3
3: 
0: rank 0
2: rank 2
2: => creating model 'resnet50'
3: => creating model 'resnet50'
0: => creating model 'resnet50'
1: => creating model 'resnet50'
2: Epoch: [0][   0/3337]	17.786617279052734	8.820655822753906	7.071767330169678	0.2604166744276881
0: Epoch: [0][   0/3337]	17.74627685546875	8.411226272583008	7.071767330169678	0.2604166744276881
0: 
3: Epoch: [0][   0/3337]	17.786697387695312	8.820657730102539	7.071767330169678	0.2604166744276881
1: Epoch: [0][   0/3337]	17.793155670166016	8.451122283935547	7.071767330169678	0.2604166744276881
0: Epoch: [0][   0/3337]	10.006367683410645	7.2257771492004395	7.025323867797852	0.09469697251915932
2: Epoch: [0][   0/3337]	10.010087966918945	7.411474227905273	7.025323867797852	0.09469697251915932
3: Epoch: [0][   0/3337]	10.010087966918945	7.195098876953125	7.025323867797852	0.09469697251915932
1: Epoch: [0][   0/3337]	10.01065444946289	7.174267292022705	7.025323867797852	0.09469697251915932
2: Epoch: [0][   0/3337]	9.170649528503418	6.8294358253479	7.037251949310303	0.08680556202307343
0: Epoch: [0][   0/3337]	9.168750762939453	6.809580326080322	7.037251949310303	0.08680556202307343
3: Epoch: [0][   0/3337]	9.170680046081543	6.705658912658691	7.037251949310303	0.08680556202307343
1: Epoch: [0][   0/3337]	9.170902252197266	6.711374759674072	7.037251949310303	0.08680556202307343
0: Epoch: [0][   0/3337]	9.448186874389648	7.068064212799072	7.047967910766602	0.12600807240232825
3: Epoch: [0][   0/3337]	9.449503898620605	7.140366554260254	7.047967910766602	0.12600807240232825
2: Epoch: [0][   0/3337]	9.449516296386719	7.161940574645996	7.047967910766602	0.12600807240232825
1: Epoch: [0][   0/3337]	9.449641227722168	7.013581275939941	7.047967910766602	0.12600807240232825
0: Epoch: [0][   0/3337]	10.205484390258789	7.803940773010254	7.053915023803711	0.12703252723440528
2: Epoch: [0][   0/3337]	10.20646858215332	7.79818058013916	7.053915023803711	0.12703252723440528
3: Epoch: [0][   0/3337]	10.206477165222168	7.830896854400635	7.053915023803711	0.12703252723440528
1: Epoch: [0][   0/3337]	10.206561088562012	7.587857246398926	7.053915023803711	0.12703252723440528
0: Epoch: [0][   0/3337]	11.168706893920898	8.809799194335938	7.052977085113525	0.11233660625293851
2: Epoch: [0][   0/3337]	11.169498443603516	8.715777397155762	7.052977085113525	0.11233660625293851
3: Epoch: [0][   0/3337]	11.169500350952148	8.739581108093262	7.052977085113525	0.11233660625293851
1: Epoch: [0][   0/3337]	11.16956615447998	8.627448081970215	7.052977085113525	0.11233660625293851
2: Epoch: [0][   0/3337]	11.723848342895508	9.239768981933594	7.0503830909729	0.1323428936302662
3: Epoch: [0][   0/3337]	11.72385311126709	9.352046966552734	7.0503830909729	0.1323428936302662
0: Epoch: [0][   0/3337]	11.723201751708984	9.299973487854004	7.0503830909729	0.1323428936302662
1: Epoch: [0][   0/3337]	11.723912239074707	9.192400932312012	7.0503830909729	0.1323428936302662
0: Epoch: [0][   0/3337]	12.045815467834473	9.551827430725098	7.047248840332031	0.13937792973592877
3: Epoch: [0][   0/3337]	12.046384811401367	9.698918342590332	7.047248840332031	0.13937792973592877
2: Epoch: [0][   0/3337]	12.046417236328125	9.589919090270996	7.047248840332031	0.13937792973592877
1: Epoch: [0][   0/3337]	12.04643440246582	9.486817359924316	7.047248840332031	0.13937792973592877
0: Epoch: [0][   0/3337]	12.256943702697754	9.728222846984863	7.042440414428711	0.13503084192052484
2: Epoch: [0][   0/3337]	12.257437705993652	9.796808242797852	7.042440414428711	0.13503084192052484
3: Epoch: [0][   0/3337]	12.257444381713867	9.887471199035645	7.042440414428711	0.13503084192052484
1: Epoch: [0][   0/3337]	12.257490158081055	9.655689239501953	7.042440414428711	0.13503084192052484
0: Epoch: [0][   0/3337]	12.119104385375977	9.621976852416992	7.036691665649414	0.13450089609250426
2: Epoch: [0][   0/3337]	12.119545936584473	9.67747974395752	7.036691665649414	0.13450089609250426
3: Epoch: [0][   0/3337]	12.119550704956055	9.78563117980957	7.036691665649414	0.13450089609250426
1: Epoch: [0][   0/3337]	12.11962890625	9.5650634765625	7.036691665649414	0.13450089609250426
2: Epoch: [0][   0/3337]	12.029993057250977	9.527600288391113	7.03184700012207	0.1340758870355785
3: Epoch: [0][   0/3337]	12.029995918273926	9.703128814697266	7.03184700012207	0.1340758870355785
0: Epoch: [0][   0/3337]	12.029644966125488	9.551810264587402	7.03184700012207	0.1340758870355785
1: Epoch: [0][   0/3337]	12.030048370361328	9.48878002166748	7.03184700012207	0.1340758870355785
3: Epoch: [0][   0/3337]	11.877073287963867	9.577313423156738	7.027878761291504	0.14545796439051628
2: Epoch: [0][   0/3337]	11.87707805633545	9.417083740234375	7.027878761291504	0.14545796439051628
1: Epoch: [0][   0/3337]	11.877090454101562	9.367055892944336	7.027878761291504	0.14545796439051628
0: Epoch: [0][   0/3337]	11.876736640930176	9.44420051574707	7.027878761291504	0.14545796439051628
2: Epoch: [0][   0/3337]	11.575437545776367	9.155779838562012	7.021842002868652	0.1592630986124277
3: Epoch: [0][   0/3337]	11.575440406799316	9.290586471557617	7.021842002868652	0.1592630986124277
0: Epoch: [0][   0/3337]	11.575154304504395	9.168554306030273	7.021842002868652	0.1592630986124277
1: Epoch: [0][   0/3337]	11.575486183166504	9.104023933410645	7.021842002868652	0.1592630986124277
0: Epoch: [0][   0/3337]	11.326638221740723	8.952493667602539	7.014923572540283	0.16499683260917664
2: Epoch: [0][   0/3337]	11.326942443847656	8.942333221435547	7.014923572540283	0.16499683260917664
3: Epoch: [0][   0/3337]	11.326942443847656	9.055519104003906	7.014923572540283	0.16499683260917664
1: Epoch: [0][   0/3337]	11.326985359191895	8.899090766906738	7.014923572540283	0.16499683260917664
2: Epoch: [0][   0/3337]	11.243541717529297	8.839655876159668	7.010276794433594	0.16622343100607395
3: Epoch: [0][   0/3337]	11.243544578552246	8.97668170928955	7.010276794433594	0.16622343100607395
1: Epoch: [0][   0/3337]	11.243574142456055	8.8193359375	7.010276794433594	0.16622343100607395
0: Epoch: [0][   0/3337]	11.243300437927246	8.887378692626953	7.010276794433594	0.16622343100607395
0: Epoch: [0][   0/3337]	11.052083015441895	8.716601371765137	7.004526138305664	0.1793598523363471
2: Epoch: [0][   0/3337]	11.052346229553223	8.666472434997559	7.004526138305664	0.1793598523363471
3: Epoch: [0][   0/3337]	11.052352905273438	8.799579620361328	7.004526138305664	0.1793598523363471
1: Epoch: [0][   0/3337]	11.052389144897461	8.64437484741211	7.004526138305664	0.1793598523363471
0: Epoch: [0][   0/3337]	10.861844062805176	8.534762382507324	6.997340202331543	0.1940994174219668
2: Epoch: [0][   0/3337]	10.862104415893555	8.506640434265137	6.997340202331543	0.1940994174219668
3: Epoch: [0][   0/3337]	10.862144470214844	8.62950325012207	6.997340202331543	0.1940994174219668
1: Epoch: [0][   0/3337]	10.86215877532959	8.474932670593262	6.997340202331543	0.1940994174219668
2: Epoch: [0][   0/3337]	10.787575721740723	8.441247940063477	6.991702079772949	0.19036310259252787
3: Epoch: [0][   0/3337]	10.787582397460938	8.57441520690918	6.991702079772949	0.19036310259252787
0: Epoch: [0][   0/3337]	10.787349700927734	8.461453437805176	6.991702079772949	0.19036310259252787
0: 
1: Epoch: [0][   0/3337]	10.787613868713379	8.395157814025879	6.991702079772949	0.19036310259252787
0: Epoch: [0][   0/3337]	10.633522987365723	8.329522132873535	6.985260009765625	0.2014273079112172
3: Epoch: [0][   0/3337]	10.633745193481445	8.432526588439941	6.985260009765625	0.2014273079112172
2: Epoch: [0][   0/3337]	10.633745193481445	8.316699981689453	6.985260009765625	0.2014273079112172
1: Epoch: [0][   0/3337]	10.633770942687988	8.256282806396484	6.985260009765625	0.2014273079112172
3: Epoch: [0][   0/3337]	10.48853588104248	8.297346115112305	6.979336738586426	0.20451571326702833
0: Epoch: [0][   0/3337]	10.488335609436035	8.200645446777344	6.979336738586426	0.20451571326702833
2: Epoch: [0][   0/3337]	10.488541603088379	8.199188232421875	6.979336738586426	0.20451571326702833
1: Epoch: [0][   0/3337]	10.488551139831543	8.121477127075195	6.979336738586426	0.20451571326702833
0: Epoch: [0][   0/3337]	10.44665813446045	8.151180267333984	6.97329044342041	0.20729685202240944
2: Epoch: [0][   0/3337]	10.446852684020996	8.154508590698242	6.97329044342041	0.20729685202240944
3: Epoch: [0][   0/3337]	10.446856498718262	8.253690719604492	6.97329044342041	0.20729685202240944
1: Epoch: [0][   0/3337]	10.446878433227539	8.078958511352539	6.97329044342041	0.20729685202240944
0: Epoch: [0][   0/3337]	10.325850486755371	8.050498962402344	6.966346263885498	0.22339061833918095
2: Epoch: [0][   0/3337]	10.326035499572754	8.054673194885254	6.966346263885498	0.22339061833918095
3: Epoch: [0][   0/3337]	10.326041221618652	8.135326385498047	6.966346263885498	0.22339061833918095
1: Epoch: [0][   0/3337]	10.326065063476562	7.983528137207031	6.966346263885498	0.22339061833918095
2: Epoch: [0][   0/3337]	10.212576866149902	7.960967540740967	6.960132598876953	0.23567124735563993
0: Epoch: [0][   0/3337]	10.212401390075684	7.954346656799316	6.960132598876953	0.23567124735563993
3: Epoch: [0][   0/3337]	10.212578773498535	8.041871070861816	6.960132598876953	0.23567124735563993
1: Epoch: [0][   0/3337]	10.212593078613281	7.890113353729248	6.960132598876953	0.23567124735563993
0: Epoch: [0][   0/3337]	10.144939422607422	7.894270420074463	6.954052448272705	0.25027061346918344
2: Epoch: [0][   0/3337]	10.14510726928711	7.895745277404785	6.954052448272705	0.25027061346918344
3: Epoch: [0][   0/3337]	10.145108222961426	7.974599838256836	6.954052448272705	0.25027061346918344
1: Epoch: [0][   0/3337]	10.145145416259766	7.827008247375488	6.954052448272705	0.25027061346918344
2: Epoch: [0][   0/3337]	10.122982025146484	7.890687465667725	6.948251247406006	0.257175019942224
3: Epoch: [0][   0/3337]	10.122986793518066	7.945535659790039	6.948251247406006	0.257175019942224
0: Epoch: [0][   0/3337]	10.122838973999023	7.867180347442627	6.948251247406006	0.257175019942224
1: Epoch: [0][   0/3337]	10.12302303314209	7.7971954345703125	6.948251247406006	0.257175019942224
0: Epoch: [0][   0/3337]	10.16957950592041	7.925561428070068	6.941619396209717	0.2645667875185609
3: Epoch: [0][   0/3337]	10.169733047485352	7.985916614532471	6.941619396209717	0.2645667875185609
2: Epoch: [0][   0/3337]	10.169743537902832	7.922477722167969	6.941619396209717	0.2645667875185609
1: Epoch: [0][   0/3337]	10.169757843017578	7.831515789031982	6.941619396209717	0.2645667875185609
0: Epoch: [0][   0/3337]	10.200593948364258	7.955472946166992	6.935136795043945	0.2753832144662738
2: Epoch: [0][   0/3337]	10.200743675231934	7.936901569366455	6.935136795043945	0.2753832144662738
3: Epoch: [0][   0/3337]	10.200743675231934	8.001737594604492	6.935136795043945	0.2753832144662738
1: Epoch: [0][   0/3337]	10.200762748718262	7.870126724243164	6.935136795043945	0.2753832144662738
0: Epoch: [0][   0/3337]	10.189903259277344	7.9394612312316895	6.927952289581299	0.2921279752627015
2: Epoch: [0][   0/3337]	10.190048217773438	7.934906482696533	6.927952289581299	0.2921279752627015
3: Epoch: [0][   0/3337]	10.190049171447754	7.99033784866333	6.927952289581299	0.2921279752627015
1: Epoch: [0][   0/3337]	10.190065383911133	7.869129657745361	6.927952289581299	0.2921279752627015
0: Epoch: [0][   0/3337]	10.230542182922363	7.962369441986084	6.920591354370117	0.2993401838466525
3: Epoch: [0][   0/3337]	10.23067855834961	8.010514259338379	6.920591354370117	0.2993401838466525
2: Epoch: [0][   0/3337]	10.230700492858887	7.983691215515137	6.920591354370117	0.2993401838466525
1: Epoch: [0][   0/3337]	10.230701446533203	7.9078450202941895	6.920591354370117	0.2993401838466525
0: Epoch: [0][   0/3337]	10.239399909973145	7.972923278808594	6.913046360015869	0.31411086674779654
0: 
3: Epoch: [0][   0/3337]	10.239530563354492	8.019990921020508	6.913046360015869	0.31411086674779654
2: Epoch: [0][   0/3337]	10.239532470703125	7.991725444793701	6.913046360015869	0.31411086674779654
1: Epoch: [0][   0/3337]	10.239564895629883	7.914721965789795	6.913046360015869	0.31411086674779654
0: Epoch: [0][   0/3337]	10.236429214477539	7.9683356285095215	6.906240463256836	0.32876525074243546
2: Epoch: [0][   0/3337]	10.236557960510254	7.975824356079102	6.906240463256836	0.32876525074243546
3: Epoch: [0][   0/3337]	10.236557960510254	8.004354476928711	6.906240463256836	0.32876525074243546
1: Epoch: [0][   0/3337]	10.236573219299316	7.927313327789307	6.906240463256836	0.32876525074243546
2: Epoch: [0][   0/3337]	10.223711967468262	7.9654154777526855	6.899753093719482	0.33577841240912676
0: Epoch: [0][   0/3337]	10.223589897155762	7.963464260101318	6.899753093719482	0.33577841240912676
3: Epoch: [0][   0/3337]	10.223712921142578	7.998293399810791	6.899753093719482	0.33577841240912676
1: Epoch: [0][   0/3337]	10.22374153137207	7.925839900970459	6.899753093719482	0.33577841240912676
2: Epoch: [0][   0/3337]	10.120943069458008	7.8719682693481445	6.892670154571533	0.3585799364373088
0: Epoch: [0][   0/3337]	10.120824813842773	7.867269515991211	6.892670154571533	0.3585799364373088
3: Epoch: [0][   0/3337]	10.12094497680664	7.906752586364746	6.892670154571533	0.3585799364373088
1: Epoch: [0][   0/3337]	10.120973587036133	7.83370304107666	6.892670154571533	0.3585799364373088
0: Epoch: [0][   0/3337]	10.076957702636719	7.825375080108643	6.886476039886475	0.36898916587233543
3: Epoch: [0][   0/3337]	10.077073097229004	7.865873336791992	6.886476039886475	0.36898916587233543
2: Epoch: [0][   0/3337]	10.077075958251953	7.827280521392822	6.886476039886475	0.36898916587233543
1: Epoch: [0][   0/3337]	10.07708740234375	7.796560764312744	6.886476039886475	0.36898916587233543
2: Epoch: [0][   0/3337]	10.083951950073242	7.822148323059082	6.880863666534424	0.3734421217814088
0: Epoch: [0][   0/3337]	10.083841323852539	7.846522331237793	6.880863666534424	0.3734421217814088
3: Epoch: [0][   0/3337]	10.083952903747559	7.873819351196289	6.880863666534424	0.3734421217814088
1: Epoch: [0][   0/3337]	10.083971977233887	7.803559303283691	6.880863666534424	0.3734421217814088
0: Epoch: [0][   0/3337]	10.00981330871582	7.780688762664795	6.874846458435059	0.3828347660601139
2: Epoch: [0][   0/3337]	10.009923934936523	7.758755207061768	6.874846458435059	0.3828347660601139
3: Epoch: [0][   0/3337]	10.009921073913574	7.804476737976074	6.874846458435059	0.3828347660601139
1: Epoch: [0][   0/3337]	10.009934425354004	7.738349437713623	6.874846458435059	0.3828347660601139
3: Epoch: [0][   0/3337]	9.963153839111328	7.764326572418213	6.868760585784912	0.3859360469505191
2: Epoch: [0][   0/3337]	9.96315860748291	7.71663236618042	6.868760585784912	0.3859360469505191
0: Epoch: [0][   0/3337]	9.963050842285156	7.732334136962891	6.868760585784912	0.3859360469505191
0: 
1: Epoch: [0][   0/3337]	9.963171005249023	7.703704357147217	6.868760585784912	0.3859360469505191
2: Epoch: [0][   0/3337]	9.938614845275879	7.692811012268066	6.862317085266113	0.3958894871175289
3: Epoch: [0][   0/3337]	9.938612937927246	7.7440714836120605	6.862317085266113	0.3958894871175289
0: Epoch: [0][   0/3337]	9.938520431518555	7.712345600128174	6.862317085266113	0.3958894871175289
1: Epoch: [0][   0/3337]	9.938634872436523	7.683803081512451	6.862317085266113	0.3958894871175289
0: Epoch: [0][   0/3337]	9.907638549804688	7.688986778259277	6.855180263519287	0.4107884597033262
2: Epoch: [0][   0/3337]	9.907743453979492	7.660245895385742	6.855180263519287	0.4107884597033262
3: Epoch: [0][   0/3337]	9.907740592956543	7.716364860534668	6.855180263519287	0.4107884597033262
1: Epoch: [0][   0/3337]	9.907752990722656	7.646366596221924	6.855180263519287	0.4107884597033262
0: Epoch: [0][   0/3337]	9.874344825744629	7.658741474151611	6.848913192749023	0.4195971414446831
2: Epoch: [0][   0/3337]	9.874445915222168	7.632540225982666	6.848913192749023	0.4195971414446831
3: Epoch: [0][   0/3337]	9.874443054199219	7.686806678771973	6.848913192749023	0.4195971414446831
1: Epoch: [0][   0/3337]	9.874457359313965	7.618435859680176	6.848913192749023	0.4195971414446831
0: Epoch: [0][   0/3337]	9.87995433807373	7.649284362792969	6.842695713043213	0.42861588299274445
2: Epoch: [0][   0/3337]	9.880051612854004	7.638535022735596	6.842695713043213	0.42861588299274445
3: Epoch: [0][   0/3337]	9.880051612854004	7.683478832244873	6.842695713043213	0.42861588299274445
1: Epoch: [0][   0/3337]	9.880070686340332	7.6270647048950195	6.842695713043213	0.42861588299274445
2: Epoch: [0][   0/3337]	9.832195281982422	7.601081848144531	6.836857795715332	0.4333940800279379
0: Epoch: [0][   0/3337]	9.832100868225098	7.605416297912598	6.836857795715332	0.4333940800279379
3: Epoch: [0][   0/3337]	9.832194328308105	7.642565727233887	6.836857795715332	0.4333940800279379
1: Epoch: [0][   0/3337]	9.83221435546875	7.588281631469727	6.836857795715332	0.4333940800279379
0: Epoch: [0][   0/3337]	9.775936126708984	7.5565056800842285	6.831331729888916	0.4410380497574806
3: Epoch: [0][   0/3337]	9.77602767944336	7.5967698097229	6.831331729888916	0.4410380497574806
2: Epoch: [0][   0/3337]	9.776032447814941	7.546194076538086	6.831331729888916	0.4410380497574806
1: Epoch: [0][   0/3337]	9.776046752929688	7.539657115936279	6.831331729888916	0.4410380497574806
0: Epoch: [0][   0/3337]	9.767724990844727	7.547073841094971	6.826042652130127	0.44470210559666157
2: Epoch: [0][   0/3337]	9.767815589904785	7.54177188873291	6.826042652130127	0.44470210559666157
3: Epoch: [0][   0/3337]	9.767815589904785	7.590414047241211	6.826042652130127	0.44470210559666157
1: Epoch: [0][   0/3337]	9.767827033996582	7.537434101104736	6.826042652130127	0.44470210559666157
0: Epoch: [0][   0/3337]	9.697336196899414	7.484471797943115	6.820524215698242	0.4517430439591408
2: Epoch: [0][   0/3337]	9.69742202758789	7.480289459228516	6.820524215698242	0.4517430439591408
3: Epoch: [0][   0/3337]	9.697418212890625	7.529580116271973	6.820524215698242	0.4517430439591408
1: Epoch: [0][   0/3337]	9.697439193725586	7.474829196929932	6.820524215698242	0.4517430439591408
0: Epoch: [0][   0/3337]	9.62775993347168	7.426002502441406	6.813992023468018	0.4625136964023113
2: Epoch: [0][   0/3337]	9.627843856811523	7.420905590057373	6.813992023468018	0.4625136964023113
3: Epoch: [0][   0/3337]	9.627840042114258	7.468369007110596	6.813992023468018	0.4625136964023113
1: Epoch: [0][   0/3337]	9.627859115600586	7.413222312927246	6.813992023468018	0.4625136964023113
0: Epoch: [0][   0/3337]	9.563119888305664	7.369145393371582	6.808558464050293	0.4705574829131365
2: Epoch: [0][   0/3337]	9.563201904296875	7.3652191162109375	6.808558464050293	0.4705574829131365
3: Epoch: [0][   0/3337]	9.563199043273926	7.412816524505615	6.808558464050293	0.4705574829131365
1: Epoch: [0][   0/3337]	9.563215255737305	7.356092929840088	6.808558464050293	0.4705574829131365
2: Epoch: [0][   0/3337]	9.497623443603516	7.305659770965576	6.803157329559326	0.47660102136433125
0: Epoch: [0][   0/3337]	9.49754524230957	7.312340259552002	6.803157329559326	0.47660102136433125
3: Epoch: [0][   0/3337]	9.497621536254883	7.350323677062988	6.803157329559326	0.47660102136433125
1: Epoch: [0][   0/3337]	9.497631072998047	7.299447536468506	6.803157329559326	0.47660102136433125
0: Epoch: [0][   0/3337]	9.561467170715332	7.377697944641113	6.797720432281494	0.48889010213315487
2: Epoch: [0][   0/3337]	9.561545372009277	7.361766338348389	6.797720432281494	0.48889010213315487
3: Epoch: [0][   0/3337]	9.561543464660645	7.405063152313232	6.797720432281494	0.48889010213315487
1: Epoch: [0][   0/3337]	9.56155776977539	7.356619834899902	6.797720432281494	0.48889010213315487
0: Epoch: [0][   0/3337]	9.603414535522461	7.414468765258789	6.791906833648682	0.5001482088118792
2: Epoch: [0][   0/3337]	9.603492736816406	7.404193878173828	6.791906833648682	0.5001482088118792
3: Epoch: [0][   0/3337]	9.603490829467773	7.443151950836182	6.791906833648682	0.5001482088118792
1: Epoch: [0][   0/3337]	9.603500366210938	7.397818088531494	6.791906833648682	0.5001482088118792
0: Epoch: [0][   0/3337]	9.620471000671387	7.432563304901123	6.78627347946167	0.5093976389616728
2: Epoch: [0][   0/3337]	9.620545387268066	7.429389476776123	6.78627347946167	0.5093976389616728
3: Epoch: [0][   0/3337]	9.620543479919434	7.455134391784668	6.78627347946167	0.5093976389616728
1: Epoch: [0][   0/3337]	9.620556831359863	7.416119575500488	6.78627347946167	0.5093976389616728
2: Epoch: [0][   0/3337]	9.629432678222656	7.440974235534668	6.780592441558838	0.5213427357375622
0: Epoch: [0][   0/3337]	9.629359245300293	7.441150665283203	6.780592441558838	0.5213427357375622
3: Epoch: [0][   0/3337]	9.629430770874023	7.468800067901611	6.780592441558838	0.5213427357375622
1: Epoch: [0][   0/3337]	9.629446983337402	7.425098896026611	6.780592441558838	0.5213427357375622
0: Epoch: [0][   0/3337]	9.614520072937012	7.428828716278076	6.7746453285217285	0.5368279758840799
2: Epoch: [0][   0/3337]	9.614593505859375	7.4301910400390625	6.7746453285217285	0.5368279758840799
3: Epoch: [0][   0/3337]	9.614590644836426	7.4555559158325195	6.7746453285217285	0.5368279758840799
1: Epoch: [0][   0/3337]	9.614603996276855	7.413674354553223	6.7746453285217285	0.5368279758840799
2: Epoch: [0][   0/3337]	9.652239799499512	7.45734167098999	6.769253253936768	0.5448640789836645
0: Epoch: [0][   0/3337]	9.652168273925781	7.469683647155762	6.769253253936768	0.5448640789836645
3: Epoch: [0][   0/3337]	9.652237892150879	7.488301753997803	6.769253253936768	0.5448640789836645
1: Epoch: [0][   0/3337]	9.652253150939941	7.445117473602295	6.769253253936768	0.5448640789836645
0: Epoch: [0][   0/3337]	9.764668464660645	7.573663711547852	6.763594627380371	0.554047105833888
3: Epoch: [0][   0/3337]	9.764737129211426	7.58735990524292	6.763594627380371	0.554047105833888
2: Epoch: [0][   0/3337]	9.76474380493164	7.554401874542236	6.763594627380371	0.554047105833888
1: Epoch: [0][   0/3337]	9.764745712280273	7.541956424713135	6.763594627380371	0.554047105833888
0: Epoch: [0][   0/3337]	9.829926490783691	7.6347503662109375	6.758115291595459	0.5671504884958267
2: Epoch: [0][   0/3337]	9.829997062683105	7.619982719421387	6.758115291595459	0.5671504884958267
3: Epoch: [0][   0/3337]	9.829994201660156	7.656017780303955	6.758115291595459	0.5671504884958267
1: Epoch: [0][   0/3337]	9.829998970031738	7.597973346710205	6.758115291595459	0.5671504884958267
2: Epoch: [0][   0/3337]	9.825882911682129	7.622251987457275	6.752745628356934	0.5783940199762583
0: Epoch: [0][   0/3337]	9.825814247131348	7.631092548370361	6.752745628356934	0.5783940199762583
3: Epoch: [0][   0/3337]	9.825879096984863	7.6530442237854	6.752745628356934	0.5783940199762583
1: Epoch: [0][   0/3337]	9.825892448425293	7.591192722320557	6.752745628356934	0.5783940199762583
0: Epoch: [0][   0/3337]	9.808530807495117	7.618763446807861	6.74737548828125	0.5878755822777748
3: Epoch: [0][   0/3337]	9.808594703674316	7.636473178863525	6.74737548828125	0.5878755822777748
2: Epoch: [0][   0/3337]	9.80860710144043	7.609976291656494	6.74737548828125	0.5878755822777748
1: Epoch: [0][   0/3337]	9.80860710144043	7.576375484466553	6.74737548828125	0.5878755822777748
2: Epoch: [0][   0/3337]	9.819106101989746	7.624542713165283	6.741642475128174	0.601512985303998
0: Epoch: [0][   0/3337]	9.819038391113281	7.628381729125977	6.741642475128174	0.601512985303998
3: Epoch: [0][   0/3337]	9.819103240966797	7.645905494689941	6.741642475128174	0.601512985303998
1: Epoch: [0][   0/3337]	9.819123268127441	7.589851379394531	6.741642475128174	0.601512985303998
0: Epoch: [0][   0/3337]	9.795842170715332	7.610517501831055	6.736425399780273	0.6151294801384211
2: Epoch: [0][   0/3337]	9.79590892791748	7.60444450378418	6.736425399780273	0.6151294801384211
3: Epoch: [0][   0/3337]	9.795905113220215	7.6280951499938965	6.736425399780273	0.6151294801384211
1: Epoch: [0][   0/3337]	9.795918464660645	7.568141937255859	6.736425399780273	0.6151294801384211
2: Epoch: [0][   0/3337]	9.77638053894043	7.584966659545898	6.730860710144043	0.6265596486628056
0: Epoch: [0][   0/3337]	9.776315689086914	7.594626426696777	6.730860710144043	0.6265596486628056
3: Epoch: [0][   0/3337]	9.776375770568848	7.6085920333862305	6.730860710144043	0.6265596486628056
1: Epoch: [0][   0/3337]	9.776385307312012	7.547338008880615	6.730860710144043	0.6265596486628056
0: Epoch: [0][   0/3337]	9.75972843170166	7.578007698059082	6.725414752960205	0.633353553712368
2: Epoch: [0][   0/3337]	9.75979232788086	7.567923069000244	6.725414752960205	0.633353553712368
3: Epoch: [0][   0/3337]	9.759787559509277	7.597847938537598	6.725414752960205	0.633353553712368
1: Epoch: [0][   0/3337]	9.759798049926758	7.528783798217773	6.725414752960205	0.633353553712368
0: Epoch: [0][   0/3337]	9.712627410888672	7.535457611083984	6.720276355743408	0.6428640801459551
2: Epoch: [0][   0/3337]	9.712691307067871	7.526356220245361	6.720276355743408	0.6428640801459551
3: Epoch: [0][   0/3337]	9.712686538696289	7.5545759201049805	6.720276355743408	0.6428640801459551
1: Epoch: [0][   0/3337]	9.71269702911377	7.48870325088501	6.720276355743408	0.6428640801459551
0: Epoch: [0][   0/3337]	9.68174934387207	7.506161212921143	6.714826583862305	0.6508350372314453
2: Epoch: [0][   0/3337]	9.681812286376953	7.500246047973633	6.714826583862305	0.6508350372314453
3: Epoch: [0][   0/3337]	9.681807518005371	7.5279645919799805	6.714826583862305	0.6508350372314453
1: Epoch: [0][   0/3337]	9.681816101074219	7.460853099822998	6.714826583862305	0.6508350372314453
2: Epoch: [0][   0/3337]	9.657709121704102	7.477054595947266	6.709188461303711	0.660182535648346
0: Epoch: [0][   0/3337]	9.657645225524902	7.485858917236328	6.709188461303711	0.660182535648346
3: Epoch: [0][   0/3337]	9.657710075378418	7.503072738647461	6.709188461303711	0.660182535648346
1: Epoch: [0][   0/3337]	9.657720565795898	7.443120002746582	6.709188461303711	0.660182535648346
2: Epoch: [0][   0/3337]	9.601557731628418	7.428284168243408	6.703572750091553	0.6692427210509777
0: Epoch: [0][   0/3337]	9.601494789123535	7.432655334472656	6.703572750091553	0.6692427210509777
3: Epoch: [0][   0/3337]	9.601550102233887	7.452339172363281	6.703572750091553	0.6692427210509777
1: Epoch: [0][   0/3337]	9.601560592651367	7.394224643707275	6.703572750091553	0.6692427210509777
0: Epoch: [0][   0/3337]	9.58251667022705	7.41662073135376	6.698240756988525	0.676452973857522
3: Epoch: [0][   0/3337]	9.582573890686035	7.43817138671875	6.698240756988525	0.676452973857522
2: Epoch: [0][   0/3337]	9.58258056640625	7.410748481750488	6.698240756988525	0.676452973857522
1: Epoch: [0][   0/3337]	9.58258056640625	7.379248142242432	6.698240756988525	0.676452973857522
0: Epoch: [0][   0/3337]	9.53607177734375	7.375583648681641	6.692982196807861	0.6853887345641851
2: Epoch: [0][   0/3337]	9.53613567352295	7.371347904205322	6.692982196807861	0.6853887345641851
3: Epoch: [0][   0/3337]	9.536128044128418	7.397204875946045	6.692982196807861	0.6853887345641851
1: Epoch: [0][   0/3337]	9.53614616394043	7.33851432800293	6.692982196807861	0.6853887345641851
0: Epoch: [0][   0/3337]	9.498456001281738	7.341797828674316	6.688029766082764	0.6975036114454269
0: 
2: Epoch: [0][   0/3337]	9.498518943786621	7.3349528312683105	6.688029766082764	0.6975036114454269
3: Epoch: [0][   0/3337]	9.498512268066406	7.365232944488525	6.688029766082764	0.6975036114454269
1: Epoch: [0][   0/3337]	9.49852180480957	7.304807186126709	6.688029766082764	0.6975036114454269
2: Epoch: [0][   0/3337]	9.468740463256836	7.307309627532959	6.682848930358887	0.7100217044353485
0: Epoch: [0][   0/3337]	9.468677520751953	7.3170881271362305	6.682848930358887	0.7100217044353485
0: 
3: Epoch: [0][   0/3337]	9.468732833862305	7.339629650115967	6.682848930358887	0.7100217044353485
1: Epoch: [0][   0/3337]	9.468744277954102	7.279019832611084	6.682848930358887	0.7100217044353485
2: Epoch: [0][   0/3337]	9.417308807373047	7.261699199676514	6.677569389343262	0.7203252986073494
3: Epoch: [0][   0/3337]	9.417302131652832	7.29180908203125	6.677569389343262	0.7203252986073494
0: Epoch: [0][   0/3337]	9.41724967956543	7.271285057067871	6.677569389343262	0.7203252986073494
1: Epoch: [0][   0/3337]	9.417308807373047	7.234269142150879	6.677569389343262	0.7203252986073494
2: Epoch: [0][   0/3337]	9.423914909362793	7.269992828369141	6.672251224517822	0.7329028099775314
3: Epoch: [0][   0/3337]	9.423908233642578	7.301738739013672	6.672251224517822	0.7329028099775314
0: Epoch: [0][   0/3337]	9.423856735229492	7.275177001953125	6.672251224517822	0.7329028099775314
1: Epoch: [0][   0/3337]	9.423914909362793	7.234698295593262	6.672251224517822	0.7329028099775314
0: Epoch: [0][   0/3337]	9.418678283691406	7.272162437438965	6.666785717010498	0.7476597093045712
3: Epoch: [0][   0/3337]	9.418729782104492	7.297028541564941	6.666785717010498	0.7476597093045712
2: Epoch: [0][   0/3337]	9.418740272521973	7.265370845794678	6.666785717010498	0.7476597093045712
1: Epoch: [0][   0/3337]	9.418742179870605	7.230623722076416	6.666785717010498	0.7476597093045712
2: Epoch: [0][   0/3337]	9.409051895141602	7.256869316101074	6.6613264083862305	0.755244167521596
0: Epoch: [0][   0/3337]	9.4089937210083	7.260388374328613	6.6613264083862305	0.755244167521596
3: Epoch: [0][   0/3337]	9.409045219421387	7.284651756286621	6.6613264083862305	0.755244167521596
1: Epoch: [0][   0/3337]	9.40905475616455	7.221032619476318	6.6613264083862305	0.755244167521596
0: Epoch: [0][   0/3337]	9.399494171142578	7.252533435821533	6.656435966491699	0.7643809542059898
3: Epoch: [0][   0/3337]	9.399545669555664	7.274564743041992	6.656435966491699	0.7643809542059898
1: Epoch: [0][   0/3337]	9.399553298950195	7.2097883224487305	6.656435966491699	0.7643809542059898
2: Epoch: [0][   0/3337]	9.39955997467041	7.244906902313232	6.656435966491699	0.7643809542059898
2: Epoch: [0][   0/3337]	9.387063026428223	7.236264228820801	6.650984287261963	0.782290380448103
3: Epoch: [0][   0/3337]	9.387054443359375	7.2647857666015625	6.650984287261963	0.782290380448103
0: Epoch: [0][   0/3337]	9.387011528015137	7.242938995361328	6.650984287261963	0.782290380448103
1: Epoch: [0][   0/3337]	9.387066841125488	7.19579553604126	6.650984287261963	0.782290380448103
2: Epoch: [0][   0/3337]	9.376481056213379	7.222832679748535	6.645706653594971	0.7915162481367588
3: Epoch: [0][   0/3337]	9.376472473144531	7.251924991607666	6.645706653594971	0.7915162481367588
0: Epoch: [0][   0/3337]	9.376424789428711	7.234551429748535	6.645706653594971	0.7915162481367588
1: Epoch: [0][   0/3337]	9.376480102539062	7.188083648681641	6.645706653594971	0.7915162481367588
2: Epoch: [0][   0/3337]	9.362637519836426	7.20987606048584	6.640470027923584	0.7978006266057491
3: Epoch: [0][   0/3337]	9.362629890441895	7.235569953918457	6.640470027923584	0.7978006266057491
0: Epoch: [0][   0/3337]	9.362581253051758	7.225366592407227	6.640470027923584	0.7978006266057491
1: Epoch: [0][   0/3337]	9.362643241882324	7.170712471008301	6.640470027923584	0.7978006266057491
2: Epoch: [0][   0/3337]	9.348686218261719	7.1941938400268555	6.635366916656494	0.8099259808659554
0: Epoch: [0][   0/3337]	9.348631858825684	7.217144966125488	6.635366916656494	0.8099259808659554
3: Epoch: [0][   0/3337]	9.34868049621582	7.221731662750244	6.635366916656494	0.8099259808659554
1: Epoch: [0][   0/3337]	9.348692893981934	7.160654067993164	6.635366916656494	0.8099259808659554
2: Epoch: [0][   0/3337]	9.33647346496582	7.185161590576172	6.630245208740234	0.8204278536140919
3: Epoch: [0][   0/3337]	9.336465835571289	7.210914611816406	6.630245208740234	0.8204278536140919
0: Epoch: [0][   0/3337]	9.336421012878418	7.207982063293457	6.630245208740234	0.8204278536140919
1: Epoch: [0][   0/3337]	9.336475372314453	7.151312351226807	6.630245208740234	0.8204278536140919
2: Epoch: [0][   0/3337]	9.31065559387207	7.161591053009033	6.624998569488525	0.8326182141900063
3: Epoch: [0][   0/3337]	9.310647010803223	7.184820652008057	6.624998569488525	0.8326182141900063
0: Epoch: [0][   0/3337]	9.310608863830566	7.1836042404174805	6.624998569488525	0.8326182141900063
1: Epoch: [0][   0/3337]	9.31066608428955	7.129873275756836	6.624998569488525	0.8326182141900063
2: Epoch: [0][   0/3337]	9.27270221710205	7.126490116119385	6.619459629058838	0.8464345708489418
3: Epoch: [0][   0/3337]	9.272693634033203	7.151567459106445	6.619459629058838	0.8464345708489418
0: Epoch: [0][   0/3337]	9.272650718688965	7.150282859802246	6.619459629058838	0.8464345708489418
1: Epoch: [0][   0/3337]	9.272709846496582	7.0948944091796875	6.619459629058838	0.8464345708489418
2: Epoch: [0][   0/3337]	9.252815246582031	7.107028007507324	6.614303112030029	0.8542048744857311
3: Epoch: [0][   0/3337]	9.252806663513184	7.135387897491455	6.614303112030029	0.8542048744857311
0: Epoch: [0][   0/3337]	9.252767562866211	7.132931232452393	6.614303112030029	0.8542048744857311
1: Epoch: [0][   0/3337]	9.25282096862793	7.079132080078125	6.614303112030029	0.8542048744857311
2: Epoch: [0][   0/3337]	9.22023868560791	7.080573558807373	6.609091281890869	0.8658620528876781
0: Epoch: [0][   0/3337]	9.22018814086914	7.102951526641846	6.609091281890869	0.8658620528876781
3: Epoch: [0][   0/3337]	9.220230102539062	7.104480266571045	6.609091281890869	0.8658620528876781
1: Epoch: [0][   0/3337]	9.220240592956543	7.04821252822876	6.609091281890869	0.8658620528876781
0: Epoch: [0][   0/3337]	9.184638977050781	7.0711750984191895	6.604135513305664	0.8797192946076393
2: Epoch: [0][   0/3337]	9.184691429138184	7.048224925994873	6.604135513305664	0.8797192946076393
3: Epoch: [0][   0/3337]	9.18468189239502	7.073721408843994	6.604135513305664	0.8797192946076393
1: Epoch: [0][   0/3337]	9.1846923828125	7.01777982711792	6.604135513305664	0.8797192946076393
2: Epoch: [0][   0/3337]	9.167566299438477	7.034210205078125	6.59903621673584	0.8908026851713657
0: Epoch: [0][   0/3337]	9.16751766204834	7.054218769073486	6.59903621673584	0.8908026851713657
3: Epoch: [0][   0/3337]	9.167558670043945	7.059309482574463	6.59903621673584	0.8908026851713657
1: Epoch: [0][   0/3337]	9.167572021484375	7.003093719482422	6.59903621673584	0.8908026851713657
0: Epoch: [0][   0/3337]	9.126517295837402	7.016905307769775	6.594086647033691	0.9007212705910206
2: Epoch: [0][   0/3337]	9.126567840576172	6.996478080749512	6.594086647033691	0.9007212705910206
3: Epoch: [0][   0/3337]	9.126558303833008	7.021877765655518	6.594086647033691	0.9007212705910206
1: Epoch: [0][   0/3337]	9.126569747924805	6.967216968536377	6.594086647033691	0.9007212705910206
2: Epoch: [0][   0/3337]	9.106195449829102	6.975941181182861	6.588810920715332	0.9134018793702126
0: Epoch: [0][   0/3337]	9.106143951416016	6.999441623687744	6.588810920715332	0.9134018793702126
3: Epoch: [0][   0/3337]	9.106184959411621	7.004197597503662	6.588810920715332	0.9134018793702126
1: Epoch: [0][   0/3337]	9.106195449829102	6.946566104888916	6.588810920715332	0.9134018793702126
0: Epoch: [0][   0/3337]	9.083588600158691	6.98101806640625	6.5835041999816895	0.9263860061764717
2: Epoch: [0][   0/3337]	9.083639144897461	6.956569194793701	6.5835041999816895	0.9263860061764717
3: Epoch: [0][   0/3337]	9.083627700805664	6.982485771179199	6.5835041999816895	0.9263860061764717
1: Epoch: [0][   0/3337]	9.083639144897461	6.9258832931518555	6.5835041999816895	0.9263860061764717
0: Epoch: [0][   0/3337]	9.046286582946777	6.947696208953857	6.578357219696045	0.9393707849085331
2: Epoch: [0][   0/3337]	9.046337127685547	6.923563003540039	6.578357219696045	0.9393707849085331
3: Epoch: [0][   0/3337]	9.046323776245117	6.94814395904541	6.578357219696045	0.9393707849085331
1: Epoch: [0][   0/3337]	9.04633617401123	6.893517971038818	6.578357219696045	0.9393707849085331
2: Epoch: [0][   0/3337]	9.035407066345215	6.913209915161133	6.573573112487793	0.9477319195866585
0: Epoch: [0][   0/3337]	9.035357475280762	6.9369306564331055	6.573573112487793	0.9477319195866585
0: 
3: Epoch: [0][   0/3337]	9.035393714904785	6.937568187713623	6.573573112487793	0.9477319195866585
1: Epoch: [0][   0/3337]	9.035409927368164	6.883995532989502	6.573573112487793	0.9477319195866585
0: Epoch: [0][   0/3337]	9.008054733276367	6.9121527671813965	6.5683674812316895	0.9561953134834766
2: Epoch: [0][   0/3337]	9.008105278015137	6.887393474578857	6.5683674812316895	0.9561953134834766
3: Epoch: [0][   0/3337]	9.00809097290039	6.911017894744873	6.5683674812316895	0.9561953134834766
1: Epoch: [0][   0/3337]	9.008112907409668	6.8619771003723145	6.5683674812316895	0.9561953134834766
0: Epoch: [0][   0/3337]	8.980571746826172	6.888760089874268	6.563416004180908	0.9712610393762589
2: Epoch: [0][   0/3337]	8.980620384216309	6.862319469451904	6.563416004180908	0.9712610393762589
3: Epoch: [0][   0/3337]	8.980607986450195	6.886712551116943	6.563416004180908	0.9712610393762589
1: Epoch: [0][   0/3337]	8.980623245239258	6.839113712310791	6.563416004180908	0.9712610393762589
0: Epoch: [0][   0/3337]	8.937047958374023	6.8492045402526855	6.558120250701904	0.9834857657551765
2: Epoch: [0][   0/3337]	8.93709659576416	6.822546005249023	6.558120250701904	0.9834857657551765
3: Epoch: [0][   0/3337]	8.937084197998047	6.847134590148926	6.558120250701904	0.9834857657551765
1: Epoch: [0][   0/3337]	8.937097549438477	6.800515174865723	6.558120250701904	0.9834857657551765
0: Epoch: [0][   0/3337]	8.895191192626953	6.811407566070557	6.553071022033691	0.9979413822293282
2: Epoch: [0][   0/3337]	8.895240783691406	6.784154415130615	6.553071022033691	0.9979413822293282
1: Epoch: [0][   0/3337]	8.895243644714355	6.763119220733643	6.553071022033691	0.9979413822293282
3: Epoch: [0][   0/3337]	8.895235061645508	6.808799743652344	6.553071022033691	0.9979413822293282
2: Epoch: [0][   0/3337]	8.851875305175781	6.74373197555542	6.548787593841553	1.0071638971567154
0: Epoch: [0][   0/3337]	8.851826667785645	6.770591735839844	6.548787593841553	1.0071638971567154
3: Epoch: [0][   0/3337]	8.851866722106934	6.769741535186768	6.548787593841553	1.0071638971567154
1: Epoch: [0][   0/3337]	8.851881980895996	6.722468852996826	6.548787593841553	1.0071638971567154
2: Epoch: [0][   0/3337]	8.812018394470215	6.707697868347168	6.5439324378967285	1.0202592238783836
0: Epoch: [0][   0/3337]	8.811967849731445	6.734939098358154	6.5439324378967285	1.0202592238783836
3: Epoch: [0][   0/3337]	8.812005996704102	6.7330322265625	6.5439324378967285	1.0202592238783836
1: Epoch: [0][   0/3337]	8.812024116516113	6.686118125915527	6.5439324378967285	1.0202592238783836
2: Epoch: [0][   0/3337]	8.825835227966309	6.720542907714844	6.539082050323486	1.0304030030965805
0: Epoch: [0][   0/3337]	8.825785636901855	6.747155666351318	6.539082050323486	1.0304030030965805
3: Epoch: [0][   0/3337]	8.825823783874512	6.743358135223389	6.539082050323486	1.0304030030965805
1: Epoch: [0][   0/3337]	8.82583236694336	6.698746681213379	6.539082050323486	1.0304030030965805
2: Epoch: [0][   0/3337]	8.824456214904785	6.721005439758301	6.534329891204834	1.0414015501737595
0: Epoch: [0][   0/3337]	8.824406623840332	6.743107795715332	6.534329891204834	1.0414015501737595
3: Epoch: [0][   0/3337]	8.824442863464355	6.741753578186035	6.534329891204834	1.0414015501737595
1: Epoch: [0][   0/3337]	8.82446002960205	6.698068141937256	6.534329891204834	1.0414015501737595
2: Epoch: [0][   0/3337]	8.820350646972656	6.71613073348999	6.529547214508057	1.051652617752552
3: Epoch: [0][   0/3337]	8.82033634185791	6.739003658294678	6.529547214508057	1.051652617752552
1: Epoch: [0][   0/3337]	8.820345878601074	6.694551944732666	6.529547214508057	1.051652617752552
0: Epoch: [0][   0/3337]	8.820305824279785	6.740070343017578	6.529547214508057	1.051652617752552
0: Epoch: [0][   0/3337]	8.81423282623291	6.732694149017334	6.524386882781982	1.0616989806294441
2: Epoch: [0][   0/3337]	8.81428337097168	6.710017681121826	6.524386882781982	1.0616989806294441
3: Epoch: [0][   0/3337]	8.81427001953125	6.73192024230957	6.524386882781982	1.0616989806294441
1: Epoch: [0][   0/3337]	8.814276695251465	6.691382884979248	6.524386882781982	1.0616989806294441
2: Epoch: [0][   0/3337]	8.809792518615723	6.702186107635498	6.519943714141846	1.0718042962253094
0: Epoch: [0][   0/3337]	8.80974292755127	6.728451728820801	6.519943714141846	1.0718042962253094
0: 
3: Epoch: [0][   0/3337]	8.80978012084961	6.72406530380249	6.519943714141846	1.0718042962253094
1: Epoch: [0][   0/3337]	8.809791564941406	6.688220977783203	6.519943714141846	1.0718042962253094
2: Epoch: [0][   0/3337]	8.805042266845703	6.698535442352295	6.515237808227539	1.0863026604056358
3: Epoch: [0][   0/3337]	8.805027961730957	6.72068452835083	6.515237808227539	1.0863026604056358
0: Epoch: [0][   0/3337]	8.804991722106934	6.724874019622803	6.515237808227539	1.0863026604056358
1: Epoch: [0][   0/3337]	8.80504035949707	6.682436943054199	6.515237808227539	1.0863026604056358
2: Epoch: [0][   0/3337]	8.799739837646484	6.69484806060791	6.510587215423584	1.1005197651684284
3: Epoch: [0][   0/3337]	8.799729347229004	6.712766647338867	6.510587215423584	1.1005197651684284
0: Epoch: [0][   0/3337]	8.79969310760498	6.720646858215332	6.510587215423584	1.1005197651684284
1: Epoch: [0][   0/3337]	8.799747467041016	6.677045822143555	6.510587215423584	1.1005197651684284
0: Epoch: [0][   0/3337]	8.795804977416992	6.715766906738281	6.5059661865234375	1.1127125471830368
3: Epoch: [0][   0/3337]	8.795843124389648	6.708981513977051	6.5059661865234375	1.1127125471830368
2: Epoch: [0][   0/3337]	8.795854568481445	6.6898369789123535	6.5059661865234375	1.1127125471830368
1: Epoch: [0][   0/3337]	8.795856475830078	6.675796985626221	6.5059661865234375	1.1127125471830368
2: Epoch: [0][   0/3337]	8.787579536437988	6.683877468109131	6.5011491775512695	1.1249211616814137
0: Epoch: [0][   0/3337]	8.787528991699219	6.706602573394775	6.5011491775512695	1.1249211616814137
3: Epoch: [0][   0/3337]	8.787566184997559	6.701086521148682	6.5011491775512695	1.1249211616814137
1: Epoch: [0][   0/3337]	8.787578582763672	6.667222499847412	6.5011491775512695	1.1249211616814137
0: Epoch: [0][   0/3337]	8.775245666503906	6.693687438964844	6.4964680671691895	1.1408268474042416
3: Epoch: [0][   0/3337]	8.775283813476562	6.690291881561279	6.4964680671691895	1.1408268474042416
2: Epoch: [0][   0/3337]	8.775297164916992	6.674584865570068	6.4964680671691895	1.1408268474042416
1: Epoch: [0][   0/3337]	8.775300025939941	6.656769752502441	6.4964680671691895	1.1408268474042416
2: Epoch: [0][   0/3337]	8.756143569946289	6.656322002410889	6.491754055023193	1.1532744392752647
0: Epoch: [0][   0/3337]	8.756094932556152	6.677364349365234	6.491754055023193	1.1532744392752647
3: Epoch: [0][   0/3337]	8.756133079528809	6.6718363761901855	6.491754055023193	1.1532744392752647
1: Epoch: [0][   0/3337]	8.75615119934082	6.6396918296813965	6.491754055023193	1.1532744392752647
2: Epoch: [0][   0/3337]	8.74530029296875	6.64594030380249	6.486822128295898	1.1635645292699337
3: Epoch: [0][   0/3337]	8.74528980255127	6.659625053405762	6.486822128295898	1.1635645292699337
0: Epoch: [0][   0/3337]	8.745256423950195	6.6673688888549805	6.486822128295898	1.1635645292699337
1: Epoch: [0][   0/3337]	8.74530029296875	6.632842540740967	6.486822128295898	1.1635645292699337
3: Epoch: [0][   0/3337]	8.733083724975586	6.648521423339844	6.482057571411133	1.1748593300580978
0: Epoch: [0][   0/3337]	8.73304557800293	6.656444549560547	6.482057571411133	1.1748593300580978
1: Epoch: [0][   0/3337]	8.73309326171875	6.622237205505371	6.482057571411133	1.1748593300580978
2: Epoch: [0][   0/3337]	8.733100891113281	6.636646270751953	6.482057571411133	1.1748593300580978
2: Epoch: [0][   0/3337]	8.706490516662598	6.610791206359863	6.477187633514404	1.1918622069060802
0: Epoch: [0][   0/3337]	8.706440925598145	6.6320013999938965	6.477187633514404	1.1918622069060802
3: Epoch: [0][   0/3337]	8.706480026245117	6.623469352722168	6.477187633514404	1.1918622069060802
1: Epoch: [0][   0/3337]	8.706490516662598	6.599022388458252	6.477187633514404	1.1918622069060802
2: Epoch: [0][   0/3337]	8.699958801269531	6.603995323181152	6.4723992347717285	1.202230341732502
3: Epoch: [0][   0/3337]	8.699950218200684	6.615652561187744	6.4723992347717285	1.202230341732502
0: Epoch: [0][   0/3337]	8.699912071228027	6.626987934112549	6.4723992347717285	1.202230341732502
1: Epoch: [0][   0/3337]	8.699960708618164	6.592396259307861	6.4723992347717285	1.202230341732502
2: Epoch: [0][   0/3337]	8.683717727661133	6.588736534118652	6.467926979064941	1.2142717838287354
0: Epoch: [0][   0/3337]	8.68366813659668	6.612015247344971	6.467926979064941	1.2142717838287354
0: 
3: Epoch: [0][   0/3337]	8.683709144592285	6.60040807723999	6.467926979064941	1.2142717838287354
1: Epoch: [0][   0/3337]	8.683716773986816	6.5792741775512695	6.467926979064941	1.2142717838287354
0: Epoch: [0][   0/3337]	8.659754753112793	6.591401100158691	6.46309757232666	1.2274818494915962
3: Epoch: [0][   0/3337]	8.659795761108398	6.579392433166504	6.46309757232666	1.2274818494915962
2: Epoch: [0][   0/3337]	8.659805297851562	6.568913459777832	6.46309757232666	1.2274818494915962
1: Epoch: [0][   0/3337]	8.659805297851562	6.558363437652588	6.46309757232666	1.2274818494915962
2: Epoch: [0][   0/3337]	8.655057907104492	6.562191486358643	6.458611965179443	1.2409167364239693
0: Epoch: [0][   0/3337]	8.655009269714355	6.588260650634766	6.458611965179443	1.2409167364239693
0: 
3: Epoch: [0][   0/3337]	8.655049324035645	6.573970794677734	6.458611965179443	1.2409167364239693
1: Epoch: [0][   0/3337]	8.655058860778809	6.551990985870361	6.458611965179443	1.2409167364239693
2: Epoch: [0][   0/3337]	8.636627197265625	6.546102046966553	6.45419454574585	1.2489144690334797
3: Epoch: [0][   0/3337]	8.636619567871094	6.556659698486328	6.45419454574585	1.2489144690334797
0: Epoch: [0][   0/3337]	8.636581420898438	6.572210788726807	6.45419454574585	1.2489144690334797
1: Epoch: [0][   0/3337]	8.636630058288574	6.535438060760498	6.45419454574585	1.2489144690334797
0: Epoch: [0][   0/3337]	8.615036964416504	6.553195953369141	6.449648380279541	1.2655222788453102
3: Epoch: [0][   0/3337]	8.61507511138916	6.537380695343018	6.449648380279541	1.2655222788453102
2: Epoch: [0][   0/3337]	8.61508846282959	6.526650428771973	6.449648380279541	1.2655222788453102
1: Epoch: [0][   0/3337]	8.61508846282959	6.516049861907959	6.449648380279541	1.2655222788453102
0: Epoch: [0][   0/3337]	8.579740524291992	6.518792629241943	6.44505500793457	1.2798450887203217
3: Epoch: [0][   0/3337]	8.579780578613281	6.502295970916748	6.44505500793457	1.2798450887203217
2: Epoch: [0][   0/3337]	8.57978630065918	6.492780685424805	6.44505500793457	1.2798450887203217
1: Epoch: [0][   0/3337]	8.579788208007812	6.481874465942383	6.44505500793457	1.2798450887203217
2: Epoch: [0][   0/3337]	8.549619674682617	6.4639153480529785	6.440542697906494	1.2945868074893951
0: Epoch: [0][   0/3337]	8.549575805664062	6.491218566894531	6.440542697906494	1.2945868074893951
3: Epoch: [0][   0/3337]	8.549614906311035	6.473626136779785	6.440542697906494	1.2945868074893951
1: Epoch: [0][   0/3337]	8.54962158203125	6.452378749847412	6.440542697906494	1.2945868074893951
2: Epoch: [0][   0/3337]	8.514241218566895	6.429567337036133	6.4361748695373535	1.3051452115178108
0: Epoch: [0][   0/3337]	8.514195442199707	6.457378387451172	6.4361748695373535	1.3051452115178108
3: Epoch: [0][   0/3337]	8.514236450195312	6.440526008605957	6.4361748695373535	1.3051452115178108
1: Epoch: [0][   0/3337]	8.514242172241211	6.418728351593018	6.4361748695373535	1.3051452115178108
0: Epoch: [0][   0/3337]	8.50975227355957	6.451887130737305	6.431670665740967	1.3140099123120308
2: Epoch: [0][   0/3337]	8.509799003601074	6.423040866851807	6.431670665740967	1.3140099123120308
3: Epoch: [0][   0/3337]	8.509794235229492	6.435195446014404	6.431670665740967	1.3140099123120308
1: Epoch: [0][   0/3337]	8.509801864624023	6.411889553070068	6.431670665740967	1.3140099123120308
2: Epoch: [0][   0/3337]	8.503047943115234	6.415473937988281	6.42749547958374	1.3246634043753147
0: Epoch: [0][   0/3337]	8.50300407409668	6.445504188537598	6.42749547958374	1.3246634043753147
3: Epoch: [0][   0/3337]	8.503044128417969	6.428615093231201	6.42749547958374	1.3246634043753147
1: Epoch: [0][   0/3337]	8.503049850463867	6.405141353607178	6.42749547958374	1.3246634043753147
2: Epoch: [0][   0/3337]	8.495463371276855	6.407843112945557	6.423075199127197	1.3398346491158009
0: Epoch: [0][   0/3337]	8.495418548583984	6.43964147567749	6.423075199127197	1.3398346491158009
3: Epoch: [0][   0/3337]	8.495460510253906	6.422587871551514	6.423075199127197	1.3398346491158009
1: Epoch: [0][   0/3337]	8.495466232299805	6.398989200592041	6.423075199127197	1.3398346491158009
2: Epoch: [0][   0/3337]	8.48712158203125	6.400419235229492	6.418278694152832	1.3579325750470161
0: Epoch: [0][   0/3337]	8.487076759338379	6.430233478546143	6.418278694152832	1.3579325750470161
3: Epoch: [0][   0/3337]	8.4871187210083	6.414515018463135	6.418278694152832	1.3579325750470161
1: Epoch: [0][   0/3337]	8.487131118774414	6.392355442047119	6.418278694152832	1.3579325750470161
0: Epoch: [0][   0/3337]	8.47770881652832	6.42027473449707	6.413449287414551	1.3700731098651886
2: Epoch: [0][   0/3337]	8.477752685546875	6.392695903778076	6.413449287414551	1.3700731098651886
3: Epoch: [0][   0/3337]	8.47774887084961	6.404140472412109	6.413449287414551	1.3700731098651886
1: Epoch: [0][   0/3337]	8.477757453918457	6.384015083312988	6.413449287414551	1.3700731098651886
0: Epoch: [0][   0/3337]	8.467449188232422	6.4097700119018555	6.408883571624756	1.3820198364555836
2: Epoch: [0][   0/3337]	8.46749210357666	6.3828444480896	6.408883571624756	1.3820198364555836
3: Epoch: [0][   0/3337]	8.467489242553711	6.395481109619141	6.408883571624756	1.3820198364555836
1: Epoch: [0][   0/3337]	8.467499732971191	6.37528657913208	6.408883571624756	1.3820198364555836
0: Epoch: [0][   0/3337]	8.459482192993164	6.40188455581665	6.404353618621826	1.3977008871734142
2: Epoch: [0][   0/3337]	8.459525108337402	6.374027729034424	6.404353618621826	1.3977008871734142
3: Epoch: [0][   0/3337]	8.459522247314453	6.385187149047852	6.404353618621826	1.3977008871734142
1: Epoch: [0][   0/3337]	8.459531784057617	6.36840295791626	6.404353618621826	1.3977008871734142
3: Epoch: [0][   0/3337]	8.451790809631348	6.379708766937256	6.399947643280029	1.4112909324467182
2: Epoch: [0][   0/3337]	8.451793670654297	6.364144802093506	6.399947643280029	1.4112909324467182
0: Epoch: [0][   0/3337]	8.451752662658691	6.394740581512451	6.399947643280029	1.4112909324467182
1: Epoch: [0][   0/3337]	8.451801300048828	6.358786106109619	6.399947643280029	1.4112909324467182
2: Epoch: [0][   0/3337]	8.44613265991211	6.357918739318848	6.395285129547119	1.4287346042692661
0: Epoch: [0][   0/3337]	8.446093559265137	6.39162540435791	6.395285129547119	1.4287346042692661
3: Epoch: [0][   0/3337]	8.446130752563477	6.374680042266846	6.395285129547119	1.4287346042692661
1: Epoch: [0][   0/3337]	8.44614028930664	6.354071617126465	6.395285129547119	1.4287346042692661
2: Epoch: [0][   0/3337]	8.437318801879883	6.3489837646484375	6.391046524047852	1.4426805078983307
0: Epoch: [0][   0/3337]	8.43727970123291	6.382878303527832	6.391046524047852	1.4426805078983307
3: Epoch: [0][   0/3337]	8.437315940856934	6.36555814743042	6.391046524047852	1.4426805078983307
1: Epoch: [0][   0/3337]	8.437326431274414	6.346545219421387	6.391046524047852	1.4426805078983307
0: Epoch: [0][   0/3337]	8.422566413879395	6.36916971206665	6.3865461349487305	1.4550110325217247
2: Epoch: [0][   0/3337]	8.422606468200684	6.336836814880371	6.3865461349487305	1.4550110325217247
3: Epoch: [0][   0/3337]	8.422603607177734	6.3514084815979	6.3865461349487305	1.4550110325217247
1: Epoch: [0][   0/3337]	8.422613143920898	6.333878517150879	6.3865461349487305	1.4550110325217247
0: Epoch: [0][   0/3337]	8.407862663269043	6.356210708618164	6.382218837738037	1.4701330102980137
2: Epoch: [0][   0/3337]	8.407901763916016	6.3240580558776855	6.382218837738037	1.4701330102980137
3: Epoch: [0][   0/3337]	8.407898902893066	6.336606979370117	6.382218837738037	1.4701330102980137
1: Epoch: [0][   0/3337]	8.407912254333496	6.319925308227539	6.382218837738037	1.4701330102980137
2: Epoch: [0][   0/3337]	8.39895248413086	6.317158222198486	6.37814998626709	1.481674611568451
0: Epoch: [0][   0/3337]	8.398913383483887	6.3475236892700195	6.37814998626709	1.481674611568451
3: Epoch: [0][   0/3337]	8.39894962310791	6.327367782592773	6.37814998626709	1.481674611568451
1: Epoch: [0][   0/3337]	8.398956298828125	6.310876369476318	6.37814998626709	1.481674611568451
0: Epoch: [0][   0/3337]	8.376068115234375	6.326940059661865	6.373933792114258	1.4948037452995777
3: Epoch: [0][   0/3337]	8.376103401184082	6.307528972625732	6.373933792114258	1.4948037452995777
2: Epoch: [0][   0/3337]	8.37610912322998	6.296783447265625	6.373933792114258	1.4948037452995777
1: Epoch: [0][   0/3337]	8.376117706298828	6.290248394012451	6.373933792114258	1.4948037452995777
2: Epoch: [0][   0/3337]	8.37229061126709	6.291972637176514	6.369629859924316	1.510067656636238
0: Epoch: [0][   0/3337]	8.37225341796875	6.322380065917969	6.369629859924316	1.510067656636238
3: Epoch: [0][   0/3337]	8.372288703918457	6.305147647857666	6.369629859924316	1.510067656636238
1: Epoch: [0][   0/3337]	8.372298240661621	6.287395000457764	6.369629859924316	1.510067656636238
0: Epoch: [0][   0/3337]	8.349908828735352	6.303030014038086	6.365323066711426	1.524912565946579
3: Epoch: [0][   0/3337]	8.349945068359375	6.284583568572998	6.365323066711426	1.524912565946579
2: Epoch: [0][   0/3337]	8.349949836730957	6.27108907699585	6.365323066711426	1.524912565946579
1: Epoch: [0][   0/3337]	8.349957466125488	6.266775608062744	6.365323066711426	1.524912565946579
0: Epoch: [0][   0/3337]	8.342434883117676	6.2948408126831055	6.361061096191406	1.5395396389067173
2: Epoch: [0][   0/3337]	8.3424711227417	6.26299524307251	6.361061096191406	1.5395396389067173
3: Epoch: [0][   0/3337]	8.342470169067383	6.278585910797119	6.361061096191406	1.5395396389067173
1: Epoch: [0][   0/3337]	8.342480659484863	6.259115695953369	6.361061096191406	1.5395396389067173
2: Epoch: [0][   0/3337]	8.327625274658203	6.249943733215332	6.356836318969727	1.5562324784696102
0: Epoch: [0][   0/3337]	8.327589988708496	6.280094146728516	6.356836318969727	1.5562324784696102
3: Epoch: [0][   0/3337]	8.327625274658203	6.264389991760254	6.356836318969727	1.5562324784696102
1: Epoch: [0][   0/3337]	8.327632904052734	6.2452192306518555	6.356836318969727	1.5562324784696102
0: Epoch: [0][   0/3337]	8.313275337219238	6.26524543762207	6.352612495422363	1.5715520828962326
3: Epoch: [0][   0/3337]	8.313310623168945	6.252430438995361	6.352612495422363	1.5715520828962326
2: Epoch: [0][   0/3337]	8.313311576843262	6.236185073852539	6.352612495422363	1.5715520828962326
1: Epoch: [0][   0/3337]	8.313319206237793	6.2314276695251465	6.352612495422363	1.5715520828962326
0: Epoch: [0][   0/3337]	8.30317211151123	6.256168842315674	6.348488807678223	1.5821579843759537
3: Epoch: [0][   0/3337]	8.303207397460938	6.242966175079346	6.348488807678223	1.5821579843759537
2: Epoch: [0][   0/3337]	8.303208351135254	6.227882385253906	6.348488807678223	1.5821579843759537
1: Epoch: [0][   0/3337]	8.303211212158203	6.223374366760254	6.348488807678223	1.5821579843759537
0: Epoch: [0][   0/3337]	8.283000946044922	6.237402439117432	6.344546794891357	1.596887968480587
3: Epoch: [0][   0/3337]	8.283035278320312	6.225039958953857	6.344546794891357	1.596887968480587
2: Epoch: [0][   0/3337]	8.283039093017578	6.210239887237549	6.344546794891357	1.596887968480587
1: Epoch: [0][   0/3337]	8.283041954040527	6.204907417297363	6.344546794891357	1.596887968480587
0: Epoch: [0][   0/3337]	8.279348373413086	6.231680393218994	6.340245246887207	1.611962728202343
3: Epoch: [0][   0/3337]	8.279383659362793	6.221035480499268	6.340245246887207	1.611962728202343
2: Epoch: [0][   0/3337]	8.279383659362793	6.206973075866699	6.340245246887207	1.611962728202343
1: Epoch: [0][   0/3337]	8.279387474060059	6.200509071350098	6.340245246887207	1.611962728202343
0: Epoch: [0][   0/3337]	8.256471633911133	6.210561752319336	6.336109161376953	1.6248095780611038
2: Epoch: [0][   0/3337]	8.25650691986084	6.186116695404053	6.336109161376953	1.6248095780611038
3: Epoch: [0][   0/3337]	8.256505966186523	6.199563026428223	6.336109161376953	1.6248095780611038
1: Epoch: [0][   0/3337]	8.256510734558105	6.178745269775391	6.336109161376953	1.6248095780611038
2: Epoch: [0][   0/3337]	8.250601768493652	6.180216312408447	6.331967830657959	1.6383867710828781
3: Epoch: [0][   0/3337]	8.250601768493652	6.192659378051758	6.331967830657959	1.6383867710828781
0: Epoch: [0][   0/3337]	8.250567436218262	6.206292152404785	6.331967830657959	1.6383867710828781
1: Epoch: [0][   0/3337]	8.250604629516602	6.175158977508545	6.331967830657959	1.6383867710828781
0: Epoch: [0][   0/3337]	8.225733757019043	6.183865547180176	6.328172206878662	1.6539441421627998
2: Epoch: [0][   0/3337]	8.225767135620117	6.157665252685547	6.328172206878662	1.6539441421627998
3: Epoch: [0][   0/3337]	8.225767135620117	6.170485496520996	6.328172206878662	1.6539441421627998
1: Epoch: [0][   0/3337]	8.225769996643066	6.1529974937438965	6.328172206878662	1.6539441421627998
0: Epoch: [0][   0/3337]	8.201210975646973	6.161900520324707	6.323801517486572	1.671440713107586
2: Epoch: [0][   0/3337]	8.201244354248047	6.135536193847656	6.323801517486572	1.671440713107586
3: Epoch: [0][   0/3337]	8.201245307922363	6.1481428146362305	6.323801517486572	1.671440713107586
1: Epoch: [0][   0/3337]	8.201250076293945	6.13062047958374	6.323801517486572	1.671440713107586
2: Epoch: [0][   0/3337]	8.17748737335205	6.114353179931641	6.319162368774414	1.6899455338716507
3: Epoch: [0][   0/3337]	8.17748737335205	6.126068592071533	6.319162368774414	1.6899455338716507
0: Epoch: [0][   0/3337]	8.177454948425293	6.139930725097656	6.319162368774414	1.6899455338716507
1: Epoch: [0][   0/3337]	8.177491188049316	6.108518600463867	6.319162368774414	1.6899455338716507
2: Epoch: [0][   0/3337]	8.153532028198242	6.0924835205078125	6.315127849578857	1.7067823559045792
3: Epoch: [0][   0/3337]	8.153533935546875	6.104146957397461	6.315127849578857	1.7067823559045792
0: Epoch: [0][   0/3337]	8.1535005569458	6.118061065673828	6.315127849578857	1.7067823559045792
1: Epoch: [0][   0/3337]	8.15353775024414	6.087090015411377	6.315127849578857	1.7067823559045792
3: Epoch: [0][   0/3337]	8.130157470703125	6.082691192626953	6.311356067657471	1.7200509086251259
0: Epoch: [0][   0/3337]	8.130123138427734	6.096373558044434	6.311356067657471	1.7200509086251259
2: Epoch: [0][   0/3337]	8.130155563354492	6.0714287757873535	6.311356067657471	1.7200509086251259
1: Epoch: [0][   0/3337]	8.130162239074707	6.0662150382995605	6.311356067657471	1.7200509086251259
2: Epoch: [0][   0/3337]	8.1234769821167	6.066611289978027	6.307028293609619	1.734888181090355
3: Epoch: [0][   0/3337]	8.123480796813965	6.076155662536621	6.307028293609619	1.734888181090355
0: Epoch: [0][   0/3337]	8.123449325561523	6.089475154876709	6.307028293609619	1.734888181090355
1: Epoch: [0][   0/3337]	8.123485565185547	6.060886859893799	6.307028293609619	1.734888181090355
2: Epoch: [0][   0/3337]	8.129030227661133	6.07071590423584	6.302978515625	1.7491808161139488
0: Epoch: [0][   0/3337]	8.128999710083008	6.092445373535156	6.302978515625	1.7491808161139488
3: Epoch: [0][   0/3337]	8.129034042358398	6.081258296966553	6.302978515625	1.7491808161139488
1: Epoch: [0][   0/3337]	8.129035949707031	6.0660810470581055	6.302978515625	1.7491808161139488
0: Epoch: [0][   0/3337]	8.130524635314941	6.094120979309082	6.298676013946533	1.7632842063903809
2: Epoch: [0][   0/3337]	8.130555152893066	6.070680141448975	6.298676013946533	1.7632842063903809
3: Epoch: [0][   0/3337]	8.130559921264648	6.083691596984863	6.298676013946533	1.7632842063903809
1: Epoch: [0][   0/3337]	8.130561828613281	6.065339088439941	6.298676013946533	1.7632842063903809
2: Epoch: [0][   0/3337]	8.131109237670898	6.069749355316162	6.294466018676758	1.7814826220273972
3: Epoch: [0][   0/3337]	8.131114959716797	6.085181713104248	6.294466018676758	1.7814826220273972
0: Epoch: [0][   0/3337]	8.13107967376709	6.0948357582092285	6.294466018676758	1.7814826220273972
0: 
1: Epoch: [0][   0/3337]	8.131115913391113	6.063961982727051	6.294466018676758	1.7814826220273972
0: Epoch: [0][   0/3337]	8.130814552307129	6.093878269195557	6.290218830108643	1.799953356385231
2: Epoch: [0][   0/3337]	8.13084602355957	6.069507598876953	6.290218830108643	1.799953356385231
3: Epoch: [0][   0/3337]	8.130850791931152	6.085659503936768	6.290218830108643	1.799953356385231
1: Epoch: [0][   0/3337]	8.130852699279785	6.062724590301514	6.290218830108643	1.799953356385231
0: Epoch: [0][   0/3337]	8.131489753723145	6.094069957733154	6.286582946777344	1.8126079812645912
2: Epoch: [0][   0/3337]	8.131521224975586	6.071003437042236	6.286582946777344	1.8126079812645912
3: Epoch: [0][   0/3337]	8.131525993347168	6.087292194366455	6.286582946777344	1.8126079812645912
1: Epoch: [0][   0/3337]	8.131528854370117	6.063389778137207	6.286582946777344	1.8126079812645912
2: Epoch: [0][   0/3337]	8.130692481994629	6.069477081298828	6.282712459564209	1.82661022990942
0: Epoch: [0][   0/3337]	8.130660057067871	6.0933613777160645	6.282712459564209	1.82661022990942
3: Epoch: [0][   0/3337]	8.130697250366211	6.085973262786865	6.282712459564209	1.82661022990942
1: Epoch: [0][   0/3337]	8.13070011138916	6.064680576324463	6.282712459564209	1.82661022990942
2: Epoch: [0][   0/3337]	8.131793975830078	6.06922721862793	6.278353691101074	1.8446039408445358
0: Epoch: [0][   0/3337]	8.131762504577637	6.095449924468994	6.278353691101074	1.8446039408445358
3: Epoch: [0][   0/3337]	8.131797790527344	6.087663650512695	6.278353691101074	1.8446039408445358
1: Epoch: [0][   0/3337]	8.13179874420166	6.066342830657959	6.278353691101074	1.8446039408445358
2: Epoch: [0][   0/3337]	8.133350372314453	6.070959091186523	6.27430534362793	1.8573956564068794
0: Epoch: [0][   0/3337]	8.133319854736328	6.0948896408081055	6.27430534362793	1.8573956564068794
3: Epoch: [0][   0/3337]	8.133354187011719	6.08880615234375	6.27430534362793	1.8573956564068794
1: Epoch: [0][   0/3337]	8.133358001708984	6.06680965423584	6.27430534362793	1.8573956564068794
2: Epoch: [0][   0/3337]	8.125778198242188	6.064111709594727	6.269998073577881	1.8749671056866646
3: Epoch: [0][   0/3337]	8.125782012939453	6.082266807556152	6.269998073577881	1.8749671056866646
0: Epoch: [0][   0/3337]	8.125748634338379	6.08852481842041	6.269998073577881	1.8749671056866646
1: Epoch: [0][   0/3337]	8.125785827636719	6.059911727905273	6.269998073577881	1.8749671056866646
2: Epoch: [0][   0/3337]	8.122557640075684	6.059493064880371	6.265885353088379	1.8905168399214745
0: Epoch: [0][   0/3337]	8.122528076171875	6.086790084838867	6.265885353088379	1.8905168399214745
3: Epoch: [0][   0/3337]	8.122560501098633	6.077608108520508	6.265885353088379	1.8905168399214745
1: Epoch: [0][   0/3337]	8.122566223144531	6.0581207275390625	6.265885353088379	1.8905168399214745
0: Epoch: [0][   0/3337]	8.109543800354004	6.075191020965576	6.2618632316589355	1.905221864581108
2: Epoch: [0][   0/3337]	8.109572410583496	6.047874927520752	6.2618632316589355	1.905221864581108
3: Epoch: [0][   0/3337]	8.109576225280762	6.065645217895508	6.2618632316589355	1.905221864581108
1: Epoch: [0][   0/3337]	8.109579086303711	6.046205043792725	6.2618632316589355	1.905221864581108
0: Epoch: [0][   0/3337]	8.10565185546875	6.073063850402832	6.257907867431641	1.9216841086745262
3: Epoch: [0][   0/3337]	8.105683326721191	6.061306476593018	6.257907867431641	1.9216841086745262
2: Epoch: [0][   0/3337]	8.105680465698242	6.043595314025879	6.257907867431641	1.9216841086745262
1: Epoch: [0][   0/3337]	8.105688095092773	6.042743682861328	6.257907867431641	1.9216841086745262
0: Epoch: [0][   0/3337]	8.105753898620605	6.071878910064697	6.253889560699463	1.9397102296352386
2: Epoch: [0][   0/3337]	8.105781555175781	6.0425333976745605	6.253889560699463	1.9397102296352386
3: Epoch: [0][   0/3337]	8.10578441619873	6.061440944671631	6.253889560699463	1.9397102296352386
1: Epoch: [0][   0/3337]	8.105790138244629	6.042799949645996	6.253889560699463	1.9397102296352386
0: Epoch: [0][   0/3337]	8.090575218200684	6.058692932128906	6.2496771812438965	1.9576750695705414
3: Epoch: [0][   0/3337]	8.090605735778809	6.047661304473877	6.2496771812438965	1.9576750695705414
2: Epoch: [0][   0/3337]	8.09060287475586	6.028154373168945	6.2496771812438965	1.9576750695705414
1: Epoch: [0][   0/3337]	8.09061336517334	6.028879165649414	6.2496771812438965	1.9576750695705414
2: Epoch: [0][   0/3337]	8.087464332580566	6.024721145629883	6.245652675628662	1.976531557738781
0: Epoch: [0][   0/3337]	8.087435722351074	6.055141448974609	6.245652675628662	1.976531557738781
3: Epoch: [0][   0/3337]	8.087465286254883	6.045923233032227	6.245652675628662	1.976531557738781
1: Epoch: [0][   0/3337]	8.087471961975098	6.0272626876831055	6.245652675628662	1.976531557738781
0: Epoch: [0][   0/3337]	8.081099510192871	6.04940128326416	6.241535186767578	1.995948702096939
2: Epoch: [0][   0/3337]	8.081127166748047	6.018978118896484	6.241535186767578	1.995948702096939
3: Epoch: [0][   0/3337]	8.081128120422363	6.03908634185791	6.241535186767578	1.995948702096939
1: Epoch: [0][   0/3337]	8.081134796142578	6.021212100982666	6.241535186767578	1.995948702096939
0: Epoch: [0][   0/3337]	8.069395065307617	6.0388360023498535	6.2375922203063965	2.014191448688507
2: Epoch: [0][   0/3337]	8.069422721862793	6.008838653564453	6.2375922203063965	2.014191448688507
3: Epoch: [0][   0/3337]	8.06942367553711	6.028454780578613	6.2375922203063965	2.014191448688507
1: Epoch: [0][   0/3337]	8.069429397583008	6.011067867279053	6.2375922203063965	2.014191448688507
0: Epoch: [0][   0/3337]	8.068425178527832	6.037923336029053	6.23375940322876	2.0315920934081078
2: Epoch: [0][   0/3337]	8.068453788757324	6.0074076652526855	6.23375940322876	2.0315920934081078
3: Epoch: [0][   0/3337]	8.06845474243164	6.026092529296875	6.23375940322876	2.0315920934081078
1: Epoch: [0][   0/3337]	8.068461418151855	6.0103559494018555	6.23375940322876	2.0315920934081078
0: Epoch: [0][   0/3337]	8.056147575378418	6.026830196380615	6.229894638061523	2.045532502233982
3: Epoch: [0][   0/3337]	8.056178092956543	6.015154838562012	6.229894638061523	2.045532502233982
1: Epoch: [0][   0/3337]	8.056180953979492	5.999095916748047	6.229894638061523	2.045532502233982
2: Epoch: [0][   0/3337]	8.05617904663086	5.99738883972168	6.229894638061523	2.045532502233982
0: Epoch: [0][   0/3337]	8.049752235412598	6.021383285522461	6.225900650024414	2.059154026210308
2: Epoch: [0][   0/3337]	8.04978084564209	5.990828514099121	6.225900650024414	2.059154026210308
3: Epoch: [0][   0/3337]	8.049783706665039	6.00805139541626	6.225900650024414	2.059154026210308
1: Epoch: [0][   0/3337]	8.049787521362305	5.994166851043701	6.225900650024414	2.059154026210308
0: Epoch: [0][   0/3337]	8.04479694366455	6.017078876495361	6.222073554992676	2.072768658399582
3: Epoch: [0][   0/3337]	8.044827461242676	6.003265380859375	6.222073554992676	2.072768658399582
2: Epoch: [0][   0/3337]	8.044824600219727	5.9856696128845215	6.222073554992676	2.072768658399582
1: Epoch: [0][   0/3337]	8.044831275939941	5.991507530212402	6.222073554992676	2.072768658399582
0: Epoch: [0][   0/3337]	8.03079605102539	6.004222869873047	6.218041896820068	2.089572325348854
2: Epoch: [0][   0/3337]	8.03082275390625	5.972545623779297	6.218041896820068	2.089572325348854
3: Epoch: [0][   0/3337]	8.030827522277832	5.990802764892578	6.218041896820068	2.089572325348854
1: Epoch: [0][   0/3337]	8.030830383300781	5.9792962074279785	6.218041896820068	2.089572325348854
0: Epoch: [0][   0/3337]	8.042023658752441	6.01434326171875	6.214163780212402	2.104516699910164
2: Epoch: [0][   0/3337]	8.0420503616333	5.9822258949279785	6.214163780212402	2.104516699910164
3: Epoch: [0][   0/3337]	8.042057037353516	6.001052379608154	6.214163780212402	2.104516699910164
1: Epoch: [0][   0/3337]	8.042057991027832	5.988872051239014	6.214163780212402	2.104516699910164
0: Epoch: [0][   0/3337]	8.044100761413574	6.0158305168151855	6.210240840911865	2.1212436258792877
2: Epoch: [0][   0/3337]	8.044127464294434	5.984068870544434	6.210240840911865	2.1212436258792877
3: Epoch: [0][   0/3337]	8.044134140014648	6.002968788146973	6.210240840911865	2.1212436258792877
1: Epoch: [0][   0/3337]	8.044136047363281	5.991294860839844	6.210240840911865	2.1212436258792877
0: Epoch: [0][   0/3337]	8.045512199401855	6.016566276550293	6.206313133239746	2.1380778402090073
3: Epoch: [0][   0/3337]	8.045543670654297	6.004088878631592	6.206313133239746	2.1380778402090073
1: Epoch: [0][   0/3337]	8.045544624328613	5.99099588394165	6.206313133239746	2.1380778402090073
2: Epoch: [0][   0/3337]	8.045540809631348	5.985267639160156	6.206313133239746	2.1380778402090073
0: Epoch: [0][   0/3337]	8.045945167541504	6.018455505371094	6.202439785003662	2.1560583263635635
3: Epoch: [0][   0/3337]	8.045976638793945	6.005472183227539	6.202439785003662	2.1560583263635635
2: Epoch: [0][   0/3337]	8.045971870422363	5.985239505767822	6.202439785003662	2.1560583263635635
1: Epoch: [0][   0/3337]	8.045978546142578	5.991009712219238	6.202439785003662	2.1560583263635635
2: Epoch: [0][   0/3337]	8.047537803649902	5.98708438873291	6.198605537414551	2.174130454659462
0: Epoch: [0][   0/3337]	8.04751205444336	6.0193400382995605	6.198605537414551	2.174130454659462
3: Epoch: [0][   0/3337]	8.0475435256958	6.007330417633057	6.198605537414551	2.174130454659462
1: Epoch: [0][   0/3337]	8.047547340393066	5.992400646209717	6.198605537414551	2.174130454659462
0: Epoch: [0][   0/3337]	8.048529624938965	6.020320892333984	6.195041179656982	2.189057692885399
2: Epoch: [0][   0/3337]	8.048556327819824	5.9881439208984375	6.195041179656982	2.189057692885399
3: Epoch: [0][   0/3337]	8.04856014251709	6.009406089782715	6.195041179656982	2.189057692885399
1: Epoch: [0][   0/3337]	8.048563003540039	5.994314193725586	6.195041179656982	2.189057692885399
0: Epoch: [0][   0/3337]	8.050301551818848	6.020946025848389	6.191165447235107	2.2046945989131927
2: Epoch: [0][   0/3337]	8.050328254699707	5.990236759185791	6.191165447235107	2.2046945989131927
3: Epoch: [0][   0/3337]	8.050332069396973	6.011678218841553	6.191165447235107	2.2046945989131927
1: Epoch: [0][   0/3337]	8.050335884094238	5.994965076446533	6.191165447235107	2.2046945989131927
