WORKERS: "gpu01-ib:5555","gpu02-ib:5555","gpu03-ib:5555","gpu04-ib:5555","gpu05-ib:5555","gpu06-ib:5555","gpu07-ib:5555","gpu08-ib:5555"
Start at Sun Feb 14 00:24:45 EET 2021
CUDA_VISIBLE_DEVICES: 0,1
Running on hosts: gpu[01-08]
Running on 8 nodes.
Running 2 tasks per node
Job id is 1094952
14: Number of devices per node: 2
10: Number of devices per node: 2
13: Number of devices per node: 2
15: Number of devices per node: 2
15: 
09: Number of devices per node: 2
11: Number of devices per node: 2
12: Number of devices per node: 2
08: Number of devices per node: 2
07: Number of devices per node: 2
06: Number of devices per node: 2
02: Number of devices per node: 2
03: Number of devices per node: 2
04: Number of devices per node: 2
05: Number of devices per node: 2
00: Number of devices per node: 2
01: Number of devices per node: 2
06: rank 6
02: rank 2
15: rank 15
04: rank 4
08: rank 8
07: rank 7
01: rank 1
09: rank 
00: rank 
00: 0
10: rank 10
03: rank 3
09: 9
05: rank 5
14: rank 14
10: 
05: 
11: rank 11
13: rank 13
12: rank 12
15: => creating model 'resnet50'
10: => creating model 'resnet50'
14: => creating model 'resnet50'
09: => creating model 'resnet50'
08: => creating model 'resnet50'
06: => creating model 'resnet50'
11: => creating model 'resnet50'
07: => creating model 'resnet50'
13: => creating model 'resnet50'
12: => creating model 'resnet50'
05: => creating model 'resnet50'
04: => creating model 'resnet50'
02: => creating model 'resnet50'
03: => creating model 'resnet50'
00: => creating model 'resnet50'
01: => creating model 'resnet50'
01: Epoch 0/90 - 29.582s
02: Epoch 0/90 - 29.582s
06: Epoch 0/90 - 29.579s
08: Epoch 0/90 - 29.579s
13: Epoch 0/90 - 29.579s
14: Epoch 0/90 - 29.579s
04: Epoch 0/90 - 29.581s
10: Epoch 0/90 - 29.579s
03: Epoch 0/90 - 29.581s
07: Epoch 0/90 - 29.579s
09: Epoch 0/90 - 29.579s
12: Epoch 0/90 - 29.579s
15: Epoch 0/90 - 29.579s
05: Epoch 0/90 - 29.579s
11: Epoch 0/90 - 29.579s
00: Epoch 0/90 - 29.586s
12: 
01: Epoch 1/90 - 15.358s
02: Epoch 1/90 - 15.358s
06: Epoch 1/90 - 15.358s
08: Epoch 1/90 - 15.358s
12: Epoch 1/90 - 15.358s
14: Epoch 1/90 - 15.358s
04: Epoch 1/90 - 15.358s
10: Epoch 1/90 - 15.358s
03: Epoch 1/90 - 15.358s
07: Epoch 1/90 - 15.358s
09: Epoch 1/90 - 15.358s
13: Epoch 1/90 - 15.358s
15: Epoch 1/90 - 15.358s
05: Epoch 1/90 - 15.358s
11: Epoch 1/90 - 15.358s
00: Epoch 1/90 - 15.358s
01: Epoch 2/90 - 15.322s
06: Epoch 2/90 - 15.322s
08: Epoch 2/90 - 15.322s
12: Epoch 2/90 - 15.322s
14: Epoch 2/90 - 15.322s
04: Epoch 2/90 - 15.322s
10: Epoch 2/90 - 15.322s
02: Epoch 2/90 - 15.322s
07: Epoch 2/90 - 15.322s
09: Epoch 2/90 - 15.322s
13: Epoch 2/90 - 15.322s
15: Epoch 2/90 - 15.322s
05: Epoch 2/90 - 15.322s
11: Epoch 2/90 - 15.322s
03: Epoch 2/90 - 15.322s
00: Epoch 2/90 - 15.322s
09: Epoch 3/90 - 15.042s
01: Epoch 3/90 - 15.042s
04: Epoch 3/90 - 15.042s
02: Epoch 3/90 - 15.042s
06: Epoch 3/90 - 15.042s
08: Epoch 3/90 - 15.042s
12: Epoch 3/90 - 15.042s
14: Epoch 3/90 - 15.042s
05: Epoch 3/90 - 15.042s
10: Epoch 3/90 - 15.042s
03: Epoch 3/90 - 15.042s
07: Epoch 3/90 - 15.042s
13: Epoch 3/90 - 15.042s
15: Epoch 3/90 - 15.042s
11: Epoch 3/90 - 15.042s
00: Epoch 3/90 - 15.042s
01: Epoch 4/90 - 14.720s
06: Epoch 4/90 - 14.720s
08: Epoch 4/90 - 14.720s
12: Epoch 4/90 - 14.720s
14: Epoch 4/90 - 14.720s
04: Epoch 4/90 - 14.720s
10: Epoch 4/90 - 14.720s
02: Epoch 4/90 - 14.720s
07: Epoch 4/90 - 14.720s
09: Epoch 4/90 - 14.720s
13: Epoch 4/90 - 14.720s
15: Epoch 4/90 - 14.720s
05: Epoch 4/90 - 14.720s
11: Epoch 4/90 - 14.720s
03: Epoch 4/90 - 14.720s
00: Epoch 4/90 - 14.720s
08: Epoch 5/90 - 14.912s
01: Epoch 5/90 - 14.912s
12: Epoch 5/90 - 14.912s
14: Epoch 5/90 - 14.912s
04: Epoch 5/90 - 14.912s
02: Epoch 5/90 - 14.912s
06: Epoch 5/90 - 14.912s
09: Epoch 5/90 - 14.912s
13: Epoch 5/90 - 14.912s
15: Epoch 5/90 - 14.912s
05: Epoch 5/90 - 14.912s
10: Epoch 5/90 - 14.912s
03: Epoch 5/90 - 14.912s
07: Epoch 5/90 - 14.912s
11: Epoch 5/90 - 14.912s
00: Epoch 5/90 - 14.912s
01: Epoch 6/90 - 14.878s
06: Epoch 6/90 - 14.878s
08: Epoch 6/90 - 14.878s
14: Epoch 6/90 - 14.878s
04: Epoch 6/90 - 14.878s
10: Epoch 6/90 - 14.878s
02: Epoch 6/90 - 14.878s
07: Epoch 6/90 - 14.878s
09: Epoch 6/90 - 14.878s
12: Epoch 6/90 - 14.878s
15: Epoch 6/90 - 14.878s
05: Epoch 6/90 - 14.878s
11: Epoch 6/90 - 14.878s
03: Epoch 6/90 - 14.878s
00: Epoch 6/90 - 14.878s
13: Epoch 6/90 - 14.878s
01: Epoch 7/90 - 14.930s
12: Epoch 7/90 - 14.930s
02: Epoch 7/90 - 14.930s
06: Epoch 7/90 - 14.930s
08: Epoch 7/90 - 14.930s
13: Epoch 7/90 - 14.930s
14: Epoch 7/90 - 14.930s
04: Epoch 7/90 - 14.930s
10: Epoch 7/90 - 14.930s
03: Epoch 7/90 - 14.930s
07: Epoch 7/90 - 14.930s
09: Epoch 7/90 - 14.930s
15: Epoch 7/90 - 14.930s
05: Epoch 7/90 - 14.930s
11: Epoch 7/90 - 14.930s
00: Epoch 7/90 - 14.930s
01: Epoch 8/90 - 14.918s
06: Epoch 8/90 - 14.918s
08: Epoch 8/90 - 14.918s
12: Epoch 8/90 - 14.918s
04: Epoch 8/90 - 14.918s
10: Epoch 8/90 - 14.918s
02: Epoch 8/90 - 14.918s
07: Epoch 8/90 - 14.918s
09: Epoch 8/90 - 14.918s
13: Epoch 8/90 - 14.918s
14: Epoch 8/90 - 14.918s
05: Epoch 8/90 - 14.918s
11: Epoch 8/90 - 14.918s
03: Epoch 8/90 - 14.918s
15: Epoch 8/90 - 14.918s
00: Epoch 8/90 - 14.918s
01: Epoch 9/90 - 15.003s
08: Epoch 9/90 - 15.003s
14: Epoch 9/90 - 15.003s
02: Epoch 9/90 - 15.003s
06: Epoch 9/90 - 15.003s
12: Epoch 9/90 - 15.003s
04: Epoch 9/90 - 15.003s
10: Epoch 9/90 - 15.003s
09: Epoch 9/90 - 15.003s
15: Epoch 9/90 - 15.003s
03: Epoch 9/90 - 15.003s
13: Epoch 9/90 - 15.003s
05: Epoch 9/90 - 15.003s
11: Epoch 9/90 - 15.003s
07: Epoch 9/90 - 15.003s
00: Epoch 9/90 - 15.003s
01: Epoch 10/90 - 15.332s
06: Epoch 10/90 - 15.332s
08: Epoch 10/90 - 15.332s
12: Epoch 10/90 - 15.332s
04: Epoch 10/90 - 15.332s
10: Epoch 10/90 - 15.332s
02: Epoch 10/90 - 15.332s
07: Epoch 10/90 - 15.332s
09: Epoch 10/90 - 15.332s
13: Epoch 10/90 - 15.332s
14: Epoch 10/90 - 15.332s
05: Epoch 10/90 - 15.332s
11: Epoch 10/90 - 15.332s
03: Epoch 10/90 - 15.332s
00: Epoch 10/90 - 15.332s
15: Epoch 10/90 - 15.332s
08: Epoch 11/90 - 15.449s
01: Epoch 11/90 - 15.449s
12: Epoch 11/90 - 15.449s
04: Epoch 11/90 - 15.449s
10: Epoch 11/90 - 15.449s
02: Epoch 11/90 - 15.449s
06: Epoch 11/90 - 15.449s
09: Epoch 11/90 - 15.449s
13: Epoch 11/90 - 15.449s
14: Epoch 11/90 - 15.449s
05: Epoch 11/90 - 15.449s
11: Epoch 11/90 - 15.449s
03: Epoch 11/90 - 15.449s
07: Epoch 11/90 - 15.449s
15: Epoch 11/90 - 15.449s
00: Epoch 11/90 - 15.449s
01: Epoch 12/90 - 15.515s
06: Epoch 12/90 - 15.515s
08: Epoch 12/90 - 15.515s
12: Epoch 12/90 - 15.515s
14: Epoch 12/90 - 15.515s
04: Epoch 12/90 - 15.515s
10: Epoch 12/90 - 15.515s
02: Epoch 12/90 - 15.515s
07: Epoch 12/90 - 15.515s
09: Epoch 12/90 - 15.515s
13: Epoch 12/90 - 15.515s
15: Epoch 12/90 - 15.515s
05: Epoch 12/90 - 15.515s
11: Epoch 12/90 - 15.515s
03: Epoch 12/90 - 15.515s
00: Epoch 12/90 - 15.515s
01: Epoch 13/90 - 15.510s
06: Epoch 13/90 - 15.510s
08: Epoch 13/90 - 15.510s
12: Epoch 13/90 - 15.510s
14: Epoch 13/90 - 15.510s
04: Epoch 13/90 - 15.510s
10: Epoch 13/90 - 15.510s
02: Epoch 13/90 - 15.510s
07: Epoch 13/90 - 15.510s
09: Epoch 13/90 - 15.510s
13: Epoch 13/90 - 15.510s
15: Epoch 13/90 - 15.510s
05: Epoch 13/90 - 15.510s
11: Epoch 13/90 - 15.510s
03: Epoch 13/90 - 15.510s
00: Epoch 13/90 - 15.510s
01: Epoch 14/90 - 15.500s
12: Epoch 14/90 - 15.500s
04: Epoch 14/90 - 15.500s
02: Epoch 14/90 - 15.500s
06: Epoch 14/90 - 15.500s
08: Epoch 14/90 - 15.500s
14: Epoch 14/90 - 15.500s
05: Epoch 14/90 - 15.500s
10: Epoch 14/90 - 15.500s
03: Epoch 14/90 - 15.500s
07: Epoch 14/90 - 15.500s
09: Epoch 14/90 - 15.500s
13: Epoch 14/90 - 15.500s
15: Epoch 14/90 - 15.500s
11: Epoch 14/90 - 15.500s
00: Epoch 14/90 - 15.499s
01: Epoch 15/90 - 15.447s
12: Epoch 15/90 - 15.447s
08: Epoch 15/90 - 15.447s
14: Epoch 15/90 - 15.447s
04: Epoch 15/90 - 15.447s
10: Epoch 15/90 - 15.447s
02: Epoch 15/90 - 15.447s
06: Epoch 15/90 - 15.447s
09: Epoch 15/90 - 15.447s
13: Epoch 15/90 - 15.447s
15: Epoch 15/90 - 15.447s
05: Epoch 15/90 - 15.447s
11: Epoch 15/90 - 15.447s
03: Epoch 15/90 - 15.447s
07: Epoch 15/90 - 15.447s
00: Epoch 15/90 - 15.447s
01: Epoch 16/90 - 15.383s
02: Epoch 16/90 - 15.383s
06: Epoch 16/90 - 15.383s
08: Epoch 16/90 - 15.383s
12: Epoch 16/90 - 15.383s
14: Epoch 16/90 - 15.383s
04: Epoch 16/90 - 15.383s
10: Epoch 16/90 - 15.383s
07: Epoch 16/90 - 15.383s
09: Epoch 16/90 - 15.383s
13: Epoch 16/90 - 15.383s
15: Epoch 16/90 - 15.383s
05: Epoch 16/90 - 15.383s
11: Epoch 16/90 - 15.383s
03: Epoch 16/90 - 15.383s
00: Epoch 16/90 - 15.383s
06: Epoch 17/90 - 15.453s
01: Epoch 17/90 - 15.453s
02: Epoch 17/90 - 15.453s
08: Epoch 17/90 - 15.453s
12: Epoch 17/90 - 15.453s
14: Epoch 17/90 - 15.453s
04: Epoch 17/90 - 15.453s
10: Epoch 17/90 - 15.453s
07: Epoch 17/90 - 15.453s
09: Epoch 17/90 - 15.453s
13: Epoch 17/90 - 15.453s
15: Epoch 17/90 - 15.453s
05: Epoch 17/90 - 15.453s
11: Epoch 17/90 - 15.453s
03: Epoch 17/90 - 15.453s
00: Epoch 17/90 - 15.452s
01: Epoch 18/90 - 15.675s
04: Epoch 18/90 - 15.675s
06: Epoch 18/90 - 15.675s
08: Epoch 18/90 - 15.675s
12: Epoch 18/90 - 15.675s
14: Epoch 18/90 - 15.675s
10: Epoch 18/90 - 15.675s
02: Epoch 18/90 - 15.675s
07: Epoch 18/90 - 15.675s
09: Epoch 18/90 - 15.675s
13: Epoch 18/90 - 15.675s
15: Epoch 18/90 - 15.675s
05: Epoch 18/90 - 15.675s
11: Epoch 18/90 - 15.675s
03: Epoch 18/90 - 15.675s
00: Epoch 18/90 - 15.675s
01: Epoch 19/90 - 15.686s
06: Epoch 19/90 - 15.686s
08: Epoch 19/90 - 15.686s
04: Epoch 19/90 - 15.686s
07: Epoch 19/90 - 15.686s
09: Epoch 19/90 - 15.686s
12: Epoch 19/90 - 15.686s
14: Epoch 19/90 - 15.686s
10: Epoch 19/90 - 15.686s
02: Epoch 19/90 - 15.686s
13: Epoch 19/90 - 15.686s
15: Epoch 19/90 - 15.686s
05: Epoch 19/90 - 15.686s
11: Epoch 19/90 - 15.686s
03: Epoch 19/90 - 15.686s
00: Epoch 19/90 - 15.686s
01: Epoch 20/90 - 14.939s
12: Epoch 20/90 - 14.939s
06: Epoch 20/90 - 14.939s
08: Epoch 20/90 - 14.939s
14: Epoch 20/90 - 14.939s
04: Epoch 20/90 - 14.939s
10: Epoch 20/90 - 14.939s
02: Epoch 20/90 - 14.939s
09: Epoch 20/90 - 14.939s
13: Epoch 20/90 - 14.939s
03: Epoch 20/90 - 14.939s
07: Epoch 20/90 - 14.939s
15: Epoch 20/90 - 14.939s
05: Epoch 20/90 - 14.939s
11: Epoch 20/90 - 14.939s
00: Epoch 20/90 - 14.939s
01: Epoch 21/90 - 15.323s
06: Epoch 21/90 - 15.323s
12: Epoch 21/90 - 15.323s
14: Epoch 21/90 - 15.323s
10: Epoch 21/90 - 15.323s
02: Epoch 21/90 - 15.323s
07: Epoch 21/90 - 15.323s
08: Epoch 21/90 - 15.323s
13: Epoch 21/90 - 15.323s
15: Epoch 21/90 - 15.323s
04: Epoch 21/90 - 15.323s
11: Epoch 21/90 - 15.323s
03: Epoch 21/90 - 15.323s
09: Epoch 21/90 - 15.323s
05: Epoch 21/90 - 15.323s
00: Epoch 21/90 - 15.323s
08: Epoch 22/90 - 15.614s
01: Epoch 22/90 - 15.614s
06: Epoch 22/90 - 15.614s
12: Epoch 22/90 - 15.614s
14: Epoch 22/90 - 15.614s
04: Epoch 22/90 - 15.614s
10: Epoch 22/90 - 15.614s
02: Epoch 22/90 - 15.614s
07: Epoch 22/90 - 15.614s
09: Epoch 22/90 - 15.614s
13: Epoch 22/90 - 15.614s
11: Epoch 22/90 - 15.614s
03: Epoch 22/90 - 15.614s
15: Epoch 22/90 - 15.614s
05: Epoch 22/90 - 15.614s
00: Epoch 22/90 - 15.614s
01: Epoch 23/90 - 15.536s
06: Epoch 23/90 - 15.536s
08: Epoch 23/90 - 15.536s
12: Epoch 23/90 - 15.536s
14: Epoch 23/90 - 15.536s
04: Epoch 23/90 - 15.536s
10: Epoch 23/90 - 15.536s
02: Epoch 23/90 - 15.536s
07: Epoch 23/90 - 15.536s
09: Epoch 23/90 - 15.536s
13: Epoch 23/90 - 15.536s
15: Epoch 23/90 - 15.536s
05: Epoch 23/90 - 15.536s
11: Epoch 23/90 - 15.536s
03: Epoch 23/90 - 15.535s
00: Epoch 23/90 - 15.536s
06: Epoch 24/90 - 15.546s
01: Epoch 24/90 - 15.546s
08: Epoch 24/90 - 15.546s
12: Epoch 24/90 - 15.546s
14: Epoch 24/90 - 15.546s
04: Epoch 24/90 - 15.546s
10: Epoch 24/90 - 15.546s
02: Epoch 24/90 - 15.546s
07: Epoch 24/90 - 15.546s
09: Epoch 24/90 - 15.546s
13: Epoch 24/90 - 15.546s
15: Epoch 24/90 - 15.546s
05: Epoch 24/90 - 15.546s
11: Epoch 24/90 - 15.546s
03: Epoch 24/90 - 15.546s
00: Epoch 24/90 - 15.546s
01: Epoch 25/90 - 15.424s
06: Epoch 25/90 - 15.424s
08: Epoch 25/90 - 15.424s
02: Epoch 25/90 - 15.424s
07: Epoch 25/90 - 15.424s
09: Epoch 25/90 - 15.424s
12: Epoch 25/90 - 15.424s
14: Epoch 25/90 - 15.424s
04: Epoch 25/90 - 15.424s
10: Epoch 25/90 - 15.424s
03: Epoch 25/90 - 15.424s
13: Epoch 25/90 - 15.424s
15: Epoch 25/90 - 15.424s
05: Epoch 25/90 - 15.424s
11: Epoch 25/90 - 15.424s
00: Epoch 25/90 - 15.424s
08: Epoch 26/90 - 15.002s
01: Epoch 26/90 - 15.002s
02: Epoch 26/90 - 15.002s
06: Epoch 26/90 - 15.002s
09: Epoch 26/90 - 15.002s
12: Epoch 26/90 - 15.002s
14: Epoch 26/90 - 15.002s
04: Epoch 26/90 - 15.002s
10: Epoch 26/90 - 15.002s
03: Epoch 26/90 - 15.002s
07: Epoch 26/90 - 15.002s
13: Epoch 26/90 - 15.002s
15: Epoch 26/90 - 15.002s
05: Epoch 26/90 - 15.002s
11: Epoch 26/90 - 15.002s
00: Epoch 26/90 - 15.002s
01: Epoch 27/90 - 15.687s
06: Epoch 27/90 - 15.687s
08: Epoch 27/90 - 15.687s
12: Epoch 27/90 - 15.687s
14: Epoch 27/90 - 15.687s
04: Epoch 27/90 - 15.687s
10: Epoch 27/90 - 15.687s
07: Epoch 27/90 - 15.687s
09: Epoch 27/90 - 15.687s
13: Epoch 27/90 - 15.687s
15: Epoch 27/90 - 15.687s
05: Epoch 27/90 - 15.687s
11: Epoch 27/90 - 15.687s
02: Epoch 27/90 - 15.687s
03: Epoch 27/90 - 15.687s
00: Epoch 27/90 - 15.687s
01: Epoch 28/90 - 15.043s
02: Epoch 28/90 - 15.043s
06: Epoch 28/90 - 15.043s
08: Epoch 28/90 - 15.043s
12: Epoch 28/90 - 15.043s
14: Epoch 28/90 - 15.043s
04: Epoch 28/90 - 15.043s
10: Epoch 28/90 - 15.043s
07: Epoch 28/90 - 15.043s
09: Epoch 28/90 - 15.043s
13: Epoch 28/90 - 15.043s
15: Epoch 28/90 - 15.043s
05: Epoch 28/90 - 15.043s
11: Epoch 28/90 - 15.043s
03: Epoch 28/90 - 15.043s
00: Epoch 28/90 - 15.043s
00: 
01: Epoch 29/90 - 15.117s
06: Epoch 29/90 - 15.117s
08: Epoch 29/90 - 15.117s
12: Epoch 29/90 - 15.117s
14: Epoch 29/90 - 15.117s
04: Epoch 29/90 - 15.117s
10: Epoch 29/90 - 15.117s
02: Epoch 29/90 - 15.117s
07: Epoch 29/90 - 15.117s
09: Epoch 29/90 - 15.117s
13: Epoch 29/90 - 15.117s
15: Epoch 29/90 - 15.117s
05: Epoch 29/90 - 15.117s
11: Epoch 29/90 - 15.117s
03: Epoch 29/90 - 15.117s
00: Epoch 29/90 - 15.117s
01: Epoch 30/90 - 15.365s
06: Epoch 30/90 - 15.365s
08: Epoch 30/90 - 15.365s
12: Epoch 30/90 - 15.365s
14: Epoch 30/90 - 15.365s
04: Epoch 30/90 - 15.365s
10: Epoch 30/90 - 15.365s
02: Epoch 30/90 - 15.365s
07: Epoch 30/90 - 15.365s
09: Epoch 30/90 - 15.365s
13: Epoch 30/90 - 15.365s
15: Epoch 30/90 - 15.365s
05: Epoch 30/90 - 15.365s
11: Epoch 30/90 - 15.365s
03: Epoch 30/90 - 15.365s
00: Epoch 30/90 - 15.365s
01: Epoch 31/90 - 15.729s
08: Epoch 31/90 - 15.729s
12: Epoch 31/90 - 15.729s
14: Epoch 31/90 - 15.729s
04: Epoch 31/90 - 15.729s
10: Epoch 31/90 - 15.729s
02: Epoch 31/90 - 15.729s
06: Epoch 31/90 - 15.729s
09: Epoch 31/90 - 15.729s
13: Epoch 31/90 - 15.729s
15: Epoch 31/90 - 15.729s
05: Epoch 31/90 - 15.729s
11: Epoch 31/90 - 15.729s
03: Epoch 31/90 - 15.729s
07: Epoch 31/90 - 15.729s
00: Epoch 31/90 - 15.729s
06: Epoch 32/90 - 15.750s
08: Epoch 32/90 - 15.750s
01: Epoch 32/90 - 15.750s
12: Epoch 32/90 - 15.750s
14: Epoch 32/90 - 15.750s
04: Epoch 32/90 - 15.750s
10: Epoch 32/90 - 15.750s
02: Epoch 32/90 - 15.750s
07: Epoch 32/90 - 15.750s
09: Epoch 32/90 - 15.750s
13: Epoch 32/90 - 15.750s
15: Epoch 32/90 - 15.750s
05: Epoch 32/90 - 15.750s
11: Epoch 32/90 - 15.750s
03: Epoch 32/90 - 15.750s
00: Epoch 32/90 - 15.750s
08: Epoch 33/90 - 15.231s
01: Epoch 33/90 - 15.231s
12: Epoch 33/90 - 15.231s
14: Epoch 33/90 - 15.231s
06: Epoch 33/90 - 15.231s
09: Epoch 33/90 - 15.231s
04: Epoch 33/90 - 15.231s
10: Epoch 33/90 - 15.231s
02: Epoch 33/90 - 15.231s
07: Epoch 33/90 - 15.231s
13: Epoch 33/90 - 15.231s
15: Epoch 33/90 - 15.231s
05: Epoch 33/90 - 15.231s
11: Epoch 33/90 - 15.231s
03: Epoch 33/90 - 15.231s
00: Epoch 33/90 - 15.231s
06: Epoch 34/90 - 15.065s
08: Epoch 34/90 - 15.065s
01: Epoch 34/90 - 15.065s
02: Epoch 34/90 - 15.065s
12: Epoch 34/90 - 15.065s
14: Epoch 34/90 - 15.065s
04: Epoch 34/90 - 15.065s
10: Epoch 34/90 - 15.065s
07: Epoch 34/90 - 15.065s
09: Epoch 34/90 - 15.065s
05: Epoch 34/90 - 15.065s
03: Epoch 34/90 - 15.065s
13: Epoch 34/90 - 15.065s
15: Epoch 34/90 - 15.065s
11: Epoch 34/90 - 15.065s
00: Epoch 34/90 - 15.065s
01: Epoch 35/90 - 15.390s
08: Epoch 35/90 - 15.390s
12: Epoch 35/90 - 15.390s
14: Epoch 35/90 - 15.390s
04: Epoch 35/90 - 15.390s
10: Epoch 35/90 - 15.390s
06: Epoch 35/90 - 15.390s
09: Epoch 35/90 - 15.390s
13: Epoch 35/90 - 15.390s
15: Epoch 35/90 - 15.390s
05: Epoch 35/90 - 15.390s
11: Epoch 35/90 - 15.390s
02: Epoch 35/90 - 15.390s
07: Epoch 35/90 - 15.390s
00: Epoch 35/90 - 15.390s
03: Epoch 35/90 - 15.390s
01: Epoch 36/90 - 15.609s
06: Epoch 36/90 - 15.609s
08: Epoch 36/90 - 15.609s
12: Epoch 36/90 - 15.609s
14: Epoch 36/90 - 15.609s
04: Epoch 36/90 - 15.609s
10: Epoch 36/90 - 15.609s
02: Epoch 36/90 - 15.609s
07: Epoch 36/90 - 15.609s
09: Epoch 36/90 - 15.609s
13: Epoch 36/90 - 15.609s
15: Epoch 36/90 - 15.609s
05: Epoch 36/90 - 15.609s
11: Epoch 36/90 - 15.609s
03: Epoch 36/90 - 15.609s
00: Epoch 36/90 - 15.609s
01: Epoch 37/90 - 15.168s
06: Epoch 37/90 - 15.168s
08: Epoch 37/90 - 15.168s
12: Epoch 37/90 - 15.168s
14: Epoch 37/90 - 15.168s
04: Epoch 37/90 - 15.168s
10: Epoch 37/90 - 15.168s
02: Epoch 37/90 - 15.168s
07: Epoch 37/90 - 15.168s
09: Epoch 37/90 - 15.168s
13: Epoch 37/90 - 15.168s
15: Epoch 37/90 - 15.168s
05: Epoch 37/90 - 15.168s
11: Epoch 37/90 - 15.168s
03: Epoch 37/90 - 15.168s
00: Epoch 37/90 - 15.168s
01: Epoch 38/90 - 15.006s
06: Epoch 38/90 - 15.006s
12: Epoch 38/90 - 15.006s
14: Epoch 38/90 - 15.006s
10: Epoch 38/90 - 15.006s
02: Epoch 38/90 - 15.006s
07: Epoch 38/90 - 15.006s
08: Epoch 38/90 - 15.006s
13: Epoch 38/90 - 15.006s
15: Epoch 38/90 - 15.006s
04: Epoch 38/90 - 15.006s
11: Epoch 38/90 - 15.006s
03: Epoch 38/90 - 15.006s
09: Epoch 38/90 - 15.006s
00: Epoch 38/90 - 15.006s
05: Epoch 38/90 - 15.006s
01: Epoch 39/90 - 15.063s
06: Epoch 39/90 - 15.063s
08: Epoch 39/90 - 15.063s
12: Epoch 39/90 - 15.063s
14: Epoch 39/90 - 15.063s
04: Epoch 39/90 - 15.063s
10: Epoch 39/90 - 15.063s
02: Epoch 39/90 - 15.063s
07: Epoch 39/90 - 15.063s
09: Epoch 39/90 - 15.063s
13: Epoch 39/90 - 15.063s
15: Epoch 39/90 - 15.063s
05: Epoch 39/90 - 15.063s
11: Epoch 39/90 - 15.063s
03: Epoch 39/90 - 15.063s
00: Epoch 39/90 - 15.063s
01: Epoch 40/90 - 14.869s
02: Epoch 40/90 - 14.869s
06: Epoch 40/90 - 14.869s
08: Epoch 40/90 - 14.869s
12: Epoch 40/90 - 14.869s
14: Epoch 40/90 - 14.869s
04: Epoch 40/90 - 14.869s
10: Epoch 40/90 - 14.869s
07: Epoch 40/90 - 14.869s
09: Epoch 40/90 - 14.869s
13: Epoch 40/90 - 14.869s
15: Epoch 40/90 - 14.869s
05: Epoch 40/90 - 14.869s
11: Epoch 40/90 - 14.869s
03: Epoch 40/90 - 14.869s
00: Epoch 40/90 - 14.869s
01: Epoch 41/90 - 15.429s
02: Epoch 41/90 - 15.429s
06: Epoch 41/90 - 15.429s
08: Epoch 41/90 - 15.429s
12: Epoch 41/90 - 15.429s
14: Epoch 41/90 - 15.429s
04: Epoch 41/90 - 15.429s
10: Epoch 41/90 - 15.429s
03: Epoch 41/90 - 15.429s
07: Epoch 41/90 - 15.429s
09: Epoch 41/90 - 15.429s
13: Epoch 41/90 - 15.429s
15: Epoch 41/90 - 15.429s
05: Epoch 41/90 - 15.429s
11: Epoch 41/90 - 15.429s
00: Epoch 41/90 - 15.429s
01: Epoch 42/90 - 15.394s
04: Epoch 42/90 - 15.394s
06: Epoch 42/90 - 15.394s
08: Epoch 42/90 - 15.394s
12: Epoch 42/90 - 15.394s
14: Epoch 42/90 - 15.394s
10: Epoch 42/90 - 15.394s
02: Epoch 42/90 - 15.394s
07: Epoch 42/90 - 15.394s
09: Epoch 42/90 - 15.394s
13: Epoch 42/90 - 15.394s
15: Epoch 42/90 - 15.394s
05: Epoch 42/90 - 15.394s
11: Epoch 42/90 - 15.394s
03: Epoch 42/90 - 15.394s
00: Epoch 42/90 - 15.394s
01: Epoch 43/90 - 15.511s
02: Epoch 43/90 - 15.511s
06: Epoch 43/90 - 15.511s
08: Epoch 43/90 - 15.511s
12: Epoch 43/90 - 15.511s
14: Epoch 43/90 - 15.511s
04: Epoch 43/90 - 15.511s
10: Epoch 43/90 - 15.511s
03: Epoch 43/90 - 15.511s
07: Epoch 43/90 - 15.511s
09: Epoch 43/90 - 15.511s
00: Epoch 43/90 - 15.511s
13: Epoch 43/90 - 15.511s
15: Epoch 43/90 - 15.511s
05: Epoch 43/90 - 15.511s
11: Epoch 43/90 - 15.511s
01: Epoch 44/90 - 15.500s
06: Epoch 44/90 - 15.500s
08: Epoch 44/90 - 15.500s
12: Epoch 44/90 - 15.500s
14: Epoch 44/90 - 15.500s
04: Epoch 44/90 - 15.500s
10: Epoch 44/90 - 15.500s
02: Epoch 44/90 - 15.500s
07: Epoch 44/90 - 15.500s
09: Epoch 44/90 - 15.500s
13: Epoch 44/90 - 15.500s
15: Epoch 44/90 - 15.500s
05: Epoch 44/90 - 15.500s
11: Epoch 44/90 - 15.500s
03: Epoch 44/90 - 15.500s
00: Epoch 44/90 - 15.500s
00: 
01: Epoch 45/90 - 15.001s
14: Epoch 45/90 - 15.001s
06: Epoch 45/90 - 15.001s
08: Epoch 45/90 - 15.001s
12: Epoch 45/90 - 15.001s
04: Epoch 45/90 - 15.001s
10: Epoch 45/90 - 15.001s
02: Epoch 45/90 - 15.001s
07: Epoch 45/90 - 15.001s
09: Epoch 45/90 - 15.001s
13: Epoch 45/90 - 15.001s
15: Epoch 45/90 - 15.001s
05: Epoch 45/90 - 15.001s
11: Epoch 45/90 - 15.001s
03: Epoch 45/90 - 15.001s
00: Epoch 45/90 - 15.001s
01: Epoch 46/90 - 15.117s
10: Epoch 46/90 - 15.117s
02: Epoch 46/90 - 15.117s
06: Epoch 46/90 - 15.117s
08: Epoch 46/90 - 15.117s
12: Epoch 46/90 - 15.117s
14: Epoch 46/90 - 15.117s
04: Epoch 46/90 - 15.117s
03: Epoch 46/90 - 15.117s
07: Epoch 46/90 - 15.117s
09: Epoch 46/90 - 15.117s
00: Epoch 46/90 - 15.117s
13: Epoch 46/90 - 15.117s
15: Epoch 46/90 - 15.117s
05: Epoch 46/90 - 15.117s
11: Epoch 46/90 - 15.117s
08: Epoch 47/90 - 15.420s
01: Epoch 47/90 - 15.420s
13: Epoch 47/90 - 15.420s
04: Epoch 47/90 - 15.420s
02: Epoch 47/90 - 15.420s
06: Epoch 47/90 - 15.420s
09: Epoch 47/90 - 15.420s
14: Epoch 47/90 - 15.420s
10: Epoch 47/90 - 15.420s
03: Epoch 47/90 - 15.420s
07: Epoch 47/90 - 15.420s
12: Epoch 47/90 - 15.420s
15: Epoch 47/90 - 15.420s
05: Epoch 47/90 - 15.420s
11: Epoch 47/90 - 15.420s
00: Epoch 47/90 - 15.420s
01: Epoch 48/90 - 14.897s
06: Epoch 48/90 - 14.897s
08: Epoch 48/90 - 14.897s
12: Epoch 48/90 - 14.897s
04: Epoch 48/90 - 14.897s
07: Epoch 48/90 - 14.897s
09: Epoch 48/90 - 14.897s
13: Epoch 48/90 - 14.897s
14: Epoch 48/90 - 14.897s
05: Epoch 48/90 - 14.897s
10: Epoch 48/90 - 14.897s
02: Epoch 48/90 - 14.897s
15: Epoch 48/90 - 14.897s
11: Epoch 48/90 - 14.897s
03: Epoch 48/90 - 14.897s
00: Epoch 48/90 - 14.897s
01: Epoch 49/90 - 14.859s
06: Epoch 49/90 - 14.859s
08: Epoch 49/90 - 14.859s
12: Epoch 49/90 - 14.859s
14: Epoch 49/90 - 14.859s
04: Epoch 49/90 - 14.859s
10: Epoch 49/90 - 14.859s
02: Epoch 49/90 - 14.859s
07: Epoch 49/90 - 14.859s
09: Epoch 49/90 - 14.859s
00: Epoch 49/90 - 14.859s
13: Epoch 49/90 - 14.859s
15: Epoch 49/90 - 14.859s
05: Epoch 49/90 - 14.859s
11: Epoch 49/90 - 14.859s
03: Epoch 49/90 - 14.859s
06: Epoch 50/90 - 14.956s
01: Epoch 50/90 - 14.956s
08: Epoch 50/90 - 14.956s
12: Epoch 50/90 - 14.956s
14: Epoch 50/90 - 14.956s
04: Epoch 50/90 - 14.956s
10: Epoch 50/90 - 14.956s
02: Epoch 50/90 - 14.956s
07: Epoch 50/90 - 14.956s
09: Epoch 50/90 - 14.956s
13: Epoch 50/90 - 14.956s
15: Epoch 50/90 - 14.956s
05: Epoch 50/90 - 14.956s
11: Epoch 50/90 - 14.956s
03: Epoch 50/90 - 14.956s
00: Epoch 50/90 - 14.956s
06: Epoch 51/90 - 15.033s
01: Epoch 51/90 - 15.033s
02: Epoch 51/90 - 15.033s
08: Epoch 51/90 - 15.033s
12: Epoch 51/90 - 15.033s
14: Epoch 51/90 - 15.033s
04: Epoch 51/90 - 15.033s
10: Epoch 51/90 - 15.033s
03: Epoch 51/90 - 15.033s
07: Epoch 51/90 - 15.033s
09: Epoch 51/90 - 15.033s
13: Epoch 51/90 - 15.033s
15: Epoch 51/90 - 15.033s
05: Epoch 51/90 - 15.033s
11: Epoch 51/90 - 15.033s
00: Epoch 51/90 - 15.033s
01: Epoch 52/90 - 15.032s
06: Epoch 52/90 - 15.032s
08: Epoch 52/90 - 15.032s
12: Epoch 52/90 - 15.032s
14: Epoch 52/90 - 15.032s
04: Epoch 52/90 - 15.032s
10: Epoch 52/90 - 15.032s
07: Epoch 52/90 - 15.032s
09: Epoch 52/90 - 15.032s
13: Epoch 52/90 - 15.032s
15: Epoch 52/90 - 15.032s
05: Epoch 52/90 - 15.032s
11: Epoch 52/90 - 15.032s
02: Epoch 52/90 - 15.032s
00: Epoch 52/90 - 15.032s
03: Epoch 52/90 - 15.032s
01: Epoch 53/90 - 15.401s
02: Epoch 53/90 - 15.401s
06: Epoch 53/90 - 15.401s
08: Epoch 53/90 - 15.401s
12: Epoch 53/90 - 15.401s
14: Epoch 53/90 - 15.401s
04: Epoch 53/90 - 15.401s
10: Epoch 53/90 - 15.401s
07: Epoch 53/90 - 15.401s
09: Epoch 53/90 - 15.401s
13: Epoch 53/90 - 15.401s
15: Epoch 53/90 - 15.401s
05: Epoch 53/90 - 15.401s
11: Epoch 53/90 - 15.401s
03: Epoch 53/90 - 15.401s
00: Epoch 53/90 - 15.401s
08: Epoch 54/90 - 15.611s
01: Epoch 54/90 - 15.611s
12: Epoch 54/90 - 15.611s
04: Epoch 54/90 - 15.611s
06: Epoch 54/90 - 15.611s
09: Epoch 54/90 - 15.611s
14: Epoch 54/90 - 15.611s
05: Epoch 54/90 - 15.611s
10: Epoch 54/90 - 15.611s
02: Epoch 54/90 - 15.611s
07: Epoch 54/90 - 15.611s
13: Epoch 54/90 - 15.611s
15: Epoch 54/90 - 15.611s
11: Epoch 54/90 - 15.611s
03: Epoch 54/90 - 15.611s
00: Epoch 54/90 - 15.611s
01: Epoch 55/90 - 14.948s
06: Epoch 55/90 - 14.948s
08: Epoch 55/90 - 14.948s
12: Epoch 55/90 - 14.948s
14: Epoch 55/90 - 14.948s
04: Epoch 55/90 - 14.948s
10: Epoch 55/90 - 14.948s
02: Epoch 55/90 - 14.948s
07: Epoch 55/90 - 14.948s
09: Epoch 55/90 - 14.948s
13: Epoch 55/90 - 14.948s
15: Epoch 55/90 - 14.948s
05: Epoch 55/90 - 14.948s
11: Epoch 55/90 - 14.948s
03: Epoch 55/90 - 14.948s
00: Epoch 55/90 - 14.948s
01: Epoch 56/90 - 15.199s
06: Epoch 56/90 - 15.199s
08: Epoch 56/90 - 15.199s
12: Epoch 56/90 - 15.199s
14: Epoch 56/90 - 15.199s
04: Epoch 56/90 - 15.199s
10: Epoch 56/90 - 15.199s
02: Epoch 56/90 - 15.199s
07: Epoch 56/90 - 15.199s
09: Epoch 56/90 - 15.199s
13: Epoch 56/90 - 15.199s
15: Epoch 56/90 - 15.199s
05: Epoch 56/90 - 15.199s
11: Epoch 56/90 - 15.199s
03: Epoch 56/90 - 15.199s
00: Epoch 56/90 - 15.199s
01: Epoch 57/90 - 14.783s
06: Epoch 57/90 - 14.783s
08: Epoch 57/90 - 14.783s
12: Epoch 57/90 - 14.783s
14: Epoch 57/90 - 14.783s
04: Epoch 57/90 - 14.783s
10: Epoch 57/90 - 14.783s
02: Epoch 57/90 - 14.783s
07: Epoch 57/90 - 14.783s
09: Epoch 57/90 - 14.783s
05: Epoch 57/90 - 14.783s
03: Epoch 57/90 - 14.783s
00: Epoch 57/90 - 14.783s
13: Epoch 57/90 - 14.783s
15: Epoch 57/90 - 14.783s
11: Epoch 57/90 - 14.783s
06: Epoch 58/90 - 15.148s
01: Epoch 58/90 - 15.148s
08: Epoch 58/90 - 15.148s
12: Epoch 58/90 - 15.148s
14: Epoch 58/90 - 15.148s
04: Epoch 58/90 - 15.148s
10: Epoch 58/90 - 15.148s
02: Epoch 58/90 - 15.148s
07: Epoch 58/90 - 15.148s
09: Epoch 58/90 - 15.148s
13: Epoch 58/90 - 15.148s
15: Epoch 58/90 - 15.148s
05: Epoch 58/90 - 15.148s
11: Epoch 58/90 - 15.148s
03: Epoch 58/90 - 15.148s
00: Epoch 58/90 - 15.148s
01: Epoch 59/90 - 15.288s
06: Epoch 59/90 - 15.288s
08: Epoch 59/90 - 15.288s
12: Epoch 59/90 - 15.288s
04: Epoch 59/90 - 15.288s
02: Epoch 59/90 - 15.288s
07: Epoch 59/90 - 15.288s
09: Epoch 59/90 - 15.288s
13: Epoch 59/90 - 15.288s
14: Epoch 59/90 - 15.288s
05: Epoch 59/90 - 15.288s
10: Epoch 59/90 - 15.288s
03: Epoch 59/90 - 15.288s
00: Epoch 59/90 - 15.288s
15: Epoch 59/90 - 15.288s
11: Epoch 59/90 - 15.288s
01: Epoch 60/90 - 15.676s
10: Epoch 60/90 - 15.676s
06: Epoch 60/90 - 15.676s
08: Epoch 60/90 - 15.676s
12: Epoch 60/90 - 15.676s
04: Epoch 60/90 - 15.676s
02: Epoch 60/90 - 15.676s
07: Epoch 60/90 - 15.676s
09: Epoch 60/90 - 15.676s
13: Epoch 60/90 - 15.676s
14: Epoch 60/90 - 15.676s
05: Epoch 60/90 - 15.676s
11: Epoch 60/90 - 15.676s
03: Epoch 60/90 - 15.676s
00: Epoch 60/90 - 15.676s
15: Epoch 60/90 - 15.676s
01: Epoch 61/90 - 14.969s
06: Epoch 61/90 - 14.969s
08: Epoch 61/90 - 14.969s
12: Epoch 61/90 - 14.969s
14: Epoch 61/90 - 14.969s
04: Epoch 61/90 - 14.969s
10: Epoch 61/90 - 14.969s
02: Epoch 61/90 - 14.969s
07: Epoch 61/90 - 14.969s
09: Epoch 61/90 - 14.969s
13: Epoch 61/90 - 14.969s
15: Epoch 61/90 - 14.969s
05: Epoch 61/90 - 14.969s
11: Epoch 61/90 - 14.969s
03: Epoch 61/90 - 14.969s
00: Epoch 61/90 - 14.969s
01: Epoch 62/90 - 15.428s
06: Epoch 62/90 - 15.428s
08: Epoch 62/90 - 15.428s
12: Epoch 62/90 - 15.428s
14: Epoch 62/90 - 15.428s
04: Epoch 62/90 - 15.428s
10: Epoch 62/90 - 15.428s
02: Epoch 62/90 - 15.428s
07: Epoch 62/90 - 15.428s
09: Epoch 62/90 - 15.428s
13: Epoch 62/90 - 15.428s
15: Epoch 62/90 - 15.428s
05: Epoch 62/90 - 15.428s
11: Epoch 62/90 - 15.428s
03: Epoch 62/90 - 15.428s
00: Epoch 62/90 - 15.428s
01: Epoch 63/90 - 15.365s
12: Epoch 63/90 - 15.365s
04: Epoch 63/90 - 15.365s
06: Epoch 63/90 - 15.365s
08: Epoch 63/90 - 15.365s
13: Epoch 63/90 - 15.365s
14: Epoch 63/90 - 15.365s
10: Epoch 63/90 - 15.365s
02: Epoch 63/90 - 15.365s
07: Epoch 63/90 - 15.365s
09: Epoch 63/90 - 15.365s
15: Epoch 63/90 - 15.365s
05: Epoch 63/90 - 15.365s
11: Epoch 63/90 - 15.365s
03: Epoch 63/90 - 15.365s
00: Epoch 63/90 - 15.365s
01: Epoch 64/90 - 15.089s
06: Epoch 64/90 - 15.089s
08: Epoch 64/90 - 15.089s
12: Epoch 64/90 - 15.089s
04: Epoch 64/90 - 15.089s
10: Epoch 64/90 - 15.089s
02: Epoch 64/90 - 15.089s
07: Epoch 64/90 - 15.089s
09: Epoch 64/90 - 15.089s
13: Epoch 64/90 - 15.089s
14: Epoch 64/90 - 15.089s
05: Epoch 64/90 - 15.089s
11: Epoch 64/90 - 15.089s
03: Epoch 64/90 - 15.089s
00: Epoch 64/90 - 15.089s
15: Epoch 64/90 - 15.089s
01: Epoch 65/90 - 15.150s
06: Epoch 65/90 - 15.150s
08: Epoch 65/90 - 15.150s
12: Epoch 65/90 - 15.149s
14: Epoch 65/90 - 15.150s
04: Epoch 65/90 - 15.150s
10: Epoch 65/90 - 15.150s
02: Epoch 65/90 - 15.150s
07: Epoch 65/90 - 15.150s
09: Epoch 65/90 - 15.150s
13: Epoch 65/90 - 15.149s
15: Epoch 65/90 - 15.150s
05: Epoch 65/90 - 15.150s
11: Epoch 65/90 - 15.150s
03: Epoch 65/90 - 15.149s
00: Epoch 65/90 - 15.150s
01: Epoch 66/90 - 14.967s
06: Epoch 66/90 - 14.967s
08: Epoch 66/90 - 14.967s
12: Epoch 66/90 - 14.967s
14: Epoch 66/90 - 14.967s
04: Epoch 66/90 - 14.967s
10: Epoch 66/90 - 14.967s
02: Epoch 66/90 - 14.967s
07: Epoch 66/90 - 14.967s
09: Epoch 66/90 - 14.967s
13: Epoch 66/90 - 14.967s
15: Epoch 66/90 - 14.967s
05: Epoch 66/90 - 14.967s
11: Epoch 66/90 - 14.967s
03: Epoch 66/90 - 14.967s
00: Epoch 66/90 - 14.967s
01: Epoch 67/90 - 14.715s
06: Epoch 67/90 - 14.715s
08: Epoch 67/90 - 14.715s
12: Epoch 67/90 - 14.715s
14: Epoch 67/90 - 14.715s
04: Epoch 67/90 - 14.715s
10: Epoch 67/90 - 14.715s
02: Epoch 67/90 - 14.715s
07: Epoch 67/90 - 14.715s
09: Epoch 67/90 - 14.715s
13: Epoch 67/90 - 14.715s
15: Epoch 67/90 - 14.715s
05: Epoch 67/90 - 14.715s
11: Epoch 67/90 - 14.715s
03: Epoch 67/90 - 14.715s
00: Epoch 67/90 - 14.715s
01: Epoch 68/90 - 14.960s
06: Epoch 68/90 - 14.960s
08: Epoch 68/90 - 14.960s
12: Epoch 68/90 - 14.960s
14: Epoch 68/90 - 14.960s
04: Epoch 68/90 - 14.960s
10: Epoch 68/90 - 14.960s
02: Epoch 68/90 - 14.960s
07: Epoch 68/90 - 14.960s
09: Epoch 68/90 - 14.960s
13: Epoch 68/90 - 14.960s
15: Epoch 68/90 - 14.960s
05: Epoch 68/90 - 14.960s
11: Epoch 68/90 - 14.960s
03: Epoch 68/90 - 14.960s
00: Epoch 68/90 - 14.960s
01: Epoch 69/90 - 14.954s
12: Epoch 69/90 - 14.954s
10: Epoch 69/90 - 14.954s
06: Epoch 69/90 - 14.954s
08: Epoch 69/90 - 14.954s
14: Epoch 69/90 - 14.954s
04: Epoch 69/90 - 14.954s
11: Epoch 69/90 - 14.954s
02: Epoch 69/90 - 14.954s
07: Epoch 69/90 - 14.954s
09: Epoch 69/90 - 14.954s
13: Epoch 69/90 - 14.954s
15: Epoch 69/90 - 14.954s
05: Epoch 69/90 - 14.954s
03: Epoch 69/90 - 14.954s
00: Epoch 69/90 - 14.954s
01: Epoch 70/90 - 14.869s
06: Epoch 70/90 - 14.869s
08: Epoch 70/90 - 14.869s
12: Epoch 70/90 - 14.869s
14: Epoch 70/90 - 14.869s
04: Epoch 70/90 - 14.869s
10: Epoch 70/90 - 14.869s
02: Epoch 70/90 - 14.869s
07: Epoch 70/90 - 14.869s
09: Epoch 70/90 - 14.869s
13: Epoch 70/90 - 14.869s
15: Epoch 70/90 - 14.869s
05: Epoch 70/90 - 14.869s
11: Epoch 70/90 - 14.869s
03: Epoch 70/90 - 14.869s
00: Epoch 70/90 - 14.869s
01: Epoch 71/90 - 14.815s
06: Epoch 71/90 - 14.815s
08: Epoch 71/90 - 14.815s
12: Epoch 71/90 - 14.815s
14: Epoch 71/90 - 14.815s
04: Epoch 71/90 - 14.815s
10: Epoch 71/90 - 14.815s
02: Epoch 71/90 - 14.815s
07: Epoch 71/90 - 14.815s
09: Epoch 71/90 - 14.815s
13: Epoch 71/90 - 14.815s
15: Epoch 71/90 - 14.815s
05: Epoch 71/90 - 14.815s
11: Epoch 71/90 - 14.815s
03: Epoch 71/90 - 14.815s
00: Epoch 71/90 - 14.815s
07: Epoch 72/90 - 15.092s
08: Epoch 72/90 - 15.092s
01: Epoch 72/90 - 15.092s
12: Epoch 72/90 - 15.092s
14: Epoch 72/90 - 15.092s
04: Epoch 72/90 - 15.092s
02: Epoch 72/90 - 15.092s
06: Epoch 72/90 - 15.092s
09: Epoch 72/90 - 15.092s
13: Epoch 72/90 - 15.092s
15: Epoch 72/90 - 15.092s
05: Epoch 72/90 - 15.092s
10: Epoch 72/90 - 15.092s
03: Epoch 72/90 - 15.092s
11: Epoch 72/90 - 15.092s
00: Epoch 72/90 - 15.092s
01: Epoch 73/90 - 14.966s
10: Epoch 73/90 - 14.966s
06: Epoch 73/90 - 14.966s
08: Epoch 73/90 - 14.966s
12: Epoch 73/90 - 14.966s
14: Epoch 73/90 - 14.966s
04: Epoch 73/90 - 14.966s
02: Epoch 73/90 - 14.966s
07: Epoch 73/90 - 14.966s
09: Epoch 73/90 - 14.966s
13: Epoch 73/90 - 14.966s
15: Epoch 73/90 - 14.966s
05: Epoch 73/90 - 14.966s
11: Epoch 73/90 - 14.966s
03: Epoch 73/90 - 14.966s
00: Epoch 73/90 - 14.966s
01: Epoch 74/90 - 15.205s
02: Epoch 74/90 - 15.205s
06: Epoch 74/90 - 15.205s
08: Epoch 74/90 - 15.205s
12: Epoch 74/90 - 15.205s
14: Epoch 74/90 - 15.205s
04: Epoch 74/90 - 15.205s
10: Epoch 74/90 - 15.205s
07: Epoch 74/90 - 15.205s
09: Epoch 74/90 - 15.205s
13: Epoch 74/90 - 15.205s
15: Epoch 74/90 - 15.205s
05: Epoch 74/90 - 15.205s
11: Epoch 74/90 - 15.205s
03: Epoch 74/90 - 15.205s
00: Epoch 74/90 - 15.205s
01: Epoch 75/90 - 15.096s
02: Epoch 75/90 - 15.096s
06: Epoch 75/90 - 15.096s
08: Epoch 75/90 - 15.096s
12: Epoch 75/90 - 15.096s
14: Epoch 75/90 - 15.096s
04: Epoch 75/90 - 15.096s
10: Epoch 75/90 - 15.096s
07: Epoch 75/90 - 15.096s
09: Epoch 75/90 - 15.096s
13: Epoch 75/90 - 15.096s
15: Epoch 75/90 - 15.096s
05: Epoch 75/90 - 15.096s
11: Epoch 75/90 - 15.096s
03: Epoch 75/90 - 15.096s
00: Epoch 75/90 - 15.096s
01: Epoch 76/90 - 14.881s
06: Epoch 76/90 - 14.881s
08: Epoch 76/90 - 14.881s
12: Epoch 76/90 - 14.881s
14: Epoch 76/90 - 14.881s
04: Epoch 76/90 - 14.881s
10: Epoch 76/90 - 14.881s
02: Epoch 76/90 - 14.881s
07: Epoch 76/90 - 14.881s
09: Epoch 76/90 - 14.881s
13: Epoch 76/90 - 14.881s
15: Epoch 76/90 - 14.881s
05: Epoch 76/90 - 14.881s
11: Epoch 76/90 - 14.881s
03: Epoch 76/90 - 14.881s
00: Epoch 76/90 - 14.881s
01: Epoch 77/90 - 15.051s
06: Epoch 77/90 - 15.051s
07: Epoch 77/90 - 15.051s
08: Epoch 77/90 - 15.051s
12: Epoch 77/90 - 15.051s
14: Epoch 77/90 - 15.051s
04: Epoch 77/90 - 15.051s
10: Epoch 77/90 - 15.051s
02: Epoch 77/90 - 15.051s
09: Epoch 77/90 - 15.051s
13: Epoch 77/90 - 15.051s
15: Epoch 77/90 - 15.051s
05: Epoch 77/90 - 15.051s
11: Epoch 77/90 - 15.051s
03: Epoch 77/90 - 15.051s
00: Epoch 77/90 - 15.051s
01: Epoch 78/90 - 15.012s
12: Epoch 78/90 - 15.012s
06: Epoch 78/90 - 15.012s
08: Epoch 78/90 - 15.012s
14: Epoch 78/90 - 15.012s
04: Epoch 78/90 - 15.012s
10: Epoch 78/90 - 15.012s
02: Epoch 78/90 - 15.012s
07: Epoch 78/90 - 15.012s
09: Epoch 78/90 - 15.012s
13: Epoch 78/90 - 15.012s
15: Epoch 78/90 - 15.012s
05: Epoch 78/90 - 15.012s
11: Epoch 78/90 - 15.012s
03: Epoch 78/90 - 15.012s
00: Epoch 78/90 - 15.012s
01: Epoch 79/90 - 14.862s
12: Epoch 79/90 - 14.862s
10: Epoch 79/90 - 14.862s
06: Epoch 79/90 - 14.862s
08: Epoch 79/90 - 14.862s
14: Epoch 79/90 - 14.862s
04: Epoch 79/90 - 14.862s
11: Epoch 79/90 - 14.862s
02: Epoch 79/90 - 14.862s
07: Epoch 79/90 - 14.862s
09: Epoch 79/90 - 14.862s
13: Epoch 79/90 - 14.862s
15: Epoch 79/90 - 14.862s
05: Epoch 79/90 - 14.862s
03: Epoch 79/90 - 14.862s
00: Epoch 79/90 - 14.862s
06: Epoch 80/90 - 14.840s
01: Epoch 80/90 - 14.840s
12: Epoch 80/90 - 14.840s
02: Epoch 80/90 - 14.840s
08: Epoch 80/90 - 14.840s
13: Epoch 80/90 - 14.840s
14: Epoch 80/90 - 14.840s
04: Epoch 80/90 - 14.840s
10: Epoch 80/90 - 14.840s
07: Epoch 80/90 - 14.840s
09: Epoch 80/90 - 14.840s
15: Epoch 80/90 - 14.840s
05: Epoch 80/90 - 14.840s
11: Epoch 80/90 - 14.840s
03: Epoch 80/90 - 14.840s
00: Epoch 80/90 - 14.840s
08: Epoch 81/90 - 15.252s
01: Epoch 81/90 - 15.252s
06: Epoch 81/90 - 15.252s
12: Epoch 81/90 - 15.252s
14: Epoch 81/90 - 15.252s
04: Epoch 81/90 - 15.252s
10: Epoch 81/90 - 15.252s
02: Epoch 81/90 - 15.252s
07: Epoch 81/90 - 15.252s
09: Epoch 81/90 - 15.252s
13: Epoch 81/90 - 15.252s
15: Epoch 81/90 - 15.252s
05: Epoch 81/90 - 15.252s
11: Epoch 81/90 - 15.252s
03: Epoch 81/90 - 15.252s
00: Epoch 81/90 - 15.252s
01: Epoch 82/90 - 15.332s
06: Epoch 82/90 - 15.332s
08: Epoch 82/90 - 15.332s
04: Epoch 82/90 - 15.332s
07: Epoch 82/90 - 15.332s
09: Epoch 82/90 - 15.332s
12: Epoch 82/90 - 15.332s
14: Epoch 82/90 - 15.332s
05: Epoch 82/90 - 15.332s
10: Epoch 82/90 - 15.332s
02: Epoch 82/90 - 15.332s
13: Epoch 82/90 - 15.332s
15: Epoch 82/90 - 15.332s
11: Epoch 82/90 - 15.332s
03: Epoch 82/90 - 15.332s
00: Epoch 82/90 - 15.332s
08: Epoch 83/90 - 15.315s
01: Epoch 83/90 - 15.315s
06: Epoch 83/90 - 15.315s
09: Epoch 83/90 - 15.315s
12: Epoch 83/90 - 15.315s
14: Epoch 83/90 - 15.315s
04: Epoch 83/90 - 15.315s
10: Epoch 83/90 - 15.315s
02: Epoch 83/90 - 15.315s
07: Epoch 83/90 - 15.315s
13: Epoch 83/90 - 15.315s
15: Epoch 83/90 - 15.315s
05: Epoch 83/90 - 15.315s
11: Epoch 83/90 - 15.315s
03: Epoch 83/90 - 15.315s
00: Epoch 83/90 - 15.315s
01: Epoch 84/90 - 15.455s
06: Epoch 84/90 - 15.455s
08: Epoch 84/90 - 15.455s
12: Epoch 84/90 - 15.455s
14: Epoch 84/90 - 15.455s
04: Epoch 84/90 - 15.455s
10: Epoch 84/90 - 15.455s
02: Epoch 84/90 - 15.455s
07: Epoch 84/90 - 15.455s
09: Epoch 84/90 - 15.455s
13: Epoch 84/90 - 15.455s
15: Epoch 84/90 - 15.455s
05: Epoch 84/90 - 15.455s
11: Epoch 84/90 - 15.455s
03: Epoch 84/90 - 15.455s
00: Epoch 84/90 - 15.455s
01: Epoch 85/90 - 15.458s
06: Epoch 85/90 - 15.458s
07: Epoch 85/90 - 15.458s
08: Epoch 85/90 - 15.458s
13: Epoch 85/90 - 15.458s
14: Epoch 85/90 - 15.458s
04: Epoch 85/90 - 15.458s
10: Epoch 85/90 - 15.458s
02: Epoch 85/90 - 15.458s
09: Epoch 85/90 - 15.458s
12: Epoch 85/90 - 15.458s
15: Epoch 85/90 - 15.458s
05: Epoch 85/90 - 15.458s
11: Epoch 85/90 - 15.458s
03: Epoch 85/90 - 15.458s
00: Epoch 85/90 - 15.458s
06: Epoch 86/90 - 15.612s
08: Epoch 86/90 - 15.612s
01: Epoch 86/90 - 15.612s
04: Epoch 86/90 - 15.612s
07: Epoch 86/90 - 15.612s
09: Epoch 86/90 - 15.612s
12: Epoch 86/90 - 15.612s
14: Epoch 86/90 - 15.612s
05: Epoch 86/90 - 15.612s
10: Epoch 86/90 - 15.612s
02: Epoch 86/90 - 15.612s
13: Epoch 86/90 - 15.612s
15: Epoch 86/90 - 15.612s
11: Epoch 86/90 - 15.612s
03: Epoch 86/90 - 15.612s
00: Epoch 86/90 - 15.612s
01: Epoch 87/90 - 15.542s
06: Epoch 87/90 - 15.542s
08: Epoch 87/90 - 15.542s
04: Epoch 87/90 - 15.542s
02: Epoch 87/90 - 15.542s
07: Epoch 87/90 - 15.542s
09: Epoch 87/90 - 15.542s
12: Epoch 87/90 - 15.542s
14: Epoch 87/90 - 15.542s
05: Epoch 87/90 - 15.542s
10: Epoch 87/90 - 15.542s
03: Epoch 87/90 - 15.542s
13: Epoch 87/90 - 15.542s
15: Epoch 87/90 - 15.542s
11: Epoch 87/90 - 15.542s
00: Epoch 87/90 - 15.542s
01: Epoch 88/90 - 14.920s
06: Epoch 88/90 - 14.920s
08: Epoch 88/90 - 14.920s
12: Epoch 88/90 - 14.920s
14: Epoch 88/90 - 14.920s
04: Epoch 88/90 - 14.920s
10: Epoch 88/90 - 14.920s
07: Epoch 88/90 - 14.920s
09: Epoch 88/90 - 14.920s
13: Epoch 88/90 - 14.920s
15: Epoch 88/90 - 14.920s
05: Epoch 88/90 - 14.920s
11: Epoch 88/90 - 14.920s
02: Epoch 88/90 - 14.920s
00: Epoch 88/90 - 14.920s
03: Epoch 88/90 - 14.920s
01: Epoch 89/90 - 14.792s
01: Steps per epoch: 25
01: Validation steps per epoch: 79
02: Epoch 89/90 - 14.792s
02: Steps per epoch: 25
02: Validation steps per epoch: 79
06: Epoch 89/90 - 14.792s
06: Steps per epoch: 25
06: Validation steps per epoch: 79
08: Epoch 89/90 - 14.792s
08: Steps per epoch: 25
08: Validation steps per epoch: 79
12: Epoch 89/90 - 14.792s
12: Steps per epoch: 25
12: Validation steps per epoch: 79
14: Epoch 89/90 - 14.792s
14: Steps per epoch: 25
14: Validation steps per epoch: 79
04: Epoch 89/90 - 14.792s
04: Steps per epoch: 25
04: Validation steps per epoch: 79
10: Epoch 89/90 - 14.792s
10: Steps per epoch: 25
10: Validation steps per epoch: 79
07: Epoch 89/90 - 14.792s
07: Steps per epoch: 25
07: Validation steps per epoch: 79
09: Epoch 89/90 - 14.792s
09: Steps per epoch: 25
09: Validation steps per epoch: 79
13: Epoch 89/90 - 14.792s
13: Steps per epoch: 25
13: Validation steps per epoch: 79
15: Epoch 89/90 - 14.792s
15: Steps per epoch: 25
15: Validation steps per epoch: 79
05: Epoch 89/90 - 14.792s
05: Steps per epoch: 25
05: Validation steps per epoch: 79
11: Epoch 89/90 - 14.792s
11: Steps per epoch: 25
11: Validation steps per epoch: 79
03: Epoch 89/90 - 14.792s
03: Steps per epoch: 25
03: Validation steps per epoch: 79
06: Average time per epoch: 15.370 s
08: 
00: Epoch 89/90 - 14.792s
00: Steps per epoch: 25
12: Average time per epoch: 15.370 s
14: Average time per epoch: 15.370 s
04: Average time per epoch: 15.370 s
10: Average time per epoch: 15.370 s
02: Average time per epoch: 15.370 s
07: Average time per epoch: 15.370 s
08: Average time per epoch: 15.370 s
00: Validation steps per epoch: 79
13: Average time per epoch: 15.370 s
15: Average time per epoch: 15.370 s
05: Average time per epoch: 15.370 s
11: Average time per epoch: 15.370 s
03: Average time per epoch: 15.370 s
09: Average time per epoch: 15.370 s
01: Average time per epoch: 15.370 s
00: Average time per epoch: 15.370 s
06: --- 1396.7983663082123 seconds ---
08: --- 1397.2284352779388 seconds ---
04: --- 1396.1290657520294 seconds ---
11: --- 1397.2625575065613 seconds ---
03: --- 1396.7358784675598 seconds ---
14: --- 1397.2983763217926 seconds ---
10: --- 1397.2626719474792 seconds ---
02: --- 1396.735942363739 seconds ---
09: --- 1397.2286686897278 seconds ---
12: --- 1397.2159707546234 seconds ---
05: --- 1396.1268651485443 seconds ---
01: --- 1388.9303107261658 seconds ---
15: --- 1397.293958902359 seconds ---
00: --- 1388.9303002357483 seconds ---
07: --- 1396.7997133731842 seconds ---
13: --- 1397.2290933132172 seconds ---
ELAPSED: 1400 seconds
End at Sun Feb 14 00:48:05 EET 2021
