0: 2021-02-15 22:37:31.771019: I tensorflow/stream_executor/platform/default/dso_loader.cc:48] Successfully opened dynamic library libcudart.so.10.1
1: 2021-02-15 22:37:31.771019: I tensorflow/stream_executor/platform/default/dso_loader.cc:48] Successfully opened dynamic library libcudart.so.10.1
0: 2021-02-15 22:37:49.516492: I tensorflow/stream_executor/platform/default/dso_loader.cc:48] Successfully opened dynamic library libcuda.so.1
1: 2021-02-15 22:37:49.516490: I tensorflow/stream_executor/platform/default/dso_loader.cc:48] Successfully opened dynamic library libcuda.so.1
0: 2021-02-15 22:37:49.594118: I tensorflow/core/common_runtime/gpu/gpu_device.cc:1716] Found device 0 with properties: 
0: pciBusID: 0000:04:00.0 name: Tesla K40m computeCapability: 3.5
0: coreClock: 0.8755GHz coreCount: 15 deviceMemorySize: 11.17GiB deviceMemoryBandwidth: 268.58GiB/s
1: 2021-02-15 22:37:49.594666: I tensorflow/core/common_runtime/gpu/gpu_device.cc:1716] Found device 0 with properties: 
1: pciBusID: 0000:04:00.0 name: Tesla K40m computeCapability: 3.5
1: coreClock: 0.8755GHz coreCount: 15 deviceMemorySize: 11.17GiB deviceMemoryBandwidth: 268.58GiB/s
0: 2021-02-15 22:37:49.596237: I tensorflow/core/common_runtime/gpu/gpu_device.cc:1716] Found device 1 with properties: 
0: pciBusID: 0000:82:00.0 name: Tesla K40m computeCapability: 3.5
0: coreClock: 0.8755GHz coreCount: 15 deviceMemorySize: 11.17GiB deviceMemoryBandwidth: 268.58GiB/s
0: 2021-02-15 22:37:49.596265: I tensorflow/stream_executor/platform/default/dso_loader.cc:48] Successfully opened dynamic library libcudart.so.10.1
1: 2021-02-15 22:37:49.597977: I tensorflow/core/common_runtime/gpu/gpu_device.cc:1716] Found device 1 with properties: 
1: pciBusID: 0000:82:00.0 name: Tesla K40m computeCapability: 3.5
1: coreClock: 0.8755GHz coreCount: 15 deviceMemorySize: 11.17GiB deviceMemoryBandwidth: 268.58GiB/s
1: 2021-02-15 22:37:49.598022: I tensorflow/stream_executor/platform/default/dso_loader.cc:48] Successfully opened dynamic library libcudart.so.10.1
0: 2021-02-15 22:37:49.638118: I tensorflow/stream_executor/platform/default/dso_loader.cc:48] Successfully opened dynamic library libcublas.so.10
1: 2021-02-15 22:37:49.638121: I tensorflow/stream_executor/platform/default/dso_loader.cc:48] Successfully opened dynamic library libcublas.so.10
0: 2021-02-15 22:37:49.678072: I tensorflow/stream_executor/platform/default/dso_loader.cc:48] Successfully opened dynamic library libcufft.so.10
1: 2021-02-15 22:37:49.678066: I tensorflow/stream_executor/platform/default/dso_loader.cc:48] Successfully opened dynamic library libcufft.so.10
0: 2021-02-15 22:37:49.715468: I tensorflow/stream_executor/platform/default/dso_loader.cc:48] Successfully opened dynamic library libcurand.so.10
1: 2021-02-15 22:37:49.715475: I tensorflow/stream_executor/platform/default/dso_loader.cc:48] Successfully opened dynamic library libcurand.so.10
0: 2021-02-15 22:37:49.858377: I tensorflow/stream_executor/platform/default/dso_loader.cc:48] Successfully opened dynamic library libcusolver.so.10
1: 2021-02-15 22:37:49.858379: I tensorflow/stream_executor/platform/default/dso_loader.cc:48] Successfully opened dynamic library libcusolver.so.10
0: 2021-02-15 22:37:49.927615: I tensorflow/stream_executor/platform/default/dso_loader.cc:48] Successfully opened dynamic library libcusparse.so.10
1: 2021-02-15 22:37:49.927624: I tensorflow/stream_executor/platform/default/dso_loader.cc:48] Successfully opened dynamic library libcusparse.so.10
0: 2021-02-15 22:37:50.033479: I tensorflow/stream_executor/platform/default/dso_loader.cc:48] Successfully opened dynamic library libcudnn.so.7
1: 2021-02-15 22:37:50.033483: I tensorflow/stream_executor/platform/default/dso_loader.cc:48] Successfully opened dynamic library libcudnn.so.7
1: 2021-02-15 22:37:50.051289: I tensorflow/core/common_runtime/gpu/gpu_device.cc:1858] Adding visible gpu devices: 0, 1
0: 2021-02-15 22:37:50.051547: I tensorflow/core/common_runtime/gpu/gpu_device.cc:1858] Adding visible gpu devices: 0, 1
0: 2021-02-15 22:37:51.881750: I tensorflow/core/platform/cpu_feature_guard.cc:142] This TensorFlow binary is optimized with oneAPI Deep Neural Network Library (oneDNN)to use the following CPU instructions in performance-critical operations:  SSE3 SSE4.1 SSE4.2 AVX AVX2 FMA
0: To enable them in other operations, rebuild TensorFlow with the appropriate compiler flags.
1: 2021-02-15 22:37:51.888966: I tensorflow/core/platform/cpu_feature_guard.cc:142] This TensorFlow binary is optimized with oneAPI Deep Neural Network Library (oneDNN)to use the following CPU instructions in performance-critical operations:  SSE3 SSE4.1 SSE4.2 AVX AVX2 FMA
1: To enable them in other operations, rebuild TensorFlow with the appropriate compiler flags.
0: 2021-02-15 22:37:51.892970: I tensorflow/core/platform/profile_utils/cpu_utils.cc:104] CPU Frequency: 2600215000 Hz
0: 2021-02-15 22:37:51.896175: I tensorflow/compiler/xla/service/service.cc:168] XLA service 0x5d58dc0 initialized for platform Host (this does not guarantee that XLA will be used). Devices:
0: 2021-02-15 22:37:51.896192: I tensorflow/compiler/xla/service/service.cc:176]   StreamExecutor device (0): Host, Default Version
1: 2021-02-15 22:37:51.903967: I tensorflow/core/platform/profile_utils/cpu_utils.cc:104] CPU Frequency: 2600215000 Hz
1: 2021-02-15 22:37:51.906858: I tensorflow/compiler/xla/service/service.cc:168] XLA service 0x5cedd30 initialized for platform Host (this does not guarantee that XLA will be used). Devices:
1: 2021-02-15 22:37:51.906880: I tensorflow/compiler/xla/service/service.cc:176]   StreamExecutor device (0): Host, Default Version
0: 2021-02-15 22:37:52.055018: I tensorflow/compiler/xla/service/service.cc:168] XLA service 0x5dc4f30 initialized for platform CUDA (this does not guarantee that XLA will be used). Devices:
0: 2021-02-15 22:37:52.055062: I tensorflow/compiler/xla/service/service.cc:176]   StreamExecutor device (0): Tesla K40m, Compute Capability 3.5
0: 2021-02-15 22:37:52.057442: I tensorflow/core/common_runtime/gpu/gpu_device.cc:1716] Found device 0 with properties: 
0: pciBusID: 0000:04:00.0 name: Tesla K40m computeCapability: 3.5
0: coreClock: 0.8755GHz coreCount: 15 deviceMemorySize: 11.17GiB deviceMemoryBandwidth: 268.58GiB/s
0: 2021-02-15 22:37:52.057497: I tensorflow/stream_executor/platform/default/dso_loader.cc:48] Successfully opened dynamic library libcudart.so.10.1
0: 2021-02-15 22:37:52.057540: I tensorflow/stream_executor/platform/default/dso_loader.cc:48] Successfully opened dynamic library libcublas.so.10
0: 2021-02-15 22:37:52.057569: I tensorflow/stream_executor/platform/default/dso_loader.cc:48] Successfully opened dynamic library libcufft.so.10
0: 2021-02-15 22:37:52.057619: I tensorflow/stream_executor/platform/default/dso_loader.cc:48] Successfully opened dynamic library libcurand.so.10
0: 2021-02-15 22:37:52.057646: I tensorflow/stream_executor/platform/default/dso_loader.cc:48] Successfully opened dynamic library libcusolver.so.10
0: 2021-02-15 22:37:52.057671: I tensorflow/stream_executor/platform/default/dso_loader.cc:48] Successfully opened dynamic library libcusparse.so.10
0: 2021-02-15 22:37:52.057696: I tensorflow/stream_executor/platform/default/dso_loader.cc:48] Successfully opened dynamic library libcudnn.so.7
1: 2021-02-15 22:37:52.060884: I tensorflow/compiler/xla/service/service.cc:168] XLA service 0x5d59ef0 initialized for platform CUDA (this does not guarantee that XLA will be used). Devices:
1: 2021-02-15 22:37:52.060917: I tensorflow/compiler/xla/service/service.cc:176]   StreamExecutor device (0): Tesla K40m, Compute Capability 3.5
0: 2021-02-15 22:37:52.062369: I tensorflow/core/common_runtime/gpu/gpu_device.cc:1858] Adding visible gpu devices: 0
0: 2021-02-15 22:37:52.062403: I tensorflow/stream_executor/platform/default/dso_loader.cc:48] Successfully opened dynamic library libcudart.so.10.1
1: 2021-02-15 22:37:52.064274: I tensorflow/core/common_runtime/gpu/gpu_device.cc:1716] Found device 0 with properties: 
1: pciBusID: 0000:82:00.0 name: Tesla K40m computeCapability: 3.5
1: coreClock: 0.8755GHz coreCount: 15 deviceMemorySize: 11.17GiB deviceMemoryBandwidth: 268.58GiB/s
1: 2021-02-15 22:37:52.064317: I tensorflow/stream_executor/platform/default/dso_loader.cc:48] Successfully opened dynamic library libcudart.so.10.1
1: 2021-02-15 22:37:52.064351: I tensorflow/stream_executor/platform/default/dso_loader.cc:48] Successfully opened dynamic library libcublas.so.10
1: 2021-02-15 22:37:52.064371: I tensorflow/stream_executor/platform/default/dso_loader.cc:48] Successfully opened dynamic library libcufft.so.10
1: 2021-02-15 22:37:52.064389: I tensorflow/stream_executor/platform/default/dso_loader.cc:48] Successfully opened dynamic library libcurand.so.10
1: 2021-02-15 22:37:52.064407: I tensorflow/stream_executor/platform/default/dso_loader.cc:48] Successfully opened dynamic library libcusolver.so.10
1: 2021-02-15 22:37:52.064425: I tensorflow/stream_executor/platform/default/dso_loader.cc:48] Successfully opened dynamic library libcusparse.so.10
1: 2021-02-15 22:37:52.064445: I tensorflow/stream_executor/platform/default/dso_loader.cc:48] Successfully opened dynamic library libcudnn.so.7
1: 2021-02-15 22:37:52.068964: I tensorflow/core/common_runtime/gpu/gpu_device.cc:1858] Adding visible gpu devices: 1
1: 2021-02-15 22:37:52.069011: I tensorflow/stream_executor/platform/default/dso_loader.cc:48] Successfully opened dynamic library libcudart.so.10.1
0: 2021-02-15 22:37:52.562957: I tensorflow/core/common_runtime/gpu/gpu_device.cc:1257] Device interconnect StreamExecutor with strength 1 edge matrix:
0: 2021-02-15 22:37:52.562990: I tensorflow/core/common_runtime/gpu/gpu_device.cc:1263]      0 
0: 2021-02-15 22:37:52.563000: I tensorflow/core/common_runtime/gpu/gpu_device.cc:1276] 0:   N 
0: 2021-02-15 22:37:52.565677: I tensorflow/core/common_runtime/gpu/gpu_device.cc:1402] Created TensorFlow device (/job:localhost/replica:0/task:0/device:GPU:0 with 10622 MB memory) -> physical GPU (device: 0, name: Tesla K40m, pci bus id: 0000:04:00.0, compute capability: 3.5)
1: 2021-02-15 22:37:52.578094: I tensorflow/core/common_runtime/gpu/gpu_device.cc:1257] Device interconnect StreamExecutor with strength 1 edge matrix:
1: 2021-02-15 22:37:52.578129: I tensorflow/core/common_runtime/gpu/gpu_device.cc:1263]      1 
1: 2021-02-15 22:37:52.578140: I tensorflow/core/common_runtime/gpu/gpu_device.cc:1276] 1:   N 
1: 2021-02-15 22:37:52.580732: I tensorflow/core/common_runtime/gpu/gpu_device.cc:1402] Created TensorFlow device (/job:localhost/replica:0/task:0/device:GPU:0 with 10622 MB memory) -> physical GPU (device: 1, name: Tesla K40m, pci bus id: 0000:82:00.0, compute capability: 3.5)
0: 2021-02-15 22:38:05.253949: I tensorflow/stream_executor/platform/default/dso_loader.cc:48] Successfully opened dynamic library libcublas.so.10
1: 2021-02-15 22:38:05.429159: I tensorflow/stream_executor/platform/default/dso_loader.cc:48] Successfully opened dynamic library libcublas.so.10
0: 2021-02-15 22:38:05.553348: I tensorflow/stream_executor/platform/default/dso_loader.cc:48] Successfully opened dynamic library libcudnn.so.7
1: 2021-02-15 22:38:05.621411: I tensorflow/stream_executor/platform/default/dso_loader.cc:48] Successfully opened dynamic library libcudnn.so.7
