WORKERS: "gpu09-ib:5555"
Start at Tue Feb  9 15:39:57 EET 2021
CUDA_VISIBLE_DEVICES: 0,1
Running on hosts: gpu09
Running on 1 nodes.
Running 2 tasks per node
Job id is 1092090
1: Number of devices per node: 2
0: Number of devices per node: 2
0: rank 0
1: rank 1
1: 
1: => creating model 'resnet50'
0: => creating model 'resnet50'
1: Epoch: [0][ 0/25]	22.80585479736328	0.6149115562438965	7.114822864532471	0.146484375
0: Epoch: [0][ 0/25]	22.79985237121582	0.6044063568115234	7.114822864532471	0.146484375
1: Epoch: [0][ 0/25]	3.0505623817443848	0.3170259892940521	7.674973011016846	10.395951569080353
0: Epoch: [0][ 0/25]	3.0501723289489746	0.3156159222126007	7.674973011016846	10.395951569080353
1: Epoch: [0][ 0/25]	2.101624011993408	0.2987027168273926	6.5291748046875	10.73056161403656
0: Epoch: [0][ 0/25]	2.101437568664551	0.29312336444854736	6.5291748046875	10.73056161403656
1: Epoch 0/90 - 66.591s
0: Epoch 0/90 - 66.591s
0: Epoch: [1][ 0/25]	1.117168664932251	0.2665588855743408	3.2429380416870117	16.259765625
1: Epoch: [1][ 0/25]	1.1313467025756836	0.33742213249206543	3.2429380416870117	16.259765625
0: Epoch: [1][ 0/25]	1.0885831117630005	0.26580753922462463	2.719439744949341	17.360617220401764
1: Epoch: [1][ 0/25]	1.0891438722610474	0.3073050081729889	2.719439744949341	17.360617220401764
1: Epoch: [1][ 0/25]	1.0753161907196045	0.29498982429504395	2.485011100769043	19.5405513048172
0: Epoch: [1][ 0/25]	1.075587272644043	0.2649214565753937	2.485011100769043	19.5405513048172
1: Epoch 1/90 - 31.483s
0: Epoch 1/90 - 31.483s
1: Epoch: [2][ 0/25]	1.0586559772491455	0.28632640838623047	2.138239622116089	26.5625
0: Epoch: [2][ 0/25]	1.0637459754943848	0.2660999298095703	2.138239622116089	26.5625
1: Epoch: [2][ 0/25]	1.0622755289077759	0.28222328424453735	2.0152804851531982	27.370384335517883
0: Epoch: [2][ 0/25]	1.0624202489852905	0.26356518268585205	2.0152804851531982	27.370384335517883
1: Epoch: [2][ 0/25]	1.0694372653961182	0.2854468524456024	1.9573163986206055	29.48986291885376
0: Epoch: [2][ 0/25]	1.0702321529388428	0.26697874069213867	1.9573163986206055	29.48986291885376
1: Epoch 2/90 - 31.452s
0: Epoch 2/90 - 31.452s
1: Epoch: [3][ 0/25]	1.0770509243011475	0.2936525344848633	1.7738726139068604	34.27734375
0: Epoch: [3][ 0/25]	1.088385820388794	0.2722625732421875	1.7738726139068604	34.27734375
0: Epoch: [3][ 0/25]	1.0604736804962158	0.26974907517433167	1.7919025421142578	36.08842194080353
1: Epoch: [3][ 0/25]	1.0605586767196655	0.2761458158493042	1.7919025421142578	36.08842194080353
0: Epoch: [3][ 0/25]	1.057346224784851	0.26741400361061096	1.8043607473373413	36.69084906578064
1: Epoch: [3][ 0/25]	1.0576932430267334	0.27513471245765686	1.8043607473373413	36.69084906578064
1: Epoch 3/90 - 31.073s
0: Epoch 3/90 - 31.073s
1: Epoch: [4][ 0/25]	1.0663654804229736	0.28319525718688965	1.6745684146881104	39.94140625
0: Epoch: [4][ 0/25]	1.070664882659912	0.2670609951019287	1.6745684146881104	39.94140625
0: Epoch: [4][ 0/25]	1.0617527961730957	0.2649521231651306	1.761872410774231	40.65607190132141
1: Epoch: [4][ 0/25]	1.0619069337844849	0.28066933155059814	1.761872410774231	40.65607190132141
1: Epoch: [4][ 0/25]	1.0611263513565063	0.28054091334342957	1.810153603553772	39.83910083770752
0: Epoch: [4][ 0/25]	1.0613746643066406	0.26478323340415955	1.810153603553772	39.83910083770752
1: Epoch 4/90 - 31.199s
0: Epoch 4/90 - 31.199s
0: Epoch: [5][ 0/25]	1.0628154277801514	0.2679462432861328	1.7134063243865967	41.650390625
1: Epoch: [5][ 0/25]	1.0640037059783936	0.28255367279052734	1.7134063243865967	41.650390625
1: Epoch: [5][ 0/25]	1.0603185892105103	0.27988651394844055	1.6148712635040283	43.319424986839294
0: Epoch: [5][ 0/25]	1.0604146718978882	0.2652563750743866	1.6148712635040283	43.319424986839294
1: Epoch: [5][ 0/25]	1.0623772144317627	0.2799369692802429	1.5846508741378784	44.09644603729248
0: Epoch: [5][ 0/25]	1.062533974647522	0.26513370871543884	1.5846508741378784	44.09644603729248
1: Epoch 5/90 - 31.192s
0: Epoch 5/90 - 31.192s
0: Epoch: [6][ 0/25]	1.0529959201812744	0.26768970489501953	1.4422857761383057	48.33984375
1: Epoch: [6][ 0/25]	1.0541553497314453	0.28299713134765625	1.4422857761383057	48.33984375
0: Epoch: [6][ 0/25]	1.0574971437454224	0.26511111855506897	1.5134965181350708	47.44762182235718
1: Epoch: [6][ 0/25]	1.0581724643707275	0.27997156977653503	1.5134965181350708	47.44762182235718
0: Epoch: [6][ 0/25]	1.0604034662246704	0.26527613401412964	1.496404767036438	47.89341390132904
1: Epoch: [6][ 0/25]	1.0605268478393555	0.28072094917297363	1.496404767036438	47.89341390132904
1: Epoch 6/90 - 31.163s
0: Epoch 6/90 - 31.163s
0: Epoch: [7][ 0/25]	1.0594558715820312	0.26693177223205566	1.6040380001068115	48.974609375
1: Epoch: [7][ 0/25]	1.0669760704040527	0.2826709747314453	1.6040380001068115	48.974609375
0: Epoch: [7][ 0/25]	1.0605956315994263	0.26555803418159485	1.6252200603485107	48.88139069080353
1: Epoch: [7][ 0/25]	1.0608423948287964	0.28069016337394714	1.6252200603485107	48.88139069080353
1: Epoch: [7][ 0/25]	1.059585452079773	0.2795969247817993	1.5766996145248413	48.97228479385376
0: Epoch: [7][ 0/25]	1.0598363876342773	0.26540932059288025	1.5766996145248413	48.97228479385376
1: Epoch 7/90 - 31.102s
0: Epoch 7/90 - 31.102s
0: Epoch: [8][ 0/25]	1.058077335357666	0.26694488525390625	1.372631311416626	51.171875
1: Epoch: [8][ 0/25]	1.0656607151031494	0.28136610984802246	1.372631311416626	51.171875
1: Epoch: [8][ 0/25]	1.062347412109375	0.27890804409980774	1.4008625745773315	51.41157507896423
0: Epoch: [8][ 0/25]	1.0623416900634766	0.2659127414226532	1.4008625745773315	51.41157507896423
1: Epoch: [8][ 0/25]	1.0611711740493774	0.2786161005496979	1.4456266164779663	51.24163031578064
0: Epoch: [8][ 0/25]	1.0611681938171387	0.2689322829246521	1.4456266164779663	51.24163031578064
1: Epoch 8/90 - 31.458s
0: Epoch 8/90 - 31.458s
1: Epoch: [9][ 0/25]	1.1104795932769775	0.2818169593811035	1.3041601181030273	52.978515625
0: Epoch: [9][ 0/25]	1.1125519275665283	0.3248283863067627	1.3041601181030273	52.978515625
0: Epoch: [9][ 0/25]	1.086333155632019	0.2988978326320648	1.4403048753738403	50.76349377632141
1: Epoch: [9][ 0/25]	1.0869228839874268	0.2790045738220215	1.4403048753738403	50.76349377632141
0: Epoch: [9][ 0/25]	1.072739601135254	0.2846743166446686	1.4292160272598267	50.42317509651184
1: Epoch: [9][ 0/25]	1.0731045007705688	0.2787328362464905	1.4292160272598267	50.42317509651184
1: Epoch 9/90 - 31.685s
0: Epoch 9/90 - 31.685s
0: Epoch: [10][ 0/25]	1.1122679710388184	0.3249228000640869	1.2729973793029785	54.833984375
1: Epoch: [10][ 0/25]	1.11617112159729	0.2819547653198242	1.2729973793029785	54.833984375
1: Epoch: [10][ 0/25]	1.0674586296081543	0.27884337306022644	1.3313636779785156	53.7109375
0: Epoch: [10][ 0/25]	1.0676052570343018	0.2765094041824341	1.3313636779785156	53.7109375
1: Epoch: [10][ 0/25]	1.0721012353897095	0.2787545919418335	1.3173173666000366	54.13411259651184
0: Epoch: [10][ 0/25]	1.0726484060287476	0.2795058786869049	1.3173173666000366	54.13411259651184
1: Epoch 10/90 - 31.590s
0: Epoch 10/90 - 31.590s
1: Epoch: [11][ 0/25]	1.0693552494049072	0.28252673149108887	1.28303861618042	56.93359375
0: Epoch: [11][ 0/25]	1.0731232166290283	0.2676124572753906	1.28303861618042	56.93359375
1: Epoch: [11][ 0/25]	1.0656415224075317	0.27941635251045227	1.2576876878738403	57.350850105285645
0: Epoch: [11][ 0/25]	1.0658384561538696	0.2643437683582306	1.2576876878738403	57.350850105285645
0: Epoch: [11][ 0/25]	1.0635583400726318	0.2641570568084717	1.2760486602783203	57.43117332458496
1: Epoch: [11][ 0/25]	1.0638984441757202	0.2793106436729431	1.2760486602783203	57.43117332458496
1: Epoch 11/90 - 31.236s
0: Epoch 11/90 - 31.236s
1: Epoch: [12][ 0/25]	1.0625369548797607	0.2824134826660156	1.187544822692871	60.791015625
0: Epoch: [12][ 0/25]	1.0663070678710938	0.2669556140899658	1.187544822692871	60.791015625
1: Epoch: [12][ 0/25]	1.0659866333007812	0.279506653547287	1.2158821821212769	58.975499868392944
0: Epoch: [12][ 0/25]	1.065982460975647	0.26598793268203735	1.2158821821212769	58.975499868392944
0: Epoch: [12][ 0/25]	1.0658882856369019	0.2654379904270172	1.214403748512268	58.23567509651184
1: Epoch: [12][ 0/25]	1.0659949779510498	0.2801498472690582	1.214403748512268	58.23567509651184
1: Epoch 12/90 - 31.266s
0: Epoch 12/90 - 31.266s
0: Epoch: [13][ 0/25]	1.0680949687957764	0.26757216453552246	1.0460906028747559	62.40234375
1: Epoch: [13][ 0/25]	1.072474718093872	0.2830967903137207	1.0460906028747559	62.40234375
1: Epoch: [13][ 0/25]	1.067612648010254	0.2798251807689667	1.149155855178833	61.03959679603577
0: Epoch: [13][ 0/25]	1.0681109428405762	0.2642606198787689	1.149155855178833	61.03959679603577
1: Epoch: [13][ 0/25]	1.0658142566680908	0.27960988879203796	1.1318256855010986	61.23976707458496
0: Epoch: [13][ 0/25]	1.066094994544983	0.2640076279640198	1.1318256855010986	61.23976707458496
1: Epoch 13/90 - 31.261s
0: Epoch 13/90 - 31.261s
1: Epoch: [14][ 0/25]	1.0723614692687988	0.2819962501525879	1.0747361183166504	63.720703125
0: Epoch: [14][ 0/25]	1.078376054763794	0.2729074954986572	1.0747361183166504	63.720703125
1: Epoch: [14][ 0/25]	1.065337896347046	0.2799442708492279	1.0052411556243896	65.37641882896423
0: Epoch: [14][ 0/25]	1.0655745267868042	0.27326807379722595	1.0052411556243896	65.37641882896423
0: Epoch: [14][ 0/25]	1.065699577331543	0.27067330479621887	1.014864206314087	65.35760760307312
1: Epoch: [14][ 0/25]	1.0660966634750366	0.28056830167770386	1.014864206314087	65.35760760307312
1: Epoch 14/90 - 31.285s
0: Epoch 14/90 - 31.285s
1: Epoch: [15][ 0/25]	1.0705955028533936	0.2823772430419922	0.9595663547515869	69.140625
0: Epoch: [15][ 0/25]	1.0750668048858643	0.2684452533721924	0.9595663547515869	69.140625
1: Epoch: [15][ 0/25]	1.0685702562332153	0.2797105312347412	0.9693393707275391	67.71129369735718
0: Epoch: [15][ 0/25]	1.0686891078948975	0.2660445272922516	0.9693393707275391	67.71129369735718
1: Epoch: [15][ 0/25]	1.0699942111968994	0.2795441746711731	1.0193039178848267	67.12239384651184
0: Epoch: [15][ 0/25]	1.0701463222503662	0.26603370904922485	1.0193039178848267	67.12239384651184
1: Epoch 15/90 - 31.359s
0: Epoch 15/90 - 31.359s
1: Epoch: [16][ 0/25]	1.0592858791351318	0.2822911739349365	0.8064666986465454	71.435546875
0: Epoch: [16][ 0/25]	1.0645134449005127	0.2672996520996094	0.8064666986465454	71.435546875
1: Epoch: [16][ 0/25]	1.0653598308563232	0.27948588132858276	0.8403883576393127	71.60422801971436
0: Epoch: [16][ 0/25]	1.0657840967178345	0.26564621925354004	0.8403883576393127	71.60422801971436
1: Epoch: [16][ 0/25]	1.0659414529800415	0.28012365102767944	0.8551540374755859	71.20070457458496
0: Epoch: [16][ 0/25]	1.0659712553024292	0.26573777198791504	0.8551540374755859	71.20070457458496
1: Epoch 16/90 - 31.288s
0: Epoch 16/90 - 31.288s
1: Epoch: [17][ 0/25]	1.0700032711029053	0.2830042839050293	0.8216418027877808	73.486328125
0: Epoch: [17][ 0/25]	1.0752253532409668	0.2686796188354492	0.8216418027877808	73.486328125
1: Epoch: [17][ 0/25]	1.0882542133331299	0.2795492112636566	0.8036951422691345	74.13440942764282
0: Epoch: [17][ 0/25]	1.0886352062225342	0.2878211736679077	0.8036951422691345	74.13440942764282
1: Epoch: [17][ 0/25]	1.07720947265625	0.2793644368648529	0.8045381903648376	73.40959906578064
0: Epoch: [17][ 0/25]	1.077441930770874	0.27716708183288574	0.8045381903648376	73.40959906578064
1: Epoch 17/90 - 31.517s
0: Epoch 17/90 - 31.517s
1: Epoch: [18][ 0/25]	1.0651133060455322	0.2821528911590576	0.6234203577041626	79.00390625
0: Epoch: [18][ 0/25]	1.0698540210723877	0.26920413970947266	0.6234203577041626	79.00390625
1: Epoch: [18][ 0/25]	1.0644803047180176	0.2812338173389435	0.7751184701919556	76.78000926971436
0: Epoch: [18][ 0/25]	1.0644612312316895	0.26594164967536926	0.7751184701919556	76.78000926971436
1: Epoch: [18][ 0/25]	1.0652095079421997	0.28023794293403625	0.80805504322052	74.75818395614624
0: Epoch: [18][ 0/25]	1.0653239488601685	0.265727162361145	0.80805504322052	74.75818395614624
1: Epoch 18/90 - 31.280s
0: Epoch 18/90 - 31.280s
0: Epoch: [19][ 0/25]	1.0682353973388672	0.2670586109161377	0.7342310547828674	75.09765625
1: Epoch: [19][ 0/25]	1.0696778297424316	0.28249073028564453	0.7342310547828674	75.09765625
1: Epoch: [19][ 0/25]	1.0664066076278687	0.2797638177871704	0.826312780380249	72.40766882896423
0: Epoch: [19][ 0/25]	1.066561222076416	0.2646882236003876	0.826312780380249	72.40766882896423
1: Epoch: [19][ 0/25]	1.0666085481643677	0.2795969545841217	0.9065550565719604	71.7099130153656
0: Epoch: [19][ 0/25]	1.0667078495025635	0.2644856870174408	0.9065550565719604	71.7099130153656
1: Epoch 19/90 - 31.301s
0: Epoch 19/90 - 31.301s
1: Epoch: [20][ 0/25]	1.068312406539917	0.2821004390716553	1.0766184329986572	69.3359375
0: Epoch: [20][ 0/25]	1.0701239109039307	0.2689380645751953	1.0766184329986572	69.3359375
1: Epoch: [20][ 0/25]	1.0685505867004395	0.28115907311439514	0.9398618340492249	69.68217492103577
0: Epoch: [20][ 0/25]	1.0689038038253784	0.26536357402801514	0.9398618340492249	69.68217492103577
1: Epoch: [20][ 0/25]	1.0685203075408936	0.2800581753253937	0.8831061124801636	70.59849500656128
0: Epoch: [20][ 0/25]	1.0685747861862183	0.2651141285896301	0.8831061124801636	70.59849500656128
1: Epoch 20/90 - 31.338s
0: Epoch 20/90 - 31.338s
1: Epoch: [21][ 0/25]	1.0713119506835938	0.28186917304992676	0.7060711979866028	78.22265625
0: Epoch: [21][ 0/25]	1.072678565979004	0.2666451930999756	0.7060711979866028	78.22265625
1: Epoch: [21][ 0/25]	1.0663344860076904	0.27921542525291443	0.6533498764038086	77.84534692764282
0: Epoch: [21][ 0/25]	1.0665442943572998	0.26480966806411743	0.6533498764038086	77.84534692764282
1: Epoch: [21][ 0/25]	1.0663341283798218	0.2790217101573944	0.6566493511199951	77.87156105041504
0: Epoch: [21][ 0/25]	1.0665861368179321	0.2655377686023712	0.6566493511199951	77.87156105041504
1: Epoch 21/90 - 31.289s
0: Epoch 21/90 - 31.289s
1: Epoch: [22][ 0/25]	1.0654239654541016	0.28259801864624023	0.6047032475471497	80.56640625
0: Epoch: [22][ 0/25]	1.0702385902404785	0.2665824890136719	0.6047032475471497	80.56640625
0: Epoch: [22][ 0/25]	1.066725254058838	0.2645682692527771	0.5289857387542725	82.30646252632141
1: Epoch: [22][ 0/25]	1.0671108961105347	0.2812003791332245	0.5289857387542725	82.30646252632141
0: Epoch: [22][ 0/25]	1.0655181407928467	0.26461806893348694	0.5567324757575989	81.36393427848816
1: Epoch: [22][ 0/25]	1.0657199621200562	0.2806284427642822	0.5567324757575989	81.36393427848816
1: Epoch 22/90 - 31.281s
0: Epoch 22/90 - 31.281s
1: Epoch: [23][ 0/25]	1.0672683715820312	0.28253889083862305	0.7429908514022827	76.26953125
0: Epoch: [23][ 0/25]	1.071018934249878	0.26811814308166504	0.7429908514022827	76.26953125
1: Epoch: [23][ 0/25]	1.0660254955291748	0.27962079644203186	0.805617094039917	75.22194385528564
0: Epoch: [23][ 0/25]	1.066434383392334	0.26461049914360046	0.805617094039917	75.22194385528564
1: Epoch: [23][ 0/25]	1.0656378269195557	0.279480516910553	0.7552950382232666	75.56501030921936
0: Epoch: [23][ 0/25]	1.0657949447631836	0.2656242251396179	0.7552950382232666	75.56501030921936
1: Epoch 23/90 - 31.283s
0: Epoch 23/90 - 31.283s
1: Epoch: [24][ 0/25]	1.0700061321258545	0.28185200691223145	0.6394688487052917	82.32421875
0: Epoch: [24][ 0/25]	1.0707364082336426	0.2672700881958008	0.6394688487052917	82.32421875
0: Epoch: [24][ 0/25]	1.0654213428497314	0.2654777765274048	0.554795503616333	82.12446570396423
1: Epoch: [24][ 0/25]	1.065604329109192	0.28080105781555176	0.554795503616333	82.12446570396423
0: Epoch: [24][ 0/25]	1.06454336643219	0.26514431834220886	0.5634007453918457	81.94289207458496
1: Epoch: [24][ 0/25]	1.0647642612457275	0.2799224853515625	0.5634007453918457	81.94289207458496
1: Epoch 24/90 - 31.252s
0: Epoch 24/90 - 31.252s
0: Epoch: [25][ 0/25]	1.0646917819976807	0.2657749652862549	0.4250269830226898	84.765625
1: Epoch: [25][ 0/25]	1.066586971282959	0.28251147270202637	0.4250269830226898	84.765625
0: Epoch: [25][ 0/25]	1.0652365684509277	0.2652738392353058	0.4910120964050293	83.27858448028564
1: Epoch: [25][ 0/25]	1.0657763481140137	0.2795574963092804	0.4910120964050293	83.27858448028564
1: Epoch: [25][ 0/25]	1.066410779953003	0.27940645813941956	0.4966697096824646	83.28682780265808
0: Epoch: [25][ 0/25]	1.0665210485458374	0.26445460319519043	0.4966697096824646	83.28682780265808
1: Epoch 25/90 - 31.322s
0: Epoch 25/90 - 31.323s
1: Epoch: [26][ 0/25]	1.0692451000213623	0.2829573154449463	0.3993828296661377	90.283203125
0: Epoch: [26][ 0/25]	1.0720338821411133	0.2647583484649658	0.3993828296661377	90.283203125
1: Epoch: [26][ 0/25]	1.0650910139083862	0.27959901094436646	0.39352378249168396	88.31676244735718
0: Epoch: [26][ 0/25]	1.0655944347381592	0.26318028569221497	0.39352378249168396	88.31676244735718
1: Epoch: [26][ 0/25]	1.0645262002944946	0.279357373714447	0.38539132475852966	88.13941478729248
0: Epoch: [26][ 0/25]	1.0647497177124023	0.2630844712257385	0.38539132475852966	88.13941478729248
1: Epoch 26/90 - 31.250s
0: Epoch 26/90 - 31.250s
0: Epoch: [27][ 0/25]	1.0641043186187744	0.26535749435424805	0.2689553499221802	90.625
1: Epoch: [27][ 0/25]	1.071681022644043	0.2823641300201416	0.2689553499221802	90.625
1: Epoch: [27][ 0/25]	1.0656250715255737	0.2799375653266907	0.3232940435409546	89.67950940132141
0: Epoch: [27][ 0/25]	1.0657614469528198	0.26542824506759644	0.3232940435409546	89.67950940132141
1: Epoch: [27][ 0/25]	1.064516544342041	0.2795122563838959	0.34780406951904297	89.18805718421936
0: Epoch: [27][ 0/25]	1.0647989511489868	0.2647499740123749	0.34780406951904297	89.18805718421936
1: Epoch 27/90 - 31.272s
0: Epoch 27/90 - 31.272s
0: Epoch: [28][ 0/25]	1.0703566074371338	0.2654268741607666	0.3947945237159729	91.40625
1: Epoch: [28][ 0/25]	1.0714662075042725	0.28301548957824707	0.3947945237159729	91.40625
1: Epoch: [28][ 0/25]	1.0682560205459595	0.2795591652393341	0.2939891219139099	90.26544690132141
0: Epoch: [28][ 0/25]	1.0682400465011597	0.26332738995552063	0.2939891219139099	90.26544690132141
1: Epoch: [28][ 0/25]	1.0691856145858765	0.27942031621932983	0.3040947914123535	90.07161259651184
0: Epoch: [28][ 0/25]	1.0694260597229004	0.26310133934020996	0.3040947914123535	90.07161259651184
1: Epoch 28/90 - 31.344s
0: Epoch 28/90 - 31.344s
1: Epoch: [29][ 0/25]	1.079418659210205	0.28279805183410645	0.24214446544647217	91.748046875
0: Epoch: [29][ 0/25]	1.0849976539611816	0.26723575592041016	0.24214446544647217	91.748046875
1: Epoch: [29][ 0/25]	1.068935751914978	0.2797047793865204	0.2841828465461731	90.40749073028564
0: Epoch: [29][ 0/25]	1.0688661336898804	0.2641002833843231	0.2841828465461731	90.40749073028564
1: Epoch: [29][ 0/25]	1.0680574178695679	0.27949559688568115	0.2907646596431732	90.30645489692688
0: Epoch: [29][ 0/25]	1.0682817697525024	0.2638074457645416	0.2907646596431732	90.30645489692688
1: Epoch 29/90 - 31.355s
0: Epoch 29/90 - 31.355s
1: Epoch: [30][ 0/25]	1.0657529830932617	0.2827439308166504	0.2331579625606537	92.138671875
0: Epoch: [30][ 0/25]	1.0699973106384277	0.2655611038208008	0.2331579625606537	92.138671875
1: Epoch: [30][ 0/25]	1.0676209926605225	0.279577374458313	0.25178900361061096	93.25284361839294
0: Epoch: [30][ 0/25]	1.068160891532898	0.26336053013801575	0.25178900361061096	93.25284361839294
1: Epoch: [30][ 0/25]	1.0686945915222168	0.2794882357120514	0.282127320766449	93.99646520614624
0: Epoch: [30][ 0/25]	1.0687557458877563	0.26314815878868103	0.282127320766449	93.99646520614624
1: Epoch 30/90 - 31.358s
0: Epoch 30/90 - 31.358s
0: Epoch: [31][ 0/25]	1.0716545581817627	0.26683998107910156	0.3481013774871826	96.826171875
1: Epoch: [31][ 0/25]	1.0731689929962158	0.28319859504699707	0.3481013774871826	96.826171875
1: Epoch: [31][ 0/25]	1.0656954050064087	0.27978575229644775	0.18174050748348236	96.71075940132141
0: Epoch: [31][ 0/25]	1.06570565700531	0.26363635063171387	0.18174050748348236	96.71075940132141
1: Epoch: [31][ 0/25]	1.0657274723052979	0.2795509994029999	0.1657288372516632	96.74944281578064
0: Epoch: [31][ 0/25]	1.065887689590454	0.26334846019744873	0.1657288372516632	96.74944281578064
1: Epoch 31/90 - 31.291s
0: Epoch 31/90 - 31.291s
1: Epoch: [32][ 0/25]	1.0648083686828613	0.2825322151184082	0.07773012667894363	97.75390625
0: Epoch: [32][ 0/25]	1.0651648044586182	0.2659292221069336	0.07773012667894363	97.75390625
1: Epoch: [32][ 0/25]	1.0658596754074097	0.27984315156936646	0.09810187667608261	97.53196239471436
0: Epoch: [32][ 0/25]	1.0658981800079346	0.2633291780948639	0.09810187667608261	97.53196239471436
1: Epoch: [32][ 0/25]	1.0649099349975586	0.2796199321746826	0.09135906398296356	97.63532280921936
0: Epoch: [32][ 0/25]	1.0649648904800415	0.2631748616695404	0.09135906398296356	97.63532280921936
1: Epoch 32/90 - 31.252s
0: Epoch 32/90 - 31.252s
1: Epoch: [33][ 0/25]	1.0657250881195068	0.28229665756225586	0.0772147923707962	97.75390625
0: Epoch: [33][ 0/25]	1.0694103240966797	0.26518774032592773	0.0772147923707962	97.75390625
1: Epoch: [33][ 0/25]	1.0671902894973755	0.2794417142868042	0.07727085798978806	97.77610301971436
0: Epoch: [33][ 0/25]	1.067391276359558	0.2632019817829132	0.07727085798978806	97.77610301971436
1: Epoch: [33][ 0/25]	1.0666208267211914	0.27926167845726013	0.07377122342586517	97.8701651096344
0: Epoch: [33][ 0/25]	1.0666354894638062	0.2631160318851471	0.07377122342586517	97.8701651096344
1: Epoch 33/90 - 31.330s
0: Epoch 33/90 - 31.330s
1: Epoch: [34][ 0/25]	1.0707852840423584	0.28217363357543945	0.10471327602863312	97.94921875
0: Epoch: [34][ 0/25]	1.0716450214385986	0.2663710117340088	0.10471327602863312	97.94921875
0: Epoch: [34][ 0/25]	1.0682191848754883	0.2632770240306854	0.0672418400645256	98.07794690132141
1: Epoch: [34][ 0/25]	1.0684374570846558	0.279727965593338	0.0672418400645256	98.07794690132141
1: 
1: Epoch: [34][ 0/25]	1.0698704719543457	0.2795476019382477	0.06567355245351791	98.12825322151184
0: Epoch: [34][ 0/25]	1.0700327157974243	0.2640509009361267	0.06567355245351791	98.12825322151184
1: Epoch 34/90 - 31.367s
0: Epoch 34/90 - 31.367s
1: Epoch: [35][ 0/25]	1.0728366374969482	0.2820620536804199	0.05512319505214691	98.291015625
0: Epoch: [35][ 0/25]	1.0726654529571533	0.2658576965332031	0.05512319505214691	98.291015625
1: Epoch: [35][ 0/25]	1.067525863647461	0.27966180443763733	0.05519385263323784	98.52628111839294
0: Epoch: [35][ 0/25]	1.0676473379135132	0.2633422315120697	0.05519385263323784	98.52628111839294
1: Epoch: [35][ 0/25]	1.0678225755691528	0.2803877890110016	0.059706978499889374	98.40494990348816
0: Epoch: [35][ 0/25]	1.068073034286499	0.26310694217681885	0.059706978499889374	98.40494990348816
1: Epoch 35/90 - 31.363s
0: Epoch 35/90 - 31.363s
1: Epoch: [36][ 0/25]	1.062605619430542	0.2828078269958496	0.058856792747974396	98.14453125
0: Epoch: [36][ 0/25]	1.0618174076080322	0.266099214553833	0.058856792747974396	98.14453125
1: Epoch: [36][ 0/25]	1.0621756315231323	0.279678076505661	0.056130170822143555	98.29989075660706
0: Epoch: [36][ 0/25]	1.0625884532928467	0.26282650232315063	0.056130170822143555	98.29989075660706
1: Epoch: [36][ 0/25]	1.0640314817428589	0.2795235216617584	0.05783241614699364	98.33519458770752
0: Epoch: [36][ 0/25]	1.0642133951187134	0.26382526755332947	0.05783241614699364	98.33519458770752
1: Epoch 36/90 - 31.247s
0: Epoch 36/90 - 31.247s
0: Epoch: [37][ 0/25]	1.0633604526519775	0.2669250965118408	0.05033808574080467	98.73046875
1: Epoch: [37][ 0/25]	1.0707886219024658	0.2820894718170166	0.05033808574080467	98.73046875
1: Epoch: [37][ 0/25]	1.0702341794967651	0.27955374121665955	0.04783813655376434	98.53515625
0: Epoch: [37][ 0/25]	1.070306420326233	0.26386868953704834	0.04783813655376434	98.53515625
0: Epoch: [37][ 0/25]	1.0704574584960938	0.26360979676246643	0.05000424385070801	98.54910969734192
1: Epoch: [37][ 0/25]	1.0705817937850952	0.28025752305984497	0.05000424385070801	98.54910969734192
1: Epoch 37/90 - 31.386s
0: Epoch 37/90 - 31.386s
1: Epoch: [38][ 0/25]	1.0660502910614014	0.2827308177947998	0.058237962424755096	98.14453125
0: Epoch: [38][ 0/25]	1.0683085918426514	0.26546645164489746	0.058237962424755096	98.14453125
1: Epoch: [38][ 0/25]	1.0662719011306763	0.27981841564178467	0.05146798864006996	98.47745299339294
0: Epoch: [38][ 0/25]	1.0666604042053223	0.26516029238700867	0.05146798864006996	98.47745299339294
1: Epoch: [38][ 0/25]	1.0683709383010864	0.27955561876296997	0.049729637801647186	98.49330186843872
0: Epoch: [38][ 0/25]	1.0684378147125244	0.26442408561706543	0.049729637801647186	98.49330186843872
1: Epoch 38/90 - 31.342s
0: Epoch 38/90 - 31.342s
1: Epoch: [39][ 0/25]	1.0678160190582275	0.2831258773803711	0.04284939169883728	98.73046875
0: Epoch: [39][ 0/25]	1.0716948509216309	0.2657046318054199	0.04284939169883728	98.73046875
0: Epoch: [39][ 0/25]	1.0671343803405762	0.26351025700569153	0.04444613307714462	98.57066869735718
1: Epoch: [39][ 0/25]	1.0677623748779297	0.2795969843864441	0.04444613307714462	98.57066869735718
0: Epoch: [39][ 0/25]	1.0693174600601196	0.26292088627815247	0.04565685987472534	98.56073260307312
1: Epoch: [39][ 0/25]	1.0694925785064697	0.28032857179641724	0.04565685987472534	98.56073260307312
1: Epoch 39/90 - 31.344s
0: Epoch 39/90 - 31.344s
1: Epoch: [40][ 0/25]	1.063232421875	0.28046655654907227	0.047360584139823914	98.291015625
0: Epoch: [40][ 0/25]	1.0677804946899414	0.2650566101074219	0.047360584139823914	98.291015625
0: Epoch: [40][ 0/25]	1.0636664628982544	0.2643232047557831	0.04157404229044914	98.64612817764282
1: Epoch: [40][ 0/25]	1.06377375125885	0.27591317892074585	0.04157404229044914	98.64612817764282
1: Epoch: [40][ 0/25]	1.0625505447387695	0.2751249670982361	0.04309149459004402	98.6444354057312
0: Epoch: [40][ 0/25]	1.06276535987854	0.26354900002479553	0.04309149459004402	98.6444354057312
1: Epoch 40/90 - 31.157s
0: Epoch 40/90 - 31.157s
0: Epoch: [41][ 0/25]	1.051851511001587	0.26497936248779297	0.035142622888088226	98.681640625
1: Epoch: [41][ 0/25]	1.0551717281341553	0.27796101570129395	0.035142622888088226	98.681640625
1: Epoch: [41][ 0/25]	1.059462308883667	0.27609699964523315	0.044041648507118225	98.779296875
0: Epoch: [41][ 0/25]	1.060063123703003	0.2619691789150238	0.044041648507118225	98.779296875
1: Epoch: [41][ 0/25]	1.0600614547729492	0.27532699704170227	0.043068427592515945	98.73046875
0: Epoch: [41][ 0/25]	1.060043215751648	0.26165589690208435	0.043068427592515945	98.73046875
1: Epoch 41/90 - 31.075s
0: Epoch 41/90 - 31.075s
1: Epoch: [42][ 0/25]	1.0708913803100586	0.2775559425354004	0.031139744445681572	99.0234375
0: Epoch: [42][ 0/25]	1.0766346454620361	0.26403379440307617	0.031139744445681572	99.0234375
1: Epoch: [42][ 0/25]	1.0626050233840942	0.27457115054130554	0.03713751211762428	98.85032176971436
0: Epoch: [42][ 0/25]	1.0632258653640747	0.26122424006462097	0.03713751211762428	98.85032176971436
1: Epoch: [42][ 0/25]	1.062591791152954	0.2744028568267822	0.038370873779058456	98.80022406578064
0: Epoch: [42][ 0/25]	1.0627695322036743	0.26099857687950134	0.038370873779058456	98.80022406578064
1: Epoch 42/90 - 31.153s
0: Epoch 42/90 - 31.153s
1: Epoch: [43][ 0/25]	1.0464673042297363	0.2781836986541748	0.035256531089544296	98.876953125
0: Epoch: [43][ 0/25]	1.047924280166626	0.26383209228515625	0.035256531089544296	98.876953125
0: Epoch: [43][ 0/25]	1.0512299537658691	0.2614786922931671	0.042837295681238174	98.66388440132141
1: Epoch: [43][ 0/25]	1.0515891313552856	0.27607792615890503	0.042837295681238174	98.66388440132141
0: Epoch: [43][ 0/25]	1.0517373085021973	0.26123714447021484	0.03956279903650284	98.78627061843872
1: Epoch: [43][ 0/25]	1.0520228147506714	0.27509233355522156	0.03956279903650284	98.78627061843872
1: Epoch 43/90 - 30.878s
0: Epoch 43/90 - 30.878s
1: Epoch: [44][ 0/25]	1.0671072006225586	0.27703380584716797	0.045102618634700775	98.33984375
0: Epoch: [44][ 0/25]	1.068079948425293	0.26511383056640625	0.045102618634700775	98.33984375
1: Epoch: [44][ 0/25]	1.0635582208633423	0.2745634615421295	0.04307820275425911	98.72602820396423
0: Epoch: [44][ 0/25]	1.0641173124313354	0.2613618075847626	0.04307820275425911	98.72602820396423
1: Epoch: [44][ 0/25]	1.0612229108810425	0.2744331359863281	0.04188994690775871	98.7420916557312
0: Epoch: [44][ 0/25]	1.061344027519226	0.2611866593360901	0.04188994690775871	98.7420916557312
1: Epoch 44/90 - 31.115s
0: Epoch 44/90 - 31.115s
1: Epoch: [45][ 0/25]	1.0712485313415527	0.27744483947753906	0.05016808584332466	99.12109375
0: Epoch: [45][ 0/25]	1.0729172229766846	0.26369571685791016	0.05016808584332466	99.12109375
1: Epoch: [45][ 0/25]	1.0639134645462036	0.27629178762435913	0.037479523569345474	98.89026880264282
0: Epoch: [45][ 0/25]	1.063989520072937	0.26120725274086	0.037479523569345474	98.89026880264282
1: Epoch: [45][ 0/25]	1.0621979236602783	0.2753370702266693	0.035401277244091034	98.93043041229248
0: Epoch: [45][ 0/25]	1.062424659729004	0.26103660464286804	0.035401277244091034	98.93043041229248
1: Epoch 45/90 - 31.152s
0: Epoch 45/90 - 31.152s
1: Epoch: [46][ 0/25]	1.0656404495239258	0.2775580883026123	0.02998577430844307	98.974609375
0: Epoch: [46][ 0/25]	1.0700037479400635	0.2642343044281006	0.02998577430844307	98.974609375
1: Epoch: [46][ 0/25]	1.0635240077972412	0.27466216683387756	0.03511268272995949	98.95685315132141
0: Epoch: [46][ 0/25]	1.063517451286316	0.26132509112358093	0.03511268272995949	98.95685315132141
1: Epoch: [46][ 0/25]	1.0624955892562866	0.2745882570743561	0.03476547449827194	98.90950322151184
0: Epoch: [46][ 0/25]	1.0627400875091553	0.2609887421131134	0.03476547449827194	98.90950322151184
1: Epoch 46/90 - 31.142s
0: Epoch 46/90 - 31.142s
1: Epoch: [47][ 0/25]	1.0818438529968262	0.2947092056274414	0.033739324659109116	99.365234375
0: Epoch: [47][ 0/25]	1.0870347023010254	0.26374387741088867	0.033739324659109116	99.365234375
1: Epoch: [47][ 0/25]	1.0641982555389404	0.27622392773628235	0.03487222269177437	99.05894994735718
0: Epoch: [47][ 0/25]	1.0651453733444214	0.2612152695655823	0.03487222269177437	99.05894994735718
0: Epoch: [47][ 0/25]	1.067950963973999	0.2672593593597412	0.034999676048755646	99.0048348903656
1: Epoch: [47][ 0/25]	1.0679948329925537	0.2750111222267151	0.034999676048755646	99.0048348903656
1: Epoch 47/90 - 31.242s
0: Epoch 47/90 - 31.242s
0: Epoch: [48][ 0/25]	1.065744400024414	0.26364707946777344	0.02974032610654831	99.072265625
1: Epoch: [48][ 0/25]	1.0683865547180176	0.2760732173919678	0.02974032610654831	99.072265625
1: Epoch: [48][ 0/25]	1.0616313219070435	0.2739688754081726	0.03190288692712784	98.97016882896423
0: Epoch: [48][ 0/25]	1.0621918439865112	0.26136913895606995	0.03190288692712784	98.97016882896423
1: Epoch: [48][ 0/25]	1.0627200603485107	0.27388089895248413	0.03213030844926834	98.974609375
0: Epoch: [48][ 0/25]	1.0630013942718506	0.2613096237182617	0.03213030844926834	98.974609375
1: Epoch 48/90 - 31.155s
0: Epoch 48/90 - 31.155s
0: Epoch: [49][ 0/25]	1.0518734455108643	0.2698690891265869	0.04377639293670654	98.2421875
1: Epoch: [49][ 0/25]	1.0588462352752686	0.2757413387298584	0.04377639293670654	98.2421875
0: Epoch: [49][ 0/25]	1.059552788734436	0.26765182614326477	0.03830774873495102	98.87251257896423
1: Epoch: [49][ 0/25]	1.0600653886795044	0.27358847856521606	0.03830774873495102	98.87251257896423
1: Epoch: [49][ 0/25]	1.0596057176589966	0.27370861172676086	0.034159719944000244	98.94670844078064
0: Epoch: [49][ 0/25]	1.0596123933792114	0.26845690608024597	0.034159719944000244	98.94670844078064
1: Epoch 49/90 - 31.060s
0: Epoch 49/90 - 31.060s
0: Epoch: [50][ 0/25]	1.075690507888794	0.2703077793121338	0.025619816035032272	99.31640625
1: Epoch: [50][ 0/25]	1.0811541080474854	0.2763345241546631	0.025619816035032272	99.31640625
0: Epoch: [50][ 0/25]	1.0593104362487793	0.2686394453048706	0.03281958028674126	99.06782507896423
1: Epoch: [50][ 0/25]	1.0599137544631958	0.2737359404563904	0.03281958028674126	99.06782507896423
1: Epoch: [50][ 0/25]	1.0599740743637085	0.27375203371047974	0.033390969038009644	99.02576208114624
0: Epoch: [50][ 0/25]	1.0600515604019165	0.2684146761894226	0.033390969038009644	99.02576208114624
1: Epoch 50/90 - 31.421s
0: Epoch 50/90 - 31.421s
1: Epoch: [51][ 0/25]	1.1091516017913818	0.2784252166748047	0.030351735651493073	99.169921875
0: Epoch: [51][ 0/25]	1.1172285079956055	0.32208776473999023	0.030351735651493073	99.169921875
1: Epoch: [51][ 0/25]	1.096402645111084	0.2746394872665405	0.02883012965321541	99.07670617103577
0: Epoch: [51][ 0/25]	1.0964927673339844	0.3014271557331085	0.02883012965321541	99.07670617103577
0: Epoch: [51][ 0/25]	1.0780256986618042	0.28293755650520325	0.030310045927762985	99.05831217765808
1: Epoch: [51][ 0/25]	1.0781015157699585	0.27412551641464233	0.030310045927762985	99.05831217765808
1: Epoch 51/90 - 31.454s
0: Epoch 51/90 - 31.454s
0: Epoch: [52][ 0/25]	1.0647332668304443	0.2645454406738281	0.04525160789489746	99.267578125
1: Epoch: [52][ 0/25]	1.0659892559051514	0.2762269973754883	0.04525160789489746	99.267578125
0: Epoch: [52][ 0/25]	1.060560703277588	0.2627599239349365	0.02987353317439556	99.06782507896423
1: Epoch: [52][ 0/25]	1.0607094764709473	0.2742053270339966	0.02987353317439556	99.06782507896423
0: Epoch: [52][ 0/25]	1.0601799488067627	0.26266101002693176	0.03784552216529846	99.05133843421936
1: Epoch: [52][ 0/25]	1.0602387189865112	0.2738698124885559	0.03784552216529846	99.05133843421936
1: Epoch 52/90 - 31.120s
0: Epoch 52/90 - 31.120s
1: Epoch: [53][ 0/25]	1.0572104454040527	0.2774064540863037	0.019560569897294044	99.31640625
0: Epoch: [53][ 0/25]	1.063617467880249	0.2649688720703125	0.019560569897294044	99.31640625
1: Epoch: [53][ 0/25]	1.0610953569412231	0.2740216553211212	0.026335297152400017	99.14329051971436
0: Epoch: [53][ 0/25]	1.0614174604415894	0.2636672258377075	0.026335297152400017	99.14329051971436
1: Epoch: [53][ 0/25]	1.0617173910140991	0.2737255096435547	0.02773299068212509	99.11412000656128
0: Epoch: [53][ 0/25]	1.0617260932922363	0.26297155022621155	0.02773299068212509	99.11412000656128
1: Epoch 53/90 - 31.124s
0: Epoch 53/90 - 31.124s
1: Epoch: [54][ 0/25]	1.0692379474639893	0.27744579315185547	0.031351909041404724	99.267578125
0: Epoch: [54][ 0/25]	1.0729126930236816	0.262753963470459	0.031351909041404724	99.267578125
0: 
1: Epoch: [54][ 0/25]	1.0633081197738647	0.2738925814628601	0.026819920167326927	99.13884997367859
0: Epoch: [54][ 0/25]	1.0637867450714111	0.26181361079216003	0.026819920167326927	99.13884997367859
1: Epoch: [54][ 0/25]	1.0622596740722656	0.27373871207237244	0.02782123163342476	99.10481572151184
0: Epoch: [54][ 0/25]	1.0624513626098633	0.26163774728775024	0.02782123163342476	99.10481572151184
1: Epoch 54/90 - 31.154s
0: Epoch 54/90 - 31.154s
1: Epoch: [55][ 0/25]	1.0585179328918457	0.2775585651397705	0.030761973932385445	98.92578125
0: Epoch: [55][ 0/25]	1.0610761642456055	0.278594970703125	0.030761973932385445	98.92578125
1: Epoch: [55][ 0/25]	1.0716570615768433	0.2815910279750824	0.027436131611466408	99.10333752632141
0: Epoch: [55][ 0/25]	1.0718871355056763	0.2665574848651886	0.027436131611466408	99.10333752632141
0: Epoch: [55][ 0/25]	1.0647485256195068	0.2664761543273926	0.028669076040387154	99.0838885307312
1: Epoch: [55][ 0/25]	1.065042495727539	0.27588799595832825	0.028669076040387154	99.0838885307312
1: Epoch 55/90 - 31.128s
0: Epoch 55/90 - 31.128s
1: Epoch: [56][ 0/25]	1.0589251518249512	0.2727952003479004	0.02187146618962288	99.267578125
0: Epoch: [56][ 0/25]	1.0588419437408447	0.267894983291626	0.02187146618962288	99.267578125
1: Epoch: [56][ 0/25]	1.0618205070495605	0.27538377046585083	0.026751326397061348	99.19211864471436
0: Epoch: [56][ 0/25]	1.0619763135910034	0.26596519351005554	0.026751326397061348	99.19211864471436
1: Epoch: [56][ 0/25]	1.063839077949524	0.2762557566165924	0.025792105123400688	99.21177625656128
0: Epoch: [56][ 0/25]	1.0639028549194336	0.26587459444999695	0.025792105123400688	99.21177625656128
1: Epoch 56/90 - 31.212s
0: Epoch 56/90 - 31.212s
0: Epoch: [57][ 0/25]	1.064382553100586	0.2684047222137451	0.021451406180858612	99.31640625
1: Epoch: [57][ 0/25]	1.069676160812378	0.2795395851135254	0.021451406180858612	99.31640625
1: Epoch: [57][ 0/25]	1.108817458152771	0.31340405344963074	0.026934413239359856	99.11665320396423
0: Epoch: [57][ 0/25]	1.1088223457336426	0.26632606983184814	0.026934413239359856	99.11665320396423
1: Epoch: [57][ 0/25]	1.086639165878296	0.29538142681121826	0.027542993426322937	99.09319281578064
0: Epoch: [57][ 0/25]	1.0869131088256836	0.2666877210140228	0.027542993426322937	99.09319281578064
1: Epoch 57/90 - 31.615s
0: Epoch 57/90 - 31.615s
1: Epoch: [58][ 0/25]	1.0552985668182373	0.27471280097961426	0.027111541479825974	98.92578125
0: Epoch: [58][ 0/25]	1.060971736907959	0.2693641185760498	0.027111541479825974	98.92578125
1: Epoch: [58][ 0/25]	1.0581427812576294	0.27227556705474854	0.02828749269247055	99.05450940132141
0: Epoch: [58][ 0/25]	1.0585169792175293	0.26754310727119446	0.02828749269247055	99.05450940132141
1: Epoch: [58][ 0/25]	1.0587297677993774	0.2726713716983795	0.025733444839715958	99.13039207458496
0: Epoch: [58][ 0/25]	1.0587291717529297	0.2675431966781616	0.025733444839715958	99.13039207458496
1: Epoch 58/90 - 31.051s
0: Epoch 58/90 - 31.051s
1: Epoch: [59][ 0/25]	1.0593376159667969	0.27464914321899414	0.027618849650025368	99.169921875
0: Epoch: [59][ 0/25]	1.0630934238433838	0.26955461502075195	0.027618849650025368	99.169921875
1: Epoch: [59][ 0/25]	1.0616072416305542	0.27215325832366943	0.024302290752530098	99.20099377632141
0: Epoch: [59][ 0/25]	1.0618751049041748	0.2679525315761566	0.024302290752530098	99.20099377632141
1: Epoch: [59][ 0/25]	1.0605604648590088	0.27184396982192993	0.023501049727201462	99.25827980041504
0: Epoch: [59][ 0/25]	1.0606309175491333	0.2677111327648163	0.023501049727201462	99.25827980041504
1: Epoch 59/90 - 31.085s
0: Epoch 59/90 - 31.085s
0: Epoch: [60][ 0/25]	1.057760238647461	0.26889467239379883	0.027145303785800934	99.12109375
1: Epoch: [60][ 0/25]	1.0641131401062012	0.2750277519226074	0.027145303785800934	99.12109375
1: Epoch: [60][ 0/25]	1.057971715927124	0.27199867367744446	0.024228651076555252	99.24982190132141
0: Epoch: [60][ 0/25]	1.0585883855819702	0.2675647437572479	0.024228651076555252	99.24982190132141
1: Epoch: [60][ 0/25]	1.060728907585144	0.2726284861564636	0.024503231048583984	99.27455186843872
0: Epoch: [60][ 0/25]	1.060864806175232	0.2682420611381531	0.024503231048583984	99.27455186843872
1: Epoch 60/90 - 31.074s
0: Epoch 60/90 - 31.074s
1: Epoch: [61][ 0/25]	1.062624454498291	0.27455615997314453	0.018606094643473625	99.4140625
0: Epoch: [61][ 0/25]	1.0628912448883057	0.2693464756011963	0.018606094643473625	99.4140625
1: Epoch: [61][ 0/25]	1.060411810874939	0.2724369168281555	0.021932581439614296	99.37855005264282
0: Epoch: [61][ 0/25]	1.0609382390975952	0.2678181231021881	0.021932581439614296	99.37855005264282
1: Epoch: [61][ 0/25]	1.0585240125656128	0.27213913202285767	0.022480187937617302	99.32337999343872
0: Epoch: [61][ 0/25]	1.0587042570114136	0.2676246762275696	0.022480187937617302	99.32337999343872
1: Epoch 61/90 - 31.027s
0: Epoch 61/90 - 31.027s
1: Epoch: [62][ 0/25]	1.0587470531463623	0.27506279945373535	0.015743795782327652	99.70703125
0: Epoch: [62][ 0/25]	1.0640473365783691	0.27022337913513184	0.015743795782327652	99.70703125
0: Epoch: [62][ 0/25]	1.0605213642120361	0.2676181197166443	0.02146974578499794	99.28533434867859
1: Epoch: [62][ 0/25]	1.0606598854064941	0.2723136246204376	0.02146974578499794	99.28533434867859
1: Epoch: [62][ 0/25]	1.0615812540054321	0.2726418077945709	0.02066837064921856	99.3466317653656
0: Epoch: [62][ 0/25]	1.0615628957748413	0.2683796286582947	0.02066837064921856	99.3466317653656
1: Epoch 62/90 - 31.103s
0: Epoch 62/90 - 31.103s
1: Epoch: [63][ 0/25]	1.0661664009094238	0.2743098735809326	0.023897219449281693	99.169921875
0: Epoch: [63][ 0/25]	1.0714690685272217	0.26994919776916504	0.023897219449281693	99.169921875
1: Epoch: [63][ 0/25]	1.0625263452529907	0.27144062519073486	0.023888815194368362	99.21875
0: Epoch: [63][ 0/25]	1.06302011013031	0.2696840465068817	0.023888815194368362	99.21875
1: Epoch: [63][ 0/25]	1.0625317096710205	0.2708928883075714	0.022877052426338196	99.2559552192688
0: Epoch: [63][ 0/25]	1.063109278678894	0.27052417397499084	0.022877052426338196	99.2559552192688
1: Epoch 63/90 - 31.140s
0: Epoch 63/90 - 31.140s
1: Epoch: [64][ 0/25]	1.05702805519104	0.27488183975219727	0.023160986602306366	99.267578125
0: Epoch: [64][ 0/25]	1.0622239112854004	0.2729635238647461	0.023160986602306366	99.267578125
1: Epoch: [64][ 0/25]	1.0631190538406372	0.2723422646522522	0.030148804187774658	99.36079382896423
0: Epoch: [64][ 0/25]	1.0637425184249878	0.2724955081939697	0.030148804187774658	99.36079382896423
1: Epoch: [64][ 0/25]	1.0644766092300415	0.2713247835636139	0.034353457391262054	99.30245280265808
0: Epoch: [64][ 0/25]	1.0644992589950562	0.27201685309410095	0.034353457391262054	99.30245280265808
1: Epoch 64/90 - 31.183s
0: Epoch 64/90 - 31.183s
1: Epoch: [65][ 0/25]	1.0616683959960938	0.27469539642333984	0.02054515853524208	99.4140625
0: Epoch: [65][ 0/25]	1.0686721801757812	0.27416133880615234	0.02054515853524208	99.4140625
1: Epoch: [65][ 0/25]	1.0626353025436401	0.2702955901622772	0.019078386947512627	99.42293763160706
0: Epoch: [65][ 0/25]	1.0634143352508545	0.2711699903011322	0.019078386947512627	99.42293763160706
1: Epoch: [65][ 0/25]	1.0664911270141602	0.26952630281448364	0.019119758158922195	99.41173791885376
0: Epoch: [65][ 0/25]	1.0666804313659668	0.2753489911556244	0.019119758158922195	99.41173791885376
1: Epoch 65/90 - 31.412s
0: Epoch 65/90 - 31.412s
1: Epoch: [66][ 0/25]	1.0851411819458008	0.2802107334136963	0.020424433052539825	99.365234375
0: Epoch: [66][ 0/25]	1.0934617519378662	0.2716867923736572	0.020424433052539825	99.365234375
1: Epoch: [66][ 0/25]	1.0737496614456177	0.2814182937145233	0.01932690665125847	99.40518736839294
0: Epoch: [66][ 0/25]	1.074215054512024	0.2707332372665405	0.01932690665125847	99.40518736839294
1: Epoch: [66][ 0/25]	1.0690158605575562	0.27858442068099976	0.019006602466106415	99.41871166229248
0: Epoch: [66][ 0/25]	1.0692822933197021	0.2696633040904999	0.019006602466106415	99.41871166229248
1: Epoch 66/90 - 31.278s
0: Epoch 66/90 - 31.278s
1: Epoch: [67][ 0/25]	1.060884952545166	0.2730894088745117	0.020908255130052567	99.267578125
0: Epoch: [67][ 0/25]	1.067948579788208	0.27351903915405273	0.020908255130052567	99.267578125
1: Epoch: [67][ 0/25]	1.0628466606140137	0.27467605471611023	0.02282186597585678	99.23650622367859
0: Epoch: [67][ 0/25]	1.0633608102798462	0.26873257756233215	0.02282186597585678	99.23650622367859
1: Epoch: [67][ 0/25]	1.0605273246765137	0.27339649200439453	0.02142561972141266	99.30710792541504
0: Epoch: [67][ 0/25]	1.0608378648757935	0.268319308757782	0.02142561972141266	99.30710792541504
1: Epoch 67/90 - 31.076s
0: Epoch 67/90 - 31.076s
1: Epoch: [68][ 0/25]	1.0777041912078857	0.2746751308441162	0.01766585186123848	99.560546875
0: Epoch: [68][ 0/25]	1.0826456546783447	0.2882966995239258	0.01766585186123848	99.560546875
1: Epoch: [68][ 0/25]	1.0586521625518799	0.27339091897010803	0.02334265038371086	99.31196570396423
0: Epoch: [68][ 0/25]	1.0592437982559204	0.2696171998977661	0.02334265038371086	99.31196570396423
1: Epoch: [68][ 0/25]	1.0588881969451904	0.27249231934547424	0.02129584178328514	99.3466317653656
0: Epoch: [68][ 0/25]	1.059165596961975	0.2688971161842346	0.02129584178328514	99.3466317653656
1: Epoch 68/90 - 31.041s
0: Epoch 68/90 - 31.041s
0: Epoch: [69][ 0/25]	1.0585753917694092	0.26984143257141113	0.022716015577316284	99.267578125
1: Epoch: [69][ 0/25]	1.0635185241699219	0.2747783660888672	0.022716015577316284	99.267578125
1: Epoch: [69][ 0/25]	1.0615544319152832	0.2721653878688812	0.020320098847150803	99.34747815132141
0: Epoch: [69][ 0/25]	1.0619826316833496	0.2678985893726349	0.020320098847150803	99.34747815132141
1: Epoch: [69][ 0/25]	1.0608094930648804	0.2718503177165985	0.02001788653433323	99.365234375
0: Epoch: [69][ 0/25]	1.061046838760376	0.26778265833854675	0.02001788653433323	99.365234375
1: Epoch 69/90 - 31.086s
0: Epoch 69/90 - 31.086s
1: Epoch: [70][ 0/25]	1.067718267440796	0.27515196800231934	0.021626003086566925	99.267578125
0: Epoch: [70][ 0/25]	1.0741384029388428	0.270432710647583	0.021626003086566925	99.267578125
1: Epoch: [70][ 0/25]	1.0606887340545654	0.27187132835388184	0.02017180621623993	99.32972192764282
0: Epoch: [70][ 0/25]	1.0612602233886719	0.267988920211792	0.02017180621623993	99.32972192764282
1: Epoch: [70][ 0/25]	1.0604355335235596	0.27178969979286194	0.023268593475222588	99.24665093421936
0: Epoch: [70][ 0/25]	1.0606635808944702	0.2679460346698761	0.023268593475222588	99.24665093421936
1: Epoch 70/90 - 31.083s
0: Epoch 70/90 - 31.083s
1: Epoch: [71][ 0/25]	1.069056749343872	0.27487754821777344	0.02605190873146057	99.21875
0: Epoch: [71][ 0/25]	1.0732145309448242	0.2692718505859375	0.02605190873146057	99.21875
1: Epoch: [71][ 0/25]	1.062343955039978	0.2720596492290497	0.020697064697742462	99.35635924339294
0: Epoch: [71][ 0/25]	1.0627846717834473	0.267558217048645	0.020697064697742462	99.35635924339294
1: Epoch: [71][ 0/25]	1.0609467029571533	0.2719098627567291	0.020688634365797043	99.34895634651184
0: Epoch: [71][ 0/25]	1.0611376762390137	0.26731497049331665	0.020688634365797043	99.34895634651184
1: Epoch 71/90 - 31.111s
0: Epoch 71/90 - 31.111s
1: Epoch: [72][ 0/25]	1.0572118759155273	0.27466750144958496	0.022508682683110237	99.12109375
0: Epoch: [72][ 0/25]	1.0624878406524658	0.2695431709289551	0.022508682683110237	99.12109375
1: Epoch: [72][ 0/25]	1.0567227602005005	0.27190864086151123	0.020171506330370903	99.30753111839294
0: Epoch: [72][ 0/25]	1.0572600364685059	0.2681577205657959	0.020171506330370903	99.30753111839294
1: Epoch: [72][ 0/25]	1.0587366819381714	0.27168944478034973	0.02692379243671894	99.35593605041504
0: Epoch: [72][ 0/25]	1.0590310096740723	0.2681341767311096	0.02692379243671894	99.35593605041504
1: Epoch 72/90 - 31.032s
0: Epoch 72/90 - 31.032s
1: Epoch: [73][ 0/25]	1.0620381832122803	0.2748148441314697	0.014025595039129257	99.51171875
0: Epoch: [73][ 0/25]	1.0687448978424072	0.2691483497619629	0.014025595039129257	99.51171875
1: Epoch: [73][ 0/25]	1.0685036182403564	0.2714215815067291	0.020234866067767143	99.33416247367859
0: Epoch: [73][ 0/25]	1.0690815448760986	0.27722710371017456	0.020234866067767143	99.33416247367859
1: Epoch: [73][ 0/25]	1.0668652057647705	0.2710421681404114	0.020157497376203537	99.34430718421936
0: Epoch: [73][ 0/25]	1.0671613216400146	0.27472347021102905	0.020157497376203537	99.34430718421936
1: Epoch 73/90 - 31.764s
0: Epoch 73/90 - 31.764s
1: Epoch: [74][ 0/25]	1.1092967987060547	0.2726254463195801	0.019568758085370064	99.4140625
0: Epoch: [74][ 0/25]	1.1214935779571533	0.3207435607910156	0.019568758085370064	99.4140625
1: Epoch: [74][ 0/25]	1.1084175109863281	0.2700360119342804	0.021576829254627228	99.31640625
0: Epoch: [74][ 0/25]	1.109055519104004	0.3091261088848114	0.021576829254627228	99.31640625
1: Epoch: [74][ 0/25]	1.085065245628357	0.2698935866355896	0.021392490714788437	99.31408166885376
0: Epoch: [74][ 0/25]	1.0851038694381714	0.2863626480102539	0.021392490714788437	99.31408166885376
1: Epoch 74/90 - 31.556s
0: Epoch 74/90 - 31.556s
1: Epoch: [75][ 0/25]	1.0690715312957764	0.2733154296875	0.013297487050294876	99.70703125
0: Epoch: [75][ 0/25]	1.0715782642364502	0.2639460563659668	0.013297487050294876	99.70703125
1: Epoch: [75][ 0/25]	1.0577551126480103	0.27031341195106506	0.017928583547472954	99.462890625
0: Epoch: [75][ 0/25]	1.0581549406051636	0.26245924830436707	0.017928583547472954	99.462890625
1: Epoch: [75][ 0/25]	1.0585993528366089	0.2700859308242798	0.019340654835104942	99.4024395942688
0: Epoch: [75][ 0/25]	1.0588918924331665	0.26299071311950684	0.019340654835104942	99.4024395942688
1: Epoch 75/90 - 31.515s
0: Epoch 75/90 - 31.515s
1: Epoch: [76][ 0/25]	1.114819049835205	0.2727994918823242	0.014951779507100582	99.51171875
0: Epoch: [76][ 0/25]	1.1218452453613281	0.32082271575927734	0.014951779507100582	99.51171875
1: Epoch: [76][ 0/25]	1.062522530555725	0.27015945315361023	0.02221701480448246	99.37410950660706
0: Epoch: [76][ 0/25]	1.062949299812317	0.26729729771614075	0.02221701480448246	99.37410950660706
1: Epoch: [76][ 0/25]	1.0603903532028198	0.27005133032798767	0.022186661139130592	99.33268427848816
0: Epoch: [76][ 0/25]	1.060597538948059	0.2646408975124359	0.022186661139130592	99.33268427848816
1: Epoch 76/90 - 31.048s
0: Epoch 76/90 - 31.048s
1: Epoch: [77][ 0/25]	1.0674612522125244	0.2733931541442871	0.023511065170168877	99.12109375
0: Epoch: [77][ 0/25]	1.0686066150665283	0.26308441162109375	0.023511065170168877	99.12109375
1: Epoch: [77][ 0/25]	1.0587081909179688	0.26999738812446594	0.019941406324505806	99.35191869735718
0: Epoch: [77][ 0/25]	1.0589741468429565	0.26241880655288696	0.019941406324505806	99.35191869735718
0: Epoch: [77][ 0/25]	1.0574158430099487	0.2619330883026123	0.019759561866521835	99.3536114692688
1: Epoch: [77][ 0/25]	1.0575422048568726	0.2698594033718109	0.019759561866521835	99.3536114692688
1: Epoch 77/90 - 30.999s
0: Epoch 77/90 - 30.999s
1: Epoch: [78][ 0/25]	1.0630700588226318	0.2728846073150635	0.01600164733827114	99.462890625
0: Epoch: [78][ 0/25]	1.0705525875091553	0.2628185749053955	0.01600164733827114	99.462890625
0: Epoch: [78][ 0/25]	1.070734977722168	0.27632033824920654	0.019110513851046562	99.36079382896423
1: Epoch: [78][ 0/25]	1.0710225105285645	0.27043500542640686	0.019110513851046562	99.36079382896423
1: Epoch: [78][ 0/25]	1.0742449760437012	0.2702377438545227	0.01967432349920273	99.36988353729248
0: Epoch: [78][ 0/25]	1.0742390155792236	0.2793062627315521	0.01967432349920273	99.36988353729248
1: Epoch 78/90 - 31.363s
0: Epoch 78/90 - 31.363s
1: Epoch: [79][ 0/25]	1.0640041828155518	0.27316904067993164	0.018699651584029198	99.560546875
0: Epoch: [79][ 0/25]	1.0635218620300293	0.2639501094818115	0.018699651584029198	99.560546875
1: Epoch: [79][ 0/25]	1.0570508241653442	0.27025678753852844	0.019544361159205437	99.36967492103577
0: Epoch: [79][ 0/25]	1.0575915575027466	0.2656303346157074	0.019544361159205437	99.36967492103577
1: Epoch: [79][ 0/25]	1.060657262802124	0.27047842741012573	0.019528910517692566	99.34895634651184
0: Epoch: [79][ 0/25]	1.0608208179473877	0.26648539304733276	0.019528910517692566	99.34895634651184
1: Epoch 79/90 - 31.051s
0: Epoch 79/90 - 31.051s
1: Epoch: [80][ 0/25]	1.062220573425293	0.2721982002258301	0.02621573582291603	99.12109375
0: Epoch: [80][ 0/25]	1.065934181213379	0.2664330005645752	0.02621573582291603	99.12109375
1: Epoch: [80][ 0/25]	1.0570521354675293	0.26953646540641785	0.02131505310535431	99.30309057235718
0: Epoch: [80][ 0/25]	1.0574930906295776	0.2640622556209564	0.02131505310535431	99.30309057235718
1: Epoch: [80][ 0/25]	1.058895230293274	0.2702368199825287	0.019483568146824837	99.37918782234192
0: Epoch: [80][ 0/25]	1.0588579177856445	0.26383909583091736	0.019483568146824837	99.37918782234192
1: Epoch 80/90 - 31.062s
0: Epoch 80/90 - 31.062s
1: Epoch: [81][ 0/25]	1.075242519378662	0.27527737617492676	0.02140170708298683	99.21875
0: Epoch: [81][ 0/25]	1.0808227062225342	0.2824842929840088	0.02140170708298683	99.21875
1: Epoch: [81][ 0/25]	1.062574863433838	0.2727811336517334	0.018121682107448578	99.40962195396423
0: Epoch: [81][ 0/25]	1.0627518892288208	0.2659287750720978	0.018121682107448578	99.40962195396423
1: Epoch: [81][ 0/25]	1.063746690750122	0.2732861042022705	0.018290268257260323	99.40708875656128
0: Epoch: [81][ 0/25]	1.0639283657073975	0.26515260338783264	0.018290268257260323	99.40708875656128
1: Epoch 81/90 - 31.159s
0: Epoch 81/90 - 31.159s
1: Epoch: [82][ 0/25]	1.0605990886688232	0.27558135986328125	0.014582403935492039	99.51171875
0: Epoch: [82][ 0/25]	1.0641257762908936	0.2668166160583496	0.014582403935492039	99.51171875
1: Epoch: [82][ 0/25]	1.0606412887573242	0.27250754833221436	0.023229913786053658	99.25426244735718
0: Epoch: [82][ 0/25]	1.0610599517822266	0.2638510465621948	0.023229913786053658	99.25426244735718
1: Epoch: [82][ 0/25]	1.0611244440078735	0.27235856652259827	0.022270716726779938	99.28385615348816
0: Epoch: [82][ 0/25]	1.0612016916275024	0.26363077759742737	0.022270716726779938	99.28385615348816
1: Epoch 82/90 - 31.112s
0: Epoch 82/90 - 31.112s
1: Epoch: [83][ 0/25]	1.0600390434265137	0.2752981185913086	0.01260528713464737	99.560546875
0: Epoch: [83][ 0/25]	1.0622072219848633	0.2665135860443115	0.01260528713464737	99.560546875
0: Epoch: [83][ 0/25]	1.060562252998352	0.26479917764663696	0.019023500382900238	99.39630627632141
1: Epoch: [83][ 0/25]	1.061136245727539	0.27276286482810974	0.019023500382900238	99.39630627632141
1: Epoch: [83][ 0/25]	1.0621428489685059	0.2734372913837433	0.01962675154209137	99.37918782234192
0: Epoch: [83][ 0/25]	1.0623571872711182	0.26457715034484863	0.01962675154209137	99.37918782234192
1: Epoch 83/90 - 31.113s
0: Epoch 83/90 - 31.113s
1: Epoch: [84][ 0/25]	1.0579922199249268	0.274613618850708	0.02064923197031021	99.21875
0: Epoch: [84][ 0/25]	1.0604405403137207	0.2665226459503174	0.02064923197031021	99.21875
1: Epoch: [84][ 0/25]	1.0618301630020142	0.27279260754585266	0.028367213904857635	99.33860301971436
0: Epoch: [84][ 0/25]	1.0623722076416016	0.2640015482902527	0.028367213904857635	99.33860301971436
1: Epoch: [84][ 0/25]	1.0613607168197632	0.27265098690986633	0.023622769862413406	99.36755895614624
0: Epoch: [84][ 0/25]	1.0614449977874756	0.26377052068710327	0.023622769862413406	99.36755895614624
1: Epoch 84/90 - 31.133s
0: Epoch 84/90 - 31.133s
1: Epoch: [85][ 0/25]	1.0597598552703857	0.27492213249206543	0.017078321427106857	99.462890625
0: Epoch: [85][ 0/25]	1.0650370121002197	0.2665421962738037	0.017078321427106857	99.462890625
1: Epoch: [85][ 0/25]	1.0711700916290283	0.2828807532787323	0.02004566602408886	99.41850304603577
0: Epoch: [85][ 0/25]	1.0714657306671143	0.264910489320755	0.02004566602408886	99.41850304603577
1: Epoch: [85][ 0/25]	1.064450740814209	0.27545565366744995	0.020317675545811653	99.38848614692688
0: Epoch: [85][ 0/25]	1.0645768642425537	0.26471495628356934	0.020317675545811653	99.38848614692688
1: Epoch 85/90 - 31.110s
0: Epoch 85/90 - 31.110s
1: Epoch: [86][ 0/25]	1.0540306568145752	0.2696537971496582	0.02429181896150112	99.12109375
0: Epoch: [86][ 0/25]	1.0556790828704834	0.26642489433288574	0.02429181896150112	99.12109375
1: Epoch: [86][ 0/25]	1.0547585487365723	0.26727283000946045	0.02104916051030159	99.365234375
0: Epoch: [86][ 0/25]	1.0550283193588257	0.26502755284309387	0.02104916051030159	99.365234375
1: Epoch: [86][ 0/25]	1.054795503616333	0.26709306240081787	0.02801273576915264	99.34430718421936
0: Epoch: [86][ 0/25]	1.054993987083435	0.264521062374115	0.02801273576915264	99.34430718421936
1: Epoch 86/90 - 30.913s
0: Epoch 86/90 - 30.913s
1: Epoch: [87][ 0/25]	1.0617027282714844	0.2696356773376465	0.014420079067349434	99.462890625
0: Epoch: [87][ 0/25]	1.0647644996643066	0.26640844345092773	0.014420079067349434	99.462890625
1: Epoch: [87][ 0/25]	1.0562644004821777	0.2683359384536743	0.017285488545894623	99.47620630264282
0: Epoch: [87][ 0/25]	1.056586742401123	0.26430395245552063	0.017285488545894623	99.47620630264282
1: Epoch: [87][ 0/25]	1.0560998916625977	0.267575204372406	0.019333256408572197	99.38151240348816
0: Epoch: [87][ 0/25]	1.0562996864318848	0.26417022943496704	0.019333256408572197	99.38151240348816
1: Epoch 87/90 - 30.939s
0: Epoch 87/90 - 30.939s
1: Epoch: [88][ 0/25]	1.0510966777801514	0.2697458267211914	0.017309540882706642	99.4140625
0: Epoch: [88][ 0/25]	1.0537025928497314	0.2665553092956543	0.017309540882706642	99.4140625
0: Epoch: [88][ 0/25]	1.0540745258331299	0.2644173800945282	0.019841210916638374	99.36079382896423
1: Epoch: [88][ 0/25]	1.0541906356811523	0.2671490013599396	0.019841210916638374	99.36079382896423
1: Epoch: [88][ 0/25]	1.0539487600326538	0.26701775193214417	0.019339771941304207	99.37918782234192
0: Epoch: [88][ 0/25]	1.0540271997451782	0.2650815546512604	0.019339771941304207	99.37918782234192
1: Epoch 88/90 - 30.874s
0: Epoch 88/90 - 30.874s
1: Epoch: [89][ 0/25]	1.0572800636291504	0.26976847648620605	0.022380918264389038	99.267578125
0: Epoch: [89][ 0/25]	1.0572967529296875	0.26645493507385254	0.022380918264389038	99.267578125
1: Epoch: [89][ 0/25]	1.0554943084716797	0.26825499534606934	0.019473470747470856	99.39186573028564
0: Epoch: [89][ 0/25]	1.0560797452926636	0.26410603523254395	0.019473470747470856	99.39186573028564
1: Epoch: [89][ 0/25]	1.0562986135482788	0.26761165261268616	0.019681772217154503	99.3768572807312
0: Epoch: [89][ 0/25]	1.0565245151519775	0.26407745480537415	0.019681772217154503	99.3768572807312
1: Epoch 89/90 - 30.926s
1: Steps per epoch: 25
1: Validation steps per epoch: 10
1: Average time per epoch: 31.620 s
0: Epoch 89/90 - 30.926s
0: Steps per epoch: 25
0: Validation steps per epoch: 10
0: Average time per epoch: 31.620 s
1: --- 2850.6074090003967 seconds ---
0: --- 2850.60778093338 seconds ---
ELAPSED: 2858 seconds
End at Tue Feb  9 16:27:35 EET 2021
