WORKERS: "gpu15-ib:5555"
Start at Sun Feb 14 04:04:38 EET 2021
CUDA_VISIBLE_DEVICES: 0,1
Running on hosts: gpu15
Running on 1 nodes.
Running 2 tasks per node
Job id is 1095039
0: Number of devices per node: 2
1: Number of devices per node: 2
1: rank 1
0: rank 0
0: => creating model 'resnet50'
1: => creating model 'resnet50'
0: Epoch: [0][ 0/25]	22.719207763671875	0.3012356758117676	7.530344009399414	0.0
1: Epoch: [0][ 0/25]	22.73206901550293	0.2897815704345703	7.530344009399414	0.0
1: Epoch: [0][ 0/25]	3.0762810707092285	0.3017213046550751	6.499678134918213	10.111860930919647
0: Epoch: [0][ 0/25]	3.075989007949829	0.304829865694046	6.499678134918213	10.111860930919647
0: Epoch: [0][ 0/25]	2.1207828521728516	0.29667380452156067	6.027944087982178	10.18647700548172
1: Epoch: [0][ 0/25]	2.1212198734283447	0.28704801201820374	6.027944087982178	10.18647700548172
1: Epoch 0/90 - 67.063s
0: Epoch 0/90 - 67.063s
0: Epoch: [1][ 0/25]	1.098088264465332	0.2982485294342041	3.2203774452209473	11.083984375
1: Epoch: [1][ 0/25]	1.1024894714355469	0.28525209426879883	3.2203774452209473	11.083984375
0: Epoch: [1][ 0/25]	1.0998543500900269	0.30870357155799866	2.762942314147949	14.435368776321411
1: Epoch: [1][ 0/25]	1.1000170707702637	0.27625522017478943	2.762942314147949	14.435368776321411
0: Epoch: [1][ 0/25]	1.0893890857696533	0.29876238107681274	2.5285520553588867	17.88271963596344
1: Epoch: [1][ 0/25]	1.0897448062896729	0.2741639316082001	2.5285520553588867	17.88271963596344
1: Epoch 1/90 - 31.890s
0: Epoch 1/90 - 31.890s
1: Epoch: [2][ 0/25]	1.0778603553771973	0.27526307106018066	2.0133516788482666	27.685546875
0: Epoch: [2][ 0/25]	1.081578254699707	0.2906758785247803	2.0133516788482666	27.685546875
0: Epoch: [2][ 0/25]	1.0783742666244507	0.2934608459472656	1.9804326295852661	29.887250065803528
1: Epoch: [2][ 0/25]	1.0788532495498657	0.2721276581287384	1.9804326295852661	29.887250065803528
0: Epoch: [2][ 0/25]	1.0751025676727295	0.2882220447063446	1.9431997537612915	31.44298791885376
1: Epoch: [2][ 0/25]	1.0754525661468506	0.2718861401081085	1.9431997537612915	31.44298791885376
1: Epoch 2/90 - 31.517s
0: Epoch 2/90 - 31.517s
0: Epoch: [3][ 0/25]	1.0716073513031006	0.28505635261535645	1.8473098278045654	37.109375
1: Epoch: [3][ 0/25]	1.0788588523864746	0.2907681465148926	1.8473098278045654	37.109375
1: Epoch: [3][ 0/25]	1.0946849584579468	0.27379992604255676	1.8110904693603516	37.6953125
0: Epoch: [3][ 0/25]	1.0949561595916748	0.3086187243461609	1.8110904693603516	37.6953125
0: Epoch: [3][ 0/25]	1.0852807760238647	0.29874831438064575	1.7622076272964478	38.76720666885376
1: Epoch: [3][ 0/25]	1.0856091976165771	0.2728775441646576	1.7622076272964478	38.76720666885376
1: Epoch 3/90 - 31.744s
0: Epoch 3/90 - 31.744s
0: Epoch: [4][ 0/25]	1.0701930522918701	0.2849709987640381	1.592911720275879	42.578125
1: Epoch: [4][ 0/25]	1.0757043361663818	0.2752547264099121	1.592911720275879	42.578125
0: Epoch: [4][ 0/25]	1.0644811391830444	0.2825118899345398	1.5677930116653442	44.10511255264282
1: Epoch: [4][ 0/25]	1.065048336982727	0.2726086378097534	1.5677930116653442	44.10511255264282
0: Epoch: [4][ 0/25]	1.0649373531341553	0.2823636829853058	1.5536671876907349	44.63123083114624
1: Epoch: [4][ 0/25]	1.0651419162750244	0.2722164988517761	1.5536671876907349	44.63123083114624
1: Epoch 4/90 - 31.269s
0: Epoch 4/90 - 31.269s
1: Epoch: [5][ 0/25]	1.061248540878296	0.2734856605529785	1.4134249687194824	48.14453125
0: Epoch: [5][ 0/25]	1.067073106765747	0.2853732109069824	1.4134249687194824	48.14453125
1: Epoch: [5][ 0/25]	1.0629271268844604	0.27124524116516113	1.482223391532898	48.79705309867859
0: Epoch: [5][ 0/25]	1.06342613697052	0.28237488865852356	1.482223391532898	48.79705309867859
1: Epoch: [5][ 0/25]	1.0616378784179688	0.27119171619415283	1.4539415836334229	49.23037588596344
0: Epoch: [5][ 0/25]	1.0618489980697632	0.28213372826576233	1.4539415836334229	49.23037588596344
1: Epoch 5/90 - 31.180s
0: Epoch 5/90 - 31.180s
0: Epoch: [6][ 0/25]	1.066535234451294	0.28532838821411133	1.4425153732299805	53.271484375
1: Epoch: [6][ 0/25]	1.0692148208618164	0.2738347053527832	1.4425153732299805	53.271484375
0: Epoch: [6][ 0/25]	1.064161777496338	0.2823505699634552	1.3491971492767334	53.80859375
1: Epoch: [6][ 0/25]	1.0644491910934448	0.2713198959827423	1.3491971492767334	53.80859375
0: Epoch: [6][ 0/25]	1.0641858577728271	0.282055526971817	1.3567250967025757	53.14825177192688
1: Epoch: [6][ 0/25]	1.0642454624176025	0.2711658477783203	1.3567250967025757	53.14825177192688
1: Epoch 6/90 - 31.293s
0: Epoch 6/90 - 31.293s
0: Epoch: [7][ 0/25]	1.069519281387329	0.2850818634033203	1.3574857711791992	50.48828125
1: Epoch: [7][ 0/25]	1.0746102333068848	0.2739708423614502	1.3574857711791992	50.48828125
0: Epoch: [7][ 0/25]	1.0683965682983398	0.28323185443878174	1.400946021080017	52.29048132896423
1: Epoch: [7][ 0/25]	1.0686249732971191	0.2713918685913086	1.400946021080017	52.29048132896423
0: Epoch: [7][ 0/25]	1.0676698684692383	0.2828950881958008	1.3803519010543823	52.4600088596344
1: Epoch: [7][ 0/25]	1.067770004272461	0.2711697518825531	1.3803519010543823	52.4600088596344
1: Epoch 7/90 - 31.337s
0: Epoch 7/90 - 31.337s
1: Epoch: [8][ 0/25]	1.0586473941802979	0.2736778259277344	1.1944077014923096	57.8125
0: Epoch: [8][ 0/25]	1.0654106140136719	0.28562188148498535	1.1944077014923096	57.8125
0: Epoch: [8][ 0/25]	1.0635558366775513	0.28240537643432617	1.2146716117858887	57.89684057235718
1: Epoch: [8][ 0/25]	1.064183235168457	0.27158185839653015	1.2146716117858887	57.89684057235718
0: Epoch: [8][ 0/25]	1.0643285512924194	0.2830759286880493	1.2124148607254028	57.8799307346344
1: Epoch: [8][ 0/25]	1.0645729303359985	0.27142658829689026	1.2124148607254028	57.8799307346344
1: Epoch 8/90 - 31.276s
0: Epoch 8/90 - 31.276s
1: Epoch: [9][ 0/25]	1.077263593673706	0.2757701873779297	1.02998948097229	63.916015625
0: Epoch: [9][ 0/25]	1.0785703659057617	0.2847588062286377	1.02998948097229	63.916015625
0: Epoch: [9][ 0/25]	1.0684431791305542	0.2822296917438507	1.067463755607605	63.356709480285645
1: Epoch: [9][ 0/25]	1.0689369440078735	0.27298614382743835	1.067463755607605	63.356709480285645
1: Epoch: [9][ 0/25]	1.0685817003250122	0.27271029353141785	1.1000292301177979	62.60695457458496
0: Epoch: [9][ 0/25]	1.068544864654541	0.28206467628479004	1.1000292301177979	62.60695457458496
1: Epoch 9/90 - 31.367s
0: Epoch 9/90 - 31.367s
0: Epoch: [10][ 0/25]	1.0786833763122559	0.286224365234375	0.9987887144088745	65.380859375
1: Epoch: [10][ 0/25]	1.0836286544799805	0.2755851745605469	0.9987887144088745	65.380859375
0: Epoch: [10][ 0/25]	1.0676957368850708	0.2827742397785187	1.001196265220642	65.74928760528564
1: Epoch: [10][ 0/25]	1.0682955980300903	0.27291610836982727	1.001196265220642	65.74928760528564
1: Epoch: [10][ 0/25]	1.0686498880386353	0.2727295160293579	1.0020127296447754	65.35295844078064
0: Epoch: [10][ 0/25]	1.0687847137451172	0.2836841940879822	1.0020127296447754	65.35295844078064
1: Epoch 10/90 - 31.371s
0: Epoch 10/90 - 31.371s
0: Epoch: [11][ 0/25]	1.066493034362793	0.28535938262939453	0.8693826794624329	69.53125
1: Epoch: [11][ 0/25]	1.0726804733276367	0.2757432460784912	0.8693826794624329	69.53125
0: Epoch: [11][ 0/25]	1.065711498260498	0.28251007199287415	0.9023332595825195	70.05060315132141
1: Epoch: [11][ 0/25]	1.0659197568893433	0.27280399203300476	0.9023332595825195	70.05060315132141
1: Epoch: [11][ 0/25]	1.067786693572998	0.2725605368614197	0.9335871338844299	69.01971697807312
0: Epoch: [11][ 0/25]	1.0678138732910156	0.2823749780654907	0.9335871338844299	69.01971697807312
1: Epoch 11/90 - 31.388s
0: Epoch 11/90 - 31.388s
0: Epoch: [12][ 0/25]	1.0709235668182373	0.28589940071105957	0.7807412147521973	73.046875
1: Epoch: [12][ 0/25]	1.075843334197998	0.2755424976348877	0.7807412147521973	73.046875
0: Epoch: [12][ 0/25]	1.0721358060836792	0.2843588590621948	0.8328119516372681	72.66512513160706
1: Epoch: [12][ 0/25]	1.0723679065704346	0.27278846502304077	0.8328119516372681	72.66512513160706
0: Epoch: [12][ 0/25]	1.0707653760910034	0.28376269340515137	0.8136444091796875	72.73762822151184
1: Epoch: [12][ 0/25]	1.0708218812942505	0.2733628749847412	0.8136444091796875	72.73762822151184
1: Epoch 12/90 - 31.417s
0: Epoch 12/90 - 31.417s
0: Epoch: [13][ 0/25]	1.073521375656128	0.2852003574371338	0.6547341346740723	77.001953125
1: Epoch: [13][ 0/25]	1.078284502029419	0.2757120132446289	0.6547341346740723	77.001953125
0: Epoch: [13][ 0/25]	1.0698354244232178	0.2824556827545166	0.6940259337425232	76.68678760528564
1: Epoch: [13][ 0/25]	1.0704551935195923	0.2730305790901184	0.6940259337425232	76.68678760528564
0: Epoch: [13][ 0/25]	1.0693724155426025	0.28224503993988037	0.7262188792228699	75.73939561843872
1: Epoch: [13][ 0/25]	1.069728136062622	0.2729014456272125	0.7262188792228699	75.73939561843872
1: Epoch 13/90 - 31.413s
0: Epoch 13/90 - 31.413s
0: Epoch: [14][ 0/25]	1.0703649520874023	0.284731388092041	0.806403636932373	77.5390625
1: Epoch: [14][ 0/25]	1.0751988887786865	0.2763838768005371	0.806403636932373	77.5390625
0: Epoch: [14][ 0/25]	1.077673077583313	0.28457561135292053	0.7446216940879822	76.86878442764282
1: Epoch: [14][ 0/25]	1.078385829925537	0.2731589674949646	0.7446216940879822	76.86878442764282
0: Epoch: [14][ 0/25]	1.0764594078063965	0.28397777676582336	0.7487687468528748	76.34393572807312
0: 
1: Epoch: [14][ 0/25]	1.076780915260315	0.27375444769859314	0.7487687468528748	76.34393572807312
1: Epoch 14/90 - 31.573s
0: Epoch 14/90 - 31.573s
0: Epoch: [15][ 0/25]	1.080150842666626	0.2857367992401123	0.7734270095825195	79.00390625
1: Epoch: [15][ 0/25]	1.0833895206451416	0.27692389488220215	0.7734270095825195	79.00390625
0: Epoch: [15][ 0/25]	1.0751570463180542	0.2828994691371918	0.7146852016448975	76.88654065132141
1: Epoch: [15][ 0/25]	1.075676441192627	0.27329155802726746	0.7146852016448975	76.88654065132141
0: Epoch: [15][ 0/25]	1.0762970447540283	0.2827581763267517	0.7056251764297485	77.2088885307312
1: Epoch: [15][ 0/25]	1.0766518115997314	0.2729511857032776	0.7056251764297485	77.2088885307312
1: Epoch 15/90 - 31.565s
0: Epoch 15/90 - 31.565s
0: Epoch: [16][ 0/25]	1.071446418762207	0.28553342819213867	0.5220221281051636	82.12890625
1: Epoch: [16][ 0/25]	1.076965570449829	0.27594971656799316	0.5220221281051636	82.12890625
0: Epoch: [16][ 0/25]	1.0715712308883667	0.2825525999069214	0.54616379737854	81.49858117103577
1: Epoch: [16][ 0/25]	1.0722136497497559	0.27300724387168884	0.54616379737854	81.49858117103577
0: Epoch: [16][ 0/25]	1.072591781616211	0.28243595361709595	0.5428443551063538	81.69410228729248
1: Epoch: [16][ 0/25]	1.0727736949920654	0.2735914885997772	0.5428443551063538	81.69410228729248
1: Epoch 16/90 - 31.476s
0: Epoch 16/90 - 31.476s
0: Epoch: [17][ 0/25]	1.075251579284668	0.28499889373779297	0.4429711699485779	86.376953125
1: Epoch: [17][ 0/25]	1.080934762954712	0.27619385719299316	0.4429711699485779	86.376953125
1: Epoch: [17][ 0/25]	1.073083519935608	0.27275756001472473	0.4337615966796875	85.65340638160706
0: Epoch: [17][ 0/25]	1.073572039604187	0.2822357416152954	0.4337615966796875	85.65340638160706
1: Epoch: [17][ 0/25]	1.07167649269104	0.2725571095943451	0.4435073733329773	85.36086082458496
0: Epoch: [17][ 0/25]	1.071875810623169	0.28207454085350037	0.4435073733329773	85.36086082458496
1: Epoch 17/90 - 31.418s
0: Epoch 17/90 - 31.418s
0: Epoch: [18][ 0/25]	1.072204828262329	0.28476858139038086	0.40899258852005005	87.939453125
1: Epoch: [18][ 0/25]	1.0758860111236572	0.2764103412628174	0.40899258852005005	87.939453125
0: Epoch: [18][ 0/25]	1.0686225891113281	0.2831237018108368	0.4308968782424927	86.23934388160706
1: Epoch: [18][ 0/25]	1.069250226020813	0.27440816164016724	0.4308968782424927	86.23934388160706
1: Epoch: [18][ 0/25]	1.0684889554977417	0.2735130786895752	0.4542526602745056	85.4375958442688
0: Epoch: [18][ 0/25]	1.0685535669326782	0.2832435965538025	0.4542526602745056	85.4375958442688
1: Epoch 18/90 - 31.406s
0: Epoch 18/90 - 31.406s
0: Epoch: [19][ 0/25]	1.0668156147003174	0.2854299545288086	0.3424713611602783	88.0859375
1: Epoch: [19][ 0/25]	1.0689666271209717	0.2825188636779785	0.3424713611602783	88.0859375
0: Epoch: [19][ 0/25]	1.0630295276641846	0.2823026776313782	0.4457707703113556	86.64772510528564
1: Epoch: [19][ 0/25]	1.0634980201721191	0.28083446621894836	0.4457707703113556	86.64772510528564
0: Epoch: [19][ 0/25]	1.0652415752410889	0.28204599022865295	0.4390381872653961	86.3955557346344
0: 
1: Epoch: [19][ 0/25]	1.06551194190979	0.280793160200119	0.4390381872653961	86.3955557346344
1: Epoch 19/90 - 31.327s
0: Epoch 19/90 - 31.327s
0: Epoch: [20][ 0/25]	1.0677738189697266	0.28496384620666504	0.2694118320941925	91.357421875
1: Epoch: [20][ 0/25]	1.0723803043365479	0.28191232681274414	0.2694118320941925	91.357421875
0: Epoch: [20][ 0/25]	1.0710139274597168	0.28235334157943726	0.3188101649284363	89.208984375
1: Epoch: [20][ 0/25]	1.0714374780654907	0.2863557040691376	0.3188101649284363	89.208984375
0: Epoch: [20][ 0/25]	1.0697405338287354	0.28245893120765686	0.3500717282295227	88.66955041885376
1: Epoch: [20][ 0/25]	1.0700198411941528	0.28285810351371765	0.3500717282295227	88.66955041885376
1: Epoch 20/90 - 31.418s
0: Epoch 20/90 - 31.418s
0: Epoch: [21][ 0/25]	1.0760776996612549	0.28606653213500977	0.344927042722702	88.76953125
1: Epoch: [21][ 0/25]	1.0822982788085938	0.2817647457122803	0.344927042722702	88.76953125
0: Epoch: [21][ 0/25]	1.0682063102722168	0.28332623839378357	0.40405207872390747	86.57670617103577
1: Epoch: [21][ 0/25]	1.0684795379638672	0.27819719910621643	0.40405207872390747	86.57670617103577
0: Epoch: [21][ 0/25]	1.06971275806427	0.2841271758079529	0.3997323215007782	86.83733344078064
1: Epoch: [21][ 0/25]	1.0700609683990479	0.27787652611732483	0.3997323215007782	86.83733344078064
1: Epoch 21/90 - 31.410s
0: Epoch 21/90 - 31.410s
0: Epoch: [22][ 0/25]	1.0737566947937012	0.2863931655883789	0.24916136264801025	91.943359375
1: Epoch: [22][ 0/25]	1.0808935165405273	0.28470540046691895	0.24916136264801025	91.943359375
0: Epoch: [22][ 0/25]	1.1029560565948486	0.2880393862724304	0.26017868518829346	91.51278138160706
1: Epoch: [22][ 0/25]	1.1041626930236816	0.30756720900535583	0.26017868518829346	91.51278138160706
1: Epoch: [22][ 0/25]	1.1021333932876587	0.3078271448612213	0.26497265696525574	91.58063530921936
0: Epoch: [22][ 0/25]	1.1023924350738525	0.28833088278770447	0.26497265696525574	91.58063530921936
1: Epoch 22/90 - 32.375s
0: Epoch 22/90 - 32.375s
0: Epoch: [23][ 0/25]	1.119441270828247	0.29254984855651855	0.19804076850414276	93.84765625
1: Epoch: [23][ 0/25]	1.1318135261535645	0.33071303367614746	0.19804076850414276	93.84765625
0: Epoch: [23][ 0/25]	1.1224507093429565	0.2891404330730438	0.24011941254138947	93.27059388160706
1: Epoch: [23][ 0/25]	1.1231296062469482	0.3224633038043976	0.24011941254138947	93.27059388160706
0: Epoch: [23][ 0/25]	1.103806495666504	0.29011908173561096	0.24251703917980194	92.74786114692688
1: Epoch: [23][ 0/25]	1.1040749549865723	0.2982293963432312	0.24251703917980194	92.74786114692688
1: Epoch 23/90 - 32.229s
0: Epoch 23/90 - 32.229s
0: Epoch: [24][ 0/25]	1.0933477878570557	0.29299259185791016	0.19507798552513123	94.189453125
1: Epoch: [24][ 0/25]	1.0974946022033691	0.2747786045074463	0.19507798552513123	94.189453125
0: Epoch: [24][ 0/25]	1.0798431634902954	0.28978973627090454	0.24658013880252838	92.00994372367859
0: 
1: Epoch: [24][ 0/25]	1.0805485248565674	0.2754654586315155	0.24658013880252838	92.00994372367859
1: Epoch: [24][ 0/25]	1.091954231262207	0.2780121862888336	0.2511154115200043	92.09449291229248
0: Epoch: [24][ 0/25]	1.0924994945526123	0.29873961210250854	0.2511154115200043	92.09449291229248
1: Epoch 24/90 - 32.658s
0: Epoch 24/90 - 32.658s
1: Epoch: [25][ 0/25]	1.1402206420898438	0.27886104583740234	0.14115646481513977	95.458984375
0: Epoch: [25][ 0/25]	1.1408312320709229	0.34252285957336426	0.14115646481513977	95.458984375
0: Epoch: [25][ 0/25]	1.1254748106002808	0.3316580057144165	0.19486379623413086	93.66565942764282
1: Epoch: [25][ 0/25]	1.1261636018753052	0.2755719721317291	0.19486379623413086	93.66565942764282
1: Epoch: [25][ 0/25]	1.1051504611968994	0.2757833003997803	0.21275345981121063	93.57793927192688
0: Epoch: [25][ 0/25]	1.105154275894165	0.311856210231781	0.21275345981121063	93.57793927192688
1: Epoch 25/90 - 32.241s
0: Epoch 25/90 - 32.241s
0: Epoch: [26][ 0/25]	1.0855674743652344	0.29148173332214355	0.16742810606956482	95.654296875
1: Epoch: [26][ 0/25]	1.0896310806274414	0.2796204090118408	0.16742810606956482	95.654296875
1: Epoch: [26][ 0/25]	1.1162872314453125	0.27581045031547546	0.208412304520607	94.04740929603577
0: Epoch: [26][ 0/25]	1.1163418292999268	0.3210931122303009	0.208412304520607	94.04740929603577
1: Epoch: [26][ 0/25]	1.1237199306488037	0.2755402624607086	0.20208922028541565	93.84300708770752
0: Epoch: [26][ 0/25]	1.1237257719039917	0.3296140134334564	0.20208922028541565	93.84300708770752
1: Epoch 26/90 - 33.328s
0: Epoch 26/90 - 33.328s
1: Epoch: [27][ 0/25]	1.1308908462524414	0.2783691883087158	0.11321886628866196	96.435546875
0: Epoch: [27][ 0/25]	1.1346428394317627	0.34182238578796387	0.11321886628866196	96.435546875
1: Epoch: [27][ 0/25]	1.1327500343322754	0.27561911940574646	0.17709912359714508	95.35245299339294
0: Epoch: [27][ 0/25]	1.1329184770584106	0.34100547432899475	0.17709912359714508	95.35245299339294
0: Epoch: [27][ 0/25]	1.1078212261199951	0.3188565671443939	0.1692638099193573	95.00557780265808
1: Epoch: [27][ 0/25]	1.1080663204193115	0.27560698986053467	0.1692638099193573	95.00557780265808
1: Epoch 27/90 - 32.402s
0: Epoch 27/90 - 32.402s
0: Epoch: [28][ 0/25]	1.085357904434204	0.2995316982269287	0.11375024914741516	95.99609375
1: Epoch: [28][ 0/25]	1.088578224182129	0.27187442779541016	0.11375024914741516	95.99609375
0: Epoch: [28][ 0/25]	1.0724372863769531	0.2899388372898102	0.15831084549427032	95.13494372367859
1: Epoch: [28][ 0/25]	1.072637915611267	0.2687462568283081	0.15831084549427032	95.13494372367859
0: Epoch: [28][ 0/25]	1.0739259719848633	0.28876832127571106	0.16041253507137299	94.84049677848816
1: Epoch: [28][ 0/25]	1.0741664171218872	0.2685352563858032	0.16041253507137299	94.84049677848816
1: Epoch 28/90 - 31.920s
0: Epoch 28/90 - 31.920s
1: Epoch: [29][ 0/25]	1.1363577842712402	0.2721993923187256	0.17298254370689392	94.580078125
0: Epoch: [29][ 0/25]	1.1401939392089844	0.34207630157470703	0.17298254370689392	94.580078125
1: Epoch: [29][ 0/25]	1.0910652875900269	0.2829678952693939	0.38064271211624146	89.83487486839294
0: Epoch: [29][ 0/25]	1.0914692878723145	0.2949585020542145	0.38064271211624146	89.83487486839294
0: Epoch: [29][ 0/25]	1.0828052759170532	0.2900974750518799	0.38845494389533997	88.87648582458496
1: Epoch: [29][ 0/25]	1.0831670761108398	0.2793586850166321	0.38845494389533997	88.87648582458496
1: Epoch 29/90 - 31.705s
0: Epoch 29/90 - 31.705s
0: Epoch: [30][ 0/25]	1.087273359298706	0.2876720428466797	0.2815506160259247	92.138671875
1: Epoch: [30][ 0/25]	1.0933654308319092	0.27848196029663086	0.2815506160259247	92.138671875
1: Epoch: [30][ 0/25]	1.0748136043548584	0.27655985951423645	0.2222851812839508	93.49698424339294
0: Epoch: [30][ 0/25]	1.0754648447036743	0.2853107452392578	0.2222851812839508	93.49698424339294
0: Epoch: [30][ 0/25]	1.0737762451171875	0.28496623039245605	0.19584724307060242	94.45917010307312
1: Epoch: [30][ 0/25]	1.0739718675613403	0.2765648663043976	0.19584724307060242	94.45917010307312
1: Epoch 30/90 - 31.537s
0: Epoch 30/90 - 31.537s
1: Epoch: [31][ 0/25]	1.0674397945404053	0.27892398834228516	0.14434775710105896	97.265625
0: Epoch: [31][ 0/25]	1.067878246307373	0.28838372230529785	0.14434775710105896	97.265625
0: Epoch: [31][ 0/25]	1.0723562240600586	0.2859100103378296	0.09844694286584854	97.72283434867859
1: Epoch: [31][ 0/25]	1.0724835395812988	0.276943564414978	0.09844694286584854	97.72283434867859
0: Epoch: [31][ 0/25]	1.072299599647522	0.285726398229599	0.09049532562494278	97.7841317653656
1: Epoch: [31][ 0/25]	1.072607398033142	0.2767055034637451	0.09049532562494278	97.7841317653656
1: Epoch 31/90 - 31.487s
0: Epoch 31/90 - 31.487s
1: Epoch: [32][ 0/25]	1.0724287033081055	0.27918124198913574	0.07207219302654266	98.291015625
0: Epoch: [32][ 0/25]	1.078171730041504	0.2882556915283203	0.07207219302654266	98.291015625
1: Epoch: [32][ 0/25]	1.071118950843811	0.2759348750114441	0.07063839584589005	98.4375
0: Epoch: [32][ 0/25]	1.0714997053146362	0.28534600138664246	0.07063839584589005	98.4375
0: Epoch: [32][ 0/25]	1.071959137916565	0.28527939319610596	0.06597878783941269	98.5165536403656
1: Epoch: [32][ 0/25]	1.0722856521606445	0.27588653564453125	0.06597878783941269	98.5165536403656
1: Epoch 32/90 - 31.488s
0: Epoch 32/90 - 31.488s
1: Epoch: [33][ 0/25]	1.0711524486541748	0.2734496593475342	0.061574745923280716	98.53515625
0: Epoch: [33][ 0/25]	1.0708534717559814	0.2879507541656494	0.061574745923280716	98.53515625
1: Epoch: [33][ 0/25]	1.0719245672225952	0.2701509892940521	0.05270782485604286	98.79261255264282
0: Epoch: [33][ 0/25]	1.0720769166946411	0.2853774130344391	0.05270782485604286	98.79261255264282
1: Epoch: [33][ 0/25]	1.0717881917953491	0.27112188935279846	0.05280589312314987	98.83509874343872
0: Epoch: [33][ 0/25]	1.0718655586242676	0.28512680530548096	0.05280589312314987	98.83509874343872
1: Epoch 33/90 - 31.477s
0: Epoch 33/90 - 31.477s
1: Epoch: [34][ 0/25]	1.078491449356079	0.27418041229248047	0.04345028102397919	98.974609375
0: Epoch: [34][ 0/25]	1.082918405532837	0.2880260944366455	0.04345028102397919	98.974609375
0: Epoch: [34][ 0/25]	1.0722736120224	0.28555038571357727	0.04234437644481659	98.98348450660706
1: Epoch: [34][ 0/25]	1.072839617729187	0.27028438448905945	0.04234437644481659	98.98348450660706
0: Epoch: [34][ 0/25]	1.07270085811615	0.2861168682575226	0.04195874184370041	99.03041124343872
1: Epoch: [34][ 0/25]	1.0732007026672363	0.2722659707069397	0.04195874184370041	99.03041124343872
1: Epoch 34/90 - 31.500s
0: Epoch 34/90 - 31.500s
1: Epoch: [35][ 0/25]	1.0762734413146973	0.2747840881347656	0.032285477966070175	99.267578125
0: Epoch: [35][ 0/25]	1.0820643901824951	0.28789710998535156	0.032285477966070175	99.267578125
0: Epoch: [35][ 0/25]	1.0714031457901	0.2860042452812195	0.043515272438526154	99.06782507896423
1: Epoch: [35][ 0/25]	1.0719184875488281	0.2714899778366089	0.043515272438526154	99.06782507896423
0: Epoch: [35][ 0/25]	1.0714596509933472	0.28594106435775757	0.042504724115133286	99.072265625
1: Epoch: [35][ 0/25]	1.0715415477752686	0.27204322814941406	0.042504724115133286	99.072265625
1: Epoch 35/90 - 31.464s
0: Epoch 35/90 - 31.464s
1: Epoch: [36][ 0/25]	1.087918996810913	0.27524805068969727	0.04167983680963516	98.876953125
0: Epoch: [36][ 0/25]	1.0869882106781006	0.2885565757751465	0.04167983680963516	98.876953125
1: Epoch: [36][ 0/25]	1.1280694007873535	0.2716631591320038	0.038960639387369156	99.10333752632141
0: Epoch: [36][ 0/25]	1.1281431913375854	0.33458447456359863	0.038960639387369156	99.10333752632141
1: Epoch: [36][ 0/25]	1.113865613937378	0.27153342962265015	0.03826407343149185	99.12341833114624
0: Epoch: [36][ 0/25]	1.113816261291504	0.3224053382873535	0.03826407343149185	99.12341833114624
1: Epoch 36/90 - 32.360s
0: Epoch 36/90 - 32.360s
0: Epoch: [37][ 0/25]	1.0783812999725342	0.2883286476135254	0.029117990285158157	99.31640625
1: Epoch: [37][ 0/25]	1.0800762176513672	0.2748985290527344	0.029117990285158157	99.31640625
0: Epoch: [37][ 0/25]	1.0735338926315308	0.2853858172893524	0.03092544712126255	99.27201867103577
1: Epoch: [37][ 0/25]	1.0737169981002808	0.27170610427856445	0.03092544712126255	99.27201867103577
0: Epoch: [37][ 0/25]	1.076748251914978	0.2852153778076172	0.03205716982483864	99.2559552192688
1: Epoch: [37][ 0/25]	1.077034592628479	0.27236297726631165	0.03205716982483864	99.2559552192688
1: Epoch 37/90 - 31.596s
0: Epoch 37/90 - 31.596s
0: Epoch: [38][ 0/25]	1.078169345855713	0.2875785827636719	0.03168269246816635	99.21875
1: Epoch: [38][ 0/25]	1.08290696144104	0.2740964889526367	0.03168269246816635	99.21875
1: Epoch: [38][ 0/25]	1.0722463130950928	0.270851731300354	0.02890918403863907	99.33416247367859
0: Epoch: [38][ 0/25]	1.072769284248352	0.2866710424423218	0.02890918403863907	99.33416247367859
0: Epoch: [38][ 0/25]	1.0724256038665771	0.28603148460388184	0.028129778802394867	99.3350088596344
1: Epoch: [38][ 0/25]	1.072549819946289	0.27071648836135864	0.028129778802394867	99.3350088596344
1: Epoch 38/90 - 31.471s
0: Epoch 38/90 - 31.471s
0: Epoch: [39][ 0/25]	1.063645601272583	0.2835574150085449	0.037731368094682693	99.12109375
1: Epoch: [39][ 0/25]	1.0695042610168457	0.27460217475891113	0.037731368094682693	99.12109375
0: Epoch: [39][ 0/25]	1.0718715190887451	0.2820972800254822	0.02770252898335457	99.33416247367859
1: Epoch: [39][ 0/25]	1.07215416431427	0.2709987759590149	0.02770252898335457	99.33416247367859
1: 
0: Epoch: [39][ 0/25]	1.0726529359817505	0.2819364666938782	0.027488891035318375	99.33965802192688
1: Epoch: [39][ 0/25]	1.072863221168518	0.27169087529182434	0.027488891035318375	99.33965802192688
1: Epoch 39/90 - 31.443s
0: Epoch 39/90 - 31.443s
0: Epoch: [40][ 0/25]	1.059311866760254	0.2838108539581299	0.01974724419414997	99.51171875
1: Epoch: [40][ 0/25]	1.065211296081543	0.27447509765625	0.01974724419414997	99.51171875
1: Epoch: [40][ 0/25]	1.0632967948913574	0.2712462842464447	0.02440178580582142	99.43625926971436
0: Epoch: [40][ 0/25]	1.063581109046936	0.2828958332538605	0.02440178580582142	99.43625926971436
1: Epoch: [40][ 0/25]	1.0644875764846802	0.27097946405410767	0.02471870183944702	99.4140625
0: Epoch: [40][ 0/25]	1.0646836757659912	0.28234928846359253	0.02471870183944702	99.4140625
1: Epoch 40/90 - 31.254s
0: Epoch 40/90 - 31.254s
1: Epoch: [41][ 0/25]	1.0668504238128662	0.27439379692077637	0.018054019659757614	99.658203125
0: Epoch: [41][ 0/25]	1.0726280212402344	0.2837049961090088	0.018054019659757614	99.658203125
0: Epoch: [41][ 0/25]	1.0685794353485107	0.2808793783187866	0.02311396412551403	99.48064684867859
1: Epoch: [41][ 0/25]	1.0692296028137207	0.272748202085495	0.02311396412551403	99.48064684867859
1: Epoch: [41][ 0/25]	1.0673019886016846	0.2716471552848816	0.02459011971950531	99.42336082458496
0: Epoch: [41][ 0/25]	1.067384123802185	0.28083741664886475	0.02459011971950531	99.42336082458496
1: Epoch 41/90 - 31.375s
0: Epoch 41/90 - 31.375s
1: Epoch: [42][ 0/25]	1.0691356658935547	0.2734966278076172	0.021940406411886215	99.51171875
0: Epoch: [42][ 0/25]	1.0700652599334717	0.2868235111236572	0.021940406411886215	99.51171875
1: Epoch: [42][ 0/25]	1.0663591623306274	0.27100226283073425	0.019924839958548546	99.52503442764282
0: Epoch: [42][ 0/25]	1.066408634185791	0.280903697013855	0.019924839958548546	99.52503442764282
0: Epoch: [42][ 0/25]	1.067068338394165	0.280575156211853	0.020741229876875877	99.49544072151184
1: Epoch: [42][ 0/25]	1.0671160221099854	0.270892858505249	0.020741229876875877	99.49544072151184
1: Epoch 42/90 - 31.306s
0: Epoch 42/90 - 31.306s
0: Epoch: [43][ 0/25]	1.0638830661773682	0.28273963928222656	0.01758553832769394	99.70703125
1: Epoch: [43][ 0/25]	1.0657627582550049	0.2748532295227051	0.01758553832769394	99.70703125
0: Epoch: [43][ 0/25]	1.0675209760665894	0.2802835702896118	0.01923401653766632	99.57830309867859
1: Epoch: [43][ 0/25]	1.067806601524353	0.27332836389541626	0.01923401653766632	99.57830309867859
1: Epoch: [43][ 0/25]	1.065910816192627	0.27232205867767334	0.020701013505458832	99.5303213596344
0: Epoch: [43][ 0/25]	1.0662466287612915	0.28007689118385315	0.020701013505458832	99.5303213596344
1: Epoch 43/90 - 31.310s
0: Epoch 43/90 - 31.310s
0: Epoch: [44][ 0/25]	1.067784309387207	0.2832069396972656	0.014707021415233612	99.609375
1: Epoch: [44][ 0/25]	1.0737907886505127	0.27431631088256836	0.014707021415233612	99.609375
0: Epoch: [44][ 0/25]	1.0650492906570435	0.27991464734077454	0.01874232478439808	99.56942200660706
1: Epoch: [44][ 0/25]	1.0656594038009644	0.271006315946579	0.01874232478439808	99.56942200660706
1: Epoch: [44][ 0/25]	1.0636327266693115	0.2712373733520508	0.019524233415722847	99.53264594078064
0: Epoch: [44][ 0/25]	1.0638694763183594	0.2797217071056366	0.019524233415722847	99.53264594078064
1: Epoch 44/90 - 31.356s
0: Epoch 44/90 - 31.356s
1: Epoch: [45][ 0/25]	1.0616252422332764	0.2810647487640381	0.01791490614414215	99.609375
0: Epoch: [45][ 0/25]	1.066845417022705	0.2819948196411133	0.01791490614414215	99.609375
0: Epoch: [45][ 0/25]	1.0745774507522583	0.2793368697166443	0.01817479357123375	99.54723119735718
1: Epoch: [45][ 0/25]	1.075236201286316	0.2817991077899933	0.01817479357123375	99.54723119735718
1: Epoch: [45][ 0/25]	1.072839617729187	0.2804812490940094	0.019362136721611023	99.52567219734192
0: Epoch: [45][ 0/25]	1.0731269121170044	0.279234915971756	0.019362136721611023	99.52567219734192
1: Epoch 45/90 - 31.406s
0: Epoch 45/90 - 31.406s
0: Epoch: [46][ 0/25]	1.065432071685791	0.2792091369628906	0.015787146985530853	99.609375
1: Epoch: [46][ 0/25]	1.0701861381530762	0.27691054344177246	0.015787146985530853	99.609375
0: Epoch: [46][ 0/25]	1.0629887580871582	0.2764047086238861	0.016558459028601646	99.57386255264282
1: Epoch: [46][ 0/25]	1.0631966590881348	0.2710534334182739	0.016558459028601646	99.57386255264282
0: Epoch: [46][ 0/25]	1.0763696432113647	0.2887987494468689	0.017226675525307655	99.58844780921936
1: Epoch: [46][ 0/25]	1.0766929388046265	0.27006226778030396	0.017226675525307655	99.58844780921936
1: Epoch 46/90 - 31.578s
0: Epoch 46/90 - 31.578s
0: Epoch: [47][ 0/25]	1.0790915489196777	0.2875783443450928	0.01155942678451538	99.70703125
1: Epoch: [47][ 0/25]	1.0839197635650635	0.2866065502166748	0.01155942678451538	99.70703125
0: Epoch: [47][ 0/25]	1.071982741355896	0.28368881344795227	0.0182183925062418	99.59161877632141
1: Epoch: [47][ 0/25]	1.0722546577453613	0.27046337723731995	0.0182183925062418	99.59161877632141
0: Epoch: [47][ 0/25]	1.0726678371429443	0.28429144620895386	0.017949486151337624	99.59542155265808
1: Epoch: [47][ 0/25]	1.072946310043335	0.2697484493255615	0.017949486151337624	99.59542155265808
1: Epoch 47/90 - 31.464s
0: Epoch 47/90 - 31.464s
0: Epoch: [48][ 0/25]	1.0804941654205322	0.2864396572113037	0.014346827752888203	99.560546875
1: Epoch: [48][ 0/25]	1.087801456451416	0.27378416061401367	0.014346827752888203	99.560546875
0: Epoch: [48][ 0/25]	1.0737723112106323	0.2837200164794922	0.018279341980814934	99.53391551971436
1: Epoch: [48][ 0/25]	1.0743621587753296	0.2694225013256073	0.018279341980814934	99.53391551971436
0: Epoch: [48][ 0/25]	1.0734449625015259	0.2835020422935486	0.016443094238638878	99.59309697151184
1: Epoch: [48][ 0/25]	1.0737206935882568	0.2690785825252533	0.016443094238638878	99.59309697151184
1: Epoch 48/90 - 31.482s
0: Epoch 48/90 - 31.482s
0: Epoch: [49][ 0/25]	1.0541455745697021	0.2798323631286621	0.008826745674014091	99.853515625
1: Epoch: [49][ 0/25]	1.0647408962249756	0.2805643081665039	0.008826745674014091	99.853515625
0: Epoch: [49][ 0/25]	1.0830121040344238	0.29951217770576477	0.01505882479250431	99.59161877632141
1: Epoch: [49][ 0/25]	1.083559513092041	0.2764628529548645	0.01505882479250431	99.59161877632141
0: Epoch: [49][ 0/25]	1.0856199264526367	0.2922022342681885	0.01506460178643465	99.60007667541504
1: Epoch: [49][ 0/25]	1.0859129428863525	0.2875039577484131	0.01506460178643465	99.60007667541504
1: Epoch 49/90 - 31.706s
0: Epoch 49/90 - 31.706s
0: Epoch: [50][ 0/25]	1.0801432132720947	0.2861604690551758	0.011709137819707394	99.755859375
1: Epoch: [50][ 0/25]	1.0832419395446777	0.27405738830566406	0.011709137819707394	99.755859375
1: Epoch: [50][ 0/25]	1.092839241027832	0.27052631974220276	0.01575600914657116	99.64488744735718
0: Epoch: [50][ 0/25]	1.0928531885147095	0.30162495374679565	0.01575600914657116	99.64488744735718
1: Epoch: [50][ 0/25]	1.0962717533111572	0.2703245282173157	0.015927616506814957	99.64192509651184
0: Epoch: [50][ 0/25]	1.0966538190841675	0.30465254187583923	0.015927616506814957	99.64192509651184
1: Epoch 50/90 - 31.988s
0: Epoch 50/90 - 31.988s
0: Epoch: [51][ 0/25]	1.0662434101104736	0.28559112548828125	0.019317626953125	99.51171875
1: Epoch: [51][ 0/25]	1.0722451210021973	0.27246809005737305	0.019317626953125	99.51171875
0: Epoch: [51][ 0/25]	1.0755807161331177	0.28487956523895264	0.014030540362000465	99.65376257896423
1: Epoch: [51][ 0/25]	1.0759965181350708	0.269342839717865	0.014030540362000465	99.65376257896423
1: Epoch: [51][ 0/25]	1.074497938156128	0.2691693902015686	0.014655939303338528	99.64890480041504
0: Epoch: [51][ 0/25]	1.0745126008987427	0.2845977544784546	0.014655939303338528	99.64890480041504
1: Epoch 51/90 - 31.528s
0: Epoch 51/90 - 31.528s
1: Epoch: [52][ 0/25]	1.0686016082763672	0.2725081443786621	0.01609143428504467	99.658203125
0: Epoch: [52][ 0/25]	1.075704574584961	0.287369966506958	0.01609143428504467	99.658203125
1: Epoch: [52][ 0/25]	1.073180079460144	0.2694009244441986	0.013962754979729652	99.67595934867859
0: Epoch: [52][ 0/25]	1.0731959342956543	0.2847086489200592	0.013962754979729652	99.67595934867859
0: Epoch: [52][ 0/25]	1.073828101158142	0.28451669216156006	0.01394666824489832	99.66517686843872
1: Epoch: [52][ 0/25]	1.074089765548706	0.26921096444129944	0.01394666824489832	99.66517686843872
1: Epoch 52/90 - 31.487s
0: Epoch 52/90 - 31.487s
1: Epoch: [53][ 0/25]	1.0815975666046143	0.27269792556762695	0.011007098481059074	99.70703125
0: Epoch: [53][ 0/25]	1.0851454734802246	0.2871873378753662	0.011007098481059074	99.70703125
1: Epoch: [53][ 0/25]	1.0896893739700317	0.2690500020980835	0.01160341128706932	99.70703125
0: Epoch: [53][ 0/25]	1.08994460105896	0.2987854778766632	0.01160341128706932	99.70703125
0: Epoch: [53][ 0/25]	1.0775790214538574	0.2891806662082672	0.012196255847811699	99.66750144958496
1: Epoch: [53][ 0/25]	1.077938437461853	0.26905491948127747	0.012196255847811699	99.66750144958496
1: Epoch 53/90 - 31.521s
0: Epoch 53/90 - 31.521s
0: Epoch: [54][ 0/25]	1.0701141357421875	0.2819538116455078	0.01442140806466341	99.609375
1: Epoch: [54][ 0/25]	1.0766685009002686	0.27316975593566895	0.01442140806466341	99.609375
0: Epoch: [54][ 0/25]	1.0688955783843994	0.27886873483657837	0.013231995515525341	99.61825013160706
1: Epoch: [54][ 0/25]	1.0690784454345703	0.26939213275909424	0.013231995515525341	99.61825013160706
0: Epoch: [54][ 0/25]	1.0686191320419312	0.27875515818595886	0.013369649648666382	99.65587854385376
1: Epoch: [54][ 0/25]	1.0688931941986084	0.2691998779773712	0.013369649648666382	99.65587854385376
1: Epoch 54/90 - 31.343s
0: Epoch 54/90 - 31.343s
1: Epoch: [55][ 0/25]	1.073897361755371	0.27260351181030273	0.0239521823823452	99.365234375
0: Epoch: [55][ 0/25]	1.0770947933197021	0.29755473136901855	0.0239521823823452	99.365234375
0: Epoch: [55][ 0/25]	1.0696088075637817	0.2811901867389679	0.015547099523246288	99.59605932235718
1: Epoch: [55][ 0/25]	1.0702582597732544	0.26918312907218933	0.015547099523246288	99.59605932235718
0: Epoch: [55][ 0/25]	1.0686054229736328	0.2805774211883545	0.014593910425901413	99.63030219078064
1: Epoch: [55][ 0/25]	1.06879723072052	0.26906445622444153	0.014593910425901413	99.63030219078064
1: Epoch 55/90 - 31.333s
0: Epoch 55/90 - 31.333s
1: Epoch: [56][ 0/25]	1.0606155395507812	0.27220630645751953	0.011656861752271652	99.70703125
0: Epoch: [56][ 0/25]	1.0640923976898193	0.28222084045410156	0.011656861752271652	99.70703125
1: Epoch: [56][ 0/25]	1.0639958381652832	0.2694060504436493	0.01341343205422163	99.64044690132141
0: Epoch: [56][ 0/25]	1.0646785497665405	0.28327810764312744	0.01341343205422163	99.64044690132141
1: Epoch: [56][ 0/25]	1.0660730600357056	0.2720000147819519	0.013055755756795406	99.67448115348816
0: Epoch: [56][ 0/25]	1.0662710666656494	0.28455567359924316	0.013055755756795406	99.67448115348816
1: Epoch 56/90 - 31.247s
0: Epoch 56/90 - 31.247s
1: Epoch: [57][ 0/25]	1.0606052875518799	0.27815937995910645	0.014179453253746033	99.609375
0: Epoch: [57][ 0/25]	1.0645432472229004	0.28212618827819824	0.014179453253746033	99.609375
1: Epoch: [57][ 0/25]	1.0587807893753052	0.2748871147632599	0.011312795802950859	99.68927502632141
0: Epoch: [57][ 0/25]	1.059387445449829	0.2790791690349579	0.011312795802950859	99.68927502632141
1: Epoch: [57][ 0/25]	1.0609691143035889	0.2748166620731354	0.012364034540951252	99.68610405921936
0: Epoch: [57][ 0/25]	1.0611748695373535	0.2787705361843109	0.012364034540951252	99.68610405921936
1: Epoch 57/90 - 31.108s
0: Epoch 57/90 - 31.108s
1: Epoch: [58][ 0/25]	1.0658113956451416	0.27918195724487305	0.00881004985421896	99.658203125
0: Epoch: [58][ 0/25]	1.0684349536895752	0.282545804977417	0.00881004985421896	99.658203125
1: Epoch: [58][ 0/25]	1.0628670454025269	0.27522480487823486	0.009424284100532532	99.78249073028564
0: Epoch: [58][ 0/25]	1.063310146331787	0.2791863679885864	0.009424284100532532	99.78249073028564
1: Epoch: [58][ 0/25]	1.061347246170044	0.27556318044662476	0.01062118448317051	99.73028302192688
0: Epoch: [58][ 0/25]	1.0616422891616821	0.27884605526924133	0.01062118448317051	99.73028302192688
1: Epoch 58/90 - 31.150s
0: Epoch 58/90 - 31.150s
1: Epoch: [59][ 0/25]	1.0589466094970703	0.277393102645874	0.020594924688339233	99.609375
0: Epoch: [59][ 0/25]	1.0654752254486084	0.28188490867614746	0.020594924688339233	99.609375
0: Epoch: [59][ 0/25]	1.0670809745788574	0.2792380154132843	0.01059847604483366	99.76029992103577
1: Epoch: [59][ 0/25]	1.0677372217178345	0.27299073338508606	0.01059847604483366	99.76029992103577
0: Epoch: [59][ 0/25]	1.0699836015701294	0.28126370906829834	0.011526129208505154	99.72098469734192
1: Epoch: [59][ 0/25]	1.0702886581420898	0.27239686250686646	0.011526129208505154	99.72098469734192
1: Epoch 59/90 - 31.451s
0: Epoch 59/90 - 31.451s
1: Epoch: [60][ 0/25]	1.074925422668457	0.2753283977508545	0.016471339389681816	99.70703125
0: Epoch: [60][ 0/25]	1.0792429447174072	0.28939104080200195	0.016471339389681816	99.70703125
0: Epoch: [60][ 0/25]	1.0678789615631104	0.27788302302360535	0.010235599242150784	99.77805614471436
1: Epoch: [60][ 0/25]	1.0685979127883911	0.2721419632434845	0.010235599242150784	99.77805614471436
0: Epoch: [60][ 0/25]	1.0689687728881836	0.2783485949039459	0.01037974189966917	99.75121021270752
1: Epoch: [60][ 0/25]	1.06905198097229	0.27267369627952576	0.01037974189966917	99.75121021270752
1: Epoch 60/90 - 31.412s
0: Epoch 60/90 - 31.412s
0: Epoch: [61][ 0/25]	1.0740158557891846	0.28664302825927734	0.0069045862182974815	99.951171875
1: Epoch: [61][ 0/25]	1.0780231952667236	0.2764453887939453	0.0069045862182974815	99.951171875
0: Epoch: [61][ 0/25]	1.0738625526428223	0.28368282318115234	0.00932228285819292	99.77805614471436
1: Epoch: [61][ 0/25]	1.074194073677063	0.2694447636604309	0.00932228285819292	99.77805614471436
0: Epoch: [61][ 0/25]	1.072200059890747	0.282953679561615	0.00974187720566988	99.76283311843872
1: Epoch: [61][ 0/25]	1.072511911392212	0.26888662576675415	0.00974187720566988	99.76283311843872
1: Epoch 61/90 - 31.436s
0: Epoch 61/90 - 31.436s
0: Epoch: [62][ 0/25]	1.073718547821045	0.28419065475463867	0.009405621327459812	99.755859375
1: Epoch: [62][ 0/25]	1.0791101455688477	0.2713150978088379	0.009405621327459812	99.755859375
0: Epoch: [62][ 0/25]	1.0700657367706299	0.2818179130554199	0.009738720022141933	99.755859375
1: Epoch: [62][ 0/25]	1.0707147121429443	0.27328112721443176	0.009738720022141933	99.755859375
0: Epoch: [62][ 0/25]	1.067762017250061	0.2824062705039978	0.010179765522480011	99.74190592765808
1: Epoch: [62][ 0/25]	1.0680568218231201	0.2738117575645447	0.010179765522480011	99.74190592765808
1: Epoch 62/90 - 31.333s
0: Epoch 62/90 - 31.333s
0: Epoch: [63][ 0/25]	1.0753333568572998	0.28501105308532715	0.008876479230821133	99.8046875
1: Epoch: [63][ 0/25]	1.078172206878662	0.2774538993835449	0.008876479230821133	99.8046875
0: Epoch: [63][ 0/25]	1.067034125328064	0.28272584080696106	0.008729279972612858	99.81356263160706
1: Epoch: [63][ 0/25]	1.0676792860031128	0.2746530771255493	0.008729279972612858	99.81356263160706
0: Epoch: [63][ 0/25]	1.0670299530029297	0.28254351019859314	0.010252632200717926	99.7674822807312
1: Epoch: [63][ 0/25]	1.0673658847808838	0.27441078424453735	0.010252632200717926	99.7674822807312
1: Epoch 63/90 - 31.313s
0: Epoch 63/90 - 31.313s
1: Epoch: [64][ 0/25]	1.0725245475769043	0.2775604724884033	0.006868697702884674	99.90234375
0: Epoch: [64][ 0/25]	1.0754420757293701	0.28390955924987793	0.006868697702884674	99.90234375
0: Epoch: [64][ 0/25]	1.0854519605636597	0.28225716948509216	0.009146475233137608	99.78249073028564
1: Epoch: [64][ 0/25]	1.0858315229415894	0.2933262884616852	0.009146475233137608	99.78249073028564
1: Epoch: [64][ 0/25]	1.076827883720398	0.2829833924770355	0.009811805561184883	99.74888563156128
0: Epoch: [64][ 0/25]	1.0768647193908691	0.2815229594707489	0.009811805561184883	99.74888563156128
1: Epoch 64/90 - 31.501s
0: Epoch 64/90 - 31.501s
0: Epoch: [65][ 0/25]	1.0627965927124023	0.2827942371368408	0.011904110200703144	99.609375
1: Epoch: [65][ 0/25]	1.063701868057251	0.2749979496002197	0.011904110200703144	99.609375
0: Epoch: [65][ 0/25]	1.061598539352417	0.27982258796691895	0.00985800102353096	99.74698424339294
1: Epoch: [65][ 0/25]	1.0619874000549316	0.2719237506389618	0.00985800102353096	99.74698424339294
1: Epoch: [65][ 0/25]	1.062882423400879	0.2715854346752167	0.009648356586694717	99.76515769958496
0: Epoch: [65][ 0/25]	1.0629358291625977	0.27971944212913513	0.009648356586694717	99.76515769958496
1: Epoch 65/90 - 31.146s
0: Epoch 65/90 - 31.146s
1: Epoch: [66][ 0/25]	1.0551536083221436	0.27510809898376465	0.009461648762226105	99.755859375
0: Epoch: [66][ 0/25]	1.055595874786377	0.27619481086730957	0.009461648762226105	99.755859375
0: Epoch: [66][ 0/25]	1.0586258172988892	0.2754702866077423	0.010144905187189579	99.76029992103577
1: Epoch: [66][ 0/25]	1.0588582754135132	0.27300557494163513	0.010144905187189579	99.76029992103577
0: Epoch: [66][ 0/25]	1.0586827993392944	0.2749049663543701	0.009420545771718025	99.7744619846344
1: Epoch: [66][ 0/25]	1.0588878393173218	0.2720915377140045	0.009420545771718025	99.7744619846344
1: Epoch 66/90 - 31.056s
0: Epoch 66/90 - 31.056s
0: Epoch: [67][ 0/25]	1.0615746974945068	0.2769284248352051	0.005465146154165268	99.90234375
1: Epoch: [67][ 0/25]	1.0683026313781738	0.27499961853027344	0.005465146154165268	99.90234375
0: Epoch: [67][ 0/25]	1.0607867240905762	0.27387481927871704	0.009463806636631489	99.78249073028564
1: Epoch: [67][ 0/25]	1.061041235923767	0.27179959416389465	0.009463806636631489	99.78249073028564
0: Epoch: [67][ 0/25]	1.0599538087844849	0.27357447147369385	0.009512074291706085	99.78376030921936
1: Epoch: [67][ 0/25]	1.0600693225860596	0.27160972356796265	0.009512074291706085	99.78376030921936
1: Epoch 67/90 - 31.074s
0: Epoch 67/90 - 31.074s
0: Epoch: [68][ 0/25]	1.080655574798584	0.2915925979614258	0.008904431015253067	99.755859375
1: Epoch: [68][ 0/25]	1.0851285457611084	0.27498722076416016	0.008904431015253067	99.755859375
0: Epoch: [68][ 0/25]	1.064195156097412	0.2756112813949585	0.00961266364902258	99.76029992103577
1: Epoch: [68][ 0/25]	1.0648624897003174	0.27322542667388916	0.00961266364902258	99.76029992103577
0: Epoch: [68][ 0/25]	1.0626466274261475	0.2748383581638336	0.009389792568981647	99.7674822807312
1: Epoch: [68][ 0/25]	1.0629771947860718	0.2724688947200775	0.009389792568981647	99.7674822807312
1: Epoch 68/90 - 31.134s
0: Epoch 68/90 - 31.134s
1: Epoch: [69][ 0/25]	1.0547432899475098	0.2753620147705078	0.00712865125387907	99.755859375
0: Epoch: [69][ 0/25]	1.0601003170013428	0.27635765075683594	0.00712865125387907	99.755859375
1: Epoch: [69][ 0/25]	1.0578820705413818	0.27220314741134644	0.010154754854738712	99.74254369735718
0: Epoch: [69][ 0/25]	1.0584596395492554	0.2735459804534912	0.010154754854738712	99.74254369735718
0: Epoch: [69][ 0/25]	1.0616154670715332	0.2765944302082062	0.00952841341495514	99.77213740348816
1: Epoch: [69][ 0/25]	1.0618921518325806	0.27196004986763	0.00952841341495514	99.77213740348816
1: Epoch 69/90 - 31.222s
0: Epoch 69/90 - 31.222s
0: Epoch: [70][ 0/25]	1.0706779956817627	0.2871067523956299	0.009743740782141685	99.8046875
1: Epoch: [70][ 0/25]	1.0773746967315674	0.2763550281524658	0.009743740782141685	99.8046875
0: Epoch: [70][ 0/25]	1.0664576292037964	0.27901649475097656	0.008745073340833187	99.78249073028564
1: Epoch: [70][ 0/25]	1.0669910907745361	0.27303260564804077	0.008745073340833187	99.78249073028564
0: Epoch: [70][ 0/25]	1.0681170225143433	0.2777276635169983	0.008611086755990982	99.7930645942688
1: Epoch: [70][ 0/25]	1.068432092666626	0.2727547585964203	0.008611086755990982	99.7930645942688
1: Epoch 70/90 - 31.383s
0: Epoch 70/90 - 31.383s
0: Epoch: [71][ 0/25]	1.067723274230957	0.2830166816711426	0.010031566955149174	99.70703125
1: Epoch: [71][ 0/25]	1.0740361213684082	0.27462220191955566	0.010031566955149174	99.70703125
0: Epoch: [71][ 0/25]	1.0731216669082642	0.2804868519306183	0.008720658719539642	99.80024695396423
1: Epoch: [71][ 0/25]	1.0734529495239258	0.27186819911003113	0.008720658719539642	99.80024695396423
0: Epoch: [71][ 0/25]	1.0722544193267822	0.2799643874168396	0.010027908720076084	99.75353479385376
1: Epoch: [71][ 0/25]	1.072572112083435	0.2717019319534302	0.010027908720076084	99.75353479385376
1: Epoch 71/90 - 31.463s
0: Epoch 71/90 - 31.463s
0: Epoch: [72][ 0/25]	1.0775396823883057	0.2829766273498535	0.010699544101953506	99.658203125
1: Epoch: [72][ 0/25]	1.0830750465393066	0.2747232913970947	0.010699544101953506	99.658203125
0: Epoch: [72][ 0/25]	1.0670253038406372	0.2804005444049835	0.00913840439170599	99.73810315132141
1: Epoch: [72][ 0/25]	1.0674277544021606	0.2721446752548218	0.00913840439170599	99.73810315132141
1: Epoch: [72][ 0/25]	1.0659202337265015	0.2721571624279022	0.00926155410706997	99.7674822807312
0: Epoch: [72][ 0/25]	1.0659067630767822	0.28030675649642944	0.00926155410706997	99.7674822807312
1: Epoch 72/90 - 31.268s
0: Epoch 72/90 - 31.268s
0: Epoch: [73][ 0/25]	1.0696008205413818	0.28282761573791504	0.006580014247447252	99.853515625
1: Epoch: [73][ 0/25]	1.0748026371002197	0.27533698081970215	0.006580014247447252	99.853515625
0: Epoch: [73][ 0/25]	1.064656138420105	0.2798348069190979	0.010049992240965366	99.74698424339294
1: Epoch: [73][ 0/25]	1.06501042842865	0.2725258469581604	0.010049992240965366	99.74698424339294
0: Epoch: [73][ 0/25]	1.0648385286331177	0.28033214807510376	0.009452487342059612	99.76283311843872
1: Epoch: [73][ 0/25]	1.0648738145828247	0.2726036310195923	0.009452487342059612	99.76283311843872
1: Epoch 73/90 - 31.233s
0: Epoch 73/90 - 31.233s
0: Epoch: [74][ 0/25]	1.0650265216827393	0.28191423416137695	0.0080905482172966	99.90234375
1: Epoch: [74][ 0/25]	1.071054458618164	0.2748899459838867	0.0080905482172966	99.90234375
0: Epoch: [74][ 0/25]	1.064444661140442	0.27976739406585693	0.008406585082411766	99.82688426971436
1: Epoch: [74][ 0/25]	1.0647635459899902	0.2715366780757904	0.008406585082411766	99.82688426971436
1: Epoch: [74][ 0/25]	1.0635157823562622	0.27118292450904846	0.009264104068279266	99.78840947151184
0: Epoch: [74][ 0/25]	1.0638052225112915	0.2795458734035492	0.009264104068279266	99.78840947151184
1: Epoch 74/90 - 31.238s
0: Epoch 74/90 - 31.238s
1: Epoch: [75][ 0/25]	1.0568821430206299	0.27365827560424805	0.00804936047643423	99.755859375
0: Epoch: [75][ 0/25]	1.0620577335357666	0.2821996212005615	0.00804936047643423	99.755859375
0: Epoch: [75][ 0/25]	1.0653620958328247	0.27953293919563293	0.009967024438083172	99.74698424339294
1: Epoch: [75][ 0/25]	1.0657610893249512	0.27101171016693115	0.009967024438083172	99.74698424339294
1: Epoch: [75][ 0/25]	1.0668259859085083	0.2708178162574768	0.013490842655301094	99.7186541557312
0: Epoch: [75][ 0/25]	1.0669010877609253	0.2803298234939575	0.013490842655301094	99.7186541557312
1: Epoch 75/90 - 31.300s
0: Epoch 75/90 - 31.300s
0: Epoch: [76][ 0/25]	1.0648365020751953	0.28099560737609863	0.010309701785445213	99.8046875
1: Epoch: [76][ 0/25]	1.0717859268188477	0.2748749256134033	0.010309701785445213	99.8046875
0: Epoch: [76][ 0/25]	1.0682053565979004	0.28053057193756104	0.010157713666558266	99.78249073028564
1: Epoch: [76][ 0/25]	1.0685871839523315	0.27227112650871277	0.010157713666558266	99.78249073028564
1: Epoch: [76][ 0/25]	1.0672318935394287	0.2719134986400604	0.010149119421839714	99.73958134651184
0: Epoch: [76][ 0/25]	1.0672532320022583	0.2799535095691681	0.010149119421839714	99.73958134651184
1: Epoch 76/90 - 31.297s
0: Epoch 76/90 - 31.297s
1: Epoch: [77][ 0/25]	1.0725321769714355	0.27472400665283203	0.008446582593023777	99.755859375
0: Epoch: [77][ 0/25]	1.0729725360870361	0.2816190719604492	0.008446582593023777	99.755859375
0: Epoch: [77][ 0/25]	1.061975359916687	0.2753274738788605	0.007970282807946205	99.79581236839294
1: Epoch: [77][ 0/25]	1.0624570846557617	0.272055983543396	0.007970282807946205	99.79581236839294
0: Epoch: [77][ 0/25]	1.0603910684585571	0.27420079708099365	0.008835473097860813	99.77911114692688
1: Epoch: [77][ 0/25]	1.0606935024261475	0.2718140482902527	0.008835473097860813	99.77911114692688
1: Epoch 77/90 - 31.085s
0: Epoch 77/90 - 31.085s
0: Epoch: [78][ 0/25]	1.056513786315918	0.27535462379455566	0.006808632053434849	99.70703125
1: Epoch: [78][ 0/25]	1.0618267059326172	0.2747182846069336	0.006808632053434849	99.70703125
0: Epoch: [78][ 0/25]	1.0597221851348877	0.2737269699573517	0.009563657455146313	99.75141882896423
1: Epoch: [78][ 0/25]	1.0601203441619873	0.2718798518180847	0.009563657455146313	99.75141882896423
1: Epoch: [78][ 0/25]	1.0629825592041016	0.2718358635902405	0.009538425132632256	99.76283311843872
0: Epoch: [78][ 0/25]	1.0629799365997314	0.2757484018802643	0.009538425132632256	99.76283311843872
1: Epoch 78/90 - 31.218s
0: Epoch 78/90 - 31.218s
1: Epoch: [79][ 0/25]	1.0615525245666504	0.2757554054260254	0.007025803439319134	99.853515625
0: Epoch: [79][ 0/25]	1.0619306564331055	0.28231239318847656	0.007025803439319134	99.853515625
1: Epoch: [79][ 0/25]	1.0657877922058105	0.272043913602829	0.008258841931819916	99.78693127632141
0: Epoch: [79][ 0/25]	1.0662425756454468	0.2818740904331207	0.008258841931819916	99.78693127632141
0: Epoch: [79][ 0/25]	1.0653977394104004	0.2815595865249634	0.008824115619063377	99.78143572807312
1: Epoch: [79][ 0/25]	1.065730094909668	0.27238819003105164	0.008824115619063377	99.78143572807312
1: Epoch 79/90 - 31.242s
0: Epoch 79/90 - 31.242s
0: Epoch: [80][ 0/25]	1.0668034553527832	0.28194165229797363	0.008560479618608952	99.90234375
1: Epoch: [80][ 0/25]	1.0717275142669678	0.2747211456298828	0.008560479618608952	99.90234375
0: Epoch: [80][ 0/25]	1.0654934644699097	0.2806642949581146	0.010494337417185307	99.72922801971436
1: Epoch: [80][ 0/25]	1.0656118392944336	0.2716955542564392	0.010494337417185307	99.72922801971436
1: Epoch: [80][ 0/25]	1.0652945041656494	0.2715379297733307	0.009160461835563183	99.7744619846344
0: Epoch: [80][ 0/25]	1.0653156042099	0.27944740653038025	0.009160461835563183	99.7744619846344
1: Epoch 80/90 - 31.222s
0: Epoch 80/90 - 31.222s
1: Epoch: [81][ 0/25]	1.0799639225006104	0.2747340202331543	0.0061765071004629135	99.853515625
0: Epoch: [81][ 0/25]	1.07944655418396	0.29613375663757324	0.0061765071004629135	99.853515625
0: Epoch: [81][ 0/25]	1.059090495109558	0.2761290371417999	0.008994768373668194	99.79137182235718
1: Epoch: [81][ 0/25]	1.0596483945846558	0.2717905044555664	0.008994768373668194	99.79137182235718
1: Epoch: [81][ 0/25]	1.058464765548706	0.2722465991973877	0.009446035139262676	99.76515769958496
0: Epoch: [81][ 0/25]	1.0584970712661743	0.2747034728527069	0.009446035139262676	99.76515769958496
1: Epoch 81/90 - 31.006s
0: Epoch 81/90 - 31.006s
0: Epoch: [82][ 0/25]	1.0579791069030762	0.2755239009857178	0.00808906089514494	99.8046875
1: Epoch: [82][ 0/25]	1.0630648136138916	0.27470874786376953	0.00808906089514494	99.8046875
0: Epoch: [82][ 0/25]	1.0572479963302612	0.27309826016426086	0.008284158073365688	99.78693127632141
1: Epoch: [82][ 0/25]	1.0574780702590942	0.2717720568180084	0.008284158073365688	99.78693127632141
1: Epoch: [82][ 0/25]	1.0557254552841187	0.27155011892318726	0.009125097654759884	99.7744619846344
0: Epoch: [82][ 0/25]	1.0557035207748413	0.27302202582359314	0.009125097654759884	99.7744619846344
1: Epoch 82/90 - 30.962s
0: Epoch 82/90 - 30.962s
0: Epoch: [83][ 0/25]	1.0625905990600586	0.2760636806488037	0.0132911317050457	99.560546875
1: Epoch: [83][ 0/25]	1.0697507858276367	0.27484583854675293	0.0132911317050457	99.560546875
0: Epoch: [83][ 0/25]	1.0648497343063354	0.2732808291912079	0.010281055234372616	99.74254369735718
1: Epoch: [83][ 0/25]	1.0653681755065918	0.2716151475906372	0.010281055234372616	99.74254369735718
0: Epoch: [83][ 0/25]	1.0664430856704712	0.2732323110103607	0.00944047886878252	99.75818395614624
1: Epoch: [83][ 0/25]	1.066672444343567	0.27210116386413574	0.00944047886878252	99.75818395614624
1: Epoch 83/90 - 31.219s
0: Epoch 83/90 - 31.219s
0: Epoch: [84][ 0/25]	1.0708000659942627	0.27541089057922363	0.007656468078494072	99.853515625
1: Epoch: [84][ 0/25]	1.0742404460906982	0.2753622531890869	0.007656468078494072	99.853515625
0: Epoch: [84][ 0/25]	1.0671437978744507	0.2731679081916809	0.009135469794273376	99.74698424339294
1: Epoch: [84][ 0/25]	1.067519187927246	0.2717672288417816	0.009135469794273376	99.74698424339294
0: Epoch: [84][ 0/25]	1.0651233196258545	0.2728823125362396	0.00904427096247673	99.77213740348816
1: Epoch: [84][ 0/25]	1.0652995109558105	0.2715339660644531	0.00904427096247673	99.77213740348816
1: Epoch 84/90 - 31.208s
0: Epoch 84/90 - 31.208s
0: Epoch: [85][ 0/25]	1.055323839187622	0.2764275074005127	0.008475033566355705	99.8046875
1: Epoch: [85][ 0/25]	1.0609235763549805	0.2751424312591553	0.008475033566355705	99.8046875
0: Epoch: [85][ 0/25]	1.0648131370544434	0.273444265127182	0.010150994174182415	99.73366260528564
1: Epoch: [85][ 0/25]	1.065493106842041	0.27304238080978394	0.010150994174182415	99.73366260528564
0: Epoch: [85][ 0/25]	1.0639846324920654	0.27304527163505554	0.01024820376187563	99.7442364692688
1: Epoch: [85][ 0/25]	1.0643011331558228	0.27221211791038513	0.01024820376187563	99.7442364692688
1: Epoch 85/90 - 31.193s
0: Epoch 85/90 - 31.193s
0: Epoch: [86][ 0/25]	1.0742065906524658	0.2753279209136963	0.006835049018263817	99.853515625
1: Epoch: [86][ 0/25]	1.0798046588897705	0.2750558853149414	0.006835049018263817	99.853515625
0: Epoch: [86][ 0/25]	1.065855860710144	0.27313467860221863	0.009173897095024586	99.76029992103577
1: Epoch: [86][ 0/25]	1.0663444995880127	0.27187269926071167	0.009173897095024586	99.76029992103577
1: Epoch: [86][ 0/25]	1.0618867874145508	0.27161914110183716	0.009312864392995834	99.76050853729248
0: Epoch: [86][ 0/25]	1.0619332790374756	0.2730792760848999	0.009312864392995834	99.76050853729248
1: Epoch 86/90 - 31.102s
0: Epoch 86/90 - 31.102s
0: Epoch: [87][ 0/25]	1.0700750350952148	0.27540016174316406	0.0062436931766569614	99.90234375
1: Epoch: [87][ 0/25]	1.0766632556915283	0.2745804786682129	0.0062436931766569614	99.90234375
0: Epoch: [87][ 0/25]	1.0596067905426025	0.2731378972530365	0.008817926980555058	99.77805614471436
1: Epoch: [87][ 0/25]	1.0599251985549927	0.27310168743133545	0.008817926980555058	99.77805614471436
0: Epoch: [87][ 0/25]	1.0592542886734009	0.27293476462364197	0.010263004340231419	99.76515769958496
1: Epoch: [87][ 0/25]	1.0594834089279175	0.27219462394714355	0.010263004340231419	99.76515769958496
1: Epoch 87/90 - 31.013s
0: Epoch 87/90 - 31.013s
0: Epoch: [88][ 0/25]	1.0566048622131348	0.27666187286376953	0.00906767975538969	99.755859375
1: Epoch: [88][ 0/25]	1.063032865524292	0.2746095657348633	0.00906767975538969	99.755859375
0: Epoch: [88][ 0/25]	1.0574119091033936	0.2733112573623657	0.009136504493653774	99.76917505264282
1: Epoch: [88][ 0/25]	1.0578376054763794	0.2718817889690399	0.009136504493653774	99.76917505264282
0: Epoch: [88][ 0/25]	1.0671312808990479	0.2739880383014679	0.008709000423550606	99.79073405265808
1: Epoch: [88][ 0/25]	1.0676923990249634	0.27904778718948364	0.008709000423550606	99.79073405265808
1: Epoch 88/90 - 31.423s
0: Epoch 88/90 - 31.423s
0: Epoch: [89][ 0/25]	1.0560810565948486	0.2754385471343994	0.0046957130543887615	99.951171875
1: Epoch: [89][ 0/25]	1.06258225440979	0.2772941589355469	0.0046957130543887615	99.951171875
0: Epoch: [89][ 0/25]	1.0639910697937012	0.27303650975227356	0.008798236958682537	99.77805614471436
1: Epoch: [89][ 0/25]	1.0646346807479858	0.2759160101413727	0.008798236958682537	99.77805614471436
0: Epoch: [89][ 0/25]	1.063161015510559	0.2728448510169983	0.009264119900763035	99.7744619846344
1: Epoch: [89][ 0/25]	1.0634260177612305	0.2752830386161804	0.009264119900763035	99.7744619846344
1: Epoch 89/90 - 31.150s
1: Steps per epoch: 25
1: Validation steps per epoch: 10
1: Average time per epoch: 31.856 s
0: Epoch 89/90 - 31.150s
0: Steps per epoch: 25
0: Validation steps per epoch: 10
0: Average time per epoch: 31.856 s
1: --- 2870.41143655777 seconds ---
0: --- 2870.409040927887 seconds ---
ELAPSED: 2873 seconds
End at Sun Feb 14 04:52:31 EET 2021
