WORKERS: "gpu01-ib:5555","gpu02-ib:5555"
Start at Tue Feb  9 16:38:59 EET 2021
CUDA_VISIBLE_DEVICES: 0,1
Running on hosts: gpu[01-02]
Running on 2 nodes.
Running 2 tasks per node
Job id is 1092098
1: Number of devices per node: 2
0: Number of devices per node: 2
3: Number of devices per node: 2
2: Number of devices per node: 2
2: rank 2
1: rank 1
3: rank 3
0: rank 0
0: 
2: => creating model 'resnet50'
3: => creating model 'resnet50'
1: => creating model 'resnet50'
0: => creating model 'resnet50'
1: Epoch 0/90 - 38.736s
2: Epoch 0/90 - 38.736s
3: Epoch 0/90 - 38.736s
0: Epoch 0/90 - 38.736s
1: Epoch 1/90 - 20.715s
2: Epoch 1/90 - 20.715s
3: Epoch 1/90 - 20.715s
0: Epoch 1/90 - 20.715s
1: Epoch 2/90 - 20.594s
2: Epoch 2/90 - 20.594s
3: Epoch 2/90 - 20.594s
0: Epoch 2/90 - 20.594s
1: Epoch 3/90 - 20.405s
2: Epoch 3/90 - 20.405s
3: Epoch 3/90 - 20.405s
0: Epoch 3/90 - 20.405s
1: Epoch 4/90 - 20.260s
2: Epoch 4/90 - 20.260s
3: Epoch 4/90 - 20.260s
0: Epoch 4/90 - 20.260s
1: Epoch 5/90 - 20.573s
2: Epoch 5/90 - 20.573s
3: Epoch 5/90 - 20.573s
0: Epoch 5/90 - 20.573s
1: Epoch 6/90 - 20.243s
3: Epoch 6/90 - 20.243s
2: Epoch 6/90 - 20.243s
0: Epoch 6/90 - 20.243s
1: Epoch 7/90 - 20.282s
2: Epoch 7/90 - 20.282s
3: Epoch 7/90 - 20.282s
0: Epoch 7/90 - 20.282s
1: Epoch 8/90 - 20.508s
2: Epoch 8/90 - 20.508s
3: Epoch 8/90 - 20.508s
0: Epoch 8/90 - 20.508s
1: Epoch 9/90 - 20.532s
2: Epoch 9/90 - 20.531s
3: Epoch 9/90 - 20.531s
0: Epoch 9/90 - 20.532s
1: Epoch 10/90 - 20.529s
2: Epoch 10/90 - 20.529s
3: Epoch 10/90 - 20.529s
0: Epoch 10/90 - 20.529s
1: Epoch 11/90 - 20.438s
2: Epoch 11/90 - 20.438s
3: Epoch 11/90 - 20.438s
0: Epoch 11/90 - 20.438s
1: Epoch 12/90 - 20.142s
2: Epoch 12/90 - 20.142s
3: Epoch 12/90 - 20.142s
0: Epoch 12/90 - 20.142s
1: Epoch 13/90 - 20.323s
2: Epoch 13/90 - 20.323s
3: Epoch 13/90 - 20.323s
0: Epoch 13/90 - 20.323s
1: Epoch 14/90 - 20.554s
2: Epoch 14/90 - 20.554s
3: Epoch 14/90 - 20.554s
0: Epoch 14/90 - 20.554s
1: Epoch 15/90 - 20.203s
2: Epoch 15/90 - 20.203s
3: Epoch 15/90 - 20.203s
0: Epoch 15/90 - 20.203s
1: Epoch 16/90 - 20.502s
3: Epoch 16/90 - 20.502s
2: Epoch 16/90 - 20.502s
0: Epoch 16/90 - 20.502s
1: Epoch 17/90 - 20.505s
2: Epoch 17/90 - 20.505s
3: Epoch 17/90 - 20.505s
0: Epoch 17/90 - 20.505s
1: Epoch 18/90 - 20.535s
2: Epoch 18/90 - 20.535s
3: Epoch 18/90 - 20.535s
0: Epoch 18/90 - 20.535s
1: Epoch 19/90 - 20.490s
2: Epoch 19/90 - 20.490s
3: Epoch 19/90 - 20.490s
0: Epoch 19/90 - 20.490s
1: Epoch 20/90 - 20.500s
2: Epoch 20/90 - 20.500s
3: Epoch 20/90 - 20.500s
0: Epoch 20/90 - 20.500s
1: Epoch 21/90 - 20.649s
2: Epoch 21/90 - 20.649s
3: Epoch 21/90 - 20.649s
0: Epoch 21/90 - 20.649s
1: Epoch 22/90 - 20.614s
2: Epoch 22/90 - 20.614s
3: Epoch 22/90 - 20.614s
0: Epoch 22/90 - 20.614s
1: Epoch 23/90 - 20.614s
2: Epoch 23/90 - 20.614s
3: Epoch 23/90 - 20.614s
0: Epoch 23/90 - 20.614s
1: Epoch 24/90 - 20.380s
2: Epoch 24/90 - 20.380s
3: Epoch 24/90 - 20.380s
0: Epoch 24/90 - 20.380s
1: Epoch 25/90 - 20.638s
2: Epoch 25/90 - 20.638s
3: Epoch 25/90 - 20.638s
0: Epoch 25/90 - 20.638s
1: Epoch 26/90 - 20.563s
2: Epoch 26/90 - 20.563s
3: Epoch 26/90 - 20.563s
0: Epoch 26/90 - 20.563s
1: Epoch 27/90 - 20.983s
2: Epoch 27/90 - 20.983s
3: Epoch 27/90 - 20.983s
0: Epoch 27/90 - 20.983s
1: Epoch 28/90 - 20.525s
2: Epoch 28/90 - 20.525s
3: Epoch 28/90 - 20.525s
0: Epoch 28/90 - 20.525s
1: Epoch 29/90 - 20.484s
2: Epoch 29/90 - 20.484s
3: Epoch 29/90 - 20.484s
0: Epoch 29/90 - 20.484s
1: Epoch 30/90 - 20.216s
2: Epoch 30/90 - 20.216s
3: Epoch 30/90 - 20.216s
0: Epoch 30/90 - 20.216s
1: Epoch 31/90 - 20.192s
2: Epoch 31/90 - 20.192s
3: Epoch 31/90 - 20.192s
0: Epoch 31/90 - 20.192s
1: Epoch 32/90 - 20.721s
2: Epoch 32/90 - 20.721s
3: Epoch 32/90 - 20.721s
0: Epoch 32/90 - 20.721s
1: Epoch 33/90 - 20.519s
2: Epoch 33/90 - 20.519s
3: Epoch 33/90 - 20.519s
0: Epoch 33/90 - 20.519s
1: Epoch 34/90 - 20.489s
2: Epoch 34/90 - 20.489s
3: Epoch 34/90 - 20.489s
0: Epoch 34/90 - 20.490s
1: Epoch 35/90 - 20.548s
2: Epoch 35/90 - 20.548s
3: Epoch 35/90 - 20.548s
0: Epoch 35/90 - 20.547s
1: Epoch 36/90 - 20.553s
2: Epoch 36/90 - 20.553s
3: Epoch 36/90 - 20.553s
0: Epoch 36/90 - 20.553s
1: Epoch 37/90 - 20.532s
2: Epoch 37/90 - 20.532s
3: Epoch 37/90 - 20.532s
0: Epoch 37/90 - 20.532s
1: Epoch 38/90 - 20.616s
2: Epoch 38/90 - 20.616s
3: Epoch 38/90 - 20.616s
0: Epoch 38/90 - 20.616s
1: Epoch 39/90 - 20.385s
2: Epoch 39/90 - 20.385s
3: Epoch 39/90 - 20.385s
0: Epoch 39/90 - 20.385s
1: Epoch 40/90 - 20.475s
2: Epoch 40/90 - 20.475s
3: Epoch 40/90 - 20.475s
0: Epoch 40/90 - 20.475s
1: Epoch 41/90 - 20.376s
2: Epoch 41/90 - 20.376s
3: Epoch 41/90 - 20.376s
0: Epoch 41/90 - 20.376s
1: Epoch 42/90 - 20.667s
2: Epoch 42/90 - 20.667s
3: Epoch 42/90 - 20.667s
0: Epoch 42/90 - 20.667s
1: Epoch 43/90 - 20.456s
2: Epoch 43/90 - 20.456s
3: Epoch 43/90 - 20.456s
0: Epoch 43/90 - 20.456s
1: Epoch 44/90 - 20.453s
2: Epoch 44/90 - 20.453s
3: Epoch 44/90 - 20.453s
0: Epoch 44/90 - 20.453s
1: Epoch 45/90 - 20.610s
2: Epoch 45/90 - 20.610s
3: Epoch 45/90 - 20.610s
0: Epoch 45/90 - 20.610s
1: Epoch 46/90 - 20.551s
2: Epoch 46/90 - 20.551s
3: Epoch 46/90 - 20.551s
0: Epoch 46/90 - 20.551s
1: Epoch 47/90 - 20.600s
2: Epoch 47/90 - 20.600s
3: Epoch 47/90 - 20.600s
0: Epoch 47/90 - 20.600s
1: Epoch 48/90 - 20.550s
2: Epoch 48/90 - 20.550s
3: Epoch 48/90 - 20.550s
0: Epoch 48/90 - 20.550s
1: Epoch 49/90 - 20.499s
2: Epoch 49/90 - 20.499s
3: Epoch 49/90 - 20.499s
0: Epoch 49/90 - 20.499s
1: Epoch 50/90 - 20.398s
2: Epoch 50/90 - 20.398s
3: Epoch 50/90 - 20.398s
0: Epoch 50/90 - 20.398s
1: Epoch 51/90 - 20.483s
2: Epoch 51/90 - 20.483s
3: Epoch 51/90 - 20.483s
0: Epoch 51/90 - 20.483s
1: Epoch 52/90 - 20.582s
2: Epoch 52/90 - 20.582s
3: Epoch 52/90 - 20.582s
0: Epoch 52/90 - 20.582s
1: Epoch 53/90 - 20.490s
2: Epoch 53/90 - 20.490s
3: Epoch 53/90 - 20.490s
0: Epoch 53/90 - 20.490s
1: Epoch 54/90 - 20.312s
2: Epoch 54/90 - 20.312s
3: Epoch 54/90 - 20.312s
0: Epoch 54/90 - 20.312s
1: Epoch 55/90 - 20.827s
2: Epoch 55/90 - 20.827s
3: Epoch 55/90 - 20.827s
0: Epoch 55/90 - 20.827s
1: Epoch 56/90 - 20.241s
2: Epoch 56/90 - 20.241s
3: Epoch 56/90 - 20.241s
0: Epoch 56/90 - 20.241s
1: Epoch 57/90 - 20.291s
2: Epoch 57/90 - 20.291s
3: Epoch 57/90 - 20.291s
0: Epoch 57/90 - 20.291s
1: Epoch 58/90 - 20.215s
2: Epoch 58/90 - 20.215s
3: Epoch 58/90 - 20.215s
0: Epoch 58/90 - 20.215s
1: Epoch 59/90 - 20.118s
2: Epoch 59/90 - 20.118s
3: Epoch 59/90 - 20.118s
0: Epoch 59/90 - 20.118s
1: Epoch 60/90 - 20.053s
2: Epoch 60/90 - 20.053s
3: Epoch 60/90 - 20.053s
0: Epoch 60/90 - 20.053s
1: Epoch 61/90 - 20.472s
2: Epoch 61/90 - 20.472s
3: Epoch 61/90 - 20.472s
0: Epoch 61/90 - 20.472s
1: Epoch 62/90 - 20.521s
2: Epoch 62/90 - 20.521s
3: Epoch 62/90 - 20.521s
0: Epoch 62/90 - 20.521s
1: Epoch 63/90 - 20.256s
2: Epoch 63/90 - 20.256s
3: Epoch 63/90 - 20.256s
0: Epoch 63/90 - 20.256s
1: Epoch 64/90 - 20.535s
2: Epoch 64/90 - 20.535s
3: Epoch 64/90 - 20.535s
0: Epoch 64/90 - 20.535s
1: Epoch 65/90 - 20.613s
2: Epoch 65/90 - 20.613s
3: Epoch 65/90 - 20.613s
0: Epoch 65/90 - 20.613s
1: Epoch 66/90 - 20.538s
2: Epoch 66/90 - 20.538s
3: Epoch 66/90 - 20.538s
0: Epoch 66/90 - 20.538s
1: Epoch 67/90 - 21.033s
2: Epoch 67/90 - 21.033s
3: Epoch 67/90 - 21.033s
0: Epoch 67/90 - 21.032s
1: Epoch 68/90 - 20.368s
2: Epoch 68/90 - 20.368s
3: Epoch 68/90 - 20.368s
0: Epoch 68/90 - 20.368s
1: Epoch 69/90 - 20.382s
2: Epoch 69/90 - 20.382s
3: Epoch 69/90 - 20.382s
0: Epoch 69/90 - 20.382s
1: Epoch 70/90 - 20.391s
2: Epoch 70/90 - 20.392s
3: Epoch 70/90 - 20.392s
0: Epoch 70/90 - 20.392s
1: Epoch 71/90 - 20.490s
2: Epoch 71/90 - 20.490s
3: Epoch 71/90 - 20.490s
0: Epoch 71/90 - 20.490s
1: Epoch 72/90 - 20.064s
2: Epoch 72/90 - 20.064s
3: Epoch 72/90 - 20.064s
0: Epoch 72/90 - 20.064s
1: Epoch 73/90 - 20.646s
2: Epoch 73/90 - 20.646s
3: Epoch 73/90 - 20.646s
0: Epoch 73/90 - 20.646s
1: Epoch 74/90 - 20.467s
2: Epoch 74/90 - 20.467s
3: Epoch 74/90 - 20.467s
0: Epoch 74/90 - 20.467s
1: Epoch 75/90 - 20.578s
2: Epoch 75/90 - 20.578s
3: Epoch 75/90 - 20.578s
0: Epoch 75/90 - 20.578s
1: Epoch 76/90 - 20.549s
2: Epoch 76/90 - 20.549s
3: Epoch 76/90 - 20.549s
0: Epoch 76/90 - 20.549s
1: Epoch 77/90 - 20.473s
2: Epoch 77/90 - 20.473s
3: Epoch 77/90 - 20.473s
0: Epoch 77/90 - 20.473s
1: Epoch 78/90 - 20.468s
2: Epoch 78/90 - 20.468s
3: Epoch 78/90 - 20.468s
0: Epoch 78/90 - 20.468s
1: Epoch 79/90 - 20.473s
2: Epoch 79/90 - 20.473s
3: Epoch 79/90 - 20.473s
0: Epoch 79/90 - 20.473s
1: Epoch 80/90 - 20.308s
2: Epoch 80/90 - 20.308s
3: Epoch 80/90 - 20.308s
0: Epoch 80/90 - 20.308s
1: Epoch 81/90 - 20.298s
2: Epoch 81/90 - 20.298s
3: Epoch 81/90 - 20.298s
0: Epoch 81/90 - 20.298s
1: Epoch 82/90 - 20.645s
2: Epoch 82/90 - 20.645s
3: Epoch 82/90 - 20.645s
0: Epoch 82/90 - 20.645s
1: Epoch 83/90 - 20.643s
2: Epoch 83/90 - 20.643s
3: Epoch 83/90 - 20.643s
0: Epoch 83/90 - 20.643s
1: Epoch 84/90 - 21.127s
2: Epoch 84/90 - 21.127s
3: Epoch 84/90 - 21.127s
0: Epoch 84/90 - 21.127s
1: Epoch 85/90 - 20.550s
2: Epoch 85/90 - 20.550s
3: Epoch 85/90 - 20.550s
0: Epoch 85/90 - 20.550s
1: Epoch 86/90 - 20.439s
2: Epoch 86/90 - 20.439s
3: Epoch 86/90 - 20.439s
0: Epoch 86/90 - 20.439s
1: Epoch 87/90 - 20.377s
2: Epoch 87/90 - 20.377s
3: Epoch 87/90 - 20.377s
0: Epoch 87/90 - 20.377s
1: Epoch 88/90 - 20.465s
2: Epoch 88/90 - 20.465s
3: Epoch 88/90 - 20.465s
0: Epoch 88/90 - 20.465s
1: Epoch 89/90 - 20.455s
1: Steps per epoch: 25
1: Validation steps per epoch: 20
2: Epoch 89/90 - 20.455s
2: Steps per epoch: 25
2: Validation steps per epoch: 20
3: Epoch 89/90 - 20.455s
3: Steps per epoch: 25
3: Validation steps per epoch: 20
1: Average time per epoch: 20.685 s
2: Average time per epoch: 20.685 s
3: Average time per epoch: 20.685 s
0: Epoch 89/90 - 20.455s
0: Steps per epoch: 25
0: Validation steps per epoch: 20
0: Average time per epoch: 20.685 s
1: --- 1865.6776366233826 seconds ---
2: --- 1865.2551946640015 seconds ---
3: --- 1865.255285024643 seconds ---
0: --- 1865.6782677173615 seconds ---
ELAPSED: 1868 seconds
End at Tue Feb  9 17:10:07 EET 2021
