WORKERS: "gpu05-ib:5555","gpu06-ib:5555","gpu07-ib:5555","gpu08-ib:5555"
Start at Tue Feb  9 19:07:04 EET 2021
CUDA_VISIBLE_DEVICES: 0,1
Running on hosts: gpu[05-08]
Running on 4 nodes.
Running 2 tasks per node
Job id is 1092159
1: Number of devices per node: 2
3: Number of devices per node: 2
0: Number of devices per node: 2
6: Number of devices per node: 2
4: Number of devices per node: 2
2: Number of devices per node: 2
7: Number of devices per node: 2
5: Number of devices per node: 2
5: 
5: rank 5
4: rank 
4: 4
2: rank 
2: 2
7: rank 7
6: rank 6
1: rank 1
0: rank 
0: 0
3: rank
3:  3
3: 
5: => creating model 'resnet50'
4: => creating model 'resnet50'
2: => creating model 'resnet50'
3: => creating model 'resnet50'
7: => creating model 'resnet50'
6: => creating model 'resnet50'
1: => creating model 'resnet50'
0: => creating model 'resnet50'
2: Epoch 0/90 - 43.747s
6: Epoch 0/90 - 43.736s
1: Epoch 0/90 - 43.748s
4: Epoch 0/90 - 43.736s
3: Epoch 0/90 - 43.737s
7: Epoch 0/90 - 43.736s
5: Epoch 0/90 - 43.736s
0: Epoch 0/90 - 43.791s
2: Epoch 1/90 - 35.956s
6: Epoch 1/90 - 35.956s
1: Epoch 1/90 - 35.956s
3: Epoch 1/90 - 35.956s
7: Epoch 1/90 - 35.956s
4: Epoch 1/90 - 35.956s
5: Epoch 1/90 - 35.956s
0: Epoch 1/90 - 35.956s
6: Epoch 2/90 - 36.319s
1: Epoch 2/90 - 36.319s
2: Epoch 2/90 - 36.319s
4: Epoch 2/90 - 36.319s
3: Epoch 2/90 - 36.319s
7: Epoch 2/90 - 36.319s
5: Epoch 2/90 - 36.319s
0: Epoch 2/90 - 36.319s
2: Epoch 3/90 - 36.863s
1: Epoch 3/90 - 36.863s
6: Epoch 3/90 - 36.863s
4: Epoch 3/90 - 36.863s
3: Epoch 3/90 - 36.863s
7: Epoch 3/90 - 36.863s
5: Epoch 3/90 - 36.863s
0: Epoch 3/90 - 36.863s
1: Epoch 4/90 - 37.075s
2: Epoch 4/90 - 37.075s
6: Epoch 4/90 - 37.075s
4: Epoch 4/90 - 37.075s
3: Epoch 4/90 - 37.075s
7: Epoch 4/90 - 37.075s
5: Epoch 4/90 - 37.075s
0: Epoch 4/90 - 37.075s
6: Epoch 5/90 - 36.979s
1: Epoch 5/90 - 36.979s
2: Epoch 5/90 - 36.979s
4: Epoch 5/90 - 36.979s
3: Epoch 5/90 - 36.979s
7: Epoch 5/90 - 36.979s
5: Epoch 5/90 - 36.979s
0: Epoch 5/90 - 36.979s
1: Epoch 6/90 - 36.354s
2: Epoch 6/90 - 36.354s
6: Epoch 6/90 - 36.354s
4: Epoch 6/90 - 36.354s
7: Epoch 6/90 - 36.354s
3: Epoch 6/90 - 36.354s
5: Epoch 6/90 - 36.354s
0: Epoch 6/90 - 36.354s
1: Epoch 7/90 - 36.153s
2: Epoch 7/90 - 36.153s
6: Epoch 7/90 - 36.153s
3: Epoch 7/90 - 36.153s
7: Epoch 7/90 - 36.153s
4: Epoch 7/90 - 36.153s
5: Epoch 7/90 - 36.153s
0: Epoch 7/90 - 36.153s
2: Epoch 8/90 - 36.844s
6: Epoch 8/90 - 36.844s
1: Epoch 8/90 - 36.844s
7: Epoch 8/90 - 36.844s
4: Epoch 8/90 - 36.844s
3: Epoch 8/90 - 36.844s
5: Epoch 8/90 - 36.844s
0: Epoch 8/90 - 36.844s
2: Epoch 9/90 - 37.068s
1: Epoch 9/90 - 37.068s
3: Epoch 9/90 - 37.068s
6: Epoch 9/90 - 37.068s
4: Epoch 9/90 - 37.068s
7: Epoch 9/90 - 37.068s
5: Epoch 9/90 - 37.068s
0: Epoch 9/90 - 37.068s
1: Epoch 10/90 - 37.201s
2: Epoch 10/90 - 37.201s
6: Epoch 10/90 - 37.201s
4: Epoch 10/90 - 37.201s
3: Epoch 10/90 - 37.201s
7: Epoch 10/90 - 37.201s
5: Epoch 10/90 - 37.201s
0: Epoch 10/90 - 37.201s
1: Epoch 11/90 - 37.209s
2: Epoch 11/90 - 37.209s
6: Epoch 11/90 - 37.209s
4: Epoch 11/90 - 37.209s
3: Epoch 11/90 - 37.209s
7: Epoch 11/90 - 37.209s
5: Epoch 11/90 - 37.209s
0: Epoch 11/90 - 37.209s
6: Epoch 12/90 - 37.008s
1: Epoch 12/90 - 37.008s
2: Epoch 12/90 - 37.008s
4: Epoch 12/90 - 37.008s
3: Epoch 12/90 - 37.008s
7: Epoch 12/90 - 37.008s
5: Epoch 12/90 - 37.008s
0: Epoch 12/90 - 37.008s
1: Epoch 13/90 - 36.942s
2: Epoch 13/90 - 36.942s
6: Epoch 13/90 - 36.942s
4: Epoch 13/90 - 36.942s
3: Epoch 13/90 - 36.942s
7: Epoch 13/90 - 36.942s
5: Epoch 13/90 - 36.942s
0: Epoch 13/90 - 36.942s
1: Epoch 14/90 - 36.735s
2: Epoch 14/90 - 36.735s
6: Epoch 14/90 - 36.735s
4: Epoch 14/90 - 36.735s
3: Epoch 14/90 - 36.735s
7: Epoch 14/90 - 36.735s
5: Epoch 14/90 - 36.735s
0: Epoch 14/90 - 36.735s
1: Epoch 15/90 - 36.732s
6: Epoch 15/90 - 36.732s
2: Epoch 15/90 - 36.732s
4: Epoch 15/90 - 36.732s
3: Epoch 15/90 - 36.732s
7: Epoch 15/90 - 36.732s
5: Epoch 15/90 - 36.732s
0: Epoch 15/90 - 36.732s
2: Epoch 16/90 - 36.952s
1: Epoch 16/90 - 36.952s
6: Epoch 16/90 - 36.952s
4: Epoch 16/90 - 36.952s
3: Epoch 16/90 - 36.952s
7: Epoch 16/90 - 36.952s
5: Epoch 16/90 - 36.952s
0: Epoch 16/90 - 36.952s
2: Epoch 17/90 - 36.123s
1: Epoch 17/90 - 36.123s
6: Epoch 17/90 - 36.123s
4: Epoch 17/90 - 36.123s
3: Epoch 17/90 - 36.123s
7: Epoch 17/90 - 36.123s
5: Epoch 17/90 - 36.123s
0: Epoch 17/90 - 36.123s
6: Epoch 18/90 - 35.721s
1: Epoch 18/90 - 35.721s
2: Epoch 18/90 - 35.721s
4: Epoch 18/90 - 35.721s
3: Epoch 18/90 - 35.721s
7: Epoch 18/90 - 35.721s
5: Epoch 18/90 - 35.721s
0: Epoch 18/90 - 35.721s
1: Epoch 19/90 - 35.883s
2: Epoch 19/90 - 35.883s
6: Epoch 19/90 - 35.883s
4: Epoch 19/90 - 35.883s
3: Epoch 19/90 - 35.883s
7: Epoch 19/90 - 35.883s
5: Epoch 19/90 - 35.883s
0: Epoch 19/90 - 35.883s
1: Epoch 20/90 - 36.297s
2: Epoch 20/90 - 36.297s
6: Epoch 20/90 - 36.297s
4: Epoch 20/90 - 36.297s
3: Epoch 20/90 - 36.297s
7: Epoch 20/90 - 36.297s
5: Epoch 20/90 - 36.297s
0: Epoch 20/90 - 36.297s
2: Epoch 21/90 - 36.462s
7: Epoch 21/90 - 36.462s
1: Epoch 21/90 - 36.462s
6: Epoch 21/90 - 36.462s
4: Epoch 21/90 - 36.462s
3: Epoch 21/90 - 36.462s
5: Epoch 21/90 - 36.462s
0: Epoch 21/90 - 36.462s
6: Epoch 22/90 - 36.526s
1: Epoch 22/90 - 36.526s
2: Epoch 22/90 - 36.526s
4: Epoch 22/90 - 36.526s
3: Epoch 22/90 - 36.526s
7: Epoch 22/90 - 36.526s
5: Epoch 22/90 - 36.526s
0: Epoch 22/90 - 36.526s
6: Epoch 23/90 - 36.594s
1: Epoch 23/90 - 36.594s
2: Epoch 23/90 - 36.594s
4: Epoch 23/90 - 36.594s
3: Epoch 23/90 - 36.594s
7: Epoch 23/90 - 36.594s
5: Epoch 23/90 - 36.594s
0: Epoch 23/90 - 36.594s
2: Epoch 24/90 - 36.381s
6: Epoch 24/90 - 36.381s
1: Epoch 24/90 - 36.381s
4: Epoch 24/90 - 36.381s
3: Epoch 24/90 - 36.382s
7: Epoch 24/90 - 36.381s
5: Epoch 24/90 - 36.381s
0: Epoch 24/90 - 36.382s
1: Epoch 25/90 - 36.166s
2: Epoch 25/90 - 36.166s
6: Epoch 25/90 - 36.166s
4: Epoch 25/90 - 36.166s
3: Epoch 25/90 - 36.166s
7: Epoch 25/90 - 36.166s
5: Epoch 25/90 - 36.166s
0: Epoch 25/90 - 36.166s
6: Epoch 26/90 - 36.400s
1: Epoch 26/90 - 36.400s
4: Epoch 26/90 - 36.400s
2: Epoch 26/90 - 36.400s
7: Epoch 26/90 - 36.400s
5: Epoch 26/90 - 36.400s
3: Epoch 26/90 - 36.400s
0: Epoch 26/90 - 36.400s
1: Epoch 27/90 - 36.155s
2: Epoch 27/90 - 36.155s
6: Epoch 27/90 - 36.155s
4: Epoch 27/90 - 36.155s
3: Epoch 27/90 - 36.155s
7: Epoch 27/90 - 36.155s
5: Epoch 27/90 - 36.155s
0: Epoch 27/90 - 36.155s
6: Epoch 28/90 - 36.356s
1: Epoch 28/90 - 36.356s
4: Epoch 28/90 - 36.356s
2: Epoch 28/90 - 36.356s
7: Epoch 28/90 - 36.356s
3: Epoch 28/90 - 36.356s
5: Epoch 28/90 - 36.356s
0: Epoch 28/90 - 36.356s
2: Epoch 29/90 - 36.383s
1: Epoch 29/90 - 36.383s
6: Epoch 29/90 - 36.383s
4: Epoch 29/90 - 36.383s
3: Epoch 29/90 - 36.383s
7: Epoch 29/90 - 36.383s
5: Epoch 29/90 - 36.383s
0: Epoch 29/90 - 36.383s
2: Epoch 30/90 - 36.023s
6: Epoch 30/90 - 36.023s
1: Epoch 30/90 - 36.023s
7: Epoch 30/90 - 36.023s
4: Epoch 30/90 - 36.023s
3: Epoch 30/90 - 36.023s
5: Epoch 30/90 - 36.023s
0: Epoch 30/90 - 36.023s
1: Epoch 31/90 - 36.171s
2: Epoch 31/90 - 36.171s
6: Epoch 31/90 - 36.171s
4: Epoch 31/90 - 36.171s
3: Epoch 31/90 - 36.171s
7: Epoch 31/90 - 36.171s
5: Epoch 31/90 - 36.171s
0: Epoch 31/90 - 36.171s
6: Epoch 32/90 - 37.352s
2: Epoch 32/90 - 37.352s
7: Epoch 32/90 - 37.352s
1: Epoch 32/90 - 37.352s
4: Epoch 32/90 - 37.352s
3: Epoch 32/90 - 37.352s
5: Epoch 32/90 - 37.352s
0: Epoch 32/90 - 37.352s
1: Epoch 33/90 - 36.328s
6: Epoch 33/90 - 36.328s
2: Epoch 33/90 - 36.328s
7: Epoch 33/90 - 36.328s
4: Epoch 33/90 - 36.328s
3: Epoch 33/90 - 36.328s
0: Epoch 33/90 - 36.328s
5: Epoch 33/90 - 36.328s
6: Epoch 34/90 - 35.895s
1: Epoch 34/90 - 35.895s
2: Epoch 34/90 - 35.895s
4: Epoch 34/90 - 35.895s
3: Epoch 34/90 - 35.895s
7: Epoch 34/90 - 35.895s
5: Epoch 34/90 - 35.895s
0: Epoch 34/90 - 35.895s
2: Epoch 35/90 - 36.275s
6: Epoch 35/90 - 36.275s
1: Epoch 35/90 - 36.275s
3: Epoch 35/90 - 36.275s
4: Epoch 35/90 - 36.275s
7: Epoch 35/90 - 36.275s
5: Epoch 35/90 - 36.275s
0: Epoch 35/90 - 36.275s
2: Epoch 36/90 - 36.567s
1: Epoch 36/90 - 36.567s
4: Epoch 36/90 - 36.567s
6: Epoch 36/90 - 36.567s
3: Epoch 36/90 - 36.567s
7: Epoch 36/90 - 36.567s
5: Epoch 36/90 - 36.567s
0: Epoch 36/90 - 36.567s
1: Epoch 37/90 - 36.687s
2: Epoch 37/90 - 36.687s
6: Epoch 37/90 - 36.687s
4: Epoch 37/90 - 36.687s
3: Epoch 37/90 - 36.687s
7: Epoch 37/90 - 36.687s
5: Epoch 37/90 - 36.687s
0: Epoch 37/90 - 36.687s
2: Epoch 38/90 - 37.013s
6: Epoch 38/90 - 37.013s
1: Epoch 38/90 - 37.013s
4: Epoch 38/90 - 37.013s
3: Epoch 38/90 - 37.013s
7: Epoch 38/90 - 37.013s
5: Epoch 38/90 - 37.013s
0: Epoch 38/90 - 37.013s
1: Epoch 39/90 - 36.110s
2: Epoch 39/90 - 36.110s
3: Epoch 39/90 - 36.110s
6: Epoch 39/90 - 36.110s
4: Epoch 39/90 - 36.110s
7: Epoch 39/90 - 36.110s
5: Epoch 39/90 - 36.110s
0: Epoch 39/90 - 36.110s
4: Epoch 40/90 - 36.018s
2: Epoch 40/90 - 36.018s
6: Epoch 40/90 - 36.018s
1: Epoch 40/90 - 36.018s
3: Epoch 40/90 - 36.018s
7: Epoch 40/90 - 36.018s
5: Epoch 40/90 - 36.018s
0: Epoch 40/90 - 36.018s
6: Epoch 41/90 - 35.995s
1: Epoch 41/90 - 35.995s
4: Epoch 41/90 - 35.995s
2: Epoch 41/90 - 35.995s
7: Epoch 41/90 - 35.995s
3: Epoch 41/90 - 35.995s
5: Epoch 41/90 - 35.995s
0: Epoch 41/90 - 35.995s
2: Epoch 42/90 - 36.044s
7: Epoch 42/90 - 36.044s
1: Epoch 42/90 - 36.044s
4: Epoch 42/90 - 36.044s
6: Epoch 42/90 - 36.044s
3: Epoch 42/90 - 36.044s
5: Epoch 42/90 - 36.044s
0: Epoch 42/90 - 36.044s
2: Epoch 43/90 - 36.718s
6: Epoch 43/90 - 36.718s
1: Epoch 43/90 - 36.718s
7: Epoch 43/90 - 36.718s
4: Epoch 43/90 - 36.718s
3: Epoch 43/90 - 36.718s
5: Epoch 43/90 - 36.718s
0: Epoch 43/90 - 36.718s
7: Epoch 44/90 - 36.148s
1: Epoch 44/90 - 36.148s
2: Epoch 44/90 - 36.148s
4: Epoch 44/90 - 36.148s
3: Epoch 44/90 - 36.148s
6: Epoch 44/90 - 36.148s
5: Epoch 44/90 - 36.148s
0: Epoch 44/90 - 36.148s
1: Epoch 45/90 - 34.878s
2: Epoch 45/90 - 34.878s
6: Epoch 45/90 - 34.878s
4: Epoch 45/90 - 34.878s
3: Epoch 45/90 - 34.878s
7: Epoch 45/90 - 34.878s
5: Epoch 45/90 - 34.878s
0: Epoch 45/90 - 34.878s
6: Epoch 46/90 - 36.209s
1: Epoch 46/90 - 36.209s
2: Epoch 46/90 - 36.209s
4: Epoch 46/90 - 36.209s
3: Epoch 46/90 - 36.209s
7: Epoch 46/90 - 36.209s
5: Epoch 46/90 - 36.209s
0: Epoch 46/90 - 36.209s
1: Epoch 47/90 - 36.552s
2: Epoch 47/90 - 36.552s
6: Epoch 47/90 - 36.552s
4: Epoch 47/90 - 36.552s
3: Epoch 47/90 - 36.552s
7: Epoch 47/90 - 36.552s
5: Epoch 47/90 - 36.552s
0: Epoch 47/90 - 36.552s
2: Epoch 48/90 - 36.416s
6: Epoch 48/90 - 36.416s
4: Epoch 48/90 - 36.416s
3: Epoch 48/90 - 36.416s
1: Epoch 48/90 - 36.416s
5: Epoch 48/90 - 36.416s
7: Epoch 48/90 - 36.416s
0: Epoch 48/90 - 36.416s
6: Epoch 49/90 - 35.973s
1: Epoch 49/90 - 35.973s
2: Epoch 49/90 - 35.973s
4: Epoch 49/90 - 35.973s
3: Epoch 49/90 - 35.973s
7: Epoch 49/90 - 35.973s
5: Epoch 49/90 - 35.973s
0: Epoch 49/90 - 35.973s
2: Epoch 50/90 - 36.266s
1: Epoch 50/90 - 36.266s
6: Epoch 50/90 - 36.266s
4: Epoch 50/90 - 36.266s
3: Epoch 50/90 - 36.266s
7: Epoch 50/90 - 36.266s
5: Epoch 50/90 - 36.266s
0: Epoch 50/90 - 36.266s
6: Epoch 51/90 - 37.089s
1: Epoch 51/90 - 37.089s
2: Epoch 51/90 - 37.089s
4: Epoch 51/90 - 37.089s
3: Epoch 51/90 - 37.089s
7: Epoch 51/90 - 37.089s
5: Epoch 51/90 - 37.089s
0: Epoch 51/90 - 37.089s
7: Epoch 52/90 - 36.840s
1: Epoch 52/90 - 36.840s
2: Epoch 52/90 - 36.840s
4: Epoch 52/90 - 36.840s
3: Epoch 52/90 - 36.840s
6: Epoch 52/90 - 36.840s
5: Epoch 52/90 - 36.840s
0: Epoch 52/90 - 36.840s
1: Epoch 53/90 - 35.860s
6: Epoch 53/90 - 35.860s
2: Epoch 53/90 - 35.860s
4: Epoch 53/90 - 35.860s
3: Epoch 53/90 - 35.860s
7: Epoch 53/90 - 35.860s
5: Epoch 53/90 - 35.860s
0: Epoch 53/90 - 35.860s
1: Epoch 54/90 - 35.870s
4: Epoch 54/90 - 35.870s
2: Epoch 54/90 - 35.870s
6: Epoch 54/90 - 35.870s
5: Epoch 54/90 - 35.870s
3: Epoch 54/90 - 35.870s
7: Epoch 54/90 - 35.870s
0: Epoch 54/90 - 35.870s
1: Epoch 55/90 - 35.807s
2: Epoch 55/90 - 35.807s
6: Epoch 55/90 - 35.807s
4: Epoch 55/90 - 35.807s
3: Epoch 55/90 - 35.807s
7: Epoch 55/90 - 35.807s
5: Epoch 55/90 - 35.807s
0: Epoch 55/90 - 35.807s
2: Epoch 56/90 - 36.012s
6: Epoch 56/90 - 36.012s
4: Epoch 56/90 - 36.012s
3: Epoch 56/90 - 36.012s
7: Epoch 56/90 - 36.012s
1: Epoch 56/90 - 36.012s
5: Epoch 56/90 - 36.012s
0: Epoch 56/90 - 36.012s
1: Epoch 57/90 - 36.329s
2: Epoch 57/90 - 36.329s
4: Epoch 57/90 - 36.329s
3: Epoch 57/90 - 36.329s
6: Epoch 57/90 - 36.329s
5: Epoch 57/90 - 36.329s
7: Epoch 57/90 - 36.329s
0: Epoch 57/90 - 36.329s
6: Epoch 58/90 - 36.050s
1: Epoch 58/90 - 36.050s
2: Epoch 58/90 - 36.050s
4: Epoch 58/90 - 36.050s
3: Epoch 58/90 - 36.050s
7: Epoch 58/90 - 36.050s
5: Epoch 58/90 - 36.050s
0: Epoch 58/90 - 36.050s
1: Epoch 59/90 - 36.349s
2: Epoch 59/90 - 36.349s
6: Epoch 59/90 - 36.349s
4: Epoch 59/90 - 36.349s
3: Epoch 59/90 - 36.349s
7: Epoch 59/90 - 36.349s
5: Epoch 59/90 - 36.349s
0: Epoch 59/90 - 36.349s
1: Epoch 60/90 - 36.146s
2: Epoch 60/90 - 36.146s
6: Epoch 60/90 - 36.146s
4: Epoch 60/90 - 36.146s
3: Epoch 60/90 - 36.146s
7: Epoch 60/90 - 36.146s
5: Epoch 60/90 - 36.146s
0: Epoch 60/90 - 36.146s
1: Epoch 61/90 - 35.819s
2: Epoch 61/90 - 35.819s
6: Epoch 61/90 - 35.819s
4: Epoch 61/90 - 35.819s
3: Epoch 61/90 - 35.819s
7: Epoch 61/90 - 35.819s
5: Epoch 61/90 - 35.819s
0: Epoch 61/90 - 35.819s
1: Epoch 62/90 - 35.951s
2: Epoch 62/90 - 35.951s
6: Epoch 62/90 - 35.951s
4: Epoch 62/90 - 35.951s
3: Epoch 62/90 - 35.951s
7: Epoch 62/90 - 35.951s
5: Epoch 62/90 - 35.951s
0: Epoch 62/90 - 35.951s
6: Epoch 63/90 - 36.528s
2: Epoch 63/90 - 36.528s
1: Epoch 63/90 - 36.528s
4: Epoch 63/90 - 36.528s
3: Epoch 63/90 - 36.528s
7: Epoch 63/90 - 36.528s
5: Epoch 63/90 - 36.528s
0: Epoch 63/90 - 36.528s
6: Epoch 64/90 - 36.523s
4: Epoch 64/90 - 36.523s
2: Epoch 64/90 - 36.523s
1: Epoch 64/90 - 36.523s
3: Epoch 64/90 - 36.523s
7: Epoch 64/90 - 36.523s
5: Epoch 64/90 - 36.523s
0: Epoch 64/90 - 36.523s
1: Epoch 65/90 - 36.424s
2: Epoch 65/90 - 36.424s
6: Epoch 65/90 - 36.424s
4: Epoch 65/90 - 36.424s
3: Epoch 65/90 - 36.424s
7: Epoch 65/90 - 36.424s
5: Epoch 65/90 - 36.424s
0: Epoch 65/90 - 36.424s
1: Epoch 66/90 - 35.838s
2: Epoch 66/90 - 35.838s
6: Epoch 66/90 - 35.838s
4: Epoch 66/90 - 35.838s
3: Epoch 66/90 - 35.838s
7: Epoch 66/90 - 35.838s
5: Epoch 66/90 - 35.838s
0: Epoch 66/90 - 35.838s
1: Epoch 67/90 - 35.702s
2: Epoch 67/90 - 35.702s
6: Epoch 67/90 - 35.702s
4: Epoch 67/90 - 35.702s
3: Epoch 67/90 - 35.702s
7: Epoch 67/90 - 35.702s
5: Epoch 67/90 - 35.702s
0: Epoch 67/90 - 35.702s
1: Epoch 68/90 - 36.078s
2: Epoch 68/90 - 36.078s
6: Epoch 68/90 - 36.078s
4: Epoch 68/90 - 36.078s
3: Epoch 68/90 - 36.078s
7: Epoch 68/90 - 36.078s
5: Epoch 68/90 - 36.078s
0: Epoch 68/90 - 36.078s
1: Epoch 69/90 - 36.291s
2: Epoch 69/90 - 36.291s
6: Epoch 69/90 - 36.291s
4: Epoch 69/90 - 36.291s
3: Epoch 69/90 - 36.291s
7: Epoch 69/90 - 36.291s
5: Epoch 69/90 - 36.291s
0: Epoch 69/90 - 36.291s
1: Epoch 70/90 - 36.065s
2: Epoch 70/90 - 36.065s
6: Epoch 70/90 - 36.065s
4: Epoch 70/90 - 36.065s
3: Epoch 70/90 - 36.065s
7: Epoch 70/90 - 36.065s
0: Epoch 70/90 - 36.065s
5: Epoch 70/90 - 36.065s
1: Epoch 71/90 - 36.110s
2: Epoch 71/90 - 36.110s
6: Epoch 71/90 - 36.110s
4: Epoch 71/90 - 36.110s
3: Epoch 71/90 - 36.110s
7: Epoch 71/90 - 36.110s
5: Epoch 71/90 - 36.110s
0: Epoch 71/90 - 36.110s
1: Epoch 72/90 - 36.553s
2: Epoch 72/90 - 36.553s
6: Epoch 72/90 - 36.553s
4: Epoch 72/90 - 36.553s
3: Epoch 72/90 - 36.553s
7: Epoch 72/90 - 36.553s
5: Epoch 72/90 - 36.553s
0: Epoch 72/90 - 36.553s
1: Epoch 73/90 - 35.881s
6: Epoch 73/90 - 35.881s
2: Epoch 73/90 - 35.881s
7: Epoch 73/90 - 35.881s
4: Epoch 73/90 - 35.881s
3: Epoch 73/90 - 35.881s
0: Epoch 73/90 - 35.881s
5: Epoch 73/90 - 35.881s
1: Epoch 74/90 - 36.938s
6: Epoch 74/90 - 36.938s
4: Epoch 74/90 - 36.938s
2: Epoch 74/90 - 36.938s
7: Epoch 74/90 - 36.938s
5: Epoch 74/90 - 36.938s
3: Epoch 74/90 - 36.938s
0: Epoch 74/90 - 36.938s
2: Epoch 75/90 - 37.581s
6: Epoch 75/90 - 37.580s
4: Epoch 75/90 - 37.581s
3: Epoch 75/90 - 37.581s
7: Epoch 75/90 - 37.580s
1: Epoch 75/90 - 37.581s
5: Epoch 75/90 - 37.581s
0: Epoch 75/90 - 37.581s
1: Epoch 76/90 - 36.529s
4: Epoch 76/90 - 36.529s
2: Epoch 76/90 - 36.529s
6: Epoch 76/90 - 36.529s
3: Epoch 76/90 - 36.529s
7: Epoch 76/90 - 36.529s
5: Epoch 76/90 - 36.529s
0: Epoch 76/90 - 36.529s
1: Epoch 77/90 - 36.160s
6: Epoch 77/90 - 36.160s
4: Epoch 77/90 - 36.160s
2: Epoch 77/90 - 36.160s
7: Epoch 77/90 - 36.160s
3: Epoch 77/90 - 36.160s
0: Epoch 77/90 - 36.160s
5: Epoch 77/90 - 36.160s
1: Epoch 78/90 - 36.774s
2: Epoch 78/90 - 36.774s
7: Epoch 78/90 - 36.774s
4: Epoch 78/90 - 36.774s
3: Epoch 78/90 - 36.774s
6: Epoch 78/90 - 36.774s
0: Epoch 78/90 - 36.774s
5: Epoch 78/90 - 36.774s
1: Epoch 79/90 - 36.002s
4: Epoch 79/90 - 36.002s
2: Epoch 79/90 - 36.002s
6: Epoch 79/90 - 36.002s
3: Epoch 79/90 - 36.002s
7: Epoch 79/90 - 36.002s
5: Epoch 79/90 - 36.002s
0: Epoch 79/90 - 36.002s
1: Epoch 80/90 - 36.207s
2: Epoch 80/90 - 36.207s
6: Epoch 80/90 - 36.207s
4: Epoch 80/90 - 36.207s
3: Epoch 80/90 - 36.207s
7: Epoch 80/90 - 36.207s
5: Epoch 80/90 - 36.207s
0: Epoch 80/90 - 36.207s
1: Epoch 81/90 - 36.073s
2: Epoch 81/90 - 36.073s
7: Epoch 81/90 - 36.073s
4: Epoch 81/90 - 36.073s
3: Epoch 81/90 - 36.073s
6: Epoch 81/90 - 36.073s
5: Epoch 81/90 - 36.073s
0: Epoch 81/90 - 36.073s
1: Epoch 82/90 - 36.301s
2: Epoch 82/90 - 36.301s
6: Epoch 82/90 - 36.301s
4: Epoch 82/90 - 36.301s
3: Epoch 82/90 - 36.301s
7: Epoch 82/90 - 36.301s
0: Epoch 82/90 - 36.301s
5: Epoch 82/90 - 36.301s
1: Epoch 83/90 - 36.215s
2: Epoch 83/90 - 36.215s
6: Epoch 83/90 - 36.215s
4: Epoch 83/90 - 36.215s
3: Epoch 83/90 - 36.215s
7: Epoch 83/90 - 36.215s
5: Epoch 83/90 - 36.215s
0: Epoch 83/90 - 36.215s
1: Epoch 84/90 - 36.236s
6: Epoch 84/90 - 36.236s
4: Epoch 84/90 - 36.236s
2: Epoch 84/90 - 36.236s
7: Epoch 84/90 - 36.236s
5: Epoch 84/90 - 36.236s
3: Epoch 84/90 - 36.236s
0: Epoch 84/90 - 36.236s
2: Epoch 85/90 - 37.588s
1: Epoch 85/90 - 37.588s
6: Epoch 85/90 - 37.588s
4: Epoch 85/90 - 37.588s
3: Epoch 85/90 - 37.588s
7: Epoch 85/90 - 37.588s
5: Epoch 85/90 - 37.588s
0: Epoch 85/90 - 37.588s
1: Epoch 86/90 - 36.424s
2: Epoch 86/90 - 36.424s
6: Epoch 86/90 - 36.424s
4: Epoch 86/90 - 36.424s
3: Epoch 86/90 - 36.424s
7: Epoch 86/90 - 36.424s
5: Epoch 86/90 - 36.424s
0: Epoch 86/90 - 36.424s
1: Epoch 87/90 - 36.788s
2: Epoch 87/90 - 36.788s
6: Epoch 87/90 - 36.788s
4: Epoch 87/90 - 36.788s
3: Epoch 87/90 - 36.788s
7: Epoch 87/90 - 36.788s
5: Epoch 87/90 - 36.788s
0: Epoch 87/90 - 36.788s
1: Epoch 88/90 - 36.305s
2: Epoch 88/90 - 36.305s
6: Epoch 88/90 - 36.305s
4: Epoch 88/90 - 36.305s
3: Epoch 88/90 - 36.305s
7: Epoch 88/90 - 36.305s
5: Epoch 88/90 - 36.305s
0: Epoch 88/90 - 36.305s
1: Epoch 89/90 - 36.502s
1: Steps per epoch: 98
1: Validation steps per epoch: 157
2: Epoch 89/90 - 36.502s
2: Steps per epoch: 98
2: Validation steps per epoch: 157
6: Epoch 89/90 - 36.502s
6: Steps per epoch: 98
6: Validation steps per epoch: 157
4: Epoch 89/90 - 36.502s
4: Steps per epoch: 98
4: Validation steps per epoch: 157
3: Epoch 89/90 - 36.502s
3: Steps per epoch: 98
3: Validation steps per epoch: 157
7: Epoch 89/90 - 36.502s
7: Steps per epoch: 98
7: Validation steps per epoch: 157
1: Average time per epoch: 36.466 s
5: Epoch 89/90 - 36.502s
5: Steps per epoch: 98
5: Validation steps per epoch: 157
0: Epoch 89/90 - 36.502s
0: Steps per epoch: 98
0: Validation steps per epoch: 157
2: Average time per epoch: 36.466 s
6: Average time per epoch: 36.466 s
5: Average time per epoch: 36.466 s
3: Average time per epoch: 36.466 s
7: Average time per epoch: 36.466 s
0: Average time per epoch: 36.467 s
4: Average time per epoch: 36.466 s
1: --- 3285.7667367458344 seconds ---
6: --- 3285.7344872951508 seconds ---
2: --- 3285.758640766144 seconds ---
4: --- 3285.73877620697 seconds ---
0: --- 3285.7664771080017 seconds ---
7: --- 3285.7464332580566 seconds ---
3: --- 3285.762800216675 seconds ---
5: --- 3285.738737821579 seconds ---
ELAPSED: 3290 seconds
End at Tue Feb  9 20:01:54 EET 2021
