WORKERS: "gpu12-ib:5555","gpu13-ib:5555","gpu14-ib:5555","gpu15-ib:5555","gpu16-ib:5555","gpu17-ib:5555","gpu18-ib:5555","gpu19-ib:5555","gpu20-ib:5555","gpu21-ib:5555","gpu22-ib:5555","gpu23-ib:5555","gpu24-ib:5555","gpu25-ib:5555","gpu26-ib:5555","gpu27-ib:5555"
Start at Wed Feb 10 00:32:42 EET 2021
CUDA_VISIBLE_DEVICES: 0,1
Running on hosts: gpu[12-27]
Running on 16 nodes.
Running 2 tasks per node
Job id is 1092214
16: Number of devices per node: 2
28: Number of devices per node: 2
25: Number of devices per node: 2
14: Number of devices per node: 2
17: Number of devices per node: 2
29: Number of devices per node: 2
13: Number of devices per node: 2
21: Number of devices per node: 2
24: Number of devices per node: 2
15: Number of devices per node: 2
12: Number of devices per node: 2
20: Number of devices per node: 2
27: Number of devices per node: 2
18: Number of devices per node: 2
26: Number of devices per node: 2
30: Number of devices per node: 2
22: Number of devices per node: 2
31: Number of devices per node: 2
23: Number of devices per node: 2
19: Number of devices per node: 2
19: 
07: Number of devices per node: 2
01: Number of devices per node: 2
02: Number of devices per node: 2
04: Number of devices per node: 2
06: Number of devices per node: 2
00: Number of devices per node: 2
09: Number of devices per node: 2
10: Number of devices per node: 2
03: Number of devices per node: 2
05: Number of devices per node: 2
08: Number of devices per node: 2
11: Number of devices per node: 2
06: rank 6
25: rank 25
31: rank 31
29: rank 29
20: rank 20
22: rank 22
30: rank 30
09: rank 9
28: rank 28
04: rank 4
24: rank 24
13: rank 13
16: rank 16
02: rank 2
07: rank 7
27: rank 27
14: rank 14
17: rank 
18: rank 18
00: rank 
27: 
23: rank 
08: rank 
00: 0
18: 
03: rank 
17: 17
23: 23
21: rank 21
08: 8
01: rank 
12: rank 12
03: 3
01: 1
10: rank 10
15: rank 15
26: rank 26
05: rank 5
11: rank 11
19: rank 19
19: 
25: => creating model 'resnet50'
24: => creating model 'resnet50'
13: => creating model 'resnet50'
12: => creating model 'resnet50'
28: => creating model 'resnet50'
17: => creating model 'resnet50'
16: => creating model 'resnet50'
29: => creating model 'resnet50'
15: => creating model 'resnet50'
14: => creating model 'resnet50'
31: => creating model 'resnet50'
30: => creating model 'resnet50'
21: => creating model 'resnet50'
20: => creating model 'resnet50'
27: => creating model 'resnet50'
26: => creating model 'resnet50'
23: => creating model 'resnet50'
22: => creating model 'resnet50'
10: => creating model 'resnet50'
11: => creating model 'resnet50'
09: => creating model 'resnet50'
08: => creating model 'resnet50'
03: => creating model 'resnet50'
02: => creating model 'resnet50'
07: => creating model 'resnet50'
06: => creating model 'resnet50'
01: => creating model 'resnet50'
00: => creating model 'resnet50'
04: => creating model 'resnet50'
05: => creating model 'resnet50'
19: => creating model 'resnet50'
19: 
18: => creating model 'resnet50'
18: 
08: Epoch 0/90 - 22.927s
06: Epoch 0/90 - 22.929s
01: Epoch 0/90 - 22.937s
22: Epoch 0/90 - 22.777s
28: Epoch 0/90 - 22.777s
14: Epoch 0/90 - 22.797s
18: Epoch 0/90 - 22.779s
02: Epoch 0/90 - 22.936s
07: Epoch 0/90 - 22.927s
10: Epoch 0/90 - 22.837s
24: Epoch 0/90 - 22.777s
26: Epoch 0/90 - 22.777s
12: Epoch 0/90 - 22.798s
04: Epoch 0/90 - 22.936s
16: Epoch 0/90 - 22.795s
20: Epoch 0/90 - 22.778s
31: Epoch 0/90 - 22.777s
15: Epoch 0/90 - 22.796s
03: Epoch 0/90 - 22.936s
09: Epoch 0/90 - 22.847s
11: Epoch 0/90 - 22.798s
25: Epoch 0/90 - 22.777s
27: Epoch 0/90 - 22.777s
13: Epoch 0/90 - 22.797s
05: Epoch 0/90 - 22.930s
17: Epoch 0/90 - 22.795s
23: Epoch 0/90 - 22.777s
29: Epoch 0/90 - 22.777s
21: Epoch 0/90 - 22.777s
30: Epoch 0/90 - 22.777s
00: Epoch 0/90 - 22.940s
19: Epoch 0/90 - 22.784s
06: Epoch 1/90 - 14.558s
10: Epoch 1/90 - 14.558s
01: Epoch 1/90 - 14.558s
18: Epoch 1/90 - 14.558s
02: Epoch 1/90 - 14.557s
08: Epoch 1/90 - 14.557s
24: Epoch 1/90 - 14.558s
26: Epoch 1/90 - 14.558s
12: Epoch 1/90 - 14.558s
04: Epoch 1/90 - 14.557s
16: Epoch 1/90 - 14.558s
22: Epoch 1/90 - 14.558s
28: Epoch 1/90 - 14.558s
20: Epoch 1/90 - 14.558s
30: Epoch 1/90 - 14.557s
14: Epoch 1/90 - 14.558s
19: Epoch 1/90 - 14.552s
03: Epoch 1/90 - 14.557s
09: Epoch 1/90 - 14.558s
07: Epoch 1/90 - 14.558s
11: Epoch 1/90 - 14.557s
25: Epoch 1/90 - 14.557s
27: Epoch 1/90 - 14.558s
13: Epoch 1/90 - 14.557s
05: Epoch 1/90 - 14.558s
17: Epoch 1/90 - 14.558s
23: Epoch 1/90 - 14.558s
29: Epoch 1/90 - 14.558s
21: Epoch 1/90 - 14.558s
31: Epoch 1/90 - 14.558s
15: Epoch 1/90 - 14.558s
19: 
00: Epoch 1/90 - 14.558s
01: Epoch 2/90 - 14.282s
19: Epoch 2/90 - 14.282s
02: Epoch 2/90 - 14.282s
08: Epoch 2/90 - 14.282s
06: Epoch 2/90 - 14.282s
10: Epoch 2/90 - 14.282s
24: Epoch 2/90 - 14.282s
26: Epoch 2/90 - 14.282s
12: Epoch 2/90 - 14.282s
04: Epoch 2/90 - 14.282s
16: Epoch 2/90 - 14.282s
22: Epoch 2/90 - 14.282s
28: Epoch 2/90 - 14.282s
20: Epoch 2/90 - 14.282s
30: Epoch 2/90 - 14.282s
14: Epoch 2/90 - 14.282s
19: 
03: Epoch 2/90 - 14.282s
09: Epoch 2/90 - 14.282s
07: Epoch 2/90 - 14.282s
11: Epoch 2/90 - 14.282s
25: Epoch 2/90 - 14.282s
27: Epoch 2/90 - 14.282s
13: Epoch 2/90 - 14.282s
05: Epoch 2/90 - 14.282s
17: Epoch 2/90 - 14.282s
23: Epoch 2/90 - 14.282s
29: Epoch 2/90 - 14.282s
21: Epoch 2/90 - 14.282s
31: Epoch 2/90 - 14.282s
15: Epoch 2/90 - 14.282s
00: Epoch 2/90 - 14.282s
18: Epoch 2/90 - 14.299s
01: Epoch 3/90 - 14.834s
18: Epoch 3/90 - 14.817s
02: Epoch 3/90 - 14.834s
08: Epoch 3/90 - 14.834s
06: Epoch 3/90 - 14.834s
10: Epoch 3/90 - 14.834s
24: Epoch 3/90 - 14.834s
26: Epoch 3/90 - 14.834s
12: Epoch 3/90 - 14.834s
04: Epoch 3/90 - 14.834s
16: Epoch 3/90 - 14.834s
22: Epoch 3/90 - 14.834s
28: Epoch 3/90 - 14.834s
20: Epoch 3/90 - 14.834s
30: Epoch 3/90 - 14.834s
14: Epoch 3/90 - 14.834s
19: Epoch 3/90 - 14.834s
03: Epoch 3/90 - 14.834s
09: Epoch 3/90 - 14.834s
07: Epoch 3/90 - 14.834s
11: Epoch 3/90 - 14.834s
25: Epoch 3/90 - 14.834s
27: Epoch 3/90 - 14.834s
13: Epoch 3/90 - 14.834s
05: Epoch 3/90 - 14.834s
17: Epoch 3/90 - 14.834s
23: Epoch 3/90 - 14.834s
29: Epoch 3/90 - 14.834s
21: Epoch 3/90 - 14.834s
31: Epoch 3/90 - 14.834s
15: Epoch 3/90 - 14.834s
19: 
00: Epoch 3/90 - 14.834s
01: Epoch 4/90 - 14.186s
18: Epoch 4/90 - 14.186s
02: Epoch 4/90 - 14.186s
08: Epoch 4/90 - 14.186s
12: Epoch 4/90 - 14.186s
04: Epoch 4/90 - 14.186s
16: Epoch 4/90 - 14.186s
22: Epoch 4/90 - 14.186s
28: Epoch 4/90 - 14.186s
20: Epoch 4/90 - 14.186s
14: Epoch 4/90 - 14.186s
03: Epoch 4/90 - 14.186s
09: Epoch 4/90 - 14.186s
06: Epoch 4/90 - 14.186s
10: Epoch 4/90 - 14.186s
24: Epoch 4/90 - 14.186s
26: Epoch 4/90 - 14.186s
13: Epoch 4/90 - 14.186s
05: Epoch 4/90 - 14.186s
17: Epoch 4/90 - 14.186s
23: Epoch 4/90 - 14.186s
29: Epoch 4/90 - 14.186s
21: Epoch 4/90 - 14.186s
30: Epoch 4/90 - 14.186s
15: Epoch 4/90 - 14.186s
19: Epoch 4/90 - 14.186s
07: Epoch 4/90 - 14.186s
11: Epoch 4/90 - 14.186s
25: Epoch 4/90 - 14.186s
27: Epoch 4/90 - 14.186s
31: Epoch 4/90 - 14.186s
19: 
00: Epoch 4/90 - 14.186s
06: Epoch 5/90 - 14.211s
10: Epoch 5/90 - 14.211s
01: Epoch 5/90 - 14.211s
28: Epoch 5/90 - 14.211s
18: Epoch 5/90 - 14.211s
02: Epoch 5/90 - 14.211s
08: Epoch 5/90 - 14.211s
07: Epoch 5/90 - 14.211s
11: Epoch 5/90 - 14.211s
24: Epoch 5/90 - 14.211s
26: Epoch 5/90 - 14.211s
12: Epoch 5/90 - 14.211s
04: Epoch 5/90 - 14.211s
16: Epoch 5/90 - 14.211s
22: Epoch 5/90 - 14.211s
29: Epoch 5/90 - 14.211s
20: Epoch 5/90 - 14.211s
30: Epoch 5/90 - 14.211s
14: Epoch 5/90 - 14.211s
19: Epoch 5/90 - 14.211s
03: Epoch 5/90 - 14.211s
09: Epoch 5/90 - 14.211s
25: Epoch 5/90 - 14.211s
27: Epoch 5/90 - 14.211s
13: Epoch 5/90 - 14.211s
05: Epoch 5/90 - 14.211s
17: Epoch 5/90 - 14.211s
23: Epoch 5/90 - 14.211s
21: Epoch 5/90 - 14.211s
31: Epoch 5/90 - 14.211s
15: Epoch 5/90 - 14.211s
18: 
00: Epoch 5/90 - 14.211s
08: Epoch 6/90 - 14.526s
12: Epoch 6/90 - 14.526s
22: Epoch 6/90 - 14.526s
28: Epoch 6/90 - 14.526s
14: Epoch 6/90 - 14.526s
18: Epoch 6/90 - 14.525s
02: Epoch 6/90 - 14.526s
09: Epoch 6/90 - 14.526s
06: Epoch 6/90 - 14.526s
10: Epoch 6/90 - 14.526s
01: Epoch 6/90 - 14.526s
24: Epoch 6/90 - 14.526s
26: Epoch 6/90 - 14.526s
13: Epoch 6/90 - 14.526s
04: Epoch 6/90 - 14.526s
16: Epoch 6/90 - 14.526s
23: Epoch 6/90 - 14.526s
29: Epoch 6/90 - 14.526s
20: Epoch 6/90 - 14.526s
30: Epoch 6/90 - 14.526s
15: Epoch 6/90 - 14.526s
19: Epoch 6/90 - 14.526s
03: Epoch 6/90 - 14.526s
07: Epoch 6/90 - 14.526s
11: Epoch 6/90 - 14.526s
25: Epoch 6/90 - 14.526s
27: Epoch 6/90 - 14.526s
05: Epoch 6/90 - 14.526s
17: Epoch 6/90 - 14.526s
21: Epoch 6/90 - 14.526s
31: Epoch 6/90 - 14.526s
19: 
00: Epoch 6/90 - 14.526s
06: Epoch 7/90 - 15.394s
01: Epoch 7/90 - 15.394s
26: Epoch 7/90 - 15.394s
04: Epoch 7/90 - 15.394s
20: Epoch 7/90 - 15.394s
30: Epoch 7/90 - 15.394s
19: Epoch 7/90 - 15.394s
02: Epoch 7/90 - 15.394s
08: Epoch 7/90 - 15.394s
07: Epoch 7/90 - 15.394s
10: Epoch 7/90 - 15.394s
24: Epoch 7/90 - 15.394s
27: Epoch 7/90 - 15.394s
12: Epoch 7/90 - 15.394s
05: Epoch 7/90 - 15.394s
16: Epoch 7/90 - 15.394s
22: Epoch 7/90 - 15.394s
28: Epoch 7/90 - 15.394s
21: Epoch 7/90 - 15.394s
31: Epoch 7/90 - 15.394s
14: Epoch 7/90 - 15.394s
18: Epoch 7/90 - 15.394s
03: Epoch 7/90 - 15.394s
09: Epoch 7/90 - 15.394s
11: Epoch 7/90 - 15.394s
25: Epoch 7/90 - 15.394s
13: Epoch 7/90 - 15.394s
17: Epoch 7/90 - 15.394s
23: Epoch 7/90 - 15.394s
29: Epoch 7/90 - 15.394s
15: Epoch 7/90 - 15.394s
19: 
00: Epoch 7/90 - 15.394s
10: Epoch 8/90 - 14.561s
01: Epoch 8/90 - 14.561s
24: Epoch 8/90 - 14.561s
26: Epoch 8/90 - 14.561s
30: Epoch 8/90 - 14.561s
18: Epoch 8/90 - 14.561s
02: Epoch 8/90 - 14.561s
08: Epoch 8/90 - 14.561s
06: Epoch 8/90 - 14.561s
11: Epoch 8/90 - 14.561s
25: Epoch 8/90 - 14.561s
27: Epoch 8/90 - 14.561s
12: Epoch 8/90 - 14.561s
04: Epoch 8/90 - 14.561s
16: Epoch 8/90 - 14.561s
22: Epoch 8/90 - 14.561s
28: Epoch 8/90 - 14.561s
20: Epoch 8/90 - 14.561s
31: Epoch 8/90 - 14.561s
14: Epoch 8/90 - 14.561s
19: Epoch 8/90 - 14.561s
03: Epoch 8/90 - 14.561s
09: Epoch 8/90 - 14.561s
07: Epoch 8/90 - 14.561s
13: Epoch 8/90 - 14.561s
05: Epoch 8/90 - 14.561s
17: Epoch 8/90 - 14.561s
23: Epoch 8/90 - 14.561s
29: Epoch 8/90 - 14.561s
21: Epoch 8/90 - 14.561s
15: Epoch 8/90 - 14.561s
18: 
00: Epoch 8/90 - 14.561s
02: Epoch 9/90 - 13.887s
08: Epoch 9/90 - 13.887s
01: Epoch 9/90 - 13.887s
14: Epoch 9/90 - 13.887s
18: Epoch 9/90 - 13.887s
03: Epoch 9/90 - 13.887s
09: Epoch 9/90 - 13.887s
06: Epoch 9/90 - 13.887s
10: Epoch 9/90 - 13.888s
24: Epoch 9/90 - 13.887s
26: Epoch 9/90 - 13.888s
12: Epoch 9/90 - 13.887s
04: Epoch 9/90 - 13.887s
16: Epoch 9/90 - 13.887s
22: Epoch 9/90 - 13.887s
28: Epoch 9/90 - 13.887s
20: Epoch 9/90 - 13.887s
30: Epoch 9/90 - 13.888s
15: Epoch 9/90 - 13.887s
19: Epoch 9/90 - 13.887s
07: Epoch 9/90 - 13.887s
11: Epoch 9/90 - 13.887s
25: Epoch 9/90 - 13.887s
27: Epoch 9/90 - 13.888s
13: Epoch 9/90 - 13.887s
05: Epoch 9/90 - 13.887s
17: Epoch 9/90 - 13.887s
23: Epoch 9/90 - 13.887s
29: Epoch 9/90 - 13.887s
21: Epoch 9/90 - 13.887s
31: Epoch 9/90 - 13.887s
19: 
00: Epoch 9/90 - 13.888s
01: Epoch 10/90 - 14.404s
18: Epoch 10/90 - 14.404s
02: Epoch 10/90 - 14.404s
08: Epoch 10/90 - 14.404s
06: Epoch 10/90 - 14.404s
10: Epoch 10/90 - 14.404s
24: Epoch 10/90 - 14.404s
26: Epoch 10/90 - 14.404s
12: Epoch 10/90 - 14.404s
04: Epoch 10/90 - 14.404s
16: Epoch 10/90 - 14.404s
22: Epoch 10/90 - 14.404s
28: Epoch 10/90 - 14.404s
20: Epoch 10/90 - 14.404s
30: Epoch 10/90 - 14.404s
14: Epoch 10/90 - 14.404s
19: Epoch 10/90 - 14.404s
03: Epoch 10/90 - 14.404s
09: Epoch 10/90 - 14.404s
07: Epoch 10/90 - 14.404s
11: Epoch 10/90 - 14.404s
25: Epoch 10/90 - 14.404s
27: Epoch 10/90 - 14.404s
13: Epoch 10/90 - 14.404s
05: Epoch 10/90 - 14.404s
17: Epoch 10/90 - 14.404s
23: Epoch 10/90 - 14.404s
29: Epoch 10/90 - 14.404s
21: Epoch 10/90 - 14.404s
31: Epoch 10/90 - 14.404s
15: Epoch 10/90 - 14.404s
19: 
00: Epoch 10/90 - 14.404s
08: Epoch 11/90 - 13.277s
06: Epoch 11/90 - 13.277s
01: Epoch 11/90 - 13.277s
22: Epoch 11/90 - 13.277s
28: Epoch 11/90 - 13.277s
18: Epoch 11/90 - 13.277s
02: Epoch 11/90 - 13.277s
09: Epoch 11/90 - 13.277s
07: Epoch 11/90 - 13.277s
10: Epoch 11/90 - 13.277s
24: Epoch 11/90 - 13.277s
26: Epoch 11/90 - 13.277s
12: Epoch 11/90 - 13.277s
04: Epoch 11/90 - 13.277s
16: Epoch 11/90 - 13.277s
23: Epoch 11/90 - 13.277s
20: Epoch 11/90 - 13.277s
30: Epoch 11/90 - 13.277s
14: Epoch 11/90 - 13.277s
19: Epoch 11/90 - 13.277s
03: Epoch 11/90 - 13.277s
11: Epoch 11/90 - 13.277s
25: Epoch 11/90 - 13.277s
27: Epoch 11/90 - 13.277s
13: Epoch 11/90 - 13.277s
05: Epoch 11/90 - 13.277s
17: Epoch 11/90 - 13.277s
21: Epoch 11/90 - 13.277s
31: Epoch 11/90 - 13.277s
15: Epoch 11/90 - 13.277s
19: 
00: Epoch 11/90 - 13.277s
29: Epoch 11/90 - 13.278s
06: Epoch 12/90 - 14.100s
01: Epoch 12/90 - 14.100s
22: Epoch 12/90 - 14.100s
30: Epoch 12/90 - 14.100s
18: Epoch 12/90 - 14.100s
02: Epoch 12/90 - 14.100s
08: Epoch 12/90 - 14.100s
07: Epoch 12/90 - 14.100s
10: Epoch 12/90 - 14.100s
24: Epoch 12/90 - 14.100s
26: Epoch 12/90 - 14.100s
12: Epoch 12/90 - 14.100s
04: Epoch 12/90 - 14.100s
16: Epoch 12/90 - 14.100s
23: Epoch 12/90 - 14.100s
28: Epoch 12/90 - 14.100s
20: Epoch 12/90 - 14.100s
31: Epoch 12/90 - 14.100s
14: Epoch 12/90 - 14.100s
19: Epoch 12/90 - 14.100s
03: Epoch 12/90 - 14.100s
09: Epoch 12/90 - 14.100s
11: Epoch 12/90 - 14.100s
25: Epoch 12/90 - 14.100s
27: Epoch 12/90 - 14.100s
13: Epoch 12/90 - 14.100s
05: Epoch 12/90 - 14.100s
17: Epoch 12/90 - 14.100s
29: Epoch 12/90 - 14.099s
21: Epoch 12/90 - 14.100s
15: Epoch 12/90 - 14.100s
00: Epoch 12/90 - 14.100s
10: Epoch 13/90 - 14.859s
01: Epoch 13/90 - 14.859s
18: Epoch 13/90 - 14.859s
02: Epoch 13/90 - 14.859s
08: Epoch 13/90 - 14.859s
06: Epoch 13/90 - 14.859s
24: Epoch 13/90 - 14.859s
26: Epoch 13/90 - 14.859s
13: Epoch 13/90 - 14.859s
04: Epoch 13/90 - 14.859s
16: Epoch 13/90 - 14.859s
22: Epoch 13/90 - 14.859s
28: Epoch 13/90 - 14.859s
20: Epoch 13/90 - 14.859s
30: Epoch 13/90 - 14.859s
14: Epoch 13/90 - 14.859s
19: Epoch 13/90 - 14.859s
03: Epoch 13/90 - 14.859s
09: Epoch 13/90 - 14.859s
07: Epoch 13/90 - 14.859s
11: Epoch 13/90 - 14.859s
25: Epoch 13/90 - 14.859s
27: Epoch 13/90 - 14.859s
05: Epoch 13/90 - 14.859s
17: Epoch 13/90 - 14.859s
23: Epoch 13/90 - 14.859s
29: Epoch 13/90 - 14.859s
21: Epoch 13/90 - 14.859s
31: Epoch 13/90 - 14.859s
15: Epoch 13/90 - 14.859s
19: 
00: Epoch 13/90 - 14.859s
12: Epoch 13/90 - 14.862s
06: Epoch 14/90 - 14.622s
10: Epoch 14/90 - 14.622s
01: Epoch 14/90 - 14.622s
24: Epoch 14/90 - 14.622s
28: Epoch 14/90 - 14.622s
30: Epoch 14/90 - 14.622s
02: Epoch 14/90 - 14.622s
08: Epoch 14/90 - 14.622s
07: Epoch 14/90 - 14.622s
11: Epoch 14/90 - 14.622s
25: Epoch 14/90 - 14.622s
26: Epoch 14/90 - 14.622s
12: Epoch 14/90 - 14.619s
04: Epoch 14/90 - 14.622s
16: Epoch 14/90 - 14.622s
22: Epoch 14/90 - 14.622s
29: Epoch 14/90 - 14.622s
20: Epoch 14/90 - 14.622s
31: Epoch 14/90 - 14.622s
14: Epoch 14/90 - 14.622s
18: Epoch 14/90 - 14.622s
03: Epoch 14/90 - 14.622s
09: Epoch 14/90 - 14.622s
27: Epoch 14/90 - 14.622s
13: Epoch 14/90 - 14.622s
05: Epoch 14/90 - 14.622s
17: Epoch 14/90 - 14.622s
23: Epoch 14/90 - 14.622s
21: Epoch 14/90 - 14.622s
15: Epoch 14/90 - 14.622s
19: Epoch 14/90 - 14.622s
19: 
00: Epoch 14/90 - 14.622s
01: Epoch 15/90 - 13.915s
25: Epoch 15/90 - 13.915s
26: Epoch 15/90 - 13.915s
12: Epoch 15/90 - 13.915s
22: Epoch 15/90 - 13.915s
30: Epoch 15/90 - 13.915s
14: Epoch 15/90 - 13.915s
18: Epoch 15/90 - 13.915s
02: Epoch 15/90 - 13.915s
08: Epoch 15/90 - 13.915s
06: Epoch 15/90 - 13.915s
10: Epoch 15/90 - 13.915s
24: Epoch 15/90 - 13.915s
27: Epoch 15/90 - 13.915s
13: Epoch 15/90 - 13.915s
04: Epoch 15/90 - 13.915s
16: Epoch 15/90 - 13.915s
23: Epoch 15/90 - 13.915s
28: Epoch 15/90 - 13.915s
20: Epoch 15/90 - 13.915s
31: Epoch 15/90 - 13.915s
15: Epoch 15/90 - 13.915s
19: Epoch 15/90 - 13.915s
03: Epoch 15/90 - 13.915s
09: Epoch 15/90 - 13.915s
07: Epoch 15/90 - 13.915s
11: Epoch 15/90 - 13.915s
05: Epoch 15/90 - 13.915s
17: Epoch 15/90 - 13.915s
29: Epoch 15/90 - 13.915s
21: Epoch 15/90 - 13.915s
00: Epoch 15/90 - 13.915s
08: Epoch 16/90 - 14.192s
01: Epoch 16/90 - 14.192s
24: Epoch 16/90 - 14.192s
30: Epoch 16/90 - 14.192s
14: Epoch 16/90 - 14.192s
18: Epoch 16/90 - 14.192s
02: Epoch 16/90 - 14.192s
09: Epoch 16/90 - 14.192s
06: Epoch 16/90 - 14.192s
10: Epoch 16/90 - 14.192s
25: Epoch 16/90 - 14.192s
26: Epoch 16/90 - 14.192s
12: Epoch 16/90 - 14.192s
04: Epoch 16/90 - 14.192s
16: Epoch 16/90 - 14.192s
22: Epoch 16/90 - 14.192s
28: Epoch 16/90 - 14.192s
20: Epoch 16/90 - 14.192s
31: Epoch 16/90 - 14.192s
15: Epoch 16/90 - 14.192s
19: Epoch 16/90 - 14.192s
03: Epoch 16/90 - 14.192s
07: Epoch 16/90 - 14.192s
11: Epoch 16/90 - 14.192s
27: Epoch 16/90 - 14.192s
13: Epoch 16/90 - 14.192s
05: Epoch 16/90 - 14.192s
17: Epoch 16/90 - 14.192s
23: Epoch 16/90 - 14.192s
29: Epoch 16/90 - 14.192s
21: Epoch 16/90 - 14.192s
18: 
00: Epoch 16/90 - 14.192s
01: Epoch 17/90 - 14.780s
12: Epoch 17/90 - 14.780s
30: Epoch 17/90 - 14.780s
14: Epoch 17/90 - 14.780s
19: Epoch 17/90 - 14.780s
02: Epoch 17/90 - 14.780s
08: Epoch 17/90 - 14.780s
06: Epoch 17/90 - 14.780s
10: Epoch 17/90 - 14.780s
24: Epoch 17/90 - 14.780s
26: Epoch 17/90 - 14.780s
13: Epoch 17/90 - 14.780s
04: Epoch 17/90 - 14.780s
16: Epoch 17/90 - 14.780s
22: Epoch 17/90 - 14.780s
28: Epoch 17/90 - 14.780s
20: Epoch 17/90 - 14.780s
31: Epoch 17/90 - 14.780s
15: Epoch 17/90 - 14.780s
18: Epoch 17/90 - 14.780s
03: Epoch 17/90 - 14.780s
09: Epoch 17/90 - 14.780s
07: Epoch 17/90 - 14.780s
11: Epoch 17/90 - 14.780s
25: Epoch 17/90 - 14.780s
27: Epoch 17/90 - 14.780s
05: Epoch 17/90 - 14.780s
17: Epoch 17/90 - 14.780s
23: Epoch 17/90 - 14.780s
29: Epoch 17/90 - 14.780s
21: Epoch 17/90 - 14.780s
18: 
00: Epoch 17/90 - 14.781s
01: Epoch 18/90 - 13.755s
24: Epoch 18/90 - 13.755s
26: Epoch 18/90 - 13.755s
12: Epoch 18/90 - 13.755s
04: Epoch 18/90 - 13.755s
20: Epoch 18/90 - 13.755s
18: Epoch 18/90 - 13.754s
02: Epoch 18/90 - 13.755s
08: Epoch 18/90 - 13.755s
06: Epoch 18/90 - 13.755s
10: Epoch 18/90 - 13.755s
25: Epoch 18/90 - 13.755s
27: Epoch 18/90 - 13.755s
13: Epoch 18/90 - 13.755s
05: Epoch 18/90 - 13.755s
16: Epoch 18/90 - 13.755s
22: Epoch 18/90 - 13.755s
28: Epoch 18/90 - 13.755s
21: Epoch 18/90 - 13.755s
30: Epoch 18/90 - 13.755s
14: Epoch 18/90 - 13.755s
19: Epoch 18/90 - 13.755s
03: Epoch 18/90 - 13.755s
09: Epoch 18/90 - 13.755s
07: Epoch 18/90 - 13.755s
11: Epoch 18/90 - 13.755s
17: Epoch 18/90 - 13.755s
23: Epoch 18/90 - 13.755s
29: Epoch 18/90 - 13.755s
31: Epoch 18/90 - 13.755s
15: Epoch 18/90 - 13.755s
18: 
00: Epoch 18/90 - 13.755s
01: Epoch 19/90 - 13.625s
18: Epoch 19/90 - 13.625s
02: Epoch 19/90 - 13.625s
08: Epoch 19/90 - 13.625s
06: Epoch 19/90 - 13.625s
10: Epoch 19/90 - 13.625s
24: Epoch 19/90 - 13.625s
26: Epoch 19/90 - 13.625s
12: Epoch 19/90 - 13.625s
04: Epoch 19/90 - 13.625s
16: Epoch 19/90 - 13.625s
22: Epoch 19/90 - 13.625s
28: Epoch 19/90 - 13.625s
20: Epoch 19/90 - 13.625s
30: Epoch 19/90 - 13.625s
14: Epoch 19/90 - 13.625s
03: Epoch 19/90 - 13.625s
09: Epoch 19/90 - 13.625s
07: Epoch 19/90 - 13.625s
11: Epoch 19/90 - 13.625s
25: Epoch 19/90 - 13.625s
27: Epoch 19/90 - 13.625s
13: Epoch 19/90 - 13.625s
05: Epoch 19/90 - 13.625s
17: Epoch 19/90 - 13.625s
23: Epoch 19/90 - 13.625s
29: Epoch 19/90 - 13.625s
21: Epoch 19/90 - 13.625s
31: Epoch 19/90 - 13.625s
15: Epoch 19/90 - 13.625s
19: Epoch 19/90 - 13.625s
18: 
00: Epoch 19/90 - 13.625s
06: Epoch 20/90 - 14.282s
01: Epoch 20/90 - 14.282s
18: Epoch 20/90 - 14.281s
02: Epoch 20/90 - 14.282s
08: Epoch 20/90 - 14.282s
10: Epoch 20/90 - 14.282s
24: Epoch 20/90 - 14.282s
26: Epoch 20/90 - 14.282s
12: Epoch 20/90 - 14.282s
04: Epoch 20/90 - 14.282s
16: Epoch 20/90 - 14.282s
22: Epoch 20/90 - 14.282s
28: Epoch 20/90 - 14.282s
20: Epoch 20/90 - 14.282s
30: Epoch 20/90 - 14.282s
14: Epoch 20/90 - 14.282s
19: Epoch 20/90 - 14.282s
03: Epoch 20/90 - 14.282s
09: Epoch 20/90 - 14.282s
07: Epoch 20/90 - 14.282s
11: Epoch 20/90 - 14.282s
25: Epoch 20/90 - 14.282s
27: Epoch 20/90 - 14.282s
13: Epoch 20/90 - 14.282s
05: Epoch 20/90 - 14.282s
17: Epoch 20/90 - 14.282s
23: Epoch 20/90 - 14.282s
29: Epoch 20/90 - 14.282s
21: Epoch 20/90 - 14.282s
31: Epoch 20/90 - 14.282s
15: Epoch 20/90 - 14.282s
19: 
00: Epoch 20/90 - 14.281s
01: Epoch 21/90 - 14.885s
28: Epoch 21/90 - 14.885s
18: Epoch 21/90 - 14.885s
02: Epoch 21/90 - 14.885s
08: Epoch 21/90 - 14.885s
06: Epoch 21/90 - 14.885s
10: Epoch 21/90 - 14.885s
24: Epoch 21/90 - 14.885s
26: Epoch 21/90 - 14.885s
12: Epoch 21/90 - 14.885s
04: Epoch 21/90 - 14.885s
16: Epoch 21/90 - 14.885s
22: Epoch 21/90 - 14.885s
20: Epoch 21/90 - 14.885s
30: Epoch 21/90 - 14.885s
14: Epoch 21/90 - 14.885s
19: Epoch 21/90 - 14.884s
03: Epoch 21/90 - 14.885s
09: Epoch 21/90 - 14.885s
07: Epoch 21/90 - 14.885s
11: Epoch 21/90 - 14.885s
25: Epoch 21/90 - 14.885s
27: Epoch 21/90 - 14.885s
13: Epoch 21/90 - 14.885s
05: Epoch 21/90 - 14.885s
17: Epoch 21/90 - 14.885s
23: Epoch 21/90 - 14.885s
29: Epoch 21/90 - 14.885s
21: Epoch 21/90 - 14.885s
31: Epoch 21/90 - 14.885s
15: Epoch 21/90 - 14.885s
18: 
00: Epoch 21/90 - 14.885s
01: Epoch 22/90 - 13.902s
22: Epoch 22/90 - 13.902s
28: Epoch 22/90 - 13.902s
14: Epoch 22/90 - 13.902s
18: Epoch 22/90 - 13.902s
02: Epoch 22/90 - 13.902s
08: Epoch 22/90 - 13.902s
06: Epoch 22/90 - 13.902s
10: Epoch 22/90 - 13.902s
24: Epoch 22/90 - 13.902s
26: Epoch 22/90 - 13.902s
12: Epoch 22/90 - 13.902s
04: Epoch 22/90 - 13.902s
16: Epoch 22/90 - 13.902s
23: Epoch 22/90 - 13.902s
29: Epoch 22/90 - 13.902s
20: Epoch 22/90 - 13.902s
30: Epoch 22/90 - 13.902s
15: Epoch 22/90 - 13.902s
19: Epoch 22/90 - 13.902s
03: Epoch 22/90 - 13.902s
09: Epoch 22/90 - 13.902s
07: Epoch 22/90 - 13.902s
11: Epoch 22/90 - 13.902s
25: Epoch 22/90 - 13.902s
27: Epoch 22/90 - 13.902s
13: Epoch 22/90 - 13.902s
05: Epoch 22/90 - 13.902s
17: Epoch 22/90 - 13.902s
21: Epoch 22/90 - 13.902s
31: Epoch 22/90 - 13.902s
18: 
00: Epoch 22/90 - 13.902s
03: Epoch 23/90 - 13.640s
01: Epoch 23/90 - 13.640s
05: Epoch 23/90 - 13.640s
17: Epoch 23/90 - 13.640s
29: Epoch 23/90 - 13.640s
21: Epoch 23/90 - 13.640s
15: Epoch 23/90 - 13.640s
19: Epoch 23/90 - 13.640s
09: Epoch 23/90 - 13.640s
07: Epoch 23/90 - 13.640s
11: Epoch 23/90 - 13.640s
25: Epoch 23/90 - 13.640s
27: Epoch 23/90 - 13.640s
13: Epoch 23/90 - 13.640s
23: Epoch 23/90 - 13.640s
31: Epoch 23/90 - 13.640s
19: 
02: Epoch 23/90 - 13.650s
04: Epoch 23/90 - 13.650s
16: Epoch 23/90 - 13.650s
22: Epoch 23/90 - 13.650s
28: Epoch 23/90 - 13.650s
20: Epoch 23/90 - 13.650s
14: Epoch 23/90 - 13.650s
18: Epoch 23/90 - 13.650s
08: Epoch 23/90 - 13.650s
06: Epoch 23/90 - 13.650s
10: Epoch 23/90 - 13.650s
24: Epoch 23/90 - 13.650s
26: Epoch 23/90 - 13.650s
12: Epoch 23/90 - 13.650s
30: Epoch 23/90 - 13.650s
18: 
00: Epoch 23/90 - 13.650s
01: Epoch 24/90 - 13.823s
16: Epoch 24/90 - 13.813s
22: Epoch 24/90 - 13.813s
28: Epoch 24/90 - 13.813s
18: Epoch 24/90 - 13.812s
02: Epoch 24/90 - 13.813s
08: Epoch 24/90 - 13.813s
06: Epoch 24/90 - 13.813s
10: Epoch 24/90 - 13.813s
24: Epoch 24/90 - 13.813s
26: Epoch 24/90 - 13.813s
12: Epoch 24/90 - 13.813s
04: Epoch 24/90 - 13.813s
17: Epoch 24/90 - 13.823s
23: Epoch 24/90 - 13.823s
29: Epoch 24/90 - 13.823s
20: Epoch 24/90 - 13.813s
30: Epoch 24/90 - 13.813s
14: Epoch 24/90 - 13.813s
19: Epoch 24/90 - 13.822s
03: Epoch 24/90 - 13.823s
09: Epoch 24/90 - 13.823s
07: Epoch 24/90 - 13.823s
11: Epoch 24/90 - 13.823s
25: Epoch 24/90 - 13.823s
27: Epoch 24/90 - 13.823s
13: Epoch 24/90 - 13.823s
05: Epoch 24/90 - 13.823s
21: Epoch 24/90 - 13.823s
31: Epoch 24/90 - 13.823s
15: Epoch 24/90 - 13.823s
18: 
00: Epoch 24/90 - 13.812s
26: Epoch 25/90 - 14.532s
18: Epoch 25/90 - 14.532s
02: Epoch 25/90 - 14.532s
08: Epoch 25/90 - 14.532s
06: Epoch 25/90 - 14.532s
10: Epoch 25/90 - 14.532s
01: Epoch 25/90 - 14.532s
24: Epoch 25/90 - 14.532s
12: Epoch 25/90 - 14.532s
04: Epoch 25/90 - 14.532s
16: Epoch 25/90 - 14.532s
22: Epoch 25/90 - 14.532s
28: Epoch 25/90 - 14.532s
20: Epoch 25/90 - 14.532s
30: Epoch 25/90 - 14.532s
14: Epoch 25/90 - 14.532s
19: Epoch 25/90 - 14.532s
03: Epoch 25/90 - 14.532s
09: Epoch 25/90 - 14.532s
07: Epoch 25/90 - 14.532s
11: Epoch 25/90 - 14.532s
25: Epoch 25/90 - 14.532s
27: Epoch 25/90 - 14.532s
13: Epoch 25/90 - 14.532s
05: Epoch 25/90 - 14.532s
17: Epoch 25/90 - 14.532s
23: Epoch 25/90 - 14.532s
29: Epoch 25/90 - 14.532s
21: Epoch 25/90 - 14.532s
31: Epoch 25/90 - 14.532s
15: Epoch 25/90 - 14.532s
18: 
00: Epoch 25/90 - 14.532s
08: Epoch 26/90 - 13.415s
01: Epoch 26/90 - 13.415s
22: Epoch 26/90 - 13.415s
28: Epoch 26/90 - 13.415s
14: Epoch 26/90 - 13.415s
18: Epoch 26/90 - 13.415s
02: Epoch 26/90 - 13.415s
09: Epoch 26/90 - 13.415s
06: Epoch 26/90 - 13.415s
10: Epoch 26/90 - 13.415s
24: Epoch 26/90 - 13.415s
26: Epoch 26/90 - 13.415s
12: Epoch 26/90 - 13.415s
04: Epoch 26/90 - 13.415s
16: Epoch 26/90 - 13.415s
23: Epoch 26/90 - 13.415s
29: Epoch 26/90 - 13.415s
20: Epoch 26/90 - 13.415s
30: Epoch 26/90 - 13.415s
15: Epoch 26/90 - 13.415s
19: Epoch 26/90 - 13.415s
03: Epoch 26/90 - 13.415s
07: Epoch 26/90 - 13.415s
11: Epoch 26/90 - 13.415s
25: Epoch 26/90 - 13.415s
27: Epoch 26/90 - 13.415s
13: Epoch 26/90 - 13.415s
05: Epoch 26/90 - 13.415s
17: Epoch 26/90 - 13.415s
21: Epoch 26/90 - 13.415s
31: Epoch 26/90 - 13.415s
18: 
00: Epoch 26/90 - 13.415s
06: Epoch 27/90 - 14.316s
01: Epoch 27/90 - 14.316s
02: Epoch 27/90 - 14.316s
08: Epoch 27/90 - 14.316s
10: Epoch 27/90 - 14.316s
24: Epoch 27/90 - 14.316s
26: Epoch 27/90 - 14.316s
12: Epoch 27/90 - 14.316s
04: Epoch 27/90 - 14.316s
16: Epoch 27/90 - 14.316s
22: Epoch 27/90 - 14.316s
28: Epoch 27/90 - 14.316s
20: Epoch 27/90 - 14.316s
30: Epoch 27/90 - 14.316s
14: Epoch 27/90 - 14.316s
18: Epoch 27/90 - 14.316s
03: Epoch 27/90 - 14.316s
09: Epoch 27/90 - 14.316s
07: Epoch 27/90 - 14.316s
11: Epoch 27/90 - 14.316s
25: Epoch 27/90 - 14.316s
27: Epoch 27/90 - 14.316s
13: Epoch 27/90 - 14.316s
05: Epoch 27/90 - 14.316s
17: Epoch 27/90 - 14.316s
23: Epoch 27/90 - 14.316s
29: Epoch 27/90 - 14.316s
21: Epoch 27/90 - 14.316s
31: Epoch 27/90 - 14.316s
15: Epoch 27/90 - 14.316s
19: Epoch 27/90 - 14.316s
19: 
00: Epoch 27/90 - 14.316s
01: Epoch 28/90 - 14.197s
12: Epoch 28/90 - 14.197s
22: Epoch 28/90 - 14.197s
18: Epoch 28/90 - 14.197s
02: Epoch 28/90 - 14.197s
08: Epoch 28/90 - 14.197s
06: Epoch 28/90 - 14.197s
10: Epoch 28/90 - 14.197s
24: Epoch 28/90 - 14.197s
26: Epoch 28/90 - 14.197s
13: Epoch 28/90 - 14.197s
04: Epoch 28/90 - 14.197s
16: Epoch 28/90 - 14.197s
28: Epoch 28/90 - 14.197s
20: Epoch 28/90 - 14.197s
30: Epoch 28/90 - 14.197s
14: Epoch 28/90 - 14.197s
19: Epoch 28/90 - 14.197s
03: Epoch 28/90 - 14.197s
09: Epoch 28/90 - 14.197s
07: Epoch 28/90 - 14.197s
11: Epoch 28/90 - 14.197s
25: Epoch 28/90 - 14.197s
27: Epoch 28/90 - 14.197s
05: Epoch 28/90 - 14.197s
17: Epoch 28/90 - 14.197s
23: Epoch 28/90 - 14.197s
29: Epoch 28/90 - 14.197s
21: Epoch 28/90 - 14.197s
31: Epoch 28/90 - 14.197s
15: Epoch 28/90 - 14.197s
18: 
00: Epoch 28/90 - 14.197s
01: Epoch 29/90 - 14.864s
18: Epoch 29/90 - 14.863s
02: Epoch 29/90 - 14.864s
08: Epoch 29/90 - 14.864s
06: Epoch 29/90 - 14.864s
10: Epoch 29/90 - 14.864s
12: Epoch 29/90 - 14.864s
04: Epoch 29/90 - 14.864s
16: Epoch 29/90 - 14.864s
22: Epoch 29/90 - 14.864s
28: Epoch 29/90 - 14.864s
20: Epoch 29/90 - 14.864s
30: Epoch 29/90 - 14.864s
14: Epoch 29/90 - 14.864s
03: Epoch 29/90 - 14.864s
09: Epoch 29/90 - 14.864s
07: Epoch 29/90 - 14.864s
11: Epoch 29/90 - 14.864s
24: Epoch 29/90 - 14.864s
26: Epoch 29/90 - 14.864s
13: Epoch 29/90 - 14.864s
05: Epoch 29/90 - 14.864s
17: Epoch 29/90 - 14.864s
23: Epoch 29/90 - 14.864s
29: Epoch 29/90 - 14.864s
21: Epoch 29/90 - 14.864s
31: Epoch 29/90 - 14.864s
15: Epoch 29/90 - 14.864s
19: Epoch 29/90 - 14.864s
00: Epoch 29/90 - 14.864s
25: Epoch 29/90 - 14.864s
27: Epoch 29/90 - 14.864s
19: 
01: Epoch 30/90 - 14.821s
09: Epoch 30/90 - 14.821s
29: Epoch 30/90 - 14.821s
30: Epoch 30/90 - 14.821s
18: Epoch 30/90 - 14.821s
02: Epoch 30/90 - 14.821s
08: Epoch 30/90 - 14.821s
06: Epoch 30/90 - 14.821s
10: Epoch 30/90 - 14.821s
25: Epoch 30/90 - 14.821s
26: Epoch 30/90 - 14.821s
12: Epoch 30/90 - 14.821s
04: Epoch 30/90 - 14.821s
16: Epoch 30/90 - 14.821s
22: Epoch 30/90 - 14.821s
28: Epoch 30/90 - 14.821s
20: Epoch 30/90 - 14.821s
31: Epoch 30/90 - 14.821s
14: Epoch 30/90 - 14.821s
19: Epoch 30/90 - 14.821s
03: Epoch 30/90 - 14.821s
07: Epoch 30/90 - 14.821s
11: Epoch 30/90 - 14.821s
24: Epoch 30/90 - 14.821s
27: Epoch 30/90 - 14.821s
13: Epoch 30/90 - 14.821s
05: Epoch 30/90 - 14.821s
17: Epoch 30/90 - 14.821s
23: Epoch 30/90 - 14.821s
21: Epoch 30/90 - 14.821s
15: Epoch 30/90 - 14.821s
18: 
00: Epoch 30/90 - 14.821s
01: Epoch 31/90 - 14.250s
18: Epoch 31/90 - 14.250s
02: Epoch 31/90 - 14.250s
08: Epoch 31/90 - 14.250s
06: Epoch 31/90 - 14.250s
10: Epoch 31/90 - 14.250s
24: Epoch 31/90 - 14.250s
26: Epoch 31/90 - 14.250s
12: Epoch 31/90 - 14.250s
04: Epoch 31/90 - 14.250s
16: Epoch 31/90 - 14.250s
22: Epoch 31/90 - 14.250s
28: Epoch 31/90 - 14.250s
20: Epoch 31/90 - 14.250s
30: Epoch 31/90 - 14.250s
14: Epoch 31/90 - 14.250s
19: Epoch 31/90 - 14.250s
03: Epoch 31/90 - 14.250s
09: Epoch 31/90 - 14.250s
07: Epoch 31/90 - 14.250s
11: Epoch 31/90 - 14.250s
25: Epoch 31/90 - 14.250s
27: Epoch 31/90 - 14.250s
13: Epoch 31/90 - 14.250s
05: Epoch 31/90 - 14.250s
17: Epoch 31/90 - 14.250s
23: Epoch 31/90 - 14.250s
29: Epoch 31/90 - 14.250s
21: Epoch 31/90 - 14.250s
31: Epoch 31/90 - 14.250s
15: Epoch 31/90 - 14.250s
18: 
00: Epoch 31/90 - 14.250s
06: Epoch 32/90 - 13.677s
10: Epoch 32/90 - 13.677s
01: Epoch 32/90 - 13.677s
28: Epoch 32/90 - 13.677s
14: Epoch 32/90 - 13.677s
18: Epoch 32/90 - 13.677s
02: Epoch 32/90 - 13.677s
08: Epoch 32/90 - 13.677s
07: Epoch 32/90 - 13.677s
11: Epoch 32/90 - 13.677s
24: Epoch 32/90 - 13.677s
26: Epoch 32/90 - 13.677s
12: Epoch 32/90 - 13.677s
04: Epoch 32/90 - 13.677s
16: Epoch 32/90 - 13.677s
22: Epoch 32/90 - 13.677s
29: Epoch 32/90 - 13.677s
20: Epoch 32/90 - 13.677s
30: Epoch 32/90 - 13.677s
15: Epoch 32/90 - 13.677s
19: Epoch 32/90 - 13.677s
03: Epoch 32/90 - 13.677s
09: Epoch 32/90 - 13.677s
25: Epoch 32/90 - 13.677s
27: Epoch 32/90 - 13.677s
13: Epoch 32/90 - 13.677s
05: Epoch 32/90 - 13.677s
17: Epoch 32/90 - 13.677s
23: Epoch 32/90 - 13.677s
21: Epoch 32/90 - 13.677s
31: Epoch 32/90 - 13.677s
18: 
00: Epoch 32/90 - 13.677s
01: Epoch 33/90 - 14.163s
18: Epoch 33/90 - 14.163s
02: Epoch 33/90 - 14.163s
08: Epoch 33/90 - 14.163s
06: Epoch 33/90 - 14.163s
10: Epoch 33/90 - 14.163s
24: Epoch 33/90 - 14.163s
26: Epoch 33/90 - 14.163s
12: Epoch 33/90 - 14.163s
04: Epoch 33/90 - 14.163s
16: Epoch 33/90 - 14.163s
22: Epoch 33/90 - 14.163s
28: Epoch 33/90 - 14.163s
20: Epoch 33/90 - 14.163s
30: Epoch 33/90 - 14.163s
14: Epoch 33/90 - 14.163s
19: Epoch 33/90 - 14.163s
03: Epoch 33/90 - 14.163s
09: Epoch 33/90 - 14.163s
07: Epoch 33/90 - 14.163s
11: Epoch 33/90 - 14.163s
25: Epoch 33/90 - 14.163s
27: Epoch 33/90 - 14.163s
13: Epoch 33/90 - 14.163s
05: Epoch 33/90 - 14.163s
17: Epoch 33/90 - 14.163s
23: Epoch 33/90 - 14.163s
29: Epoch 33/90 - 14.163s
21: Epoch 33/90 - 14.163s
31: Epoch 33/90 - 14.163s
15: Epoch 33/90 - 14.163s
19: 
00: Epoch 33/90 - 14.163s
10: Epoch 34/90 - 14.288s
01: Epoch 34/90 - 14.288s
18: Epoch 34/90 - 14.288s
02: Epoch 34/90 - 14.288s
08: Epoch 34/90 - 14.288s
06: Epoch 34/90 - 14.288s
11: Epoch 34/90 - 14.288s
24: Epoch 34/90 - 14.288s
26: Epoch 34/90 - 14.288s
12: Epoch 34/90 - 14.288s
04: Epoch 34/90 - 14.288s
16: Epoch 34/90 - 14.288s
22: Epoch 34/90 - 14.288s
28: Epoch 34/90 - 14.288s
20: Epoch 34/90 - 14.288s
30: Epoch 34/90 - 14.288s
14: Epoch 34/90 - 14.288s
19: Epoch 34/90 - 14.288s
03: Epoch 34/90 - 14.288s
09: Epoch 34/90 - 14.288s
07: Epoch 34/90 - 14.288s
25: Epoch 34/90 - 14.288s
27: Epoch 34/90 - 14.288s
13: Epoch 34/90 - 14.288s
05: Epoch 34/90 - 14.288s
17: Epoch 34/90 - 14.288s
23: Epoch 34/90 - 14.288s
29: Epoch 34/90 - 14.288s
21: Epoch 34/90 - 14.288s
31: Epoch 34/90 - 14.288s
15: Epoch 34/90 - 14.288s
18: 
00: Epoch 34/90 - 14.288s
10: Epoch 35/90 - 14.767s
01: Epoch 35/90 - 14.767s
16: Epoch 35/90 - 14.767s
18: Epoch 35/90 - 14.766s
02: Epoch 35/90 - 14.767s
08: Epoch 35/90 - 14.767s
06: Epoch 35/90 - 14.767s
11: Epoch 35/90 - 14.767s
24: Epoch 35/90 - 14.767s
26: Epoch 35/90 - 14.767s
12: Epoch 35/90 - 14.767s
04: Epoch 35/90 - 14.767s
17: Epoch 35/90 - 14.767s
22: Epoch 35/90 - 14.767s
28: Epoch 35/90 - 14.767s
20: Epoch 35/90 - 14.767s
30: Epoch 35/90 - 14.767s
14: Epoch 35/90 - 14.767s
19: Epoch 35/90 - 14.766s
03: Epoch 35/90 - 14.767s
09: Epoch 35/90 - 14.767s
07: Epoch 35/90 - 14.767s
25: Epoch 35/90 - 14.767s
27: Epoch 35/90 - 14.767s
13: Epoch 35/90 - 14.767s
05: Epoch 35/90 - 14.767s
23: Epoch 35/90 - 14.767s
29: Epoch 35/90 - 14.767s
21: Epoch 35/90 - 14.767s
31: Epoch 35/90 - 14.767s
15: Epoch 35/90 - 14.767s
00: Epoch 35/90 - 14.766s
01: Epoch 36/90 - 13.852s
24: Epoch 36/90 - 13.852s
30: Epoch 36/90 - 13.852s
14: Epoch 36/90 - 13.852s
19: Epoch 36/90 - 13.852s
02: Epoch 36/90 - 13.852s
08: Epoch 36/90 - 13.852s
06: Epoch 36/90 - 13.852s
10: Epoch 36/90 - 13.852s
25: Epoch 36/90 - 13.852s
26: Epoch 36/90 - 13.852s
12: Epoch 36/90 - 13.852s
04: Epoch 36/90 - 13.852s
16: Epoch 36/90 - 13.852s
22: Epoch 36/90 - 13.852s
28: Epoch 36/90 - 13.852s
20: Epoch 36/90 - 13.852s
31: Epoch 36/90 - 13.852s
15: Epoch 36/90 - 13.852s
19: 
03: Epoch 36/90 - 13.852s
09: Epoch 36/90 - 13.852s
07: Epoch 36/90 - 13.852s
11: Epoch 36/90 - 13.852s
27: Epoch 36/90 - 13.852s
13: Epoch 36/90 - 13.852s
05: Epoch 36/90 - 13.852s
17: Epoch 36/90 - 13.852s
23: Epoch 36/90 - 13.852s
29: Epoch 36/90 - 13.852s
21: Epoch 36/90 - 13.852s
00: Epoch 36/90 - 13.852s
18: Epoch 36/90 - 13.857s
01: Epoch 37/90 - 14.160s
02: Epoch 37/90 - 14.160s
06: Epoch 37/90 - 14.160s
10: Epoch 37/90 - 14.160s
04: Epoch 37/90 - 14.160s
16: Epoch 37/90 - 14.160s
28: Epoch 37/90 - 14.160s
20: Epoch 37/90 - 14.160s
18: Epoch 37/90 - 14.155s
03: Epoch 37/90 - 14.160s
08: Epoch 37/90 - 14.160s
07: Epoch 37/90 - 14.160s
11: Epoch 37/90 - 14.160s
24: Epoch 37/90 - 14.160s
26: Epoch 37/90 - 14.160s
12: Epoch 37/90 - 14.160s
05: Epoch 37/90 - 14.160s
17: Epoch 37/90 - 14.160s
22: Epoch 37/90 - 14.160s
29: Epoch 37/90 - 14.160s
21: Epoch 37/90 - 14.160s
30: Epoch 37/90 - 14.160s
14: Epoch 37/90 - 14.160s
19: Epoch 37/90 - 14.160s
09: Epoch 37/90 - 14.160s
25: Epoch 37/90 - 14.160s
27: Epoch 37/90 - 14.160s
13: Epoch 37/90 - 14.160s
23: Epoch 37/90 - 14.160s
31: Epoch 37/90 - 14.160s
15: Epoch 37/90 - 14.160s
00: Epoch 37/90 - 14.160s
01: Epoch 38/90 - 14.821s
16: Epoch 38/90 - 14.821s
22: Epoch 38/90 - 14.821s
18: Epoch 38/90 - 14.821s
02: Epoch 38/90 - 14.821s
08: Epoch 38/90 - 14.821s
06: Epoch 38/90 - 14.821s
10: Epoch 38/90 - 14.821s
24: Epoch 38/90 - 14.821s
26: Epoch 38/90 - 14.821s
12: Epoch 38/90 - 14.821s
04: Epoch 38/90 - 14.821s
28: Epoch 38/90 - 14.821s
20: Epoch 38/90 - 14.821s
30: Epoch 38/90 - 14.821s
14: Epoch 38/90 - 14.821s
03: Epoch 38/90 - 14.821s
09: Epoch 38/90 - 14.821s
07: Epoch 38/90 - 14.821s
11: Epoch 38/90 - 14.821s
25: Epoch 38/90 - 14.821s
27: Epoch 38/90 - 14.821s
13: Epoch 38/90 - 14.821s
05: Epoch 38/90 - 14.821s
17: Epoch 38/90 - 14.821s
23: Epoch 38/90 - 14.821s
29: Epoch 38/90 - 14.821s
21: Epoch 38/90 - 14.821s
31: Epoch 38/90 - 14.821s
15: Epoch 38/90 - 14.821s
19: Epoch 38/90 - 14.821s
18: 
00: Epoch 38/90 - 14.821s
02: Epoch 39/90 - 15.122s
01: Epoch 39/90 - 15.122s
26: Epoch 39/90 - 15.122s
04: Epoch 39/90 - 15.122s
16: Epoch 39/90 - 15.122s
20: Epoch 39/90 - 15.122s
18: Epoch 39/90 - 15.122s
03: Epoch 39/90 - 15.122s
08: Epoch 39/90 - 15.122s
06: Epoch 39/90 - 15.122s
10: Epoch 39/90 - 15.122s
24: Epoch 39/90 - 15.122s
27: Epoch 39/90 - 15.122s
12: Epoch 39/90 - 15.122s
05: Epoch 39/90 - 15.122s
17: Epoch 39/90 - 15.122s
22: Epoch 39/90 - 15.122s
28: Epoch 39/90 - 15.122s
21: Epoch 39/90 - 15.122s
30: Epoch 39/90 - 15.122s
14: Epoch 39/90 - 15.122s
19: Epoch 39/90 - 15.122s
09: Epoch 39/90 - 15.122s
07: Epoch 39/90 - 15.122s
11: Epoch 39/90 - 15.122s
25: Epoch 39/90 - 15.122s
13: Epoch 39/90 - 15.122s
23: Epoch 39/90 - 15.122s
29: Epoch 39/90 - 15.122s
31: Epoch 39/90 - 15.122s
15: Epoch 39/90 - 15.122s
19: 
00: Epoch 39/90 - 15.122s
02: Epoch 40/90 - 14.307s
01: Epoch 40/90 - 14.307s
14: Epoch 40/90 - 14.307s
18: Epoch 40/90 - 14.307s
03: Epoch 40/90 - 14.307s
08: Epoch 40/90 - 14.307s
06: Epoch 40/90 - 14.307s
10: Epoch 40/90 - 14.307s
24: Epoch 40/90 - 14.307s
26: Epoch 40/90 - 14.307s
12: Epoch 40/90 - 14.307s
04: Epoch 40/90 - 14.307s
16: Epoch 40/90 - 14.307s
22: Epoch 40/90 - 14.307s
28: Epoch 40/90 - 14.307s
20: Epoch 40/90 - 14.307s
30: Epoch 40/90 - 14.307s
15: Epoch 40/90 - 14.307s
19: Epoch 40/90 - 14.307s
09: Epoch 40/90 - 14.307s
07: Epoch 40/90 - 14.307s
11: Epoch 40/90 - 14.307s
25: Epoch 40/90 - 14.307s
27: Epoch 40/90 - 14.307s
13: Epoch 40/90 - 14.307s
05: Epoch 40/90 - 14.307s
17: Epoch 40/90 - 14.307s
23: Epoch 40/90 - 14.307s
29: Epoch 40/90 - 14.307s
21: Epoch 40/90 - 14.307s
31: Epoch 40/90 - 14.307s
00: Epoch 40/90 - 14.307s
08: Epoch 41/90 - 14.613s
22: Epoch 41/90 - 14.613s
28: Epoch 41/90 - 14.613s
14: Epoch 41/90 - 14.613s
18: Epoch 41/90 - 14.613s
02: Epoch 41/90 - 14.613s
09: Epoch 41/90 - 14.613s
06: Epoch 41/90 - 14.613s
10: Epoch 41/90 - 14.613s
01: Epoch 41/90 - 14.613s
24: Epoch 41/90 - 14.613s
26: Epoch 41/90 - 14.613s
12: Epoch 41/90 - 14.613s
04: Epoch 41/90 - 14.613s
16: Epoch 41/90 - 14.613s
23: Epoch 41/90 - 14.613s
29: Epoch 41/90 - 14.613s
20: Epoch 41/90 - 14.613s
30: Epoch 41/90 - 14.613s
15: Epoch 41/90 - 14.613s
19: Epoch 41/90 - 14.613s
03: Epoch 41/90 - 14.613s
07: Epoch 41/90 - 14.613s
11: Epoch 41/90 - 14.613s
25: Epoch 41/90 - 14.613s
27: Epoch 41/90 - 14.613s
13: Epoch 41/90 - 14.613s
05: Epoch 41/90 - 14.613s
17: Epoch 41/90 - 14.613s
21: Epoch 41/90 - 14.613s
31: Epoch 41/90 - 14.613s
18: 
00: Epoch 41/90 - 14.613s
08: Epoch 42/90 - 14.596s
01: Epoch 42/90 - 14.596s
28: Epoch 42/90 - 14.596s
14: Epoch 42/90 - 14.596s
18: Epoch 42/90 - 14.595s
02: Epoch 42/90 - 14.596s
09: Epoch 42/90 - 14.596s
06: Epoch 42/90 - 14.596s
10: Epoch 42/90 - 14.596s
24: Epoch 42/90 - 14.596s
26: Epoch 42/90 - 14.596s
12: Epoch 42/90 - 14.596s
04: Epoch 42/90 - 14.596s
16: Epoch 42/90 - 14.596s
22: Epoch 42/90 - 14.596s
29: Epoch 42/90 - 14.596s
20: Epoch 42/90 - 14.596s
30: Epoch 42/90 - 14.596s
15: Epoch 42/90 - 14.596s
19: Epoch 42/90 - 14.596s
03: Epoch 42/90 - 14.596s
07: Epoch 42/90 - 14.596s
11: Epoch 42/90 - 14.596s
25: Epoch 42/90 - 14.596s
27: Epoch 42/90 - 14.596s
13: Epoch 42/90 - 14.596s
05: Epoch 42/90 - 14.596s
17: Epoch 42/90 - 14.596s
23: Epoch 42/90 - 14.596s
21: Epoch 42/90 - 14.596s
31: Epoch 42/90 - 14.596s
18: 
00: Epoch 42/90 - 14.596s
06: Epoch 43/90 - 14.258s
10: Epoch 43/90 - 14.258s
24: Epoch 43/90 - 14.258s
26: Epoch 43/90 - 14.258s
12: Epoch 43/90 - 14.258s
30: Epoch 43/90 - 14.258s
14: Epoch 43/90 - 14.258s
18: Epoch 43/90 - 14.257s
02: Epoch 43/90 - 14.258s
08: Epoch 43/90 - 14.258s
07: Epoch 43/90 - 14.258s
11: Epoch 43/90 - 14.258s
01: Epoch 43/90 - 14.258s
25: Epoch 43/90 - 14.258s
27: Epoch 43/90 - 14.258s
13: Epoch 43/90 - 14.258s
04: Epoch 43/90 - 14.258s
16: Epoch 43/90 - 14.258s
22: Epoch 43/90 - 14.258s
28: Epoch 43/90 - 14.258s
20: Epoch 43/90 - 14.258s
31: Epoch 43/90 - 14.258s
15: Epoch 43/90 - 14.258s
19: Epoch 43/90 - 14.258s
03: Epoch 43/90 - 14.258s
09: Epoch 43/90 - 14.258s
05: Epoch 43/90 - 14.258s
17: Epoch 43/90 - 14.258s
23: Epoch 43/90 - 14.258s
29: Epoch 43/90 - 14.258s
21: Epoch 43/90 - 14.258s
18: 
00: Epoch 43/90 - 14.257s
01: Epoch 44/90 - 14.127s
26: Epoch 44/90 - 14.127s
02: Epoch 44/90 - 14.127s
08: Epoch 44/90 - 14.127s
06: Epoch 44/90 - 14.127s
10: Epoch 44/90 - 14.127s
24: Epoch 44/90 - 14.127s
12: Epoch 44/90 - 14.127s
04: Epoch 44/90 - 14.127s
16: Epoch 44/90 - 14.127s
22: Epoch 44/90 - 14.127s
28: Epoch 44/90 - 14.127s
20: Epoch 44/90 - 14.127s
30: Epoch 44/90 - 14.127s
14: Epoch 44/90 - 14.127s
18: Epoch 44/90 - 14.127s
03: Epoch 44/90 - 14.127s
09: Epoch 44/90 - 14.127s
07: Epoch 44/90 - 14.127s
11: Epoch 44/90 - 14.127s
25: Epoch 44/90 - 14.127s
27: Epoch 44/90 - 14.127s
13: Epoch 44/90 - 14.127s
05: Epoch 44/90 - 14.127s
17: Epoch 44/90 - 14.127s
23: Epoch 44/90 - 14.127s
29: Epoch 44/90 - 14.127s
21: Epoch 44/90 - 14.127s
31: Epoch 44/90 - 14.127s
15: Epoch 44/90 - 14.127s
19: Epoch 44/90 - 14.127s
00: Epoch 44/90 - 14.127s
19: 
06: Epoch 45/90 - 14.300s
01: Epoch 45/90 - 14.300s
20: Epoch 45/90 - 14.300s
18: Epoch 45/90 - 14.300s
02: Epoch 45/90 - 14.300s
08: Epoch 45/90 - 14.300s
10: Epoch 45/90 - 14.300s
24: Epoch 45/90 - 14.300s
26: Epoch 45/90 - 14.300s
12: Epoch 45/90 - 14.300s
04: Epoch 45/90 - 14.300s
16: Epoch 45/90 - 14.300s
22: Epoch 45/90 - 14.300s
28: Epoch 45/90 - 14.300s
21: Epoch 45/90 - 14.300s
30: Epoch 45/90 - 14.300s
14: Epoch 45/90 - 14.300s
19: Epoch 45/90 - 14.300s
03: Epoch 45/90 - 14.300s
09: Epoch 45/90 - 14.300s
07: Epoch 45/90 - 14.300s
11: Epoch 45/90 - 14.300s
25: Epoch 45/90 - 14.300s
27: Epoch 45/90 - 14.300s
13: Epoch 45/90 - 14.300s
05: Epoch 45/90 - 14.300s
17: Epoch 45/90 - 14.300s
23: Epoch 45/90 - 14.300s
29: Epoch 45/90 - 14.300s
31: Epoch 45/90 - 14.300s
15: Epoch 45/90 - 14.300s
18: 
00: Epoch 45/90 - 14.300s
01: Epoch 46/90 - 13.801s
18: Epoch 46/90 - 13.801s
02: Epoch 46/90 - 13.801s
08: Epoch 46/90 - 13.801s
06: Epoch 46/90 - 13.801s
10: Epoch 46/90 - 13.801s
24: Epoch 46/90 - 13.801s
26: Epoch 46/90 - 13.801s
12: Epoch 46/90 - 13.801s
04: Epoch 46/90 - 13.801s
16: Epoch 46/90 - 13.801s
22: Epoch 46/90 - 13.801s
28: Epoch 46/90 - 13.801s
20: Epoch 46/90 - 13.801s
30: Epoch 46/90 - 13.801s
14: Epoch 46/90 - 13.801s
03: Epoch 46/90 - 13.801s
09: Epoch 46/90 - 13.801s
07: Epoch 46/90 - 13.801s
11: Epoch 46/90 - 13.801s
25: Epoch 46/90 - 13.801s
27: Epoch 46/90 - 13.801s
13: Epoch 46/90 - 13.801s
05: Epoch 46/90 - 13.801s
17: Epoch 46/90 - 13.801s
23: Epoch 46/90 - 13.801s
29: Epoch 46/90 - 13.801s
21: Epoch 46/90 - 13.801s
31: Epoch 46/90 - 13.801s
15: Epoch 46/90 - 13.801s
19: Epoch 46/90 - 13.801s
00: Epoch 46/90 - 13.801s
19: 
09: Epoch 47/90 - 14.407s
06: Epoch 47/90 - 14.407s
01: Epoch 47/90 - 14.407s
04: Epoch 47/90 - 14.407s
30: Epoch 47/90 - 14.407s
14: Epoch 47/90 - 14.407s
18: Epoch 47/90 - 14.407s
02: Epoch 47/90 - 14.407s
08: Epoch 47/90 - 14.407s
07: Epoch 47/90 - 14.407s
10: Epoch 47/90 - 14.407s
24: Epoch 47/90 - 14.407s
26: Epoch 47/90 - 14.407s
12: Epoch 47/90 - 14.407s
05: Epoch 47/90 - 14.407s
16: Epoch 47/90 - 14.407s
22: Epoch 47/90 - 14.407s
28: Epoch 47/90 - 14.407s
20: Epoch 47/90 - 14.407s
31: Epoch 47/90 - 14.407s
19: Epoch 47/90 - 14.407s
03: Epoch 47/90 - 14.407s
11: Epoch 47/90 - 14.407s
25: Epoch 47/90 - 14.407s
27: Epoch 47/90 - 14.407s
13: Epoch 47/90 - 14.407s
17: Epoch 47/90 - 14.407s
23: Epoch 47/90 - 14.407s
29: Epoch 47/90 - 14.407s
21: Epoch 47/90 - 14.407s
15: Epoch 47/90 - 14.407s
18: 
00: Epoch 47/90 - 14.407s
06: Epoch 48/90 - 14.450s
01: Epoch 48/90 - 14.450s
18: Epoch 48/90 - 14.450s
02: Epoch 48/90 - 14.450s
08: Epoch 48/90 - 14.450s
07: Epoch 48/90 - 14.450s
10: Epoch 48/90 - 14.450s
24: Epoch 48/90 - 14.450s
26: Epoch 48/90 - 14.450s
12: Epoch 48/90 - 14.450s
04: Epoch 48/90 - 14.450s
16: Epoch 48/90 - 14.450s
22: Epoch 48/90 - 14.450s
28: Epoch 48/90 - 14.450s
20: Epoch 48/90 - 14.450s
30: Epoch 48/90 - 14.450s
14: Epoch 48/90 - 14.450s
19: Epoch 48/90 - 14.450s
03: Epoch 48/90 - 14.450s
09: Epoch 48/90 - 14.450s
11: Epoch 48/90 - 14.450s
25: Epoch 48/90 - 14.450s
27: Epoch 48/90 - 14.450s
13: Epoch 48/90 - 14.450s
05: Epoch 48/90 - 14.450s
17: Epoch 48/90 - 14.450s
23: Epoch 48/90 - 14.450s
29: Epoch 48/90 - 14.450s
21: Epoch 48/90 - 14.450s
31: Epoch 48/90 - 14.450s
15: Epoch 48/90 - 14.450s
18: 
00: Epoch 48/90 - 14.450s
06: Epoch 49/90 - 14.599s
10: Epoch 49/90 - 14.599s
01: Epoch 49/90 - 14.599s
04: Epoch 49/90 - 14.599s
18: Epoch 49/90 - 14.599s
02: Epoch 49/90 - 14.599s
08: Epoch 49/90 - 14.599s
07: Epoch 49/90 - 14.599s
11: Epoch 49/90 - 14.599s
24: Epoch 49/90 - 14.599s
26: Epoch 49/90 - 14.599s
12: Epoch 49/90 - 14.599s
16: Epoch 49/90 - 14.599s
22: Epoch 49/90 - 14.599s
28: Epoch 49/90 - 14.599s
20: Epoch 49/90 - 14.599s
30: Epoch 49/90 - 14.599s
14: Epoch 49/90 - 14.599s
19: Epoch 49/90 - 14.599s
03: Epoch 49/90 - 14.599s
09: Epoch 49/90 - 14.599s
25: Epoch 49/90 - 14.599s
27: Epoch 49/90 - 14.599s
13: Epoch 49/90 - 14.599s
05: Epoch 49/90 - 14.599s
17: Epoch 49/90 - 14.599s
23: Epoch 49/90 - 14.599s
29: Epoch 49/90 - 14.599s
21: Epoch 49/90 - 14.599s
31: Epoch 49/90 - 14.599s
15: Epoch 49/90 - 14.599s
18: 
00: Epoch 49/90 - 14.599s
01: Epoch 50/90 - 15.515s
30: Epoch 50/90 - 15.515s
18: Epoch 50/90 - 15.515s
02: Epoch 50/90 - 15.515s
08: Epoch 50/90 - 15.515s
06: Epoch 50/90 - 15.515s
10: Epoch 50/90 - 15.515s
24: Epoch 50/90 - 15.515s
26: Epoch 50/90 - 15.515s
12: Epoch 50/90 - 15.515s
04: Epoch 50/90 - 15.515s
16: Epoch 50/90 - 15.515s
22: Epoch 50/90 - 15.515s
28: Epoch 50/90 - 15.515s
20: Epoch 50/90 - 15.515s
14: Epoch 50/90 - 15.515s
19: Epoch 50/90 - 15.515s
03: Epoch 50/90 - 15.515s
09: Epoch 50/90 - 15.515s
07: Epoch 50/90 - 15.515s
11: Epoch 50/90 - 15.515s
25: Epoch 50/90 - 15.515s
27: Epoch 50/90 - 15.515s
13: Epoch 50/90 - 15.515s
05: Epoch 50/90 - 15.515s
17: Epoch 50/90 - 15.515s
23: Epoch 50/90 - 15.515s
29: Epoch 50/90 - 15.515s
21: Epoch 50/90 - 15.515s
31: Epoch 50/90 - 15.515s
15: Epoch 50/90 - 15.515s
18: 
00: Epoch 50/90 - 15.515s
01: Epoch 51/90 - 13.733s
18: Epoch 51/90 - 13.733s
02: Epoch 51/90 - 13.733s
08: Epoch 51/90 - 13.733s
06: Epoch 51/90 - 13.733s
10: Epoch 51/90 - 13.733s
24: Epoch 51/90 - 13.733s
26: Epoch 51/90 - 13.733s
12: Epoch 51/90 - 13.733s
04: Epoch 51/90 - 13.733s
16: Epoch 51/90 - 13.733s
22: Epoch 51/90 - 13.733s
28: Epoch 51/90 - 13.733s
20: Epoch 51/90 - 13.733s
30: Epoch 51/90 - 13.733s
14: Epoch 51/90 - 13.733s
19: Epoch 51/90 - 13.733s
03: Epoch 51/90 - 13.733s
09: Epoch 51/90 - 13.733s
07: Epoch 51/90 - 13.733s
11: Epoch 51/90 - 13.733s
25: Epoch 51/90 - 13.733s
27: Epoch 51/90 - 13.733s
13: Epoch 51/90 - 13.733s
05: Epoch 51/90 - 13.733s
17: Epoch 51/90 - 13.733s
23: Epoch 51/90 - 13.733s
29: Epoch 51/90 - 13.733s
21: Epoch 51/90 - 13.733s
31: Epoch 51/90 - 13.733s
15: Epoch 51/90 - 13.733s
18: 
00: Epoch 51/90 - 13.733s
08: Epoch 52/90 - 14.204s
01: Epoch 52/90 - 14.204s
22: Epoch 52/90 - 14.204s
14: Epoch 52/90 - 14.204s
18: Epoch 52/90 - 14.204s
02: Epoch 52/90 - 14.204s
09: Epoch 52/90 - 14.204s
06: Epoch 52/90 - 14.204s
10: Epoch 52/90 - 14.204s
24: Epoch 52/90 - 14.204s
26: Epoch 52/90 - 14.204s
12: Epoch 52/90 - 14.204s
04: Epoch 52/90 - 14.204s
16: Epoch 52/90 - 14.204s
23: Epoch 52/90 - 14.204s
28: Epoch 52/90 - 14.204s
20: Epoch 52/90 - 14.204s
30: Epoch 52/90 - 14.204s
15: Epoch 52/90 - 14.204s
19: Epoch 52/90 - 14.204s
03: Epoch 52/90 - 14.204s
07: Epoch 52/90 - 14.204s
11: Epoch 52/90 - 14.204s
25: Epoch 52/90 - 14.204s
27: Epoch 52/90 - 14.204s
13: Epoch 52/90 - 14.204s
05: Epoch 52/90 - 14.204s
17: Epoch 52/90 - 14.204s
29: Epoch 52/90 - 14.204s
21: Epoch 52/90 - 14.204s
31: Epoch 52/90 - 14.204s
18: 
00: Epoch 52/90 - 14.204s
06: Epoch 53/90 - 13.259s
01: Epoch 53/90 - 13.259s
18: Epoch 53/90 - 13.259s
02: Epoch 53/90 - 13.259s
08: Epoch 53/90 - 13.259s
10: Epoch 53/90 - 13.259s
24: Epoch 53/90 - 13.259s
26: Epoch 53/90 - 13.259s
12: Epoch 53/90 - 13.259s
04: Epoch 53/90 - 13.259s
16: Epoch 53/90 - 13.259s
22: Epoch 53/90 - 13.259s
28: Epoch 53/90 - 13.259s
20: Epoch 53/90 - 13.259s
30: Epoch 53/90 - 13.259s
14: Epoch 53/90 - 13.259s
19: Epoch 53/90 - 13.259s
03: Epoch 53/90 - 13.259s
09: Epoch 53/90 - 13.259s
07: Epoch 53/90 - 13.259s
11: Epoch 53/90 - 13.259s
25: Epoch 53/90 - 13.259s
27: Epoch 53/90 - 13.259s
13: Epoch 53/90 - 13.259s
05: Epoch 53/90 - 13.259s
17: Epoch 53/90 - 13.259s
23: Epoch 53/90 - 13.259s
29: Epoch 53/90 - 13.259s
21: Epoch 53/90 - 13.259s
31: Epoch 53/90 - 13.259s
15: Epoch 53/90 - 13.259s
19: 
00: Epoch 53/90 - 13.259s
06: Epoch 54/90 - 14.387s
01: Epoch 54/90 - 14.387s
26: Epoch 54/90 - 14.387s
28: Epoch 54/90 - 14.387s
18: Epoch 54/90 - 14.387s
02: Epoch 54/90 - 14.387s
08: Epoch 54/90 - 14.387s
07: Epoch 54/90 - 14.387s
10: Epoch 54/90 - 14.387s
24: Epoch 54/90 - 14.387s
27: Epoch 54/90 - 14.387s
12: Epoch 54/90 - 14.387s
04: Epoch 54/90 - 14.387s
16: Epoch 54/90 - 14.387s
22: Epoch 54/90 - 14.387s
29: Epoch 54/90 - 14.387s
20: Epoch 54/90 - 14.387s
30: Epoch 54/90 - 14.387s
14: Epoch 54/90 - 14.387s
19: Epoch 54/90 - 14.387s
03: Epoch 54/90 - 14.387s
09: Epoch 54/90 - 14.387s
11: Epoch 54/90 - 14.387s
25: Epoch 54/90 - 14.387s
13: Epoch 54/90 - 14.387s
05: Epoch 54/90 - 14.387s
17: Epoch 54/90 - 14.387s
23: Epoch 54/90 - 14.387s
21: Epoch 54/90 - 14.387s
31: Epoch 54/90 - 14.387s
15: Epoch 54/90 - 14.387s
00: Epoch 54/90 - 14.387s
01: Epoch 55/90 - 14.900s
28: Epoch 55/90 - 14.900s
14: Epoch 55/90 - 14.900s
02: Epoch 55/90 - 14.900s
08: Epoch 55/90 - 14.900s
06: Epoch 55/90 - 14.900s
10: Epoch 55/90 - 14.900s
24: Epoch 55/90 - 14.900s
26: Epoch 55/90 - 14.900s
12: Epoch 55/90 - 14.900s
04: Epoch 55/90 - 14.900s
16: Epoch 55/90 - 14.900s
22: Epoch 55/90 - 14.900s
20: Epoch 55/90 - 14.900s
30: Epoch 55/90 - 14.900s
18: Epoch 55/90 - 14.900s
03: Epoch 55/90 - 14.900s
09: Epoch 55/90 - 14.900s
07: Epoch 55/90 - 14.900s
11: Epoch 55/90 - 14.900s
25: Epoch 55/90 - 14.900s
27: Epoch 55/90 - 14.900s
13: Epoch 55/90 - 14.900s
05: Epoch 55/90 - 14.900s
17: Epoch 55/90 - 14.900s
23: Epoch 55/90 - 14.900s
29: Epoch 55/90 - 14.900s
21: Epoch 55/90 - 14.900s
31: Epoch 55/90 - 14.900s
15: Epoch 55/90 - 14.900s
19: Epoch 55/90 - 14.900s
00: Epoch 55/90 - 14.900s
01: Epoch 56/90 - 14.171s
18: Epoch 56/90 - 14.171s
02: Epoch 56/90 - 14.171s
08: Epoch 56/90 - 14.171s
06: Epoch 56/90 - 14.171s
10: Epoch 56/90 - 14.171s
24: Epoch 56/90 - 14.171s
26: Epoch 56/90 - 14.171s
12: Epoch 56/90 - 14.171s
04: Epoch 56/90 - 14.171s
16: Epoch 56/90 - 14.171s
22: Epoch 56/90 - 14.171s
28: Epoch 56/90 - 14.171s
20: Epoch 56/90 - 14.171s
30: Epoch 56/90 - 14.171s
14: Epoch 56/90 - 14.171s
19: Epoch 56/90 - 14.171s
03: Epoch 56/90 - 14.171s
09: Epoch 56/90 - 14.171s
07: Epoch 56/90 - 14.171s
11: Epoch 56/90 - 14.171s
25: Epoch 56/90 - 14.171s
27: Epoch 56/90 - 14.171s
13: Epoch 56/90 - 14.171s
05: Epoch 56/90 - 14.171s
17: Epoch 56/90 - 14.171s
23: Epoch 56/90 - 14.171s
29: Epoch 56/90 - 14.171s
21: Epoch 56/90 - 14.171s
31: Epoch 56/90 - 14.171s
15: Epoch 56/90 - 14.171s
18: 
00: Epoch 56/90 - 14.171s
01: Epoch 57/90 - 13.885s
18: Epoch 57/90 - 13.885s
02: Epoch 57/90 - 13.885s
08: Epoch 57/90 - 13.885s
06: Epoch 57/90 - 13.885s
10: Epoch 57/90 - 13.885s
24: Epoch 57/90 - 13.885s
26: Epoch 57/90 - 13.885s
12: Epoch 57/90 - 13.885s
04: Epoch 57/90 - 13.885s
16: Epoch 57/90 - 13.885s
22: Epoch 57/90 - 13.885s
28: Epoch 57/90 - 13.885s
20: Epoch 57/90 - 13.885s
30: Epoch 57/90 - 13.885s
14: Epoch 57/90 - 13.885s
19: Epoch 57/90 - 13.885s
03: Epoch 57/90 - 13.885s
09: Epoch 57/90 - 13.885s
07: Epoch 57/90 - 13.885s
11: Epoch 57/90 - 13.885s
25: Epoch 57/90 - 13.885s
27: Epoch 57/90 - 13.885s
13: Epoch 57/90 - 13.885s
05: Epoch 57/90 - 13.885s
17: Epoch 57/90 - 13.885s
23: Epoch 57/90 - 13.885s
29: Epoch 57/90 - 13.885s
21: Epoch 57/90 - 13.885s
31: Epoch 57/90 - 13.885s
15: Epoch 57/90 - 13.885s
00: Epoch 57/90 - 13.885s
01: Epoch 58/90 - 14.122s
24: Epoch 58/90 - 14.122s
18: Epoch 58/90 - 14.122s
02: Epoch 58/90 - 14.122s
08: Epoch 58/90 - 14.122s
10: Epoch 58/90 - 14.122s
26: Epoch 58/90 - 14.122s
12: Epoch 58/90 - 14.122s
04: Epoch 58/90 - 14.122s
16: Epoch 58/90 - 14.122s
22: Epoch 58/90 - 14.122s
28: Epoch 58/90 - 14.122s
20: Epoch 58/90 - 14.122s
30: Epoch 58/90 - 14.122s
14: Epoch 58/90 - 14.122s
03: Epoch 58/90 - 14.122s
09: Epoch 58/90 - 14.122s
06: Epoch 58/90 - 14.122s
11: Epoch 58/90 - 14.122s
25: Epoch 58/90 - 14.122s
27: Epoch 58/90 - 14.122s
13: Epoch 58/90 - 14.122s
05: Epoch 58/90 - 14.122s
17: Epoch 58/90 - 14.122s
23: Epoch 58/90 - 14.122s
29: Epoch 58/90 - 14.122s
21: Epoch 58/90 - 14.122s
31: Epoch 58/90 - 14.122s
15: Epoch 58/90 - 14.122s
19: Epoch 58/90 - 14.122s
07: Epoch 58/90 - 14.122s
00: Epoch 58/90 - 14.122s
01: Epoch 59/90 - 14.018s
24: Epoch 59/90 - 14.018s
04: Epoch 59/90 - 14.018s
16: Epoch 59/90 - 14.018s
30: Epoch 59/90 - 14.018s
18: Epoch 59/90 - 14.018s
02: Epoch 59/90 - 14.018s
08: Epoch 59/90 - 14.018s
06: Epoch 59/90 - 14.018s
10: Epoch 59/90 - 14.018s
25: Epoch 59/90 - 14.018s
26: Epoch 59/90 - 14.018s
12: Epoch 59/90 - 14.018s
05: Epoch 59/90 - 14.018s
17: Epoch 59/90 - 14.018s
22: Epoch 59/90 - 14.018s
28: Epoch 59/90 - 14.018s
20: Epoch 59/90 - 14.018s
31: Epoch 59/90 - 14.018s
14: Epoch 59/90 - 14.018s
19: Epoch 59/90 - 14.018s
03: Epoch 59/90 - 14.018s
09: Epoch 59/90 - 14.018s
07: Epoch 59/90 - 14.018s
11: Epoch 59/90 - 14.018s
27: Epoch 59/90 - 14.018s
13: Epoch 59/90 - 14.018s
23: Epoch 59/90 - 14.018s
29: Epoch 59/90 - 14.018s
21: Epoch 59/90 - 14.018s
15: Epoch 59/90 - 14.018s
18: 
00: Epoch 59/90 - 14.018s
02: Epoch 60/90 - 15.132s
10: Epoch 60/90 - 15.132s
01: Epoch 60/90 - 15.132s
24: Epoch 60/90 - 15.132s
26: Epoch 60/90 - 15.132s
12: Epoch 60/90 - 15.132s
04: Epoch 60/90 - 15.132s
30: Epoch 60/90 - 15.132s
18: Epoch 60/90 - 15.132s
03: Epoch 60/90 - 15.132s
08: Epoch 60/90 - 15.132s
06: Epoch 60/90 - 15.132s
11: Epoch 60/90 - 15.132s
25: Epoch 60/90 - 15.132s
27: Epoch 60/90 - 15.132s
13: Epoch 60/90 - 15.132s
05: Epoch 60/90 - 15.132s
16: Epoch 60/90 - 15.132s
22: Epoch 60/90 - 15.132s
28: Epoch 60/90 - 15.132s
20: Epoch 60/90 - 15.132s
31: Epoch 60/90 - 15.132s
14: Epoch 60/90 - 15.132s
19: Epoch 60/90 - 15.132s
09: Epoch 60/90 - 15.132s
07: Epoch 60/90 - 15.132s
17: Epoch 60/90 - 15.132s
23: Epoch 60/90 - 15.132s
29: Epoch 60/90 - 15.132s
21: Epoch 60/90 - 15.132s
15: Epoch 60/90 - 15.132s
18: 
00: Epoch 60/90 - 15.132s
01: Epoch 61/90 - 14.496s
08: Epoch 61/90 - 14.496s
01: 
12: Epoch 61/90 - 14.496s
16: Epoch 61/90 - 14.496s
22: Epoch 61/90 - 14.496s
28: Epoch 61/90 - 14.496s
14: Epoch 61/90 - 14.496s
18: Epoch 61/90 - 14.496s
02: Epoch 61/90 - 14.496s
09: Epoch 61/90 - 14.496s
06: Epoch 61/90 - 14.496s
10: Epoch 61/90 - 14.496s
24: Epoch 61/90 - 14.496s
26: Epoch 61/90 - 14.496s
13: Epoch 61/90 - 14.496s
04: Epoch 61/90 - 14.496s
17: Epoch 61/90 - 14.496s
23: Epoch 61/90 - 14.496s
29: Epoch 61/90 - 14.496s
20: Epoch 61/90 - 14.496s
30: Epoch 61/90 - 14.496s
15: Epoch 61/90 - 14.496s
19: Epoch 61/90 - 14.496s
03: Epoch 61/90 - 14.496s
07: Epoch 61/90 - 14.496s
11: Epoch 61/90 - 14.496s
25: Epoch 61/90 - 14.496s
27: Epoch 61/90 - 14.496s
05: Epoch 61/90 - 14.496s
21: Epoch 61/90 - 14.496s
31: Epoch 61/90 - 14.496s
19: 
00: Epoch 61/90 - 14.496s
01: Epoch 62/90 - 14.411s
18: Epoch 62/90 - 14.411s
08: Epoch 62/90 - 14.411s
06: Epoch 62/90 - 14.411s
10: Epoch 62/90 - 14.411s
24: Epoch 62/90 - 14.411s
26: Epoch 62/90 - 14.411s
16: Epoch 62/90 - 14.411s
22: Epoch 62/90 - 14.411s
28: Epoch 62/90 - 14.411s
20: Epoch 62/90 - 14.411s
19: Epoch 62/90 - 14.411s
02: Epoch 62/90 - 14.411s
09: Epoch 62/90 - 14.411s
07: Epoch 62/90 - 14.411s
11: Epoch 62/90 - 14.411s
25: Epoch 62/90 - 14.411s
27: Epoch 62/90 - 14.411s
12: Epoch 62/90 - 14.411s
04: Epoch 62/90 - 14.411s
17: Epoch 62/90 - 14.411s
23: Epoch 62/90 - 14.411s
29: Epoch 62/90 - 14.411s
21: Epoch 62/90 - 14.411s
30: Epoch 62/90 - 14.411s
14: Epoch 62/90 - 14.411s
18: 
03: Epoch 62/90 - 14.411s
00: Epoch 62/90 - 14.411s
13: Epoch 62/90 - 14.411s
05: Epoch 62/90 - 14.411s
31: Epoch 62/90 - 14.411s
15: Epoch 62/90 - 14.411s
01: Epoch 63/90 - 13.563s
28: Epoch 63/90 - 13.563s
30: Epoch 63/90 - 13.563s
18: Epoch 63/90 - 13.563s
02: Epoch 63/90 - 13.563s
08: Epoch 63/90 - 13.563s
06: Epoch 63/90 - 13.563s
10: Epoch 63/90 - 13.563s
24: Epoch 63/90 - 13.563s
26: Epoch 63/90 - 13.563s
12: Epoch 63/90 - 13.563s
04: Epoch 63/90 - 13.563s
16: Epoch 63/90 - 13.563s
22: Epoch 63/90 - 13.563s
20: Epoch 63/90 - 13.563s
31: Epoch 63/90 - 13.563s
14: Epoch 63/90 - 13.563s
19: Epoch 63/90 - 13.563s
03: Epoch 63/90 - 13.563s
09: Epoch 63/90 - 13.563s
07: Epoch 63/90 - 13.563s
11: Epoch 63/90 - 13.563s
25: Epoch 63/90 - 13.563s
27: Epoch 63/90 - 13.563s
13: Epoch 63/90 - 13.563s
05: Epoch 63/90 - 13.563s
17: Epoch 63/90 - 13.563s
23: Epoch 63/90 - 13.563s
29: Epoch 63/90 - 13.563s
21: Epoch 63/90 - 13.563s
15: Epoch 63/90 - 13.563s
00: Epoch 63/90 - 13.563s
01: Epoch 64/90 - 13.454s
20: Epoch 64/90 - 13.454s
18: Epoch 64/90 - 13.454s
02: Epoch 64/90 - 13.454s
24: Epoch 64/90 - 13.454s
26: Epoch 64/90 - 13.454s
12: Epoch 64/90 - 13.454s
04: Epoch 64/90 - 13.454s
16: Epoch 64/90 - 13.454s
28: Epoch 64/90 - 13.454s
30: Epoch 64/90 - 13.454s
03: Epoch 64/90 - 13.454s
08: Epoch 64/90 - 13.454s
06: Epoch 64/90 - 13.454s
10: Epoch 64/90 - 13.454s
05: Epoch 64/90 - 13.454s
17: Epoch 64/90 - 13.454s
22: Epoch 64/90 - 13.454s
29: Epoch 64/90 - 13.454s
21: Epoch 64/90 - 13.454s
31: Epoch 64/90 - 13.454s
14: Epoch 64/90 - 13.454s
19: Epoch 64/90 - 13.454s
09: Epoch 64/90 - 13.454s
07: Epoch 64/90 - 13.454s
11: Epoch 64/90 - 13.454s
25: Epoch 64/90 - 13.454s
27: Epoch 64/90 - 13.454s
13: Epoch 64/90 - 13.454s
23: Epoch 64/90 - 13.454s
15: Epoch 64/90 - 13.454s
18: 
00: Epoch 64/90 - 13.454s
01: Epoch 65/90 - 14.341s
18: Epoch 65/90 - 14.341s
02: Epoch 65/90 - 14.341s
08: Epoch 65/90 - 14.341s
06: Epoch 65/90 - 14.341s
10: Epoch 65/90 - 14.341s
24: Epoch 65/90 - 14.341s
26: Epoch 65/90 - 14.341s
12: Epoch 65/90 - 14.341s
04: Epoch 65/90 - 14.341s
16: Epoch 65/90 - 14.341s
22: Epoch 65/90 - 14.341s
28: Epoch 65/90 - 14.341s
20: Epoch 65/90 - 14.341s
30: Epoch 65/90 - 14.341s
14: Epoch 65/90 - 14.341s
19: Epoch 65/90 - 14.341s
03: Epoch 65/90 - 14.341s
09: Epoch 65/90 - 14.341s
07: Epoch 65/90 - 14.341s
11: Epoch 65/90 - 14.341s
25: Epoch 65/90 - 14.341s
27: Epoch 65/90 - 14.341s
13: Epoch 65/90 - 14.341s
05: Epoch 65/90 - 14.341s
17: Epoch 65/90 - 14.341s
23: Epoch 65/90 - 14.341s
29: Epoch 65/90 - 14.341s
21: Epoch 65/90 - 14.341s
31: Epoch 65/90 - 14.341s
15: Epoch 65/90 - 14.341s
18: 
00: Epoch 65/90 - 14.341s
01: Epoch 66/90 - 14.218s
18: Epoch 66/90 - 14.218s
02: Epoch 66/90 - 14.218s
08: Epoch 66/90 - 14.218s
06: Epoch 66/90 - 14.218s
10: Epoch 66/90 - 14.218s
24: Epoch 66/90 - 14.218s
26: Epoch 66/90 - 14.218s
12: Epoch 66/90 - 14.218s
04: Epoch 66/90 - 14.218s
16: Epoch 66/90 - 14.218s
22: Epoch 66/90 - 14.218s
28: Epoch 66/90 - 14.218s
20: Epoch 66/90 - 14.218s
30: Epoch 66/90 - 14.218s
14: Epoch 66/90 - 14.218s
19: Epoch 66/90 - 14.218s
03: Epoch 66/90 - 14.218s
09: Epoch 66/90 - 14.218s
07: Epoch 66/90 - 14.218s
11: Epoch 66/90 - 14.218s
25: Epoch 66/90 - 14.218s
27: Epoch 66/90 - 14.218s
13: Epoch 66/90 - 14.218s
05: Epoch 66/90 - 14.218s
17: Epoch 66/90 - 14.218s
23: Epoch 66/90 - 14.218s
29: Epoch 66/90 - 14.218s
21: Epoch 66/90 - 14.218s
31: Epoch 66/90 - 14.218s
15: Epoch 66/90 - 14.218s
18: 
00: Epoch 66/90 - 14.218s
08: Epoch 67/90 - 14.813s
01: Epoch 67/90 - 14.813s
22: Epoch 67/90 - 14.813s
28: Epoch 67/90 - 14.813s
19: Epoch 67/90 - 14.813s
02: Epoch 67/90 - 14.813s
09: Epoch 67/90 - 14.813s
06: Epoch 67/90 - 14.813s
10: Epoch 67/90 - 14.813s
24: Epoch 67/90 - 14.813s
26: Epoch 67/90 - 14.813s
12: Epoch 67/90 - 14.813s
04: Epoch 67/90 - 14.813s
16: Epoch 67/90 - 14.813s
23: Epoch 67/90 - 14.813s
29: Epoch 67/90 - 14.813s
20: Epoch 67/90 - 14.813s
30: Epoch 67/90 - 14.813s
14: Epoch 67/90 - 14.813s
19: 
03: Epoch 67/90 - 14.813s
07: Epoch 67/90 - 14.813s
11: Epoch 67/90 - 14.813s
25: Epoch 67/90 - 14.813s
27: Epoch 67/90 - 14.813s
13: Epoch 67/90 - 14.813s
05: Epoch 67/90 - 14.813s
17: Epoch 67/90 - 14.813s
21: Epoch 67/90 - 14.813s
31: Epoch 67/90 - 14.813s
15: Epoch 67/90 - 14.813s
00: Epoch 67/90 - 14.813s
18: Epoch 67/90 - 14.814s
10: Epoch 68/90 - 14.568s
01: Epoch 68/90 - 14.568s
18: Epoch 68/90 - 14.567s
02: Epoch 68/90 - 14.568s
08: Epoch 68/90 - 14.568s
06: Epoch 68/90 - 14.568s
11: Epoch 68/90 - 14.568s
24: Epoch 68/90 - 14.568s
26: Epoch 68/90 - 14.568s
12: Epoch 68/90 - 14.568s
04: Epoch 68/90 - 14.568s
16: Epoch 68/90 - 14.568s
22: Epoch 68/90 - 14.568s
28: Epoch 68/90 - 14.568s
20: Epoch 68/90 - 14.568s
30: Epoch 68/90 - 14.568s
14: Epoch 68/90 - 14.568s
19: Epoch 68/90 - 14.568s
03: Epoch 68/90 - 14.568s
09: Epoch 68/90 - 14.568s
07: Epoch 68/90 - 14.568s
25: Epoch 68/90 - 14.568s
27: Epoch 68/90 - 14.568s
13: Epoch 68/90 - 14.568s
05: Epoch 68/90 - 14.568s
17: Epoch 68/90 - 14.568s
23: Epoch 68/90 - 14.568s
29: Epoch 68/90 - 14.568s
21: Epoch 68/90 - 14.568s
31: Epoch 68/90 - 14.568s
15: Epoch 68/90 - 14.568s
18: 
00: Epoch 68/90 - 14.568s
01: Epoch 69/90 - 13.819s
18: Epoch 69/90 - 13.819s
02: Epoch 69/90 - 13.819s
08: Epoch 69/90 - 13.819s
06: Epoch 69/90 - 13.819s
10: Epoch 69/90 - 13.819s
24: Epoch 69/90 - 13.819s
26: Epoch 69/90 - 13.819s
12: Epoch 69/90 - 13.819s
04: Epoch 69/90 - 13.819s
16: Epoch 69/90 - 13.819s
22: Epoch 69/90 - 13.819s
28: Epoch 69/90 - 13.819s
20: Epoch 69/90 - 13.819s
30: Epoch 69/90 - 13.819s
14: Epoch 69/90 - 13.819s
19: Epoch 69/90 - 13.819s
03: Epoch 69/90 - 13.819s
09: Epoch 69/90 - 13.819s
07: Epoch 69/90 - 13.819s
11: Epoch 69/90 - 13.819s
25: Epoch 69/90 - 13.819s
27: Epoch 69/90 - 13.819s
13: Epoch 69/90 - 13.819s
05: Epoch 69/90 - 13.819s
17: Epoch 69/90 - 13.819s
23: Epoch 69/90 - 13.819s
29: Epoch 69/90 - 13.819s
21: Epoch 69/90 - 13.819s
31: Epoch 69/90 - 13.819s
15: Epoch 69/90 - 13.819s
18: 
00: Epoch 69/90 - 13.819s
10: Epoch 70/90 - 14.519s
01: Epoch 70/90 - 14.519s
24: Epoch 70/90 - 14.519s
26: Epoch 70/90 - 14.519s
18: Epoch 70/90 - 14.519s
02: Epoch 70/90 - 14.519s
08: Epoch 70/90 - 14.519s
06: Epoch 70/90 - 14.519s
11: Epoch 70/90 - 14.519s
25: Epoch 70/90 - 14.519s
27: Epoch 70/90 - 14.519s
12: Epoch 70/90 - 14.519s
04: Epoch 70/90 - 14.519s
16: Epoch 70/90 - 14.519s
22: Epoch 70/90 - 14.519s
28: Epoch 70/90 - 14.519s
20: Epoch 70/90 - 14.519s
30: Epoch 70/90 - 14.519s
14: Epoch 70/90 - 14.519s
19: Epoch 70/90 - 14.519s
03: Epoch 70/90 - 14.519s
09: Epoch 70/90 - 14.519s
07: Epoch 70/90 - 14.519s
13: Epoch 70/90 - 14.519s
05: Epoch 70/90 - 14.519s
17: Epoch 70/90 - 14.519s
23: Epoch 70/90 - 14.519s
29: Epoch 70/90 - 14.519s
21: Epoch 70/90 - 14.519s
31: Epoch 70/90 - 14.519s
15: Epoch 70/90 - 14.519s
18: 
00: Epoch 70/90 - 14.519s
10: Epoch 71/90 - 14.948s
01: Epoch 71/90 - 14.948s
18: Epoch 71/90 - 14.948s
02: Epoch 71/90 - 14.948s
08: Epoch 71/90 - 14.948s
06: Epoch 71/90 - 14.948s
11: Epoch 71/90 - 14.948s
24: Epoch 71/90 - 14.948s
26: Epoch 71/90 - 14.948s
12: Epoch 71/90 - 14.948s
04: Epoch 71/90 - 14.948s
16: Epoch 71/90 - 14.948s
22: Epoch 71/90 - 14.948s
28: Epoch 71/90 - 14.948s
20: Epoch 71/90 - 14.948s
30: Epoch 71/90 - 14.948s
14: Epoch 71/90 - 14.948s
19: Epoch 71/90 - 14.948s
03: Epoch 71/90 - 14.948s
09: Epoch 71/90 - 14.948s
07: Epoch 71/90 - 14.948s
25: Epoch 71/90 - 14.948s
27: Epoch 71/90 - 14.948s
13: Epoch 71/90 - 14.948s
05: Epoch 71/90 - 14.948s
17: Epoch 71/90 - 14.948s
23: Epoch 71/90 - 14.948s
29: Epoch 71/90 - 14.948s
21: Epoch 71/90 - 14.948s
31: Epoch 71/90 - 14.948s
15: Epoch 71/90 - 14.948s
18: 
00: Epoch 71/90 - 14.948s
01: Epoch 72/90 - 14.195s
18: Epoch 72/90 - 14.195s
08: Epoch 72/90 - 14.195s
06: Epoch 72/90 - 14.195s
10: Epoch 72/90 - 14.195s
04: Epoch 72/90 - 14.195s
20: Epoch 72/90 - 14.195s
30: Epoch 72/90 - 14.195s
19: Epoch 72/90 - 14.195s
02: Epoch 72/90 - 14.195s
09: Epoch 72/90 - 14.195s
07: Epoch 72/90 - 14.195s
11: Epoch 72/90 - 14.195s
24: Epoch 72/90 - 14.195s
26: Epoch 72/90 - 14.195s
12: Epoch 72/90 - 14.195s
05: Epoch 72/90 - 14.195s
16: Epoch 72/90 - 14.195s
22: Epoch 72/90 - 14.195s
28: Epoch 72/90 - 14.195s
21: Epoch 72/90 - 14.195s
31: Epoch 72/90 - 14.195s
14: Epoch 72/90 - 14.195s
18: 
03: Epoch 72/90 - 14.195s
00: Epoch 72/90 - 14.195s
25: Epoch 72/90 - 14.195s
27: Epoch 72/90 - 14.195s
13: Epoch 72/90 - 14.195s
17: Epoch 72/90 - 14.195s
23: Epoch 72/90 - 14.195s
29: Epoch 72/90 - 14.195s
15: Epoch 72/90 - 14.195s
01: Epoch 73/90 - 14.072s
12: Epoch 73/90 - 14.072s
14: Epoch 73/90 - 14.072s
18: Epoch 73/90 - 14.072s
02: Epoch 73/90 - 14.072s
08: Epoch 73/90 - 14.072s
06: Epoch 73/90 - 14.072s
10: Epoch 73/90 - 14.072s
24: Epoch 73/90 - 14.072s
26: Epoch 73/90 - 14.072s
04: Epoch 73/90 - 14.072s
16: Epoch 73/90 - 14.072s
22: Epoch 73/90 - 14.072s
28: Epoch 73/90 - 14.072s
20: Epoch 73/90 - 14.072s
30: Epoch 73/90 - 14.072s
19: Epoch 73/90 - 14.072s
03: Epoch 73/90 - 14.072s
09: Epoch 73/90 - 14.072s
07: Epoch 73/90 - 14.072s
11: Epoch 73/90 - 14.072s
25: Epoch 73/90 - 14.072s
27: Epoch 73/90 - 14.072s
13: Epoch 73/90 - 14.072s
05: Epoch 73/90 - 14.072s
17: Epoch 73/90 - 14.072s
23: Epoch 73/90 - 14.072s
29: Epoch 73/90 - 14.072s
21: Epoch 73/90 - 14.072s
31: Epoch 73/90 - 14.072s
15: Epoch 73/90 - 14.072s
18: 
00: Epoch 73/90 - 14.072s
01: Epoch 74/90 - 14.390s
12: Epoch 74/90 - 14.390s
14: Epoch 74/90 - 14.390s
18: Epoch 74/90 - 14.390s
02: Epoch 74/90 - 14.390s
08: Epoch 74/90 - 14.390s
06: Epoch 74/90 - 14.390s
10: Epoch 74/90 - 14.390s
24: Epoch 74/90 - 14.390s
26: Epoch 74/90 - 14.390s
04: Epoch 74/90 - 14.390s
16: Epoch 74/90 - 14.390s
22: Epoch 74/90 - 14.390s
28: Epoch 74/90 - 14.390s
20: Epoch 74/90 - 14.390s
30: Epoch 74/90 - 14.390s
15: Epoch 74/90 - 14.390s
19: Epoch 74/90 - 14.390s
03: Epoch 74/90 - 14.390s
09: Epoch 74/90 - 14.390s
07: Epoch 74/90 - 14.390s
11: Epoch 74/90 - 14.390s
25: Epoch 74/90 - 14.390s
27: Epoch 74/90 - 14.390s
13: Epoch 74/90 - 14.390s
05: Epoch 74/90 - 14.390s
17: Epoch 74/90 - 14.390s
23: Epoch 74/90 - 14.390s
29: Epoch 74/90 - 14.390s
21: Epoch 74/90 - 14.390s
31: Epoch 74/90 - 14.390s
18: 
00: Epoch 74/90 - 14.390s
01: Epoch 75/90 - 14.587s
18: Epoch 75/90 - 14.587s
02: Epoch 75/90 - 14.587s
08: Epoch 75/90 - 14.587s
06: Epoch 75/90 - 14.587s
10: Epoch 75/90 - 14.587s
24: Epoch 75/90 - 14.587s
26: Epoch 75/90 - 14.587s
12: Epoch 75/90 - 14.587s
04: Epoch 75/90 - 14.587s
16: Epoch 75/90 - 14.587s
22: Epoch 75/90 - 14.587s
28: Epoch 75/90 - 14.587s
20: Epoch 75/90 - 14.587s
30: Epoch 75/90 - 14.587s
14: Epoch 75/90 - 14.587s
19: Epoch 75/90 - 14.587s
03: Epoch 75/90 - 14.587s
09: Epoch 75/90 - 14.587s
07: Epoch 75/90 - 14.587s
11: Epoch 75/90 - 14.587s
25: Epoch 75/90 - 14.587s
27: Epoch 75/90 - 14.587s
13: Epoch 75/90 - 14.587s
05: Epoch 75/90 - 14.587s
17: Epoch 75/90 - 14.587s
23: Epoch 75/90 - 14.587s
29: Epoch 75/90 - 14.587s
21: Epoch 75/90 - 14.587s
31: Epoch 75/90 - 14.587s
15: Epoch 75/90 - 14.587s
18: 
00: Epoch 75/90 - 14.587s
01: Epoch 76/90 - 14.389s
18: Epoch 76/90 - 14.389s
02: Epoch 76/90 - 14.389s
08: Epoch 76/90 - 14.389s
06: Epoch 76/90 - 14.389s
10: Epoch 76/90 - 14.389s
24: Epoch 76/90 - 14.389s
26: Epoch 76/90 - 14.389s
12: Epoch 76/90 - 14.389s
04: Epoch 76/90 - 14.389s
16: Epoch 76/90 - 14.389s
22: Epoch 76/90 - 14.389s
28: Epoch 76/90 - 14.389s
20: Epoch 76/90 - 14.389s
30: Epoch 76/90 - 14.389s
14: Epoch 76/90 - 14.389s
19: Epoch 76/90 - 14.389s
03: Epoch 76/90 - 14.389s
09: Epoch 76/90 - 14.389s
07: Epoch 76/90 - 14.389s
11: Epoch 76/90 - 14.389s
25: Epoch 76/90 - 14.389s
27: Epoch 76/90 - 14.389s
13: Epoch 76/90 - 14.389s
05: Epoch 76/90 - 14.389s
17: Epoch 76/90 - 14.389s
23: Epoch 76/90 - 14.389s
29: Epoch 76/90 - 14.389s
21: Epoch 76/90 - 14.389s
31: Epoch 76/90 - 14.389s
15: Epoch 76/90 - 14.389s
19: 
00: Epoch 76/90 - 14.389s
08: Epoch 77/90 - 14.182s
06: Epoch 77/90 - 14.182s
10: Epoch 77/90 - 14.182s
01: Epoch 77/90 - 14.182s
26: Epoch 77/90 - 14.182s
12: Epoch 77/90 - 14.182s
22: Epoch 77/90 - 14.182s
28: Epoch 77/90 - 14.182s
14: Epoch 77/90 - 14.182s
18: Epoch 77/90 - 14.182s
02: Epoch 77/90 - 14.182s
09: Epoch 77/90 - 14.182s
07: Epoch 77/90 - 14.182s
11: Epoch 77/90 - 14.182s
24: Epoch 77/90 - 14.182s
27: Epoch 77/90 - 14.182s
13: Epoch 77/90 - 14.182s
04: Epoch 77/90 - 14.182s
16: Epoch 77/90 - 14.182s
23: Epoch 77/90 - 14.182s
29: Epoch 77/90 - 14.182s
20: Epoch 77/90 - 14.182s
30: Epoch 77/90 - 14.182s
15: Epoch 77/90 - 14.182s
19: Epoch 77/90 - 14.181s
03: Epoch 77/90 - 14.182s
25: Epoch 77/90 - 14.182s
05: Epoch 77/90 - 14.182s
17: Epoch 77/90 - 14.182s
21: Epoch 77/90 - 14.182s
31: Epoch 77/90 - 14.182s
18: 
00: Epoch 77/90 - 14.181s
11: Epoch 78/90 - 14.452s
01: Epoch 78/90 - 14.452s
04: Epoch 78/90 - 14.452s
18: Epoch 78/90 - 14.452s
02: Epoch 78/90 - 14.452s
08: Epoch 78/90 - 14.452s
06: Epoch 78/90 - 14.452s
10: Epoch 78/90 - 14.452s
24: Epoch 78/90 - 14.452s
26: Epoch 78/90 - 14.452s
12: Epoch 78/90 - 14.452s
05: Epoch 78/90 - 14.452s
16: Epoch 78/90 - 14.452s
22: Epoch 78/90 - 14.452s
28: Epoch 78/90 - 14.452s
20: Epoch 78/90 - 14.452s
30: Epoch 78/90 - 14.452s
14: Epoch 78/90 - 14.452s
19: Epoch 78/90 - 14.452s
03: Epoch 78/90 - 14.452s
09: Epoch 78/90 - 14.452s
07: Epoch 78/90 - 14.452s
25: Epoch 78/90 - 14.452s
27: Epoch 78/90 - 14.452s
13: Epoch 78/90 - 14.452s
17: Epoch 78/90 - 14.452s
23: Epoch 78/90 - 14.452s
29: Epoch 78/90 - 14.452s
21: Epoch 78/90 - 14.452s
31: Epoch 78/90 - 14.452s
15: Epoch 78/90 - 14.452s
18: 
00: Epoch 78/90 - 14.452s
01: Epoch 79/90 - 14.542s
18: Epoch 79/90 - 14.542s
02: Epoch 79/90 - 14.542s
08: Epoch 79/90 - 14.542s
06: Epoch 79/90 - 14.542s
10: Epoch 79/90 - 14.542s
24: Epoch 79/90 - 14.542s
26: Epoch 79/90 - 14.542s
12: Epoch 79/90 - 14.542s
04: Epoch 79/90 - 14.542s
16: Epoch 79/90 - 14.542s
22: Epoch 79/90 - 14.542s
28: Epoch 79/90 - 14.542s
20: Epoch 79/90 - 14.542s
30: Epoch 79/90 - 14.542s
14: Epoch 79/90 - 14.542s
03: Epoch 79/90 - 14.542s
09: Epoch 79/90 - 14.542s
07: Epoch 79/90 - 14.542s
11: Epoch 79/90 - 14.542s
25: Epoch 79/90 - 14.542s
27: Epoch 79/90 - 14.542s
13: Epoch 79/90 - 14.542s
05: Epoch 79/90 - 14.542s
17: Epoch 79/90 - 14.542s
23: Epoch 79/90 - 14.542s
29: Epoch 79/90 - 14.542s
21: Epoch 79/90 - 14.542s
31: Epoch 79/90 - 14.542s
15: Epoch 79/90 - 14.542s
19: Epoch 79/90 - 14.542s
00: Epoch 79/90 - 14.542s
19: 
01: Epoch 80/90 - 14.531s
18: Epoch 80/90 - 14.531s
02: Epoch 80/90 - 14.531s
08: Epoch 80/90 - 14.531s
06: Epoch 80/90 - 14.531s
10: Epoch 80/90 - 14.531s
24: Epoch 80/90 - 14.531s
26: Epoch 80/90 - 14.531s
12: Epoch 80/90 - 14.531s
04: Epoch 80/90 - 14.531s
16: Epoch 80/90 - 14.531s
22: Epoch 80/90 - 14.531s
28: Epoch 80/90 - 14.531s
20: Epoch 80/90 - 14.531s
30: Epoch 80/90 - 14.531s
14: Epoch 80/90 - 14.531s
19: Epoch 80/90 - 14.530s
03: Epoch 80/90 - 14.531s
09: Epoch 80/90 - 14.531s
07: Epoch 80/90 - 14.531s
11: Epoch 80/90 - 14.531s
25: Epoch 80/90 - 14.531s
27: Epoch 80/90 - 14.531s
13: Epoch 80/90 - 14.531s
05: Epoch 80/90 - 14.531s
17: Epoch 80/90 - 14.531s
23: Epoch 80/90 - 14.531s
29: Epoch 80/90 - 14.531s
21: Epoch 80/90 - 14.531s
31: Epoch 80/90 - 14.531s
15: Epoch 80/90 - 14.531s
18: 
00: Epoch 80/90 - 14.531s
02: Epoch 81/90 - 14.454s
01: Epoch 81/90 - 14.454s
12: Epoch 81/90 - 14.454s
04: Epoch 81/90 - 14.454s
16: Epoch 81/90 - 14.454s
18: Epoch 81/90 - 14.454s
03: Epoch 81/90 - 14.454s
08: Epoch 81/90 - 14.454s
06: Epoch 81/90 - 14.454s
10: Epoch 81/90 - 14.454s
24: Epoch 81/90 - 14.454s
26: Epoch 81/90 - 14.454s
13: Epoch 81/90 - 14.454s
05: Epoch 81/90 - 14.454s
17: Epoch 81/90 - 14.454s
22: Epoch 81/90 - 14.454s
28: Epoch 81/90 - 14.454s
20: Epoch 81/90 - 14.454s
30: Epoch 81/90 - 14.454s
14: Epoch 81/90 - 14.454s
19: Epoch 81/90 - 14.454s
09: Epoch 81/90 - 14.454s
07: Epoch 81/90 - 14.454s
11: Epoch 81/90 - 14.454s
25: Epoch 81/90 - 14.454s
27: Epoch 81/90 - 14.454s
23: Epoch 81/90 - 14.454s
29: Epoch 81/90 - 14.454s
21: Epoch 81/90 - 14.454s
31: Epoch 81/90 - 14.454s
15: Epoch 81/90 - 14.454s
18: 
00: Epoch 81/90 - 14.454s
01: Epoch 82/90 - 14.786s
14: Epoch 82/90 - 14.786s
18: Epoch 82/90 - 14.786s
02: Epoch 82/90 - 14.786s
08: Epoch 82/90 - 14.786s
06: Epoch 82/90 - 14.786s
10: Epoch 82/90 - 14.786s
24: Epoch 82/90 - 14.786s
26: Epoch 82/90 - 14.786s
12: Epoch 82/90 - 14.786s
04: Epoch 82/90 - 14.786s
16: Epoch 82/90 - 14.786s
22: Epoch 82/90 - 14.786s
28: Epoch 82/90 - 14.786s
20: Epoch 82/90 - 14.786s
30: Epoch 82/90 - 14.786s
15: Epoch 82/90 - 14.786s
19: Epoch 82/90 - 14.786s
03: Epoch 82/90 - 14.786s
09: Epoch 82/90 - 14.786s
07: Epoch 82/90 - 14.786s
11: Epoch 82/90 - 14.786s
25: Epoch 82/90 - 14.786s
27: Epoch 82/90 - 14.786s
13: Epoch 82/90 - 14.786s
05: Epoch 82/90 - 14.786s
17: Epoch 82/90 - 14.786s
23: Epoch 82/90 - 14.786s
29: Epoch 82/90 - 14.786s
21: Epoch 82/90 - 14.786s
31: Epoch 82/90 - 14.786s
19: 
00: Epoch 82/90 - 14.786s
02: Epoch 83/90 - 14.576s
01: Epoch 83/90 - 14.576s
16: Epoch 83/90 - 14.576s
22: Epoch 83/90 - 14.576s
20: Epoch 83/90 - 14.576s
18: Epoch 83/90 - 14.576s
03: Epoch 83/90 - 14.576s
08: Epoch 83/90 - 14.576s
06: Epoch 83/90 - 14.576s
10: Epoch 83/90 - 14.576s
24: Epoch 83/90 - 14.576s
26: Epoch 83/90 - 14.576s
12: Epoch 83/90 - 14.576s
04: Epoch 83/90 - 14.576s
17: Epoch 83/90 - 14.576s
23: Epoch 83/90 - 14.576s
28: Epoch 83/90 - 14.576s
21: Epoch 83/90 - 14.576s
30: Epoch 83/90 - 14.576s
14: Epoch 83/90 - 14.576s
19: Epoch 83/90 - 14.576s
09: Epoch 83/90 - 14.576s
07: Epoch 83/90 - 14.576s
11: Epoch 83/90 - 14.576s
25: Epoch 83/90 - 14.576s
27: Epoch 83/90 - 14.576s
13: Epoch 83/90 - 14.576s
05: Epoch 83/90 - 14.576s
29: Epoch 83/90 - 14.576s
31: Epoch 83/90 - 14.576s
15: Epoch 83/90 - 14.576s
19: 
00: Epoch 83/90 - 14.576s
01: Epoch 84/90 - 14.211s
18: Epoch 84/90 - 14.211s
02: Epoch 84/90 - 14.211s
08: Epoch 84/90 - 14.211s
06: Epoch 84/90 - 14.211s
10: Epoch 84/90 - 14.211s
24: Epoch 84/90 - 14.211s
26: Epoch 84/90 - 14.211s
12: Epoch 84/90 - 14.211s
04: Epoch 84/90 - 14.211s
16: Epoch 84/90 - 14.211s
22: Epoch 84/90 - 14.211s
28: Epoch 84/90 - 14.211s
20: Epoch 84/90 - 14.211s
30: Epoch 84/90 - 14.211s
14: Epoch 84/90 - 14.211s
19: Epoch 84/90 - 14.211s
03: Epoch 84/90 - 14.211s
09: Epoch 84/90 - 14.211s
07: Epoch 84/90 - 14.211s
11: Epoch 84/90 - 14.211s
25: Epoch 84/90 - 14.211s
27: Epoch 84/90 - 14.211s
13: Epoch 84/90 - 14.211s
05: Epoch 84/90 - 14.211s
17: Epoch 84/90 - 14.211s
23: Epoch 84/90 - 14.211s
29: Epoch 84/90 - 14.211s
21: Epoch 84/90 - 14.211s
31: Epoch 84/90 - 14.211s
15: Epoch 84/90 - 14.211s
18: 
00: Epoch 84/90 - 14.211s
07: Epoch 85/90 - 14.397s
01: Epoch 85/90 - 14.397s
18: Epoch 85/90 - 14.397s
02: Epoch 85/90 - 14.397s
08: Epoch 85/90 - 14.397s
06: Epoch 85/90 - 14.397s
10: Epoch 85/90 - 14.397s
24: Epoch 85/90 - 14.397s
26: Epoch 85/90 - 14.397s
12: Epoch 85/90 - 14.397s
04: Epoch 85/90 - 14.397s
16: Epoch 85/90 - 14.397s
22: Epoch 85/90 - 14.397s
28: Epoch 85/90 - 14.397s
20: Epoch 85/90 - 14.397s
30: Epoch 85/90 - 14.397s
14: Epoch 85/90 - 14.397s
19: Epoch 85/90 - 14.397s
03: Epoch 85/90 - 14.397s
09: Epoch 85/90 - 14.397s
11: Epoch 85/90 - 14.397s
25: Epoch 85/90 - 14.397s
27: Epoch 85/90 - 14.397s
13: Epoch 85/90 - 14.397s
05: Epoch 85/90 - 14.397s
17: Epoch 85/90 - 14.397s
23: Epoch 85/90 - 14.397s
29: Epoch 85/90 - 14.397s
21: Epoch 85/90 - 14.397s
31: Epoch 85/90 - 14.397s
15: Epoch 85/90 - 14.397s
18: 
00: Epoch 85/90 - 14.397s
10: Epoch 86/90 - 14.200s
01: Epoch 86/90 - 14.200s
16: Epoch 86/90 - 14.200s
20: Epoch 86/90 - 14.200s
30: Epoch 86/90 - 14.200s
18: Epoch 86/90 - 14.200s
02: Epoch 86/90 - 14.200s
08: Epoch 86/90 - 14.200s
06: Epoch 86/90 - 14.200s
11: Epoch 86/90 - 14.200s
24: Epoch 86/90 - 14.200s
26: Epoch 86/90 - 14.200s
12: Epoch 86/90 - 14.200s
04: Epoch 86/90 - 14.200s
22: Epoch 86/90 - 14.200s
28: Epoch 86/90 - 14.200s
31: Epoch 86/90 - 14.200s
14: Epoch 86/90 - 14.200s
03: Epoch 86/90 - 14.200s
09: Epoch 86/90 - 14.200s
07: Epoch 86/90 - 14.200s
25: Epoch 86/90 - 14.200s
27: Epoch 86/90 - 14.200s
13: Epoch 86/90 - 14.200s
05: Epoch 86/90 - 14.200s
17: Epoch 86/90 - 14.200s
23: Epoch 86/90 - 14.200s
29: Epoch 86/90 - 14.200s
21: Epoch 86/90 - 14.200s
15: Epoch 86/90 - 14.200s
19: Epoch 86/90 - 14.200s
00: Epoch 86/90 - 14.200s
18: 
08: Epoch 87/90 - 13.807s
01: Epoch 87/90 - 13.807s
22: Epoch 87/90 - 13.807s
14: Epoch 87/90 - 13.807s
18: Epoch 87/90 - 13.807s
02: Epoch 87/90 - 13.807s
09: Epoch 87/90 - 13.807s
06: Epoch 87/90 - 13.807s
10: Epoch 87/90 - 13.807s
24: Epoch 87/90 - 13.807s
26: Epoch 87/90 - 13.807s
12: Epoch 87/90 - 13.807s
04: Epoch 87/90 - 13.807s
16: Epoch 87/90 - 13.807s
23: Epoch 87/90 - 13.807s
28: Epoch 87/90 - 13.807s
20: Epoch 87/90 - 13.807s
30: Epoch 87/90 - 13.807s
15: Epoch 87/90 - 13.807s
19: Epoch 87/90 - 13.807s
03: Epoch 87/90 - 13.807s
07: Epoch 87/90 - 13.807s
11: Epoch 87/90 - 13.807s
25: Epoch 87/90 - 13.807s
27: Epoch 87/90 - 13.807s
13: Epoch 87/90 - 13.807s
05: Epoch 87/90 - 13.807s
17: Epoch 87/90 - 13.807s
29: Epoch 87/90 - 13.807s
21: Epoch 87/90 - 13.807s
31: Epoch 87/90 - 13.807s
18: 
00: Epoch 87/90 - 13.807s
01: Epoch 88/90 - 13.627s
18: Epoch 88/90 - 13.626s
02: Epoch 88/90 - 13.627s
08: Epoch 88/90 - 13.627s
06: Epoch 88/90 - 13.627s
10: Epoch 88/90 - 13.627s
24: Epoch 88/90 - 13.627s
26: Epoch 88/90 - 13.627s
12: Epoch 88/90 - 13.627s
04: Epoch 88/90 - 13.627s
16: Epoch 88/90 - 13.627s
22: Epoch 88/90 - 13.627s
28: Epoch 88/90 - 13.627s
20: Epoch 88/90 - 13.627s
30: Epoch 88/90 - 13.627s
14: Epoch 88/90 - 13.627s
19: Epoch 88/90 - 13.627s
03: Epoch 88/90 - 13.627s
09: Epoch 88/90 - 13.627s
07: Epoch 88/90 - 13.627s
11: Epoch 88/90 - 13.627s
25: Epoch 88/90 - 13.627s
27: Epoch 88/90 - 13.627s
13: Epoch 88/90 - 13.627s
05: Epoch 88/90 - 13.627s
17: Epoch 88/90 - 13.627s
23: Epoch 88/90 - 13.627s
29: Epoch 88/90 - 13.627s
21: Epoch 88/90 - 13.627s
31: Epoch 88/90 - 13.627s
15: Epoch 88/90 - 13.627s
18: 
00: Epoch 88/90 - 13.627s
07: Epoch 89/90 - 13.574s
07: Steps per epoch: 13
07: Validation steps per epoch: 79
01: Epoch 89/90 - 13.574s
01: Steps per epoch: 13
01: Validation steps per epoch: 79
18: Epoch 89/90 - 13.574s
02: Epoch 89/90 - 13.574s
02: Steps per epoch: 13
02: Validation steps per epoch: 79
08: Epoch 89/90 - 13.574s
08: Steps per epoch: 13
08: Validation steps per epoch: 79
06: Epoch 89/90 - 13.574s
06: Steps per epoch: 13
10: Epoch 89/90 - 13.574s
10: Steps per epoch: 13
10: Validation steps per epoch: 79
24: Epoch 89/90 - 13.574s
24: Steps per epoch: 13
24: Validation steps per epoch: 79
26: Epoch 89/90 - 13.574s
26: Steps per epoch: 13
26: Validation steps per epoch: 79
12: Epoch 89/90 - 13.574s
12: Steps per epoch: 13
12: Validation steps per epoch: 79
04: Epoch 89/90 - 13.574s
04: Steps per epoch: 13
04: Validation steps per epoch: 79
16: Epoch 89/90 - 13.574s
16: Steps per epoch: 13
16: Validation steps per epoch: 79
22: Epoch 89/90 - 13.574s
22: Steps per epoch: 13
22: Validation steps per epoch: 79
28: Epoch 89/90 - 13.574s
28: Steps per epoch: 13
28: Validation steps per epoch: 79
20: Epoch 89/90 - 13.574s
20: Steps per epoch: 13
20: Validation steps per epoch: 79
30: Epoch 89/90 - 13.574s
30: Steps per epoch: 13
30: Validation steps per epoch: 79
14: Epoch 89/90 - 13.574s
14: Steps per epoch: 13
14: Validation steps per epoch: 79
03: Epoch 89/90 - 13.574s
03: Steps per epoch: 13
03: Validation steps per epoch: 79
09: Epoch 89/90 - 13.574s
09: Steps per epoch: 13
09: Validation steps per epoch: 79
07: 
11: Epoch 89/90 - 13.574s
11: Steps per epoch: 13
11: Validation steps per epoch: 79
25: Epoch 89/90 - 13.574s
25: Steps per epoch: 13
25: Validation steps per epoch: 79
27: Epoch 89/90 - 13.574s
27: Steps per epoch: 13
27: Validation steps per epoch: 79
13: Epoch 89/90 - 13.574s
13: Steps per epoch: 13
13: Validation steps per epoch: 79
05: Epoch 89/90 - 13.574s
05: Steps per epoch: 13
05: Validation steps per epoch: 79
17: Epoch 89/90 - 13.574s
17: Steps per epoch: 13
17: Validation steps per epoch: 79
23: Epoch 89/90 - 13.574s
23: Steps per epoch: 13
23: Validation steps per epoch: 79
29: Epoch 89/90 - 13.574s
29: Steps per epoch: 13
29: Validation steps per epoch: 79
21: Epoch 89/90 - 13.574s
21: Steps per epoch: 13
21: Validation steps per epoch: 79
31: Epoch 89/90 - 13.574s
31: Steps per epoch: 13
31: Validation steps per epoch: 79
15: Epoch 89/90 - 13.574s
15: Steps per epoch: 13
15: Validation steps per epoch: 79
19: Epoch 89/90 - 13.574s
02: Average time per epoch: 14.395 s
08: Average time per epoch: 14.395 s
06: Validation steps per epoch: 79
10: Average time per epoch: 14.394 s
01: Average time per epoch: 14.395 s
24: Average time per epoch: 14.394 s
26: Average time per epoch: 14.394 s
12: Average time per epoch: 14.394 s
04: Average time per epoch: 14.395 s
16: Average time per epoch: 14.394 s
22: Average time per epoch: 14.394 s
28: 
21: Average time per epoch: 14.394 s
30: Average time per epoch: 14.394 s
14: Average time per epoch: 14.394 s
18: Steps per epoch: 13
18: Validation steps per epoch: 79
03: Average time per epoch: 14.395 s
09: Average time per epoch: 14.394 s
07: Average time per epoch: 14.395 s
11: Average time per epoch: 14.394 s
25: Average time per epoch: 14.394 s
27: Average time per epoch: 14.394 s
13: Average time per epoch: 14.394 s
05: Average time per epoch: 14.395 s
17: Average time per epoch: 14.394 s
23: Average time per epoch: 14.394 s
28: Average time per epoch: 14.394 s
20: Average time per epoch: 14.394 s
31: Average time per epoch: 14.394 s
15: Average time per epoch: 14.394 s
19: 
06: Average time per epoch: 14.395 s
00: Epoch 89/90 - 13.574s
29: Average time per epoch: 14.394 s
19: Steps per epoch: 13
00: Steps per epoch: 13
00: Validation steps per epoch: 79
18: Average time per epoch: 14.394 s
00: 
19: 
19: Validation steps per epoch: 79
00: Average time per epoch: 14.395 s
18: 
08: --- 1301.2267570495605 seconds ---
27: --- 1309.0311188697815 seconds ---
20: --- 1309.2398760318756 seconds ---
31: --- 1309.0010204315186 seconds ---
14: --- 1309.2933926582336 seconds ---
19: Average time per epoch: 14.394 s
10: --- 1301.2189514636993 seconds ---
25: --- 1309.2758271694183 seconds ---
26: --- 1308.9850385189056 seconds ---
19: 
06: --- 1301.2147073745728 seconds ---
11: --- 1301.2189564704895 seconds ---
24: --- 1309.2711288928986 seconds ---
13: --- 1309.2490484714508 seconds ---
23: --- 1308.978001832962 seconds ---
28: --- 1309.2873146533966 seconds ---
30: --- 1309.0005428791046 seconds ---
15: --- 1309.292528629303 seconds ---
18: --- 1308.999915599823 seconds ---
03: --- 1301.2144424915314 seconds ---
01: --- 1301.2139792442322 seconds ---
12: --- 1309.246325969696 seconds ---
04: --- 1301.2144577503204 seconds ---
22: --- 1308.976431131363 seconds ---
29: --- 1309.2861678600311 seconds ---
18: 
02: --- 1301.214509010315 seconds ---
05: --- 1301.2146441936493 seconds ---
16: --- 1309.313814163208 seconds ---
19: --- 1308.6152946949005 seconds ---
17: --- 1309.3148081302643 seconds ---
19: 
07: --- 1301.2152333259583 seconds ---
00: --- 1301.2149999141693 seconds ---
09: --- 1301.2305092811584 seconds ---
21: --- 1309.2428092956543 seconds ---
ELAPSED: 1310 seconds
End at Wed Feb 10 00:54:32 EET 2021
