0: 2021-02-15 22:25:10.082239: I tensorflow/stream_executor/platform/default/dso_loader.cc:48] Successfully opened dynamic library libcudart.so.10.1
0: 2021-02-15 22:25:23.838064: I tensorflow/stream_executor/platform/default/dso_loader.cc:48] Successfully opened dynamic library libcuda.so.1
0: 2021-02-15 22:25:23.862089: I tensorflow/core/common_runtime/gpu/gpu_device.cc:1716] Found device 0 with properties: 
0: pciBusID: 0000:04:00.0 name: Tesla K40m computeCapability: 3.5
0: coreClock: 0.8755GHz coreCount: 15 deviceMemorySize: 11.17GiB deviceMemoryBandwidth: 268.58GiB/s
0: 2021-02-15 22:25:23.862117: I tensorflow/stream_executor/platform/default/dso_loader.cc:48] Successfully opened dynamic library libcudart.so.10.1
0: 2021-02-15 22:25:24.214299: I tensorflow/stream_executor/platform/default/dso_loader.cc:48] Successfully opened dynamic library libcublas.so.10
0: 2021-02-15 22:25:24.260346: I tensorflow/stream_executor/platform/default/dso_loader.cc:48] Successfully opened dynamic library libcufft.so.10
0: 2021-02-15 22:25:24.275530: I tensorflow/stream_executor/platform/default/dso_loader.cc:48] Successfully opened dynamic library libcurand.so.10
0: 2021-02-15 22:25:24.412988: I tensorflow/stream_executor/platform/default/dso_loader.cc:48] Successfully opened dynamic library libcusolver.so.10
0: 2021-02-15 22:25:24.452990: I tensorflow/stream_executor/platform/default/dso_loader.cc:48] Successfully opened dynamic library libcusparse.so.10
0: 2021-02-15 22:25:24.518831: I tensorflow/stream_executor/platform/default/dso_loader.cc:48] Successfully opened dynamic library libcudnn.so.7
0: 2021-02-15 22:25:24.522815: I tensorflow/core/common_runtime/gpu/gpu_device.cc:1858] Adding visible gpu devices: 0
0: 2021-02-15 22:25:26.662135: I tensorflow/core/platform/cpu_feature_guard.cc:142] This TensorFlow binary is optimized with oneAPI Deep Neural Network Library (oneDNN)to use the following CPU instructions in performance-critical operations:  SSE3 SSE4.1 SSE4.2 AVX AVX2 FMA
0: To enable them in other operations, rebuild TensorFlow with the appropriate compiler flags.
0: 2021-02-15 22:25:26.680045: I tensorflow/core/platform/profile_utils/cpu_utils.cc:104] CPU Frequency: 2600025000 Hz
0: 2021-02-15 22:25:26.683459: I tensorflow/compiler/xla/service/service.cc:168] XLA service 0x5f93ec0 initialized for platform Host (this does not guarantee that XLA will be used). Devices:
0: 2021-02-15 22:25:26.683488: I tensorflow/compiler/xla/service/service.cc:176]   StreamExecutor device (0): Host, Default Version
0: 2021-02-15 22:25:26.771892: I tensorflow/compiler/xla/service/service.cc:168] XLA service 0x6000070 initialized for platform CUDA (this does not guarantee that XLA will be used). Devices:
0: 2021-02-15 22:25:26.771935: I tensorflow/compiler/xla/service/service.cc:176]   StreamExecutor device (0): Tesla K40m, Compute Capability 3.5
0: 2021-02-15 22:25:26.777157: I tensorflow/core/common_runtime/gpu/gpu_device.cc:1716] Found device 0 with properties: 
0: pciBusID: 0000:04:00.0 name: Tesla K40m computeCapability: 3.5
0: coreClock: 0.8755GHz coreCount: 15 deviceMemorySize: 11.17GiB deviceMemoryBandwidth: 268.58GiB/s
0: 2021-02-15 22:25:26.777218: I tensorflow/stream_executor/platform/default/dso_loader.cc:48] Successfully opened dynamic library libcudart.so.10.1
0: 2021-02-15 22:25:26.777262: I tensorflow/stream_executor/platform/default/dso_loader.cc:48] Successfully opened dynamic library libcublas.so.10
0: 2021-02-15 22:25:26.777291: I tensorflow/stream_executor/platform/default/dso_loader.cc:48] Successfully opened dynamic library libcufft.so.10
0: 2021-02-15 22:25:26.777328: I tensorflow/stream_executor/platform/default/dso_loader.cc:48] Successfully opened dynamic library libcurand.so.10
0: 2021-02-15 22:25:26.777358: I tensorflow/stream_executor/platform/default/dso_loader.cc:48] Successfully opened dynamic library libcusolver.so.10
0: 2021-02-15 22:25:26.777385: I tensorflow/stream_executor/platform/default/dso_loader.cc:48] Successfully opened dynamic library libcusparse.so.10
0: 2021-02-15 22:25:26.777413: I tensorflow/stream_executor/platform/default/dso_loader.cc:48] Successfully opened dynamic library libcudnn.so.7
0: 2021-02-15 22:25:26.782080: I tensorflow/core/common_runtime/gpu/gpu_device.cc:1858] Adding visible gpu devices: 0
0: 2021-02-15 22:25:26.782251: I tensorflow/stream_executor/platform/default/dso_loader.cc:48] Successfully opened dynamic library libcudart.so.10.1
0: 2021-02-15 22:25:27.596233: I tensorflow/core/common_runtime/gpu/gpu_device.cc:1257] Device interconnect StreamExecutor with strength 1 edge matrix:
0: 2021-02-15 22:25:27.596276: I tensorflow/core/common_runtime/gpu/gpu_device.cc:1263]      0 
0: 2021-02-15 22:25:27.596304: I tensorflow/core/common_runtime/gpu/gpu_device.cc:1276] 0:   N 
0: 2021-02-15 22:25:27.599305: I tensorflow/core/common_runtime/gpu/gpu_device.cc:1402] Created TensorFlow device (/job:localhost/replica:0/task:0/device:GPU:0 with 10462 MB memory) -> physical GPU (device: 0, name: Tesla K40m, pci bus id: 0000:04:00.0, compute capability: 3.5)
0: 2021-02-15 22:25:41.526179: I tensorflow/stream_executor/platform/default/dso_loader.cc:48] Successfully opened dynamic library libcublas.so.10
0: 2021-02-15 22:25:41.875735: I tensorflow/stream_executor/platform/default/dso_loader.cc:48] Successfully opened dynamic library libcudnn.so.7
0: WARNING:tensorflow:Callbacks method `on_train_batch_end` is slow compared to the batch time (batch time: 0.3294s vs `on_train_batch_end` time: 0.8213s). Check your callbacks.
