WORKERS: "gpu06-ib:5555"
Start at Sun Feb  7 12:29:00 EET 2021
CUDA_VISIBLE_DEVICES: 1
Running on hosts: gpu06
Running on 1 nodes.
Running 1 tasks per node
Job id is 1090291
0: Number of devices per node: 1
0: rank 0
0: => creating model 'resnet50'
0: Epoch: [0][  0/196]	6.902089595794678	0.09429144859313965	7.190257549285889	0.0
0: Epoch: [0][  0/196]	0.8296254873275757	0.07261629402637482	4.21322774887085	10.120738297700882
0: Epoch: [0][  0/196]	0.5420190095901489	0.0711759626865387	4.894294738769531	11.34672611951828
0: Epoch: [0][  0/196]	0.4399799108505249	0.07070405036211014	4.430170059204102	11.983367055654526
0: Epoch: [0][  0/196]	0.3877304494380951	0.07045037299394608	4.061898708343506	13.300305604934692
0: Epoch: [0][  0/196]	0.35549136996269226	0.07128945738077164	3.794692277908325	14.797794818878174
0: Epoch: [0][  0/196]	0.3342083692550659	0.07101880013942719	3.6058661937713623	16.303791105747223
0: Epoch: [0][  0/196]	0.31892630457878113	0.07082957029342651	3.4302990436553955	17.710167169570923
0: Epoch: [0][  0/196]	0.30742719769477844	0.07067053765058517	3.279370069503784	19.111689925193787
0: Epoch: [0][  0/196]	0.29845449328422546	0.07056144624948502	3.1548266410827637	20.376889407634735
0: Epoch: [0][  0/196]	0.29127684235572815	0.07047104835510254	3.0566134452819824	21.391552686691284
0: Epoch: [0][  0/196]	0.28535306453704834	0.07040201127529144	2.9863014221191406	22.237472236156464
0: Epoch: [0][  0/196]	0.2804376780986786	0.07034073024988174	2.914975643157959	23.03719073534012
0: Epoch: [0][  0/196]	0.2762514352798462	0.07028678804636002	2.8587913513183594	23.72376024723053
0: Epoch: [0][  0/196]	0.272655725479126	0.07024728506803513	2.8152427673339844	24.52903389930725
0: Epoch: [0][  0/196]	0.26954394578933716	0.07020966708660126	2.785642147064209	25.007760524749756
0: Epoch: [0][  0/196]	0.2668156325817108	0.07017277926206589	2.7424254417419434	25.53134560585022
0: Epoch: [0][  0/196]	0.26440566778182983	0.07014843076467514	2.7109742164611816	26.016539335250854
0: Epoch: [0][  0/196]	0.2622852325439453	0.07012376934289932	2.68229341506958	26.545235514640808
0: Epoch: [0][  0/196]	0.26037436723709106	0.07010620087385178	2.6498138904571533	27.12900936603546
0: Epoch 0/1 - 60.194s
0: Steps per epoch: 196
0: Validation steps per epoch: 40
0: Average time per epoch: 60.194 s
0: --- 63.445863485336304 seconds ---
ELAPSED: 65 seconds
End at Sun Feb  7 12:30:05 EET 2021
