WORKERS: "gpu01-ib:5555","gpu02-ib:5555","gpu03-ib:5555","gpu04-ib:5555","gpu05-ib:5555","gpu06-ib:5555","gpu07-ib:5555","gpu08-ib:5555"
Start at Tue Feb  9 20:25:05 EET 2021
CUDA_VISIBLE_DEVICES: 0,1
Running on hosts: gpu[01-08]
Running on 8 nodes.
Running 2 tasks per node
Job id is 1092184
08: Number of devices per node: 2
00: Number of devices per node: 2
13: Number of devices per node: 2
07: Number of devices per node: 2
04: Number of devices per node: 2
10: Number of devices per node: 2
14: Number of devices per node: 2
02: Number of devices per node: 2
09: Number of devices per node: 2
01: Number of devices per node: 2
12: Number of devices per node: 2
06: Number of devices per node: 2
05: Number of devices per node: 2
11: Number of devices per node: 2
11: 
15: Number of devices per node: 2
03: Number of devices per node: 2
00: rank 0
00: 
11: rank 11
06: rank 6
07: rank 7
10: rank 10
11: 
07: 
05: rank 5
03: rank 3
01: rank 1
09: rank 9
03: 
12: rank 12
02: rank 2
04: rank 
08: rank 
04: 4
08: 8
15: rank 15
14: rank 14
13: rank 13
10: => creating model 'resnet50'
12: => creating model 'resnet50'
03: => creating model 'resnet50'
15: => creating model 'resnet50'
11: => creating model 'resnet50'
14: => creating model 'resnet50'
02: => creating model 'resnet50'
13: => creating model 'resnet50'
05: => creating model 'resnet50'
04: => creating model 'resnet50'
00: => creating model 'resnet50'
06: => creating model 'resnet50'
01: => creating model 'resnet50'
07: => creating model 'resnet50'
08: => creating model 'resnet50'
09: => creating model 'resnet50'
10: Epoch 0/90 - 29.803s
04: Epoch 0/90 - 29.813s
08: Epoch 0/90 - 29.809s
02: Epoch 0/90 - 29.814s
12: Epoch 0/90 - 29.803s
14: Epoch 0/90 - 29.803s
01: Epoch 0/90 - 29.815s
13: Epoch 0/90 - 29.803s
11: Epoch 0/90 - 29.803s
05: Epoch 0/90 - 29.812s
09: Epoch 0/90 - 29.803s
15: Epoch 0/90 - 29.803s
03: Epoch 0/90 - 29.813s
06: Epoch 0/90 - 29.812s
00: Epoch 0/90 - 29.818s
07: Epoch 0/90 - 29.809s
01: Epoch 1/90 - 23.274s
10: Epoch 1/90 - 23.274s
04: Epoch 1/90 - 23.274s
08: Epoch 1/90 - 23.274s
14: Epoch 1/90 - 23.274s
02: Epoch 1/90 - 23.274s
12: Epoch 1/90 - 23.274s
06: Epoch 1/90 - 23.274s
11: Epoch 1/90 - 23.274s
05: Epoch 1/90 - 23.274s
09: Epoch 1/90 - 23.274s
15: Epoch 1/90 - 23.274s
03: Epoch 1/90 - 23.274s
13: Epoch 1/90 - 23.274s
07: Epoch 1/90 - 23.274s
00: Epoch 1/90 - 23.274s
14: Epoch 2/90 - 21.940s
01: Epoch 2/90 - 21.940s
10: Epoch 2/90 - 21.940s
04: Epoch 2/90 - 21.940s
08: Epoch 2/90 - 21.940s
02: Epoch 2/90 - 21.940s
12: Epoch 2/90 - 21.940s
06: Epoch 2/90 - 21.940s
11: Epoch 2/90 - 21.940s
05: Epoch 2/90 - 21.940s
09: Epoch 2/90 - 21.940s
15: Epoch 2/90 - 21.940s
03: Epoch 2/90 - 21.940s
13: Epoch 2/90 - 21.940s
07: Epoch 2/90 - 21.940s
00: Epoch 2/90 - 21.940s
01: Epoch 3/90 - 21.684s
10: Epoch 3/90 - 21.684s
04: Epoch 3/90 - 21.684s
08: Epoch 3/90 - 21.684s
14: Epoch 3/90 - 21.684s
02: Epoch 3/90 - 21.684s
12: Epoch 3/90 - 21.684s
06: Epoch 3/90 - 21.684s
11: Epoch 3/90 - 21.684s
05: Epoch 3/90 - 21.684s
09: Epoch 3/90 - 21.684s
15: Epoch 3/90 - 21.684s
03: Epoch 3/90 - 21.684s
13: Epoch 3/90 - 21.684s
07: Epoch 3/90 - 21.684s
00: Epoch 3/90 - 21.684s
01: Epoch 4/90 - 21.800s
10: Epoch 4/90 - 21.800s
04: Epoch 4/90 - 21.800s
08: Epoch 4/90 - 21.800s
14: Epoch 4/90 - 21.800s
02: Epoch 4/90 - 21.800s
12: Epoch 4/90 - 21.800s
06: Epoch 4/90 - 21.800s
11: Epoch 4/90 - 21.800s
05: Epoch 4/90 - 21.800s
09: Epoch 4/90 - 21.800s
15: Epoch 4/90 - 21.800s
03: Epoch 4/90 - 21.800s
13: Epoch 4/90 - 21.800s
07: Epoch 4/90 - 21.800s
00: Epoch 4/90 - 21.800s
01: Epoch 5/90 - 22.116s
10: Epoch 5/90 - 22.116s
04: Epoch 5/90 - 22.116s
08: Epoch 5/90 - 22.116s
02: Epoch 5/90 - 22.116s
06: Epoch 5/90 - 22.116s
11: Epoch 5/90 - 22.116s
05: Epoch 5/90 - 22.116s
09: Epoch 5/90 - 22.116s
14: Epoch 5/90 - 22.116s
03: Epoch 5/90 - 22.116s
12: Epoch 5/90 - 22.116s
07: Epoch 5/90 - 22.116s
15: Epoch 5/90 - 22.116s
00: Epoch 5/90 - 22.116s
13: Epoch 5/90 - 22.116s
01: Epoch 6/90 - 22.422s
14: Epoch 6/90 - 22.422s
10: Epoch 6/90 - 22.422s
04: Epoch 6/90 - 22.422s
08: Epoch 6/90 - 22.422s
15: Epoch 6/90 - 22.422s
02: Epoch 6/90 - 22.422s
12: Epoch 6/90 - 22.422s
06: Epoch 6/90 - 22.422s
11: Epoch 6/90 - 22.422s
05: Epoch 6/90 - 22.422s
09: Epoch 6/90 - 22.422s
03: Epoch 6/90 - 22.422s
13: Epoch 6/90 - 22.422s
07: Epoch 6/90 - 22.422s
00: Epoch 6/90 - 22.422s
01: Epoch 7/90 - 22.009s
10: Epoch 7/90 - 22.009s
12: Epoch 7/90 - 22.009s
11: Epoch 7/90 - 22.009s
04: Epoch 7/90 - 22.009s
08: Epoch 7/90 - 22.009s
14: Epoch 7/90 - 22.009s
02: Epoch 7/90 - 22.009s
13: Epoch 7/90 - 22.009s
06: Epoch 7/90 - 22.009s
05: Epoch 7/90 - 22.009s
09: Epoch 7/90 - 22.009s
15: Epoch 7/90 - 22.008s
03: Epoch 7/90 - 22.009s
07: Epoch 7/90 - 22.009s
00: Epoch 7/90 - 22.009s
10: Epoch 8/90 - 22.213s
01: Epoch 8/90 - 22.213s
02: Epoch 8/90 - 22.213s
04: Epoch 8/90 - 22.213s
08: Epoch 8/90 - 22.213s
14: Epoch 8/90 - 22.213s
12: Epoch 8/90 - 22.213s
06: Epoch 8/90 - 22.213s
11: Epoch 8/90 - 22.213s
05: Epoch 8/90 - 22.213s
09: Epoch 8/90 - 22.213s
15: Epoch 8/90 - 22.213s
03: Epoch 8/90 - 22.213s
13: Epoch 8/90 - 22.213s
07: Epoch 8/90 - 22.213s
00: Epoch 8/90 - 22.213s
01: Epoch 9/90 - 22.504s
10: Epoch 9/90 - 22.504s
04: Epoch 9/90 - 22.504s
08: Epoch 9/90 - 22.504s
15: Epoch 9/90 - 22.504s
02: Epoch 9/90 - 22.504s
12: Epoch 9/90 - 22.504s
06: Epoch 9/90 - 22.504s
11: Epoch 9/90 - 22.504s
05: Epoch 9/90 - 22.504s
09: Epoch 9/90 - 22.504s
14: Epoch 9/90 - 22.504s
03: Epoch 9/90 - 22.504s
13: Epoch 9/90 - 22.504s
07: Epoch 9/90 - 22.504s
00: Epoch 9/90 - 22.504s
01: Epoch 10/90 - 21.795s
10: Epoch 10/90 - 21.795s
04: Epoch 10/90 - 21.795s
08: Epoch 10/90 - 21.795s
14: Epoch 10/90 - 21.795s
12: Epoch 10/90 - 21.795s
06: Epoch 10/90 - 21.795s
11: Epoch 10/90 - 21.795s
05: Epoch 10/90 - 21.795s
09: Epoch 10/90 - 21.795s
15: Epoch 10/90 - 21.795s
02: Epoch 10/90 - 21.795s
13: Epoch 10/90 - 21.795s
07: Epoch 10/90 - 21.795s
00: Epoch 10/90 - 21.795s
03: Epoch 10/90 - 21.795s
01: Epoch 11/90 - 21.947s
10: Epoch 11/90 - 21.947s
04: Epoch 11/90 - 21.947s
08: Epoch 11/90 - 21.947s
14: Epoch 11/90 - 21.947s
02: Epoch 11/90 - 21.947s
12: Epoch 11/90 - 21.947s
06: Epoch 11/90 - 21.947s
11: Epoch 11/90 - 21.947s
05: Epoch 11/90 - 21.947s
09: Epoch 11/90 - 21.947s
15: Epoch 11/90 - 21.947s
03: Epoch 11/90 - 21.947s
13: Epoch 11/90 - 21.947s
07: Epoch 11/90 - 21.947s
00: Epoch 11/90 - 21.947s
01: Epoch 12/90 - 22.092s
10: Epoch 12/90 - 22.092s
04: Epoch 12/90 - 22.092s
08: Epoch 12/90 - 22.092s
14: Epoch 12/90 - 22.092s
02: Epoch 12/90 - 22.092s
12: Epoch 12/90 - 22.092s
06: Epoch 12/90 - 22.092s
11: Epoch 12/90 - 22.092s
05: Epoch 12/90 - 22.092s
09: Epoch 12/90 - 22.092s
15: Epoch 12/90 - 22.092s
03: Epoch 12/90 - 22.092s
13: Epoch 12/90 - 22.092s
07: Epoch 12/90 - 22.092s
00: Epoch 12/90 - 22.092s
01: Epoch 13/90 - 21.959s
02: Epoch 13/90 - 21.959s
10: Epoch 13/90 - 21.960s
04: Epoch 13/90 - 21.959s
08: Epoch 13/90 - 21.959s
14: Epoch 13/90 - 21.959s
12: Epoch 13/90 - 21.959s
06: Epoch 13/90 - 21.959s
11: Epoch 13/90 - 21.959s
05: Epoch 13/90 - 21.959s
09: Epoch 13/90 - 21.959s
15: Epoch 13/90 - 21.959s
03: Epoch 13/90 - 21.959s
13: Epoch 13/90 - 21.959s
07: Epoch 13/90 - 21.959s
00: Epoch 13/90 - 21.959s
01: Epoch 14/90 - 22.154s
10: Epoch 14/90 - 22.154s
04: Epoch 14/90 - 22.154s
08: Epoch 14/90 - 22.154s
14: Epoch 14/90 - 22.154s
02: Epoch 14/90 - 22.154s
12: Epoch 14/90 - 22.154s
06: Epoch 14/90 - 22.154s
11: Epoch 14/90 - 22.154s
05: Epoch 14/90 - 22.154s
09: Epoch 14/90 - 22.154s
15: Epoch 14/90 - 22.154s
03: Epoch 14/90 - 22.154s
13: Epoch 14/90 - 22.154s
07: Epoch 14/90 - 22.154s
00: Epoch 14/90 - 22.154s
01: Epoch 15/90 - 22.047s
06: Epoch 15/90 - 22.047s
10: Epoch 15/90 - 22.047s
04: Epoch 15/90 - 22.047s
08: Epoch 15/90 - 22.047s
14: Epoch 15/90 - 22.047s
02: Epoch 15/90 - 22.047s
12: Epoch 15/90 - 22.047s
11: Epoch 15/90 - 22.047s
05: Epoch 15/90 - 22.047s
09: Epoch 15/90 - 22.047s
15: Epoch 15/90 - 22.047s
03: Epoch 15/90 - 22.047s
13: Epoch 15/90 - 22.047s
07: Epoch 15/90 - 22.047s
00: Epoch 15/90 - 22.047s
01: Epoch 16/90 - 22.049s
10: Epoch 16/90 - 22.049s
04: Epoch 16/90 - 22.049s
08: Epoch 16/90 - 22.049s
14: Epoch 16/90 - 22.049s
02: Epoch 16/90 - 22.049s
12: Epoch 16/90 - 22.049s
06: Epoch 16/90 - 22.049s
11: Epoch 16/90 - 22.049s
05: Epoch 16/90 - 22.049s
09: Epoch 16/90 - 22.049s
15: Epoch 16/90 - 22.049s
03: Epoch 16/90 - 22.049s
13: Epoch 16/90 - 22.049s
07: Epoch 16/90 - 22.049s
00: Epoch 16/90 - 22.050s
04: Epoch 17/90 - 22.190s
01: Epoch 17/90 - 22.190s
10: Epoch 17/90 - 22.190s
08: Epoch 17/90 - 22.190s
14: Epoch 17/90 - 22.190s
02: Epoch 17/90 - 22.190s
12: Epoch 17/90 - 22.190s
06: Epoch 17/90 - 22.190s
11: Epoch 17/90 - 22.190s
05: Epoch 17/90 - 22.190s
09: Epoch 17/90 - 22.190s
15: Epoch 17/90 - 22.190s
03: Epoch 17/90 - 22.190s
13: Epoch 17/90 - 22.190s
07: Epoch 17/90 - 22.190s
00: Epoch 17/90 - 22.190s
01: Epoch 18/90 - 22.041s
04: Epoch 18/90 - 22.041s
14: Epoch 18/90 - 22.041s
06: Epoch 18/90 - 22.041s
10: Epoch 18/90 - 22.041s
05: Epoch 18/90 - 22.041s
08: Epoch 18/90 - 22.041s
15: Epoch 18/90 - 22.041s
02: Epoch 18/90 - 22.041s
12: Epoch 18/90 - 22.041s
07: Epoch 18/90 - 22.041s
11: Epoch 18/90 - 22.041s
09: Epoch 18/90 - 22.041s
03: Epoch 18/90 - 22.041s
13: Epoch 18/90 - 22.041s
00: Epoch 18/90 - 22.041s
00: 
04: Epoch 19/90 - 22.646s
08: Epoch 19/90 - 22.647s
01: Epoch 19/90 - 22.647s
06: Epoch 19/90 - 22.646s
10: Epoch 19/90 - 22.646s
05: Epoch 19/90 - 22.646s
09: Epoch 19/90 - 22.646s
14: Epoch 19/90 - 22.646s
02: Epoch 19/90 - 22.646s
12: Epoch 19/90 - 22.646s
07: Epoch 19/90 - 22.646s
11: Epoch 19/90 - 22.647s
15: Epoch 19/90 - 22.646s
03: Epoch 19/90 - 22.646s
13: Epoch 19/90 - 22.647s
00: Epoch 19/90 - 22.647s
10: Epoch 20/90 - 22.065s
01: Epoch 20/90 - 22.065s
04: Epoch 20/90 - 22.065s
08: Epoch 20/90 - 22.065s
14: Epoch 20/90 - 22.065s
02: Epoch 20/90 - 22.065s
12: Epoch 20/90 - 22.065s
06: Epoch 20/90 - 22.065s
11: Epoch 20/90 - 22.065s
05: Epoch 20/90 - 22.065s
09: Epoch 20/90 - 22.065s
15: Epoch 20/90 - 22.065s
03: Epoch 20/90 - 22.065s
13: Epoch 20/90 - 22.065s
07: Epoch 20/90 - 22.065s
00: Epoch 20/90 - 22.065s
01: Epoch 21/90 - 21.874s
10: Epoch 21/90 - 21.874s
04: Epoch 21/90 - 21.874s
08: Epoch 21/90 - 21.874s
14: Epoch 21/90 - 21.874s
02: Epoch 21/90 - 21.874s
12: Epoch 21/90 - 21.874s
06: Epoch 21/90 - 21.874s
11: Epoch 21/90 - 21.874s
05: Epoch 21/90 - 21.874s
09: Epoch 21/90 - 21.874s
15: Epoch 21/90 - 21.874s
03: Epoch 21/90 - 21.874s
13: Epoch 21/90 - 21.874s
07: Epoch 21/90 - 21.874s
00: Epoch 21/90 - 21.874s
01: Epoch 22/90 - 21.773s
04: Epoch 22/90 - 21.773s
08: Epoch 22/90 - 21.773s
14: Epoch 22/90 - 21.773s
02: Epoch 22/90 - 21.773s
12: Epoch 22/90 - 21.773s
06: Epoch 22/90 - 21.773s
10: Epoch 22/90 - 21.773s
05: Epoch 22/90 - 21.773s
09: Epoch 22/90 - 21.773s
15: Epoch 22/90 - 21.773s
03: Epoch 22/90 - 21.773s
13: Epoch 22/90 - 21.773s
07: Epoch 22/90 - 21.773s
11: Epoch 22/90 - 21.773s
00: Epoch 22/90 - 21.773s
01: Epoch 23/90 - 22.066s
04: Epoch 23/90 - 22.066s
08: Epoch 23/90 - 22.066s
14: Epoch 23/90 - 22.066s
12: Epoch 23/90 - 22.066s
06: Epoch 23/90 - 22.066s
10: Epoch 23/90 - 22.066s
05: Epoch 23/90 - 22.066s
09: Epoch 23/90 - 22.066s
15: Epoch 23/90 - 22.066s
02: Epoch 23/90 - 22.066s
13: Epoch 23/90 - 22.066s
07: Epoch 23/90 - 22.066s
11: Epoch 23/90 - 22.066s
03: Epoch 23/90 - 22.066s
00: Epoch 23/90 - 22.066s
04: Epoch 24/90 - 22.310s
01: Epoch 24/90 - 22.310s
10: Epoch 24/90 - 22.310s
08: Epoch 24/90 - 22.310s
14: Epoch 24/90 - 22.310s
02: Epoch 24/90 - 22.310s
12: Epoch 24/90 - 22.310s
06: Epoch 24/90 - 22.310s
11: Epoch 24/90 - 22.310s
05: Epoch 24/90 - 22.310s
09: Epoch 24/90 - 22.310s
15: Epoch 24/90 - 22.310s
03: Epoch 24/90 - 22.310s
13: Epoch 24/90 - 22.310s
07: Epoch 24/90 - 22.310s
00: Epoch 24/90 - 22.310s
10: Epoch 25/90 - 21.602s
04: Epoch 25/90 - 21.602s
01: Epoch 25/90 - 21.602s
12: Epoch 25/90 - 21.602s
06: Epoch 25/90 - 21.602s
11: Epoch 25/90 - 21.602s
05: Epoch 25/90 - 21.602s
08: Epoch 25/90 - 21.602s
14: Epoch 25/90 - 21.602s
02: Epoch 25/90 - 21.602s
13: Epoch 25/90 - 21.602s
07: Epoch 25/90 - 21.602s
09: Epoch 25/90 - 21.602s
15: Epoch 25/90 - 21.602s
03: Epoch 25/90 - 21.602s
00: Epoch 25/90 - 21.602s
01: Epoch 26/90 - 21.964s
10: Epoch 26/90 - 21.964s
04: Epoch 26/90 - 21.964s
08: Epoch 26/90 - 21.964s
14: Epoch 26/90 - 21.964s
02: Epoch 26/90 - 21.964s
12: Epoch 26/90 - 21.964s
06: Epoch 26/90 - 21.964s
11: Epoch 26/90 - 21.964s
05: Epoch 26/90 - 21.964s
09: Epoch 26/90 - 21.964s
15: Epoch 26/90 - 21.964s
03: Epoch 26/90 - 21.964s
13: Epoch 26/90 - 21.964s
07: Epoch 26/90 - 21.964s
00: Epoch 26/90 - 21.964s
01: Epoch 27/90 - 22.281s
10: Epoch 27/90 - 22.281s
04: Epoch 27/90 - 22.281s
08: Epoch 27/90 - 22.281s
14: Epoch 27/90 - 22.281s
02: Epoch 27/90 - 22.281s
12: Epoch 27/90 - 22.281s
06: Epoch 27/90 - 22.281s
11: Epoch 27/90 - 22.281s
05: Epoch 27/90 - 22.281s
09: Epoch 27/90 - 22.281s
15: Epoch 27/90 - 22.281s
03: Epoch 27/90 - 22.281s
13: Epoch 27/90 - 22.281s
07: Epoch 27/90 - 22.281s
00: Epoch 27/90 - 22.281s
01: Epoch 28/90 - 22.246s
08: Epoch 28/90 - 22.246s
14: Epoch 28/90 - 22.246s
02: Epoch 28/90 - 22.246s
12: Epoch 28/90 - 22.246s
06: Epoch 28/90 - 22.246s
10: Epoch 28/90 - 22.246s
04: Epoch 28/90 - 22.246s
09: Epoch 28/90 - 22.246s
15: Epoch 28/90 - 22.246s
03: Epoch 28/90 - 22.246s
13: Epoch 28/90 - 22.246s
07: Epoch 28/90 - 22.246s
11: Epoch 28/90 - 22.246s
05: Epoch 28/90 - 22.246s
00: Epoch 28/90 - 22.246s
14: Epoch 29/90 - 22.288s
01: Epoch 29/90 - 22.288s
02: Epoch 29/90 - 22.288s
10: Epoch 29/90 - 22.288s
04: Epoch 29/90 - 22.288s
08: Epoch 29/90 - 22.288s
12: Epoch 29/90 - 22.288s
06: Epoch 29/90 - 22.288s
11: Epoch 29/90 - 22.288s
05: Epoch 29/90 - 22.288s
09: Epoch 29/90 - 22.288s
15: Epoch 29/90 - 22.288s
03: Epoch 29/90 - 22.288s
13: Epoch 29/90 - 22.288s
07: Epoch 29/90 - 22.288s
00: Epoch 29/90 - 22.288s
01: Epoch 30/90 - 22.458s
10: Epoch 30/90 - 22.458s
04: Epoch 30/90 - 22.458s
08: Epoch 30/90 - 22.458s
14: Epoch 30/90 - 22.458s
02: Epoch 30/90 - 22.458s
12: Epoch 30/90 - 22.458s
06: Epoch 30/90 - 22.458s
11: Epoch 30/90 - 22.458s
05: Epoch 30/90 - 22.458s
09: Epoch 30/90 - 22.458s
15: Epoch 30/90 - 22.458s
03: Epoch 30/90 - 22.458s
13: Epoch 30/90 - 22.458s
07: Epoch 30/90 - 22.458s
00: Epoch 30/90 - 22.458s
04: Epoch 31/90 - 22.136s
01: Epoch 31/90 - 22.136s
02: Epoch 31/90 - 22.136s
06: Epoch 31/90 - 22.136s
10: Epoch 31/90 - 22.136s
05: Epoch 31/90 - 22.136s
08: Epoch 31/90 - 22.136s
14: Epoch 31/90 - 22.136s
03: Epoch 31/90 - 22.136s
12: Epoch 31/90 - 22.136s
07: Epoch 31/90 - 22.136s
11: Epoch 31/90 - 22.136s
09: Epoch 31/90 - 22.136s
15: Epoch 31/90 - 22.136s
13: Epoch 31/90 - 22.136s
00: Epoch 31/90 - 22.136s
04: Epoch 32/90 - 22.003s
01: Epoch 32/90 - 22.003s
06: Epoch 32/90 - 22.003s
10: Epoch 32/90 - 22.003s
05: Epoch 32/90 - 22.003s
08: Epoch 32/90 - 22.003s
14: Epoch 32/90 - 22.003s
02: Epoch 32/90 - 22.003s
12: Epoch 32/90 - 22.003s
07: Epoch 32/90 - 22.003s
11: Epoch 32/90 - 22.003s
09: Epoch 32/90 - 22.003s
15: Epoch 32/90 - 22.003s
03: Epoch 32/90 - 22.003s
13: Epoch 32/90 - 22.003s
00: Epoch 32/90 - 22.003s
04: Epoch 33/90 - 22.215s
01: Epoch 33/90 - 22.215s
10: Epoch 33/90 - 22.215s
08: Epoch 33/90 - 22.215s
14: Epoch 33/90 - 22.215s
02: Epoch 33/90 - 22.215s
12: Epoch 33/90 - 22.215s
06: Epoch 33/90 - 22.215s
11: Epoch 33/90 - 22.215s
05: Epoch 33/90 - 22.215s
09: Epoch 33/90 - 22.215s
15: Epoch 33/90 - 22.215s
00: Epoch 33/90 - 22.215s
03: Epoch 33/90 - 22.215s
13: Epoch 33/90 - 22.215s
07: Epoch 33/90 - 22.215s
05: Epoch 34/90 - 22.344s
14: Epoch 34/90 - 22.344s
01: Epoch 34/90 - 22.344s
12: Epoch 34/90 - 22.344s
06: Epoch 34/90 - 22.344s
10: Epoch 34/90 - 22.344s
04: Epoch 34/90 - 22.344s
08: Epoch 34/90 - 22.344s
15: Epoch 34/90 - 22.344s
02: Epoch 34/90 - 22.344s
13: Epoch 34/90 - 22.344s
07: Epoch 34/90 - 22.344s
11: Epoch 34/90 - 22.344s
09: Epoch 34/90 - 22.344s
03: Epoch 34/90 - 22.344s
00: Epoch 34/90 - 22.344s
04: Epoch 35/90 - 21.941s
01: Epoch 35/90 - 21.941s
06: Epoch 35/90 - 21.941s
10: Epoch 35/90 - 21.941s
05: Epoch 35/90 - 21.941s
08: Epoch 35/90 - 21.941s
14: Epoch 35/90 - 21.941s
02: Epoch 35/90 - 21.941s
12: Epoch 35/90 - 21.941s
07: Epoch 35/90 - 21.941s
11: Epoch 35/90 - 21.941s
09: Epoch 35/90 - 21.941s
15: Epoch 35/90 - 21.941s
00: Epoch 35/90 - 21.941s
03: Epoch 35/90 - 21.941s
13: Epoch 35/90 - 21.941s
01: Epoch 36/90 - 21.915s
10: Epoch 36/90 - 21.915s
08: Epoch 36/90 - 21.915s
15: Epoch 36/90 - 21.915s
02: Epoch 36/90 - 21.915s
12: Epoch 36/90 - 21.915s
06: Epoch 36/90 - 21.915s
11: Epoch 36/90 - 21.915s
04: Epoch 36/90 - 21.915s
09: Epoch 36/90 - 21.915s
14: Epoch 36/90 - 21.915s
03: Epoch 36/90 - 21.915s
13: Epoch 36/90 - 21.915s
07: Epoch 36/90 - 21.915s
05: Epoch 36/90 - 21.915s
00: Epoch 36/90 - 21.915s
04: Epoch 37/90 - 21.981s
01: Epoch 37/90 - 21.981s
10: Epoch 37/90 - 21.981s
08: Epoch 37/90 - 21.981s
14: Epoch 37/90 - 21.981s
02: Epoch 37/90 - 21.981s
12: Epoch 37/90 - 21.981s
06: Epoch 37/90 - 21.981s
11: Epoch 37/90 - 21.981s
05: Epoch 37/90 - 21.981s
09: Epoch 37/90 - 21.981s
15: Epoch 37/90 - 21.981s
03: Epoch 37/90 - 21.981s
13: Epoch 37/90 - 21.981s
07: Epoch 37/90 - 21.981s
00: Epoch 37/90 - 21.981s
01: Epoch 38/90 - 22.021s
10: Epoch 38/90 - 22.021s
04: Epoch 38/90 - 22.021s
08: Epoch 38/90 - 22.021s
14: Epoch 38/90 - 22.021s
02: Epoch 38/90 - 22.021s
12: Epoch 38/90 - 22.021s
06: Epoch 38/90 - 22.021s
11: Epoch 38/90 - 22.021s
05: Epoch 38/90 - 22.021s
09: Epoch 38/90 - 22.021s
15: Epoch 38/90 - 22.021s
03: Epoch 38/90 - 22.021s
13: Epoch 38/90 - 22.021s
07: Epoch 38/90 - 22.021s
00: Epoch 38/90 - 22.021s
01: Epoch 39/90 - 23.838s
04: Epoch 39/90 - 23.838s
08: Epoch 39/90 - 23.838s
02: Epoch 39/90 - 23.838s
12: Epoch 39/90 - 23.838s
06: Epoch 39/90 - 23.838s
10: Epoch 39/90 - 23.838s
05: Epoch 39/90 - 23.838s
09: Epoch 39/90 - 23.838s
15: Epoch 39/90 - 23.838s
03: Epoch 39/90 - 23.838s
13: Epoch 39/90 - 23.838s
07: Epoch 39/90 - 23.838s
11: Epoch 39/90 - 23.838s
14: Epoch 39/90 - 23.838s
00: Epoch 39/90 - 23.838s
01: Epoch 40/90 - 22.139s
06: Epoch 40/90 - 22.139s
10: Epoch 40/90 - 22.139s
04: Epoch 40/90 - 22.139s
08: Epoch 40/90 - 22.139s
14: Epoch 40/90 - 22.139s
02: Epoch 40/90 - 22.139s
12: Epoch 40/90 - 22.139s
11: Epoch 40/90 - 22.139s
05: Epoch 40/90 - 22.139s
09: Epoch 40/90 - 22.139s
15: Epoch 40/90 - 22.139s
03: Epoch 40/90 - 22.139s
13: Epoch 40/90 - 22.139s
07: Epoch 40/90 - 22.139s
00: Epoch 40/90 - 22.139s
01: Epoch 41/90 - 22.226s
10: Epoch 41/90 - 22.226s
08: Epoch 41/90 - 22.226s
14: Epoch 41/90 - 22.226s
02: Epoch 41/90 - 22.226s
12: Epoch 41/90 - 22.226s
11: Epoch 41/90 - 22.226s
04: Epoch 41/90 - 22.226s
09: Epoch 41/90 - 22.226s
15: Epoch 41/90 - 22.226s
03: Epoch 41/90 - 22.226s
13: Epoch 41/90 - 22.226s
06: Epoch 41/90 - 22.226s
05: Epoch 41/90 - 22.226s
00: Epoch 41/90 - 22.226s
07: Epoch 41/90 - 22.226s
04: Epoch 42/90 - 22.215s
01: Epoch 42/90 - 22.215s
02: Epoch 42/90 - 22.215s
06: Epoch 42/90 - 22.215s
10: Epoch 42/90 - 22.215s
05: Epoch 42/90 - 22.215s
08: Epoch 42/90 - 22.215s
14: Epoch 42/90 - 22.215s
12: Epoch 42/90 - 22.215s
07: Epoch 42/90 - 22.215s
11: Epoch 42/90 - 22.215s
09: Epoch 42/90 - 22.215s
15: Epoch 42/90 - 22.215s
03: Epoch 42/90 - 22.215s
13: Epoch 42/90 - 22.215s
00: Epoch 42/90 - 22.215s
01: Epoch 43/90 - 21.930s
10: Epoch 43/90 - 21.930s
04: Epoch 43/90 - 21.930s
08: Epoch 43/90 - 21.930s
14: Epoch 43/90 - 21.930s
02: Epoch 43/90 - 21.930s
12: Epoch 43/90 - 21.930s
06: Epoch 43/90 - 21.930s
11: Epoch 43/90 - 21.930s
05: Epoch 43/90 - 21.930s
09: Epoch 43/90 - 21.930s
15: Epoch 43/90 - 21.930s
03: Epoch 43/90 - 21.930s
13: Epoch 43/90 - 21.930s
07: Epoch 43/90 - 21.930s
00: Epoch 43/90 - 21.930s
04: Epoch 44/90 - 22.246s
01: Epoch 44/90 - 22.246s
02: Epoch 44/90 - 22.246s
10: Epoch 44/90 - 22.246s
05: Epoch 44/90 - 22.246s
08: Epoch 44/90 - 22.246s
14: Epoch 44/90 - 22.246s
12: Epoch 44/90 - 22.246s
06: Epoch 44/90 - 22.246s
11: Epoch 44/90 - 22.246s
09: Epoch 44/90 - 22.246s
15: Epoch 44/90 - 22.246s
03: Epoch 44/90 - 22.246s
13: Epoch 44/90 - 22.246s
07: Epoch 44/90 - 22.246s
00: Epoch 44/90 - 22.246s
04: Epoch 45/90 - 22.041s
14: Epoch 45/90 - 22.041s
01: Epoch 45/90 - 22.041s
10: Epoch 45/90 - 22.041s
05: Epoch 45/90 - 22.041s
08: Epoch 45/90 - 22.041s
15: Epoch 45/90 - 22.041s
02: Epoch 45/90 - 22.041s
12: Epoch 45/90 - 22.041s
06: Epoch 45/90 - 22.041s
11: Epoch 45/90 - 22.041s
09: Epoch 45/90 - 22.041s
03: Epoch 45/90 - 22.041s
13: Epoch 45/90 - 22.041s
07: Epoch 45/90 - 22.041s
00: Epoch 45/90 - 22.041s
08: Epoch 46/90 - 21.743s
01: Epoch 46/90 - 21.743s
02: Epoch 46/90 - 21.743s
06: Epoch 46/90 - 21.743s
10: Epoch 46/90 - 21.743s
04: Epoch 46/90 - 21.743s
14: Epoch 46/90 - 21.743s
12: Epoch 46/90 - 21.743s
07: Epoch 46/90 - 21.743s
11: Epoch 46/90 - 21.743s
05: Epoch 46/90 - 21.743s
09: Epoch 46/90 - 21.743s
15: Epoch 46/90 - 21.743s
03: Epoch 46/90 - 21.743s
13: Epoch 46/90 - 21.743s
00: Epoch 46/90 - 21.743s
01: Epoch 47/90 - 22.125s
06: Epoch 47/90 - 22.125s
10: Epoch 47/90 - 22.125s
04: Epoch 47/90 - 22.125s
08: Epoch 47/90 - 22.125s
14: Epoch 47/90 - 22.125s
02: Epoch 47/90 - 22.125s
12: Epoch 47/90 - 22.125s
11: Epoch 47/90 - 22.125s
05: Epoch 47/90 - 22.125s
09: Epoch 47/90 - 22.125s
15: Epoch 47/90 - 22.125s
00: Epoch 47/90 - 22.125s
03: Epoch 47/90 - 22.125s
13: Epoch 47/90 - 22.125s
07: Epoch 47/90 - 22.125s
01: Epoch 48/90 - 21.992s
10: Epoch 48/90 - 21.992s
04: Epoch 48/90 - 21.992s
08: Epoch 48/90 - 21.992s
14: Epoch 48/90 - 21.992s
02: Epoch 48/90 - 21.992s
12: Epoch 48/90 - 21.992s
06: Epoch 48/90 - 21.992s
11: Epoch 48/90 - 21.992s
05: Epoch 48/90 - 21.992s
09: Epoch 48/90 - 21.992s
15: Epoch 48/90 - 21.992s
03: Epoch 48/90 - 21.992s
13: Epoch 48/90 - 21.992s
07: Epoch 48/90 - 21.992s
00: Epoch 48/90 - 21.992s
04: Epoch 49/90 - 22.165s
08: Epoch 49/90 - 22.165s
14: Epoch 49/90 - 22.165s
02: Epoch 49/90 - 22.165s
12: Epoch 49/90 - 22.165s
06: Epoch 49/90 - 22.165s
10: Epoch 49/90 - 22.165s
05: Epoch 49/90 - 22.165s
09: Epoch 49/90 - 22.165s
15: Epoch 49/90 - 22.165s
01: Epoch 49/90 - 22.165s
03: Epoch 49/90 - 22.165s
13: Epoch 49/90 - 22.165s
07: Epoch 49/90 - 22.165s
11: Epoch 49/90 - 22.165s
00: Epoch 49/90 - 22.165s
01: Epoch 50/90 - 21.974s
10: Epoch 50/90 - 21.974s
04: Epoch 50/90 - 21.974s
08: Epoch 50/90 - 21.974s
02: Epoch 50/90 - 21.974s
12: Epoch 50/90 - 21.974s
06: Epoch 50/90 - 21.974s
11: Epoch 50/90 - 21.974s
05: Epoch 50/90 - 21.974s
09: Epoch 50/90 - 21.974s
14: Epoch 50/90 - 21.974s
03: Epoch 50/90 - 21.974s
13: Epoch 50/90 - 21.974s
07: Epoch 50/90 - 21.974s
15: Epoch 50/90 - 21.974s
00: Epoch 50/90 - 21.974s
01: Epoch 51/90 - 22.224s
10: Epoch 51/90 - 22.224s
04: Epoch 51/90 - 22.224s
08: Epoch 51/90 - 22.224s
02: Epoch 51/90 - 22.224s
12: Epoch 51/90 - 22.224s
11: Epoch 51/90 - 22.224s
05: Epoch 51/90 - 22.224s
09: Epoch 51/90 - 22.224s
14: Epoch 51/90 - 22.224s
03: Epoch 51/90 - 22.224s
13: Epoch 51/90 - 22.224s
06: Epoch 51/90 - 22.224s
15: Epoch 51/90 - 22.224s
00: Epoch 51/90 - 22.224s
07: Epoch 51/90 - 22.224s
01: Epoch 52/90 - 22.435s
10: Epoch 52/90 - 22.435s
04: Epoch 52/90 - 22.435s
08: Epoch 52/90 - 22.435s
14: Epoch 52/90 - 22.435s
02: Epoch 52/90 - 22.435s
12: Epoch 52/90 - 22.435s
06: Epoch 52/90 - 22.435s
11: Epoch 52/90 - 22.435s
05: Epoch 52/90 - 22.435s
09: Epoch 52/90 - 22.435s
15: Epoch 52/90 - 22.435s
03: Epoch 52/90 - 22.435s
13: Epoch 52/90 - 22.435s
07: Epoch 52/90 - 22.435s
00: Epoch 52/90 - 22.435s
10: Epoch 53/90 - 21.796s
04: Epoch 53/90 - 21.796s
08: Epoch 53/90 - 21.796s
14: Epoch 53/90 - 21.796s
02: Epoch 53/90 - 21.796s
12: Epoch 53/90 - 21.796s
06: Epoch 53/90 - 21.796s
11: Epoch 53/90 - 21.796s
05: Epoch 53/90 - 21.796s
09: Epoch 53/90 - 21.796s
15: Epoch 53/90 - 21.796s
03: Epoch 53/90 - 21.796s
13: Epoch 53/90 - 21.796s
07: Epoch 53/90 - 21.796s
01: Epoch 53/90 - 21.796s
00: Epoch 53/90 - 21.796s
01: Epoch 54/90 - 22.176s
10: Epoch 54/90 - 22.176s
04: Epoch 54/90 - 22.176s
08: Epoch 54/90 - 22.176s
14: Epoch 54/90 - 22.176s
02: Epoch 54/90 - 22.176s
12: Epoch 54/90 - 22.176s
06: Epoch 54/90 - 22.176s
11: Epoch 54/90 - 22.176s
05: Epoch 54/90 - 22.176s
09: Epoch 54/90 - 22.176s
15: Epoch 54/90 - 22.176s
03: Epoch 54/90 - 22.176s
13: Epoch 54/90 - 22.176s
07: Epoch 54/90 - 22.176s
00: Epoch 54/90 - 22.176s
01: Epoch 55/90 - 22.038s
10: Epoch 55/90 - 22.038s
04: Epoch 55/90 - 22.038s
08: Epoch 55/90 - 22.038s
14: Epoch 55/90 - 22.038s
02: Epoch 55/90 - 22.038s
12: Epoch 55/90 - 22.038s
06: Epoch 55/90 - 22.038s
11: Epoch 55/90 - 22.038s
05: Epoch 55/90 - 22.038s
09: Epoch 55/90 - 22.038s
15: Epoch 55/90 - 22.038s
03: Epoch 55/90 - 22.038s
13: Epoch 55/90 - 22.038s
07: Epoch 55/90 - 22.038s
00: Epoch 55/90 - 22.038s
01: Epoch 56/90 - 21.899s
10: Epoch 56/90 - 21.899s
04: Epoch 56/90 - 21.899s
08: Epoch 56/90 - 21.899s
14: Epoch 56/90 - 21.899s
02: Epoch 56/90 - 21.899s
12: Epoch 56/90 - 21.899s
06: Epoch 56/90 - 21.899s
11: Epoch 56/90 - 21.899s
05: Epoch 56/90 - 21.899s
09: Epoch 56/90 - 21.899s
15: Epoch 56/90 - 21.899s
03: Epoch 56/90 - 21.899s
13: Epoch 56/90 - 21.899s
07: Epoch 56/90 - 21.899s
00: Epoch 56/90 - 21.899s
01: Epoch 57/90 - 21.923s
06: Epoch 57/90 - 21.923s
10: Epoch 57/90 - 21.923s
04: Epoch 57/90 - 21.923s
08: Epoch 57/90 - 21.923s
14: Epoch 57/90 - 21.923s
02: Epoch 57/90 - 21.923s
12: Epoch 57/90 - 21.923s
11: Epoch 57/90 - 21.923s
05: Epoch 57/90 - 21.923s
09: Epoch 57/90 - 21.923s
15: Epoch 57/90 - 21.923s
03: Epoch 57/90 - 21.923s
13: Epoch 57/90 - 21.923s
07: Epoch 57/90 - 21.923s
00: Epoch 57/90 - 21.923s
01: Epoch 58/90 - 21.919s
10: Epoch 58/90 - 21.919s
04: Epoch 58/90 - 21.919s
08: Epoch 58/90 - 21.919s
14: Epoch 58/90 - 21.919s
02: Epoch 58/90 - 21.919s
12: Epoch 58/90 - 21.919s
06: Epoch 58/90 - 21.919s
11: Epoch 58/90 - 21.919s
05: Epoch 58/90 - 21.919s
09: Epoch 58/90 - 21.919s
15: Epoch 58/90 - 21.919s
03: Epoch 58/90 - 21.919s
13: Epoch 58/90 - 21.919s
07: Epoch 58/90 - 21.919s
00: Epoch 58/90 - 21.919s
01: Epoch 59/90 - 21.799s
02: Epoch 59/90 - 21.799s
10: Epoch 59/90 - 21.799s
04: Epoch 59/90 - 21.799s
08: Epoch 59/90 - 21.799s
14: Epoch 59/90 - 21.799s
12: Epoch 59/90 - 21.799s
06: Epoch 59/90 - 21.799s
11: Epoch 59/90 - 21.799s
05: Epoch 59/90 - 21.799s
09: Epoch 59/90 - 21.799s
15: Epoch 59/90 - 21.799s
03: Epoch 59/90 - 21.799s
13: Epoch 59/90 - 21.799s
07: Epoch 59/90 - 21.799s
00: Epoch 59/90 - 21.799s
10: Epoch 60/90 - 22.345s
08: Epoch 60/90 - 22.345s
14: Epoch 60/90 - 22.345s
01: Epoch 60/90 - 22.345s
02: Epoch 60/90 - 22.345s
12: Epoch 60/90 - 22.345s
06: Epoch 60/90 - 22.345s
11: Epoch 60/90 - 22.345s
04: Epoch 60/90 - 22.345s
09: Epoch 60/90 - 22.345s
15: Epoch 60/90 - 22.345s
03: Epoch 60/90 - 22.345s
13: Epoch 60/90 - 22.345s
07: Epoch 60/90 - 22.345s
05: Epoch 60/90 - 22.345s
00: Epoch 60/90 - 22.345s
01: Epoch 61/90 - 22.516s
10: Epoch 61/90 - 22.516s
04: Epoch 61/90 - 22.516s
08: Epoch 61/90 - 22.516s
02: Epoch 61/90 - 22.516s
12: Epoch 61/90 - 22.516s
06: Epoch 61/90 - 22.516s
11: Epoch 61/90 - 22.516s
05: Epoch 61/90 - 22.516s
09: Epoch 61/90 - 22.516s
14: Epoch 61/90 - 22.516s
03: Epoch 61/90 - 22.516s
13: Epoch 61/90 - 22.516s
07: Epoch 61/90 - 22.516s
15: Epoch 61/90 - 22.516s
00: Epoch 61/90 - 22.516s
01: Epoch 62/90 - 21.706s
10: Epoch 62/90 - 21.706s
04: Epoch 62/90 - 21.706s
08: Epoch 62/90 - 21.706s
14: Epoch 62/90 - 21.706s
02: Epoch 62/90 - 21.706s
12: Epoch 62/90 - 21.706s
06: Epoch 62/90 - 21.706s
11: Epoch 62/90 - 21.706s
05: Epoch 62/90 - 21.706s
09: Epoch 62/90 - 21.706s
15: Epoch 62/90 - 21.706s
03: Epoch 62/90 - 21.706s
13: Epoch 62/90 - 21.706s
07: Epoch 62/90 - 21.706s
00: Epoch 62/90 - 21.706s
08: Epoch 63/90 - 21.593s
01: Epoch 63/90 - 21.593s
06: Epoch 63/90 - 21.593s
10: Epoch 63/90 - 21.593s
04: Epoch 63/90 - 21.593s
09: Epoch 63/90 - 21.593s
14: Epoch 63/90 - 21.593s
02: Epoch 63/90 - 21.593s
12: Epoch 63/90 - 21.593s
11: Epoch 63/90 - 21.593s
05: Epoch 63/90 - 21.593s
15: Epoch 63/90 - 21.593s
03: Epoch 63/90 - 21.593s
13: Epoch 63/90 - 21.593s
07: Epoch 63/90 - 21.593s
00: Epoch 63/90 - 21.593s
01: Epoch 64/90 - 21.762s
10: Epoch 64/90 - 21.762s
06: Epoch 64/90 - 21.762s
11: Epoch 64/90 - 21.762s
04: Epoch 64/90 - 21.762s
08: Epoch 64/90 - 21.762s
14: Epoch 64/90 - 21.762s
03: Epoch 64/90 - 21.762s
12: Epoch 64/90 - 21.762s
07: Epoch 64/90 - 21.762s
05: Epoch 64/90 - 21.762s
09: Epoch 64/90 - 21.762s
15: Epoch 64/90 - 21.762s
02: Epoch 64/90 - 21.762s
13: Epoch 64/90 - 21.762s
00: Epoch 64/90 - 21.762s
01: Epoch 65/90 - 22.260s
10: Epoch 65/90 - 22.260s
04: Epoch 65/90 - 22.260s
08: Epoch 65/90 - 22.260s
15: Epoch 65/90 - 22.260s
02: Epoch 65/90 - 22.260s
12: Epoch 65/90 - 22.260s
06: Epoch 65/90 - 22.260s
11: Epoch 65/90 - 22.260s
05: Epoch 65/90 - 22.260s
09: Epoch 65/90 - 22.260s
14: Epoch 65/90 - 22.260s
03: Epoch 65/90 - 22.260s
13: Epoch 65/90 - 22.260s
07: Epoch 65/90 - 22.260s
00: Epoch 65/90 - 22.260s
01: Epoch 66/90 - 21.975s
12: Epoch 66/90 - 21.975s
10: Epoch 66/90 - 21.975s
04: Epoch 66/90 - 21.975s
08: Epoch 66/90 - 21.975s
14: Epoch 66/90 - 21.975s
02: Epoch 66/90 - 21.975s
06: Epoch 66/90 - 21.975s
11: Epoch 66/90 - 21.975s
05: Epoch 66/90 - 21.975s
09: Epoch 66/90 - 21.975s
15: Epoch 66/90 - 21.975s
03: Epoch 66/90 - 21.975s
13: Epoch 66/90 - 21.975s
07: Epoch 66/90 - 21.975s
00: Epoch 66/90 - 21.975s
10: Epoch 67/90 - 22.882s
01: Epoch 67/90 - 22.882s
04: Epoch 67/90 - 22.882s
08: Epoch 67/90 - 22.882s
14: Epoch 67/90 - 22.882s
02: Epoch 67/90 - 22.882s
12: Epoch 67/90 - 22.882s
06: Epoch 67/90 - 22.882s
11: Epoch 67/90 - 22.882s
05: Epoch 67/90 - 22.882s
09: Epoch 67/90 - 22.882s
15: Epoch 67/90 - 22.882s
03: Epoch 67/90 - 22.882s
13: Epoch 67/90 - 22.882s
07: Epoch 67/90 - 22.882s
00: Epoch 67/90 - 22.882s
01: Epoch 68/90 - 22.420s
10: Epoch 68/90 - 22.420s
08: Epoch 68/90 - 22.420s
14: Epoch 68/90 - 22.420s
02: Epoch 68/90 - 22.420s
06: Epoch 68/90 - 22.420s
11: Epoch 68/90 - 22.420s
04: Epoch 68/90 - 22.420s
09: Epoch 68/90 - 22.420s
15: Epoch 68/90 - 22.420s
03: Epoch 68/90 - 22.420s
12: Epoch 68/90 - 22.420s
07: Epoch 68/90 - 22.420s
05: Epoch 68/90 - 22.420s
00: Epoch 68/90 - 22.420s
13: Epoch 68/90 - 22.420s
01: Epoch 69/90 - 22.097s
04: Epoch 69/90 - 22.097s
14: Epoch 69/90 - 22.097s
06: Epoch 69/90 - 22.097s
10: Epoch 69/90 - 22.097s
05: Epoch 69/90 - 22.097s
08: Epoch 69/90 - 22.097s
15: Epoch 69/90 - 22.097s
02: Epoch 69/90 - 22.097s
12: Epoch 69/90 - 22.097s
07: Epoch 69/90 - 22.097s
11: Epoch 69/90 - 22.097s
09: Epoch 69/90 - 22.097s
03: Epoch 69/90 - 22.097s
13: Epoch 69/90 - 22.097s
00: Epoch 69/90 - 22.097s
01: Epoch 70/90 - 21.899s
10: Epoch 70/90 - 21.899s
08: Epoch 70/90 - 21.899s
14: Epoch 70/90 - 21.899s
02: Epoch 70/90 - 21.899s
06: Epoch 70/90 - 21.899s
11: Epoch 70/90 - 21.899s
04: Epoch 70/90 - 21.899s
09: Epoch 70/90 - 21.899s
15: Epoch 70/90 - 21.899s
03: Epoch 70/90 - 21.899s
12: Epoch 70/90 - 21.899s
07: Epoch 70/90 - 21.899s
05: Epoch 70/90 - 21.899s
13: Epoch 70/90 - 21.899s
00: Epoch 70/90 - 21.899s
15: Epoch 71/90 - 22.673s
01: Epoch 71/90 - 22.673s
10: Epoch 71/90 - 22.673s
04: Epoch 71/90 - 22.673s
08: Epoch 71/90 - 22.673s
02: Epoch 71/90 - 22.673s
12: Epoch 71/90 - 22.673s
06: Epoch 71/90 - 22.673s
11: Epoch 71/90 - 22.673s
05: Epoch 71/90 - 22.673s
09: Epoch 71/90 - 22.673s
14: Epoch 71/90 - 22.673s
03: Epoch 71/90 - 22.673s
13: Epoch 71/90 - 22.673s
07: Epoch 71/90 - 22.673s
00: Epoch 71/90 - 22.673s
01: Epoch 72/90 - 21.906s
14: Epoch 72/90 - 21.906s
06: Epoch 72/90 - 21.906s
10: Epoch 72/90 - 21.906s
04: Epoch 72/90 - 21.906s
08: Epoch 72/90 - 21.906s
15: Epoch 72/90 - 21.906s
02: Epoch 72/90 - 21.906s
12: Epoch 72/90 - 21.906s
07: Epoch 72/90 - 21.906s
11: Epoch 72/90 - 21.906s
05: Epoch 72/90 - 21.906s
09: Epoch 72/90 - 21.906s
03: Epoch 72/90 - 21.906s
13: Epoch 72/90 - 21.906s
00: Epoch 72/90 - 21.906s
08: Epoch 73/90 - 21.788s
01: Epoch 73/90 - 21.788s
10: Epoch 73/90 - 21.788s
04: Epoch 73/90 - 21.788s
14: Epoch 73/90 - 21.788s
02: Epoch 73/90 - 21.788s
12: Epoch 73/90 - 21.788s
06: Epoch 73/90 - 21.788s
11: Epoch 73/90 - 21.788s
05: Epoch 73/90 - 21.788s
09: Epoch 73/90 - 21.788s
15: Epoch 73/90 - 21.788s
03: Epoch 73/90 - 21.788s
13: Epoch 73/90 - 21.788s
07: Epoch 73/90 - 21.788s
00: Epoch 73/90 - 21.788s
01: Epoch 74/90 - 22.003s
10: Epoch 74/90 - 22.003s
08: Epoch 74/90 - 22.003s
14: Epoch 74/90 - 22.003s
02: Epoch 74/90 - 22.003s
12: Epoch 74/90 - 22.003s
06: Epoch 74/90 - 22.003s
11: Epoch 74/90 - 22.003s
04: Epoch 74/90 - 22.003s
09: Epoch 74/90 - 22.003s
15: Epoch 74/90 - 22.003s
03: Epoch 74/90 - 22.003s
13: Epoch 74/90 - 22.003s
07: Epoch 74/90 - 22.003s
05: Epoch 74/90 - 22.003s
00: Epoch 74/90 - 22.003s
01: Epoch 75/90 - 22.222s
10: Epoch 75/90 - 22.222s
04: Epoch 75/90 - 22.222s
08: Epoch 75/90 - 22.222s
02: Epoch 75/90 - 22.222s
06: Epoch 75/90 - 22.222s
11: Epoch 75/90 - 22.222s
05: Epoch 75/90 - 22.222s
09: Epoch 75/90 - 22.222s
14: Epoch 75/90 - 22.222s
03: Epoch 75/90 - 22.222s
12: Epoch 75/90 - 22.222s
07: Epoch 75/90 - 22.222s
15: Epoch 75/90 - 22.222s
00: Epoch 75/90 - 22.222s
13: Epoch 75/90 - 22.222s
01: Epoch 76/90 - 21.817s
12: Epoch 76/90 - 21.817s
10: Epoch 76/90 - 21.817s
04: Epoch 76/90 - 21.817s
08: Epoch 76/90 - 21.817s
14: Epoch 76/90 - 21.817s
02: Epoch 76/90 - 21.817s
06: Epoch 76/90 - 21.817s
11: Epoch 76/90 - 21.817s
05: Epoch 76/90 - 21.817s
09: Epoch 76/90 - 21.817s
15: Epoch 76/90 - 21.817s
03: Epoch 76/90 - 21.817s
13: Epoch 76/90 - 21.817s
07: Epoch 76/90 - 21.817s
00: Epoch 76/90 - 21.817s
01: Epoch 77/90 - 21.919s
12: Epoch 77/90 - 21.919s
10: Epoch 77/90 - 21.919s
04: Epoch 77/90 - 21.919s
08: Epoch 77/90 - 21.919s
14: Epoch 77/90 - 21.919s
02: Epoch 77/90 - 21.919s
06: Epoch 77/90 - 21.919s
11: Epoch 77/90 - 21.919s
05: Epoch 77/90 - 21.919s
09: Epoch 77/90 - 21.919s
15: Epoch 77/90 - 21.919s
03: Epoch 77/90 - 21.919s
13: Epoch 77/90 - 21.919s
07: Epoch 77/90 - 21.919s
00: Epoch 77/90 - 21.919s
01: Epoch 78/90 - 21.799s
10: Epoch 78/90 - 21.799s
04: Epoch 78/90 - 21.799s
08: Epoch 78/90 - 21.799s
02: Epoch 78/90 - 21.799s
06: Epoch 78/90 - 21.799s
11: Epoch 78/90 - 21.799s
05: Epoch 78/90 - 21.799s
09: Epoch 78/90 - 21.799s
14: Epoch 78/90 - 21.799s
03: Epoch 78/90 - 21.799s
12: Epoch 78/90 - 21.799s
07: Epoch 78/90 - 21.799s
15: Epoch 78/90 - 21.799s
13: Epoch 78/90 - 21.799s
00: Epoch 78/90 - 21.800s
01: Epoch 79/90 - 21.828s
10: Epoch 79/90 - 21.828s
04: Epoch 79/90 - 21.828s
08: Epoch 79/90 - 21.828s
14: Epoch 79/90 - 21.828s
02: Epoch 79/90 - 21.828s
12: Epoch 79/90 - 21.828s
06: Epoch 79/90 - 21.828s
11: Epoch 79/90 - 21.828s
05: Epoch 79/90 - 21.828s
09: Epoch 79/90 - 21.828s
15: Epoch 79/90 - 21.828s
00: Epoch 79/90 - 21.828s
03: Epoch 79/90 - 21.828s
13: Epoch 79/90 - 21.828s
07: Epoch 79/90 - 21.828s
10: Epoch 80/90 - 21.431s
04: Epoch 80/90 - 21.431s
08: Epoch 80/90 - 21.431s
01: Epoch 80/90 - 21.431s
02: Epoch 80/90 - 21.431s
06: Epoch 80/90 - 21.431s
11: Epoch 80/90 - 21.431s
05: Epoch 80/90 - 21.431s
09: Epoch 80/90 - 21.431s
14: Epoch 80/90 - 21.431s
03: Epoch 80/90 - 21.431s
12: Epoch 80/90 - 21.431s
07: Epoch 80/90 - 21.431s
15: Epoch 80/90 - 21.431s
13: Epoch 80/90 - 21.431s
00: Epoch 80/90 - 21.431s
01: Epoch 81/90 - 21.980s
10: Epoch 81/90 - 21.980s
04: Epoch 81/90 - 21.980s
08: Epoch 81/90 - 21.980s
14: Epoch 81/90 - 21.980s
02: Epoch 81/90 - 21.980s
12: Epoch 81/90 - 21.980s
06: Epoch 81/90 - 21.980s
11: Epoch 81/90 - 21.980s
05: Epoch 81/90 - 21.980s
09: Epoch 81/90 - 21.980s
15: Epoch 81/90 - 21.980s
03: Epoch 81/90 - 21.980s
13: Epoch 81/90 - 21.980s
07: Epoch 81/90 - 21.980s
00: Epoch 81/90 - 21.980s
04: Epoch 82/90 - 21.605s
01: Epoch 82/90 - 21.605s
10: Epoch 82/90 - 21.605s
08: Epoch 82/90 - 21.605s
14: Epoch 82/90 - 21.605s
02: Epoch 82/90 - 21.605s
12: Epoch 82/90 - 21.605s
06: Epoch 82/90 - 21.605s
11: Epoch 82/90 - 21.605s
05: Epoch 82/90 - 21.605s
09: Epoch 82/90 - 21.605s
15: Epoch 82/90 - 21.605s
03: Epoch 82/90 - 21.605s
13: Epoch 82/90 - 21.605s
07: Epoch 82/90 - 21.605s
00: Epoch 82/90 - 21.605s
01: Epoch 83/90 - 21.728s
10: Epoch 83/90 - 21.728s
04: Epoch 83/90 - 21.728s
08: Epoch 83/90 - 21.728s
14: Epoch 83/90 - 21.728s
02: Epoch 83/90 - 21.728s
12: Epoch 83/90 - 21.728s
06: Epoch 83/90 - 21.728s
11: Epoch 83/90 - 21.728s
05: Epoch 83/90 - 21.728s
09: Epoch 83/90 - 21.728s
15: Epoch 83/90 - 21.728s
03: Epoch 83/90 - 21.728s
13: Epoch 83/90 - 21.728s
07: Epoch 83/90 - 21.728s
00: Epoch 83/90 - 21.728s
01: Epoch 84/90 - 21.564s
10: Epoch 84/90 - 21.564s
04: Epoch 84/90 - 21.564s
08: Epoch 84/90 - 21.564s
14: Epoch 84/90 - 21.564s
02: Epoch 84/90 - 21.564s
12: Epoch 84/90 - 21.564s
06: Epoch 84/90 - 21.564s
11: Epoch 84/90 - 21.564s
05: Epoch 84/90 - 21.564s
09: Epoch 84/90 - 21.564s
15: Epoch 84/90 - 21.564s
03: Epoch 84/90 - 21.564s
13: Epoch 84/90 - 21.564s
07: Epoch 84/90 - 21.564s
00: Epoch 84/90 - 21.564s
01: Epoch 85/90 - 23.609s
10: Epoch 85/90 - 23.609s
04: Epoch 85/90 - 23.609s
08: Epoch 85/90 - 23.609s
14: Epoch 85/90 - 23.609s
02: Epoch 85/90 - 23.609s
12: Epoch 85/90 - 23.609s
06: Epoch 85/90 - 23.609s
11: Epoch 85/90 - 23.609s
05: Epoch 85/90 - 23.609s
09: Epoch 85/90 - 23.609s
15: Epoch 85/90 - 23.609s
03: Epoch 85/90 - 23.609s
13: Epoch 85/90 - 23.609s
07: Epoch 85/90 - 23.609s
00: Epoch 85/90 - 23.609s
01: Epoch 86/90 - 21.615s
06: Epoch 86/90 - 21.615s
10: Epoch 86/90 - 21.615s
04: Epoch 86/90 - 21.615s
08: Epoch 86/90 - 21.615s
14: Epoch 86/90 - 21.615s
02: Epoch 86/90 - 21.615s
12: Epoch 86/90 - 21.615s
11: Epoch 86/90 - 21.615s
05: Epoch 86/90 - 21.615s
09: Epoch 86/90 - 21.615s
15: Epoch 86/90 - 21.615s
03: Epoch 86/90 - 21.615s
13: Epoch 86/90 - 21.615s
07: Epoch 86/90 - 21.615s
00: Epoch 86/90 - 21.615s
01: Epoch 87/90 - 22.170s
10: Epoch 87/90 - 22.170s
04: Epoch 87/90 - 22.170s
08: Epoch 87/90 - 22.170s
14: Epoch 87/90 - 22.170s
02: Epoch 87/90 - 22.170s
12: Epoch 87/90 - 22.170s
06: Epoch 87/90 - 22.170s
11: Epoch 87/90 - 22.170s
05: Epoch 87/90 - 22.170s
09: Epoch 87/90 - 22.170s
15: Epoch 87/90 - 22.170s
03: Epoch 87/90 - 22.170s
13: Epoch 87/90 - 22.170s
07: Epoch 87/90 - 22.170s
00: Epoch 87/90 - 22.170s
01: Epoch 88/90 - 21.786s
14: Epoch 88/90 - 21.786s
12: Epoch 88/90 - 21.786s
06: Epoch 88/90 - 21.786s
10: Epoch 88/90 - 21.786s
04: Epoch 88/90 - 21.786s
08: Epoch 88/90 - 21.786s
15: Epoch 88/90 - 21.786s
02: Epoch 88/90 - 21.786s
13: Epoch 88/90 - 21.786s
07: Epoch 88/90 - 21.786s
11: Epoch 88/90 - 21.786s
05: Epoch 88/90 - 21.786s
09: Epoch 88/90 - 21.786s
03: Epoch 88/90 - 21.786s
00: Epoch 88/90 - 21.786s
01: Epoch 89/90 - 21.537s
10: Epoch 89/90 - 21.537s
08: Epoch 89/90 - 21.537s
08: Steps per epoch: 49
01: Steps per epoch: 49
01: Validation steps per epoch: 157
04: Epoch 89/90 - 21.537s
04: Steps per epoch: 49
14: Epoch 89/90 - 21.537s
14: Steps per epoch: 49
14: Validation steps per epoch: 157
02: Epoch 89/90 - 21.537s
02: Steps per epoch: 49
02: Validation steps per epoch: 157
12: Epoch 89/90 - 21.537s
12: Steps per epoch: 49
12: Validation steps per epoch: 157
06: Epoch 89/90 - 21.537s
06: Steps per epoch: 49
11: Epoch 89/90 - 21.537s
11: Steps per epoch: 49
11: Validation steps per epoch: 157
05: Epoch 89/90 - 21.537s
05: Steps per epoch: 49
05: Validation steps per epoch: 157
09: Epoch 89/90 - 21.537s
09: Steps per epoch: 49
09: Validation steps per epoch: 157
15: Epoch 89/90 - 21.537s
15: Steps per epoch: 49
15: Validation steps per epoch: 157
01: Average time per epoch: 22.172 s
03: Epoch 89/90 - 21.537s
03: Steps per epoch: 49
03: Validation steps per epoch: 157
13: Epoch 89/90 - 21.537s
13: Steps per epoch: 49
13: Validation steps per epoch: 157
07: Epoch 89/90 - 21.537s
07: Steps per epoch: 49
07: Validation steps per epoch: 157
10: Steps per epoch: 49
10: Validation steps per epoch: 157
04: Validation steps per epoch: 157
08: Validation steps per epoch: 157
14: Average time per epoch: 22.172 s
03: Average time per epoch: 22.172 s
12: Average time per epoch: 22.172 s
06: 
06: Validation steps per epoch: 157
10: Average time per epoch: 22.172 s
04: Average time per epoch: 22.172 s
08: Average time per epoch: 22.172 s
15: Average time per epoch: 22.172 s
00: Epoch 89/90 - 21.537s
00: Steps per epoch: 49
00: Validation steps per epoch: 157
02: Average time per epoch: 22.172 s
13: Average time per epoch: 22.172 s
06: Average time per epoch: 22.172 s
11: Average time per epoch: 22.172 s
05: Average time per epoch: 22.172 s
09: Average time per epoch: 22.172 s
00: Average time per epoch: 22.172 s
07: Average time per epoch: 22.172 s
02: --- 1999.5013890266418 seconds ---
14: --- 1999.5198259353638 seconds ---
06: --- 1999.5264344215393 seconds ---
13: --- 1999.521017074585 seconds ---
11: --- 1999.52801156044 seconds ---
09: --- 1999.524581193924 seconds ---
15: --- 1999.513123035431 seconds ---
03: --- 1999.516048192978 seconds ---
07: --- 1999.5274291038513 seconds ---
04: --- 1999.523990392685 seconds ---
01: --- 1999.5184998512268 seconds ---
12: --- 1999.5176107883453 seconds ---
10: --- 1999.5401825904846 seconds ---
00: --- 1999.5190980434418 seconds ---
05: --- 1999.532028913498 seconds ---
08: --- 1999.5367965698242 seconds ---
ELAPSED: 2001 seconds
End at Tue Feb  9 20:58:26 EET 2021
