WORKERS: "gpu03-ib:5555","gpu04-ib:5555"
Start at Sun Feb 14 03:27:28 EET 2021
CUDA_VISIBLE_DEVICES: 0,1
Running on hosts: gpu[03-04]
Running on 2 nodes.
Running 2 tasks per node
Job id is 1095030
3: Number of devices per node: 2
0: Number of devices per node: 2
2: Number of devices per node: 2
1: Number of devices per node: 2
1: rank 1
0: rank 0
2: rank 2
3: rank 3
3: 
1: => creating model 'resnet50'
3: => creating model 'resnet50'
2: => creating model 'resnet50'
0: => creating model 'resnet50'
1: Epoch 0/90 - 38.806s
2: Epoch 0/90 - 38.806s
3: Epoch 0/90 - 38.806s
0: Epoch 0/90 - 38.807s
1: Epoch 1/90 - 20.767s
2: Epoch 1/90 - 20.767s
3: Epoch 1/90 - 20.767s
0: Epoch 1/90 - 20.766s
1: Epoch 2/90 - 20.722s
2: Epoch 2/90 - 20.722s
3: Epoch 2/90 - 20.722s
0: Epoch 2/90 - 20.722s
1: Epoch 3/90 - 20.900s
2: Epoch 3/90 - 20.900s
3: Epoch 3/90 - 20.900s
0: Epoch 3/90 - 20.900s
1: Epoch 4/90 - 20.547s
2: Epoch 4/90 - 20.547s
3: Epoch 4/90 - 20.547s
0: Epoch 4/90 - 20.547s
1: Epoch 5/90 - 20.898s
2: Epoch 5/90 - 20.898s
3: Epoch 5/90 - 20.898s
0: Epoch 5/90 - 20.898s
1: Epoch 6/90 - 20.690s
2: Epoch 6/90 - 20.690s
3: Epoch 6/90 - 20.690s
0: Epoch 6/90 - 20.690s
2: Epoch 7/90 - 20.967s
1: Epoch 7/90 - 20.967s
3: Epoch 7/90 - 20.967s
0: Epoch 7/90 - 20.967s
1: Epoch 8/90 - 20.440s
2: Epoch 8/90 - 20.440s
3: Epoch 8/90 - 20.440s
0: Epoch 8/90 - 20.440s
1: Epoch 9/90 - 20.944s
2: Epoch 9/90 - 20.944s
3: Epoch 9/90 - 20.944s
0: Epoch 9/90 - 20.944s
1: Epoch 10/90 - 20.770s
2: Epoch 10/90 - 20.770s
3: Epoch 10/90 - 20.770s
0: Epoch 10/90 - 20.770s
1: Epoch 11/90 - 20.823s
2: Epoch 11/90 - 20.823s
3: Epoch 11/90 - 20.823s
0: Epoch 11/90 - 20.823s
1: Epoch 12/90 - 20.758s
2: Epoch 12/90 - 20.758s
3: Epoch 12/90 - 20.758s
0: Epoch 12/90 - 20.758s
1: Epoch 13/90 - 20.819s
2: Epoch 13/90 - 20.819s
3: Epoch 13/90 - 20.819s
0: Epoch 13/90 - 20.819s
1: Epoch 14/90 - 20.767s
2: Epoch 14/90 - 20.767s
3: Epoch 14/90 - 20.767s
0: Epoch 14/90 - 20.767s
1: Epoch 15/90 - 20.349s
2: Epoch 15/90 - 20.349s
3: Epoch 15/90 - 20.349s
0: Epoch 15/90 - 20.349s
1: Epoch 16/90 - 20.088s
2: Epoch 16/90 - 20.088s
3: Epoch 16/90 - 20.088s
0: Epoch 16/90 - 20.088s
1: Epoch 17/90 - 20.203s
2: Epoch 17/90 - 20.203s
3: Epoch 17/90 - 20.203s
0: Epoch 17/90 - 20.203s
2: Epoch 18/90 - 20.262s
3: Epoch 18/90 - 20.262s
0: Epoch 18/90 - 20.262s
1: Epoch 18/90 - 20.266s
1: Epoch 19/90 - 20.925s
2: Epoch 19/90 - 20.929s
3: Epoch 19/90 - 20.929s
0: Epoch 19/90 - 20.929s
1: Epoch 20/90 - 20.544s
2: Epoch 20/90 - 20.544s
3: Epoch 20/90 - 20.544s
0: Epoch 20/90 - 20.544s
1: Epoch 21/90 - 20.470s
2: Epoch 21/90 - 20.470s
3: Epoch 21/90 - 20.470s
0: Epoch 21/90 - 20.470s
1: Epoch 22/90 - 20.345s
2: Epoch 22/90 - 20.345s
3: Epoch 22/90 - 20.345s
0: Epoch 22/90 - 20.345s
1: Epoch 23/90 - 20.313s
2: Epoch 23/90 - 20.313s
3: Epoch 23/90 - 20.313s
0: Epoch 23/90 - 20.313s
1: Epoch 24/90 - 20.268s
2: Epoch 24/90 - 20.268s
3: Epoch 24/90 - 20.268s
0: Epoch 24/90 - 20.268s
1: Epoch 25/90 - 21.246s
2: Epoch 25/90 - 21.246s
3: Epoch 25/90 - 21.246s
0: Epoch 25/90 - 21.246s
1: Epoch 26/90 - 20.479s
2: Epoch 26/90 - 20.479s
3: Epoch 26/90 - 20.479s
0: Epoch 26/90 - 20.479s
1: Epoch 27/90 - 20.908s
3: Epoch 27/90 - 20.908s
2: Epoch 27/90 - 20.908s
0: Epoch 27/90 - 20.908s
1: Epoch 28/90 - 20.450s
2: Epoch 28/90 - 20.450s
3: Epoch 28/90 - 20.450s
0: Epoch 28/90 - 20.450s
1: Epoch 29/90 - 20.911s
3: Epoch 29/90 - 20.911s
2: Epoch 29/90 - 20.911s
0: Epoch 29/90 - 20.911s
1: Epoch 30/90 - 20.910s
2: Epoch 30/90 - 20.910s
3: Epoch 30/90 - 20.910s
0: Epoch 30/90 - 20.910s
1: Epoch 31/90 - 20.794s
2: Epoch 31/90 - 20.794s
3: Epoch 31/90 - 20.794s
0: Epoch 31/90 - 20.794s
1: Epoch 32/90 - 20.298s
2: Epoch 32/90 - 20.298s
3: Epoch 32/90 - 20.298s
0: Epoch 32/90 - 20.298s
1: Epoch 33/90 - 20.236s
2: Epoch 33/90 - 20.236s
3: Epoch 33/90 - 20.236s
0: Epoch 33/90 - 20.236s
1: Epoch 34/90 - 20.229s
2: Epoch 34/90 - 20.229s
3: Epoch 34/90 - 20.229s
0: Epoch 34/90 - 20.229s
1: Epoch 35/90 - 20.319s
2: Epoch 35/90 - 20.319s
3: Epoch 35/90 - 20.319s
0: Epoch 35/90 - 20.319s
1: Epoch 36/90 - 20.429s
2: Epoch 36/90 - 20.429s
3: Epoch 36/90 - 20.429s
0: Epoch 36/90 - 20.429s
1: Epoch 37/90 - 20.730s
2: Epoch 37/90 - 20.730s
3: Epoch 37/90 - 20.730s
0: Epoch 37/90 - 20.730s
1: Epoch 38/90 - 20.376s
2: Epoch 38/90 - 20.376s
3: Epoch 38/90 - 20.376s
0: Epoch 38/90 - 20.376s
1: Epoch 39/90 - 21.001s
2: Epoch 39/90 - 21.001s
3: Epoch 39/90 - 21.001s
0: Epoch 39/90 - 21.001s
1: Epoch 40/90 - 21.079s
2: Epoch 40/90 - 21.079s
3: Epoch 40/90 - 21.079s
0: Epoch 40/90 - 21.079s
1: Epoch 41/90 - 21.214s
2: Epoch 41/90 - 21.214s
3: Epoch 41/90 - 21.214s
0: Epoch 41/90 - 21.214s
1: Epoch 42/90 - 21.120s
2: Epoch 42/90 - 21.120s
3: Epoch 42/90 - 21.120s
0: Epoch 42/90 - 21.120s
1: Epoch 43/90 - 20.751s
2: Epoch 43/90 - 20.751s
3: Epoch 43/90 - 20.751s
0: Epoch 43/90 - 20.751s
1: Epoch 44/90 - 20.368s
2: Epoch 44/90 - 20.368s
3: Epoch 44/90 - 20.368s
0: Epoch 44/90 - 20.369s
1: Epoch 45/90 - 20.792s
2: Epoch 45/90 - 20.792s
3: Epoch 45/90 - 20.792s
0: Epoch 45/90 - 20.792s
1: Epoch 46/90 - 20.812s
2: Epoch 46/90 - 20.812s
3: Epoch 46/90 - 20.812s
0: Epoch 46/90 - 20.812s
1: Epoch 47/90 - 20.886s
2: Epoch 47/90 - 20.886s
3: Epoch 47/90 - 20.886s
0: Epoch 47/90 - 20.886s
1: Epoch 48/90 - 20.431s
2: Epoch 48/90 - 20.431s
3: Epoch 48/90 - 20.431s
0: Epoch 48/90 - 20.431s
1: Epoch 49/90 - 20.277s
2: Epoch 49/90 - 20.277s
3: Epoch 49/90 - 20.277s
0: Epoch 49/90 - 20.277s
1: Epoch 50/90 - 20.809s
2: Epoch 50/90 - 20.809s
3: Epoch 50/90 - 20.809s
0: Epoch 50/90 - 20.809s
1: Epoch 51/90 - 20.459s
2: Epoch 51/90 - 20.459s
3: Epoch 51/90 - 20.459s
0: Epoch 51/90 - 20.459s
1: Epoch 52/90 - 20.504s
2: Epoch 52/90 - 20.504s
3: Epoch 52/90 - 20.504s
0: Epoch 52/90 - 20.504s
1: Epoch 53/90 - 20.856s
2: Epoch 53/90 - 20.856s
3: Epoch 53/90 - 20.856s
0: Epoch 53/90 - 20.856s
1: Epoch 54/90 - 20.844s
2: Epoch 54/90 - 20.844s
3: Epoch 54/90 - 20.844s
0: Epoch 54/90 - 20.844s
1: Epoch 55/90 - 20.828s
2: Epoch 55/90 - 20.828s
3: Epoch 55/90 - 20.828s
0: Epoch 55/90 - 20.827s
1: Epoch 56/90 - 20.781s
2: Epoch 56/90 - 20.781s
3: Epoch 56/90 - 20.781s
0: Epoch 56/90 - 20.781s
1: Epoch 57/90 - 20.049s
2: Epoch 57/90 - 20.049s
3: Epoch 57/90 - 20.049s
0: Epoch 57/90 - 20.048s
1: Epoch 58/90 - 20.329s
2: Epoch 58/90 - 20.329s
3: Epoch 58/90 - 20.329s
0: Epoch 58/90 - 20.329s
1: Epoch 59/90 - 20.789s
2: Epoch 59/90 - 20.789s
3: Epoch 59/90 - 20.789s
0: Epoch 59/90 - 20.789s
1: Epoch 60/90 - 20.101s
2: Epoch 60/90 - 20.101s
3: Epoch 60/90 - 20.101s
0: Epoch 60/90 - 20.101s
1: Epoch 61/90 - 20.221s
2: Epoch 61/90 - 20.221s
3: Epoch 61/90 - 20.221s
0: Epoch 61/90 - 20.221s
1: Epoch 62/90 - 20.865s
2: Epoch 62/90 - 20.865s
3: Epoch 62/90 - 20.865s
0: Epoch 62/90 - 20.865s
1: Epoch 63/90 - 20.711s
2: Epoch 63/90 - 20.711s
3: Epoch 63/90 - 20.711s
0: Epoch 63/90 - 20.711s
1: Epoch 64/90 - 20.361s
2: Epoch 64/90 - 20.361s
3: Epoch 64/90 - 20.361s
0: Epoch 64/90 - 20.361s
1: Epoch 65/90 - 20.796s
2: Epoch 65/90 - 20.797s
3: Epoch 65/90 - 20.796s
0: Epoch 65/90 - 20.797s
1: Epoch 66/90 - 20.783s
2: Epoch 66/90 - 20.783s
3: Epoch 66/90 - 20.783s
0: Epoch 66/90 - 20.783s
1: Epoch 67/90 - 20.772s
3: Epoch 67/90 - 20.772s
2: Epoch 67/90 - 20.772s
0: Epoch 67/90 - 20.772s
1: Epoch 68/90 - 20.075s
2: Epoch 68/90 - 20.075s
3: Epoch 68/90 - 20.075s
0: Epoch 68/90 - 20.075s
1: Epoch 69/90 - 20.707s
2: Epoch 69/90 - 20.707s
3: Epoch 69/90 - 20.707s
0: Epoch 69/90 - 20.707s
1: Epoch 70/90 - 20.099s
2: Epoch 70/90 - 20.099s
3: Epoch 70/90 - 20.099s
0: Epoch 70/90 - 20.099s
1: Epoch 71/90 - 20.757s
2: Epoch 71/90 - 20.757s
3: Epoch 71/90 - 20.757s
0: Epoch 71/90 - 20.757s
1: Epoch 72/90 - 20.736s
2: Epoch 72/90 - 20.736s
3: Epoch 72/90 - 20.736s
0: Epoch 72/90 - 20.736s
1: Epoch 73/90 - 20.774s
2: Epoch 73/90 - 20.774s
3: Epoch 73/90 - 20.774s
0: Epoch 73/90 - 20.774s
1: Epoch 74/90 - 20.726s
2: Epoch 74/90 - 20.726s
3: Epoch 74/90 - 20.726s
0: Epoch 74/90 - 20.726s
1: Epoch 75/90 - 20.693s
2: Epoch 75/90 - 20.693s
3: Epoch 75/90 - 20.693s
0: Epoch 75/90 - 20.693s
1: Epoch 76/90 - 20.296s
2: Epoch 76/90 - 20.296s
3: Epoch 76/90 - 20.296s
0: Epoch 76/90 - 20.296s
1: Epoch 77/90 - 20.763s
2: Epoch 77/90 - 20.763s
3: Epoch 77/90 - 20.763s
0: Epoch 77/90 - 20.763s
1: Epoch 78/90 - 20.745s
2: Epoch 78/90 - 20.745s
3: Epoch 78/90 - 20.745s
0: Epoch 78/90 - 20.745s
1: Epoch 79/90 - 20.368s
2: Epoch 79/90 - 20.368s
3: Epoch 79/90 - 20.368s
0: Epoch 79/90 - 20.368s
1: Epoch 80/90 - 20.835s
2: Epoch 80/90 - 20.835s
3: Epoch 80/90 - 20.835s
0: Epoch 80/90 - 20.835s
1: Epoch 81/90 - 20.778s
2: Epoch 81/90 - 20.778s
3: Epoch 81/90 - 20.778s
0: Epoch 81/90 - 20.778s
1: Epoch 82/90 - 20.733s
2: Epoch 82/90 - 20.733s
3: Epoch 82/90 - 20.733s
0: Epoch 82/90 - 20.733s
1: Epoch 83/90 - 20.744s
2: Epoch 83/90 - 20.744s
3: Epoch 83/90 - 20.744s
0: Epoch 83/90 - 20.744s
1: Epoch 84/90 - 20.729s
2: Epoch 84/90 - 20.729s
3: Epoch 84/90 - 20.729s
0: Epoch 84/90 - 20.729s
1: Epoch 85/90 - 20.712s
2: Epoch 85/90 - 20.712s
3: Epoch 85/90 - 20.712s
0: Epoch 85/90 - 20.712s
1: Epoch 86/90 - 20.028s
2: Epoch 86/90 - 20.028s
3: Epoch 86/90 - 20.028s
0: Epoch 86/90 - 20.028s
1: Epoch 87/90 - 20.651s
3: Epoch 87/90 - 20.651s
2: Epoch 87/90 - 20.651s
0: Epoch 87/90 - 20.651s
1: Epoch 88/90 - 20.664s
2: Epoch 88/90 - 20.664s
3: Epoch 88/90 - 20.664s
0: Epoch 88/90 - 20.664s
1: Epoch 89/90 - 20.615s
1: Steps per epoch: 25
1: Validation steps per epoch: 20
2: Epoch 89/90 - 20.615s
2: Steps per epoch: 25
3: Epoch 89/90 - 20.615s
3: Steps per epoch: 25
3: Validation steps per epoch: 20
1: Average time per epoch: 20.828 s
2: Validation steps per epoch: 20
3: Average time per epoch: 20.828 s
0: Epoch 89/90 - 20.615s
0: Steps per epoch: 25
2: Average time per epoch: 20.828 s
0: Validation steps per epoch: 20
0: Average time per epoch: 20.828 s
1: --- 1878.071893453598 seconds ---
2: --- 1878.07178068161 seconds ---
0: --- 1878.0497903823853 seconds ---
3: --- 1878.022807598114 seconds ---
ELAPSED: 1880 seconds
End at Sun Feb 14 03:58:48 EET 2021
