WORKERS: "gpu08-ib:5555"
Start at Tue Feb  9 15:39:57 EET 2021
CUDA_VISIBLE_DEVICES: 0
Running on hosts: gpu08
Running on 1 nodes.
Running 1 tasks per node
Job id is 1092089
0: Number of devices per node: 1
0: rank 0
0: => creating model 'resnet50'
0: Epoch: [0][ 0/25]	26.755905151367188	0.620377779006958	7.328063011169434	0.0
0: Epoch: [0][ 0/25]	3.6609795093536377	0.5715867877006531	3.2481765747070312	10.848721861839294
0: Epoch: [0][ 0/25]	2.5594143867492676	0.5677434206008911	3.280407190322876	11.98614239692688
0: Epoch 0/90 - 85.204s
0: Epoch: [1][ 0/25]	1.336219072341919	0.5489959716796875	3.989133596420288	19.091796875
0: Epoch: [1][ 0/25]	1.3568077087402344	0.5442606806755066	2.9270477294921875	19.620028138160706
0: Epoch: [1][ 0/25]	1.3545687198638916	0.5461573600769043	2.572960615158081	22.6167231798172
0: Epoch 1/90 - 38.386s
0: Epoch: [2][ 0/25]	1.339087963104248	0.5490913391113281	1.934525966644287	30.859375
0: Epoch: [2][ 0/25]	1.3565350770950317	0.5474672317504883	1.8803693056106567	34.042081236839294
0: Epoch: [2][ 0/25]	1.3582249879837036	0.5467967987060547	1.835119366645813	35.205078125
0: Epoch 2/90 - 38.467s
0: Epoch: [3][ 0/25]	1.3414220809936523	0.5479660034179688	1.6629698276519775	40.52734375
0: Epoch: [3][ 0/25]	1.357541561126709	0.5475776195526123	1.6540035009384155	42.11647808551788
0: Epoch: [3][ 0/25]	1.3570517301559448	0.5476762652397156	1.6361932754516602	42.39443838596344
0: Epoch 3/90 - 38.460s
0: Epoch: [4][ 0/25]	1.3556396961212158	0.5630879402160645	1.5411245822906494	45.1171875
0: Epoch: [4][ 0/25]	1.357649564743042	0.5480628609657288	1.4777764081954956	47.274503111839294
0: Epoch: [4][ 0/25]	1.3575258255004883	0.5477266311645508	1.4787688255310059	47.45628833770752
0: Epoch 4/90 - 38.470s
0: Epoch: [5][ 0/25]	1.3375849723815918	0.547015905380249	1.330950140953064	51.7578125
0: Epoch: [5][ 0/25]	1.3635846376419067	0.5443034172058105	1.3289973735809326	53.00958752632141
0: Epoch: [5][ 0/25]	1.364661455154419	0.5439690351486206	1.3345073461532593	52.81575322151184
0: Epoch 5/90 - 38.625s
0: Epoch: [6][ 0/25]	1.3397364616394043	0.5463054180145264	1.1428719758987427	59.86328125
0: Epoch: [6][ 0/25]	1.3644378185272217	0.543849766254425	1.1854840517044067	58.274149894714355
0: Epoch: [6][ 0/25]	1.3644968271255493	0.5443198084831238	1.1842124462127686	58.349609375
0: Epoch 6/90 - 38.614s
0: Epoch: [7][ 0/25]	1.3387999534606934	0.5460119247436523	1.084465742111206	62.353515625
0: Epoch: [7][ 0/25]	1.363268256187439	0.544318675994873	1.0886203050613403	61.740946769714355
0: Epoch: [7][ 0/25]	1.3631266355514526	0.5454617738723755	1.094749927520752	61.32347583770752
0: 
0: Epoch 7/90 - 38.585s
0: Epoch: [8][ 0/25]	1.3414568901062012	0.5466468334197998	0.9377667903900146	66.796875
0: Epoch: [8][ 0/25]	1.363338589668274	0.5445288419723511	0.9658777117729187	66.40180945396423
0: Epoch: [8][ 0/25]	1.3624298572540283	0.5458243489265442	0.9922615885734558	65.53431749343872
0: Epoch 8/90 - 38.582s
0: Epoch: [9][ 0/25]	1.3423233032226562	0.5475497245788574	0.8560062646865845	72.705078125
0: Epoch: [9][ 0/25]	1.3572006225585938	0.5476576685905457	0.8707946538925171	70.03728747367859
0: 
0: Epoch: [9][ 0/25]	1.358017921447754	0.5469199419021606	0.8882843852043152	69.1034197807312
0: Epoch 9/90 - 38.474s
0: Epoch: [10][ 0/25]	1.339554786682129	0.5463879108428955	0.7013419270515442	75.1953125
0: Epoch: [10][ 0/25]	1.3561170101165771	0.5480315685272217	0.7517990469932556	73.92578125
0: Epoch: [10][ 0/25]	1.3585890531539917	0.5470446944236755	0.7718663811683655	72.90736436843872
0: Epoch 10/90 - 38.481s
0: Epoch: [11][ 0/25]	1.333984136581421	0.5392787456512451	0.6337760090827942	78.41796875
0: Epoch: [11][ 0/25]	1.362167239189148	0.5394405126571655	0.6558236479759216	77.41920948028564
0: Epoch: [11][ 0/25]	1.3646116256713867	0.5389949083328247	0.6747885942459106	76.81593894958496
0: Epoch 11/90 - 38.618s
0: Epoch: [12][ 0/25]	1.3337864875793457	0.5392098426818848	0.5406481027603149	81.689453125
0: Epoch: [12][ 0/25]	1.363793969154358	0.5370577573776245	0.5892961025238037	79.58540320396423
0: Epoch: [12][ 0/25]	1.365216612815857	0.5367832183837891	0.6093928217887878	78.85509729385376
0: Epoch 12/90 - 38.618s
0: Epoch: [13][ 0/25]	1.333434820175171	0.5391428470611572	0.4535081088542938	83.935546875
0: Epoch: [13][ 0/25]	1.3643524646759033	0.5361025333404541	0.5243045091629028	81.73384070396423
0: Epoch: [13][ 0/25]	1.365677833557129	0.5358442664146423	0.5414862036705017	81.2127947807312
0: Epoch 13/90 - 38.606s
0: Epoch: [14][ 0/25]	1.3319220542907715	0.5394437313079834	0.4839029312133789	85.107421875
0: Epoch: [14][ 0/25]	1.36421537399292	0.5366945862770081	0.47682905197143555	83.47389698028564
0: Epoch: [14][ 0/25]	1.365802526473999	0.5372974276542664	0.49367082118988037	82.8497052192688
0: Epoch 14/90 - 38.631s
0: Epoch: [15][ 0/25]	1.3316609859466553	0.5389413833618164	0.3860165774822235	86.81640625
0: Epoch: [15][ 0/25]	1.363768458366394	0.5377935767173767	0.43987980484962463	84.87215638160706
0: Epoch: [15][ 0/25]	1.3647571802139282	0.538868248462677	0.4481998085975647	84.45870280265808
0: Epoch 15/90 - 38.610s
0: Epoch: [16][ 0/25]	1.3328917026519775	0.5384640693664551	0.2989143133163452	89.84375
0: Epoch: [16][ 0/25]	1.3639750480651855	0.5358759760856628	0.35655882954597473	87.72638440132141
0: Epoch: [16][ 0/25]	1.3652746677398682	0.5375083088874817	0.36774057149887085	87.2930645942688
0: Epoch 16/90 - 38.607s
0: Epoch: [17][ 0/25]	1.330249547958374	0.5386059284210205	0.26451969146728516	91.11328125
0: Epoch: [17][ 0/25]	1.363468050956726	0.5375651717185974	0.3050958812236786	89.71946239471436
0: Epoch: [17][ 0/25]	1.3649474382400513	0.5382555723190308	0.3116404712200165	89.2694354057312
0: Epoch 17/90 - 38.607s
0: Epoch: [18][ 0/25]	1.3344461917877197	0.5396137237548828	0.20567072927951813	93.505859375
0: Epoch: [18][ 0/25]	1.3632172346115112	0.5394381880760193	0.25553810596466064	91.54385924339294
0: Epoch: [18][ 0/25]	1.3655179738998413	0.5393653512001038	0.2730479836463928	90.80403447151184
0: Epoch 18/90 - 38.614s
0: Epoch: [19][ 0/25]	1.3318369388580322	0.5395634174346924	0.18931560218334198	93.9453125
0: Epoch: [19][ 0/25]	1.3636871576309204	0.5405431389808655	0.24830766022205353	91.54829382896423
0: Epoch: [19][ 0/25]	1.3656388521194458	0.5400881171226501	0.2611331343650818	91.10863208770752
0: Epoch 19/90 - 38.634s
0: Epoch: [20][ 0/25]	1.331742525100708	0.5394387245178223	0.18305610120296478	93.65234375
0: Epoch: [20][ 0/25]	1.3641830682754517	0.5357605218887329	0.24586530029773712	91.62819385528564
0: Epoch: [20][ 0/25]	1.3656823635101318	0.5357674360275269	0.25740987062454224	91.19465947151184
0: Epoch 20/90 - 38.622s
0: Epoch: [21][ 0/25]	1.3350472450256348	0.5395081043243408	0.15641044080257416	94.970703125
0: Epoch: [21][ 0/25]	1.364837408065796	0.5370902419090271	0.216146320104599	92.97319054603577
0: Epoch: [21][ 0/25]	1.3650082349777222	0.5374831557273865	0.22635018825531006	92.46419072151184
0: Epoch 21/90 - 38.610s
0: Epoch: [22][ 0/25]	1.3330533504486084	0.539158821105957	0.16081364452838898	94.580078125
0: Epoch: [22][ 0/25]	1.3638062477111816	0.5364294052124023	0.18694402277469635	93.54137182235718
0: Epoch: [22][ 0/25]	1.364587664604187	0.5373835563659668	0.1877308040857315	93.57793927192688
0: Epoch 22/90 - 38.601s
0: Epoch: [23][ 0/25]	1.331545352935791	0.5392887592315674	0.12857647240161896	95.947265625
0: Epoch: [23][ 0/25]	1.3638169765472412	0.5380838513374329	0.15670132637023926	94.80202198028564
0: Epoch: [23][ 0/25]	1.3646960258483887	0.5389621257781982	0.16295945644378662	94.53125
0: Epoch 23/90 - 38.602s
0: Epoch: [24][ 0/25]	1.3328359127044678	0.5391464233398438	0.11748488992452621	96.142578125
0: Epoch: [24][ 0/25]	1.3630744218826294	0.5375030636787415	0.15377594530582428	94.85085010528564
0: Epoch: [24][ 0/25]	1.3647762537002563	0.5381266474723816	0.15838071703910828	94.57077980041504
0: Epoch 24/90 - 38.598s
0: Epoch: [25][ 0/25]	1.33152174949646	0.5386452674865723	0.10611499845981598	96.19140625
0: Epoch: [25][ 0/25]	1.3626259565353394	0.538672149181366	0.12197694927453995	95.85404992103577
0: Epoch: [25][ 0/25]	1.3646758794784546	0.5385910868644714	0.1266728937625885	95.74962854385376
0: Epoch 25/90 - 38.594s
0: Epoch: [26][ 0/25]	1.3307960033416748	0.5393383502960205	0.07346398383378983	98.095703125
0: Epoch: [26][ 0/25]	1.3630379438400269	0.5391601920127869	0.10019006580114365	96.64861559867859
0: Epoch: [26][ 0/25]	1.3649717569351196	0.538558840751648	0.10855681449174881	96.337890625
0: Epoch 26/90 - 38.628s
0: Epoch: [27][ 0/25]	1.3311376571655273	0.5391623973846436	0.07048048824071884	97.75390625
0: Epoch: [27][ 0/25]	1.363688588142395	0.5369407534599304	0.10345842689275742	96.6796875
0: Epoch: [27][ 0/25]	1.3652589321136475	0.537149965763092	0.10788701474666595	96.43322229385376
0: Epoch 27/90 - 38.630s
0: Epoch: [28][ 0/25]	1.3353970050811768	0.5402712821960449	0.07126908749341965	97.55859375
0: Epoch: [28][ 0/25]	1.3646137714385986	0.5367984771728516	0.0936068594455719	96.96821570396423
0: 
0: Epoch: [28][ 0/25]	1.3659411668777466	0.5365327000617981	0.09997247159481049	96.68433666229248
0: Epoch 28/90 - 38.611s
0: Epoch: [29][ 0/25]	1.3327884674072266	0.539217472076416	0.05779772624373436	98.388671875
0: Epoch: [29][ 0/25]	1.3648731708526611	0.5361698865890503	0.0837736576795578	97.314453125
0: Epoch: [29][ 0/25]	1.3652422428131104	0.5367444753646851	0.0902365893125534	96.98195457458496
0: Epoch 29/90 - 38.610s
0: Epoch: [30][ 0/25]	1.3316667079925537	0.5384917259216309	0.06821000576019287	97.75390625
0: Epoch: [30][ 0/25]	1.3638875484466553	0.5359838604927063	0.05999297276139259	98.03355932235718
0: Epoch: [30][ 0/25]	1.3648828268051147	0.5370281934738159	0.051095135509967804	98.38402271270752
0: Epoch 30/90 - 38.598s
0: Epoch: [31][ 0/25]	1.3302247524261475	0.5380721092224121	0.019199924543499947	99.51171875
0: Epoch: [31][ 0/25]	1.3639534711837769	0.5356450080871582	0.01596728526055813	99.69815611839294
0: Epoch: [31][ 0/25]	1.3648062944412231	0.5363333821296692	0.01495879702270031	99.72330927848816
0: Epoch 31/90 - 38.592s
0: Epoch: [32][ 0/25]	1.3271691799163818	0.5345840454101562	0.011463427916169167	99.90234375
0: Epoch: [32][ 0/25]	1.3631232976913452	0.5345959663391113	0.011476985178887844	99.84019994735718
0: Epoch: [32][ 0/25]	1.3649705648422241	0.5343089699745178	0.010613818652927876	99.853515625
0: Epoch 32/90 - 38.592s
0: Epoch: [33][ 0/25]	1.3297028541564941	0.5359945297241211	0.008176812902092934	99.90234375
0: Epoch: [33][ 0/25]	1.3623912334442139	0.5356816649436951	0.008284331299364567	99.88458752632141
0: Epoch: [33][ 0/25]	1.364451289176941	0.5356156229972839	0.00794169120490551	99.90234375
0: Epoch 33/90 - 38.575s
0: Epoch: [34][ 0/25]	1.3295111656188965	0.5354297161102295	0.00533677451312542	100.0
0: Epoch: [34][ 0/25]	1.3631354570388794	0.5356254577636719	0.00613803556188941	99.951171875
0: Epoch: [34][ 0/25]	1.3647476434707642	0.5350901484489441	0.006747073959559202	99.92792010307312
0: Epoch 34/90 - 38.588s
0: Epoch: [35][ 0/25]	1.330634355545044	0.5352797508239746	0.005583898164331913	99.951171875
0: Epoch: [35][ 0/25]	1.3635544776916504	0.5337782502174377	0.0057057528756558895	99.96448755264282
0: Epoch: [35][ 0/25]	1.3653249740600586	0.533635675907135	0.005593976471573114	99.96512532234192
0: Epoch 35/90 - 38.615s
0: Epoch: [36][ 0/25]	1.330885887145996	0.5360119342803955	0.003687352640554309	100.0
0: Epoch: [36][ 0/25]	1.3641024827957153	0.5321424007415771	0.005320282652974129	99.96004700660706
0: Epoch: [36][ 0/25]	1.3656827211380005	0.5319672226905823	0.005550757981836796	99.951171875
0: Epoch 36/90 - 38.600s
0: Epoch: [37][ 0/25]	1.3279047012329102	0.5355076789855957	0.003591446205973625	100.0
0: Epoch: [37][ 0/25]	1.3636727333068848	0.5327159762382507	0.0053566377609968185	99.94673132896423
0: Epoch: [37][ 0/25]	1.3645161390304565	0.5333871841430664	0.004988010972738266	99.95814561843872
0: Epoch 37/90 - 38.578s
0: Epoch: [38][ 0/25]	1.330838918685913	0.5349485874176025	0.009490379132330418	99.90234375
0: Epoch: [38][ 0/25]	1.3638170957565308	0.5330577492713928	0.004453526344150305	99.98224377632141
0: Epoch: [38][ 0/25]	1.3648426532745361	0.5342825055122375	0.004184338264167309	99.9813973903656
0: Epoch 38/90 - 38.587s
0: Epoch: [39][ 0/25]	1.3297133445739746	0.5365471839904785	0.0029466093983501196	100.0
0: Epoch: [39][ 0/25]	1.3622158765792847	0.5345020294189453	0.004603463690727949	99.96892809867859
0: Epoch: [39][ 0/25]	1.3646726608276367	0.5342429280281067	0.004350196570158005	99.97442364692688
0: Epoch 39/90 - 38.582s
0: Epoch: [40][ 0/25]	1.3287179470062256	0.535308837890625	0.002639422193169594	100.0
0: Epoch: [40][ 0/25]	1.3620972633361816	0.5348354578018188	0.003306754631921649	99.99112486839294
0: Epoch: [40][ 0/25]	1.3643450736999512	0.5339383482933044	0.004592763725668192	99.95349645614624
0: Epoch 40/90 - 38.577s
0: Epoch: [41][ 0/25]	1.3259625434875488	0.5329000949859619	0.006924740970134735	99.853515625
0: Epoch: [41][ 0/25]	1.3633246421813965	0.5338882207870483	0.003458470106124878	99.96892809867859
0: Epoch: [41][ 0/25]	1.3648920059204102	0.5332381129264832	0.0031183939427137375	99.9813973903656
0: Epoch 41/90 - 38.585s
0: Epoch: [42][ 0/25]	1.34053373336792	0.549475908279419	0.004077553749084473	100.0
0: Epoch: [42][ 0/25]	1.364970088005066	0.5353822112083435	0.004141723737120628	99.92897510528564
0: Epoch: [42][ 0/25]	1.365842580795288	0.5347990393638611	0.004191491287201643	99.94187355041504
0: Epoch 42/90 - 38.619s
0: Epoch: [43][ 0/25]	1.3239967823028564	0.532646894454956	0.0051742917858064175	100.0
0: Epoch: [43][ 0/25]	1.3636802434921265	0.5322206020355225	0.004109530244022608	99.97336864471436
0: Epoch: [43][ 0/25]	1.3659425973892212	0.5323400497436523	0.003776753321290016	99.96512532234192
0: Epoch 43/90 - 38.593s
0: Epoch: [44][ 0/25]	1.325756549835205	0.5335259437561035	0.0023500544484704733	100.0
0: Epoch: [44][ 0/25]	1.3633681535720825	0.5319051146507263	0.003046455094590783	99.98224377632141
0: Epoch: [44][ 0/25]	1.3652254343032837	0.5324471592903137	0.0029092824552208185	99.98604655265808
0: Epoch 44/90 - 38.586s
0: Epoch: [45][ 0/25]	1.3259165287017822	0.5329639911651611	0.0021449276246130466	100.0
0: Epoch: [45][ 0/25]	1.3637531995773315	0.5328171253204346	0.0022730729542672634	99.99555945396423
0: Epoch: [45][ 0/25]	1.3618357181549072	0.54445880651474	0.0024994597770273685	99.99302625656128
0: Epoch 45/90 - 38.565s
0: Epoch: [46][ 0/25]	1.34732985496521	0.5511648654937744	0.0024167129304260015	100.0
0: Epoch: [46][ 0/25]	1.3553802967071533	0.5499605536460876	0.0027222922071814537	99.99112486839294
0: Epoch: [46][ 0/25]	1.3555008172988892	0.5507500767707825	0.002777810674160719	99.98604655265808
0: Epoch 46/90 - 38.434s
0: Epoch: [47][ 0/25]	1.3478047847747803	0.5503029823303223	0.002432323759421706	100.0
0: Epoch: [47][ 0/25]	1.3558300733566284	0.5510378479957581	0.0026745086070150137	99.98224377632141
0: Epoch: [47][ 0/25]	1.3556257486343384	0.5506397485733032	0.002509425161406398	99.99070167541504
0: Epoch 47/90 - 38.442s
0: Epoch: [48][ 0/25]	1.3460841178894043	0.5521018505096436	0.0020497639197856188	100.0
0: Epoch: [48][ 0/25]	1.3559972047805786	0.5510579347610474	0.0020347782410681248	100.0
0: Epoch: [48][ 0/25]	1.355656385421753	0.550556480884552	0.0020575248636305332	99.99535083770752
0: Epoch 48/90 - 38.436s
0: Epoch: [49][ 0/25]	1.347332239151001	0.55185866355896	0.0017450692830607295	100.0
0: Epoch: [49][ 0/25]	1.3552091121673584	0.5513796210289001	0.002049150876700878	99.99112486839294
0: Epoch: [49][ 0/25]	1.3553391695022583	0.5509840846061707	0.0021699273493140936	99.99302625656128
0: Epoch 49/90 - 38.444s
0: Epoch: [50][ 0/25]	1.3453369140625	0.5508179664611816	0.003414530772715807	99.951171875
0: Epoch: [50][ 0/25]	1.3562394380569458	0.548661470413208	0.0024763012770563364	99.96892809867859
0: Epoch: [50][ 0/25]	1.3563191890716553	0.548688530921936	0.0024473529774695635	99.97907280921936
0: Epoch 50/90 - 38.463s
0: Epoch: [51][ 0/25]	1.3429555892944336	0.549994707107544	0.0013616085052490234	100.0
0: Epoch: [51][ 0/25]	1.3551483154296875	0.5478671789169312	0.0024788985028862953	99.97780323028564
0: Epoch: [51][ 0/25]	1.357859492301941	0.5473854541778564	0.0022641257382929325	99.98604655265808
0: Epoch 51/90 - 38.490s
0: Epoch: [52][ 0/25]	1.344041347503662	0.5501859188079834	0.002443538047373295	100.0
0: Epoch: [52][ 0/25]	1.354887843132019	0.5489699244499207	0.002686581341549754	99.96448755264282
0: Epoch: [52][ 0/25]	1.3559801578521729	0.5490455627441406	0.0024925346951931715	99.96744990348816
0: Epoch 52/90 - 38.441s
0: Epoch: [53][ 0/25]	1.34330415725708	0.549328088760376	0.002172620501369238	99.951171875
0: Epoch: [53][ 0/25]	1.3625465631484985	0.5453251004219055	0.0019818039145320654	99.98668432235718
0: Epoch: [53][ 0/25]	1.3616056442260742	0.5465944409370422	0.0019573867321014404	99.99070167541504
0: Epoch 53/90 - 38.546s
0: Epoch: [54][ 0/25]	1.3409767150878906	0.5478272438049316	0.0024941510055214167	100.0
0: Epoch: [54][ 0/25]	1.3605847358703613	0.5466795563697815	0.0024325253907591105	99.98224377632141
0: Epoch: [54][ 0/25]	1.3615387678146362	0.5464544296264648	0.0023897094652056694	99.97674822807312
0: Epoch 54/90 - 38.563s
0: Epoch: [55][ 0/25]	1.3417949676513672	0.5466194152832031	0.0021237805485725403	100.0
0: Epoch: [55][ 0/25]	1.3605877161026	0.5468215346336365	0.0016157955396920443	99.99555945396423
0: Epoch: [55][ 0/25]	1.360003113746643	0.5468865633010864	0.002254926133900881	99.97209906578064
0: Epoch 55/90 - 38.524s
0: Epoch: [56][ 0/25]	1.3422026634216309	0.5473916530609131	0.001580767915584147	100.0
0: Epoch: [56][ 0/25]	1.3613317012786865	0.5471336841583252	0.002443658420816064	99.96448755264282
0: Epoch: [56][ 0/25]	1.3609968423843384	0.5466889142990112	0.002495151711627841	99.96744990348816
0: Epoch 56/90 - 38.547s
0: Epoch: [57][ 0/25]	1.3566372394561768	0.5624680519104004	0.0015756591456010938	100.0
0: Epoch: [57][ 0/25]	1.358889102935791	0.548448383808136	0.0021904397290199995	99.97336864471436
0: Epoch: [57][ 0/25]	1.3583029508590698	0.5480681657791138	0.0018241554498672485	99.98604655265808
0: Epoch 57/90 - 38.494s
0: Epoch: [58][ 0/25]	1.340888500213623	0.5477573871612549	0.0009764074347913265	100.0
0: Epoch: [58][ 0/25]	1.363399624824524	0.544634222984314	0.0016747098416090012	99.98668432235718
0: Epoch: [58][ 0/25]	1.3639391660690308	0.5443280339241028	0.001643881550990045	99.99070167541504
0: Epoch 58/90 - 38.609s
0: Epoch: [59][ 0/25]	1.3406152725219727	0.5464260578155518	0.0010779628064483404	100.0
0: Epoch: [59][ 0/25]	1.359067678451538	0.5463384985923767	0.0014296498848125339	99.99555945396423
0: Epoch: [59][ 0/25]	1.3597126007080078	0.5468357801437378	0.0014890676829963923	99.99767541885376
0: Epoch 59/90 - 38.519s
0: Epoch: [60][ 0/25]	1.3398633003234863	0.5460100173950195	0.0014700157335028052	100.0
0: Epoch: [60][ 0/25]	1.3581148386001587	0.545977771282196	0.0015141103649511933	100.0
0: Epoch: [60][ 0/25]	1.358870267868042	0.5471049547195435	0.0015965196071192622	99.99535083770752
0: Epoch 60/90 - 38.495s
0: Epoch: [61][ 0/25]	1.3408920764923096	0.547391414642334	0.001289824373088777	100.0
0: Epoch: [61][ 0/25]	1.356357455253601	0.547730028629303	0.0012639318592846394	100.0
0: Epoch: [61][ 0/25]	1.3589287996292114	0.54731684923172	0.001389258191920817	99.99767541885376
0: Epoch 61/90 - 38.503s
0: Epoch: [62][ 0/25]	1.340768575668335	0.5472078323364258	0.0011910826433449984	100.0
0: Epoch: [62][ 0/25]	1.3639765977859497	0.5365111827850342	0.0013324484461918473	100.0
0: Epoch: [62][ 0/25]	1.365334153175354	0.5362883806228638	0.0014780850615352392	99.99535083770752
0: Epoch 62/90 - 38.608s
0: Epoch: [63][ 0/25]	1.330068826675415	0.537151575088501	0.0012000612914562225	100.0
0: Epoch: [63][ 0/25]	1.362320065498352	0.5368991494178772	0.0018085431074723601	99.99555945396423
0: Epoch: [63][ 0/25]	1.3645864725112915	0.5365910530090332	0.0015455959364771843	99.99767541885376
0: Epoch 63/90 - 38.587s
0: Epoch: [64][ 0/25]	1.3293030261993408	0.5358066558837891	0.0010192242916673422	100.0
0: Epoch: [64][ 0/25]	1.361985683441162	0.5355862975120544	0.002124909544363618	99.97780323028564
0: Epoch: [64][ 0/25]	1.3637840747833252	0.535737156867981	0.0018533498514443636	99.98372197151184
0: Epoch 64/90 - 38.619s
0: Epoch: [65][ 0/25]	1.3438305854797363	0.5495355129241943	0.0021521977614611387	100.0
0: Epoch: [65][ 0/25]	1.354753017425537	0.5486785769462585	0.0015527927316725254	99.99112486839294
0: Epoch: [65][ 0/25]	1.3551703691482544	0.5486738681793213	0.0015611620619893074	99.99302625656128
0: Epoch 65/90 - 38.431s
0: Epoch: [66][ 0/25]	1.3465158939361572	0.5513813495635986	0.001213849987834692	100.0
0: Epoch: [66][ 0/25]	1.3565661907196045	0.548846960067749	0.0018704674439504743	99.98224377632141
0: Epoch: [66][ 0/25]	1.3615479469299316	0.5418699979782104	0.0019063337240368128	99.97674822807312
0: Epoch 66/90 - 38.563s
0: Epoch: [67][ 0/25]	1.3429467678070068	0.5473330020904541	0.0012092158431187272	100.0
0: Epoch: [67][ 0/25]	1.363525629043579	0.544920027256012	0.0014845773112028837	99.99555945396423
0: Epoch: [67][ 0/25]	1.3637824058532715	0.5435340404510498	0.001813875394873321	99.98604655265808
0: Epoch 67/90 - 38.572s
0: Epoch: [68][ 0/25]	1.3293070793151855	0.5361113548278809	0.001633525243960321	100.0
0: Epoch: [68][ 0/25]	1.364013671875	0.5334619879722595	0.0015235450118780136	99.99555945396423
0: Epoch: [68][ 0/25]	1.3652218580245972	0.5346651673316956	0.0013657042291015387	99.99767541885376
0: Epoch 68/90 - 38.605s
0: Epoch: [69][ 0/25]	1.3307433128356934	0.5386319160461426	0.0013508591800928116	100.0
0: Epoch: [69][ 0/25]	1.3621515035629272	0.5350449085235596	0.0018448967020958662	99.98224377632141
0: Epoch: [69][ 0/25]	1.3643689155578613	0.5340432524681091	0.0015995438443496823	99.99070167541504
0: Epoch 69/90 - 38.573s
0: Epoch: [70][ 0/25]	1.3279085159301758	0.5348501205444336	0.0010067843832075596	100.0
0: Epoch: [70][ 0/25]	1.3623175621032715	0.5350705981254578	0.0017086572479456663	99.99112486839294
0: Epoch: [70][ 0/25]	1.3643457889556885	0.5350295305252075	0.0014831300359219313	99.99535083770752
0: Epoch 70/90 - 38.578s
0: Epoch: [71][ 0/25]	1.329514503479004	0.5347931385040283	0.0012057999847456813	100.0
0: Epoch: [71][ 0/25]	1.36378812789917	0.5350838899612427	0.0015559118473902345	99.99555945396423
0: Epoch: [71][ 0/25]	1.3660017251968384	0.5345857739448547	0.0013921753270551562	99.99767541885376
0: Epoch 71/90 - 38.610s
0: Epoch: [72][ 0/25]	1.3454229831695557	0.5499973297119141	0.002083573490381241	99.951171875
0: Epoch: [72][ 0/25]	1.3651275634765625	0.5355417728424072	0.0013543112436309457	99.99555945396423
0: Epoch: [72][ 0/25]	1.3659257888793945	0.5350158214569092	0.001385953975841403	99.99535083770752
0: Epoch 72/90 - 38.621s
0: Epoch: [73][ 0/25]	1.3279285430908203	0.5351991653442383	0.0013439926551654935	100.0
0: Epoch: [73][ 0/25]	1.3631032705307007	0.5333043932914734	0.0013848290545865893	100.0
0: Epoch: [73][ 0/25]	1.365083932876587	0.5329950451850891	0.0014539150288328528	99.99535083770752
0: Epoch 73/90 - 38.586s
0: Epoch: [74][ 0/25]	1.328887939453125	0.5367014408111572	0.0016410655807703733	100.0
0: Epoch: [74][ 0/25]	1.3639243841171265	0.5327926874160767	0.0015159635804593563	99.99112486839294
0: Epoch: [74][ 0/25]	1.364737868309021	0.5334373116493225	0.0013715564273297787	99.99535083770752
0: Epoch 74/90 - 38.577s
0: Epoch: [75][ 0/25]	1.325976848602295	0.5349588394165039	0.0011945446021854877	100.0
0: Epoch: [75][ 0/25]	1.362788438796997	0.5330584049224854	0.0032354823779314756	99.94229674339294
0: Epoch: [75][ 0/25]	1.3642476797103882	0.5342307090759277	0.002421588869765401	99.96744990348816
0: Epoch 75/90 - 38.579s
0: Epoch: [76][ 0/25]	1.3272027969360352	0.5350043773651123	0.002567433752119541	100.0
0: Epoch: [76][ 0/25]	1.36262845993042	0.5336136221885681	0.0013263276778161526	100.0
0: Epoch: [76][ 0/25]	1.3640578985214233	0.5345991849899292	0.0018606709782034159	99.9883770942688
0: Epoch 76/90 - 38.569s
0: Epoch: [77][ 0/25]	1.3293673992156982	0.5365078449249268	0.001012932974845171	100.0
0: Epoch: [77][ 0/25]	1.3625138998031616	0.5359171032905579	0.0015211059944704175	99.99555945396423
0: Epoch: [77][ 0/25]	1.3644129037857056	0.5358389616012573	0.0013407522346824408	99.99767541885376
0: Epoch 77/90 - 38.582s
0: Epoch: [78][ 0/25]	1.3296995162963867	0.5369794368743896	0.0029656649567186832	100.0
0: Epoch: [78][ 0/25]	1.3614500761032104	0.5355943441390991	0.0016657679807394743	99.99112486839294
0: Epoch: [78][ 0/25]	1.3638558387756348	0.5349048376083374	0.0018349002348259091	99.98372197151184
0: Epoch 78/90 - 38.564s
0: Epoch: [79][ 0/25]	1.3299245834350586	0.5352001190185547	0.001141087617725134	100.0
0: Epoch: [79][ 0/25]	1.3635878562927246	0.5360817313194275	0.0013032075949013233	100.0
0: Epoch: [79][ 0/25]	1.3650206327438354	0.5357281565666199	0.0013050788547843695	99.99767541885376
0: Epoch 79/90 - 38.605s
0: Epoch: [80][ 0/25]	1.330435037612915	0.5365629196166992	0.0022851035464555025	99.951171875
0: Epoch: [80][ 0/25]	1.363924264907837	0.5340316891670227	0.0027914477977901697	99.95561242103577
0: Epoch: [80][ 0/25]	1.3652242422103882	0.5338177680969238	0.0020843984093517065	99.97674822807312
0: Epoch 80/90 - 38.621s
0: Epoch: [81][ 0/25]	1.3295412063598633	0.5358569622039795	0.0014865007251501083	100.0
0: Epoch: [81][ 0/25]	1.3643139600753784	0.5332151651382446	0.0012281108647584915	100.0
0: Epoch: [81][ 0/25]	1.3651611804962158	0.5330740213394165	0.0012434048112481833	100.0
0: Epoch 81/90 - 38.586s
0: Epoch: [82][ 0/25]	1.3264977931976318	0.5355355739593506	0.0012848936021327972	100.0
0: Epoch: [82][ 0/25]	1.3637688159942627	0.5332532525062561	0.0014457881916314363	100.0
0: Epoch: [82][ 0/25]	1.3650262355804443	0.5340169072151184	0.0015417614486068487	100.0
0: Epoch 82/90 - 38.599s
0: Epoch: [83][ 0/25]	1.3305611610412598	0.5354106426239014	0.005180357955396175	99.951171875
0: Epoch: [83][ 0/25]	1.3632031679153442	0.5334694385528564	0.0016602360410615802	99.99112486839294
0: Epoch: [83][ 0/25]	1.3642597198486328	0.5345514416694641	0.0015607307432219386	99.99302625656128
0: Epoch 83/90 - 38.575s
0: Epoch: [84][ 0/25]	1.3285481929779053	0.535914421081543	0.0011455763597041368	100.0
0: Epoch: [84][ 0/25]	1.3629895448684692	0.5344173312187195	0.0023311907425522804	99.951171875
0: Epoch: [84][ 0/25]	1.3649828433990479	0.534064769744873	0.0018797495868057013	99.97442364692688
0: Epoch 84/90 - 38.577s
0: Epoch: [85][ 0/25]	1.326070785522461	0.5328645706176758	0.00267820805311203	99.951171875
0: Epoch: [85][ 0/25]	1.3622804880142212	0.5342097282409668	0.0013775526313111186	99.99555945396423
0: Epoch: [85][ 0/25]	1.3644354343414307	0.5333482623100281	0.0014453062321990728	99.99302625656128
0: Epoch 85/90 - 38.571s
0: Epoch: [86][ 0/25]	1.329958200454712	0.5334861278533936	0.0013482003705576062	100.0
0: Epoch: [86][ 0/25]	1.363413691520691	0.5350809693336487	0.001597304013557732	99.99112486839294
0: Epoch: [86][ 0/25]	1.3653792142868042	0.5345408916473389	0.0014752681599929929	99.99535083770752
0: Epoch 86/90 - 38.594s
0: Epoch: [87][ 0/25]	1.3463187217712402	0.5501995086669922	0.001492830691859126	100.0
0: Epoch: [87][ 0/25]	1.3653210401535034	0.5342516303062439	0.0012585241347551346	100.0
0: Epoch: [87][ 0/25]	1.3662333488464355	0.5335717797279358	0.001624731463380158	99.99302625656128
0: Epoch 87/90 - 38.624s
0: Epoch: [88][ 0/25]	1.3291945457458496	0.5350773334503174	0.0012505068443715572	100.0
0: Epoch: [88][ 0/25]	1.3638328313827515	0.5323299765586853	0.0012417255202308297	100.0
0: Epoch: [88][ 0/25]	1.3653249740600586	0.5320869088172913	0.0012597525492310524	99.99767541885376
0: Epoch 88/90 - 38.576s
0: Epoch: [89][ 0/25]	1.3265161514282227	0.5339605808258057	0.0008788040722720325	100.0
0: Epoch: [89][ 0/25]	1.3637417554855347	0.532456636428833	0.0012158455792814493	99.99555945396423
0: Epoch: [89][ 0/25]	1.3646724224090576	0.5332531929016113	0.0015593530843034387	99.99070167541504
0: Epoch 89/90 - 38.574s
0: Steps per epoch: 25
0: Validation steps per epoch: 5
0: 
0: Average time per epoch: 39.086 s
0: --- 3521.5135419368744 seconds ---
ELAPSED: 3526 seconds
End at Tue Feb  9 16:38:43 EET 2021
