WORKERS: "gpu15-ib:5555"
Start at Sun Feb  7 12:29:32 EET 2021
CUDA_VISIBLE_DEVICES: 0,1
Running on hosts: gpu15
Running on 1 nodes.
Running 2 tasks per node
Job id is 1090296
0: Number of devices per node: 2
1: Number of devices per node: 2
1: rank 1
0: rank
0:  0
0: => creating model 'resnet50'
1: => creating model 'resnet50'
0: Epoch: [0][  0/391]	3.604822874069214	0.031171321868896484	7.169036865234375	0.78125
1: Epoch: [0][  0/391]	3.6113808155059814	0.03561210632324219	7.169036865234375	0.78125
1: Epoch: [0][  0/391]	0.5663048624992371	0.01917537860572338	4.167749404907227	9.446022659540176
0: Epoch: [0][  0/391]	0.5662295818328857	0.022655226290225983	4.167749404907227	9.446022659540176
0: 
1: Epoch: [0][  0/391]	0.41903963685035706	0.018278734758496284	4.184268951416016	11.12351194024086
0: Epoch: [0][  0/391]	0.4190915822982788	0.022108929231762886	4.184268951416016	11.12351194024086
1: Epoch: [0][  0/391]	0.36717739701271057	0.01793958991765976	3.848660707473755	13.734878599643707
0: Epoch: [0][  0/391]	0.36719390749931335	0.02204577438533306	3.848660707473755	13.734878599643707
1: Epoch: [0][  0/391]	0.34012413024902344	0.01777995564043522	3.7080390453338623	15.091463923454285
0: Epoch: [0][  0/391]	0.34013450145721436	0.021913638338446617	3.7080390453338623	15.091463923454285
1: Epoch: [0][  0/391]	0.32270339131355286	0.01773948222398758	3.632441759109497	16.31433814764023
0: Epoch: [0][  0/391]	0.32259225845336914	0.02158265933394432	3.632441759109497	16.31433814764023
1: Epoch: [0][  0/391]	0.3102775812149048	0.017694054171442986	3.718669891357422	17.07223355770111
0: Epoch: [0][  0/391]	0.3101867437362671	0.021027913317084312	3.718669891357422	17.07223355770111
1: Epoch: [0][  0/391]	0.30150240659713745	0.01765950210392475	3.67488169670105	17.847710847854614
0: Epoch: [0][  0/391]	0.30141690373420715	0.02062316983938217	3.67488169670105	17.847710847854614
1: Epoch: [0][  0/391]	0.2948529124259949	0.017635483294725418	3.5933008193969727	18.634259700775146
0: Epoch: [0][  0/391]	0.29485294222831726	0.020296894013881683	3.5933008193969727	18.634259700775146
1: Epoch: [0][  0/391]	0.2907826006412506	0.017612606287002563	3.5101847648620605	19.393886625766754
0: Epoch: [0][  0/391]	0.290780246257782	0.020439039915800095	3.5101847648620605	19.393886625766754
1: Epoch: [0][  0/391]	0.2875555455684662	0.017595399171113968	3.4369730949401855	20.39758712053299
0: Epoch: [0][  0/391]	0.2875570058822632	0.020549727603793144	3.4369730949401855	20.39758712053299
1: Epoch: [0][  0/391]	0.28488636016845703	0.017580941319465637	3.4255707263946533	20.777027308940887
0: Epoch: [0][  0/391]	0.2848740220069885	0.020641759037971497	3.4255707263946533	20.777027308940887
1: Epoch: [0][  0/391]	0.28252628445625305	0.017567910254001617	3.4163384437561035	21.087293326854706
0: Epoch: [0][  0/391]	0.2825084328651428	0.02071690745651722	3.4163384437561035	21.087293326854706
1: Epoch: [0][  0/391]	0.2807312607765198	0.017556073144078255	3.402599573135376	21.177242696285248
0: Epoch: [0][  0/391]	0.2807214856147766	0.02078475058078766	3.402599573135376	21.177242696285248
1: Epoch: [0][  0/391]	0.2791147828102112	0.01755048707127571	3.358072280883789	21.271054446697235
0: Epoch: [0][  0/391]	0.2791043519973755	0.020840492099523544	3.358072280883789	21.271054446697235
0: 
1: Epoch: [0][  0/391]	0.2771163582801819	0.0175419133156538	3.3297736644744873	21.668046712875366
0: Epoch: [0][  0/391]	0.277063250541687	0.020689677447080612	3.3297736644744873	21.668046712875366
1: Epoch: [0][  0/391]	0.27520236372947693	0.017535386607050896	3.28499174118042	21.923524141311646
0: Epoch: [0][  0/391]	0.2751598656177521	0.02053498849272728	3.28499174118042	21.923524141311646
1: Epoch: [0][  0/391]	0.2734549641609192	0.017528478056192398	3.264352798461914	22.29532152414322
0: Epoch: [0][  0/391]	0.27341267466545105	0.020397063344717026	3.264352798461914	22.29532152414322
1: Epoch: [0][  0/391]	0.27202409505844116	0.01752268709242344	3.25007963180542	22.436118125915527
0: Epoch: [0][  0/391]	0.27198153734207153	0.020275630056858063	3.25007963180542	22.436118125915527
1: Epoch: [0][  0/391]	0.2706610858440399	0.017516467720270157	3.2266180515289307	22.639888525009155
0: Epoch: [0][  0/391]	0.270622193813324	0.020167607814073563	3.2266180515289307	22.639888525009155
1: Epoch: [0][  0/391]	0.2693798243999481	0.017509639263153076	3.238658905029297	22.765080630779266
0: Epoch: [0][  0/391]	0.2693375051021576	0.020069913938641548	3.238658905029297	22.765080630779266
1: Epoch: [0][  0/391]	0.2682151794433594	0.017505260184407234	3.222055196762085	22.719193994998932
0: Epoch: [0][  0/391]	0.26817426085472107	0.019981317222118378	3.222055196762085	22.719193994998932
1: Epoch: [0][  0/391]	0.2672821581363678	0.01750132441520691	3.1987972259521484	22.850678861141205
0: Epoch: [0][  0/391]	0.26724523305892944	0.019899768754839897	3.1987972259521484	22.850678861141205
1: Epoch: [0][  0/391]	0.2663445472717285	0.017497573047876358	3.1783480644226074	23.06547611951828
0: Epoch: [0][  0/391]	0.26630645990371704	0.01982705667614937	3.1783480644226074	23.06547611951828
1: Epoch: [0][  0/391]	0.2654459774494171	0.017494510859251022	3.1680524349212646	23.077671229839325
0: Epoch: [0][  0/391]	0.2654113173484802	0.01976061426103115	3.1680524349212646	23.077671229839325
1: Epoch: [0][  0/391]	0.26467159390449524	0.01749153807759285	3.1517386436462402	23.250746726989746
0: Epoch: [0][  0/391]	0.26463890075683594	0.01969890668988228	3.1517386436462402	23.250746726989746
0: 
1: Epoch: [0][  0/391]	0.26399603486061096	0.017487624660134315	3.1191132068634033	23.383620381355286
0: Epoch: [0][  0/391]	0.2639652192592621	0.01964353770017624	3.1191132068634033	23.383620381355286
1: Epoch: [0][  0/391]	0.26326122879981995	0.01748509705066681	3.086620807647705	23.696956038475037
0: Epoch: [0][  0/391]	0.263225793838501	0.0195926446467638	3.086620807647705	23.696956038475037
1: Epoch: [0][  0/391]	0.2625921368598938	0.01748276688158512	3.0607750415802	23.9935502409935
0: Epoch: [0][  0/391]	0.26256346702575684	0.01954459771513939	3.0607750415802	23.9935502409935
0: 
1: Epoch: [0][  0/391]	0.2620713412761688	0.0174799133092165	3.034857988357544	24.267074465751648
0: Epoch: [0][  0/391]	0.2620406150817871	0.019499579444527626	3.034857988357544	24.267074465751648
0: 
1: Epoch: [0][  0/391]	0.2615533471107483	0.017477551475167274	3.0189337730407715	24.50685203075409
0: Epoch: [0][  0/391]	0.2615252733230591	0.019457610324025154	3.0189337730407715	24.50685203075409
1: Epoch: [0][  0/391]	0.26119622588157654	0.017475003376603127	2.9991681575775146	24.701064825057983
0: Epoch: [0][  0/391]	0.26118287444114685	0.01944919116795063	2.9991681575775146	24.701064825057983
0: 
1: Epoch: [0][  0/391]	0.2611417770385742	0.01747373305261135	2.9952995777130127	24.84423667192459
0: Epoch: [0][  0/391]	0.2611311078071594	0.01951414905488491	2.9952995777130127	24.84423667192459
1: Epoch: [0][  0/391]	0.26103466749191284	0.01747247390449047	2.978182315826416	24.997639656066895
0: Epoch: [0][  0/391]	0.26100459694862366	0.019565122202038765	2.978182315826416	24.997639656066895
1: Epoch: [0][  0/391]	0.26065322756767273	0.017471205443143845	2.969184637069702	25.183284282684326
0: Epoch: [0][  0/391]	0.2606257200241089	0.019524207338690758	2.969184637069702	25.183284282684326
1: Epoch: [0][  0/391]	0.2603006958961487	0.017469458281993866	2.9619593620300293	25.32719075679779
0: Epoch: [0][  0/391]	0.2602717876434326	0.019486941397190094	2.9619593620300293	25.32719075679779
0: Epoch: [0][  0/391]	0.25976574420928955	0.019451983273029327	2.9459664821624756	25.525882840156555
1: Epoch: [0][  0/391]	0.25979816913604736	0.017469026148319244	2.9459664821624756	25.525882840156555
1: Epoch: [0][  0/391]	0.2594001889228821	0.01746881753206253	2.928868532180786	25.7454514503479
0: Epoch: [0][  0/391]	0.2593715786933899	0.019418984651565552	2.928868532180786	25.7454514503479
1: Epoch: [0][  0/391]	0.25911471247673035	0.017467912286520004	2.9150240421295166	25.994503498077393
0: Epoch: [0][  0/391]	0.25909921526908875	0.01942157931625843	2.9150240421295166	25.994503498077393
0: 
0: Epoch: [0][  0/391]	0.26537588238716125	0.019458141177892685	2.8984718322753906	26.190456748008728
1: Epoch: [0][  0/391]	0.26542308926582336	0.01745300367474556	2.8984718322753906	26.190456748008728
1: Epoch 0/1 - 111.591s
1: Steps per epoch: 391
1: Validation steps per epoch: 157
1: Average time per epoch: 111.591 s
0: Epoch 0/1 - 111.591s
0: Steps per epoch: 391
0: Validation steps per epoch: 157
0: Average time per epoch: 111.591 s
1: --- 115.07737612724304 seconds ---
0: --- 115.07765412330627 seconds ---
ELAPSED: 118 seconds
End at Sun Feb  7 12:31:30 EET 2021
