WORKERS: "gpu07-ib:5555"
Start at Sun Feb  7 12:29:04 EET 2021
CUDA_VISIBLE_DEVICES: 0
Running on hosts: gpu07
Running on 1 nodes.
Running 1 tasks per node
Job id is 1090292
0: Number of devices per node: 1
0: rank 0
0: => creating model 'resnet50'
0: Epoch: [0][ 0/98]	12.870087623596191	0.20273375511169434	7.214016914367676	0.0
0: Epoch: [0][ 0/98]	1.5381221771240234	0.1411857157945633	3.6886045932769775	10.209517180919647
0: Epoch: [0][ 0/98]	1.0013164281845093	0.1376577615737915	3.8436057567596436	11.02120503783226
0: Epoch: [0][ 0/98]	0.8108551502227783	0.13651810586452484	3.48099422454834	13.62147182226181
0: Epoch: [0][ 0/98]	0.7134239673614502	0.13596253097057343	3.1921896934509277	16.053734719753265
0: Epoch: [0][ 0/98]	0.6541091799736023	0.13571758568286896	3.0028789043426514	18.087469041347504
0: Epoch: [0][ 0/98]	0.6141822934150696	0.13547955453395844	2.8453328609466553	19.918672740459442
0: Epoch: [0][ 0/98]	0.5855242013931274	0.13526645302772522	2.724015712738037	21.671435236930847
0: Epoch: [0][ 0/98]	0.5638726949691772	0.13533657789230347	2.6464574337005615	23.230130970478058
0: Epoch: [0][ 0/98]	0.5471341609954834	0.1352149248123169	2.5729448795318604	24.259530007839203
0: Epoch 0/1 - 67.765s
0: Steps per epoch: 98
0: Validation steps per epoch: 20
0: Average time per epoch: 67.765 s
0: --- 71.44519090652466 seconds ---
ELAPSED: 82 seconds
End at Sun Feb  7 12:30:26 EET 2021
