WORKERS: "gpu13-ib:5555","gpu14-ib:5555","gpu15-ib:5555","gpu16-ib:5555","gpu17-ib:5555","gpu18-ib:5555","gpu19-ib:5555","gpu20-ib:5555"
Start at Sun Feb  7 14:15:33 EET 2021
CUDA_VISIBLE_DEVICES: 0,1
Running on hosts: gpu[13-20]
Running on 8 nodes.
Running 2 tasks per node
Job id is 1090370
15: Number of devices per node: 2
01: Number of devices per node: 2
06: Number of devices per node: 2
13: Number of devices per node: 2
08: Number of devices per node: 2
14: Number of devices per node: 2
00: Number of devices per node: 2
07: Number of devices per node: 2
12: Number of devices per node: 2
11: Number of devices per node: 2
09: Number of devices per node: 2
10: Number of devices per node: 2
05: Number of devices per node: 2
04: Number of devices per node: 2
03: Number of devices per node: 2
02: Number of devices per node: 2
04: rank 4
11: rank 11
07: rank 7
01: rank 1
05: rank 5
12: rank 12
14: rank 14
10: rank 10
13: rank 13
13: 
00: rank 0
00: 
06: rank 
02: rank 2
06: 6
15: rank 15
02: 
15: 
03: rank 3
09: rank 9
09: 
08: rank 8
01: => creating model 'resnet50'
03: => creating model 'resnet50'
10: => creating model 'resnet50'
15: => creating model 'resnet50'
13: => creating model 'resnet50'
05: => creating model 'resnet50'
04: => creating model 'resnet50'
08: => creating model 'resnet50'
09: => creating model 'resnet50'
14: => creating model 'resnet50'
12: => creating model 'resnet50'
00: => creating model 'resnet50'
11: => creating model 'resnet50'
02: => creating model 'resnet50'
07: => creating model 'resnet50'
06: => creating model 'resnet50'
06: 
02: Epoch 0/90 - 38.220s
01: Epoch 0/90 - 38.220s
08: Epoch 0/90 - 38.216s
12: Epoch 0/90 - 38.215s
03: Epoch 0/90 - 38.218s
04: Epoch 0/90 - 38.218s
06: Epoch 0/90 - 38.217s
09: Epoch 0/90 - 38.216s
14: Epoch 0/90 - 38.215s
10: Epoch 0/90 - 38.215s
05: Epoch 0/90 - 38.217s
07: Epoch 0/90 - 38.216s
15: Epoch 0/90 - 38.215s
11: Epoch 0/90 - 38.216s
13: Epoch 0/90 - 38.215s
00: Epoch 0/90 - 38.224s
01: Epoch 1/90 - 9.048s
04: Epoch 1/90 - 9.048s
14: Epoch 1/90 - 9.048s
10: Epoch 1/90 - 9.048s
02: Epoch 1/90 - 9.048s
05: Epoch 1/90 - 9.048s
06: Epoch 1/90 - 9.048s
08: Epoch 1/90 - 9.048s
15: Epoch 1/90 - 9.048s
11: Epoch 1/90 - 9.048s
12: Epoch 1/90 - 9.048s
03: Epoch 1/90 - 9.048s
07: Epoch 1/90 - 9.048s
09: Epoch 1/90 - 9.048s
13: Epoch 1/90 - 9.048s
00: Epoch 1/90 - 9.048s
04: Epoch 2/90 - 9.056s
01: Epoch 2/90 - 9.056s
06: Epoch 2/90 - 9.056s
08: Epoch 2/90 - 9.056s
14: Epoch 2/90 - 9.056s
12: Epoch 2/90 - 9.056s
02: Epoch 2/90 - 9.056s
05: Epoch 2/90 - 9.056s
09: Epoch 2/90 - 9.056s
15: Epoch 2/90 - 9.056s
10: Epoch 2/90 - 9.056s
13: Epoch 2/90 - 9.056s
03: Epoch 2/90 - 9.056s
11: Epoch 2/90 - 9.056s
00: Epoch 2/90 - 9.056s
07: Epoch 2/90 - 9.057s
02: Epoch 3/90 - 9.064s
04: Epoch 3/90 - 9.064s
01: Epoch 3/90 - 9.064s
06: Epoch 3/90 - 9.064s
14: Epoch 3/90 - 9.064s
10: Epoch 3/90 - 9.064s
12: Epoch 3/90 - 9.064s
05: Epoch 3/90 - 9.064s
07: Epoch 3/90 - 9.063s
08: Epoch 3/90 - 9.064s
15: Epoch 3/90 - 9.064s
11: Epoch 3/90 - 9.064s
13: Epoch 3/90 - 9.064s
03: Epoch 3/90 - 9.064s
09: Epoch 3/90 - 9.064s
00: Epoch 3/90 - 9.064s
01: Epoch 4/90 - 9.210s
02: Epoch 4/90 - 9.210s
14: Epoch 4/90 - 9.210s
10: Epoch 4/90 - 9.210s
03: Epoch 4/90 - 9.210s
04: Epoch 4/90 - 9.210s
06: Epoch 4/90 - 9.210s
08: Epoch 4/90 - 9.210s
15: Epoch 4/90 - 9.210s
11: Epoch 4/90 - 9.210s
12: Epoch 4/90 - 9.210s
05: Epoch 4/90 - 9.210s
07: Epoch 4/90 - 9.210s
09: Epoch 4/90 - 9.210s
13: Epoch 4/90 - 9.210s
00: Epoch 4/90 - 9.210s
01: Epoch 5/90 - 9.106s
02: Epoch 5/90 - 9.106s
04: Epoch 5/90 - 9.106s
06: Epoch 5/90 - 9.106s
08: Epoch 5/90 - 9.106s
14: Epoch 5/90 - 9.106s
10: Epoch 5/90 - 9.106s
12: Epoch 5/90 - 9.106s
03: Epoch 5/90 - 9.106s
05: Epoch 5/90 - 9.106s
07: Epoch 5/90 - 9.106s
09: Epoch 5/90 - 9.106s
15: Epoch 5/90 - 9.106s
11: Epoch 5/90 - 9.106s
13: Epoch 5/90 - 9.106s
00: Epoch 5/90 - 9.106s
04: Epoch 6/90 - 8.927s
01: Epoch 6/90 - 8.927s
06: Epoch 6/90 - 8.927s
08: Epoch 6/90 - 8.927s
02: Epoch 6/90 - 8.927s
07: Epoch 6/90 - 8.927s
14: Epoch 6/90 - 8.927s
10: Epoch 6/90 - 8.927s
12: Epoch 6/90 - 8.927s
03: Epoch 6/90 - 8.927s
05: Epoch 6/90 - 8.927s
09: Epoch 6/90 - 8.927s
15: Epoch 6/90 - 8.927s
11: Epoch 6/90 - 8.927s
13: Epoch 6/90 - 8.927s
00: Epoch 6/90 - 8.927s
02: Epoch 7/90 - 9.242s
05: Epoch 7/90 - 9.242s
01: Epoch 7/90 - 9.242s
06: Epoch 7/90 - 9.242s
08: Epoch 7/90 - 9.242s
14: Epoch 7/90 - 9.242s
10: Epoch 7/90 - 9.242s
12: Epoch 7/90 - 9.242s
03: Epoch 7/90 - 9.242s
04: Epoch 7/90 - 9.242s
07: Epoch 7/90 - 9.242s
09: Epoch 7/90 - 9.242s
15: Epoch 7/90 - 9.242s
11: Epoch 7/90 - 9.242s
13: Epoch 7/90 - 9.242s
00: Epoch 7/90 - 9.242s
01: Epoch 8/90 - 8.905s
14: Epoch 8/90 - 8.905s
02: Epoch 8/90 - 8.905s
04: Epoch 8/90 - 8.905s
06: Epoch 8/90 - 8.905s
08: Epoch 8/90 - 8.905s
10: Epoch 8/90 - 8.905s
12: Epoch 8/90 - 8.905s
03: Epoch 8/90 - 8.905s
05: Epoch 8/90 - 8.905s
07: Epoch 8/90 - 8.905s
09: Epoch 8/90 - 8.905s
15: Epoch 8/90 - 8.905s
11: Epoch 8/90 - 8.905s
13: Epoch 8/90 - 8.905s
00: Epoch 8/90 - 8.905s
01: Epoch 9/90 - 8.908s
04: Epoch 9/90 - 8.908s
06: Epoch 9/90 - 8.908s
08: Epoch 9/90 - 8.908s
14: Epoch 9/90 - 8.908s
10: Epoch 9/90 - 8.908s
12: Epoch 9/90 - 8.908s
02: Epoch 9/90 - 8.908s
05: Epoch 9/90 - 8.908s
07: Epoch 9/90 - 8.908s
09: Epoch 9/90 - 8.908s
15: Epoch 9/90 - 8.908s
11: Epoch 9/90 - 8.908s
13: Epoch 9/90 - 8.908s
03: Epoch 9/90 - 8.908s
00: Epoch 9/90 - 8.908s
01: Epoch 10/90 - 8.764s
14: Epoch 10/90 - 8.764s
02: Epoch 10/90 - 8.764s
04: Epoch 10/90 - 8.764s
06: Epoch 10/90 - 8.764s
08: Epoch 10/90 - 8.764s
10: Epoch 10/90 - 8.764s
12: Epoch 10/90 - 8.764s
03: Epoch 10/90 - 8.764s
05: Epoch 10/90 - 8.764s
07: Epoch 10/90 - 8.764s
09: Epoch 10/90 - 8.764s
15: Epoch 10/90 - 8.764s
11: Epoch 10/90 - 8.764s
13: Epoch 10/90 - 8.764s
00: Epoch 10/90 - 8.764s
01: Epoch 11/90 - 8.898s
06: Epoch 11/90 - 8.898s
12: Epoch 11/90 - 8.898s
02: Epoch 11/90 - 8.898s
04: Epoch 11/90 - 8.898s
07: Epoch 11/90 - 8.898s
08: Epoch 11/90 - 8.898s
14: Epoch 11/90 - 8.898s
10: Epoch 11/90 - 8.898s
13: Epoch 11/90 - 8.898s
03: Epoch 11/90 - 8.898s
05: Epoch 11/90 - 8.898s
09: Epoch 11/90 - 8.898s
15: Epoch 11/90 - 8.898s
11: Epoch 11/90 - 8.898s
00: Epoch 11/90 - 8.898s
04: Epoch 12/90 - 8.780s
01: Epoch 12/90 - 8.780s
06: Epoch 12/90 - 8.780s
08: Epoch 12/90 - 8.780s
02: Epoch 12/90 - 8.780s
14: Epoch 12/90 - 8.780s
10: Epoch 12/90 - 8.780s
12: Epoch 12/90 - 8.780s
03: Epoch 12/90 - 8.780s
05: Epoch 12/90 - 8.780s
07: Epoch 12/90 - 8.780s
09: Epoch 12/90 - 8.780s
15: Epoch 12/90 - 8.780s
11: Epoch 12/90 - 8.780s
13: Epoch 12/90 - 8.780s
00: Epoch 12/90 - 8.780s
01: Epoch 13/90 - 8.927s
06: Epoch 13/90 - 8.927s
08: Epoch 13/90 - 8.927s
14: Epoch 13/90 - 8.927s
12: Epoch 13/90 - 8.927s
02: Epoch 13/90 - 8.927s
04: Epoch 13/90 - 8.927s
09: Epoch 13/90 - 8.927s
10: Epoch 13/90 - 8.927s
13: Epoch 13/90 - 8.927s
03: Epoch 13/90 - 8.927s
05: Epoch 13/90 - 8.927s
07: Epoch 13/90 - 8.927s
15: Epoch 13/90 - 8.927s
11: Epoch 13/90 - 8.927s
00: Epoch 13/90 - 8.927s
01: Epoch 14/90 - 8.921s
02: Epoch 14/90 - 8.921s
04: Epoch 14/90 - 8.921s
06: Epoch 14/90 - 8.921s
08: Epoch 14/90 - 8.921s
14: Epoch 14/90 - 8.921s
10: Epoch 14/90 - 8.921s
03: Epoch 14/90 - 8.921s
05: Epoch 14/90 - 8.921s
07: Epoch 14/90 - 8.921s
09: Epoch 14/90 - 8.921s
15: Epoch 14/90 - 8.921s
11: Epoch 14/90 - 8.921s
12: Epoch 14/90 - 8.921s
13: Epoch 14/90 - 8.921s
00: Epoch 14/90 - 8.921s
01: Epoch 15/90 - 9.047s
14: Epoch 15/90 - 9.047s
02: Epoch 15/90 - 9.047s
04: Epoch 15/90 - 9.047s
06: Epoch 15/90 - 9.047s
08: Epoch 15/90 - 9.047s
10: Epoch 15/90 - 9.047s
12: Epoch 15/90 - 9.047s
03: Epoch 15/90 - 9.047s
05: Epoch 15/90 - 9.047s
07: Epoch 15/90 - 9.047s
09: Epoch 15/90 - 9.047s
15: Epoch 15/90 - 9.047s
11: Epoch 15/90 - 9.047s
13: Epoch 15/90 - 9.047s
00: Epoch 15/90 - 9.047s
01: Epoch 16/90 - 8.961s
06: Epoch 16/90 - 8.961s
02: Epoch 16/90 - 8.961s
04: Epoch 16/90 - 8.961s
08: Epoch 16/90 - 8.961s
14: Epoch 16/90 - 8.961s
10: Epoch 16/90 - 8.961s
12: Epoch 16/90 - 8.961s
03: Epoch 16/90 - 8.961s
05: Epoch 16/90 - 8.961s
07: Epoch 16/90 - 8.961s
09: Epoch 16/90 - 8.961s
15: Epoch 16/90 - 8.961s
11: Epoch 16/90 - 8.961s
13: Epoch 16/90 - 8.961s
00: Epoch 16/90 - 8.961s
01: Epoch 17/90 - 8.828s
12: Epoch 17/90 - 8.828s
02: Epoch 17/90 - 8.828s
04: Epoch 17/90 - 8.828s
06: Epoch 17/90 - 8.828s
08: Epoch 17/90 - 8.828s
14: Epoch 17/90 - 8.828s
10: Epoch 17/90 - 8.828s
07: Epoch 17/90 - 8.828s
09: Epoch 17/90 - 8.828s
15: Epoch 17/90 - 8.828s
11: Epoch 17/90 - 8.828s
13: Epoch 17/90 - 8.828s
00: Epoch 17/90 - 8.828s
03: Epoch 17/90 - 8.831s
05: Epoch 17/90 - 8.831s
04: Epoch 18/90 - 8.961s
01: Epoch 18/90 - 8.961s
06: Epoch 18/90 - 8.961s
02: Epoch 18/90 - 8.961s
08: Epoch 18/90 - 8.961s
14: Epoch 18/90 - 8.961s
10: Epoch 18/90 - 8.961s
12: Epoch 18/90 - 8.961s
03: Epoch 18/90 - 8.959s
05: Epoch 18/90 - 8.959s
07: Epoch 18/90 - 8.961s
09: Epoch 18/90 - 8.961s
15: Epoch 18/90 - 8.961s
11: Epoch 18/90 - 8.961s
13: Epoch 18/90 - 8.961s
00: Epoch 18/90 - 8.961s
01: Epoch 19/90 - 8.795s
02: Epoch 19/90 - 8.795s
04: Epoch 19/90 - 8.795s
06: Epoch 19/90 - 8.795s
08: Epoch 19/90 - 8.795s
14: Epoch 19/90 - 8.795s
10: Epoch 19/90 - 8.795s
12: Epoch 19/90 - 8.795s
03: Epoch 19/90 - 8.795s
05: Epoch 19/90 - 8.795s
07: Epoch 19/90 - 8.795s
09: Epoch 19/90 - 8.795s
15: Epoch 19/90 - 8.795s
11: Epoch 19/90 - 8.795s
13: Epoch 19/90 - 8.795s
00: Epoch 19/90 - 8.795s
01: Epoch 20/90 - 8.816s
06: Epoch 20/90 - 8.816s
08: Epoch 20/90 - 8.816s
02: Epoch 20/90 - 8.816s
04: Epoch 20/90 - 8.816s
14: Epoch 20/90 - 8.816s
10: Epoch 20/90 - 8.816s
12: Epoch 20/90 - 8.816s
03: Epoch 20/90 - 8.816s
05: Epoch 20/90 - 8.816s
07: Epoch 20/90 - 8.816s
09: Epoch 20/90 - 8.816s
15: Epoch 20/90 - 8.816s
11: Epoch 20/90 - 8.816s
13: Epoch 20/90 - 8.816s
00: Epoch 20/90 - 8.816s
01: Epoch 21/90 - 8.995s
02: Epoch 21/90 - 8.995s
04: Epoch 21/90 - 8.995s
06: Epoch 21/90 - 8.995s
08: Epoch 21/90 - 8.995s
14: Epoch 21/90 - 8.995s
10: Epoch 21/90 - 8.995s
12: Epoch 21/90 - 8.995s
03: Epoch 21/90 - 8.995s
05: Epoch 21/90 - 8.995s
07: Epoch 21/90 - 8.995s
09: Epoch 21/90 - 8.995s
15: Epoch 21/90 - 8.995s
11: Epoch 21/90 - 8.995s
13: Epoch 21/90 - 8.995s
00: Epoch 21/90 - 8.995s
01: Epoch 22/90 - 9.075s
08: Epoch 22/90 - 9.075s
14: Epoch 22/90 - 9.075s
10: Epoch 22/90 - 9.075s
02: Epoch 22/90 - 9.075s
04: Epoch 22/90 - 9.075s
06: Epoch 22/90 - 9.075s
15: Epoch 22/90 - 9.075s
11: Epoch 22/90 - 9.075s
12: Epoch 22/90 - 9.075s
03: Epoch 22/90 - 9.075s
05: Epoch 22/90 - 9.075s
07: Epoch 22/90 - 9.075s
09: Epoch 22/90 - 9.075s
13: Epoch 22/90 - 9.075s
00: Epoch 22/90 - 9.075s
01: Epoch 23/90 - 8.946s
06: Epoch 23/90 - 8.946s
02: Epoch 23/90 - 8.946s
04: Epoch 23/90 - 8.946s
08: Epoch 23/90 - 8.946s
14: Epoch 23/90 - 8.946s
10: Epoch 23/90 - 8.946s
12: Epoch 23/90 - 8.946s
03: Epoch 23/90 - 8.946s
05: Epoch 23/90 - 8.946s
07: Epoch 23/90 - 8.946s
09: Epoch 23/90 - 8.946s
15: Epoch 23/90 - 8.946s
11: Epoch 23/90 - 8.946s
13: Epoch 23/90 - 8.946s
00: Epoch 23/90 - 8.946s
02: Epoch 24/90 - 9.243s
04: Epoch 24/90 - 9.243s
01: Epoch 24/90 - 9.243s
09: Epoch 24/90 - 9.243s
14: Epoch 24/90 - 9.243s
05: Epoch 24/90 - 9.243s
06: Epoch 24/90 - 9.243s
08: Epoch 24/90 - 9.243s
10: Epoch 24/90 - 9.243s
12: Epoch 24/90 - 9.243s
03: Epoch 24/90 - 9.243s
07: Epoch 24/90 - 9.243s
15: Epoch 24/90 - 9.243s
11: Epoch 24/90 - 9.243s
13: Epoch 24/90 - 9.243s
00: Epoch 24/90 - 9.243s
04: Epoch 25/90 - 8.872s
01: Epoch 25/90 - 8.872s
06: Epoch 25/90 - 8.872s
08: Epoch 25/90 - 8.872s
12: Epoch 25/90 - 8.872s
02: Epoch 25/90 - 8.872s
07: Epoch 25/90 - 8.872s
14: Epoch 25/90 - 8.872s
10: Epoch 25/90 - 8.872s
13: Epoch 25/90 - 8.872s
03: Epoch 25/90 - 8.872s
05: Epoch 25/90 - 8.872s
09: Epoch 25/90 - 8.872s
15: Epoch 25/90 - 8.872s
11: Epoch 25/90 - 8.872s
00: Epoch 25/90 - 8.872s
01: Epoch 26/90 - 8.920s
06: Epoch 26/90 - 8.920s
02: Epoch 26/90 - 8.920s
04: Epoch 26/90 - 8.920s
08: Epoch 26/90 - 8.920s
14: Epoch 26/90 - 8.920s
10: Epoch 26/90 - 8.920s
12: Epoch 26/90 - 8.920s
03: Epoch 26/90 - 8.920s
05: Epoch 26/90 - 8.920s
07: Epoch 26/90 - 8.920s
09: Epoch 26/90 - 8.920s
15: Epoch 26/90 - 8.920s
11: Epoch 26/90 - 8.920s
13: Epoch 26/90 - 8.920s
00: Epoch 26/90 - 8.920s
01: Epoch 27/90 - 9.038s
06: Epoch 27/90 - 9.038s
08: Epoch 27/90 - 9.038s
12: Epoch 27/90 - 9.038s
02: Epoch 27/90 - 9.038s
04: Epoch 27/90 - 9.038s
07: Epoch 27/90 - 9.038s
09: Epoch 27/90 - 9.038s
14: Epoch 27/90 - 9.037s
10: Epoch 27/90 - 9.038s
13: Epoch 27/90 - 9.038s
03: Epoch 27/90 - 9.038s
05: Epoch 27/90 - 9.038s
15: Epoch 27/90 - 9.038s
11: Epoch 27/90 - 9.037s
00: Epoch 27/90 - 9.038s
02: Epoch 28/90 - 8.838s
01: Epoch 28/90 - 8.838s
06: Epoch 28/90 - 8.838s
08: Epoch 28/90 - 8.838s
14: Epoch 28/90 - 8.838s
10: Epoch 28/90 - 8.838s
12: Epoch 28/90 - 8.838s
03: Epoch 28/90 - 8.838s
04: Epoch 28/90 - 8.838s
07: Epoch 28/90 - 8.838s
09: Epoch 28/90 - 8.838s
11: Epoch 28/90 - 8.838s
13: Epoch 28/90 - 8.838s
05: Epoch 28/90 - 8.838s
15: Epoch 28/90 - 8.838s
00: Epoch 28/90 - 8.838s
04: Epoch 29/90 - 8.755s
01: Epoch 29/90 - 8.755s
06: Epoch 29/90 - 8.755s
08: Epoch 29/90 - 8.755s
14: Epoch 29/90 - 8.755s
12: Epoch 29/90 - 8.755s
02: Epoch 29/90 - 8.755s
05: Epoch 29/90 - 8.755s
07: Epoch 29/90 - 8.755s
09: Epoch 29/90 - 8.755s
15: Epoch 29/90 - 8.755s
10: Epoch 29/90 - 8.755s
13: Epoch 29/90 - 8.755s
03: Epoch 29/90 - 8.755s
11: Epoch 29/90 - 8.755s
00: Epoch 29/90 - 8.755s
01: Epoch 30/90 - 9.056s
09: Epoch 30/90 - 9.056s
02: Epoch 30/90 - 9.056s
04: Epoch 30/90 - 9.056s
06: Epoch 30/90 - 9.056s
14: Epoch 30/90 - 9.056s
10: Epoch 30/90 - 9.056s
12: Epoch 30/90 - 9.056s
03: Epoch 30/90 - 9.056s
05: Epoch 30/90 - 9.056s
07: Epoch 30/90 - 9.056s
08: Epoch 30/90 - 9.056s
15: Epoch 30/90 - 9.056s
11: Epoch 30/90 - 9.056s
13: Epoch 30/90 - 9.056s
00: Epoch 30/90 - 9.056s
01: Epoch 31/90 - 8.908s
06: Epoch 31/90 - 8.908s
12: Epoch 31/90 - 8.908s
02: Epoch 31/90 - 8.908s
04: Epoch 31/90 - 8.908s
08: Epoch 31/90 - 8.908s
14: Epoch 31/90 - 8.908s
10: Epoch 31/90 - 8.908s
03: Epoch 31/90 - 8.908s
05: Epoch 31/90 - 8.908s
07: Epoch 31/90 - 8.908s
09: Epoch 31/90 - 8.908s
15: Epoch 31/90 - 8.908s
11: Epoch 31/90 - 8.908s
13: Epoch 31/90 - 8.908s
00: Epoch 31/90 - 8.908s
01: Epoch 32/90 - 9.217s
14: Epoch 32/90 - 9.217s
10: Epoch 32/90 - 9.217s
02: Epoch 32/90 - 9.217s
04: Epoch 32/90 - 9.217s
06: Epoch 32/90 - 9.217s
08: Epoch 32/90 - 9.217s
12: Epoch 32/90 - 9.217s
03: Epoch 32/90 - 9.217s
05: Epoch 32/90 - 9.217s
07: Epoch 32/90 - 9.217s
09: Epoch 32/90 - 9.217s
15: Epoch 32/90 - 9.217s
11: Epoch 32/90 - 9.217s
13: Epoch 32/90 - 9.217s
00: Epoch 32/90 - 9.217s
02: Epoch 33/90 - 8.965s
01: Epoch 33/90 - 8.965s
04: Epoch 33/90 - 8.965s
06: Epoch 33/90 - 8.965s
08: Epoch 33/90 - 8.965s
14: Epoch 33/90 - 8.965s
10: Epoch 33/90 - 8.965s
12: Epoch 33/90 - 8.965s
03: Epoch 33/90 - 8.965s
05: Epoch 33/90 - 8.965s
07: Epoch 33/90 - 8.965s
09: Epoch 33/90 - 8.965s
15: Epoch 33/90 - 8.965s
11: Epoch 33/90 - 8.965s
13: Epoch 33/90 - 8.965s
00: Epoch 33/90 - 8.965s
01: Epoch 34/90 - 9.269s
02: Epoch 34/90 - 9.269s
04: Epoch 34/90 - 9.269s
08: Epoch 34/90 - 9.269s
14: Epoch 34/90 - 9.269s
10: Epoch 34/90 - 9.269s
03: Epoch 34/90 - 9.269s
05: Epoch 34/90 - 9.269s
06: Epoch 34/90 - 9.269s
09: Epoch 34/90 - 9.269s
15: Epoch 34/90 - 9.269s
11: Epoch 34/90 - 9.269s
12: Epoch 34/90 - 9.269s
07: Epoch 34/90 - 9.269s
13: Epoch 34/90 - 9.269s
00: Epoch 34/90 - 9.269s
01: Epoch 35/90 - 8.987s
06: Epoch 35/90 - 8.987s
08: Epoch 35/90 - 8.987s
12: Epoch 35/90 - 8.987s
02: Epoch 35/90 - 8.987s
04: Epoch 35/90 - 8.987s
09: Epoch 35/90 - 8.987s
14: Epoch 35/90 - 8.987s
10: Epoch 35/90 - 8.987s
13: Epoch 35/90 - 8.987s
03: Epoch 35/90 - 8.987s
05: Epoch 35/90 - 8.987s
07: Epoch 35/90 - 8.987s
15: Epoch 35/90 - 8.987s
11: Epoch 35/90 - 8.987s
00: Epoch 35/90 - 8.987s
04: Epoch 36/90 - 8.913s
01: Epoch 36/90 - 8.913s
06: Epoch 36/90 - 8.913s
10: Epoch 36/90 - 8.913s
02: Epoch 36/90 - 8.913s
05: Epoch 36/90 - 8.913s
07: Epoch 36/90 - 8.913s
08: Epoch 36/90 - 8.913s
14: Epoch 36/90 - 8.913s
12: Epoch 36/90 - 8.913s
03: Epoch 36/90 - 8.913s
09: Epoch 36/90 - 8.913s
15: Epoch 36/90 - 8.913s
11: Epoch 36/90 - 8.913s
13: Epoch 36/90 - 8.913s
00: Epoch 36/90 - 8.913s
04: Epoch 37/90 - 8.772s
01: Epoch 37/90 - 8.772s
08: Epoch 37/90 - 8.772s
02: Epoch 37/90 - 8.772s
06: Epoch 37/90 - 8.772s
14: Epoch 37/90 - 8.772s
10: Epoch 37/90 - 8.772s
12: Epoch 37/90 - 8.772s
03: Epoch 37/90 - 8.772s
05: Epoch 37/90 - 8.772s
07: Epoch 37/90 - 8.772s
09: Epoch 37/90 - 8.772s
15: Epoch 37/90 - 8.772s
11: Epoch 37/90 - 8.772s
13: Epoch 37/90 - 8.772s
00: Epoch 37/90 - 8.772s
04: Epoch 38/90 - 8.769s
01: Epoch 38/90 - 8.769s
06: Epoch 38/90 - 8.769s
08: Epoch 38/90 - 8.769s
12: Epoch 38/90 - 8.769s
02: Epoch 38/90 - 8.769s
05: Epoch 38/90 - 8.769s
09: Epoch 38/90 - 8.769s
15: Epoch 38/90 - 8.769s
10: Epoch 38/90 - 8.769s
13: Epoch 38/90 - 8.769s
03: Epoch 38/90 - 8.769s
07: Epoch 38/90 - 8.769s
14: Epoch 38/90 - 8.769s
11: Epoch 38/90 - 8.769s
00: Epoch 38/90 - 8.769s
00: 
01: Epoch 39/90 - 8.793s
10: Epoch 39/90 - 8.793s
02: Epoch 39/90 - 8.793s
04: Epoch 39/90 - 8.793s
06: Epoch 39/90 - 8.793s
08: Epoch 39/90 - 8.793s
14: Epoch 39/90 - 8.793s
12: Epoch 39/90 - 8.793s
03: Epoch 39/90 - 8.793s
05: Epoch 39/90 - 8.793s
07: Epoch 39/90 - 8.793s
09: Epoch 39/90 - 8.793s
15: Epoch 39/90 - 8.793s
11: Epoch 39/90 - 8.793s
13: Epoch 39/90 - 8.793s
00: Epoch 39/90 - 8.793s
01: Epoch 40/90 - 8.876s
06: Epoch 40/90 - 8.876s
10: Epoch 40/90 - 8.876s
02: Epoch 40/90 - 8.876s
04: Epoch 40/90 - 8.876s
08: Epoch 40/90 - 8.876s
14: Epoch 40/90 - 8.876s
12: Epoch 40/90 - 8.876s
03: Epoch 40/90 - 8.876s
05: Epoch 40/90 - 8.876s
07: Epoch 40/90 - 8.876s
09: Epoch 40/90 - 8.876s
15: Epoch 40/90 - 8.876s
11: Epoch 40/90 - 8.876s
13: Epoch 40/90 - 8.876s
00: Epoch 40/90 - 8.876s
01: Epoch 41/90 - 8.766s
02: Epoch 41/90 - 8.766s
04: Epoch 41/90 - 8.766s
08: Epoch 41/90 - 8.766s
14: Epoch 41/90 - 8.766s
10: Epoch 41/90 - 8.766s
03: Epoch 41/90 - 8.766s
05: Epoch 41/90 - 8.766s
06: Epoch 41/90 - 8.766s
09: Epoch 41/90 - 8.766s
15: Epoch 41/90 - 8.766s
11: Epoch 41/90 - 8.766s
12: Epoch 41/90 - 8.766s
07: Epoch 41/90 - 8.766s
13: Epoch 41/90 - 8.766s
00: Epoch 41/90 - 8.766s
02: Epoch 42/90 - 8.915s
01: Epoch 42/90 - 8.915s
06: Epoch 42/90 - 8.915s
14: Epoch 42/90 - 8.915s
04: Epoch 42/90 - 8.915s
07: Epoch 42/90 - 8.915s
08: Epoch 42/90 - 8.915s
10: Epoch 42/90 - 8.915s
12: Epoch 42/90 - 8.915s
03: Epoch 42/90 - 8.915s
05: Epoch 42/90 - 8.915s
09: Epoch 42/90 - 8.915s
15: Epoch 42/90 - 8.915s
11: Epoch 42/90 - 8.915s
13: Epoch 42/90 - 8.915s
00: Epoch 42/90 - 8.915s
01: Epoch 43/90 - 8.761s
02: Epoch 43/90 - 8.761s
04: Epoch 43/90 - 8.761s
06: Epoch 43/90 - 8.761s
08: Epoch 43/90 - 8.761s
14: Epoch 43/90 - 8.761s
10: Epoch 43/90 - 8.761s
12: Epoch 43/90 - 8.761s
03: Epoch 43/90 - 8.761s
05: Epoch 43/90 - 8.761s
07: Epoch 43/90 - 8.761s
09: Epoch 43/90 - 8.761s
15: Epoch 43/90 - 8.761s
11: Epoch 43/90 - 8.761s
13: Epoch 43/90 - 8.761s
00: Epoch 43/90 - 8.761s
02: Epoch 44/90 - 8.837s
04: Epoch 44/90 - 8.837s
01: Epoch 44/90 - 8.837s
06: Epoch 44/90 - 8.837s
08: Epoch 44/90 - 8.837s
14: Epoch 44/90 - 8.837s
10: Epoch 44/90 - 8.837s
12: Epoch 44/90 - 8.837s
03: Epoch 44/90 - 8.837s
05: Epoch 44/90 - 8.837s
07: Epoch 44/90 - 8.837s
09: Epoch 44/90 - 8.837s
15: Epoch 44/90 - 8.837s
11: Epoch 44/90 - 8.837s
13: Epoch 44/90 - 8.837s
00: Epoch 44/90 - 8.837s
01: Epoch 45/90 - 8.778s
02: Epoch 45/90 - 8.779s
04: Epoch 45/90 - 8.779s
08: Epoch 45/90 - 8.779s
14: Epoch 45/90 - 8.779s
10: Epoch 45/90 - 8.779s
12: Epoch 45/90 - 8.779s
03: Epoch 45/90 - 8.779s
05: Epoch 45/90 - 8.779s
06: Epoch 45/90 - 8.779s
09: Epoch 45/90 - 8.779s
15: Epoch 45/90 - 8.779s
11: Epoch 45/90 - 8.779s
13: Epoch 45/90 - 8.779s
07: Epoch 45/90 - 8.779s
00: Epoch 45/90 - 8.779s
01: Epoch 46/90 - 8.807s
02: Epoch 46/90 - 8.807s
04: Epoch 46/90 - 8.807s
08: Epoch 46/90 - 8.807s
14: Epoch 46/90 - 8.807s
10: Epoch 46/90 - 8.807s
03: Epoch 46/90 - 8.807s
05: Epoch 46/90 - 8.807s
06: Epoch 46/90 - 8.807s
09: Epoch 46/90 - 8.807s
15: Epoch 46/90 - 8.807s
11: Epoch 46/90 - 8.807s
12: Epoch 46/90 - 8.807s
07: Epoch 46/90 - 8.807s
13: Epoch 46/90 - 8.807s
00: Epoch 46/90 - 8.807s
01: Epoch 47/90 - 8.740s
06: Epoch 47/90 - 8.740s
08: Epoch 47/90 - 8.740s
12: Epoch 47/90 - 8.740s
02: Epoch 47/90 - 8.740s
04: Epoch 47/90 - 8.740s
07: Epoch 47/90 - 8.740s
14: Epoch 47/90 - 8.740s
10: Epoch 47/90 - 8.740s
13: Epoch 47/90 - 8.740s
03: Epoch 47/90 - 8.740s
05: Epoch 47/90 - 8.740s
09: Epoch 47/90 - 8.740s
15: Epoch 47/90 - 8.740s
11: Epoch 47/90 - 8.740s
00: Epoch 47/90 - 8.740s
01: Epoch 48/90 - 9.035s
07: Epoch 48/90 - 9.035s
02: Epoch 48/90 - 9.035s
04: Epoch 48/90 - 9.035s
06: Epoch 48/90 - 9.035s
08: Epoch 48/90 - 9.035s
14: Epoch 48/90 - 9.035s
10: Epoch 48/90 - 9.035s
12: Epoch 48/90 - 9.035s
03: Epoch 48/90 - 9.035s
05: Epoch 48/90 - 9.035s
09: Epoch 48/90 - 9.035s
15: Epoch 48/90 - 9.035s
11: Epoch 48/90 - 9.035s
13: Epoch 48/90 - 9.035s
00: Epoch 48/90 - 9.035s
02: Epoch 49/90 - 8.827s
01: Epoch 49/90 - 8.827s
14: Epoch 49/90 - 8.827s
10: Epoch 49/90 - 8.827s
12: Epoch 49/90 - 8.827s
03: Epoch 49/90 - 8.827s
04: Epoch 49/90 - 8.827s
06: Epoch 49/90 - 8.827s
08: Epoch 49/90 - 8.827s
13: Epoch 49/90 - 8.827s
05: Epoch 49/90 - 8.827s
07: Epoch 49/90 - 8.827s
09: Epoch 49/90 - 8.827s
15: Epoch 49/90 - 8.827s
11: Epoch 49/90 - 8.827s
00: Epoch 49/90 - 8.827s
04: Epoch 50/90 - 8.763s
01: Epoch 50/90 - 8.763s
08: Epoch 50/90 - 8.763s
02: Epoch 50/90 - 8.763s
05: Epoch 50/90 - 8.763s
06: Epoch 50/90 - 8.763s
14: Epoch 50/90 - 8.763s
10: Epoch 50/90 - 8.763s
12: Epoch 50/90 - 8.763s
03: Epoch 50/90 - 8.763s
07: Epoch 50/90 - 8.763s
09: Epoch 50/90 - 8.763s
15: Epoch 50/90 - 8.763s
11: Epoch 50/90 - 8.763s
13: Epoch 50/90 - 8.763s
00: Epoch 50/90 - 8.763s
02: Epoch 51/90 - 9.070s
04: Epoch 51/90 - 9.070s
01: Epoch 51/90 - 9.070s
06: Epoch 51/90 - 9.070s
08: Epoch 51/90 - 9.070s
14: Epoch 51/90 - 9.070s
10: Epoch 51/90 - 9.070s
12: Epoch 51/90 - 9.070s
03: Epoch 51/90 - 9.070s
05: Epoch 51/90 - 9.070s
07: Epoch 51/90 - 9.070s
09: Epoch 51/90 - 9.070s
15: Epoch 51/90 - 9.070s
11: Epoch 51/90 - 9.070s
13: Epoch 51/90 - 9.070s
00: Epoch 51/90 - 9.070s
02: Epoch 52/90 - 9.201s
01: Epoch 52/90 - 9.201s
08: Epoch 52/90 - 9.201s
14: Epoch 52/90 - 9.201s
10: Epoch 52/90 - 9.201s
04: Epoch 52/90 - 9.201s
06: Epoch 52/90 - 9.201s
12: Epoch 52/90 - 9.201s
03: Epoch 52/90 - 9.201s
05: Epoch 52/90 - 9.201s
07: Epoch 52/90 - 9.201s
09: Epoch 52/90 - 9.201s
15: Epoch 52/90 - 9.201s
11: Epoch 52/90 - 9.201s
13: Epoch 52/90 - 9.201s
00: Epoch 52/90 - 9.201s
04: Epoch 53/90 - 8.821s
01: Epoch 53/90 - 8.821s
06: Epoch 53/90 - 8.821s
08: Epoch 53/90 - 8.821s
02: Epoch 53/90 - 8.821s
05: Epoch 53/90 - 8.821s
14: Epoch 53/90 - 8.821s
10: Epoch 53/90 - 8.821s
12: Epoch 53/90 - 8.821s
03: Epoch 53/90 - 8.821s
07: Epoch 53/90 - 8.821s
09: Epoch 53/90 - 8.821s
15: Epoch 53/90 - 8.821s
11: Epoch 53/90 - 8.821s
13: Epoch 53/90 - 8.821s
00: Epoch 53/90 - 8.821s
01: Epoch 54/90 - 8.951s
06: Epoch 54/90 - 8.951s
08: Epoch 54/90 - 8.951s
12: Epoch 54/90 - 8.951s
02: Epoch 54/90 - 8.951s
04: Epoch 54/90 - 8.951s
14: Epoch 54/90 - 8.951s
10: Epoch 54/90 - 8.951s
03: Epoch 54/90 - 8.951s
05: Epoch 54/90 - 8.951s
07: Epoch 54/90 - 8.951s
09: Epoch 54/90 - 8.951s
15: Epoch 54/90 - 8.951s
11: Epoch 54/90 - 8.951s
13: Epoch 54/90 - 8.951s
00: Epoch 54/90 - 8.951s
01: Epoch 55/90 - 8.930s
06: Epoch 55/90 - 8.930s
02: Epoch 55/90 - 8.930s
04: Epoch 55/90 - 8.930s
08: Epoch 55/90 - 8.930s
14: Epoch 55/90 - 8.930s
10: Epoch 55/90 - 8.930s
12: Epoch 55/90 - 8.930s
03: Epoch 55/90 - 8.930s
05: Epoch 55/90 - 8.930s
07: Epoch 55/90 - 8.930s
09: Epoch 55/90 - 8.930s
15: Epoch 55/90 - 8.930s
11: Epoch 55/90 - 8.930s
13: Epoch 55/90 - 8.930s
00: Epoch 55/90 - 8.930s
01: Epoch 56/90 - 8.748s
08: Epoch 56/90 - 8.747s
12: Epoch 56/90 - 8.748s
02: Epoch 56/90 - 8.748s
04: Epoch 56/90 - 8.748s
06: Epoch 56/90 - 8.748s
09: Epoch 56/90 - 8.747s
14: Epoch 56/90 - 8.748s
10: Epoch 56/90 - 8.748s
13: Epoch 56/90 - 8.748s
03: Epoch 56/90 - 8.748s
05: Epoch 56/90 - 8.748s
07: Epoch 56/90 - 8.748s
15: Epoch 56/90 - 8.748s
11: Epoch 56/90 - 8.747s
00: Epoch 56/90 - 8.748s
01: Epoch 57/90 - 8.755s
06: Epoch 57/90 - 8.755s
09: Epoch 57/90 - 8.755s
14: Epoch 57/90 - 8.755s
10: Epoch 57/90 - 8.755s
12: Epoch 57/90 - 8.755s
02: Epoch 57/90 - 8.755s
04: Epoch 57/90 - 8.755s
07: Epoch 57/90 - 8.755s
08: Epoch 57/90 - 8.755s
15: Epoch 57/90 - 8.755s
13: Epoch 57/90 - 8.755s
03: Epoch 57/90 - 8.755s
05: Epoch 57/90 - 8.755s
11: Epoch 57/90 - 8.755s
00: Epoch 57/90 - 8.755s
01: Epoch 58/90 - 9.094s
12: Epoch 58/90 - 9.094s
02: Epoch 58/90 - 9.094s
04: Epoch 58/90 - 9.094s
06: Epoch 58/90 - 9.094s
08: Epoch 58/90 - 9.094s
14: Epoch 58/90 - 9.094s
10: Epoch 58/90 - 9.094s
03: Epoch 58/90 - 9.094s
05: Epoch 58/90 - 9.094s
07: Epoch 58/90 - 9.094s
09: Epoch 58/90 - 9.094s
15: Epoch 58/90 - 9.094s
11: Epoch 58/90 - 9.094s
13: Epoch 58/90 - 9.094s
00: Epoch 58/90 - 9.094s
01: Epoch 59/90 - 8.998s
02: Epoch 59/90 - 8.998s
04: Epoch 59/90 - 8.998s
06: Epoch 59/90 - 8.997s
08: Epoch 59/90 - 8.998s
14: Epoch 59/90 - 8.998s
10: Epoch 59/90 - 8.998s
12: Epoch 59/90 - 8.998s
03: Epoch 59/90 - 8.997s
05: Epoch 59/90 - 8.997s
07: Epoch 59/90 - 8.998s
09: Epoch 59/90 - 8.998s
15: Epoch 59/90 - 8.998s
11: Epoch 59/90 - 8.998s
13: Epoch 59/90 - 8.998s
00: Epoch 59/90 - 8.998s
01: Epoch 60/90 - 9.143s
08: Epoch 60/90 - 9.143s
02: Epoch 60/90 - 9.143s
04: Epoch 60/90 - 9.143s
06: Epoch 60/90 - 9.143s
14: Epoch 60/90 - 9.143s
10: Epoch 60/90 - 9.143s
12: Epoch 60/90 - 9.143s
03: Epoch 60/90 - 9.143s
05: Epoch 60/90 - 9.143s
07: Epoch 60/90 - 9.143s
09: Epoch 60/90 - 9.143s
15: Epoch 60/90 - 9.143s
11: Epoch 60/90 - 9.143s
13: Epoch 60/90 - 9.143s
00: Epoch 60/90 - 9.143s
01: Epoch 61/90 - 9.215s
02: Epoch 61/90 - 9.215s
04: Epoch 61/90 - 9.215s
06: Epoch 61/90 - 9.215s
08: Epoch 61/90 - 9.215s
14: Epoch 61/90 - 9.215s
12: Epoch 61/90 - 9.215s
03: Epoch 61/90 - 9.215s
05: Epoch 61/90 - 9.215s
07: Epoch 61/90 - 9.215s
09: Epoch 61/90 - 9.215s
15: Epoch 61/90 - 9.215s
10: Epoch 61/90 - 9.215s
13: Epoch 61/90 - 9.215s
11: Epoch 61/90 - 9.215s
00: Epoch 61/90 - 9.215s
00: 
01: Epoch 62/90 - 8.812s
02: Epoch 62/90 - 8.812s
04: Epoch 62/90 - 8.812s
06: Epoch 62/90 - 8.812s
08: Epoch 62/90 - 8.812s
14: Epoch 62/90 - 8.812s
10: Epoch 62/90 - 8.812s
12: Epoch 62/90 - 8.812s
03: Epoch 62/90 - 8.812s
05: Epoch 62/90 - 8.812s
07: Epoch 62/90 - 8.812s
09: Epoch 62/90 - 8.812s
15: Epoch 62/90 - 8.812s
11: Epoch 62/90 - 8.812s
13: Epoch 62/90 - 8.812s
00: Epoch 62/90 - 8.812s
01: Epoch 63/90 - 8.994s
14: Epoch 63/90 - 8.994s
10: Epoch 63/90 - 8.994s
12: Epoch 63/90 - 8.994s
02: Epoch 63/90 - 8.994s
04: Epoch 63/90 - 8.994s
06: Epoch 63/90 - 8.994s
08: Epoch 63/90 - 8.994s
15: Epoch 63/90 - 8.994s
11: Epoch 63/90 - 8.994s
13: Epoch 63/90 - 8.994s
03: Epoch 63/90 - 8.994s
05: Epoch 63/90 - 8.994s
07: Epoch 63/90 - 8.994s
09: Epoch 63/90 - 8.994s
00: Epoch 63/90 - 8.994s
01: Epoch 64/90 - 8.842s
08: Epoch 64/90 - 8.842s
14: Epoch 64/90 - 8.842s
12: Epoch 64/90 - 8.842s
02: Epoch 64/90 - 8.842s
04: Epoch 64/90 - 8.842s
06: Epoch 64/90 - 8.842s
09: Epoch 64/90 - 8.842s
15: Epoch 64/90 - 8.842s
10: Epoch 64/90 - 8.842s
13: Epoch 64/90 - 8.842s
03: Epoch 64/90 - 8.842s
05: Epoch 64/90 - 8.842s
07: Epoch 64/90 - 8.842s
11: Epoch 64/90 - 8.842s
00: Epoch 64/90 - 8.842s
01: Epoch 65/90 - 8.824s
08: Epoch 65/90 - 8.824s
12: Epoch 65/90 - 8.824s
02: Epoch 65/90 - 8.824s
04: Epoch 65/90 - 8.824s
06: Epoch 65/90 - 8.824s
14: Epoch 65/90 - 8.824s
10: Epoch 65/90 - 8.824s
03: Epoch 65/90 - 8.824s
05: Epoch 65/90 - 8.824s
07: Epoch 65/90 - 8.824s
09: Epoch 65/90 - 8.824s
15: Epoch 65/90 - 8.824s
11: Epoch 65/90 - 8.824s
13: Epoch 65/90 - 8.824s
00: Epoch 65/90 - 8.824s
01: Epoch 66/90 - 8.725s
08: Epoch 66/90 - 8.725s
10: Epoch 66/90 - 8.725s
02: Epoch 66/90 - 8.725s
04: Epoch 66/90 - 8.725s
06: Epoch 66/90 - 8.725s
14: Epoch 66/90 - 8.725s
11: Epoch 66/90 - 8.725s
12: Epoch 66/90 - 8.725s
03: Epoch 66/90 - 8.725s
05: Epoch 66/90 - 8.725s
07: Epoch 66/90 - 8.725s
09: Epoch 66/90 - 8.725s
15: Epoch 66/90 - 8.725s
13: Epoch 66/90 - 8.725s
00: Epoch 66/90 - 8.725s
01: Epoch 67/90 - 8.818s
14: Epoch 67/90 - 8.818s
10: Epoch 67/90 - 8.818s
02: Epoch 67/90 - 8.818s
04: Epoch 67/90 - 8.818s
06: Epoch 67/90 - 8.818s
08: Epoch 67/90 - 8.818s
11: Epoch 67/90 - 8.818s
12: Epoch 67/90 - 8.818s
03: Epoch 67/90 - 8.818s
05: Epoch 67/90 - 8.818s
07: Epoch 67/90 - 8.818s
09: Epoch 67/90 - 8.818s
15: Epoch 67/90 - 8.818s
13: Epoch 67/90 - 8.818s
00: Epoch 67/90 - 8.818s
01: Epoch 68/90 - 9.047s
12: Epoch 68/90 - 9.047s
02: Epoch 68/90 - 9.047s
04: Epoch 68/90 - 9.047s
06: Epoch 68/90 - 9.047s
08: Epoch 68/90 - 9.047s
14: Epoch 68/90 - 9.047s
10: Epoch 68/90 - 9.047s
13: Epoch 68/90 - 9.047s
03: Epoch 68/90 - 9.047s
05: Epoch 68/90 - 9.047s
07: Epoch 68/90 - 9.047s
09: Epoch 68/90 - 9.047s
15: Epoch 68/90 - 9.047s
11: Epoch 68/90 - 9.047s
00: Epoch 68/90 - 9.047s
01: Epoch 69/90 - 8.814s
12: Epoch 69/90 - 8.814s
02: Epoch 69/90 - 8.814s
04: Epoch 69/90 - 8.814s
06: Epoch 69/90 - 8.814s
08: Epoch 69/90 - 8.814s
14: Epoch 69/90 - 8.814s
10: Epoch 69/90 - 8.814s
03: Epoch 69/90 - 8.814s
05: Epoch 69/90 - 8.814s
07: Epoch 69/90 - 8.814s
09: Epoch 69/90 - 8.814s
15: Epoch 69/90 - 8.814s
11: Epoch 69/90 - 8.814s
13: Epoch 69/90 - 8.814s
00: Epoch 69/90 - 8.814s
03: Epoch 70/90 - 8.778s
01: Epoch 70/90 - 8.778s
12: Epoch 70/90 - 8.778s
02: Epoch 70/90 - 8.778s
04: Epoch 70/90 - 8.778s
06: Epoch 70/90 - 8.778s
08: Epoch 70/90 - 8.778s
14: Epoch 70/90 - 8.778s
10: Epoch 70/90 - 8.778s
05: Epoch 70/90 - 8.778s
07: Epoch 70/90 - 8.778s
09: Epoch 70/90 - 8.778s
15: Epoch 70/90 - 8.778s
11: Epoch 70/90 - 8.778s
13: Epoch 70/90 - 8.778s
00: Epoch 70/90 - 8.778s
01: Epoch 71/90 - 8.729s
06: Epoch 71/90 - 8.729s
12: Epoch 71/90 - 8.729s
02: Epoch 71/90 - 8.729s
04: Epoch 71/90 - 8.729s
08: Epoch 71/90 - 8.729s
14: Epoch 71/90 - 8.729s
10: Epoch 71/90 - 8.729s
03: Epoch 71/90 - 8.729s
05: Epoch 71/90 - 8.729s
07: Epoch 71/90 - 8.729s
09: Epoch 71/90 - 8.729s
15: Epoch 71/90 - 8.729s
11: Epoch 71/90 - 8.729s
13: Epoch 71/90 - 8.729s
00: Epoch 71/90 - 8.729s
02: Epoch 72/90 - 9.208s
04: Epoch 72/90 - 9.208s
01: Epoch 72/90 - 9.208s
06: Epoch 72/90 - 9.208s
08: Epoch 72/90 - 9.208s
14: Epoch 72/90 - 9.208s
10: Epoch 72/90 - 9.208s
12: Epoch 72/90 - 9.208s
03: Epoch 72/90 - 9.208s
05: Epoch 72/90 - 9.208s
07: Epoch 72/90 - 9.208s
09: Epoch 72/90 - 9.208s
15: Epoch 72/90 - 9.208s
11: Epoch 72/90 - 9.208s
13: Epoch 72/90 - 9.208s
00: Epoch 72/90 - 9.208s
01: Epoch 73/90 - 8.900s
06: Epoch 73/90 - 8.900s
04: Epoch 73/90 - 8.900s
08: Epoch 73/90 - 8.900s
14: Epoch 73/90 - 8.900s
12: Epoch 73/90 - 8.900s
02: Epoch 73/90 - 8.900s
05: Epoch 73/90 - 8.900s
07: Epoch 73/90 - 8.900s
09: Epoch 73/90 - 8.900s
15: Epoch 73/90 - 8.900s
10: Epoch 73/90 - 8.900s
13: Epoch 73/90 - 8.900s
03: Epoch 73/90 - 8.900s
11: Epoch 73/90 - 8.900s
00: Epoch 73/90 - 8.900s
01: Epoch 74/90 - 8.748s
02: Epoch 74/90 - 8.748s
04: Epoch 74/90 - 8.748s
06: Epoch 74/90 - 8.748s
08: Epoch 74/90 - 8.748s
14: Epoch 74/90 - 8.748s
10: Epoch 74/90 - 8.748s
12: Epoch 74/90 - 8.748s
03: Epoch 74/90 - 8.748s
05: Epoch 74/90 - 8.748s
07: Epoch 74/90 - 8.748s
09: Epoch 74/90 - 8.748s
15: Epoch 74/90 - 8.748s
11: Epoch 74/90 - 8.748s
13: Epoch 74/90 - 8.748s
00: Epoch 74/90 - 8.748s
01: Epoch 75/90 - 9.168s
12: Epoch 75/90 - 9.168s
02: Epoch 75/90 - 9.168s
04: Epoch 75/90 - 9.168s
06: Epoch 75/90 - 9.168s
08: Epoch 75/90 - 9.168s
14: Epoch 75/90 - 9.168s
10: Epoch 75/90 - 9.168s
03: Epoch 75/90 - 9.168s
05: Epoch 75/90 - 9.168s
07: Epoch 75/90 - 9.168s
09: Epoch 75/90 - 9.168s
15: Epoch 75/90 - 9.168s
11: Epoch 75/90 - 9.168s
13: Epoch 75/90 - 9.168s
00: Epoch 75/90 - 9.168s
02: Epoch 76/90 - 9.081s
04: Epoch 76/90 - 9.081s
01: Epoch 76/90 - 9.081s
06: Epoch 76/90 - 9.081s
08: Epoch 76/90 - 9.081s
14: Epoch 76/90 - 9.081s
10: Epoch 76/90 - 9.081s
12: Epoch 76/90 - 9.081s
03: Epoch 76/90 - 9.081s
05: Epoch 76/90 - 9.081s
07: Epoch 76/90 - 9.081s
09: Epoch 76/90 - 9.081s
13: Epoch 76/90 - 9.081s
15: Epoch 76/90 - 9.081s
11: Epoch 76/90 - 9.081s
00: Epoch 76/90 - 9.081s
01: Epoch 77/90 - 8.849s
02: Epoch 77/90 - 8.849s
04: Epoch 77/90 - 8.849s
06: Epoch 77/90 - 8.849s
08: Epoch 77/90 - 8.849s
14: Epoch 77/90 - 8.849s
10: Epoch 77/90 - 8.849s
12: Epoch 77/90 - 8.849s
03: Epoch 77/90 - 8.849s
05: Epoch 77/90 - 8.849s
07: Epoch 77/90 - 8.849s
09: Epoch 77/90 - 8.849s
15: Epoch 77/90 - 8.849s
11: Epoch 77/90 - 8.849s
13: Epoch 77/90 - 8.849s
00: Epoch 77/90 - 8.849s
01: Epoch 78/90 - 9.125s
10: Epoch 78/90 - 9.125s
12: Epoch 78/90 - 9.125s
02: Epoch 78/90 - 9.125s
04: Epoch 78/90 - 9.125s
06: Epoch 78/90 - 9.125s
08: Epoch 78/90 - 9.125s
14: Epoch 78/90 - 9.125s
03: Epoch 78/90 - 9.125s
05: Epoch 78/90 - 9.125s
07: Epoch 78/90 - 9.125s
09: Epoch 78/90 - 9.125s
15: Epoch 78/90 - 9.125s
11: Epoch 78/90 - 9.125s
13: Epoch 78/90 - 9.125s
00: Epoch 78/90 - 9.125s
04: Epoch 79/90 - 8.891s
01: Epoch 79/90 - 8.891s
08: Epoch 79/90 - 8.891s
14: Epoch 79/90 - 8.891s
10: Epoch 79/90 - 8.891s
12: Epoch 79/90 - 8.891s
02: Epoch 79/90 - 8.891s
05: Epoch 79/90 - 8.891s
06: Epoch 79/90 - 8.891s
09: Epoch 79/90 - 8.891s
15: Epoch 79/90 - 8.891s
11: Epoch 79/90 - 8.891s
13: Epoch 79/90 - 8.891s
03: Epoch 79/90 - 8.891s
07: Epoch 79/90 - 8.891s
00: Epoch 79/90 - 8.891s
01: Epoch 80/90 - 8.724s
02: Epoch 80/90 - 8.724s
04: Epoch 80/90 - 8.724s
06: Epoch 80/90 - 8.724s
08: Epoch 80/90 - 8.724s
14: Epoch 80/90 - 8.724s
10: Epoch 80/90 - 8.724s
12: Epoch 80/90 - 8.724s
03: Epoch 80/90 - 8.724s
05: Epoch 80/90 - 8.724s
07: Epoch 80/90 - 8.724s
09: Epoch 80/90 - 8.724s
15: Epoch 80/90 - 8.724s
11: Epoch 80/90 - 8.724s
13: Epoch 80/90 - 8.724s
00: Epoch 80/90 - 8.724s
01: Epoch 81/90 - 8.767s
06: Epoch 81/90 - 8.767s
09: Epoch 81/90 - 8.767s
12: Epoch 81/90 - 8.767s
02: Epoch 81/90 - 8.767s
04: Epoch 81/90 - 8.767s
14: Epoch 81/90 - 8.767s
10: Epoch 81/90 - 8.767s
03: Epoch 81/90 - 8.767s
05: Epoch 81/90 - 8.767s
07: Epoch 81/90 - 8.767s
08: Epoch 81/90 - 8.767s
15: Epoch 81/90 - 8.767s
11: Epoch 81/90 - 8.767s
13: Epoch 81/90 - 8.767s
00: Epoch 81/90 - 8.767s
01: Epoch 82/90 - 8.784s
06: Epoch 82/90 - 8.784s
14: Epoch 82/90 - 8.784s
12: Epoch 82/90 - 8.784s
02: Epoch 82/90 - 8.784s
04: Epoch 82/90 - 8.784s
07: Epoch 82/90 - 8.784s
08: Epoch 82/90 - 8.784s
15: Epoch 82/90 - 8.784s
10: Epoch 82/90 - 8.784s
13: Epoch 82/90 - 8.784s
03: Epoch 82/90 - 8.784s
05: Epoch 82/90 - 8.784s
09: Epoch 82/90 - 8.784s
11: Epoch 82/90 - 8.784s
00: Epoch 82/90 - 8.784s
01: Epoch 83/90 - 8.932s
12: Epoch 83/90 - 8.932s
02: Epoch 83/90 - 8.932s
04: Epoch 83/90 - 8.932s
06: Epoch 83/90 - 8.932s
08: Epoch 83/90 - 8.932s
14: Epoch 83/90 - 8.932s
10: Epoch 83/90 - 8.932s
03: Epoch 83/90 - 8.932s
05: Epoch 83/90 - 8.932s
07: Epoch 83/90 - 8.932s
09: Epoch 83/90 - 8.932s
15: Epoch 83/90 - 8.932s
11: Epoch 83/90 - 8.932s
13: Epoch 83/90 - 8.932s
00: Epoch 83/90 - 8.932s
01: Epoch 84/90 - 8.738s
06: Epoch 84/90 - 8.738s
08: Epoch 84/90 - 8.738s
14: Epoch 84/90 - 8.738s
12: Epoch 84/90 - 8.738s
02: Epoch 84/90 - 8.738s
04: Epoch 84/90 - 8.738s
07: Epoch 84/90 - 8.738s
09: Epoch 84/90 - 8.738s
15: Epoch 84/90 - 8.738s
10: Epoch 84/90 - 8.738s
13: Epoch 84/90 - 8.738s
03: Epoch 84/90 - 8.738s
05: Epoch 84/90 - 8.738s
11: Epoch 84/90 - 8.738s
00: Epoch 84/90 - 8.738s
01: Epoch 85/90 - 8.905s
08: Epoch 85/90 - 8.905s
02: Epoch 85/90 - 8.905s
04: Epoch 85/90 - 8.905s
06: Epoch 85/90 - 8.905s
14: Epoch 85/90 - 8.905s
10: Epoch 85/90 - 8.905s
12: Epoch 85/90 - 8.905s
03: Epoch 85/90 - 8.905s
05: Epoch 85/90 - 8.905s
07: Epoch 85/90 - 8.905s
09: Epoch 85/90 - 8.905s
15: Epoch 85/90 - 8.905s
11: Epoch 85/90 - 8.905s
13: Epoch 85/90 - 8.905s
00: Epoch 85/90 - 8.905s
01: Epoch 86/90 - 9.050s
06: Epoch 86/90 - 9.050s
02: Epoch 86/90 - 9.050s
04: Epoch 86/90 - 9.050s
08: Epoch 86/90 - 9.050s
14: Epoch 86/90 - 9.050s
10: Epoch 86/90 - 9.050s
12: Epoch 86/90 - 9.050s
03: Epoch 86/90 - 9.050s
05: Epoch 86/90 - 9.050s
07: Epoch 86/90 - 9.050s
09: Epoch 86/90 - 9.050s
15: Epoch 86/90 - 9.050s
11: Epoch 86/90 - 9.050s
13: Epoch 86/90 - 9.050s
00: Epoch 86/90 - 9.050s
01: Epoch 87/90 - 8.860s
02: Epoch 87/90 - 8.860s
06: Epoch 87/90 - 8.860s
14: Epoch 87/90 - 8.860s
10: Epoch 87/90 - 8.860s
12: Epoch 87/90 - 8.860s
03: Epoch 87/90 - 8.860s
04: Epoch 87/90 - 8.860s
07: Epoch 87/90 - 8.860s
08: Epoch 87/90 - 8.860s
15: Epoch 87/90 - 8.860s
11: Epoch 87/90 - 8.860s
13: Epoch 87/90 - 8.860s
05: Epoch 87/90 - 8.860s
09: Epoch 87/90 - 8.860s
00: Epoch 87/90 - 8.860s
02: Epoch 88/90 - 9.069s
04: Epoch 88/90 - 9.069s
01: Epoch 88/90 - 9.069s
06: Epoch 88/90 - 9.069s
12: Epoch 88/90 - 9.069s
05: Epoch 88/90 - 9.069s
07: Epoch 88/90 - 9.069s
08: Epoch 88/90 - 9.069s
14: Epoch 88/90 - 9.069s
10: Epoch 88/90 - 9.069s
13: Epoch 88/90 - 9.069s
03: Epoch 88/90 - 9.069s
09: Epoch 88/90 - 9.069s
15: Epoch 88/90 - 9.069s
11: Epoch 88/90 - 9.069s
00: Epoch 88/90 - 9.069s
02: Epoch 89/90 - 8.818s
02: Steps per epoch: 4
02: Validation steps per epoch: 10
01: Epoch 89/90 - 8.818s
01: Steps per epoch: 4
01: Validation steps per epoch: 10
06: Epoch 89/90 - 8.819s
06: Steps per epoch: 4
14: Epoch 89/90 - 8.818s
14: Steps per epoch: 4
14: Validation steps per epoch: 10
10: Epoch 89/90 - 8.818s
12: Epoch 89/90 - 8.818s
12: Steps per epoch: 4
12: Validation steps per epoch: 10
04: Epoch 89/90 - 8.819s
04: Steps per epoch: 4
04: Validation steps per epoch: 10
07: Epoch 89/90 - 8.819s
07: Steps per epoch: 4
07: Validation steps per epoch: 10
08: Epoch 89/90 - 8.818s
08: Steps per epoch: 4
08: Validation steps per epoch: 10
13: Epoch 89/90 - 8.818s
13: Steps per epoch: 4
13: Validation steps per epoch: 10
03: Epoch 89/90 - 8.818s
03: Steps per epoch: 4
03: Validation steps per epoch: 10
05: Epoch 89/90 - 8.819s
05: Steps per epoch: 4
05: Validation steps per epoch: 10
06: Validation steps per epoch: 10
09: Epoch 89/90 - 8.818s
09: Steps per epoch: 4
09: Validation steps per epoch: 10
15: Epoch 89/90 - 8.818s
15: Steps per epoch: 4
15: Validation steps per epoch: 10
10: Steps per epoch: 4
10: Validation steps per epoch: 10
13: Average time per epoch: 9.253 s
03: Average time per epoch: 9.253 s
05: Average time per epoch: 9.253 s
01: Average time per epoch: 9.253 s
06: Average time per epoch: 9.253 s
09: Average time per epoch: 9.253 s
15: Average time per epoch: 9.253 s
11: Epoch 89/90 - 8.818s
11: Steps per epoch: 4
11: Validation steps per epoch: 10
12: Average time per epoch: 9.253 s
02: Average time per epoch: 9.253 s
04: Average time per epoch: 9.253 s
07: Average time per epoch: 9.253 s
08: Average time per epoch: 9.253 s
14: Average time per epoch: 9.253 s
10: Average time per epoch: 9.253 s
11: Average time per epoch: 9.253 s
03: --- 836.4344515800476 seconds ---
00: Epoch 89/90 - 8.819s
08: --- 837.471275806427 seconds ---
15: --- 837.485613822937 seconds ---
10: --- 837.4329922199249 seconds ---
12: --- 837.4980731010437 seconds ---
02: --- 836.4338264465332 seconds ---
00: Steps per epoch: 4
07: --- 837.4862468242645 seconds ---
09: --- 837.4659750461578 seconds ---
11: --- 837.4313895702362 seconds ---
13: --- 837.4841825962067 seconds ---
05: --- 836.5104470252991 seconds ---
00: Validation steps per epoch: 10
06: --- 837.490972995758 seconds ---
04: --- 836.5129735469818 seconds ---
00: Average time per epoch: 9.253 s
01: --- 837.49933552742 seconds ---
00: --- 837.5050683021545 seconds ---
14: --- 837.4929008483887 seconds ---
ELAPSED: 839 seconds
End at Sun Feb  7 14:29:32 EET 2021
