WORKERS: "gpu01-ib:5555"
Start at Tue Feb  9 15:38:55 EET 2021
CUDA_VISIBLE_DEVICES: 0
Running on hosts: gpu01
Running on 1 nodes.
Running 1 tasks per node
Job id is 1092081
0: Number of devices per node: 1
0: rank 0
0: => creating model 'resnet50'
0: Epoch: [0][ 0/25]	30.5699462890625	0.7329616546630859	7.294426441192627	1.025390625
0: Epoch: [0][ 0/25]	4.016915798187256	0.5865381956100464	3.531949520111084	10.595703125
0: Epoch: [0][ 0/25]	2.7452492713928223	0.572516918182373	4.339803218841553	11.43508180975914
0: Epoch 0/90 - 90.009s
0: Epoch: [1][ 0/25]	1.3609015941619873	0.5710887908935547	2.9640491008758545	18.017578125
0: Epoch: [1][ 0/25]	1.3571721315383911	0.563057005405426	2.5896942615509033	18.448153138160706
0: Epoch: [1][ 0/25]	1.358335018157959	0.5593892931938171	2.356339931488037	22.22842276096344
0: Epoch 1/90 - 38.500s
0: Epoch: [2][ 0/25]	1.3469617366790771	0.5563249588012695	1.9792569875717163	30.517578125
0: Epoch: [2][ 0/25]	1.35361909866333	0.5566145181655884	1.934644341468811	32.02681243419647
0: Epoch: [2][ 0/25]	1.3530329465866089	0.5575101971626282	1.8777008056640625	33.6030513048172
0: Epoch 2/90 - 38.404s
0: Epoch: [3][ 0/25]	1.354210615158081	0.5586214065551758	1.6919598579406738	38.18359375
0: Epoch: [3][ 0/25]	1.3538955450057983	0.559847891330719	1.7013293504714966	40.41637182235718
0: Epoch: [3][ 0/25]	1.3537249565124512	0.5598379373550415	1.6829137802124023	40.76915979385376
0: Epoch 3/90 - 38.433s
0: Epoch: [4][ 0/25]	1.36849045753479	0.5760021209716797	1.5855391025543213	44.62890625
0: Epoch: [4][ 0/25]	1.3537392616271973	0.5598567724227905	1.5608093738555908	45.43235003948212
0: Epoch: [4][ 0/25]	1.3528321981430054	0.5590648651123047	1.5479872226715088	45.46363353729248
0: Epoch 4/90 - 38.435s
0: Epoch: [5][ 0/25]	1.3525950908660889	0.5598814487457275	1.4343023300170898	49.21875
0: Epoch: [5][ 0/25]	1.3512439727783203	0.5569708347320557	1.490673542022705	48.04243743419647
0: Epoch: [5][ 0/25]	1.350902795791626	0.5565386414527893	1.4827089309692383	48.58863353729248
0: Epoch 5/90 - 38.378s
0: Epoch: [6][ 0/25]	1.3529736995697021	0.5582947731018066	1.3686339855194092	51.46484375
0: Epoch: [6][ 0/25]	1.3513474464416504	0.5563190579414368	1.380635142326355	51.318359375
0: Epoch: [6][ 0/25]	1.3524725437164307	0.556129515171051	1.3648422956466675	52.3251473903656
0: Epoch 6/90 - 38.381s
0: Epoch: [7][ 0/25]	1.3483080863952637	0.555349588394165	1.207781434059143	56.298828125
0: Epoch: [7][ 0/25]	1.3532191514968872	0.5527744293212891	1.2272454500198364	57.47514367103577
0: Epoch: [7][ 0/25]	1.3524755239486694	0.5540090799331665	1.2391998767852783	57.18703269958496
0: Epoch 7/90 - 38.368s
0: Epoch: [8][ 0/25]	1.3471550941467285	0.5541188716888428	1.0882099866867065	63.76953125
0: Epoch: [8][ 0/25]	1.3532763719558716	0.5527934432029724	1.087490439414978	62.717509269714355
0: Epoch: [8][ 0/25]	1.353578805923462	0.5540100336074829	1.1047579050064087	61.8047833442688
0: Epoch 8/90 - 38.408s
0: Epoch: [9][ 0/25]	1.3466532230377197	0.5531795024871826	1.0048819780349731	64.892578125
0: Epoch: [9][ 0/25]	1.3535168170928955	0.5531322956085205	0.997873067855835	65.60280323028564
0: Epoch: [9][ 0/25]	1.3531516790390015	0.5532784461975098	1.017156720161438	65.14369249343872
0: Epoch 9/90 - 38.387s
0: Epoch: [10][ 0/25]	1.3482325077056885	0.5535821914672852	0.8716497421264648	69.970703125
0: Epoch: [10][ 0/25]	1.3541903495788574	0.555286169052124	0.9703300595283508	67.89329051971436
0: Epoch: [10][ 0/25]	1.3523598909378052	0.5551506280899048	0.9647409319877625	67.529296875
0: Epoch 10/90 - 38.393s
0: Epoch: [11][ 0/25]	1.352989912033081	0.557945728302002	0.849751889705658	72.216796875
0: Epoch: [11][ 0/25]	1.3535252809524536	0.5591397881507874	0.8208194971084595	71.90607190132141
0: Epoch: [11][ 0/25]	1.3531171083450317	0.5589167475700378	0.8330426812171936	71.56110405921936
0: Epoch 11/90 - 38.431s
0: Epoch: [12][ 0/25]	1.351980447769165	0.5585613250732422	0.6738721132278442	78.3203125
0: Epoch: [12][ 0/25]	1.3508152961730957	0.5557765364646912	0.7402666211128235	75.01331567764282
0: Epoch: [12][ 0/25]	1.3518472909927368	0.5543679594993591	0.7555583119392395	74.30710792541504
0: Epoch 12/90 - 38.363s
0: Epoch: [13][ 0/25]	1.3542933464050293	0.5584056377410889	0.5466455221176147	82.32421875
0: Epoch: [13][ 0/25]	1.360061764717102	0.5472267270088196	0.6020205020904541	79.57208752632141
0: Epoch: [13][ 0/25]	1.3599519729614258	0.5468536615371704	0.6372799873352051	78.1552255153656
0: Epoch 13/90 - 38.532s
0: Epoch: [14][ 0/25]	1.3451461791992188	0.5506324768066406	0.522138237953186	83.349609375
0: Epoch: [14][ 0/25]	1.3577449321746826	0.5467057824134827	0.5926096439361572	80.09588122367859
0: Epoch: [14][ 0/25]	1.3580924272537231	0.5474866032600403	0.6221693754196167	79.22479510307312
0: Epoch 14/90 - 38.481s
0: Epoch: [15][ 0/25]	1.3440914154052734	0.5499441623687744	0.5176711082458496	84.033203125
0: Epoch: [15][ 0/25]	1.3555022478103638	0.547886312007904	0.5269035696983337	82.58611559867859
0: Epoch: [15][ 0/25]	1.355621099472046	0.5491822957992554	0.5258544087409973	82.29864239692688
0: Epoch 15/90 - 38.409s
0: Epoch: [16][ 0/25]	1.341224193572998	0.5461385250091553	0.41075390577316284	88.330078125
0: Epoch: [16][ 0/25]	1.3645247220993042	0.5438312292098999	0.43124398589134216	85.60457825660706
0: Epoch: [16][ 0/25]	1.3637654781341553	0.5451567769050598	0.4404420256614685	85.08417010307312
0: Epoch 16/90 - 38.635s
0: Epoch: [17][ 0/25]	1.3491227626800537	0.5546379089355469	0.36932170391082764	87.79296875
0: Epoch: [17][ 0/25]	1.3528996706008911	0.5552663803100586	0.42287978529930115	86.76313757896423
0: Epoch: [17][ 0/25]	1.3516985177993774	0.5552535653114319	0.42035794258117676	86.34440302848816
0: Epoch 17/90 - 38.372s
0: Epoch: [18][ 0/25]	1.349066972732544	0.5547323226928711	0.2802329361438751	91.943359375
0: Epoch: [18][ 0/25]	1.3525456190109253	0.5551902651786804	0.3872348964214325	88.10369372367859
0: Epoch: [18][ 0/25]	1.351057529449463	0.5551590919494629	0.3879278302192688	87.50464916229248
0: Epoch 18/90 - 38.339s
0: Epoch: [19][ 0/25]	1.349175214767456	0.5541822910308838	0.2724074423313141	91.30859375
0: Epoch: [19][ 0/25]	1.3503633737564087	0.5560435652732849	0.29762002825737	90.51846861839294
0: Epoch: [19][ 0/25]	1.350219488143921	0.5555914640426636	0.3109358251094818	90.2529776096344
0: Epoch 19/90 - 38.345s
0: Epoch: [20][ 0/25]	1.349353551864624	0.5576415061950684	0.18433094024658203	94.82421875
0: Epoch: [20][ 0/25]	1.3533514738082886	0.553005576133728	0.28957822918891907	91.38405323028564
0: Epoch: [20][ 0/25]	1.3534973859786987	0.5526630878448486	0.2998150885105133	90.75055718421936
0: Epoch 20/90 - 38.403s
0: Epoch: [21][ 0/25]	1.3502182960510254	0.5558474063873291	0.20010057091712952	93.359375
0: Epoch: [21][ 0/25]	1.3533252477645874	0.5531455874443054	0.26342135667800903	91.88565611839294
0: Epoch: [21][ 0/25]	1.3536425828933716	0.553770899772644	0.2719208300113678	91.62481427192688
0: Epoch 21/90 - 38.399s
0: Epoch: [22][ 0/25]	1.349196434020996	0.5544507503509521	0.2537914514541626	93.701171875
0: Epoch: [22][ 0/25]	1.3524585962295532	0.5525248050689697	0.22831830382347107	93.30167174339294
0: Epoch: [22][ 0/25]	1.3531343936920166	0.553433358669281	0.223655104637146	93.1942880153656
0: Epoch 22/90 - 38.393s
0: Epoch: [23][ 0/25]	1.3474440574645996	0.5539875030517578	0.1791500598192215	94.3359375
0: Epoch: [23][ 0/25]	1.3530892133712769	0.5520501732826233	0.21321696043014526	93.35049986839294
0: Epoch: [23][ 0/25]	1.3532930612564087	0.5529499053955078	0.22310170531272888	92.99665093421936
0: Epoch 23/90 - 38.399s
0: Epoch: [24][ 0/25]	1.3472392559051514	0.5539743900299072	0.1102001816034317	96.38671875
0: Epoch: [24][ 0/25]	1.353439450263977	0.5529090166091919	0.22402812540531158	94.06960010528564
0: Epoch: [24][ 0/25]	1.3519067764282227	0.5544419288635254	0.22282811999320984	93.62909197807312
0: Epoch 24/90 - 38.360s
0: Epoch: [25][ 0/25]	1.3513143062591553	0.555621862411499	0.14496517181396484	96.435546875
0: Epoch: [25][ 0/25]	1.353442668914795	0.5550941824913025	0.14837342500686646	95.44566869735718
0: Epoch: [25][ 0/25]	1.3523504734039307	0.5541281700134277	0.16304433345794678	95.41480541229248
0: Epoch 25/90 - 38.368s
0: Epoch: [26][ 0/25]	1.3518342971801758	0.5555868148803711	0.09667158871889114	97.265625
0: Epoch: [26][ 0/25]	1.3519164323806763	0.5565650463104248	0.13444562256336212	96.31125926971436
0: Epoch: [26][ 0/25]	1.3509784936904907	0.556607723236084	0.13792845606803894	96.05422019958496
0: Epoch 26/90 - 38.361s
0: Epoch: [27][ 0/25]	1.3492352962493896	0.5562551021575928	0.11493238806724548	97.55859375
0: Epoch: [27][ 0/25]	1.353701114654541	0.5528720021247864	0.12258763611316681	96.57315611839294
0: Epoch: [27][ 0/25]	1.3534892797470093	0.5527653098106384	0.14045637845993042	96.47972583770752
0: Epoch 27/90 - 38.427s
0: Epoch: [28][ 0/25]	1.3481497764587402	0.5570552349090576	0.08519866317510605	97.265625
0: Epoch: [28][ 0/25]	1.3520042896270752	0.5544883608818054	0.1256592571735382	96.630859375
0: Epoch: [28][ 0/25]	1.3511921167373657	0.5545639991760254	0.13302093744277954	96.45182490348816
0: Epoch 28/90 - 38.365s
0: Epoch: [29][ 0/25]	1.3475208282470703	0.5545849800109863	0.07288780808448792	97.607421875
0: Epoch: [29][ 0/25]	1.3526954650878906	0.5522163510322571	0.11970549076795578	97.021484375
0: Epoch: [29][ 0/25]	1.3529112339019775	0.5527516603469849	0.12226352095603943	96.70526385307312
0: Epoch 29/90 - 38.388s
0: Epoch: [30][ 0/25]	1.3483269214630127	0.5550937652587891	0.058921247720718384	97.94921875
0: Epoch: [30][ 0/25]	1.3541334867477417	0.5525220632553101	0.0755109190940857	97.802734375
0: Epoch: [30][ 0/25]	1.3536049127578735	0.553619921207428	0.07142849266529083	98.11663031578064
0: Epoch 30/90 - 38.396s
0: Epoch: [31][ 0/25]	1.3465383052825928	0.5546069145202637	0.024730635806918144	99.462890625
0: Epoch: [31][ 0/25]	1.352335810661316	0.5526325702667236	0.029873346909880638	99.54279065132141
0: Epoch: [31][ 0/25]	1.3521935939788818	0.5542235970497131	0.029358575120568275	99.57450032234192
0: Epoch 31/90 - 38.368s
0: Epoch: [32][ 0/25]	1.3466122150421143	0.5535793304443359	0.01743304915726185	99.755859375
0: Epoch: [32][ 0/25]	1.353507161140442	0.5529447793960571	0.016313308849930763	99.82244372367859
0: Epoch: [32][ 0/25]	1.3528536558151245	0.5532294511795044	0.01600702293217182	99.77911114692688
0: Epoch 32/90 - 38.377s
0: Epoch: [33][ 0/25]	1.3455495834350586	0.5533597469329834	0.014161542057991028	99.755859375
0: Epoch: [33][ 0/25]	1.353690266609192	0.5542154908180237	0.015700342133641243	99.82244372367859
0: Epoch: [33][ 0/25]	1.3534928560256958	0.5531365275382996	0.016169223934412003	99.7860848903656
0: Epoch 33/90 - 38.388s
0: Epoch: [34][ 0/25]	1.342353105545044	0.5503871440887451	0.00909007340669632	99.90234375
0: Epoch: [34][ 0/25]	1.355826497077942	0.5500755906105042	0.013317331671714783	99.83575940132141
0: Epoch: [34][ 0/25]	1.3564703464508057	0.5490617752075195	0.015274868346750736	99.81398582458496
0: Epoch 34/90 - 38.467s
0: Epoch: [35][ 0/25]	1.3433411121368408	0.5510523319244385	0.0168667733669281	99.560546875
0: Epoch: [35][ 0/25]	1.3550304174423218	0.548984706401825	0.010773729532957077	99.84464049339294
0: Epoch: [35][ 0/25]	1.3554823398590088	0.5487339496612549	0.011073625646531582	99.8721182346344
0: Epoch 35/90 - 38.451s
0: Epoch: [36][ 0/25]	1.3448536396026611	0.5529687404632568	0.010768505744636059	99.90234375
0: Epoch: [36][ 0/25]	1.353793978691101	0.5490724444389343	0.010915260761976242	99.84464049339294
0: Epoch: [36][ 0/25]	1.3542991876602173	0.548934817314148	0.011228659190237522	99.84886646270752
0: Epoch 36/90 - 38.404s
0: Epoch: [37][ 0/25]	1.3440544605255127	0.5507314205169678	0.005530014634132385	99.90234375
0: Epoch: [37][ 0/25]	1.3537160158157349	0.5493143200874329	0.008903997018933296	99.90678429603577
0: Epoch: [37][ 0/25]	1.3541936874389648	0.5502409934997559	0.009211190044879913	99.88839030265808
0: Epoch 37/90 - 38.415s
0: Epoch: [38][ 0/25]	1.3454957008361816	0.5532882213592529	0.011453398503363132	99.90234375
0: Epoch: [38][ 0/25]	1.3545275926589966	0.550945520401001	0.010284220799803734	99.84464049339294
0: Epoch: [38][ 0/25]	1.3544789552688599	0.551862895488739	0.009937290102243423	99.83956217765808
0: Epoch 38/90 - 38.406s
0: Epoch: [39][ 0/25]	1.3459415435791016	0.5522737503051758	0.00411043269559741	99.951171875
0: Epoch: [39][ 0/25]	1.3540101051330566	0.5507684350013733	0.008608846925199032	99.86683130264282
0: Epoch: [39][ 0/25]	1.3533357381820679	0.5513571500778198	0.008259168826043606	99.8721182346344
0: Epoch 39/90 - 38.387s
0: Epoch: [40][ 0/25]	1.3463830947875977	0.5527606010437012	0.004120400175452232	99.951171875
0: Epoch: [40][ 0/25]	1.3539320230484009	0.5520118474960327	0.006500991061329842	99.92009997367859
0: Epoch: [40][ 0/25]	1.3533945083618164	0.552324652671814	0.008132644928991795	99.86979365348816
0: Epoch 40/90 - 38.379s
0: Epoch: [41][ 0/25]	1.345513105392456	0.5508391857147217	0.0037160576321184635	99.90234375
0: Epoch: [41][ 0/25]	1.3545935153961182	0.5519003868103027	0.006561013869941235	99.91121888160706
0: Epoch: [41][ 0/25]	1.3540490865707397	0.5513522624969482	0.007853040471673012	99.90234375
0: Epoch 41/90 - 38.407s
0: Epoch: [42][ 0/25]	1.3596034049987793	0.567089319229126	0.01959836296737194	99.51171875
0: Epoch: [42][ 0/25]	1.353211522102356	0.5528160333633423	0.009643332101404667	99.84464049339294
0: Epoch: [42][ 0/25]	1.3534215688705444	0.5520592331886292	0.008586806245148182	99.87676739692688
0: Epoch 42/90 - 38.392s
0: Epoch: [43][ 0/25]	1.341933250427246	0.5489048957824707	0.0034305935259908438	99.951171875
0: Epoch: [43][ 0/25]	1.3550995588302612	0.5483511090278625	0.008207302540540695	99.91565942764282
0: Epoch: [43][ 0/25]	1.3553993701934814	0.5481619238853455	0.008205841295421124	99.89304542541504
0: Epoch 43/90 - 38.420s
0: Epoch: [44][ 0/25]	1.340895652770996	0.5490238666534424	0.010360250249505043	99.70703125
0: Epoch: [44][ 0/25]	1.3593107461929321	0.5464213490486145	0.006495727691799402	99.89346861839294
0: Epoch: [44][ 0/25]	1.3586244583129883	0.547065258026123	0.00813777931034565	99.8651385307312
0: Epoch 44/90 - 38.486s
0: Epoch: [45][ 0/25]	1.341982126235962	0.5474541187286377	0.005396242719143629	99.90234375
0: Epoch: [45][ 0/25]	1.3582128286361694	0.5463042855262756	0.007748642470687628	99.88902807235718
0: Epoch: [45][ 0/25]	1.3580318689346313	0.5474104881286621	0.007121093105524778	99.89537000656128
0: Epoch 45/90 - 38.472s
0: Epoch: [46][ 0/25]	1.341109275817871	0.549339771270752	0.0048788790591061115	99.90234375
0: Epoch: [46][ 0/25]	1.357345461845398	0.5471737384796143	0.004735789727419615	99.93785619735718
0: Epoch: [46][ 0/25]	1.3568559885025024	0.5483612418174744	0.0051011270843446255	99.93721842765808
0: Epoch 46/90 - 38.457s
0: Epoch: [47][ 0/25]	1.342634677886963	0.5493252277374268	0.013299533165991306	99.658203125
0: Epoch: [47][ 0/25]	1.3549482822418213	0.5491377115249634	0.006511250510811806	99.87127184867859
0: Epoch: [47][ 0/25]	1.354933500289917	0.5492081642150879	0.006882824935019016	99.89537000656128
0: Epoch 47/90 - 38.414s
0: Epoch: [48][ 0/25]	1.3427810668945312	0.5509309768676758	0.002108803018927574	100.0
0: Epoch: [48][ 0/25]	1.3541557788848877	0.5506128072738647	0.004858981352299452	99.91565942764282
0: Epoch: [48][ 0/25]	1.3543764352798462	0.5507966876029968	0.004930324386805296	99.9209463596344
0: Epoch 48/90 - 38.397s
0: Epoch: [49][ 0/25]	1.3433420658111572	0.5491535663604736	0.005102270748466253	99.951171875
0: Epoch: [49][ 0/25]	1.3544390201568604	0.550935685634613	0.005032859276980162	99.92454051971436
0: Epoch: [49][ 0/25]	1.3545587062835693	0.5506044030189514	0.0053152646869421005	99.91629719734192
0: Epoch 49/90 - 38.432s
0: Epoch: [50][ 0/25]	1.3420934677124023	0.5495829582214355	0.004398535005748272	99.90234375
0: Epoch: [50][ 0/25]	1.3587733507156372	0.5466055274009705	0.004913120996206999	99.93341565132141
0: Epoch: [50][ 0/25]	1.3585026264190674	0.5466092824935913	0.004396926146000624	99.9325692653656
0: Epoch 50/90 - 38.515s
0: Epoch: [51][ 0/25]	1.3430910110473633	0.5496761798858643	0.011363320983946323	99.951171875
0: Epoch: [51][ 0/25]	1.3553069829940796	0.5482081770896912	0.005919887218624353	99.92454051971436
0: Epoch: [51][ 0/25]	1.3557674884796143	0.5481837391853333	0.005112960934638977	99.92559552192688
0: Epoch 51/90 - 38.429s
0: Epoch: [52][ 0/25]	1.3425264358520508	0.5482652187347412	0.0029699052684009075	99.951171875
0: Epoch: [52][ 0/25]	1.3559600114822388	0.5470790266990662	0.0059590088203549385	99.92454051971436
0: Epoch: [52][ 0/25]	1.3574011325836182	0.5477564334869385	0.0055701714009046555	99.91862177848816
0: Epoch 52/90 - 38.460s
0: Epoch: [53][ 0/25]	1.340717077255249	0.5478289127349854	0.0024243153166025877	99.951171875
0: Epoch: [53][ 0/25]	1.3546630144119263	0.5485435724258423	0.0035261474549770355	99.96004700660706
0: Epoch: [53][ 0/25]	1.3555494546890259	0.5492736101150513	0.004726259969174862	99.93024468421936
0: Epoch 53/90 - 38.422s
0: Epoch: [54][ 0/25]	1.343970537185669	0.5480673313140869	0.0050078388303518295	99.90234375
0: Epoch: [54][ 0/25]	1.3587292432785034	0.5480427145957947	0.005852200090885162	99.91121888160706
0: Epoch: [54][ 0/25]	1.3569879531860352	0.548180341720581	0.0056185671128332615	99.90234375
0: Epoch 54/90 - 38.452s
0: Epoch: [55][ 0/25]	1.3399217128753662	0.547990083694458	0.00624188594520092	99.90234375
0: Epoch: [55][ 0/25]	1.354812741279602	0.548757016658783	0.0051413667388260365	99.89346861839294
0: Epoch: [55][ 0/25]	1.3550692796707153	0.5485395789146423	0.00521378917619586	99.90699291229248
0: Epoch 55/90 - 38.413s
0: Epoch: [56][ 0/25]	1.340623378753662	0.5483067035675049	0.008204563520848751	99.853515625
0: Epoch: [56][ 0/25]	1.3553763628005981	0.5493533611297607	0.006351358722895384	99.89346861839294
0: Epoch: [56][ 0/25]	1.35544753074646	0.54896479845047	0.005774463061243296	99.89304542541504
0: Epoch 56/90 - 38.417s
0: Epoch: [57][ 0/25]	1.3571197986602783	0.5628046989440918	0.0017258928855881095	100.0
0: Epoch: [57][ 0/25]	1.3557584285736084	0.5500413179397583	0.0039979238063097	99.93341565132141
0: Epoch: [57][ 0/25]	1.3563246726989746	0.5492039918899536	0.0042038848623633385	99.93489384651184
0: Epoch 57/90 - 38.455s
0: Epoch: [58][ 0/25]	1.341667890548706	0.5495409965515137	0.0014145913301035762	99.951171875
0: Epoch: [58][ 0/25]	1.3616238832473755	0.5457287430763245	0.005969830323010683	99.89790320396423
0: Epoch: [58][ 0/25]	1.3630781173706055	0.5454682111740112	0.005614166613668203	99.91164207458496
0: Epoch 58/90 - 38.598s
0: Epoch: [59][ 0/25]	1.3412721157073975	0.5489227771759033	0.002682227874174714	99.90234375
0: Epoch: [59][ 0/25]	1.357084035873413	0.5471656322479248	0.00448026554659009	99.92897510528564
0: Epoch: [59][ 0/25]	1.3584458827972412	0.5481694936752319	0.004952378571033478	99.91862177848816
0: Epoch 59/90 - 38.490s
0: Epoch: [60][ 0/25]	1.3391993045806885	0.5445895195007324	0.00435330206528306	99.951171875
0: Epoch: [60][ 0/25]	1.3632254600524902	0.5436819195747375	0.004411825444549322	99.92454051971436
0: Epoch: [60][ 0/25]	1.3626269102096558	0.5449021458625793	0.004396215546876192	99.92792010307312
0: Epoch 60/90 - 38.575s
0: Epoch: [61][ 0/25]	1.339949607849121	0.5462112426757812	0.006103110034018755	99.853515625
0: Epoch: [61][ 0/25]	1.3645893335342407	0.544277012348175	0.003822366939857602	99.92454051971436
0: Epoch: [61][ 0/25]	1.3632539510726929	0.5454068779945374	0.0034848274663090706	99.93489384651184
0: Epoch 61/90 - 38.595s
0: Epoch: [62][ 0/25]	1.3416013717651367	0.5476939678192139	0.0028118747286498547	99.90234375
0: Epoch: [62][ 0/25]	1.362869143486023	0.5455394387245178	0.0029747558292001486	99.94673132896423
0: Epoch: [62][ 0/25]	1.3611505031585693	0.5458981394767761	0.0027703815139830112	99.95814561843872
0: Epoch 62/90 - 38.564s
0: Epoch: [63][ 0/25]	1.347590446472168	0.5538883209228516	0.0036932530347257853	99.90234375
0: Epoch: [63][ 0/25]	1.352475643157959	0.5542172789573669	0.004813927225768566	99.88902807235718
0: Epoch: [63][ 0/25]	1.3531033992767334	0.5535433888435364	0.004406122025102377	99.89769458770752
0: Epoch 63/90 - 38.378s
0: Epoch: [64][ 0/25]	1.348088026046753	0.5518956184387207	0.0024159608874469995	99.951171875
0: Epoch: [64][ 0/25]	1.3524953126907349	0.5544071197509766	0.003016088157892227	99.94229674339294
0: Epoch: [64][ 0/25]	1.35269033908844	0.5542309880256653	0.0048713721334934235	99.90001916885376
0: Epoch 64/90 - 38.395s
0: Epoch: [65][ 0/25]	1.3468058109283447	0.5536994934082031	0.00212573423050344	100.0
0: Epoch: [65][ 0/25]	1.3524342775344849	0.5528421998023987	0.0027779238298535347	99.96448755264282
0: Epoch: [65][ 0/25]	1.3526194095611572	0.5527071952819824	0.003477828809991479	99.94187355041504
0: Epoch 65/90 - 38.401s
0: Epoch: [66][ 0/25]	1.3485081195831299	0.5546300411224365	0.0016355124535039067	100.0
0: Epoch: [66][ 0/25]	1.3527048826217651	0.5521913170814514	0.0025026409421116114	99.951171875
0: Epoch: [66][ 0/25]	1.3529980182647705	0.5521410703659058	0.0026258283760398626	99.95349645614624
0: Epoch 66/90 - 38.385s
0: Epoch: [67][ 0/25]	1.344707727432251	0.5528397560119629	0.006011901423335075	99.90234375
0: Epoch: [67][ 0/25]	1.3526151180267334	0.5520389080047607	0.0025675958022475243	99.96448755264282
0: Epoch: [67][ 0/25]	1.353232502937317	0.5532479882240295	0.002485868753865361	99.95814561843872
0: Epoch 67/90 - 38.389s
0: Epoch: [68][ 0/25]	1.3443822860717773	0.55204176902771	0.005101705901324749	99.853515625
0: Epoch: [68][ 0/25]	1.3527754545211792	0.5510818958282471	0.004143408965319395	99.91121888160706
0: Epoch: [68][ 0/25]	1.3534057140350342	0.552409291267395	0.0033058328554034233	99.93489384651184
0: Epoch 68/90 - 38.387s
0: Epoch: [69][ 0/25]	1.346604585647583	0.5537643432617188	0.002031693235039711	100.0
0: Epoch: [69][ 0/25]	1.3533663749694824	0.553754448890686	0.0019968657288700342	99.98224377632141
0: Epoch: [69][ 0/25]	1.3522902727127075	0.5540034174919128	0.0024029978085309267	99.9627947807312
0: Epoch 69/90 - 38.359s
0: Epoch: [70][ 0/25]	1.346688985824585	0.5531096458435059	0.005734680686146021	99.853515625
0: Epoch: [70][ 0/25]	1.3561893701553345	0.5514464974403381	0.004203143995255232	99.91121888160706
0: Epoch: [70][ 0/25]	1.3608933687210083	0.5463138818740845	0.0034759307745844126	99.92792010307312
0: Epoch 70/90 - 38.535s
0: Epoch: [71][ 0/25]	1.3346972465515137	0.5407564640045166	0.015634750947356224	99.560546875
0: Epoch: [71][ 0/25]	1.3632712364196777	0.5412094593048096	0.004516981076449156	99.90678429603577
0: Epoch: [71][ 0/25]	1.3648344278335571	0.5413072109222412	0.00334403314627707	99.93489384651184
0: Epoch 71/90 - 38.620s
0: Epoch: [72][ 0/25]	1.348391056060791	0.5539131164550781	0.0025603370741009712	99.90234375
0: Epoch: [72][ 0/25]	1.3648600578308105	0.5426937341690063	0.00185973453335464	99.97336864471436
0: Epoch: [72][ 0/25]	1.3656085729599	0.5422465205192566	0.0024176938459277153	99.951171875
0: Epoch 72/90 - 38.653s
0: Epoch: [73][ 0/25]	1.3365280628204346	0.5438244342803955	0.0016499594785273075	100.0
0: Epoch: [73][ 0/25]	1.3635797500610352	0.5419245362281799	0.0037872164975851774	99.94673132896423
0: Epoch: [73][ 0/25]	1.3648144006729126	0.5417055487632751	0.0032324600033462048	99.95349645614624
0: Epoch 73/90 - 38.598s
0: Epoch: [74][ 0/25]	1.336111307144165	0.5425281524658203	0.0013208166928961873	100.0
0: Epoch: [74][ 0/25]	1.3642741441726685	0.5401386022567749	0.002839736407622695	99.95561242103577
0: Epoch: [74][ 0/25]	1.3640385866165161	0.5406327247619629	0.0024657000321894884	99.9627947807312
0: Epoch 74/90 - 38.603s
0: Epoch: [75][ 0/25]	1.3313779830932617	0.541428804397583	0.0022202369291335344	99.90234375
0: Epoch: [75][ 0/25]	1.3635458946228027	0.5384343266487122	0.002499582711607218	99.96448755264282
0: Epoch: [75][ 0/25]	1.3645719289779663	0.5398534536361694	0.0026824818924069405	99.95582103729248
0: Epoch 75/90 - 38.607s
0: Epoch: [76][ 0/25]	1.3328161239624023	0.5402777194976807	0.004177264403551817	99.951171875
0: Epoch: [76][ 0/25]	1.3633553981781006	0.5389222502708435	0.003380576614290476	99.93785619735718
0: Epoch: [76][ 0/25]	1.3639405965805054	0.5409055948257446	0.0034036810975521803	99.9395489692688
0: Epoch 76/90 - 38.607s
0: Epoch: [77][ 0/25]	1.3347811698913574	0.541947603225708	0.0010130000300705433	100.0
0: Epoch: [77][ 0/25]	1.362586259841919	0.5436539053916931	0.0033101981971412897	99.951171875
0: Epoch: [77][ 0/25]	1.3640668392181396	0.542937695980072	0.0029730256646871567	99.951171875
0: Epoch 77/90 - 38.603s
0: Epoch: [78][ 0/25]	1.3353145122528076	0.5453863143920898	0.008901281282305717	99.70703125
0: Epoch: [78][ 0/25]	1.3626985549926758	0.5429356694221497	0.003344354685395956	99.93785619735718
0: Epoch: [78][ 0/25]	1.3639546632766724	0.5424058437347412	0.003159072482958436	99.94419813156128
0: Epoch 78/90 - 38.596s
0: Epoch: [79][ 0/25]	1.3349714279174805	0.5414044857025146	0.0018609041580930352	99.951171875
0: Epoch: [79][ 0/25]	1.3621481657028198	0.5434532761573792	0.0021671464201062918	99.96892809867859
0: Epoch: [79][ 0/25]	1.3640432357788086	0.5431021451950073	0.0023738823365420103	99.9627947807312
0: Epoch 79/90 - 38.618s
0: Epoch: [80][ 0/25]	1.3357925415039062	0.5430848598480225	0.0030333930626511574	99.90234375
0: Epoch: [80][ 0/25]	1.3636282682418823	0.5408439040184021	0.004411480855196714	99.91565942764282
0: Epoch: [80][ 0/25]	1.3647764921188354	0.540899395942688	0.0033745893742889166	99.93489384651184
0: Epoch 80/90 - 38.635s
0: Epoch: [81][ 0/25]	1.338026523590088	0.5428924560546875	0.002505482640117407	99.951171875
0: Epoch: [81][ 0/25]	1.3639401197433472	0.5409687161445618	0.002769887214526534	99.951171875
0: Epoch: [81][ 0/25]	1.3650716543197632	0.5409860014915466	0.003203263273462653	99.94884729385376
0: Epoch 81/90 - 38.597s
0: Epoch: [82][ 0/25]	1.3336050510406494	0.539259672164917	0.001966250129044056	100.0
0: Epoch: [82][ 0/25]	1.3629331588745117	0.5376419425010681	0.0025670635513961315	99.95561242103577
0: Epoch: [82][ 0/25]	1.3639025688171387	0.5387187004089355	0.002312416210770607	99.95814561843872
0: Epoch 82/90 - 38.599s
0: Epoch: [83][ 0/25]	1.333787441253662	0.5416419506072998	0.002014420460909605	99.951171875
0: Epoch: [83][ 0/25]	1.3633334636688232	0.5397666692733765	0.0025250220205634832	99.96448755264282
0: Epoch: [83][ 0/25]	1.3646661043167114	0.5405673980712891	0.0028332341462373734	99.95814561843872
0: Epoch 83/90 - 38.606s
0: Epoch: [84][ 0/25]	1.3314762115478516	0.5396223068237305	0.010722815059125423	99.755859375
0: Epoch: [84][ 0/25]	1.3620390892028809	0.5399030447006226	0.003610176732763648	99.92897510528564
0: Epoch: [84][ 0/25]	1.364334225654602	0.5393791794776917	0.00298198196105659	99.94419813156128
0: Epoch 84/90 - 38.599s
0: Epoch: [85][ 0/25]	1.3330321311950684	0.5394802093505859	0.009551683440804482	99.90234375
0: Epoch: [85][ 0/25]	1.3626933097839355	0.5406984090805054	0.003125685267150402	99.93785619735718
0: Epoch: [85][ 0/25]	1.3644464015960693	0.5408900380134583	0.0032352651469409466	99.9395489692688
0: Epoch 85/90 - 38.609s
0: Epoch: [86][ 0/25]	1.3354990482330322	0.5425426959991455	0.002726631471887231	99.951171875
0: Epoch: [86][ 0/25]	1.3622193336486816	0.5424718856811523	0.0027648068498820066	99.951171875
0: Epoch: [86][ 0/25]	1.364060401916504	0.5421522259712219	0.00248234486207366	99.95814561843872
0: Epoch 86/90 - 38.610s
0: 
0: Epoch: [87][ 0/25]	1.346914291381836	0.5548372268676758	0.0015758256195113063	100.0
0: Epoch: [87][ 0/25]	1.3649643659591675	0.5436433553695679	0.002289790892973542	99.96892809867859
0: Epoch: [87][ 0/25]	1.365826964378357	0.5430417060852051	0.0021998246666043997	99.97442364692688
0: Epoch 87/90 - 38.645s
0: Epoch: [88][ 0/25]	1.334935188293457	0.5412719249725342	0.003290905151516199	99.951171875
0: Epoch: [88][ 0/25]	1.3640190362930298	0.5397547483444214	0.0020674807019531727	99.96448755264282
0: Epoch: [88][ 0/25]	1.3653781414031982	0.5394637584686279	0.002244619419798255	99.9627947807312
0: Epoch 88/90 - 38.606s
0: Epoch: [89][ 0/25]	1.3335471153259277	0.5414638519287109	0.0012987966183573008	100.0
0: Epoch: [89][ 0/25]	1.3641029596328735	0.5398380160331726	0.002227769698947668	99.95561242103577
0: Epoch: [89][ 0/25]	1.3650696277618408	0.5402122735977173	0.0028363559395074844	99.9395489692688
0: Epoch 89/90 - 38.617s
0: Steps per epoch: 25
0: Validation steps per epoch: 5
0: Average time per epoch: 39.038 s
0: --- 3519.802227973938 seconds ---
ELAPSED: 3533 seconds
End at Tue Feb  9 16:37:48 EET 2021
