WORKERS: "gpu05-ib:5555"
Start at Sun Feb 14 04:39:31 EET 2021
CUDA_VISIBLE_DEVICES: 0
Running on hosts: gpu05
Running on 1 nodes.
Running 1 tasks per node
Job id is 1095048
0: Number of devices per node: 1
0: rank 0
0: => creating model 'resnet50'
0: Epoch: [0][ 0/25]	26.898414611816406	0.5705559253692627	7.586869239807129	0.0
0: Epoch: [0][ 0/25]	3.679537773132324	0.5556654930114746	3.4050283432006836	11.044034361839294
0: 
0: Epoch: [0][ 0/25]	2.5729548931121826	0.553583025932312	3.4624876976013184	11.85128316283226
0: Epoch 0/90 - 85.721s
0: Epoch: [1][ 0/25]	1.3505370616912842	0.5550994873046875	2.9940664768218994	17.041015625
0: Epoch: [1][ 0/25]	1.3541827201843262	0.5525192618370056	2.682559013366699	19.753195345401764
0: Epoch: [1][ 0/25]	1.3533509969711304	0.5542941093444824	2.4463605880737305	22.80505895614624
0: Epoch 1/90 - 38.418s
0: Epoch: [2][ 0/25]	1.3529183864593506	0.5578534603118896	1.94808030128479	31.8359375
0: Epoch: [2][ 0/25]	1.354843258857727	0.5558704137802124	1.8690216541290283	33.96661877632141
0: Epoch: [2][ 0/25]	1.3540862798690796	0.5553156733512878	1.831631064414978	35.13532280921936
0: Epoch 2/90 - 38.433s
0: Epoch: [3][ 0/25]	1.3512797355651855	0.5565829277038574	1.6882469654083252	39.892578125
0: Epoch: [3][ 0/25]	1.3538864850997925	0.5553039908409119	1.6917545795440674	40.55397808551788
0: Epoch: [3][ 0/25]	1.3545070886611938	0.5544793009757996	1.6653108596801758	41.10863208770752
0: Epoch 3/90 - 38.442s
0: Epoch: [4][ 0/25]	1.3640820980072021	0.571368932723999	1.5456410646438599	44.873046875
0: Epoch: [4][ 0/25]	1.3681418895721436	0.5413318872451782	1.5174065828323364	47.0703125
0: Epoch: [4][ 0/25]	1.3682615756988525	0.5399121046066284	1.5110615491867065	46.630859375
0: Epoch 4/90 - 38.702s
0: Epoch: [5][ 0/25]	1.3341994285583496	0.5404677391052246	1.384190559387207	50.146484375
0: Epoch: [5][ 0/25]	1.3653641939163208	0.5378786325454712	1.3835463523864746	50.94549059867859
0: Epoch: [5][ 0/25]	1.366839051246643	0.5376251935958862	1.3751800060272217	51.41834020614624
0: Epoch 5/90 - 38.647s
0: Epoch: [6][ 0/25]	1.3337934017181396	0.5396125316619873	1.200777530670166	57.03125
0: Epoch: [6][ 0/25]	1.3651556968688965	0.5376655459403992	1.2222129106521606	57.186609506607056
0: Epoch: [6][ 0/25]	1.3664121627807617	0.5380800366401672	1.240142822265625	56.41741156578064
0: Epoch 6/90 - 38.661s
0: Epoch: [7][ 0/25]	1.335381031036377	0.5420815944671631	1.1469346284866333	58.88671875
0: Epoch: [7][ 0/25]	1.3656888008117676	0.5386722087860107	1.16074800491333	58.99769067764282
0: Epoch: [7][ 0/25]	1.3666892051696777	0.5393251180648804	1.1633379459381104	58.89369249343872
0: Epoch 7/90 - 38.666s
0: Epoch: [8][ 0/25]	1.3350098133087158	0.5406761169433594	1.0142406225204468	64.990234375
0: Epoch: [8][ 0/25]	1.365644931793213	0.5383743047714233	1.0267952680587769	63.84943127632141
0: Epoch: [8][ 0/25]	1.366287350654602	0.5392653346061707	1.037434697151184	63.48586082458496
0: Epoch 8/90 - 38.662s
0: Epoch: [9][ 0/25]	1.3336219787597656	0.5406386852264404	0.9049918055534363	69.189453125
0: Epoch: [9][ 0/25]	1.3643226623535156	0.5394430756568909	0.9227869510650635	68.11079382896423
0: Epoch: [9][ 0/25]	1.3660509586334229	0.5386427640914917	0.9334518909454346	67.33630895614624
0: Epoch 9/90 - 38.652s
0: Epoch: [10][ 0/25]	1.332775354385376	0.5397768020629883	0.7534390091896057	73.92578125
0: Epoch: [10][ 0/25]	1.3639678955078125	0.5394303798675537	0.8183286786079407	71.20916247367859
0: Epoch: [10][ 0/25]	1.3660814762115479	0.539078414440155	0.8343386650085449	70.6240713596344
0: Epoch 10/90 - 38.636s
0: Epoch: [11][ 0/25]	1.3298733234405518	0.5348930358886719	0.6775906085968018	76.220703125
0: Epoch: [11][ 0/25]	1.3645496368408203	0.5338919162750244	0.7153284549713135	74.96448755264282
0: Epoch: [11][ 0/25]	1.3669793605804443	0.5322784185409546	0.7371112704277039	74.0234375
0: Epoch 11/90 - 38.641s
0: Epoch: [12][ 0/25]	1.326951265335083	0.5320684909820557	0.5984284281730652	78.22265625
0: Epoch: [12][ 0/25]	1.3654183149337769	0.5296043157577515	0.6671877503395081	76.26953125
0: Epoch: [12][ 0/25]	1.3670194149017334	0.5294767022132874	0.6845477223396301	75.7138192653656
0: Epoch 12/90 - 38.641s
0: Epoch: [13][ 0/25]	1.3262321949005127	0.5333826541900635	0.5186116099357605	81.396484375
0: Epoch: [13][ 0/25]	1.3653253316879272	0.5296827554702759	0.5790428519248962	79.78515625
0: Epoch: [13][ 0/25]	1.3670105934143066	0.5294514894485474	0.610672652721405	78.85509729385376
0: Epoch 13/90 - 38.628s
0: Epoch: [14][ 0/25]	1.3251266479492188	0.5310380458831787	0.4499746561050415	85.009765625
0: Epoch: [14][ 0/25]	1.3650760650634766	0.5301530361175537	0.528028666973114	81.78266882896423
0: Epoch: [14][ 0/25]	1.3668859004974365	0.5308170318603516	0.5516098737716675	80.98260760307312
0: Epoch 14/90 - 38.623s
0: Epoch: [15][ 0/25]	1.3253240585327148	0.5319154262542725	0.5016338229179382	82.763671875
0: Epoch: [15][ 0/25]	1.3645294904708862	0.5296468138694763	0.47625789046287537	83.47833752632141
0: Epoch: [15][ 0/25]	1.3669286966323853	0.5305665135383606	0.48776835203170776	83.14499855041504
0: Epoch 15/90 - 38.632s
0: Epoch: [16][ 0/25]	1.3254473209381104	0.5322730541229248	0.3808107376098633	88.28125
0: Epoch: [16][ 0/25]	1.364076018333435	0.5301770567893982	0.40221917629241943	86.07066869735718
0: Epoch: [16][ 0/25]	1.3663831949234009	0.5311194062232971	0.4214726984500885	85.39574146270752
0: Epoch 16/90 - 38.618s
0: Epoch: [17][ 0/25]	1.3266682624816895	0.5330479145050049	0.3024543523788452	89.55078125
0: Epoch: [17][ 0/25]	1.3645018339157104	0.5313829183578491	0.36674565076828003	87.5
0: Epoch: [17][ 0/25]	1.3664902448654175	0.5311797261238098	0.36004838347435	87.6650869846344
0: Epoch 17/90 - 38.621s
0: Epoch: [18][ 0/25]	1.326575517654419	0.5323202610015869	0.22637082636356354	92.48046875
0: Epoch: [18][ 0/25]	1.3646048307418823	0.5317484140396118	0.28784987330436707	90.19442200660706
0: Epoch: [18][ 0/25]	1.3664156198501587	0.5312305688858032	0.31213173270225525	89.29734230041504
0: Epoch 18/90 - 38.615s
0: Epoch: [19][ 0/25]	1.3264498710632324	0.5324485301971436	0.23694013059139252	92.138671875
0: Epoch: [19][ 0/25]	1.3652615547180176	0.5322415828704834	0.2824612557888031	90.39417505264282
0: Epoch: [19][ 0/25]	1.3668702840805054	0.5317279100418091	0.2965468466281891	89.86700177192688
0: Epoch 19/90 - 38.640s
0: Epoch: [20][ 0/25]	1.325495719909668	0.5326070785522461	0.20887401700019836	92.626953125
0: Epoch: [20][ 0/25]	1.365053653717041	0.5294951796531677	0.26584622263908386	90.98455309867859
0: Epoch: [20][ 0/25]	1.3671399354934692	0.5292860865592957	0.2856273651123047	90.28087854385376
0: Epoch 20/90 - 38.635s
0: Epoch: [21][ 0/25]	1.3242452144622803	0.531914234161377	0.1696545034646988	94.775390625
0: Epoch: [21][ 0/25]	1.3652055263519287	0.5305843353271484	0.22370518743991852	92.43608117103577
0: Epoch: [21][ 0/25]	1.367006540298462	0.5309364199638367	0.2290644347667694	92.23167896270752
0: Epoch 21/90 - 38.630s
0: Epoch: [22][ 0/25]	1.3261311054229736	0.5317873954772949	0.18317852914333344	93.65234375
0: Epoch: [22][ 0/25]	1.3650996685028076	0.5292792916297913	0.2146122008562088	92.94211864471436
0: Epoch: [22][ 0/25]	1.3667879104614258	0.5299860835075378	0.22217725217342377	92.529296875
0: Epoch 22/90 - 38.620s
0: Epoch: [23][ 0/25]	1.3253014087677002	0.5314497947692871	0.16919361054897308	95.41015625
0: Epoch: [23][ 0/25]	1.3647595643997192	0.5294700264930725	0.18895934522151947	93.73668432235718
0: Epoch: [23][ 0/25]	1.366713523864746	0.5305670499801636	0.19689419865608215	93.45005750656128
0: Epoch 23/90 - 38.619s
0: Epoch: [24][ 0/25]	1.327413558959961	0.5325582027435303	0.10898282378911972	96.630859375
0: Epoch: [24][ 0/25]	1.3642150163650513	0.5317003726959229	0.1665930151939392	94.46910619735718
0: Epoch: [24][ 0/25]	1.3660677671432495	0.5312272310256958	0.178103506565094	94.07784342765808
0: Epoch 24/90 - 38.607s
0: Epoch: [25][ 0/25]	1.3266446590423584	0.5325212478637695	0.10414296388626099	96.6796875
0: Epoch: [25][ 0/25]	1.3647041320800781	0.531717836856842	0.1563892364501953	95.23704051971436
0: Epoch: [25][ 0/25]	1.3664138317108154	0.5311508774757385	0.15822936594486237	94.99627947807312
0: Epoch 25/90 - 38.620s
0: Epoch: [26][ 0/25]	1.328352451324463	0.5328364372253418	0.12007549405097961	96.09375
0: Epoch: [26][ 0/25]	1.3649643659591675	0.5321044921875	0.1471555233001709	95.45010924339294
0: Epoch: [26][ 0/25]	1.3664395809173584	0.5314375162124634	0.15594547986984253	95.04743218421936
0: Epoch 26/90 - 38.623s
0: Epoch: [27][ 0/25]	1.324474811553955	0.5321807861328125	0.11814318597316742	95.99609375
0: Epoch: [27][ 0/25]	1.3635249137878418	0.529853880405426	0.1298706978559494	95.72532176971436
0: Epoch: [27][ 0/25]	1.366098165512085	0.5297290682792664	0.13281551003456116	95.556640625
0: Epoch 27/90 - 38.622s
0: Epoch: [28][ 0/25]	1.3248662948608398	0.5315344333648682	0.07766988128423691	97.36328125
0: Epoch: [28][ 0/25]	1.3636802434921265	0.5296475887298584	0.09991364926099777	96.59090638160706
0: Epoch: [28][ 0/25]	1.3659807443618774	0.5296937823295593	0.10858558118343353	96.28441333770752
0: Epoch 28/90 - 38.610s
0: Epoch: [29][ 0/25]	1.3267838954925537	0.5325977802276611	0.0749325230717659	97.55859375
0: Epoch: [29][ 0/25]	1.365254282951355	0.5295262932777405	0.09602557867765427	96.81285619735718
0: Epoch: [29][ 0/25]	1.3669747114181519	0.5299515724182129	0.10221217572689056	96.58900499343872
0: Epoch 29/90 - 38.623s
0: Epoch: [30][ 0/25]	1.3284549713134766	0.5306587219238281	0.07939314842224121	97.705078125
0: Epoch: [30][ 0/25]	1.3654316663742065	0.5295684337615967	0.0668068677186966	97.88263440132141
0: Epoch: [30][ 0/25]	1.366690993309021	0.5302450060844421	0.057325202971696854	98.22823405265808
0: Epoch 30/90 - 38.623s
0: Epoch: [31][ 0/25]	1.3294203281402588	0.5332005023956299	0.01968839019536972	99.609375
0: Epoch: [31][ 0/25]	1.365065336227417	0.5297930240631104	0.018376605585217476	99.68039989471436
0: Epoch: [31][ 0/25]	1.3668630123138428	0.5299510359764099	0.016809646040201187	99.72330927848816
0: Epoch 31/90 - 38.618s
0: Epoch: [32][ 0/25]	1.3211195468902588	0.5287415981292725	0.01274451520293951	99.755859375
0: Epoch: [32][ 0/25]	1.3644863367080688	0.5282236337661743	0.010961312800645828	99.853515625
0: Epoch: [32][ 0/25]	1.3661822080612183	0.5274604558944702	0.01021331176161766	99.86746907234192
0: Epoch 32/90 - 38.594s
0: Epoch: [33][ 0/25]	1.3227970600128174	0.5288748741149902	0.011551342904567719	99.755859375
0: Epoch: [33][ 0/25]	1.3642007112503052	0.5282607674598694	0.009106121025979519	99.88458752632141
0: Epoch: [33][ 0/25]	1.3663537502288818	0.5275736451148987	0.008922596462070942	99.90466833114624
0: Epoch 33/90 - 38.603s
0: Epoch: [34][ 0/25]	1.3223652839660645	0.5291504859924316	0.00657949224114418	100.0
0: Epoch: [34][ 0/25]	1.3644680976867676	0.5272811651229858	0.006889997515827417	99.94229674339294
0: Epoch: [34][ 0/25]	1.3667348623275757	0.5263336896896362	0.007187263108789921	99.94884729385376
0: Epoch 34/90 - 38.608s
0: Epoch: [35][ 0/25]	1.3201756477355957	0.5272583961486816	0.004657825920730829	99.951171875
0: Epoch: [35][ 0/25]	1.36368727684021	0.5244054198265076	0.007460527587682009	99.90678429603577
0: Epoch: [35][ 0/25]	1.3663526773452759	0.5242757201194763	0.007128225173801184	99.93024468421936
0: Epoch 35/90 - 38.609s
0: Epoch: [36][ 0/25]	1.3218376636505127	0.5272712707519531	0.0036588844377547503	100.0
0: Epoch: [36][ 0/25]	1.3645223379135132	0.5258778929710388	0.005264147650450468	99.94229674339294
0: Epoch: [36][ 0/25]	1.366822361946106	0.5258468389511108	0.005915396381169558	99.92559552192688
0: Epoch 36/90 - 38.602s
0: Epoch: [37][ 0/25]	1.3226871490478516	0.5270867347717285	0.004802871961146593	99.951171875
0: Epoch: [37][ 0/25]	1.3645110130310059	0.5244559645652771	0.0049574002623558044	99.97336864471436
0: Epoch: [37][ 0/25]	1.3669590950012207	0.5252817273139954	0.005134626291692257	99.96744990348816
0: Epoch 37/90 - 38.613s
0: Epoch: [38][ 0/25]	1.3213796615600586	0.5279414653778076	0.008760899305343628	99.90234375
0: Epoch: [38][ 0/25]	1.3650362491607666	0.5265558362007141	0.005810581147670746	99.951171875
0: Epoch: [38][ 0/25]	1.366911768913269	0.5271309018135071	0.005444135516881943	99.95349645614624
0: Epoch 38/90 - 38.615s
0: Epoch: [39][ 0/25]	1.3222508430480957	0.529170036315918	0.004110461100935936	99.951171875
0: Epoch: [39][ 0/25]	1.3647692203521729	0.5272506475448608	0.005539257545024157	99.92454051971436
0: Epoch: [39][ 0/25]	1.3665533065795898	0.527042806148529	0.005634843371808529	99.92792010307312
0: Epoch 39/90 - 38.605s
0: Epoch: [40][ 0/25]	1.3224239349365234	0.5274536609649658	0.003559390315786004	100.0
0: Epoch: [40][ 0/25]	1.3647379875183105	0.5271554589271545	0.0038035258185118437	99.98224377632141
0: Epoch: [40][ 0/25]	1.3664835691452026	0.5268034338951111	0.004431670065969229	99.96512532234192
0: Epoch 40/90 - 38.588s
0: Epoch: [41][ 0/25]	1.321406364440918	0.5270216464996338	0.003086815821006894	100.0
0: Epoch: [41][ 0/25]	1.3643640279769897	0.5263024568557739	0.0036703499499708414	99.96448755264282
0: Epoch: [41][ 0/25]	1.3669812679290771	0.525713324546814	0.0036518310662359	99.9697744846344
0: Epoch 41/90 - 38.606s
0: Epoch: [42][ 0/25]	1.3356428146362305	0.5403409004211426	0.00341580668464303	99.951171875
0: Epoch: [42][ 0/25]	1.3657398223876953	0.5268943905830383	0.0032938977237790823	99.97336864471436
0: Epoch: [42][ 0/25]	1.3675130605697632	0.5260540843009949	0.0031716504599899054	99.97907280921936
0: Epoch 42/90 - 38.632s
0: Epoch: [43][ 0/25]	1.3207871913909912	0.5269229412078857	0.002728707855567336	100.0
0: Epoch: [43][ 0/25]	1.3642665147781372	0.5244422554969788	0.003445360576733947	99.97780323028564
0: Epoch: [43][ 0/25]	1.3662850856781006	0.5242475271224976	0.0031203513499349356	99.97907280921936
0: Epoch 43/90 - 38.585s
0: Epoch: [44][ 0/25]	1.3215234279632568	0.5273480415344238	0.0030850206967443228	99.951171875
0: Epoch: [44][ 0/25]	1.3641499280929565	0.5245052576065063	0.0027924291789531708	99.98224377632141
0: Epoch: [44][ 0/25]	1.3664751052856445	0.5250269770622253	0.0031879779417067766	99.97442364692688
0: Epoch 44/90 - 38.591s
0: Epoch: [45][ 0/25]	1.32362699508667	0.5277025699615479	0.0024290448054671288	100.0
0: Epoch: [45][ 0/25]	1.364043951034546	0.524996817111969	0.0025196343194693327	99.99555945396423
0: Epoch: [45][ 0/25]	1.3662900924682617	0.52553790807724	0.0029498026706278324	99.97907280921936
0: Epoch 45/90 - 38.583s
0: Epoch: [46][ 0/25]	1.3198599815368652	0.5279529094696045	0.0019457333255559206	100.0
0: Epoch: [46][ 0/25]	1.364748477935791	0.5266116857528687	0.002883688546717167	99.98668432235718
0: Epoch: [46][ 0/25]	1.3662621974945068	0.5273005366325378	0.0026700361631810665	99.98604655265808
0: Epoch 46/90 - 38.595s
0: Epoch: [47][ 0/25]	1.3247790336608887	0.5282163619995117	0.0032719364389777184	99.951171875
0: Epoch: [47][ 0/25]	1.3656381368637085	0.5279665589332581	0.002691983710974455	99.98668432235718
0: Epoch: [47][ 0/25]	1.366957187652588	0.5276122689247131	0.0031298412941396236	99.97442364692688
0: Epoch 47/90 - 38.617s
0: Epoch: [48][ 0/25]	1.3214805126190186	0.5293521881103516	0.0022118869237601757	100.0
0: Epoch: [48][ 0/25]	1.3640474081039429	0.5284081697463989	0.0022620949894189835	99.98668432235718
0: Epoch: [48][ 0/25]	1.366554856300354	0.5278498530387878	0.0023419144563376904	99.98604655265808
0: Epoch 48/90 - 38.603s
0: Epoch: [49][ 0/25]	1.3224763870239258	0.5290689468383789	0.002023105975240469	100.0
0: Epoch: [49][ 0/25]	1.3645797967910767	0.5275848507881165	0.0021928991191089153	100.0
0: Epoch: [49][ 0/25]	1.3665966987609863	0.526806652545929	0.002474205568432808	99.98604655265808
0: Epoch 49/90 - 38.612s
0: Epoch: [50][ 0/25]	1.3213651180267334	0.5291891098022461	0.0024056409019976854	100.0
0: Epoch: [50][ 0/25]	1.364635944366455	0.5259407162666321	0.0022642770782113075	99.99112486839294
0: Epoch: [50][ 0/25]	1.3667314052581787	0.5256648063659668	0.002331868978217244	99.98604655265808
0: Epoch 50/90 - 38.620s
0: Epoch: [51][ 0/25]	1.3228065967559814	0.5272908210754395	0.0022433227859437466	100.0
0: Epoch: [51][ 0/25]	1.3654382228851318	0.5250257253646851	0.0019766604527831078	99.99555945396423
0: Epoch: [51][ 0/25]	1.3664921522140503	0.5249749422073364	0.0020920385140925646	99.98604655265808
0: Epoch 51/90 - 38.601s
0: Epoch: [52][ 0/25]	1.3233239650726318	0.5282213687896729	0.002386575797572732	100.0
0: Epoch: [52][ 0/25]	1.3644770383834839	0.5259798169136047	0.002372799441218376	99.97336864471436
0: Epoch: [52][ 0/25]	1.3666940927505493	0.5266028642654419	0.0021274189930409193	99.9813973903656
0: Epoch 52/90 - 38.605s
0: Epoch: [53][ 0/25]	1.3220446109771729	0.5283575057983398	0.0012006063479930162	100.0
0: Epoch: [53][ 0/25]	1.3649417161941528	0.5266962647438049	0.002097040880471468	99.99112486839294
0: Epoch: [53][ 0/25]	1.3668546676635742	0.5273931622505188	0.0021547796204686165	99.98604655265808
0: Epoch 53/90 - 38.608s
0: Epoch: [54][ 0/25]	1.3243529796600342	0.5289549827575684	0.002065433654934168	100.0
0: Epoch: [54][ 0/25]	1.3627574443817139	0.539411723613739	0.002412414411082864	99.98224377632141
0: Epoch: [54][ 0/25]	1.3655261993408203	0.5394049882888794	0.0021882117725908756	99.99070167541504
0: Epoch 54/90 - 38.645s
0: Epoch: [55][ 0/25]	1.3355355262756348	0.5413403511047363	0.0019050429109483957	99.951171875
0: Epoch: [55][ 0/25]	1.3645144701004028	0.5406075119972229	0.0024017675314098597	99.97336864471436
0: Epoch: [55][ 0/25]	1.366429328918457	0.5405063033103943	0.0024321814998984337	99.97442364692688
0: Epoch 55/90 - 38.667s
0: Epoch: [56][ 0/25]	1.3358211517333984	0.541684627532959	0.0018981308676302433	100.0
0: Epoch: [56][ 0/25]	1.3646283149719238	0.5408923625946045	0.001700885477475822	99.99112486839294
0: Epoch: [56][ 0/25]	1.3665167093276978	0.5402958989143372	0.002066691406071186	99.98372197151184
0: Epoch 56/90 - 38.664s
0: Epoch: [57][ 0/25]	1.3470094203948975	0.555325984954834	0.0030572006944566965	100.0
0: Epoch: [57][ 0/25]	1.3663301467895508	0.540917158126831	0.002125812927260995	99.98224377632141
0: Epoch: [57][ 0/25]	1.3675276041030884	0.540300726890564	0.002055750461295247	99.9883770942688
0: Epoch 57/90 - 38.695s
0: Epoch: [58][ 0/25]	1.334669828414917	0.5417044162750244	0.0015719457296654582	99.951171875
0: Epoch: [58][ 0/25]	1.3646266460418701	0.5392551422119141	0.0021707334090024233	99.97780323028564
0: Epoch: [58][ 0/25]	1.3665239810943604	0.5390860438346863	0.0021770852617919445	99.97674822807312
0: Epoch 58/90 - 38.645s
0: Epoch: [59][ 0/25]	1.334683895111084	0.5410857200622559	0.0011299904435873032	100.0
0: Epoch: [59][ 0/25]	1.3652116060256958	0.5386257767677307	0.0015495020197704434	99.99555945396423
0: Epoch: [59][ 0/25]	1.3659647703170776	0.5394200086593628	0.001649345620535314	99.99302625656128
0: Epoch 59/90 - 38.654s
0: Epoch: [60][ 0/25]	1.335951805114746	0.5409479141235352	0.001354997861199081	100.0
0: Epoch: [60][ 0/25]	1.3654738664627075	0.5389482975006104	0.002009928459301591	99.98668432235718
0: Epoch: [60][ 0/25]	1.3663058280944824	0.5397736430168152	0.001709907315671444	99.99070167541504
0: Epoch 60/90 - 38.659s
0: Epoch: [61][ 0/25]	1.3359951972961426	0.5418436527252197	0.0012691422598436475	100.0
0: Epoch: [61][ 0/25]	1.364949107170105	0.5389924645423889	0.0014198594726622105	99.99112486839294
0: Epoch: [61][ 0/25]	1.3658983707427979	0.5399408340454102	0.0015638278564438224	99.99070167541504
0: Epoch 61/90 - 38.650s
0: Epoch: [62][ 0/25]	1.337812900543213	0.5430912971496582	0.0022034894209355116	99.951171875
0: Epoch: [62][ 0/25]	1.3656225204467773	0.5459195971488953	0.0015875942772254348	99.99555945396423
0: Epoch: [62][ 0/25]	1.3673115968704224	0.5436853766441345	0.0015573455020785332	99.99767541885376
0: Epoch 62/90 - 38.680s
0: Epoch: [63][ 0/25]	1.3369553089141846	0.5437695980072021	0.0012093090917915106	100.0
0: Epoch: [63][ 0/25]	1.3644671440124512	0.5423166155815125	0.0020264252088963985	99.99555945396423
0: Epoch: [63][ 0/25]	1.3668618202209473	0.5415224432945251	0.0018816592637449503	99.99302625656128
0: Epoch 63/90 - 38.679s
0: Epoch: [64][ 0/25]	1.3357617855072021	0.5422437191009521	0.0013878782046958804	100.0
0: Epoch: [64][ 0/25]	1.3643521070480347	0.542566180229187	0.001488984446041286	100.0
0: Epoch: [64][ 0/25]	1.366677165031433	0.5419890284538269	0.0014054494677111506	100.0
0: Epoch 64/90 - 38.682s
0: Epoch: [65][ 0/25]	1.335974931716919	0.541682243347168	0.0024193087592720985	100.0
0: Epoch: [65][ 0/25]	1.3659573793411255	0.5394152998924255	0.0017983834259212017	99.99112486839294
0: Epoch: [65][ 0/25]	1.367321491241455	0.5391681790351868	0.0017063760897144675	99.99302625656128
0: Epoch 65/90 - 38.704s
0: Epoch: [66][ 0/25]	1.3361518383026123	0.5432939529418945	0.0010401608888059855	100.0
0: Epoch: [66][ 0/25]	1.3658872842788696	0.5397829413414001	0.002295980229973793	99.97780323028564
0: Epoch: [66][ 0/25]	1.3668104410171509	0.539520800113678	0.0020192814990878105	99.9813973903656
0: Epoch 66/90 - 38.644s
0: Epoch: [67][ 0/25]	1.3348915576934814	0.5403046607971191	0.0012116756988689303	100.0
0: Epoch: [67][ 0/25]	1.3655329942703247	0.5391425490379333	0.0013018508907407522	100.0
0: Epoch: [67][ 0/25]	1.3666269779205322	0.5400663018226624	0.0013206587173044682	99.99767541885376
0: Epoch 67/90 - 38.676s
0: Epoch: [68][ 0/25]	1.3393926620483398	0.5424604415893555	0.001352084567770362	100.0
0: Epoch: [68][ 0/25]	1.3667311668395996	0.5406739115715027	0.0015839554835110903	100.0
0: Epoch: [68][ 0/25]	1.3667502403259277	0.5412920713424683	0.0015013444935902953	100.0
0: Epoch 68/90 - 38.670s
0: Epoch: [69][ 0/25]	1.3387022018432617	0.5438487529754639	0.0015501417219638824	100.0
0: Epoch: [69][ 0/25]	1.3643319606781006	0.5418987274169922	0.0014491311740130186	99.99555945396423
0: Epoch: [69][ 0/25]	1.366237998008728	0.5410639047622681	0.0014064853312447667	99.99535083770752
0: Epoch 69/90 - 38.651s
0: Epoch: [70][ 0/25]	1.3362443447113037	0.5422899723052979	0.001267275190912187	100.0
0: Epoch: [70][ 0/25]	1.3650801181793213	0.5418792366981506	0.002444443292915821	99.96892809867859
0: Epoch: [70][ 0/25]	1.3669806718826294	0.5420239567756653	0.0020776730962097645	99.9813973903656
0: Epoch 70/90 - 38.681s
0: Epoch: [71][ 0/25]	1.3380990028381348	0.543665885925293	0.0010995593620464206	100.0
0: Epoch: [71][ 0/25]	1.3641818761825562	0.5429015755653381	0.0013971355510875583	100.0
0: Epoch: [71][ 0/25]	1.3667337894439697	0.5421046614646912	0.0014235817361623049	99.99767541885376
0: Epoch 71/90 - 38.674s
0: Epoch: [72][ 0/25]	1.3506667613983154	0.5560703277587891	0.0012574323918670416	100.0
0: Epoch: [72][ 0/25]	1.3671380281448364	0.5426965355873108	0.0013641677796840668	100.0
0: Epoch: [72][ 0/25]	1.3675057888031006	0.5419276356697083	0.0013474782463163137	100.0
0: Epoch 72/90 - 38.701s
0: Epoch: [73][ 0/25]	1.338019847869873	0.5426440238952637	0.0012649312848225236	100.0
0: Epoch: [73][ 0/25]	1.3655129671096802	0.540683925151825	0.001161439809948206	100.0
0: Epoch: [73][ 0/25]	1.3668195009231567	0.5405737161636353	0.001372949918732047	99.99767541885376
0: Epoch 73/90 - 38.658s
0: Epoch: [74][ 0/25]	1.3347723484039307	0.5420711040496826	0.003301401622593403	100.0
0: Epoch: [74][ 0/25]	1.3655531406402588	0.5401632785797119	0.0018565923674032092	100.0
0: Epoch: [74][ 0/25]	1.3662474155426025	0.5405632853507996	0.001628009369596839	99.99767541885376
0: Epoch 74/90 - 38.662s
0: Epoch: [75][ 0/25]	1.333946943283081	0.541517972946167	0.0011640754528343678	100.0
0: Epoch: [75][ 0/25]	1.3657394647598267	0.5405891537666321	0.0014937490923330188	99.99555945396423
0: Epoch: [75][ 0/25]	1.366418719291687	0.5412561893463135	0.0014309592079371214	99.99767541885376
0: Epoch 75/90 - 38.660s
0: Epoch: [76][ 0/25]	1.3363215923309326	0.542259693145752	0.0016740387072786689	100.0
0: Epoch: [76][ 0/25]	1.3661764860153198	0.540380597114563	0.0018336963839828968	99.97780323028564
0: Epoch: [76][ 0/25]	1.3664159774780273	0.5413710474967957	0.0016381676541641355	99.9883770942688
0: Epoch 76/90 - 38.664s
0: Epoch: [77][ 0/25]	1.3388044834136963	0.542672872543335	0.0011103167198598385	100.0
0: Epoch: [77][ 0/25]	1.3649811744689941	0.5422188639640808	0.0016311618965119123	99.99555945396423
0: Epoch: [77][ 0/25]	1.3669408559799194	0.5419203042984009	0.0015492337988689542	99.99535083770752
0: Epoch 77/90 - 38.675s
0: Epoch: [78][ 0/25]	1.3384621143341064	0.5439498424530029	0.0011692605912685394	100.0
0: Epoch: [78][ 0/25]	1.3640542030334473	0.5427126288414001	0.0014591555809602141	99.99555945396423
0: Epoch: [78][ 0/25]	1.366506814956665	0.5420828461647034	0.0015747534343972802	99.99302625656128
0: Epoch 78/90 - 38.668s
0: Epoch: [79][ 0/25]	1.3354055881500244	0.5425653457641602	0.0012971949763596058	100.0
0: Epoch: [79][ 0/25]	1.3636656999588013	0.5425699353218079	0.0017227218486368656	99.99555945396423
0: Epoch: [79][ 0/25]	1.3657112121582031	0.5418635606765747	0.0015734228072687984	99.99767541885376
0: Epoch 79/90 - 38.657s
0: Epoch: [80][ 0/25]	1.3345329761505127	0.5415410995483398	0.0013969684951007366	100.0
0: Epoch: [80][ 0/25]	1.3648171424865723	0.5402788519859314	0.002127336570993066	99.97780323028564
0: Epoch: [80][ 0/25]	1.366908311843872	0.5401978492736816	0.002050466137006879	99.98372197151184
0: Epoch 80/90 - 38.691s
0: Epoch: [81][ 0/25]	1.3350002765655518	0.5421042442321777	0.001559615251608193	100.0
0: Epoch: [81][ 0/25]	1.3651341199874878	0.5393444299697876	0.0013452846324071288	100.0
0: Epoch: [81][ 0/25]	1.3668982982635498	0.5389441847801208	0.001390668679960072	99.99767541885376
0: Epoch 81/90 - 38.670s
0: Epoch: [82][ 0/25]	1.3378100395202637	0.5423698425292969	0.0018958661239594221	99.951171875
0: Epoch: [82][ 0/25]	1.3654226064682007	0.540692150592804	0.0017839147476479411	99.98668432235718
0: Epoch: [82][ 0/25]	1.3662455081939697	0.54087895154953	0.0020023768302053213	99.97442364692688
0: Epoch 82/90 - 38.650s
0: Epoch: [83][ 0/25]	1.3343157768249512	0.5403974056243896	0.002992126625031233	100.0
0: Epoch: [83][ 0/25]	1.3658963441848755	0.5381785035133362	0.002062459010630846	99.98668432235718
0: Epoch: [83][ 0/25]	1.3666545152664185	0.5387678146362305	0.0017163160955533385	99.99302625656128
0: Epoch 83/90 - 38.656s
0: Epoch: [84][ 0/25]	1.3357868194580078	0.5396738052368164	0.0011763573857024312	100.0
0: Epoch: [84][ 0/25]	1.3642891645431519	0.5389386415481567	0.001246604253537953	100.0
0: Epoch: [84][ 0/25]	1.3665401935577393	0.5387424230575562	0.001309869228862226	100.0
0: Epoch 84/90 - 38.661s
0: Epoch: [85][ 0/25]	1.338212013244629	0.5412678718566895	0.0021946500055491924	100.0
0: Epoch: [85][ 0/25]	1.3642659187316895	0.5401808023452759	0.0014328452525660396	99.99555945396423
0: Epoch: [85][ 0/25]	1.3664456605911255	0.5400452017784119	0.0013711644569411874	99.99767541885376
0: Epoch 85/90 - 38.656s
0: Epoch: [86][ 0/25]	1.333655834197998	0.5405251979827881	0.001198337646201253	100.0
0: Epoch: [86][ 0/25]	1.3644386529922485	0.5405269265174866	0.001489495043642819	99.99112486839294
0: Epoch: [86][ 0/25]	1.3664838075637817	0.539941668510437	0.0014562733704224229	99.99302625656128
0: Epoch 86/90 - 38.655s
0: Epoch: [87][ 0/25]	1.348703384399414	0.5553884506225586	0.0016720166895538568	100.0
0: Epoch: [87][ 0/25]	1.3664326667785645	0.5412586331367493	0.001436506980098784	99.99112486839294
0: Epoch: [87][ 0/25]	1.3676427602767944	0.5405827760696411	0.0016798576107248664	99.9883770942688
0: Epoch 87/90 - 38.699s
0: Epoch: [88][ 0/25]	1.332118272781372	0.5405399799346924	0.0013637786032631993	100.0
0: Epoch: [88][ 0/25]	1.364945888519287	0.5388978719711304	0.0014007874997332692	100.0
0: Epoch: [88][ 0/25]	1.3666269779205322	0.5388898849487305	0.0014503480633720756	99.99767541885376
0: Epoch 88/90 - 38.648s
0: Epoch: [89][ 0/25]	1.3356633186340332	0.5414464473724365	0.0010402618208900094	100.0
0: Epoch: [89][ 0/25]	1.3655028343200684	0.538753092288971	0.0014369029086083174	99.99112486839294
0: Epoch: [89][ 0/25]	1.3665452003479004	0.5391780138015747	0.0015241462970152497	99.99535083770752
0: Epoch 89/90 - 38.656s
0: Steps per epoch: 25
0: Validation steps per epoch: 5
0: 
0: Average time per epoch: 39.156 s
0: --- 3527.159353017807 seconds ---
ELAPSED: 3529 seconds
End at Sun Feb 14 05:38:20 EET 2021
