WORKERS: "gpu01-ib:5555","gpu02-ib:5555","gpu03-ib:5555","gpu04-ib:5555","gpu05-ib:5555","gpu06-ib:5555","gpu07-ib:5555","gpu08-ib:5555"
Start at Tue Feb  9 20:01:54 EET 2021
CUDA_VISIBLE_DEVICES: 0,1
Running on hosts: gpu[01-08]
Running on 8 nodes.
Running 2 tasks per node
Job id is 1092183
06: Number of devices per node: 2
04: Number of devices per node: 2
11: Number of devices per node: 2
12: Number of devices per node: 2
15: Number of devices per node: 2
00: Number of devices per node: 2
08: Number of devices per node: 2
03: Number of devices per node: 2
07: Number of devices per node: 2
05: Number of devices per node: 2
10: Number of devices per node: 2
13: Number of devices per node: 2
01: Number of devices per node: 2
14: Number of devices per node: 2
09: Number of devices per node: 2
02: Number of devices per node: 2
08: rank 8
06: rank 6
12: rank 12
15: rank 15
06: 
04: rank 
02: rank 
13: rank 13
02: 2
14: rank 14
09: rank 9
11: rank 11
13: 
04: 4
03: rank 3
11: 
05: rank 5
10: rank 10
00: rank 0
00: 
01: rank 
01: 1
07: rank 7
06: => creating model 'resnet50'
10: => creating model 'resnet50'
07: => creating model 'resnet50'
02: => creating model 'resnet50'
14: => creating model 'resnet50'
12: => creating model 'resnet50'
13: => creating model 'resnet50'
11: => creating model 'resnet50'
05: => creating model 'resnet50'
04: => creating model 'resnet50'
03: => creating model 'resnet50'
00: => creating model 'resnet50'
01: => creating model 'resnet50'
15: => creating model 'resnet50'
09: => creating model 'resnet50'
08: => creating model 'resnet50'
12: Epoch 0/90 - 22.943s
01: Epoch 0/90 - 22.951s
02: Epoch 0/90 - 22.951s
08: Epoch 0/90 - 22.945s
04: Epoch 0/90 - 22.946s
14: Epoch 0/90 - 22.943s
09: Epoch 0/90 - 22.944s
10: Epoch 0/90 - 22.944s
13: Epoch 0/90 - 22.943s
06: Epoch 0/90 - 22.946s
05: Epoch 0/90 - 22.946s
03: Epoch 0/90 - 22.946s
15: Epoch 0/90 - 22.943s
11: Epoch 0/90 - 22.943s
07: Epoch 0/90 - 22.945s
00: Epoch 0/90 - 22.981s
12: Epoch 1/90 - 15.008s
01: Epoch 1/90 - 15.007s
14: Epoch 1/90 - 15.008s
10: Epoch 1/90 - 15.008s
13: Epoch 1/90 - 15.008s
06: Epoch 1/90 - 15.007s
04: Epoch 1/90 - 15.008s
02: Epoch 1/90 - 15.008s
15: Epoch 1/90 - 15.007s
08: Epoch 1/90 - 15.008s
11: Epoch 1/90 - 15.007s
07: Epoch 1/90 - 15.007s
05: Epoch 1/90 - 15.007s
03: Epoch 1/90 - 15.008s
09: Epoch 1/90 - 15.007s
00: Epoch 1/90 - 15.007s
12: Epoch 2/90 - 14.791s
04: Epoch 2/90 - 14.791s
01: Epoch 2/90 - 14.791s
13: Epoch 2/90 - 14.791s
06: Epoch 2/90 - 14.791s
05: Epoch 2/90 - 14.791s
02: Epoch 2/90 - 14.791s
14: Epoch 2/90 - 14.791s
08: Epoch 2/90 - 14.791s
10: Epoch 2/90 - 14.791s
07: Epoch 2/90 - 14.791s
03: Epoch 2/90 - 14.791s
15: Epoch 2/90 - 14.791s
09: Epoch 2/90 - 14.791s
11: Epoch 2/90 - 14.791s
00: Epoch 2/90 - 14.791s
01: Epoch 3/90 - 15.062s
12: Epoch 3/90 - 15.062s
06: Epoch 3/90 - 15.062s
04: Epoch 3/90 - 15.062s
02: Epoch 3/90 - 15.062s
15: Epoch 3/90 - 15.062s
08: Epoch 3/90 - 15.062s
10: Epoch 3/90 - 15.062s
13: Epoch 3/90 - 15.062s
07: Epoch 3/90 - 15.062s
05: Epoch 3/90 - 15.062s
03: Epoch 3/90 - 15.062s
14: Epoch 3/90 - 15.062s
09: Epoch 3/90 - 15.062s
11: Epoch 3/90 - 15.062s
00: Epoch 3/90 - 15.062s
12: Epoch 4/90 - 15.145s
06: Epoch 4/90 - 15.145s
01: Epoch 4/90 - 15.145s
02: Epoch 4/90 - 15.145s
08: Epoch 4/90 - 15.145s
10: Epoch 4/90 - 15.145s
13: Epoch 4/90 - 15.145s
07: Epoch 4/90 - 15.145s
04: Epoch 4/90 - 15.145s
03: Epoch 4/90 - 15.145s
14: Epoch 4/90 - 15.145s
09: Epoch 4/90 - 15.145s
11: Epoch 4/90 - 15.145s
05: Epoch 4/90 - 15.145s
15: Epoch 4/90 - 15.145s
00: Epoch 4/90 - 15.145s
04: Epoch 5/90 - 15.316s
01: Epoch 5/90 - 15.316s
12: Epoch 5/90 - 15.316s
06: Epoch 5/90 - 15.316s
02: Epoch 5/90 - 15.316s
14: Epoch 5/90 - 15.316s
08: Epoch 5/90 - 15.316s
10: Epoch 5/90 - 15.316s
13: Epoch 5/90 - 15.316s
07: Epoch 5/90 - 15.316s
05: Epoch 5/90 - 15.316s
03: Epoch 5/90 - 15.316s
15: Epoch 5/90 - 15.316s
09: Epoch 5/90 - 15.316s
11: Epoch 5/90 - 15.316s
00: Epoch 5/90 - 15.316s
01: Epoch 6/90 - 15.151s
12: Epoch 6/90 - 15.151s
06: Epoch 6/90 - 15.151s
04: Epoch 6/90 - 15.151s
02: Epoch 6/90 - 15.151s
14: Epoch 6/90 - 15.151s
08: Epoch 6/90 - 15.151s
10: Epoch 6/90 - 15.151s
13: Epoch 6/90 - 15.151s
07: Epoch 6/90 - 15.151s
05: Epoch 6/90 - 15.151s
03: Epoch 6/90 - 15.151s
15: Epoch 6/90 - 15.151s
09: Epoch 6/90 - 15.151s
11: Epoch 6/90 - 15.151s
00: Epoch 6/90 - 15.151s
04: Epoch 7/90 - 14.961s
01: Epoch 7/90 - 14.961s
02: Epoch 7/90 - 14.961s
12: Epoch 7/90 - 14.961s
06: Epoch 7/90 - 14.961s
05: Epoch 7/90 - 14.961s
03: Epoch 7/90 - 14.961s
14: Epoch 7/90 - 14.961s
08: Epoch 7/90 - 14.961s
10: Epoch 7/90 - 14.961s
13: Epoch 7/90 - 14.961s
07: Epoch 7/90 - 14.961s
15: Epoch 7/90 - 14.961s
09: Epoch 7/90 - 14.961s
11: Epoch 7/90 - 14.961s
00: Epoch 7/90 - 14.961s
04: Epoch 8/90 - 15.293s
01: Epoch 8/90 - 15.293s
14: Epoch 8/90 - 15.293s
08: Epoch 8/90 - 15.293s
12: Epoch 8/90 - 15.293s
06: Epoch 8/90 - 15.293s
05: Epoch 8/90 - 15.293s
02: Epoch 8/90 - 15.293s
15: Epoch 8/90 - 15.293s
09: Epoch 8/90 - 15.293s
10: Epoch 8/90 - 15.293s
13: Epoch 8/90 - 15.293s
07: Epoch 8/90 - 15.293s
03: Epoch 8/90 - 15.293s
11: Epoch 8/90 - 15.293s
00: Epoch 8/90 - 15.293s
12: Epoch 9/90 - 15.175s
01: Epoch 9/90 - 15.175s
06: Epoch 9/90 - 15.175s
04: Epoch 9/90 - 15.175s
02: Epoch 9/90 - 15.175s
14: Epoch 9/90 - 15.175s
08: Epoch 9/90 - 15.175s
10: Epoch 9/90 - 15.175s
13: Epoch 9/90 - 15.175s
07: Epoch 9/90 - 15.175s
05: Epoch 9/90 - 15.175s
03: Epoch 9/90 - 15.175s
15: Epoch 9/90 - 15.175s
09: Epoch 9/90 - 15.175s
11: Epoch 9/90 - 15.175s
00: Epoch 9/90 - 15.175s
01: Epoch 10/90 - 15.136s
12: Epoch 10/90 - 15.136s
06: Epoch 10/90 - 15.136s
04: Epoch 10/90 - 15.136s
14: Epoch 10/90 - 15.136s
13: Epoch 10/90 - 15.136s
07: Epoch 10/90 - 15.136s
05: Epoch 10/90 - 15.136s
02: Epoch 10/90 - 15.136s
15: Epoch 10/90 - 15.136s
08: Epoch 10/90 - 15.136s
10: Epoch 10/90 - 15.136s
03: Epoch 10/90 - 15.136s
09: Epoch 10/90 - 15.136s
11: Epoch 10/90 - 15.136s
00: Epoch 10/90 - 15.136s
01: Epoch 11/90 - 15.131s
12: Epoch 11/90 - 15.131s
06: Epoch 11/90 - 15.131s
04: Epoch 11/90 - 15.131s
02: Epoch 11/90 - 15.131s
14: Epoch 11/90 - 15.131s
08: Epoch 11/90 - 15.131s
10: Epoch 11/90 - 15.131s
13: Epoch 11/90 - 15.131s
07: Epoch 11/90 - 15.131s
05: Epoch 11/90 - 15.131s
03: Epoch 11/90 - 15.131s
15: Epoch 11/90 - 15.131s
09: Epoch 11/90 - 15.131s
11: Epoch 11/90 - 15.131s
00: Epoch 11/90 - 15.131s
01: Epoch 12/90 - 15.009s
08: Epoch 12/90 - 15.009s
12: Epoch 12/90 - 15.009s
06: Epoch 12/90 - 15.009s
04: Epoch 12/90 - 15.009s
02: Epoch 12/90 - 15.009s
14: Epoch 12/90 - 15.009s
10: Epoch 12/90 - 15.009s
13: Epoch 12/90 - 15.009s
07: Epoch 12/90 - 15.009s
05: Epoch 12/90 - 15.009s
03: Epoch 12/90 - 15.009s
15: Epoch 12/90 - 15.009s
09: Epoch 12/90 - 15.009s
11: Epoch 12/90 - 15.009s
00: Epoch 12/90 - 15.009s
04: Epoch 13/90 - 15.131s
01: Epoch 13/90 - 15.131s
08: Epoch 13/90 - 15.131s
12: Epoch 13/90 - 15.131s
06: Epoch 13/90 - 15.131s
05: Epoch 13/90 - 15.131s
02: Epoch 13/90 - 15.131s
14: Epoch 13/90 - 15.131s
10: Epoch 13/90 - 15.131s
13: Epoch 13/90 - 15.131s
07: Epoch 13/90 - 15.131s
03: Epoch 13/90 - 15.131s
15: Epoch 13/90 - 15.131s
09: Epoch 13/90 - 15.131s
11: Epoch 13/90 - 15.131s
00: Epoch 13/90 - 15.131s
06: Epoch 14/90 - 15.074s
04: Epoch 14/90 - 15.074s
01: Epoch 14/90 - 15.074s
14: Epoch 14/90 - 15.074s
12: Epoch 14/90 - 15.074s
02: Epoch 14/90 - 15.074s
15: Epoch 14/90 - 15.074s
08: Epoch 14/90 - 15.074s
10: Epoch 14/90 - 15.074s
13: Epoch 14/90 - 15.074s
07: Epoch 14/90 - 15.074s
05: Epoch 14/90 - 15.074s
03: Epoch 14/90 - 15.074s
09: Epoch 14/90 - 15.074s
11: Epoch 14/90 - 15.074s
00: Epoch 14/90 - 15.074s
01: Epoch 15/90 - 14.812s
12: Epoch 15/90 - 14.812s
06: Epoch 15/90 - 14.812s
04: Epoch 15/90 - 14.812s
02: Epoch 15/90 - 14.812s
14: Epoch 15/90 - 14.812s
08: Epoch 15/90 - 14.812s
10: Epoch 15/90 - 14.812s
13: Epoch 15/90 - 14.812s
07: Epoch 15/90 - 14.812s
05: Epoch 15/90 - 14.812s
03: Epoch 15/90 - 14.812s
15: Epoch 15/90 - 14.812s
09: Epoch 15/90 - 14.812s
11: Epoch 15/90 - 14.812s
00: Epoch 15/90 - 14.812s
01: Epoch 16/90 - 14.672s
12: Epoch 16/90 - 14.672s
06: Epoch 16/90 - 14.672s
02: Epoch 16/90 - 14.672s
14: Epoch 16/90 - 14.672s
09: Epoch 16/90 - 14.672s
10: Epoch 16/90 - 14.672s
13: Epoch 16/90 - 14.672s
07: Epoch 16/90 - 14.672s
04: Epoch 16/90 - 14.672s
03: Epoch 16/90 - 14.672s
15: Epoch 16/90 - 14.672s
08: Epoch 16/90 - 14.672s
11: Epoch 16/90 - 14.672s
05: Epoch 16/90 - 14.672s
00: Epoch 16/90 - 14.672s
06: Epoch 17/90 - 14.783s
04: Epoch 17/90 - 14.783s
02: Epoch 17/90 - 14.783s
14: Epoch 17/90 - 14.783s
12: Epoch 17/90 - 14.783s
05: Epoch 17/90 - 14.783s
01: Epoch 17/90 - 14.783s
03: Epoch 17/90 - 14.783s
08: Epoch 17/90 - 14.783s
10: Epoch 17/90 - 14.783s
13: Epoch 17/90 - 14.783s
07: Epoch 17/90 - 14.783s
15: Epoch 17/90 - 14.783s
09: Epoch 17/90 - 14.783s
11: Epoch 17/90 - 14.783s
00: Epoch 17/90 - 14.783s
01: Epoch 18/90 - 14.827s
06: Epoch 18/90 - 14.827s
04: Epoch 18/90 - 14.827s
02: Epoch 18/90 - 14.827s
14: Epoch 18/90 - 14.827s
12: Epoch 18/90 - 14.827s
07: Epoch 18/90 - 14.827s
05: Epoch 18/90 - 14.827s
03: Epoch 18/90 - 14.827s
15: Epoch 18/90 - 14.827s
08: Epoch 18/90 - 14.827s
10: Epoch 18/90 - 14.827s
13: Epoch 18/90 - 14.827s
09: Epoch 18/90 - 14.827s
11: Epoch 18/90 - 14.827s
00: Epoch 18/90 - 14.827s
12: Epoch 19/90 - 14.919s
06: Epoch 19/90 - 14.919s
01: Epoch 19/90 - 14.919s
02: Epoch 19/90 - 14.919s
08: Epoch 19/90 - 14.919s
07: Epoch 19/90 - 14.919s
04: Epoch 19/90 - 14.919s
14: Epoch 19/90 - 14.919s
10: Epoch 19/90 - 14.919s
13: Epoch 19/90 - 14.919s
05: Epoch 19/90 - 14.919s
03: Epoch 19/90 - 14.919s
15: Epoch 19/90 - 14.919s
09: Epoch 19/90 - 14.919s
11: Epoch 19/90 - 14.919s
00: Epoch 19/90 - 14.919s
01: Epoch 20/90 - 15.086s
12: Epoch 20/90 - 15.086s
06: Epoch 20/90 - 15.086s
04: Epoch 20/90 - 15.086s
02: Epoch 20/90 - 15.086s
14: Epoch 20/90 - 15.086s
08: Epoch 20/90 - 15.086s
10: Epoch 20/90 - 15.086s
13: Epoch 20/90 - 15.086s
07: Epoch 20/90 - 15.086s
05: Epoch 20/90 - 15.086s
03: Epoch 20/90 - 15.086s
15: Epoch 20/90 - 15.086s
09: Epoch 20/90 - 15.086s
11: Epoch 20/90 - 15.086s
00: Epoch 20/90 - 15.086s
01: Epoch 21/90 - 15.675s
12: Epoch 21/90 - 15.675s
06: Epoch 21/90 - 15.675s
04: Epoch 21/90 - 15.675s
02: Epoch 21/90 - 15.675s
14: Epoch 21/90 - 15.675s
08: Epoch 21/90 - 15.675s
10: Epoch 21/90 - 15.675s
13: Epoch 21/90 - 15.675s
07: Epoch 21/90 - 15.675s
05: Epoch 21/90 - 15.675s
03: Epoch 21/90 - 15.675s
15: Epoch 21/90 - 15.675s
09: Epoch 21/90 - 15.675s
11: Epoch 21/90 - 15.675s
00: Epoch 21/90 - 15.675s
06: Epoch 22/90 - 15.330s
01: Epoch 22/90 - 15.330s
12: Epoch 22/90 - 15.330s
04: Epoch 22/90 - 15.330s
02: Epoch 22/90 - 15.330s
14: Epoch 22/90 - 15.330s
08: Epoch 22/90 - 15.330s
10: Epoch 22/90 - 15.330s
13: Epoch 22/90 - 15.330s
07: Epoch 22/90 - 15.330s
05: Epoch 22/90 - 15.330s
03: Epoch 22/90 - 15.330s
15: Epoch 22/90 - 15.330s
09: Epoch 22/90 - 15.330s
11: Epoch 22/90 - 15.330s
00: Epoch 22/90 - 15.330s
01: Epoch 23/90 - 15.173s
12: Epoch 23/90 - 15.173s
06: Epoch 23/90 - 15.173s
04: Epoch 23/90 - 15.173s
02: Epoch 23/90 - 15.173s
14: Epoch 23/90 - 15.173s
08: Epoch 23/90 - 15.173s
10: Epoch 23/90 - 15.173s
13: Epoch 23/90 - 15.173s
07: Epoch 23/90 - 15.173s
05: Epoch 23/90 - 15.173s
03: Epoch 23/90 - 15.173s
15: Epoch 23/90 - 15.173s
09: Epoch 23/90 - 15.173s
11: Epoch 23/90 - 15.173s
00: Epoch 23/90 - 15.173s
12: Epoch 24/90 - 15.566s
06: Epoch 24/90 - 15.566s
04: Epoch 24/90 - 15.566s
02: Epoch 24/90 - 15.566s
14: Epoch 24/90 - 15.566s
08: Epoch 24/90 - 15.566s
10: Epoch 24/90 - 15.566s
05: Epoch 24/90 - 15.566s
01: Epoch 24/90 - 15.566s
13: Epoch 24/90 - 15.566s
07: Epoch 24/90 - 15.566s
03: Epoch 24/90 - 15.566s
15: Epoch 24/90 - 15.566s
09: Epoch 24/90 - 15.566s
11: Epoch 24/90 - 15.566s
00: Epoch 24/90 - 15.566s
01: Epoch 25/90 - 15.602s
15: Epoch 25/90 - 15.602s
08: Epoch 25/90 - 15.602s
12: Epoch 25/90 - 15.602s
06: Epoch 25/90 - 15.602s
04: Epoch 25/90 - 15.602s
02: Epoch 25/90 - 15.602s
09: Epoch 25/90 - 15.602s
10: Epoch 25/90 - 15.602s
13: Epoch 25/90 - 15.602s
07: Epoch 25/90 - 15.602s
05: Epoch 25/90 - 15.602s
03: Epoch 25/90 - 15.602s
14: Epoch 25/90 - 15.602s
11: Epoch 25/90 - 15.602s
00: Epoch 25/90 - 15.602s
01: Epoch 26/90 - 15.848s
12: Epoch 26/90 - 15.848s
06: Epoch 26/90 - 15.848s
04: Epoch 26/90 - 15.848s
08: Epoch 26/90 - 15.848s
10: Epoch 26/90 - 15.848s
13: Epoch 26/90 - 15.848s
07: Epoch 26/90 - 15.848s
05: Epoch 26/90 - 15.848s
02: Epoch 26/90 - 15.848s
14: Epoch 26/90 - 15.848s
09: Epoch 26/90 - 15.848s
11: Epoch 26/90 - 15.848s
03: Epoch 26/90 - 15.848s
15: Epoch 26/90 - 15.848s
00: Epoch 26/90 - 15.848s
04: Epoch 27/90 - 15.837s
01: Epoch 27/90 - 15.837s
12: Epoch 27/90 - 15.837s
06: Epoch 27/90 - 15.837s
02: Epoch 27/90 - 15.837s
14: Epoch 27/90 - 15.837s
08: Epoch 27/90 - 15.837s
10: Epoch 27/90 - 15.837s
13: Epoch 27/90 - 15.837s
07: Epoch 27/90 - 15.837s
05: Epoch 27/90 - 15.837s
03: Epoch 27/90 - 15.837s
15: Epoch 27/90 - 15.837s
09: Epoch 27/90 - 15.837s
11: Epoch 27/90 - 15.837s
00: Epoch 27/90 - 15.837s
06: Epoch 28/90 - 15.952s
05: Epoch 28/90 - 15.952s
01: Epoch 28/90 - 15.952s
02: Epoch 28/90 - 15.952s
14: Epoch 28/90 - 15.952s
08: Epoch 28/90 - 15.952s
12: Epoch 28/90 - 15.952s
04: Epoch 28/90 - 15.952s
15: Epoch 28/90 - 15.952s
10: Epoch 28/90 - 15.952s
13: Epoch 28/90 - 15.952s
07: Epoch 28/90 - 15.952s
03: Epoch 28/90 - 15.952s
09: Epoch 28/90 - 15.952s
11: Epoch 28/90 - 15.952s
00: Epoch 28/90 - 15.952s
01: Epoch 29/90 - 15.738s
12: Epoch 29/90 - 15.738s
06: Epoch 29/90 - 15.738s
04: Epoch 29/90 - 15.738s
02: Epoch 29/90 - 15.738s
08: Epoch 29/90 - 15.738s
10: Epoch 29/90 - 15.738s
13: Epoch 29/90 - 15.738s
07: Epoch 29/90 - 15.738s
05: Epoch 29/90 - 15.738s
03: Epoch 29/90 - 15.738s
14: Epoch 29/90 - 15.738s
09: Epoch 29/90 - 15.738s
11: Epoch 29/90 - 15.738s
15: Epoch 29/90 - 15.738s
00: Epoch 29/90 - 15.738s
01: Epoch 30/90 - 15.778s
04: Epoch 30/90 - 15.778s
08: Epoch 30/90 - 15.778s
12: Epoch 30/90 - 15.778s
06: Epoch 30/90 - 15.778s
05: Epoch 30/90 - 15.778s
02: Epoch 30/90 - 15.778s
14: Epoch 30/90 - 15.778s
09: Epoch 30/90 - 15.778s
10: Epoch 30/90 - 15.778s
13: Epoch 30/90 - 15.778s
07: Epoch 30/90 - 15.778s
03: Epoch 30/90 - 15.778s
15: Epoch 30/90 - 15.778s
11: Epoch 30/90 - 15.778s
00: Epoch 30/90 - 15.778s
06: Epoch 31/90 - 15.660s
04: Epoch 31/90 - 15.660s
01: Epoch 31/90 - 15.660s
08: Epoch 31/90 - 15.660s
12: Epoch 31/90 - 15.660s
02: Epoch 31/90 - 15.660s
14: Epoch 31/90 - 15.660s
10: Epoch 31/90 - 15.660s
13: Epoch 31/90 - 15.660s
07: Epoch 31/90 - 15.660s
05: Epoch 31/90 - 15.660s
03: Epoch 31/90 - 15.660s
15: Epoch 31/90 - 15.660s
09: Epoch 31/90 - 15.660s
11: Epoch 31/90 - 15.660s
00: Epoch 31/90 - 15.661s
06: Epoch 32/90 - 15.412s
01: Epoch 32/90 - 15.412s
12: Epoch 32/90 - 15.412s
04: Epoch 32/90 - 15.412s
02: Epoch 32/90 - 15.412s
14: Epoch 32/90 - 15.412s
08: Epoch 32/90 - 15.412s
10: Epoch 32/90 - 15.412s
13: Epoch 32/90 - 15.412s
07: Epoch 32/90 - 15.412s
05: Epoch 32/90 - 15.412s
03: Epoch 32/90 - 15.412s
15: Epoch 32/90 - 15.412s
09: Epoch 32/90 - 15.412s
11: Epoch 32/90 - 15.412s
00: Epoch 32/90 - 15.412s
12: Epoch 33/90 - 15.680s
06: Epoch 33/90 - 15.680s
01: Epoch 33/90 - 15.680s
02: Epoch 33/90 - 15.680s
08: Epoch 33/90 - 15.680s
10: Epoch 33/90 - 15.680s
13: Epoch 33/90 - 15.680s
07: Epoch 33/90 - 15.680s
04: Epoch 33/90 - 15.680s
03: Epoch 33/90 - 15.680s
14: Epoch 33/90 - 15.680s
09: Epoch 33/90 - 15.680s
11: Epoch 33/90 - 15.680s
05: Epoch 33/90 - 15.680s
15: Epoch 33/90 - 15.680s
00: Epoch 33/90 - 15.680s
01: Epoch 34/90 - 15.439s
14: Epoch 34/90 - 15.439s
08: Epoch 34/90 - 15.439s
10: Epoch 34/90 - 15.439s
12: Epoch 34/90 - 15.439s
06: Epoch 34/90 - 15.439s
04: Epoch 34/90 - 15.439s
02: Epoch 34/90 - 15.439s
15: Epoch 34/90 - 15.439s
13: Epoch 34/90 - 15.439s
07: Epoch 34/90 - 15.439s
05: Epoch 34/90 - 15.439s
03: Epoch 34/90 - 15.439s
09: Epoch 34/90 - 15.439s
11: Epoch 34/90 - 15.439s
00: Epoch 34/90 - 15.439s
01: Epoch 35/90 - 15.506s
14: Epoch 35/90 - 15.506s
12: Epoch 35/90 - 15.506s
06: Epoch 35/90 - 15.506s
04: Epoch 35/90 - 15.506s
02: Epoch 35/90 - 15.506s
08: Epoch 35/90 - 15.506s
10: Epoch 35/90 - 15.506s
13: Epoch 35/90 - 15.506s
07: Epoch 35/90 - 15.506s
05: Epoch 35/90 - 15.506s
03: Epoch 35/90 - 15.506s
15: Epoch 35/90 - 15.506s
09: Epoch 35/90 - 15.506s
11: Epoch 35/90 - 15.506s
00: Epoch 35/90 - 15.506s
01: Epoch 36/90 - 15.725s
12: Epoch 36/90 - 15.725s
06: Epoch 36/90 - 15.725s
04: Epoch 36/90 - 15.725s
02: Epoch 36/90 - 15.725s
14: Epoch 36/90 - 15.725s
08: Epoch 36/90 - 15.725s
10: Epoch 36/90 - 15.725s
13: Epoch 36/90 - 15.725s
07: Epoch 36/90 - 15.725s
05: Epoch 36/90 - 15.725s
03: Epoch 36/90 - 15.725s
15: Epoch 36/90 - 15.725s
09: Epoch 36/90 - 15.725s
11: Epoch 36/90 - 15.725s
00: Epoch 36/90 - 15.725s
01: Epoch 37/90 - 15.657s
12: Epoch 37/90 - 15.657s
06: Epoch 37/90 - 15.657s
04: Epoch 37/90 - 15.657s
02: Epoch 37/90 - 15.657s
14: Epoch 37/90 - 15.657s
08: Epoch 37/90 - 15.657s
10: Epoch 37/90 - 15.657s
13: Epoch 37/90 - 15.657s
07: Epoch 37/90 - 15.657s
05: Epoch 37/90 - 15.657s
03: Epoch 37/90 - 15.657s
15: Epoch 37/90 - 15.657s
09: Epoch 37/90 - 15.657s
11: Epoch 37/90 - 15.657s
00: Epoch 37/90 - 15.657s
04: Epoch 38/90 - 15.728s
01: Epoch 38/90 - 15.728s
10: Epoch 38/90 - 15.728s
12: Epoch 38/90 - 15.728s
06: Epoch 38/90 - 15.728s
02: Epoch 38/90 - 15.728s
14: Epoch 38/90 - 15.728s
08: Epoch 38/90 - 15.728s
13: Epoch 38/90 - 15.728s
07: Epoch 38/90 - 15.728s
05: Epoch 38/90 - 15.728s
03: Epoch 38/90 - 15.728s
15: Epoch 38/90 - 15.728s
09: Epoch 38/90 - 15.728s
11: Epoch 38/90 - 15.728s
00: Epoch 38/90 - 15.728s
01: Epoch 39/90 - 15.765s
08: Epoch 39/90 - 15.765s
12: Epoch 39/90 - 15.765s
06: Epoch 39/90 - 15.765s
04: Epoch 39/90 - 15.765s
02: Epoch 39/90 - 15.765s
14: Epoch 39/90 - 15.765s
10: Epoch 39/90 - 15.765s
13: Epoch 39/90 - 15.765s
07: Epoch 39/90 - 15.765s
05: Epoch 39/90 - 15.765s
03: Epoch 39/90 - 15.765s
15: Epoch 39/90 - 15.765s
09: Epoch 39/90 - 15.765s
11: Epoch 39/90 - 15.765s
00: Epoch 39/90 - 15.765s
04: Epoch 40/90 - 15.775s
01: Epoch 40/90 - 15.775s
12: Epoch 40/90 - 15.775s
06: Epoch 40/90 - 15.775s
02: Epoch 40/90 - 15.775s
14: Epoch 40/90 - 15.775s
08: Epoch 40/90 - 15.775s
10: Epoch 40/90 - 15.775s
13: Epoch 40/90 - 15.775s
07: Epoch 40/90 - 15.775s
05: Epoch 40/90 - 15.775s
03: Epoch 40/90 - 15.775s
15: Epoch 40/90 - 15.775s
09: Epoch 40/90 - 15.775s
11: Epoch 40/90 - 15.775s
00: Epoch 40/90 - 15.775s
04: Epoch 41/90 - 15.709s
01: Epoch 41/90 - 15.709s
14: Epoch 41/90 - 15.709s
12: Epoch 41/90 - 15.709s
06: Epoch 41/90 - 15.709s
02: Epoch 41/90 - 15.709s
08: Epoch 41/90 - 15.709s
10: Epoch 41/90 - 15.709s
13: Epoch 41/90 - 15.709s
07: Epoch 41/90 - 15.709s
05: Epoch 41/90 - 15.709s
03: Epoch 41/90 - 15.709s
15: Epoch 41/90 - 15.709s
09: Epoch 41/90 - 15.709s
11: Epoch 41/90 - 15.709s
00: Epoch 41/90 - 15.709s
01: Epoch 42/90 - 15.512s
12: Epoch 42/90 - 15.512s
06: Epoch 42/90 - 15.512s
04: Epoch 42/90 - 15.512s
02: Epoch 42/90 - 15.512s
14: Epoch 42/90 - 15.512s
08: Epoch 42/90 - 15.512s
10: Epoch 42/90 - 15.512s
13: Epoch 42/90 - 15.512s
07: Epoch 42/90 - 15.512s
05: Epoch 42/90 - 15.512s
03: Epoch 42/90 - 15.512s
15: Epoch 42/90 - 15.512s
09: Epoch 42/90 - 15.512s
11: Epoch 42/90 - 15.512s
00: Epoch 42/90 - 15.512s
01: Epoch 43/90 - 15.643s
08: Epoch 43/90 - 15.643s
12: Epoch 43/90 - 15.643s
06: Epoch 43/90 - 15.643s
14: Epoch 43/90 - 15.643s
10: Epoch 43/90 - 15.643s
04: Epoch 43/90 - 15.643s
02: Epoch 43/90 - 15.643s
09: Epoch 43/90 - 15.643s
13: Epoch 43/90 - 15.643s
07: Epoch 43/90 - 15.643s
03: Epoch 43/90 - 15.643s
15: Epoch 43/90 - 15.643s
11: Epoch 43/90 - 15.643s
05: Epoch 43/90 - 15.643s
00: Epoch 43/90 - 15.644s
06: Epoch 44/90 - 15.595s
01: Epoch 44/90 - 15.595s
12: Epoch 44/90 - 15.595s
04: Epoch 44/90 - 15.595s
02: Epoch 44/90 - 15.595s
14: Epoch 44/90 - 15.595s
08: Epoch 44/90 - 15.595s
10: Epoch 44/90 - 15.595s
13: Epoch 44/90 - 15.595s
07: Epoch 44/90 - 15.595s
05: Epoch 44/90 - 15.595s
03: Epoch 44/90 - 15.595s
15: Epoch 44/90 - 15.595s
09: Epoch 44/90 - 15.595s
11: Epoch 44/90 - 15.595s
00: Epoch 44/90 - 15.595s
01: Epoch 45/90 - 15.189s
08: Epoch 45/90 - 15.189s
12: Epoch 45/90 - 15.189s
06: Epoch 45/90 - 15.189s
04: Epoch 45/90 - 15.189s
02: Epoch 45/90 - 15.189s
14: Epoch 45/90 - 15.189s
10: Epoch 45/90 - 15.189s
13: Epoch 45/90 - 15.189s
07: Epoch 45/90 - 15.189s
05: Epoch 45/90 - 15.189s
03: Epoch 45/90 - 15.189s
15: Epoch 45/90 - 15.189s
09: Epoch 45/90 - 15.189s
11: Epoch 45/90 - 15.189s
00: Epoch 45/90 - 15.189s
06: Epoch 46/90 - 15.631s
04: Epoch 46/90 - 15.631s
01: Epoch 46/90 - 15.631s
10: Epoch 46/90 - 15.631s
12: Epoch 46/90 - 15.631s
07: Epoch 46/90 - 15.631s
02: Epoch 46/90 - 15.631s
14: Epoch 46/90 - 15.631s
08: Epoch 46/90 - 15.631s
11: Epoch 46/90 - 15.631s
13: Epoch 46/90 - 15.631s
05: Epoch 46/90 - 15.631s
03: Epoch 46/90 - 15.631s
15: Epoch 46/90 - 15.631s
09: Epoch 46/90 - 15.631s
00: Epoch 46/90 - 15.631s
01: Epoch 47/90 - 15.751s
12: Epoch 47/90 - 15.751s
06: Epoch 47/90 - 15.751s
04: Epoch 47/90 - 15.751s
02: Epoch 47/90 - 15.751s
14: Epoch 47/90 - 15.751s
08: Epoch 47/90 - 15.751s
10: Epoch 47/90 - 15.751s
13: Epoch 47/90 - 15.751s
07: Epoch 47/90 - 15.751s
05: Epoch 47/90 - 15.751s
03: Epoch 47/90 - 15.751s
15: Epoch 47/90 - 15.751s
09: Epoch 47/90 - 15.751s
11: Epoch 47/90 - 15.751s
00: Epoch 47/90 - 15.751s
01: Epoch 48/90 - 15.522s
12: Epoch 48/90 - 15.522s
06: Epoch 48/90 - 15.522s
04: Epoch 48/90 - 15.522s
02: Epoch 48/90 - 15.522s
14: Epoch 48/90 - 15.522s
08: Epoch 48/90 - 15.522s
10: Epoch 48/90 - 15.522s
13: Epoch 48/90 - 15.522s
07: Epoch 48/90 - 15.522s
05: Epoch 48/90 - 15.522s
03: Epoch 48/90 - 15.522s
15: Epoch 48/90 - 15.522s
09: Epoch 48/90 - 15.522s
11: Epoch 48/90 - 15.522s
00: Epoch 48/90 - 15.522s
06: Epoch 49/90 - 15.047s
01: Epoch 49/90 - 15.047s
08: Epoch 49/90 - 15.047s
12: Epoch 49/90 - 15.047s
04: Epoch 49/90 - 15.047s
02: Epoch 49/90 - 15.047s
14: Epoch 49/90 - 15.047s
09: Epoch 49/90 - 15.047s
10: Epoch 49/90 - 15.047s
13: Epoch 49/90 - 15.047s
07: Epoch 49/90 - 15.047s
05: Epoch 49/90 - 15.047s
03: Epoch 49/90 - 15.047s
15: Epoch 49/90 - 15.047s
11: Epoch 49/90 - 15.047s
00: Epoch 49/90 - 15.047s
01: Epoch 50/90 - 15.022s
12: Epoch 50/90 - 15.022s
06: Epoch 50/90 - 15.022s
04: Epoch 50/90 - 15.022s
02: Epoch 50/90 - 15.022s
14: Epoch 50/90 - 15.022s
08: Epoch 50/90 - 15.022s
10: Epoch 50/90 - 15.022s
13: Epoch 50/90 - 15.022s
07: Epoch 50/90 - 15.022s
05: Epoch 50/90 - 15.022s
03: Epoch 50/90 - 15.022s
15: Epoch 50/90 - 15.022s
09: Epoch 50/90 - 15.022s
11: Epoch 50/90 - 15.022s
00: Epoch 50/90 - 15.022s
01: Epoch 51/90 - 15.030s
12: Epoch 51/90 - 15.030s
06: Epoch 51/90 - 15.030s
04: Epoch 51/90 - 15.030s
02: Epoch 51/90 - 15.030s
14: Epoch 51/90 - 15.030s
08: Epoch 51/90 - 15.030s
10: Epoch 51/90 - 15.030s
13: Epoch 51/90 - 15.030s
07: Epoch 51/90 - 15.030s
05: Epoch 51/90 - 15.030s
03: Epoch 51/90 - 15.030s
15: Epoch 51/90 - 15.030s
09: Epoch 51/90 - 15.030s
11: Epoch 51/90 - 15.030s
00: Epoch 51/90 - 15.030s
04: Epoch 52/90 - 14.996s
01: Epoch 52/90 - 14.996s
12: Epoch 52/90 - 14.996s
06: Epoch 52/90 - 14.996s
02: Epoch 52/90 - 14.996s
14: Epoch 52/90 - 14.996s
08: Epoch 52/90 - 14.996s
10: Epoch 52/90 - 14.996s
13: Epoch 52/90 - 14.996s
07: Epoch 52/90 - 14.996s
05: Epoch 52/90 - 14.996s
03: Epoch 52/90 - 14.996s
15: Epoch 52/90 - 14.996s
09: Epoch 52/90 - 14.996s
11: Epoch 52/90 - 14.996s
00: Epoch 52/90 - 14.996s
06: Epoch 53/90 - 15.134s
01: Epoch 53/90 - 15.134s
02: Epoch 53/90 - 15.134s
14: Epoch 53/90 - 15.134s
08: Epoch 53/90 - 15.134s
12: Epoch 53/90 - 15.134s
07: Epoch 53/90 - 15.134s
04: Epoch 53/90 - 15.134s
03: Epoch 53/90 - 15.134s
09: Epoch 53/90 - 15.134s
10: Epoch 53/90 - 15.134s
13: Epoch 53/90 - 15.134s
05: Epoch 53/90 - 15.134s
15: Epoch 53/90 - 15.134s
11: Epoch 53/90 - 15.134s
00: Epoch 53/90 - 15.134s
12: Epoch 54/90 - 14.878s
06: Epoch 54/90 - 14.878s
04: Epoch 54/90 - 14.878s
01: Epoch 54/90 - 14.878s
14: Epoch 54/90 - 14.878s
10: Epoch 54/90 - 14.878s
13: Epoch 54/90 - 14.878s
07: Epoch 54/90 - 14.878s
05: Epoch 54/90 - 14.878s
02: Epoch 54/90 - 14.878s
08: Epoch 54/90 - 14.878s
11: Epoch 54/90 - 14.878s
03: Epoch 54/90 - 14.878s
15: Epoch 54/90 - 14.878s
09: Epoch 54/90 - 14.878s
00: Epoch 54/90 - 14.878s
01: Epoch 55/90 - 14.953s
03: Epoch 55/90 - 14.953s
08: Epoch 55/90 - 14.953s
12: Epoch 55/90 - 14.953s
06: Epoch 55/90 - 14.953s
04: Epoch 55/90 - 14.953s
14: Epoch 55/90 - 14.953s
10: Epoch 55/90 - 14.953s
13: Epoch 55/90 - 14.953s
07: Epoch 55/90 - 14.953s
05: Epoch 55/90 - 14.953s
02: Epoch 55/90 - 14.953s
15: Epoch 55/90 - 14.953s
09: Epoch 55/90 - 14.953s
11: Epoch 55/90 - 14.953s
00: Epoch 55/90 - 14.953s
01: Epoch 56/90 - 15.239s
12: Epoch 56/90 - 15.239s
06: Epoch 56/90 - 15.239s
04: Epoch 56/90 - 15.239s
02: Epoch 56/90 - 15.239s
14: Epoch 56/90 - 15.239s
08: Epoch 56/90 - 15.239s
10: Epoch 56/90 - 15.239s
13: Epoch 56/90 - 15.239s
07: Epoch 56/90 - 15.239s
05: Epoch 56/90 - 15.239s
03: Epoch 56/90 - 15.239s
15: Epoch 56/90 - 15.239s
09: Epoch 56/90 - 15.239s
11: Epoch 56/90 - 15.239s
00: Epoch 56/90 - 15.239s
01: Epoch 57/90 - 15.293s
06: Epoch 57/90 - 15.293s
14: Epoch 57/90 - 15.293s
10: Epoch 57/90 - 15.293s
12: Epoch 57/90 - 15.293s
07: Epoch 57/90 - 15.293s
04: Epoch 57/90 - 15.293s
02: Epoch 57/90 - 15.293s
08: Epoch 57/90 - 15.293s
13: Epoch 57/90 - 15.293s
05: Epoch 57/90 - 15.293s
03: Epoch 57/90 - 15.293s
15: Epoch 57/90 - 15.293s
09: Epoch 57/90 - 15.293s
11: Epoch 57/90 - 15.293s
00: Epoch 57/90 - 15.293s
01: Epoch 58/90 - 14.915s
14: Epoch 58/90 - 14.915s
12: Epoch 58/90 - 14.915s
06: Epoch 58/90 - 14.915s
04: Epoch 58/90 - 14.915s
02: Epoch 58/90 - 14.915s
08: Epoch 58/90 - 14.915s
10: Epoch 58/90 - 14.915s
13: Epoch 58/90 - 14.915s
07: Epoch 58/90 - 14.915s
05: Epoch 58/90 - 14.915s
03: Epoch 58/90 - 14.915s
15: Epoch 58/90 - 14.915s
09: Epoch 58/90 - 14.915s
11: Epoch 58/90 - 14.915s
00: Epoch 58/90 - 14.915s
01: Epoch 59/90 - 14.920s
12: Epoch 59/90 - 14.920s
06: Epoch 59/90 - 14.920s
04: Epoch 59/90 - 14.920s
02: Epoch 59/90 - 14.920s
14: Epoch 59/90 - 14.920s
08: Epoch 59/90 - 14.920s
10: Epoch 59/90 - 14.920s
13: Epoch 59/90 - 14.920s
07: Epoch 59/90 - 14.920s
05: Epoch 59/90 - 14.920s
03: Epoch 59/90 - 14.920s
15: Epoch 59/90 - 14.920s
09: Epoch 59/90 - 14.920s
11: Epoch 59/90 - 14.920s
00: Epoch 59/90 - 14.920s
01: Epoch 60/90 - 15.206s
08: Epoch 60/90 - 15.206s
12: Epoch 60/90 - 15.206s
06: Epoch 60/90 - 15.206s
04: Epoch 60/90 - 15.206s
02: Epoch 60/90 - 15.206s
14: Epoch 60/90 - 15.206s
09: Epoch 60/90 - 15.206s
10: Epoch 60/90 - 15.206s
13: Epoch 60/90 - 15.206s
07: Epoch 60/90 - 15.206s
05: Epoch 60/90 - 15.206s
03: Epoch 60/90 - 15.206s
15: Epoch 60/90 - 15.206s
11: Epoch 60/90 - 15.206s
00: Epoch 60/90 - 15.206s
01: Epoch 61/90 - 15.145s
12: Epoch 61/90 - 15.145s
06: Epoch 61/90 - 15.145s
04: Epoch 61/90 - 15.145s
02: Epoch 61/90 - 15.145s
08: Epoch 61/90 - 15.145s
10: Epoch 61/90 - 15.145s
13: Epoch 61/90 - 15.145s
07: Epoch 61/90 - 15.145s
05: Epoch 61/90 - 15.145s
03: Epoch 61/90 - 15.145s
14: Epoch 61/90 - 15.146s
09: Epoch 61/90 - 15.145s
11: Epoch 61/90 - 15.145s
00: Epoch 61/90 - 15.145s
15: Epoch 61/90 - 15.145s
06: Epoch 62/90 - 15.517s
01: Epoch 62/90 - 15.517s
14: Epoch 62/90 - 15.517s
12: Epoch 62/90 - 15.517s
04: Epoch 62/90 - 15.517s
02: Epoch 62/90 - 15.517s
15: Epoch 62/90 - 15.517s
08: Epoch 62/90 - 15.517s
10: Epoch 62/90 - 15.517s
13: Epoch 62/90 - 15.517s
07: Epoch 62/90 - 15.517s
05: Epoch 62/90 - 15.517s
03: Epoch 62/90 - 15.517s
09: Epoch 62/90 - 15.517s
11: Epoch 62/90 - 15.517s
00: Epoch 62/90 - 15.517s
01: Epoch 63/90 - 15.305s
12: Epoch 63/90 - 15.305s
06: Epoch 63/90 - 15.305s
04: Epoch 63/90 - 15.305s
08: Epoch 63/90 - 15.305s
13: Epoch 63/90 - 15.305s
07: Epoch 63/90 - 15.305s
05: Epoch 63/90 - 15.305s
02: Epoch 63/90 - 15.305s
14: Epoch 63/90 - 15.305s
09: Epoch 63/90 - 15.305s
10: Epoch 63/90 - 15.305s
03: Epoch 63/90 - 15.305s
15: Epoch 63/90 - 15.305s
11: Epoch 63/90 - 15.305s
00: Epoch 63/90 - 15.305s
01: Epoch 64/90 - 14.910s
12: Epoch 64/90 - 14.910s
06: Epoch 64/90 - 14.910s
04: Epoch 64/90 - 14.910s
02: Epoch 64/90 - 14.910s
14: Epoch 64/90 - 14.910s
08: Epoch 64/90 - 14.910s
10: Epoch 64/90 - 14.910s
13: Epoch 64/90 - 14.910s
07: Epoch 64/90 - 14.910s
05: Epoch 64/90 - 14.910s
03: Epoch 64/90 - 14.910s
15: Epoch 64/90 - 14.910s
09: Epoch 64/90 - 14.910s
11: Epoch 64/90 - 14.910s
00: Epoch 64/90 - 14.910s
01: Epoch 65/90 - 14.985s
12: Epoch 65/90 - 14.985s
06: Epoch 65/90 - 14.985s
04: Epoch 65/90 - 14.985s
02: Epoch 65/90 - 14.985s
14: Epoch 65/90 - 14.985s
08: Epoch 65/90 - 14.985s
10: Epoch 65/90 - 14.985s
13: Epoch 65/90 - 14.985s
07: Epoch 65/90 - 14.985s
05: Epoch 65/90 - 14.985s
03: Epoch 65/90 - 14.985s
15: Epoch 65/90 - 14.985s
09: Epoch 65/90 - 14.985s
11: Epoch 65/90 - 14.985s
00: Epoch 65/90 - 14.985s
06: Epoch 66/90 - 15.025s
04: Epoch 66/90 - 15.025s
01: Epoch 66/90 - 15.025s
14: Epoch 66/90 - 15.025s
12: Epoch 66/90 - 15.025s
07: Epoch 66/90 - 15.025s
05: Epoch 66/90 - 15.025s
02: Epoch 66/90 - 15.025s
08: Epoch 66/90 - 15.025s
10: Epoch 66/90 - 15.025s
13: Epoch 66/90 - 15.025s
03: Epoch 66/90 - 15.025s
15: Epoch 66/90 - 15.025s
09: Epoch 66/90 - 15.025s
11: Epoch 66/90 - 15.025s
00: Epoch 66/90 - 15.025s
01: Epoch 67/90 - 15.319s
02: Epoch 67/90 - 15.319s
12: Epoch 67/90 - 15.319s
06: Epoch 67/90 - 15.319s
04: Epoch 67/90 - 15.319s
03: Epoch 67/90 - 15.319s
14: Epoch 67/90 - 15.319s
08: Epoch 67/90 - 15.319s
10: Epoch 67/90 - 15.319s
13: Epoch 67/90 - 15.319s
07: Epoch 67/90 - 15.319s
05: Epoch 67/90 - 15.319s
15: Epoch 67/90 - 15.319s
09: Epoch 67/90 - 15.319s
11: Epoch 67/90 - 15.319s
00: Epoch 67/90 - 15.319s
01: Epoch 68/90 - 15.345s
12: Epoch 68/90 - 15.345s
06: Epoch 68/90 - 15.345s
04: Epoch 68/90 - 15.345s
02: Epoch 68/90 - 15.345s
14: Epoch 68/90 - 15.345s
08: Epoch 68/90 - 15.345s
10: Epoch 68/90 - 15.345s
13: Epoch 68/90 - 15.345s
07: Epoch 68/90 - 15.345s
05: Epoch 68/90 - 15.345s
00: Epoch 68/90 - 15.345s
03: Epoch 68/90 - 15.345s
15: Epoch 68/90 - 15.345s
09: Epoch 68/90 - 15.345s
11: Epoch 68/90 - 15.345s
01: Epoch 69/90 - 15.333s
14: Epoch 69/90 - 15.333s
12: Epoch 69/90 - 15.333s
06: Epoch 69/90 - 15.333s
04: Epoch 69/90 - 15.333s
02: Epoch 69/90 - 15.333s
08: Epoch 69/90 - 15.333s
10: Epoch 69/90 - 15.333s
13: Epoch 69/90 - 15.333s
07: Epoch 69/90 - 15.333s
05: Epoch 69/90 - 15.333s
03: Epoch 69/90 - 15.333s
15: Epoch 69/90 - 15.333s
09: Epoch 69/90 - 15.333s
11: Epoch 69/90 - 15.333s
00: Epoch 69/90 - 15.333s
01: Epoch 70/90 - 15.540s
12: Epoch 70/90 - 15.540s
06: Epoch 70/90 - 15.540s
02: Epoch 70/90 - 15.540s
08: Epoch 70/90 - 15.540s
10: Epoch 70/90 - 15.540s
13: Epoch 70/90 - 15.540s
07: Epoch 70/90 - 15.540s
04: Epoch 70/90 - 15.540s
03: Epoch 70/90 - 15.540s
14: Epoch 70/90 - 15.540s
09: Epoch 70/90 - 15.540s
11: Epoch 70/90 - 15.540s
05: Epoch 70/90 - 15.540s
15: Epoch 70/90 - 15.540s
00: Epoch 70/90 - 15.540s
01: Epoch 71/90 - 15.209s
04: Epoch 71/90 - 15.209s
02: Epoch 71/90 - 15.209s
08: Epoch 71/90 - 15.209s
10: Epoch 71/90 - 15.209s
12: Epoch 71/90 - 15.209s
06: Epoch 71/90 - 15.209s
05: Epoch 71/90 - 15.209s
03: Epoch 71/90 - 15.209s
14: Epoch 71/90 - 15.209s
09: Epoch 71/90 - 15.209s
11: Epoch 71/90 - 15.209s
13: Epoch 71/90 - 15.209s
07: Epoch 71/90 - 15.209s
15: Epoch 71/90 - 15.209s
00: Epoch 71/90 - 15.209s
01: Epoch 72/90 - 15.303s
06: Epoch 72/90 - 15.303s
02: Epoch 72/90 - 15.303s
14: Epoch 72/90 - 15.303s
08: Epoch 72/90 - 15.303s
12: Epoch 72/90 - 15.303s
07: Epoch 72/90 - 15.303s
04: Epoch 72/90 - 15.303s
03: Epoch 72/90 - 15.303s
15: Epoch 72/90 - 15.303s
09: Epoch 72/90 - 15.303s
10: Epoch 72/90 - 15.303s
13: Epoch 72/90 - 15.303s
05: Epoch 72/90 - 15.303s
11: Epoch 72/90 - 15.303s
00: Epoch 72/90 - 15.303s
01: Epoch 73/90 - 15.174s
12: Epoch 73/90 - 15.174s
06: Epoch 73/90 - 15.174s
04: Epoch 73/90 - 15.174s
02: Epoch 73/90 - 15.174s
14: Epoch 73/90 - 15.174s
08: Epoch 73/90 - 15.174s
10: Epoch 73/90 - 15.174s
13: Epoch 73/90 - 15.174s
07: Epoch 73/90 - 15.174s
05: Epoch 73/90 - 15.174s
03: Epoch 73/90 - 15.174s
15: Epoch 73/90 - 15.174s
09: Epoch 73/90 - 15.174s
11: Epoch 73/90 - 15.174s
00: Epoch 73/90 - 15.174s
01: Epoch 74/90 - 15.411s
12: Epoch 74/90 - 15.411s
06: Epoch 74/90 - 15.411s
04: Epoch 74/90 - 15.411s
02: Epoch 74/90 - 15.411s
14: Epoch 74/90 - 15.411s
08: Epoch 74/90 - 15.411s
10: Epoch 74/90 - 15.411s
13: Epoch 74/90 - 15.411s
07: Epoch 74/90 - 15.411s
05: Epoch 74/90 - 15.411s
03: Epoch 74/90 - 15.411s
15: Epoch 74/90 - 15.411s
09: Epoch 74/90 - 15.411s
11: Epoch 74/90 - 15.411s
00: Epoch 74/90 - 15.411s
01: Epoch 75/90 - 15.740s
14: Epoch 75/90 - 15.740s
12: Epoch 75/90 - 15.740s
06: Epoch 75/90 - 15.740s
04: Epoch 75/90 - 15.740s
02: Epoch 75/90 - 15.740s
08: Epoch 75/90 - 15.740s
10: Epoch 75/90 - 15.740s
13: Epoch 75/90 - 15.740s
07: Epoch 75/90 - 15.740s
05: Epoch 75/90 - 15.740s
03: Epoch 75/90 - 15.740s
15: Epoch 75/90 - 15.740s
09: Epoch 75/90 - 15.740s
11: Epoch 75/90 - 15.740s
00: Epoch 75/90 - 15.740s
12: Epoch 76/90 - 15.906s
01: Epoch 76/90 - 15.906s
14: Epoch 76/90 - 15.906s
08: Epoch 76/90 - 15.906s
10: Epoch 76/90 - 15.906s
06: Epoch 76/90 - 15.906s
04: Epoch 76/90 - 15.906s
02: Epoch 76/90 - 15.906s
15: Epoch 76/90 - 15.906s
09: Epoch 76/90 - 15.906s
13: Epoch 76/90 - 15.906s
07: Epoch 76/90 - 15.906s
05: Epoch 76/90 - 15.906s
03: Epoch 76/90 - 15.906s
11: Epoch 76/90 - 15.906s
00: Epoch 76/90 - 15.906s
01: Epoch 77/90 - 15.948s
12: Epoch 77/90 - 15.948s
06: Epoch 77/90 - 15.948s
04: Epoch 77/90 - 15.948s
02: Epoch 77/90 - 15.948s
14: Epoch 77/90 - 15.948s
08: Epoch 77/90 - 15.948s
10: Epoch 77/90 - 15.948s
13: Epoch 77/90 - 15.948s
07: Epoch 77/90 - 15.948s
05: Epoch 77/90 - 15.948s
03: Epoch 77/90 - 15.948s
15: Epoch 77/90 - 15.948s
09: Epoch 77/90 - 15.948s
11: Epoch 77/90 - 15.948s
00: Epoch 77/90 - 15.948s
01: Epoch 78/90 - 15.790s
15: Epoch 78/90 - 15.790s
12: Epoch 78/90 - 15.790s
06: Epoch 78/90 - 15.790s
04: Epoch 78/90 - 15.790s
02: Epoch 78/90 - 15.790s
08: Epoch 78/90 - 15.790s
10: Epoch 78/90 - 15.790s
13: Epoch 78/90 - 15.790s
07: Epoch 78/90 - 15.790s
05: Epoch 78/90 - 15.790s
03: Epoch 78/90 - 15.790s
14: Epoch 78/90 - 15.790s
09: Epoch 78/90 - 15.790s
11: Epoch 78/90 - 15.790s
00: Epoch 78/90 - 15.790s
06: Epoch 79/90 - 15.171s
04: Epoch 79/90 - 15.171s
01: Epoch 79/90 - 15.171s
02: Epoch 79/90 - 15.171s
14: Epoch 79/90 - 15.171s
08: Epoch 79/90 - 15.171s
12: Epoch 79/90 - 15.171s
07: Epoch 79/90 - 15.171s
05: Epoch 79/90 - 15.171s
03: Epoch 79/90 - 15.171s
15: Epoch 79/90 - 15.171s
09: Epoch 79/90 - 15.171s
10: Epoch 79/90 - 15.171s
13: Epoch 79/90 - 15.171s
11: Epoch 79/90 - 15.171s
00: Epoch 79/90 - 15.171s
01: Epoch 80/90 - 15.114s
14: Epoch 80/90 - 15.114s
08: Epoch 80/90 - 15.114s
10: Epoch 80/90 - 15.114s
12: Epoch 80/90 - 15.114s
06: Epoch 80/90 - 15.114s
04: Epoch 80/90 - 15.114s
02: Epoch 80/90 - 15.114s
15: Epoch 80/90 - 15.114s
13: Epoch 80/90 - 15.114s
07: Epoch 80/90 - 15.114s
05: Epoch 80/90 - 15.114s
03: Epoch 80/90 - 15.114s
09: Epoch 80/90 - 15.114s
11: Epoch 80/90 - 15.114s
00: Epoch 80/90 - 15.114s
01: Epoch 81/90 - 14.990s
14: Epoch 81/90 - 14.990s
12: Epoch 81/90 - 14.990s
06: Epoch 81/90 - 14.990s
04: Epoch 81/90 - 14.990s
02: Epoch 81/90 - 14.990s
08: Epoch 81/90 - 14.990s
10: Epoch 81/90 - 14.990s
13: Epoch 81/90 - 14.990s
07: Epoch 81/90 - 14.990s
05: Epoch 81/90 - 14.990s
03: Epoch 81/90 - 14.990s
15: Epoch 81/90 - 14.990s
09: Epoch 81/90 - 14.990s
11: Epoch 81/90 - 14.990s
00: Epoch 81/90 - 14.990s
01: Epoch 82/90 - 14.882s
12: Epoch 82/90 - 14.882s
06: Epoch 82/90 - 14.882s
04: Epoch 82/90 - 14.882s
02: Epoch 82/90 - 14.882s
14: Epoch 82/90 - 14.882s
08: Epoch 82/90 - 14.882s
10: Epoch 82/90 - 14.882s
13: Epoch 82/90 - 14.882s
07: Epoch 82/90 - 14.882s
05: Epoch 82/90 - 14.882s
03: Epoch 82/90 - 14.882s
15: Epoch 82/90 - 14.882s
09: Epoch 82/90 - 14.882s
11: Epoch 82/90 - 14.882s
00: Epoch 82/90 - 14.882s
01: Epoch 83/90 - 15.112s
08: Epoch 83/90 - 15.112s
10: Epoch 83/90 - 15.112s
12: Epoch 83/90 - 15.112s
06: Epoch 83/90 - 15.112s
04: Epoch 83/90 - 15.112s
02: Epoch 83/90 - 15.112s
14: Epoch 83/90 - 15.112s
11: Epoch 83/90 - 15.112s
13: Epoch 83/90 - 15.112s
07: Epoch 83/90 - 15.112s
05: Epoch 83/90 - 15.112s
03: Epoch 83/90 - 15.112s
15: Epoch 83/90 - 15.112s
09: Epoch 83/90 - 15.112s
00: Epoch 83/90 - 15.113s
01: Epoch 84/90 - 15.138s
12: Epoch 84/90 - 15.138s
06: Epoch 84/90 - 15.138s
04: Epoch 84/90 - 15.138s
02: Epoch 84/90 - 15.138s
14: Epoch 84/90 - 15.138s
08: Epoch 84/90 - 15.138s
10: Epoch 84/90 - 15.138s
13: Epoch 84/90 - 15.138s
07: Epoch 84/90 - 15.138s
05: Epoch 84/90 - 15.138s
03: Epoch 84/90 - 15.138s
15: Epoch 84/90 - 15.138s
09: Epoch 84/90 - 15.138s
11: Epoch 84/90 - 15.138s
00: Epoch 84/90 - 15.138s
01: Epoch 85/90 - 15.566s
12: Epoch 85/90 - 15.566s
06: Epoch 85/90 - 15.566s
04: Epoch 85/90 - 15.566s
02: Epoch 85/90 - 15.566s
14: Epoch 85/90 - 15.566s
08: Epoch 85/90 - 15.566s
10: Epoch 85/90 - 15.566s
13: Epoch 85/90 - 15.566s
07: Epoch 85/90 - 15.566s
05: Epoch 85/90 - 15.566s
03: Epoch 85/90 - 15.566s
15: Epoch 85/90 - 15.566s
09: Epoch 85/90 - 15.566s
11: Epoch 85/90 - 15.566s
00: Epoch 85/90 - 15.566s
01: Epoch 86/90 - 14.915s
12: Epoch 86/90 - 14.915s
04: Epoch 86/90 - 14.915s
02: Epoch 86/90 - 14.915s
14: Epoch 86/90 - 14.915s
08: Epoch 86/90 - 14.915s
10: Epoch 86/90 - 14.915s
13: Epoch 86/90 - 14.915s
06: Epoch 86/90 - 14.915s
05: Epoch 86/90 - 14.915s
03: Epoch 86/90 - 14.915s
15: Epoch 86/90 - 14.915s
09: Epoch 86/90 - 14.915s
11: Epoch 86/90 - 14.915s
07: Epoch 86/90 - 14.915s
00: Epoch 86/90 - 14.915s
01: Epoch 87/90 - 14.946s
02: Epoch 87/90 - 14.946s
12: Epoch 87/90 - 14.946s
06: Epoch 87/90 - 14.946s
04: Epoch 87/90 - 14.946s
14: Epoch 87/90 - 14.946s
08: Epoch 87/90 - 14.946s
10: Epoch 87/90 - 14.946s
13: Epoch 87/90 - 14.946s
07: Epoch 87/90 - 14.946s
05: Epoch 87/90 - 14.946s
03: Epoch 87/90 - 14.946s
15: Epoch 87/90 - 14.946s
09: Epoch 87/90 - 14.946s
11: Epoch 87/90 - 14.946s
00: Epoch 87/90 - 14.946s
01: Epoch 88/90 - 14.848s
08: Epoch 88/90 - 14.848s
12: Epoch 88/90 - 14.848s
06: Epoch 88/90 - 14.848s
04: Epoch 88/90 - 14.848s
02: Epoch 88/90 - 14.848s
14: Epoch 88/90 - 14.848s
13: Epoch 88/90 - 14.848s
07: Epoch 88/90 - 14.848s
05: Epoch 88/90 - 14.848s
03: Epoch 88/90 - 14.848s
15: Epoch 88/90 - 14.848s
09: Epoch 88/90 - 14.848s
10: Epoch 88/90 - 14.848s
00: Epoch 88/90 - 14.848s
11: Epoch 88/90 - 14.848s
01: Epoch 89/90 - 15.207s
01: Steps per epoch: 25
01: Validation steps per epoch: 79
12: Epoch 89/90 - 15.207s
12: Steps per epoch: 25
12: Validation steps per epoch: 79
06: Epoch 89/90 - 15.207s
06: Steps per epoch: 25
06: Validation steps per epoch: 79
04: Epoch 89/90 - 15.207s
04: Steps per epoch: 25
14: Epoch 89/90 - 15.207s
14: Steps per epoch: 25
14: Validation steps per epoch: 79
10: Epoch 89/90 - 15.207s
10: Steps per epoch: 25
10: Validation steps per epoch: 79
13: Epoch 89/90 - 15.207s
13: Steps per epoch: 25
13: Validation steps per epoch: 79
07: Epoch 89/90 - 15.207s
07: Steps per epoch: 25
07: Validation steps per epoch: 79
05: Epoch 89/90 - 15.207s
05: Steps per epoch: 25
05: Validation steps per epoch: 79
01: Average time per epoch: 15.381 s
02: Epoch 89/90 - 15.207s
02: Steps per epoch: 25
02: Validation steps per epoch: 79
15: Epoch 89/90 - 15.207s
15: Steps per epoch: 25
15: Validation steps per epoch: 79
08: Epoch 89/90 - 15.207s
08: Steps per epoch: 25
08: Validation steps per epoch: 79
11: Epoch 89/90 - 15.207s
11: Steps per epoch: 25
11: Validation steps per epoch: 79
12: Average time per epoch: 15.381 s
06: 
04: Validation steps per epoch: 79
03: Epoch 89/90 - 15.207s
03: Steps per epoch: 25
03: Validation steps per epoch: 79
14: Average time per epoch: 15.381 s
09: Epoch 89/90 - 15.207s
09: Steps per epoch: 25
09: Validation steps per epoch: 79
10: Average time per epoch: 15.381 s
13: Average time per epoch: 15.381 s
07: Average time per epoch: 15.381 s
04: Average time per epoch: 15.381 s
00: Epoch 89/90 - 15.207s
02: Average time per epoch: 15.381 s
15: Average time per epoch: 15.381 s
08: Average time per epoch: 15.381 s
11: Average time per epoch: 15.381 s
06: Average time per epoch: 15.381 s
05: Average time per epoch: 15.381 s
00: Steps per epoch: 25
00: Validation steps per epoch: 79
03: Average time per epoch: 15.381 s
09: Average time per epoch: 15.381 s
06: 
00: Average time per epoch: 15.381 s
02: --- 1388.819226026535 seconds ---
14: --- 1388.824675321579 seconds ---
01: --- 1388.8206927776337 seconds ---
03: --- 1388.819146156311 seconds ---
15: --- 1388.8247990608215 seconds ---
13: --- 1388.8181281089783 seconds ---
06: --- 1388.8211297988892 seconds ---
04: --- 1388.8184797763824 seconds ---
07: --- 1388.8211975097656 seconds ---
10: --- 1388.820829629898 seconds ---
11: --- 1388.8270032405853 seconds ---
00: --- 1388.8211619853973 seconds ---
05: --- 1388.8155069351196 seconds ---
08: --- 1388.7976784706116 seconds ---
09: --- 1388.7994856834412 seconds ---
12: --- 1388.8196105957031 seconds ---
ELAPSED: 1390 seconds
End at Tue Feb  9 20:25:04 EET 2021
