WORKERS: "gpu06-ib:5555"
Start at Tue Feb  9 15:39:46 EET 2021
CUDA_VISIBLE_DEVICES: 0,1
Running on hosts: gpu06
Running on 1 nodes.
Running 2 tasks per node
Job id is 1092087
1: Number of devices per node: 2
0: Number of devices per node: 2
1: rank 1
0: rank 0
0: => creating model 'resnet50'
1: => creating model 'resnet50'
1: Epoch 0/90 - 70.647s
0: Epoch 0/90 - 70.648s
1: Epoch 1/90 - 63.105s
0: Epoch 1/90 - 63.105s
1: Epoch 2/90 - 63.008s
0: Epoch 2/90 - 63.008s
1: Epoch 3/90 - 62.284s
0: Epoch 3/90 - 62.284s
1: Epoch 4/90 - 62.474s
0: Epoch 4/90 - 62.474s
1: Epoch 5/90 - 62.353s
0: Epoch 5/90 - 62.353s
1: Epoch 6/90 - 60.237s
0: Epoch 6/90 - 60.237s
1: Epoch 7/90 - 59.860s
0: Epoch 7/90 - 59.860s
1: Epoch 8/90 - 59.872s
0: Epoch 8/90 - 59.872s
1: Epoch 9/90 - 59.562s
0: Epoch 9/90 - 59.562s
1: Epoch 10/90 - 60.071s
0: Epoch 10/90 - 60.071s
1: Epoch 11/90 - 60.670s
0: Epoch 11/90 - 60.670s
1: Epoch 12/90 - 59.915s
0: Epoch 12/90 - 59.915s
1: Epoch 13/90 - 59.780s
0: Epoch 13/90 - 59.780s
1: Epoch 14/90 - 60.366s
0: Epoch 14/90 - 60.366s
1: Epoch 15/90 - 60.084s
0: Epoch 15/90 - 60.084s
1: Epoch 16/90 - 60.023s
0: Epoch 16/90 - 60.023s
1: Epoch 17/90 - 60.098s
0: Epoch 17/90 - 60.098s
1: Epoch 18/90 - 60.928s
0: Epoch 18/90 - 60.928s
1: Epoch 19/90 - 61.961s
0: Epoch 19/90 - 61.961s
1: Epoch 20/90 - 61.255s
0: Epoch 20/90 - 61.255s
1: Epoch 21/90 - 60.249s
0: Epoch 21/90 - 60.249s
1: Epoch 22/90 - 61.234s
0: Epoch 22/90 - 61.234s
1: Epoch 23/90 - 60.086s
0: Epoch 23/90 - 60.086s
1: Epoch 24/90 - 60.097s
0: Epoch 24/90 - 60.097s
1: Epoch 25/90 - 60.042s
0: Epoch 25/90 - 60.042s
1: Epoch 26/90 - 60.252s
0: Epoch 26/90 - 60.252s
1: Epoch 27/90 - 59.706s
0: Epoch 27/90 - 59.706s
1: Epoch 28/90 - 59.776s
0: Epoch 28/90 - 59.776s
1: Epoch 29/90 - 59.839s
0: Epoch 29/90 - 59.839s
1: Epoch 30/90 - 60.272s
0: Epoch 30/90 - 60.272s
1: Epoch 31/90 - 60.928s
0: Epoch 31/90 - 60.928s
1: Epoch 32/90 - 61.075s
0: Epoch 32/90 - 61.075s
1: Epoch 33/90 - 60.119s
0: Epoch 33/90 - 60.119s
1: Epoch 34/90 - 60.518s
0: Epoch 34/90 - 60.518s
1: Epoch 35/90 - 61.888s
0: Epoch 35/90 - 61.888s
1: Epoch 36/90 - 60.000s
0: Epoch 36/90 - 60.000s
1: Epoch 37/90 - 60.911s
0: Epoch 37/90 - 60.911s
1: Epoch 38/90 - 59.701s
0: Epoch 38/90 - 59.701s
1: Epoch 39/90 - 61.238s
0: Epoch 39/90 - 61.238s
1: Epoch 40/90 - 60.408s
0: Epoch 40/90 - 60.408s
1: Epoch 41/90 - 60.026s
0: Epoch 41/90 - 60.026s
1: Epoch 42/90 - 60.540s
0: Epoch 42/90 - 60.540s
1: Epoch 43/90 - 61.087s
0: Epoch 43/90 - 61.087s
1: Epoch 44/90 - 61.569s
0: Epoch 44/90 - 61.569s
1: Epoch 45/90 - 61.084s
0: Epoch 45/90 - 61.084s
1: Epoch 46/90 - 60.500s
0: Epoch 46/90 - 60.500s
1: Epoch 47/90 - 60.626s
0: Epoch 47/90 - 60.626s
1: Epoch 48/90 - 60.589s
0: Epoch 48/90 - 60.589s
1: Epoch 49/90 - 61.501s
0: Epoch 49/90 - 61.501s
1: Epoch 50/90 - 61.798s
0: Epoch 50/90 - 61.798s
1: Epoch 51/90 - 61.530s
0: Epoch 51/90 - 61.530s
1: Epoch 52/90 - 59.786s
0: Epoch 52/90 - 59.786s
1: Epoch 53/90 - 59.954s
0: Epoch 53/90 - 59.954s
1: Epoch 54/90 - 60.232s
0: Epoch 54/90 - 60.232s
1: Epoch 55/90 - 60.096s
0: Epoch 55/90 - 60.096s
1: Epoch 56/90 - 60.333s
0: Epoch 56/90 - 60.333s
1: Epoch 57/90 - 60.128s
0: Epoch 57/90 - 60.128s
1: Epoch 58/90 - 61.715s
0: Epoch 58/90 - 61.715s
1: Epoch 59/90 - 61.100s
0: Epoch 59/90 - 61.100s
1: Epoch 60/90 - 60.732s
0: Epoch 60/90 - 60.732s
1: Epoch 61/90 - 60.862s
0: Epoch 61/90 - 60.862s
1: Epoch 62/90 - 63.053s
0: Epoch 62/90 - 63.053s
1: Epoch 63/90 - 61.538s
0: Epoch 63/90 - 61.538s
1: Epoch 64/90 - 61.623s
0: Epoch 64/90 - 61.623s
1: Epoch 65/90 - 61.278s
0: Epoch 65/90 - 61.278s
1: Epoch 66/90 - 60.924s
0: Epoch 66/90 - 60.924s
1: Epoch 67/90 - 61.120s
0: Epoch 67/90 - 61.120s
1: Epoch 68/90 - 61.309s
0: Epoch 68/90 - 61.309s
1: Epoch 69/90 - 60.639s
0: Epoch 69/90 - 60.639s
1: Epoch 70/90 - 59.479s
0: Epoch 70/90 - 59.479s
1: Epoch 71/90 - 59.751s
0: Epoch 71/90 - 59.751s
1: Epoch 72/90 - 60.423s
0: Epoch 72/90 - 60.423s
1: Epoch 73/90 - 62.697s
0: Epoch 73/90 - 62.697s
1: Epoch 74/90 - 60.128s
0: Epoch 74/90 - 60.128s
1: Epoch 75/90 - 60.160s
0: Epoch 75/90 - 60.160s
1: Epoch 76/90 - 59.665s
0: Epoch 76/90 - 59.665s
1: Epoch 77/90 - 59.941s
0: Epoch 77/90 - 59.941s
1: Epoch 78/90 - 60.188s
0: Epoch 78/90 - 60.188s
1: Epoch 79/90 - 59.356s
0: Epoch 79/90 - 59.356s
1: Epoch 80/90 - 59.532s
0: Epoch 80/90 - 59.532s
1: Epoch 81/90 - 60.209s
0: Epoch 81/90 - 60.209s
1: Epoch 82/90 - 60.788s
0: Epoch 82/90 - 60.788s
1: Epoch 83/90 - 60.458s
0: Epoch 83/90 - 60.458s
1: Epoch 84/90 - 62.442s
0: Epoch 84/90 - 62.442s
1: Epoch 85/90 - 60.800s
0: Epoch 85/90 - 60.800s
1: Epoch 86/90 - 60.746s
0: Epoch 86/90 - 60.746s
1: Epoch 87/90 - 60.321s
0: Epoch 87/90 - 60.321s
1: Epoch 88/90 - 60.127s
0: Epoch 88/90 - 60.127s
1: Epoch 89/90 - 60.067s
1: Steps per epoch: 196
1: Validation steps per epoch: 79
1: Average time per epoch: 60.794 s
0: Epoch 89/90 - 60.067s
0: Steps per epoch: 196
0: Validation steps per epoch: 79
0: 
0: Average time per epoch: 60.794 s
1: --- 5475.062565326691 seconds ---
0: --- 5475.062826395035 seconds ---
ELAPSED: 5481 seconds
End at Tue Feb  9 17:11:07 EET 2021
