0: 2021-02-15 22:25:07.717449: I tensorflow/stream_executor/platform/default/dso_loader.cc:48] Successfully opened dynamic library libcudart.so.10.1
0: 2021-02-15 22:25:24.206919: I tensorflow/stream_executor/platform/default/dso_loader.cc:48] Successfully opened dynamic library libcuda.so.1
0: 2021-02-15 22:25:24.248827: I tensorflow/core/common_runtime/gpu/gpu_device.cc:1716] Found device 0 with properties: 
0: pciBusID: 0000:04:00.0 name: Tesla K40m computeCapability: 3.5
0: coreClock: 0.8755GHz coreCount: 15 deviceMemorySize: 11.17GiB deviceMemoryBandwidth: 268.58GiB/s
0: 2021-02-15 22:25:24.248859: I tensorflow/stream_executor/platform/default/dso_loader.cc:48] Successfully opened dynamic library libcudart.so.10.1
0: 2021-02-15 22:25:24.296827: I tensorflow/stream_executor/platform/default/dso_loader.cc:48] Successfully opened dynamic library libcublas.so.10
0: 2021-02-15 22:25:24.320231: I tensorflow/stream_executor/platform/default/dso_loader.cc:48] Successfully opened dynamic library libcufft.so.10
0: 2021-02-15 22:25:24.330285: I tensorflow/stream_executor/platform/default/dso_loader.cc:48] Successfully opened dynamic library libcurand.so.10
0: 2021-02-15 22:25:24.411405: I tensorflow/stream_executor/platform/default/dso_loader.cc:48] Successfully opened dynamic library libcusolver.so.10
0: 2021-02-15 22:25:24.453933: I tensorflow/stream_executor/platform/default/dso_loader.cc:48] Successfully opened dynamic library libcusparse.so.10
0: 2021-02-15 22:25:24.514310: I tensorflow/stream_executor/platform/default/dso_loader.cc:48] Successfully opened dynamic library libcudnn.so.7
0: 2021-02-15 22:25:24.519272: I tensorflow/core/common_runtime/gpu/gpu_device.cc:1858] Adding visible gpu devices: 0
0: 2021-02-15 22:25:26.612580: I tensorflow/core/platform/cpu_feature_guard.cc:142] This TensorFlow binary is optimized with oneAPI Deep Neural Network Library (oneDNN)to use the following CPU instructions in performance-critical operations:  SSE3 SSE4.1 SSE4.2 AVX AVX2 FMA
0: To enable them in other operations, rebuild TensorFlow with the appropriate compiler flags.
0: 2021-02-15 22:25:26.624399: I tensorflow/core/platform/profile_utils/cpu_utils.cc:104] CPU Frequency: 2600170000 Hz
0: 2021-02-15 22:25:26.627210: I tensorflow/compiler/xla/service/service.cc:168] XLA service 0x6210e00 initialized for platform Host (this does not guarantee that XLA will be used). Devices:
0: 2021-02-15 22:25:26.627231: I tensorflow/compiler/xla/service/service.cc:176]   StreamExecutor device (0): Host, Default Version
0: 2021-02-15 22:25:26.712295: I tensorflow/compiler/xla/service/service.cc:168] XLA service 0x627cf70 initialized for platform CUDA (this does not guarantee that XLA will be used). Devices:
0: 2021-02-15 22:25:26.712348: I tensorflow/compiler/xla/service/service.cc:176]   StreamExecutor device (0): Tesla K40m, Compute Capability 3.5
0: 2021-02-15 22:25:26.715141: I tensorflow/core/common_runtime/gpu/gpu_device.cc:1716] Found device 0 with properties: 
0: pciBusID: 0000:04:00.0 name: Tesla K40m computeCapability: 3.5
0: coreClock: 0.8755GHz coreCount: 15 deviceMemorySize: 11.17GiB deviceMemoryBandwidth: 268.58GiB/s
0: 2021-02-15 22:25:26.715200: I tensorflow/stream_executor/platform/default/dso_loader.cc:48] Successfully opened dynamic library libcudart.so.10.1
0: 2021-02-15 22:25:26.715241: I tensorflow/stream_executor/platform/default/dso_loader.cc:48] Successfully opened dynamic library libcublas.so.10
0: 2021-02-15 22:25:26.715278: I tensorflow/stream_executor/platform/default/dso_loader.cc:48] Successfully opened dynamic library libcufft.so.10
0: 2021-02-15 22:25:26.715306: I tensorflow/stream_executor/platform/default/dso_loader.cc:48] Successfully opened dynamic library libcurand.so.10
0: 2021-02-15 22:25:26.715332: I tensorflow/stream_executor/platform/default/dso_loader.cc:48] Successfully opened dynamic library libcusolver.so.10
0: 2021-02-15 22:25:26.715357: I tensorflow/stream_executor/platform/default/dso_loader.cc:48] Successfully opened dynamic library libcusparse.so.10
0: 2021-02-15 22:25:26.715383: I tensorflow/stream_executor/platform/default/dso_loader.cc:48] Successfully opened dynamic library libcudnn.so.7
0: 2021-02-15 22:25:26.719457: I tensorflow/core/common_runtime/gpu/gpu_device.cc:1858] Adding visible gpu devices: 0
0: 2021-02-15 22:25:26.719494: I tensorflow/stream_executor/platform/default/dso_loader.cc:48] Successfully opened dynamic library libcudart.so.10.1
0: 2021-02-15 22:25:27.227949: I tensorflow/core/common_runtime/gpu/gpu_device.cc:1257] Device interconnect StreamExecutor with strength 1 edge matrix:
0: 2021-02-15 22:25:27.227999: I tensorflow/core/common_runtime/gpu/gpu_device.cc:1263]      0 
0: 2021-02-15 22:25:27.228010: I tensorflow/core/common_runtime/gpu/gpu_device.cc:1276] 0:   N 
0: 2021-02-15 22:25:27.231076: I tensorflow/core/common_runtime/gpu/gpu_device.cc:1402] Created TensorFlow device (/job:localhost/replica:0/task:0/device:GPU:0 with 10622 MB memory) -> physical GPU (device: 0, name: Tesla K40m, pci bus id: 0000:04:00.0, compute capability: 3.5)
0: 2021-02-15 22:25:39.774251: I tensorflow/stream_executor/platform/default/dso_loader.cc:48] Successfully opened dynamic library libcublas.so.10
0: 2021-02-15 22:25:40.066684: I tensorflow/stream_executor/platform/default/dso_loader.cc:48] Successfully opened dynamic library libcudnn.so.7
0: WARNING:tensorflow:Callbacks method `on_train_batch_end` is slow compared to the batch time (batch time: 0.0708s vs `on_train_batch_end` time: 0.1288s). Check your callbacks.
