WORKERS: "gpu06-ib:5555"
Start at Sun Feb  7 12:28:57 EET 2021
CUDA_VISIBLE_DEVICES: 0
Running on hosts: gpu06
Running on 1 nodes.
Running 1 tasks per node
Job id is 1090290
0: Number of devices per node: 1
0: rank 0
0: => creating model 'resnet50'
0: Epoch: [0][  0/391]	7.239214897155762	0.2567250728607178	7.06719446182251	0.0
0: Epoch: [0][  0/391]	0.7751861810684204	0.06051492691040039	4.648037910461426	9.58806797862053
0: Epoch: [0][  0/391]	0.46754568815231323	0.052135854959487915	4.945505619049072	11.68154776096344
0: Epoch: [0][  0/391]	0.35818442702293396	0.047114986926317215	4.5410308837890625	13.130040466785431
0: Epoch: [0][  0/391]	0.3022928535938263	0.0439903661608696	4.19195556640625	14.84375
0: Epoch: [0][  0/391]	0.2683239281177521	0.04209422692656517	3.9543468952178955	15.839460492134094
0: Epoch: [0][  0/391]	0.24548789858818054	0.04081929847598076	3.813420295715332	16.662397980690002
0: Epoch: [0][  0/391]	0.2290784865617752	0.03989769518375397	3.719992160797119	17.93573945760727
0: Epoch: [0][  0/391]	0.21674759685993195	0.039206381887197495	3.5635173320770264	18.807870149612427
0: Epoch: [0][  0/391]	0.20710572600364685	0.03866817057132721	3.4684083461761475	19.797390699386597
0: Epoch: [0][  0/391]	0.19940714538097382	0.03823568671941757	3.37919545173645	20.66831737756729
0: Epoch: [0][  0/391]	0.19306506216526031	0.037883177399635315	3.292469024658203	21.417511999607086
0: Epoch: [0][  0/391]	0.18774928152561188	0.03758684918284416	3.259258270263672	22.249484062194824
0: Epoch: [0][  0/391]	0.18326504528522491	0.03733397647738457	3.2401137351989746	22.876907885074615
0: Epoch: [0][  0/391]	0.17941312491893768	0.037115637212991714	3.2055740356445312	23.537233471870422
0: Epoch: [0][  0/391]	0.17607270181179047	0.03693101182579994	3.1412854194641113	24.094577133655548
0: Epoch: [0][  0/391]	0.17314982414245605	0.0367659367620945	3.0911009311676025	24.602095782756805
0: Epoch: [0][  0/391]	0.1705576628446579	0.036623764783144	3.0790061950683594	25.29696524143219
0: Epoch: [0][  0/391]	0.16826315224170685	0.036496348679065704	3.043501615524292	25.604280829429626
0: Epoch: [0][  0/391]	0.1662086695432663	0.03637964278459549	2.989254951477051	26.01848840713501
0: Epoch: [0][  0/391]	0.1643691509962082	0.03627515584230423	2.9441096782684326	26.648008823394775
0: Epoch: [0][  0/391]	0.16268737614154816	0.03618433699011803	2.9047718048095703	27.14010775089264
0: Epoch: [0][  0/391]	0.16117435693740845	0.03609846904873848	2.861104726791382	27.612414956092834
0: Epoch: [0][  0/391]	0.15977934002876282	0.03601985052227974	2.82417631149292	28.04044783115387
0: Epoch: [0][  0/391]	0.15850256383419037	0.035949692130088806	2.79854679107666	28.319501876831055
0: Epoch: [0][  0/391]	0.15733027458190918	0.03588316962122917	2.8283724784851074	28.495392203330994
0: Epoch: [0][  0/391]	0.1562476009130478	0.0358244888484478	2.8587944507598877	28.45126986503601
0: Epoch: [0][  0/391]	0.1552499532699585	0.03577052056789398	2.874798536300659	28.188422322273254
0: Epoch: [0][  0/391]	0.15432067215442657	0.03571908921003342	2.8815107345581055	28.024911880493164
0: Epoch: [0][  0/391]	0.15345095098018646	0.03566697984933853	2.878997325897217	27.83236801624298
0: Epoch: [0][  0/391]	0.15263734757900238	0.03561808541417122	2.872605562210083	27.62925624847412
0: Epoch: [0][  0/391]	0.15187735855579376	0.035575754940509796	2.8645191192626953	27.542203664779663
0: Epoch: [0][  0/391]	0.15116797387599945	0.03553535416722298	2.859754800796509	27.497079968452454
0: Epoch: [0][  0/391]	0.15050074458122253	0.03549618273973465	2.8474113941192627	27.336668968200684
0: Epoch: [0][  0/391]	0.14986498653888702	0.0354607030749321	2.8394546508789062	27.24752426147461
0: Epoch: [0][  0/391]	0.1492687612771988	0.03542747348546982	2.8250041007995605	27.15010643005371
0: Epoch: [0][  0/391]	0.1487094908952713	0.03539440035820007	2.812445878982544	27.09271013736725
0: Epoch: [0][  0/391]	0.14818328619003296	0.03536064550280571	2.8137431144714355	26.903638243675232
0: Epoch: [0][  0/391]	0.1476811319589615	0.03532521426677704	2.807370185852051	26.818814873695374
0: Epoch: [0][  0/391]	0.1555722951889038	0.03526042774319649	2.7951838970184326	26.79707705974579
0: Epoch 0/1 - 67.429s
0: Steps per epoch: 391
0: Validation steps per epoch: 79
0: 
0: Average time per epoch: 67.429 s
0: --- 70.60924220085144 seconds ---
ELAPSED: 72 seconds
End at Sun Feb  7 12:30:09 EET 2021
