0: 2021-02-15 22:37:31.805131: I tensorflow/stream_executor/platform/default/dso_loader.cc:48] Successfully opened dynamic library libcudart.so.10.1
1: 2021-02-15 22:37:31.805131: I tensorflow/stream_executor/platform/default/dso_loader.cc:48] Successfully opened dynamic library libcudart.so.10.1
0: 2021-02-15 22:37:49.504962: I tensorflow/stream_executor/platform/default/dso_loader.cc:48] Successfully opened dynamic library libcuda.so.1
1: 2021-02-15 22:37:49.504959: I tensorflow/stream_executor/platform/default/dso_loader.cc:48] Successfully opened dynamic library libcuda.so.1
0: 2021-02-15 22:37:49.587338: I tensorflow/core/common_runtime/gpu/gpu_device.cc:1716] Found device 0 with properties: 
0: pciBusID: 0000:04:00.0 name: Tesla K40m computeCapability: 3.5
0: coreClock: 0.8755GHz coreCount: 15 deviceMemorySize: 11.17GiB deviceMemoryBandwidth: 268.58GiB/s
1: 2021-02-15 22:37:49.587877: I tensorflow/core/common_runtime/gpu/gpu_device.cc:1716] Found device 0 with properties: 
1: pciBusID: 0000:04:00.0 name: Tesla K40m computeCapability: 3.5
1: coreClock: 0.8755GHz coreCount: 15 deviceMemorySize: 11.17GiB deviceMemoryBandwidth: 268.58GiB/s
0: 2021-02-15 22:37:49.591775: I tensorflow/core/common_runtime/gpu/gpu_device.cc:1716] Found device 1 with properties: 
0: pciBusID: 0000:82:00.0 name: Tesla K40m computeCapability: 3.5
0: coreClock: 0.8755GHz coreCount: 15 deviceMemorySize: 11.17GiB deviceMemoryBandwidth: 268.58GiB/s
0: 2021-02-15 22:37:49.591822: I tensorflow/stream_executor/platform/default/dso_loader.cc:48] Successfully opened dynamic library libcudart.so.10.1
1: 2021-02-15 22:37:49.592218: I tensorflow/core/common_runtime/gpu/gpu_device.cc:1716] Found device 1 with properties: 
1: pciBusID: 0000:82:00.0 name: Tesla K40m computeCapability: 3.5
1: coreClock: 0.8755GHz coreCount: 15 deviceMemorySize: 11.17GiB deviceMemoryBandwidth: 268.58GiB/s
1: 2021-02-15 22:37:49.592279: I tensorflow/stream_executor/platform/default/dso_loader.cc:48] Successfully opened dynamic library libcudart.so.10.1
0: 2021-02-15 22:37:49.635485: I tensorflow/stream_executor/platform/default/dso_loader.cc:48] Successfully opened dynamic library libcublas.so.10
1: 2021-02-15 22:37:49.635490: I tensorflow/stream_executor/platform/default/dso_loader.cc:48] Successfully opened dynamic library libcublas.so.10
0: 2021-02-15 22:37:49.676117: I tensorflow/stream_executor/platform/default/dso_loader.cc:48] Successfully opened dynamic library libcufft.so.10
1: 2021-02-15 22:37:49.676125: I tensorflow/stream_executor/platform/default/dso_loader.cc:48] Successfully opened dynamic library libcufft.so.10
0: 2021-02-15 22:37:49.719949: I tensorflow/stream_executor/platform/default/dso_loader.cc:48] Successfully opened dynamic library libcurand.so.10
1: 2021-02-15 22:37:49.719942: I tensorflow/stream_executor/platform/default/dso_loader.cc:48] Successfully opened dynamic library libcurand.so.10
0: 2021-02-15 22:37:49.858803: I tensorflow/stream_executor/platform/default/dso_loader.cc:48] Successfully opened dynamic library libcusolver.so.10
1: 2021-02-15 22:37:49.858807: I tensorflow/stream_executor/platform/default/dso_loader.cc:48] Successfully opened dynamic library libcusolver.so.10
0: 2021-02-15 22:37:49.927683: I tensorflow/stream_executor/platform/default/dso_loader.cc:48] Successfully opened dynamic library libcusparse.so.10
1: 2021-02-15 22:37:49.927678: I tensorflow/stream_executor/platform/default/dso_loader.cc:48] Successfully opened dynamic library libcusparse.so.10
0: 2021-02-15 22:37:50.033594: I tensorflow/stream_executor/platform/default/dso_loader.cc:48] Successfully opened dynamic library libcudnn.so.7
1: 2021-02-15 22:37:50.033602: I tensorflow/stream_executor/platform/default/dso_loader.cc:48] Successfully opened dynamic library libcudnn.so.7
0: 2021-02-15 22:37:50.063860: I tensorflow/core/common_runtime/gpu/gpu_device.cc:1858] Adding visible gpu devices: 0, 1
1: 2021-02-15 22:37:50.063871: I tensorflow/core/common_runtime/gpu/gpu_device.cc:1858] Adding visible gpu devices: 0, 1
0: 2021-02-15 22:37:51.883855: I tensorflow/core/platform/cpu_feature_guard.cc:142] This TensorFlow binary is optimized with oneAPI Deep Neural Network Library (oneDNN)to use the following CPU instructions in performance-critical operations:  SSE3 SSE4.1 SSE4.2 AVX AVX2 FMA
0: To enable them in other operations, rebuild TensorFlow with the appropriate compiler flags.
1: 2021-02-15 22:37:51.889067: I tensorflow/core/platform/cpu_feature_guard.cc:142] This TensorFlow binary is optimized with oneAPI Deep Neural Network Library (oneDNN)to use the following CPU instructions in performance-critical operations:  SSE3 SSE4.1 SSE4.2 AVX AVX2 FMA
1: To enable them in other operations, rebuild TensorFlow with the appropriate compiler flags.
0: 2021-02-15 22:37:51.895486: I tensorflow/core/platform/profile_utils/cpu_utils.cc:104] CPU Frequency: 2600055000 Hz
0: 2021-02-15 22:37:51.898328: I tensorflow/compiler/xla/service/service.cc:168] XLA service 0x63c0e80 initialized for platform Host (this does not guarantee that XLA will be used). Devices:
0: 2021-02-15 22:37:51.898350: I tensorflow/compiler/xla/service/service.cc:176]   StreamExecutor device (0): Host, Default Version
1: 2021-02-15 22:37:51.900989: I tensorflow/core/platform/profile_utils/cpu_utils.cc:104] CPU Frequency: 2600055000 Hz
1: 2021-02-15 22:37:51.904061: I tensorflow/compiler/xla/service/service.cc:168] XLA service 0x5bc7e80 initialized for platform Host (this does not guarantee that XLA will be used). Devices:
1: 2021-02-15 22:37:51.904098: I tensorflow/compiler/xla/service/service.cc:176]   StreamExecutor device (0): Host, Default Version
0: 2021-02-15 22:37:52.066964: I tensorflow/compiler/xla/service/service.cc:168] XLA service 0x642cfd0 initialized for platform CUDA (this does not guarantee that XLA will be used). Devices:
0: 2021-02-15 22:37:52.066995: I tensorflow/compiler/xla/service/service.cc:176]   StreamExecutor device (0): Tesla K40m, Compute Capability 3.5
1: 2021-02-15 22:37:52.070222: I tensorflow/compiler/xla/service/service.cc:168] XLA service 0x5c33fd0 initialized for platform CUDA (this does not guarantee that XLA will be used). Devices:
1: 2021-02-15 22:37:52.070261: I tensorflow/compiler/xla/service/service.cc:176]   StreamExecutor device (0): Tesla K40m, Compute Capability 3.5
0: 2021-02-15 22:37:52.070313: I tensorflow/core/common_runtime/gpu/gpu_device.cc:1716] Found device 0 with properties: 
0: pciBusID: 0000:04:00.0 name: Tesla K40m computeCapability: 3.5
0: coreClock: 0.8755GHz coreCount: 15 deviceMemorySize: 11.17GiB deviceMemoryBandwidth: 268.58GiB/s
0: 2021-02-15 22:37:52.070367: I tensorflow/stream_executor/platform/default/dso_loader.cc:48] Successfully opened dynamic library libcudart.so.10.1
0: 2021-02-15 22:37:52.070409: I tensorflow/stream_executor/platform/default/dso_loader.cc:48] Successfully opened dynamic library libcublas.so.10
0: 2021-02-15 22:37:52.070434: I tensorflow/stream_executor/platform/default/dso_loader.cc:48] Successfully opened dynamic library libcufft.so.10
0: 2021-02-15 22:37:52.070458: I tensorflow/stream_executor/platform/default/dso_loader.cc:48] Successfully opened dynamic library libcurand.so.10
0: 2021-02-15 22:37:52.070482: I tensorflow/stream_executor/platform/default/dso_loader.cc:48] Successfully opened dynamic library libcusolver.so.10
0: 2021-02-15 22:37:52.070507: I tensorflow/stream_executor/platform/default/dso_loader.cc:48] Successfully opened dynamic library libcusparse.so.10
0: 2021-02-15 22:37:52.070532: I tensorflow/stream_executor/platform/default/dso_loader.cc:48] Successfully opened dynamic library libcudnn.so.7
1: 2021-02-15 22:37:52.074828: I tensorflow/core/common_runtime/gpu/gpu_device.cc:1716] Found device 0 with properties: 
1: pciBusID: 0000:82:00.0 name: Tesla K40m computeCapability: 3.5
1: coreClock: 0.8755GHz coreCount: 15 deviceMemorySize: 11.17GiB deviceMemoryBandwidth: 268.58GiB/s
1: 2021-02-15 22:37:52.074884: I tensorflow/stream_executor/platform/default/dso_loader.cc:48] Successfully opened dynamic library libcudart.so.10.1
1: 2021-02-15 22:37:52.074927: I tensorflow/stream_executor/platform/default/dso_loader.cc:48] Successfully opened dynamic library libcublas.so.10
1: 2021-02-15 22:37:52.074954: I tensorflow/stream_executor/platform/default/dso_loader.cc:48] Successfully opened dynamic library libcufft.so.10
1: 2021-02-15 22:37:52.074979: I tensorflow/stream_executor/platform/default/dso_loader.cc:48] Successfully opened dynamic library libcurand.so.10
1: 2021-02-15 22:37:52.075004: I tensorflow/stream_executor/platform/default/dso_loader.cc:48] Successfully opened dynamic library libcusolver.so.10
1: 2021-02-15 22:37:52.075029: I tensorflow/stream_executor/platform/default/dso_loader.cc:48] Successfully opened dynamic library libcusparse.so.10
1: 2021-02-15 22:37:52.075055: I tensorflow/stream_executor/platform/default/dso_loader.cc:48] Successfully opened dynamic library libcudnn.so.7
0: 2021-02-15 22:37:52.079035: I tensorflow/core/common_runtime/gpu/gpu_device.cc:1858] Adding visible gpu devices: 0
0: 2021-02-15 22:37:52.079096: I tensorflow/stream_executor/platform/default/dso_loader.cc:48] Successfully opened dynamic library libcudart.so.10.1
1: 2021-02-15 22:37:52.083464: I tensorflow/core/common_runtime/gpu/gpu_device.cc:1858] Adding visible gpu devices: 1
1: 2021-02-15 22:37:52.083524: I tensorflow/stream_executor/platform/default/dso_loader.cc:48] Successfully opened dynamic library libcudart.so.10.1
0: 2021-02-15 22:37:52.582008: I tensorflow/core/common_runtime/gpu/gpu_device.cc:1257] Device interconnect StreamExecutor with strength 1 edge matrix:
0: 2021-02-15 22:37:52.582044: I tensorflow/core/common_runtime/gpu/gpu_device.cc:1263]      0 
0: 2021-02-15 22:37:52.582054: I tensorflow/core/common_runtime/gpu/gpu_device.cc:1276] 0:   N 
0: 2021-02-15 22:37:52.584692: I tensorflow/core/common_runtime/gpu/gpu_device.cc:1402] Created TensorFlow device (/job:localhost/replica:0/task:0/device:GPU:0 with 10622 MB memory) -> physical GPU (device: 0, name: Tesla K40m, pci bus id: 0000:04:00.0, compute capability: 3.5)
1: 2021-02-15 22:37:52.591027: I tensorflow/core/common_runtime/gpu/gpu_device.cc:1257] Device interconnect StreamExecutor with strength 1 edge matrix:
1: 2021-02-15 22:37:52.591060: I tensorflow/core/common_runtime/gpu/gpu_device.cc:1263]      1 
1: 2021-02-15 22:37:52.591070: I tensorflow/core/common_runtime/gpu/gpu_device.cc:1276] 1:   N 
1: 2021-02-15 22:37:52.593663: I tensorflow/core/common_runtime/gpu/gpu_device.cc:1402] Created TensorFlow device (/job:localhost/replica:0/task:0/device:GPU:0 with 10622 MB memory) -> physical GPU (device: 1, name: Tesla K40m, pci bus id: 0000:82:00.0, compute capability: 3.5)
0: 2021-02-15 22:38:05.164065: I tensorflow/stream_executor/platform/default/dso_loader.cc:48] Successfully opened dynamic library libcublas.so.10
1: 2021-02-15 22:38:05.266890: I tensorflow/stream_executor/platform/default/dso_loader.cc:48] Successfully opened dynamic library libcublas.so.10
0: 2021-02-15 22:38:05.563297: I tensorflow/stream_executor/platform/default/dso_loader.cc:48] Successfully opened dynamic library libcudnn.so.7
1: 2021-02-15 22:38:05.563590: I tensorflow/stream_executor/platform/default/dso_loader.cc:48] Successfully opened dynamic library libcudnn.so.7
