WORKERS: "gpu01-ib:5555","gpu02-ib:5555","gpu03-ib:5555","gpu04-ib:5555"
Start at Sun Feb 14 02:32:07 EET 2021
CUDA_VISIBLE_DEVICES: 0,1
Running on hosts: gpu[01-04]
Running on 4 nodes.
Running 2 tasks per node
Job id is 1095026
0: Number of devices per node: 2
2: Number of devices per node: 2
1: Number of devices per node: 2
7: Number of devices per node: 2
3: Number of devices per node: 2
4: Number of devices per node: 2
6: Number of devices per node: 2
6: 
5: Number of devices per node: 2
0: rank 0
2: rank 2
3: rank 3
3: 
1: rank 1
6: rank 6
5: rank 5
7: rank 7
4: rank 4
0: => creating model 'resnet50'
1: => creating model 'resnet50'
4: => creating model 'resnet50'
5: => creating model 'resnet50'
3: => creating model 'resnet50'
2: => creating model 'resnet50'
6: => creating model 'resnet50'
7: => creating model 'resnet50'
1: Epoch 0/90 - 43.224s
4: Epoch 0/90 - 43.221s
6: Epoch 0/90 - 43.221s
2: Epoch 0/90 - 43.224s
5: Epoch 0/90 - 43.221s
7: Epoch 0/90 - 43.221s
3: Epoch 0/90 - 43.221s
0: Epoch 0/90 - 43.252s
1: Epoch 1/90 - 36.211s
4: Epoch 1/90 - 36.211s
5: Epoch 1/90 - 36.211s
6: Epoch 1/90 - 36.211s
2: Epoch 1/90 - 36.211s
7: Epoch 1/90 - 36.211s
3: Epoch 1/90 - 36.211s
0: Epoch 1/90 - 36.211s
1: Epoch 2/90 - 36.778s
3: Epoch 2/90 - 36.778s
4: Epoch 2/90 - 36.778s
6: Epoch 2/90 - 36.778s
5: Epoch 2/90 - 36.778s
7: Epoch 2/90 - 36.778s
2: Epoch 2/90 - 36.778s
0: Epoch 2/90 - 36.778s
1: Epoch 3/90 - 36.637s
4: Epoch 3/90 - 36.637s
6: Epoch 3/90 - 36.637s
3: Epoch 3/90 - 36.637s
5: Epoch 3/90 - 36.637s
7: Epoch 3/90 - 36.637s
2: Epoch 3/90 - 36.637s
0: Epoch 3/90 - 36.637s
1: Epoch 4/90 - 36.572s
2: Epoch 4/90 - 36.572s
4: Epoch 4/90 - 36.572s
6: Epoch 4/90 - 36.572s
5: Epoch 4/90 - 36.572s
7: Epoch 4/90 - 36.572s
3: Epoch 4/90 - 36.572s
0: Epoch 4/90 - 36.572s
1: Epoch 5/90 - 36.110s
4: Epoch 5/90 - 36.110s
6: Epoch 5/90 - 36.110s
2: Epoch 5/90 - 36.110s
5: Epoch 5/90 - 36.110s
7: Epoch 5/90 - 36.110s
3: Epoch 5/90 - 36.110s
0: Epoch 5/90 - 36.110s
1: Epoch 6/90 - 36.238s
4: Epoch 6/90 - 36.238s
6: Epoch 6/90 - 36.238s
2: Epoch 6/90 - 36.238s
5: Epoch 6/90 - 36.238s
7: Epoch 6/90 - 36.238s
3: Epoch 6/90 - 36.238s
0: Epoch 6/90 - 36.238s
1: Epoch 7/90 - 35.614s
2: Epoch 7/90 - 35.614s
4: Epoch 7/90 - 35.614s
6: Epoch 7/90 - 35.614s
5: Epoch 7/90 - 35.614s
7: Epoch 7/90 - 35.614s
3: Epoch 7/90 - 35.614s
0: Epoch 7/90 - 35.614s
4: Epoch 8/90 - 36.665s
1: Epoch 8/90 - 36.665s
5: Epoch 8/90 - 36.665s
6: Epoch 8/90 - 36.665s
2: Epoch 8/90 - 36.665s
7: Epoch 8/90 - 36.665s
3: Epoch 8/90 - 36.665s
0: Epoch 8/90 - 36.665s
1: Epoch 9/90 - 35.680s
4: Epoch 9/90 - 35.680s
6: Epoch 9/90 - 35.680s
2: Epoch 9/90 - 35.680s
5: Epoch 9/90 - 35.680s
7: Epoch 9/90 - 35.680s
3: Epoch 9/90 - 35.680s
0: Epoch 9/90 - 35.680s
4: Epoch 10/90 - 36.126s
1: Epoch 10/90 - 36.126s
5: Epoch 10/90 - 36.126s
6: Epoch 10/90 - 36.126s
2: Epoch 10/90 - 36.126s
7: Epoch 10/90 - 36.126s
3: Epoch 10/90 - 36.126s
0: Epoch 10/90 - 36.126s
1: Epoch 11/90 - 36.382s
4: Epoch 11/90 - 36.382s
6: Epoch 11/90 - 36.382s
2: Epoch 11/90 - 36.382s
5: Epoch 11/90 - 36.382s
7: Epoch 11/90 - 36.382s
3: Epoch 11/90 - 36.382s
0: Epoch 11/90 - 36.382s
1: Epoch 12/90 - 37.306s
4: Epoch 12/90 - 37.306s
6: Epoch 12/90 - 37.306s
2: Epoch 12/90 - 37.306s
5: Epoch 12/90 - 37.306s
7: Epoch 12/90 - 37.306s
3: Epoch 12/90 - 37.306s
0: Epoch 12/90 - 37.306s
1: Epoch 13/90 - 37.786s
2: Epoch 13/90 - 37.786s
4: Epoch 13/90 - 37.786s
7: Epoch 13/90 - 37.786s
5: Epoch 13/90 - 37.786s
6: Epoch 13/90 - 37.786s
3: Epoch 13/90 - 37.786s
0: Epoch 13/90 - 37.786s
4: Epoch 14/90 - 37.835s
1: Epoch 14/90 - 37.835s
2: Epoch 14/90 - 37.835s
5: Epoch 14/90 - 37.835s
6: Epoch 14/90 - 37.835s
7: Epoch 14/90 - 37.835s
3: Epoch 14/90 - 37.835s
0: Epoch 14/90 - 37.835s
1: Epoch 15/90 - 36.545s
6: Epoch 15/90 - 36.545s
2: Epoch 15/90 - 36.545s
4: Epoch 15/90 - 36.545s
5: Epoch 15/90 - 36.545s
7: Epoch 15/90 - 36.545s
3: Epoch 15/90 - 36.545s
0: Epoch 15/90 - 36.545s
1: Epoch 16/90 - 36.954s
6: Epoch 16/90 - 36.954s
2: Epoch 16/90 - 36.954s
4: Epoch 16/90 - 36.954s
3: Epoch 16/90 - 36.954s
5: Epoch 16/90 - 36.954s
7: Epoch 16/90 - 36.954s
0: Epoch 16/90 - 36.954s
5: Epoch 17/90 - 37.291s
1: Epoch 17/90 - 37.291s
6: Epoch 17/90 - 37.291s
2: Epoch 17/90 - 37.291s
4: Epoch 17/90 - 37.291s
7: Epoch 17/90 - 37.291s
3: Epoch 17/90 - 37.291s
0: Epoch 17/90 - 37.291s
1: Epoch 18/90 - 37.895s
4: Epoch 18/90 - 37.894s
6: Epoch 18/90 - 37.895s
2: Epoch 18/90 - 37.895s
5: Epoch 18/90 - 37.894s
7: Epoch 18/90 - 37.895s
3: Epoch 18/90 - 37.895s
0: Epoch 18/90 - 37.895s
1: Epoch 19/90 - 37.867s
2: Epoch 19/90 - 37.867s
4: Epoch 19/90 - 37.867s
6: Epoch 19/90 - 37.867s
5: Epoch 19/90 - 37.867s
7: Epoch 19/90 - 37.867s
3: Epoch 19/90 - 37.867s
0: Epoch 19/90 - 37.867s
1: Epoch 20/90 - 37.580s
3: Epoch 20/90 - 37.580s
4: Epoch 20/90 - 37.580s
6: Epoch 20/90 - 37.580s
5: Epoch 20/90 - 37.580s
7: Epoch 20/90 - 37.580s
2: Epoch 20/90 - 37.580s
0: Epoch 20/90 - 37.580s
1: Epoch 21/90 - 37.049s
4: Epoch 21/90 - 37.049s
6: Epoch 21/90 - 37.049s
2: Epoch 21/90 - 37.049s
5: Epoch 21/90 - 37.049s
7: Epoch 21/90 - 37.049s
3: Epoch 21/90 - 37.049s
0: Epoch 21/90 - 37.049s
4: Epoch 22/90 - 38.378s
1: Epoch 22/90 - 38.378s
6: Epoch 22/90 - 38.378s
2: Epoch 22/90 - 38.378s
7: Epoch 22/90 - 38.378s
5: Epoch 22/90 - 38.378s
3: Epoch 22/90 - 38.378s
0: Epoch 22/90 - 38.378s
1: Epoch 23/90 - 37.696s
4: Epoch 23/90 - 37.696s
6: Epoch 23/90 - 37.696s
5: Epoch 23/90 - 37.696s
7: Epoch 23/90 - 37.696s
2: Epoch 23/90 - 37.696s
3: Epoch 23/90 - 37.696s
0: Epoch 23/90 - 37.696s
1: Epoch 24/90 - 37.844s
6: Epoch 24/90 - 37.844s
4: Epoch 24/90 - 37.844s
2: Epoch 24/90 - 37.844s
5: Epoch 24/90 - 37.844s
7: Epoch 24/90 - 37.844s
3: Epoch 24/90 - 37.844s
0: Epoch 24/90 - 37.844s
1: Epoch 25/90 - 37.209s
4: Epoch 25/90 - 37.209s
6: Epoch 25/90 - 37.209s
2: Epoch 25/90 - 37.209s
5: Epoch 25/90 - 37.209s
7: Epoch 25/90 - 37.209s
3: Epoch 25/90 - 37.209s
0: Epoch 25/90 - 37.209s
4: Epoch 26/90 - 36.471s
1: Epoch 26/90 - 36.471s
6: Epoch 26/90 - 36.471s
5: Epoch 26/90 - 36.471s
7: Epoch 26/90 - 36.471s
2: Epoch 26/90 - 36.471s
3: Epoch 26/90 - 36.471s
0: Epoch 26/90 - 36.471s
1: Epoch 27/90 - 37.275s
4: Epoch 27/90 - 37.275s
6: Epoch 27/90 - 37.275s
5: Epoch 27/90 - 37.275s
7: Epoch 27/90 - 37.275s
2: Epoch 27/90 - 37.275s
3: Epoch 27/90 - 37.275s
0: Epoch 27/90 - 37.275s
4: Epoch 28/90 - 37.708s
1: Epoch 28/90 - 37.708s
6: Epoch 28/90 - 37.708s
2: Epoch 28/90 - 37.708s
5: Epoch 28/90 - 37.708s
7: Epoch 28/90 - 37.708s
3: Epoch 28/90 - 37.708s
0: Epoch 28/90 - 37.708s
1: Epoch 29/90 - 37.589s
4: Epoch 29/90 - 37.589s
6: Epoch 29/90 - 37.589s
2: Epoch 29/90 - 37.589s
5: Epoch 29/90 - 37.589s
7: Epoch 29/90 - 37.589s
3: Epoch 29/90 - 37.589s
0: Epoch 29/90 - 37.589s
4: Epoch 30/90 - 37.454s
1: Epoch 30/90 - 37.454s
6: Epoch 30/90 - 37.454s
2: Epoch 30/90 - 37.454s
5: Epoch 30/90 - 37.454s
3: Epoch 30/90 - 37.454s
7: Epoch 30/90 - 37.454s
0: Epoch 30/90 - 37.454s
1: Epoch 31/90 - 38.163s
6: Epoch 31/90 - 38.163s
2: Epoch 31/90 - 38.163s
4: Epoch 31/90 - 38.163s
3: Epoch 31/90 - 38.163s
5: Epoch 31/90 - 38.163s
7: Epoch 31/90 - 38.163s
0: Epoch 31/90 - 38.163s
1: Epoch 32/90 - 36.688s
2: Epoch 32/90 - 36.688s
4: Epoch 32/90 - 36.688s
6: Epoch 32/90 - 36.688s
3: Epoch 32/90 - 36.688s
5: Epoch 32/90 - 36.688s
7: Epoch 32/90 - 36.688s
0: Epoch 32/90 - 36.688s
1: Epoch 33/90 - 37.933s
6: Epoch 33/90 - 37.933s
2: Epoch 33/90 - 37.933s
4: Epoch 33/90 - 37.933s
5: Epoch 33/90 - 37.933s
7: Epoch 33/90 - 37.933s
3: Epoch 33/90 - 37.933s
0: Epoch 33/90 - 37.933s
4: Epoch 34/90 - 37.220s
1: Epoch 34/90 - 37.220s
2: Epoch 34/90 - 37.220s
5: Epoch 34/90 - 37.220s
6: Epoch 34/90 - 37.220s
7: Epoch 34/90 - 37.220s
3: Epoch 34/90 - 37.220s
0: Epoch 34/90 - 37.220s
1: Epoch 35/90 - 37.369s
2: Epoch 35/90 - 37.369s
4: Epoch 35/90 - 37.369s
6: Epoch 35/90 - 37.369s
5: Epoch 35/90 - 37.369s
7: Epoch 35/90 - 37.369s
3: Epoch 35/90 - 37.369s
0: Epoch 35/90 - 37.369s
1: Epoch 36/90 - 37.538s
2: Epoch 36/90 - 37.538s
4: Epoch 36/90 - 37.538s
6: Epoch 36/90 - 37.538s
5: Epoch 36/90 - 37.538s
7: Epoch 36/90 - 37.538s
3: Epoch 36/90 - 37.538s
0: Epoch 36/90 - 37.538s
1: Epoch 37/90 - 36.975s
2: Epoch 37/90 - 36.975s
4: Epoch 37/90 - 36.975s
6: Epoch 37/90 - 36.975s
5: Epoch 37/90 - 36.975s
7: Epoch 37/90 - 36.975s
3: Epoch 37/90 - 36.975s
0: Epoch 37/90 - 36.975s
1: Epoch 38/90 - 37.545s
2: Epoch 38/90 - 37.545s
4: Epoch 38/90 - 37.545s
6: Epoch 38/90 - 37.545s
5: Epoch 38/90 - 37.545s
7: Epoch 38/90 - 37.545s
3: Epoch 38/90 - 37.545s
0: Epoch 38/90 - 37.545s
1: Epoch 39/90 - 36.784s
4: Epoch 39/90 - 36.784s
6: Epoch 39/90 - 36.784s
2: Epoch 39/90 - 36.784s
5: Epoch 39/90 - 36.784s
7: Epoch 39/90 - 36.784s
3: Epoch 39/90 - 36.784s
0: Epoch 39/90 - 36.784s
1: Epoch 40/90 - 37.364s
4: Epoch 40/90 - 37.364s
6: Epoch 40/90 - 37.364s
2: Epoch 40/90 - 37.364s
5: Epoch 40/90 - 37.364s
7: Epoch 40/90 - 37.364s
3: Epoch 40/90 - 37.364s
0: Epoch 40/90 - 37.364s
1: Epoch 41/90 - 36.965s
4: Epoch 41/90 - 36.965s
6: Epoch 41/90 - 36.965s
2: Epoch 41/90 - 36.965s
5: Epoch 41/90 - 36.965s
7: Epoch 41/90 - 36.965s
3: Epoch 41/90 - 36.965s
0: Epoch 41/90 - 36.965s
1: Epoch 42/90 - 36.500s
5: Epoch 42/90 - 36.500s
6: Epoch 42/90 - 36.500s
2: Epoch 42/90 - 36.500s
4: Epoch 42/90 - 36.500s
7: Epoch 42/90 - 36.500s
3: Epoch 42/90 - 36.500s
0: Epoch 42/90 - 36.500s
1: Epoch 43/90 - 37.798s
4: Epoch 43/90 - 37.798s
6: Epoch 43/90 - 37.798s
3: Epoch 43/90 - 37.798s
5: Epoch 43/90 - 37.798s
7: Epoch 43/90 - 37.798s
2: Epoch 43/90 - 37.798s
0: Epoch 43/90 - 37.798s
1: Epoch 44/90 - 38.002s
2: Epoch 44/90 - 38.002s
4: Epoch 44/90 - 38.002s
6: Epoch 44/90 - 38.002s
5: Epoch 44/90 - 38.002s
7: Epoch 44/90 - 38.002s
3: Epoch 44/90 - 38.002s
0: Epoch 44/90 - 38.002s
1: Epoch 45/90 - 37.502s
2: Epoch 45/90 - 37.502s
4: Epoch 45/90 - 37.502s
6: Epoch 45/90 - 37.502s
5: Epoch 45/90 - 37.502s
7: Epoch 45/90 - 37.502s
3: Epoch 45/90 - 37.502s
0: Epoch 45/90 - 37.502s
1: Epoch 46/90 - 36.966s
6: Epoch 46/90 - 36.966s
2: Epoch 46/90 - 36.966s
4: Epoch 46/90 - 36.966s
3: Epoch 46/90 - 36.966s
5: Epoch 46/90 - 36.966s
7: Epoch 46/90 - 36.966s
0: Epoch 46/90 - 36.966s
1: Epoch 47/90 - 37.604s
4: Epoch 47/90 - 37.604s
6: Epoch 47/90 - 37.604s
2: Epoch 47/90 - 37.604s
5: Epoch 47/90 - 37.604s
7: Epoch 47/90 - 37.604s
3: Epoch 47/90 - 37.604s
0: Epoch 47/90 - 37.604s
1: Epoch 48/90 - 36.855s
6: Epoch 48/90 - 36.855s
2: Epoch 48/90 - 36.855s
4: Epoch 48/90 - 36.855s
7: Epoch 48/90 - 36.855s
3: Epoch 48/90 - 36.855s
5: Epoch 48/90 - 36.855s
0: Epoch 48/90 - 36.855s
1: Epoch 49/90 - 36.763s
6: Epoch 49/90 - 36.763s
2: Epoch 49/90 - 36.763s
4: Epoch 49/90 - 36.763s
3: Epoch 49/90 - 36.763s
5: Epoch 49/90 - 36.763s
7: Epoch 49/90 - 36.763s
0: Epoch 49/90 - 36.763s
1: Epoch 50/90 - 36.936s
2: Epoch 50/90 - 36.936s
4: Epoch 50/90 - 36.936s
6: Epoch 50/90 - 36.936s
3: Epoch 50/90 - 36.936s
5: Epoch 50/90 - 36.936s
7: Epoch 50/90 - 36.936s
0: Epoch 50/90 - 36.936s
1: Epoch 51/90 - 36.283s
4: Epoch 51/90 - 36.283s
6: Epoch 51/90 - 36.283s
2: Epoch 51/90 - 36.283s
5: Epoch 51/90 - 36.283s
7: Epoch 51/90 - 36.283s
3: Epoch 51/90 - 36.283s
0: Epoch 51/90 - 36.283s
1: Epoch 52/90 - 36.369s
5: Epoch 52/90 - 36.369s
6: Epoch 52/90 - 36.369s
2: Epoch 52/90 - 36.369s
4: Epoch 52/90 - 36.369s
7: Epoch 52/90 - 36.369s
3: Epoch 52/90 - 36.369s
0: Epoch 52/90 - 36.369s
1: Epoch 53/90 - 36.275s
4: Epoch 53/90 - 36.275s
6: Epoch 53/90 - 36.275s
5: Epoch 53/90 - 36.275s
7: Epoch 53/90 - 36.275s
2: Epoch 53/90 - 36.275s
0: Epoch 53/90 - 36.275s
3: Epoch 53/90 - 36.275s
1: Epoch 54/90 - 36.380s
4: Epoch 54/90 - 36.380s
6: Epoch 54/90 - 36.380s
5: Epoch 54/90 - 36.380s
7: Epoch 54/90 - 36.380s
2: Epoch 54/90 - 36.380s
3: Epoch 54/90 - 36.380s
0: Epoch 54/90 - 36.380s
1: Epoch 55/90 - 36.479s
4: Epoch 55/90 - 36.479s
6: Epoch 55/90 - 36.479s
2: Epoch 55/90 - 36.479s
5: Epoch 55/90 - 36.479s
7: Epoch 55/90 - 36.479s
3: Epoch 55/90 - 36.479s
0: Epoch 55/90 - 36.479s
1: Epoch 56/90 - 36.705s
4: Epoch 56/90 - 36.705s
6: Epoch 56/90 - 36.705s
2: Epoch 56/90 - 36.705s
5: Epoch 56/90 - 36.705s
7: Epoch 56/90 - 36.705s
3: Epoch 56/90 - 36.705s
0: Epoch 56/90 - 36.705s
1: Epoch 57/90 - 36.795s
4: Epoch 57/90 - 36.795s
5: Epoch 57/90 - 36.795s
6: Epoch 57/90 - 36.795s
2: Epoch 57/90 - 36.795s
0: Epoch 57/90 - 36.795s
7: Epoch 57/90 - 36.795s
3: Epoch 57/90 - 36.795s
1: Epoch 58/90 - 36.797s
6: Epoch 58/90 - 36.797s
2: Epoch 58/90 - 36.797s
4: Epoch 58/90 - 36.797s
7: Epoch 58/90 - 36.797s
3: Epoch 58/90 - 36.797s
5: Epoch 58/90 - 36.797s
0: Epoch 58/90 - 36.797s
1: Epoch 59/90 - 36.403s
6: Epoch 59/90 - 36.403s
4: Epoch 59/90 - 36.403s
7: Epoch 59/90 - 36.403s
2: Epoch 59/90 - 36.403s
5: Epoch 59/90 - 36.403s
3: Epoch 59/90 - 36.403s
0: Epoch 59/90 - 36.403s
1: Epoch 60/90 - 36.235s
4: Epoch 60/90 - 36.235s
6: Epoch 60/90 - 36.235s
2: Epoch 60/90 - 36.235s
5: Epoch 60/90 - 36.235s
7: Epoch 60/90 - 36.235s
3: Epoch 60/90 - 36.235s
0: Epoch 60/90 - 36.235s
1: Epoch 61/90 - 36.289s
2: Epoch 61/90 - 36.289s
4: Epoch 61/90 - 36.289s
6: Epoch 61/90 - 36.289s
5: Epoch 61/90 - 36.289s
7: Epoch 61/90 - 36.289s
3: Epoch 61/90 - 36.289s
0: Epoch 61/90 - 36.289s
1: Epoch 62/90 - 36.847s
4: Epoch 62/90 - 36.847s
6: Epoch 62/90 - 36.847s
2: Epoch 62/90 - 36.847s
5: Epoch 62/90 - 36.847s
7: Epoch 62/90 - 36.847s
3: Epoch 62/90 - 36.847s
0: Epoch 62/90 - 36.847s
1: Epoch 63/90 - 36.491s
4: Epoch 63/90 - 36.491s
6: Epoch 63/90 - 36.491s
2: Epoch 63/90 - 36.491s
5: Epoch 63/90 - 36.491s
7: Epoch 63/90 - 36.491s
3: Epoch 63/90 - 36.491s
0: Epoch 63/90 - 36.491s
1: Epoch 64/90 - 36.697s
3: Epoch 64/90 - 36.697s
4: Epoch 64/90 - 36.697s
6: Epoch 64/90 - 36.697s
5: Epoch 64/90 - 36.697s
7: Epoch 64/90 - 36.697s
2: Epoch 64/90 - 36.697s
0: Epoch 64/90 - 36.698s
5: Epoch 65/90 - 36.526s
1: Epoch 65/90 - 36.526s
6: Epoch 65/90 - 36.526s
4: Epoch 65/90 - 36.526s
2: Epoch 65/90 - 36.526s
7: Epoch 65/90 - 36.526s
3: Epoch 65/90 - 36.526s
0: Epoch 65/90 - 36.526s
1: Epoch 66/90 - 36.701s
2: Epoch 66/90 - 36.701s
4: Epoch 66/90 - 36.701s
6: Epoch 66/90 - 36.701s
3: Epoch 66/90 - 36.701s
5: Epoch 66/90 - 36.701s
7: Epoch 66/90 - 36.701s
0: Epoch 66/90 - 36.701s
1: Epoch 67/90 - 35.923s
2: Epoch 67/90 - 35.923s
4: Epoch 67/90 - 35.923s
6: Epoch 67/90 - 35.923s
5: Epoch 67/90 - 35.923s
7: Epoch 67/90 - 35.923s
3: Epoch 67/90 - 35.923s
0: Epoch 67/90 - 35.923s
1: Epoch 68/90 - 34.465s
4: Epoch 68/90 - 34.465s
6: Epoch 68/90 - 34.465s
2: Epoch 68/90 - 34.465s
5: Epoch 68/90 - 34.465s
7: Epoch 68/90 - 34.465s
3: Epoch 68/90 - 34.465s
0: Epoch 68/90 - 34.465s
1: Epoch 69/90 - 36.186s
2: Epoch 69/90 - 36.186s
4: Epoch 69/90 - 36.186s
6: Epoch 69/90 - 36.186s
3: Epoch 69/90 - 36.186s
5: Epoch 69/90 - 36.186s
0: Epoch 69/90 - 36.186s
7: Epoch 69/90 - 36.186s
1: Epoch 70/90 - 35.780s
4: Epoch 70/90 - 35.780s
6: Epoch 70/90 - 35.780s
2: Epoch 70/90 - 35.780s
5: Epoch 70/90 - 35.780s
7: Epoch 70/90 - 35.780s
3: Epoch 70/90 - 35.780s
0: Epoch 70/90 - 35.780s
1: Epoch 71/90 - 36.258s
4: Epoch 71/90 - 36.258s
6: Epoch 71/90 - 36.258s
2: Epoch 71/90 - 36.258s
5: Epoch 71/90 - 36.258s
7: Epoch 71/90 - 36.258s
3: Epoch 71/90 - 36.258s
0: Epoch 71/90 - 36.258s
1: Epoch 72/90 - 36.414s
3: Epoch 72/90 - 36.414s
4: Epoch 72/90 - 36.414s
6: Epoch 72/90 - 36.414s
2: Epoch 72/90 - 36.414s
5: Epoch 72/90 - 36.414s
7: Epoch 72/90 - 36.414s
0: Epoch 72/90 - 36.414s
4: Epoch 73/90 - 35.709s
1: Epoch 73/90 - 35.709s
6: Epoch 73/90 - 35.709s
2: Epoch 73/90 - 35.709s
3: Epoch 73/90 - 35.709s
5: Epoch 73/90 - 35.709s
7: Epoch 73/90 - 35.709s
0: Epoch 73/90 - 35.709s
5: Epoch 74/90 - 35.590s
1: Epoch 74/90 - 35.590s
2: Epoch 74/90 - 35.590s
6: Epoch 74/90 - 35.590s
3: Epoch 74/90 - 35.590s
4: Epoch 74/90 - 35.590s
7: Epoch 74/90 - 35.590s
0: Epoch 74/90 - 35.590s
1: Epoch 75/90 - 36.844s
6: Epoch 75/90 - 36.844s
4: Epoch 75/90 - 36.844s
7: Epoch 75/90 - 36.844s
2: Epoch 75/90 - 36.844s
5: Epoch 75/90 - 36.844s
0: Epoch 75/90 - 36.844s
3: Epoch 75/90 - 36.844s
1: Epoch 76/90 - 36.597s
6: Epoch 76/90 - 36.597s
2: Epoch 76/90 - 36.597s
4: Epoch 76/90 - 36.597s
5: Epoch 76/90 - 36.597s
7: Epoch 76/90 - 36.597s
3: Epoch 76/90 - 36.597s
0: Epoch 76/90 - 36.597s
1: Epoch 77/90 - 37.159s
6: Epoch 77/90 - 37.159s
4: Epoch 77/90 - 37.159s
7: Epoch 77/90 - 37.159s
2: Epoch 77/90 - 37.159s
5: Epoch 77/90 - 37.159s
3: Epoch 77/90 - 37.159s
0: Epoch 77/90 - 37.159s
5: Epoch 78/90 - 36.826s
1: Epoch 78/90 - 36.826s
6: Epoch 78/90 - 36.826s
2: Epoch 78/90 - 36.826s
4: Epoch 78/90 - 36.826s
7: Epoch 78/90 - 36.826s
3: Epoch 78/90 - 36.826s
0: Epoch 78/90 - 36.826s
1: Epoch 79/90 - 36.180s
6: Epoch 79/90 - 36.180s
2: Epoch 79/90 - 36.180s
4: Epoch 79/90 - 36.180s
7: Epoch 79/90 - 36.180s
3: Epoch 79/90 - 36.180s
5: Epoch 79/90 - 36.180s
0: Epoch 79/90 - 36.180s
1: Epoch 80/90 - 37.180s
4: Epoch 80/90 - 37.180s
6: Epoch 80/90 - 37.180s
2: Epoch 80/90 - 37.180s
5: Epoch 80/90 - 37.180s
7: Epoch 80/90 - 37.180s
3: Epoch 80/90 - 37.180s
0: Epoch 80/90 - 37.180s
1: Epoch 81/90 - 36.846s
2: Epoch 81/90 - 36.846s
4: Epoch 81/90 - 36.846s
6: Epoch 81/90 - 36.846s
5: Epoch 81/90 - 36.846s
7: Epoch 81/90 - 36.846s
3: Epoch 81/90 - 36.846s
0: Epoch 81/90 - 36.846s
1: Epoch 82/90 - 35.851s
6: Epoch 82/90 - 35.851s
4: Epoch 82/90 - 35.851s
7: Epoch 82/90 - 35.851s
2: Epoch 82/90 - 35.851s
5: Epoch 82/90 - 35.851s
3: Epoch 82/90 - 35.851s
0: Epoch 82/90 - 35.851s
1: Epoch 83/90 - 35.684s
4: Epoch 83/90 - 35.684s
6: Epoch 83/90 - 35.684s
2: Epoch 83/90 - 35.684s
5: Epoch 83/90 - 35.684s
7: Epoch 83/90 - 35.684s
3: Epoch 83/90 - 35.684s
0: Epoch 83/90 - 35.684s
1: Epoch 84/90 - 35.802s
2: Epoch 84/90 - 35.802s
4: Epoch 84/90 - 35.802s
6: Epoch 84/90 - 35.802s
5: Epoch 84/90 - 35.802s
7: Epoch 84/90 - 35.802s
3: Epoch 84/90 - 35.802s
0: Epoch 84/90 - 35.802s
1: Epoch 85/90 - 35.959s
4: Epoch 85/90 - 35.959s
2: Epoch 85/90 - 35.959s
5: Epoch 85/90 - 35.959s
6: Epoch 85/90 - 35.959s
3: Epoch 85/90 - 35.959s
7: Epoch 85/90 - 35.959s
0: Epoch 85/90 - 35.959s
1: Epoch 86/90 - 35.421s
4: Epoch 86/90 - 35.421s
6: Epoch 86/90 - 35.421s
2: Epoch 86/90 - 35.421s
5: Epoch 86/90 - 35.421s
7: Epoch 86/90 - 35.421s
3: Epoch 86/90 - 35.421s
0: Epoch 86/90 - 35.421s
1: Epoch 87/90 - 35.820s
4: Epoch 87/90 - 35.820s
5: Epoch 87/90 - 35.820s
6: Epoch 87/90 - 35.820s
2: Epoch 87/90 - 35.820s
7: Epoch 87/90 - 35.820s
3: Epoch 87/90 - 35.820s
0: Epoch 87/90 - 35.820s
1: Epoch 88/90 - 35.900s
4: Epoch 88/90 - 35.901s
6: Epoch 88/90 - 35.900s
2: Epoch 88/90 - 35.901s
5: Epoch 88/90 - 35.900s
7: Epoch 88/90 - 35.900s
3: Epoch 88/90 - 35.900s
0: Epoch 88/90 - 35.901s
1: Epoch 89/90 - 36.295s
1: Steps per epoch: 98
1: Validation steps per epoch: 157
4: Epoch 89/90 - 36.295s
4: Steps per epoch: 98
6: Epoch 89/90 - 36.295s
2: Epoch 89/90 - 36.295s
2: Steps per epoch: 98
2: Validation steps per epoch: 157
5: Epoch 89/90 - 36.295s
5: Steps per epoch: 98
5: Validation steps per epoch: 157
1: Average time per epoch: 36.827 s
7: Epoch 89/90 - 36.295s
7: Steps per epoch: 98
7: Validation steps per epoch: 157
3: Epoch 89/90 - 36.295s
3: Steps per epoch: 98
3: Validation steps per epoch: 157
4: 
4: Validation steps per epoch: 157
6: Steps per epoch: 98
6: Validation steps per epoch: 157
2: Average time per epoch: 36.827 s
5: Average time per epoch: 36.827 s
0: Epoch 89/90 - 36.295s
7: Average time per epoch: 36.827 s
3: Average time per epoch: 36.827 s
4: Average time per epoch: 36.827 s
0: Steps per epoch: 98
0: Validation steps per epoch: 157
6: Average time per epoch: 36.827 s
0: Average time per epoch: 36.827 s
5: --- 3318.231927394867 seconds ---
2: --- 3318.256795167923 seconds ---
3: --- 3318.257336616516 seconds ---
4: --- 3318.2324550151825 seconds ---
6: --- 3318.2461235523224 seconds ---
7: --- 3318.2462799549103 seconds ---
0: --- 3318.275132417679 seconds ---
1: --- 3318.2782101631165 seconds ---
ELAPSED: 3320 seconds
End at Sun Feb 14 03:27:27 EET 2021
