WORKERS: "gpu12-ib:5555"
Start at Sun Feb 14 04:50:49 EET 2021
CUDA_VISIBLE_DEVICES: 0,1
Running on hosts: gpu12
Running on 1 nodes.
Running 2 tasks per node
Job id is 1095049
1: Number of devices per node: 2
0: Number of devices per node: 2
1: rank 1
0: rank 0
0: => creating model 'resnet50'
1: => creating model 'resnet50'
1: Epoch: [0][ 0/25]	22.715906143188477	0.32184767723083496	7.409811973571777	0.0
0: Epoch: [0][ 0/25]	22.69571876525879	0.31729960441589355	7.409811973571777	0.0
1: Epoch: [0][ 0/25]	3.0866034030914307	0.3256992995738983	3.3646621704101562	11.674360930919647
0: Epoch: [0][ 0/25]	3.0844976902008057	0.3051240146160126	3.3646621704101562	11.674360930919647
1: Epoch: [0][ 0/25]	2.1445116996765137	0.31710919737815857	4.356142997741699	12.3093381524086
0: Epoch: [0][ 0/25]	2.143364429473877	0.30309921503067017	4.356142997741699	12.3093381524086
1: Epoch 0/90 - 67.585s
0: Epoch 0/90 - 67.586s
1: Epoch: [1][ 0/25]	1.1119418144226074	0.3080403804779053	4.5536041259765625	12.01171875
0: Epoch: [1][ 0/25]	1.1153004169464111	0.3096654415130615	4.5536041259765625	12.01171875
1: Epoch: [1][ 0/25]	1.129214882850647	0.32727378606796265	3.235356330871582	16.561612486839294
0: Epoch: [1][ 0/25]	1.1297374963760376	0.3077317476272583	3.235356330871582	16.561612486839294
0: Epoch: [1][ 0/25]	1.1283674240112305	0.3066791296005249	2.7539830207824707	18.58956515789032
1: Epoch: [1][ 0/25]	1.1285812854766846	0.3246426582336426	2.7539830207824707	18.58956515789032
1: Epoch 1/90 - 33.262s
0: Epoch 1/90 - 33.262s
1: Epoch: [2][ 0/25]	1.108726978302002	0.3051419258117676	2.0432677268981934	28.3203125
0: Epoch: [2][ 0/25]	1.1148881912231445	0.30884218215942383	2.0432677268981934	28.3203125
1: Epoch: [2][ 0/25]	1.1103806495666504	0.3048389256000519	1.952174425125122	31.12127184867859
0: Epoch: [2][ 0/25]	1.1104075908660889	0.306244820356369	1.952174425125122	31.12127184867859
1: Epoch: [2][ 0/25]	1.1112563610076904	0.30509626865386963	1.9098587036132812	32.78692364692688
0: Epoch: [2][ 0/25]	1.1117491722106934	0.3057170510292053	1.9098587036132812	32.78692364692688
1: Epoch 2/90 - 32.716s
0: Epoch 2/90 - 32.716s
1: Epoch: [3][ 0/25]	1.1337611675262451	0.32633543014526367	1.7274057865142822	39.0625
0: Epoch: [3][ 0/25]	1.1435701847076416	0.3096911907196045	1.7274057865142822	39.0625
1: Epoch: [3][ 0/25]	1.1128119230270386	0.3080695569515228	1.7129192352294922	39.413174986839294
0: Epoch: [3][ 0/25]	1.1134339570999146	0.3070785701274872	1.7129192352294922	39.413174986839294
1: Epoch: [3][ 0/25]	1.1101270914077759	0.30725544691085815	1.699651837348938	40.34365713596344
0: Epoch: [3][ 0/25]	1.110403299331665	0.30666384100914	1.699651837348938	40.34365713596344
1: Epoch 3/90 - 32.703s
0: Epoch 3/90 - 32.703s
0: Epoch: [4][ 0/25]	1.1080498695373535	0.3104281425476074	1.5979986190795898	44.3359375
1: Epoch: [4][ 0/25]	1.1104483604431152	0.3082420825958252	1.5979986190795898	44.3359375
1: Epoch: [4][ 0/25]	1.1087636947631836	0.30655476450920105	1.552294135093689	45.49005627632141
0: Epoch: [4][ 0/25]	1.1093875169754028	0.3050353527069092	1.552294135093689	45.49005627632141
1: Epoch: [4][ 0/25]	1.1094789505004883	0.3061610758304596	1.5606598854064941	45.67522406578064
0: Epoch: [4][ 0/25]	1.1097646951675415	0.305137038230896	1.5606598854064941	45.67522406578064
1: Epoch 4/90 - 32.682s
0: Epoch 4/90 - 32.682s
1: Epoch: [5][ 0/25]	1.109562873840332	0.30741429328918457	1.499741554260254	50.048828125
0: Epoch: [5][ 0/25]	1.1144497394561768	0.3071753978729248	1.499741554260254	50.048828125
1: Epoch: [5][ 0/25]	1.107688069343567	0.30495592951774597	1.502116322517395	50.03551244735718
0: Epoch: [5][ 0/25]	1.108712077140808	0.3024800419807434	1.502116322517395	50.03551244735718
1: Epoch: [5][ 0/25]	1.111547589302063	0.3047322630882263	1.4945799112319946	49.88839328289032
0: Epoch: [5][ 0/25]	1.1119171380996704	0.3040177524089813	1.4945799112319946	49.88839328289032
0: 
1: Epoch 5/90 - 32.703s
0: Epoch 5/90 - 32.703s
1: Epoch: [6][ 0/25]	1.1051733493804932	0.30706119537353516	1.3142706155776978	55.615234375
0: Epoch: [6][ 0/25]	1.1108636856079102	0.3109099864959717	1.3142706155776978	55.615234375
1: Epoch: [6][ 0/25]	1.1106101274490356	0.3045194447040558	1.368857979774475	54.57208752632141
0: Epoch: [6][ 0/25]	1.1110509634017944	0.3049468696117401	1.368857979774475	54.57208752632141
1: Epoch: [6][ 0/25]	1.1146631240844727	0.3044918477535248	1.3489065170288086	54.3829083442688
0: Epoch: [6][ 0/25]	1.114784836769104	0.30884870886802673	1.3489065170288086	54.3829083442688
1: Epoch 6/90 - 32.763s
0: Epoch 6/90 - 32.763s
1: Epoch: [7][ 0/25]	1.1066501140594482	0.30926036834716797	1.3376866579055786	52.001953125
0: Epoch: [7][ 0/25]	1.1148436069488525	0.30013060569763184	1.3376866579055786	52.001953125
1: Epoch: [7][ 0/25]	1.1154394149780273	0.30535170435905457	1.3334327936172485	53.99059057235718
0: Epoch: [7][ 0/25]	1.1164147853851318	0.30599090456962585	1.3334327936172485	53.99059057235718
1: Epoch: [7][ 0/25]	1.1157701015472412	0.3052929639816284	1.331601619720459	54.12248969078064
0: Epoch: [7][ 0/25]	1.1162556409835815	0.30559152364730835	1.331601619720459	54.12248969078064
1: Epoch 7/90 - 32.786s
0: Epoch 7/90 - 32.786s
1: Epoch: [8][ 0/25]	1.1175365447998047	0.3093862533569336	1.2496072053909302	58.88671875
0: Epoch: [8][ 0/25]	1.126985788345337	0.30862975120544434	1.2496072053909302	58.88671875
0: Epoch: [8][ 0/25]	1.1485213041305542	0.3070465326309204	1.1894584894180298	58.829015493392944
1: Epoch: [8][ 0/25]	1.1487414836883545	0.33707526326179504	1.1894584894180298	58.829015493392944
1: Epoch: [8][ 0/25]	1.1592044830322266	0.34690314531326294	1.1924140453338623	59.23316478729248
0: Epoch: [8][ 0/25]	1.1593444347381592	0.3078058362007141	1.1924140453338623	59.23316478729248
1: Epoch 8/90 - 34.486s
0: Epoch 8/90 - 34.487s
1: Epoch: [9][ 0/25]	1.18605637550354	0.366131067276001	1.0913630723953247	64.990234375
0: Epoch: [9][ 0/25]	1.1896002292633057	0.30590271949768066	1.0913630723953247	64.990234375
1: Epoch: [9][ 0/25]	1.1612129211425781	0.3416913151741028	1.0489330291748047	64.12464380264282
0: Epoch: [9][ 0/25]	1.1615357398986816	0.3032689392566681	1.0489330291748047	64.12464380264282
1: Epoch: [9][ 0/25]	1.14042067527771	0.3258616030216217	1.0913971662521362	63.43470811843872
0: Epoch: [9][ 0/25]	1.1405038833618164	0.2985246181488037	1.0913971662521362	63.43470811843872
0: 
1: Epoch 9/90 - 33.398s
0: Epoch 9/90 - 33.398s
0: Epoch: [10][ 0/25]	1.1097383499145508	0.30060863494873047	1.0610545873641968	64.306640625
1: Epoch: [10][ 0/25]	1.1155381202697754	0.3108034133911133	1.0610545873641968	64.306640625
0: Epoch: [10][ 0/25]	1.1362141370773315	0.3007802963256836	1.0550223588943481	64.48863744735718
1: Epoch: [10][ 0/25]	1.1368919610977173	0.3364677429199219	1.0550223588943481	64.48863744735718
1: Epoch: [10][ 0/25]	1.124079942703247	0.3260827660560608	1.0429103374481201	64.5321786403656
0: Epoch: [10][ 0/25]	1.1241285800933838	0.3018723130226135	1.0429103374481201	64.5321786403656
1: Epoch 10/90 - 32.904s
0: Epoch 10/90 - 32.904s
1: Epoch: [11][ 0/25]	1.1158223152160645	0.3051261901855469	0.9079954028129578	68.9453125
0: Epoch: [11][ 0/25]	1.1178770065307617	0.3036823272705078	0.9079954028129578	68.9453125
1: Epoch: [11][ 0/25]	1.112831950187683	0.3029029071331024	0.8840677738189697	69.13618445396423
0: Epoch: [11][ 0/25]	1.1131653785705566	0.29982277750968933	0.8840677738189697	69.13618445396423
1: Epoch: [11][ 0/25]	1.1130597591400146	0.30253922939300537	0.8809228539466858	69.32198405265808
0: Epoch: [11][ 0/25]	1.11338210105896	0.2996300160884857	0.8809228539466858	69.32198405265808
1: Epoch 11/90 - 32.700s
0: Epoch 11/90 - 32.700s
1: Epoch: [12][ 0/25]	1.1163957118988037	0.3052206039428711	0.7288753986358643	74.462890625
0: Epoch: [12][ 0/25]	1.1220064163208008	0.304340124130249	0.7288753986358643	74.462890625
1: Epoch: [12][ 0/25]	1.1263912916183472	0.31617000699043274	0.7893920540809631	73.51295948028564
0: Epoch: [12][ 0/25]	1.1264498233795166	0.30269935727119446	0.7893920540809631	73.51295948028564
0: Epoch: [12][ 0/25]	1.1449062824249268	0.30216822028160095	0.7897334098815918	73.23288917541504
1: Epoch: [12][ 0/25]	1.145184874534607	0.33404409885406494	0.7897334098815918	73.23288917541504
1: Epoch 12/90 - 34.195s
0: Epoch 12/90 - 34.195s
0: Epoch: [13][ 0/25]	1.173487901687622	0.30130743980407715	0.5657947659492493	79.8828125
1: Epoch: [13][ 0/25]	1.178072452545166	0.36574292182922363	0.5657947659492493	79.8828125
1: Epoch: [13][ 0/25]	1.1495882272720337	0.3372979164123535	0.6566320061683655	77.12180614471436
0: Epoch: [13][ 0/25]	1.1496148109436035	0.3008113205432892	0.6566320061683655	77.12180614471436
0: Epoch: [13][ 0/25]	1.139478087425232	0.3008149564266205	0.670616865158081	76.58342719078064
1: Epoch: [13][ 0/25]	1.1396639347076416	0.33078470826148987	0.670616865158081	76.58342719078064
1: Epoch 13/90 - 33.322s
0: Epoch 13/90 - 33.323s
1: Epoch: [14][ 0/25]	1.1139686107635498	0.30930066108703613	0.6345870494842529	81.787109375
0: Epoch: [14][ 0/25]	1.1194782257080078	0.2984805107116699	0.6345870494842529	81.787109375
1: Epoch: [14][ 0/25]	1.1141282320022583	0.30659011006355286	0.6126789450645447	80.01154065132141
0: Epoch: [14][ 0/25]	1.1147737503051758	0.30003178119659424	0.6126789450645447	80.01154065132141
1: Epoch: [14][ 0/25]	1.1126130819320679	0.3075830042362213	0.620763897895813	79.2852520942688
0: Epoch: [14][ 0/25]	1.112928032875061	0.2998664379119873	0.620763897895813	79.2852520942688
1: Epoch 14/90 - 32.715s
0: Epoch 14/90 - 32.715s
1: Epoch: [15][ 0/25]	1.110459566116333	0.31096959114074707	0.5831946134567261	82.51953125
0: Epoch: [15][ 0/25]	1.1130726337432861	0.3030557632446289	0.5831946134567261	82.51953125
1: Epoch: [15][ 0/25]	1.1122783422470093	0.3080301880836487	0.5873531103134155	80.42879700660706
0: Epoch: [15][ 0/25]	1.1126911640167236	0.30058130621910095	0.5873531103134155	80.42879700660706
1: Epoch: [15][ 0/25]	1.1116831302642822	0.3079569339752197	0.584934651851654	80.2850604057312
0: Epoch: [15][ 0/25]	1.112103819847107	0.3012491464614868	0.584934651851654	80.2850604057312
1: Epoch 15/90 - 32.693s
0: Epoch 15/90 - 32.693s
1: Epoch: [16][ 0/25]	1.1098110675811768	0.3108677864074707	0.39758291840553284	85.888671875
0: Epoch: [16][ 0/25]	1.1147079467773438	0.2929518222808838	0.39758291840553284	85.888671875
1: Epoch: [16][ 0/25]	1.111733317375183	0.30832722783088684	0.46213626861572266	84.38831567764282
0: Epoch: [16][ 0/25]	1.112714409828186	0.29882729053497314	0.46213626861572266	84.38831567764282
1: Epoch: [16][ 0/25]	1.1120080947875977	0.30895963311195374	0.4905253052711487	83.65885615348816
0: Epoch: [16][ 0/25]	1.1124484539031982	0.2988382875919342	0.4905253052711487	83.65885615348816
1: Epoch 16/90 - 32.722s
0: Epoch 16/90 - 32.722s
1: Epoch: [17][ 0/25]	1.123258113861084	0.31070590019226074	0.394689679145813	86.962890625
0: Epoch: [17][ 0/25]	1.1307299137115479	0.30095958709716797	0.394689679145813	86.962890625
1: Epoch: [17][ 0/25]	1.1150057315826416	0.3079984188079834	0.43211641907691956	85.60014367103577
0: Epoch: [17][ 0/25]	1.1152300834655762	0.29880961775779724	0.43211641907691956	85.60014367103577
1: Epoch: [17][ 0/25]	1.1134686470031738	0.3078598380088806	0.43446430563926697	85.47014594078064
0: Epoch: [17][ 0/25]	1.113572120666504	0.29589468240737915	0.43446430563926697	85.47014594078064
1: Epoch 17/90 - 32.759s
0: Epoch 17/90 - 32.759s
1: Epoch: [18][ 0/25]	1.118584394454956	0.3106377124786377	0.3676697611808777	89.306640625
0: Epoch: [18][ 0/25]	1.129286289215088	0.3015468120574951	0.3676697611808777	89.306640625
1: Epoch: [18][ 0/25]	1.114037275314331	0.3096936047077179	0.4060758650302887	86.92737817764282
0: Epoch: [18][ 0/25]	1.1145188808441162	0.29990383982658386	0.4060758650302887	86.92737817764282
1: Epoch: [18][ 0/25]	1.1122665405273438	0.30886486172676086	0.432279497385025	86.13978624343872
0: Epoch: [18][ 0/25]	1.1125822067260742	0.29956841468811035	0.432279497385025	86.13978624343872
1: Epoch 18/90 - 32.714s
0: Epoch 18/90 - 32.714s
1: Epoch: [19][ 0/25]	1.114701271057129	0.3112032413482666	0.29630976915359497	89.55078125
0: Epoch: [19][ 0/25]	1.1256694793701172	0.29758358001708984	0.29630976915359497	89.55078125
1: Epoch: [19][ 0/25]	1.1068835258483887	0.30837076902389526	0.34356024861335754	88.16583752632141
0: Epoch: [19][ 0/25]	1.107086181640625	0.298577219247818	0.34356024861335754	88.16583752632141
1: Epoch: [19][ 0/25]	1.1084131002426147	0.30808794498443604	0.34466224908828735	88.1533682346344
0: Epoch: [19][ 0/25]	1.1086134910583496	0.29824894666671753	0.34466224908828735	88.1533682346344
1: Epoch 19/90 - 32.638s
0: Epoch 19/90 - 32.638s
1: Epoch: [20][ 0/25]	1.115206003189087	0.31099963188171387	0.232058584690094	92.67578125
0: Epoch: [20][ 0/25]	1.1220731735229492	0.30132436752319336	0.232058584690094	92.67578125
0: Epoch: [20][ 0/25]	1.1133500337600708	0.29886266589164734	0.28090861439704895	90.73597192764282
1: Epoch: [20][ 0/25]	1.1134541034698486	0.30988356471061707	0.28090861439704895	90.73597192764282
1: Epoch: [20][ 0/25]	1.1116969585418701	0.30871859192848206	0.2883949279785156	90.29948115348816
0: Epoch: [20][ 0/25]	1.1119941473007202	0.29953455924987793	0.2883949279785156	90.29948115348816
1: Epoch 20/90 - 32.714s
0: Epoch 20/90 - 32.714s
1: Epoch: [21][ 0/25]	1.1213228702545166	0.3110618591308594	0.2128315567970276	92.7734375
0: Epoch: [21][ 0/25]	1.1280748844146729	0.3012518882751465	0.2128315567970276	92.7734375
1: Epoch: [21][ 0/25]	1.1085295677185059	0.30807769298553467	0.26552674174308777	91.17542505264282
0: Epoch: [21][ 0/25]	1.1089987754821777	0.2993513345718384	0.26552674174308777	91.17542505264282
1: Epoch: [21][ 0/25]	1.1082173585891724	0.3078964650630951	0.2859588861465454	90.55059552192688
0: Epoch: [21][ 0/25]	1.1085025072097778	0.30052649974823	0.2859588861465454	90.55059552192688
1: Epoch 21/90 - 32.640s
0: Epoch 21/90 - 32.640s
1: Epoch: [22][ 0/25]	1.1138637065887451	0.3109731674194336	0.20826654136180878	92.919921875
0: Epoch: [22][ 0/25]	1.124197006225586	0.3043212890625	0.20826654136180878	92.919921875
0: Epoch: [22][ 0/25]	1.1120718717575073	0.3005368113517761	0.2564675509929657	91.29083752632141
1: Epoch: [22][ 0/25]	1.1124424934387207	0.3097417652606964	0.2564675509929657	91.29083752632141
1: Epoch: [22][ 0/25]	1.1113101243972778	0.3087829053401947	0.2602623701095581	91.18536114692688
0: Epoch: [22][ 0/25]	1.1117101907730103	0.30030354857444763	0.2602623701095581	91.18536114692688
1: Epoch 22/90 - 32.679s
0: Epoch 22/90 - 32.679s
0: Epoch: [23][ 0/25]	1.1115269660949707	0.30103540420532227	0.1723785698413849	94.091796875
1: Epoch: [23][ 0/25]	1.1129639148712158	0.31043410301208496	0.1723785698413849	94.091796875
1: Epoch: [23][ 0/25]	1.1120833158493042	0.3082507848739624	0.2289884239435196	92.20969676971436
0: Epoch: [23][ 0/25]	1.1121822595596313	0.29779917001724243	0.2289884239435196	92.20969676971436
1: Epoch: [23][ 0/25]	1.113990306854248	0.3080116808414459	0.249075248837471	91.74107313156128
0: Epoch: [23][ 0/25]	1.1142724752426147	0.2997276186943054	0.249075248837471	91.74107313156128
1: Epoch 23/90 - 32.794s
0: Epoch 23/90 - 32.794s
1: Epoch: [24][ 0/25]	1.1306567192077637	0.31058192253112793	0.16025936603546143	95.01953125
0: Epoch: [24][ 0/25]	1.1357645988464355	0.3047349452972412	0.16025936603546143	95.01953125
1: Epoch: [24][ 0/25]	1.1228995323181152	0.30998340249061584	0.19221200048923492	93.83878111839294
0: Epoch: [24][ 0/25]	1.1233587265014648	0.300256609916687	0.19221200048923492	93.83878111839294
1: Epoch: [24][ 0/25]	1.1243104934692383	0.3087378144264221	0.21103858947753906	93.1454598903656
0: Epoch: [24][ 0/25]	1.1247659921646118	0.30090391635894775	0.21103858947753906	93.1454598903656
1: Epoch 24/90 - 33.044s
0: Epoch 24/90 - 33.044s
1: Epoch: [25][ 0/25]	1.1322910785675049	0.3108022212982178	0.18178343772888184	95.166015625
0: Epoch: [25][ 0/25]	1.1350822448730469	0.29781174659729004	0.18178343772888184	95.166015625
1: Epoch: [25][ 0/25]	1.1244624853134155	0.3080591857433319	0.20419645309448242	93.32830309867859
0: Epoch: [25][ 0/25]	1.1247819662094116	0.2975674271583557	0.20419645309448242	93.32830309867859
1: Epoch: [25][ 0/25]	1.1222513914108276	0.3079240024089813	0.19960705935955048	93.5430645942688
0: Epoch: [25][ 0/25]	1.1225130558013916	0.2987719476222992	0.19960705935955048	93.5430645942688
1: Epoch 25/90 - 32.990s
0: Epoch 25/90 - 32.990s
1: Epoch: [26][ 0/25]	1.1269378662109375	0.3111116886138916	0.1201944649219513	95.60546875
0: Epoch: [26][ 0/25]	1.132622241973877	0.30394816398620605	0.1201944649219513	95.60546875
1: Epoch: [26][ 0/25]	1.1235331296920776	0.3085780143737793	0.1909872144460678	94.50461864471436
0: Epoch: [26][ 0/25]	1.1239501237869263	0.30113402009010315	0.1909872144460678	94.50461864471436
1: Epoch: [26][ 0/25]	1.1206462383270264	0.3084999620914459	0.1937871277332306	93.93833875656128
0: Epoch: [26][ 0/25]	1.1207222938537598	0.3006056249141693	0.1937871277332306	93.93833875656128
1: Epoch 26/90 - 32.913s
0: Epoch 26/90 - 32.913s
0: 
1: Epoch: [27][ 0/25]	1.1227505207061768	0.31045985221862793	0.12664170563220978	95.5078125
0: Epoch: [27][ 0/25]	1.133368730545044	0.30352187156677246	0.12664170563220978	95.5078125
1: Epoch: [27][ 0/25]	1.12183678150177	0.30811530351638794	0.17979778349399567	94.38920617103577
0: Epoch: [27][ 0/25]	1.1220961809158325	0.3034740686416626	0.17979778349399567	94.38920617103577
1: Epoch: [27][ 0/25]	1.1203733682632446	0.307993084192276	0.17736013233661652	94.17317509651184
0: Epoch: [27][ 0/25]	1.1205319166183472	0.3021831214427948	0.17736013233661652	94.17317509651184
1: Epoch 27/90 - 32.880s
0: Epoch 27/90 - 32.880s
1: Epoch: [28][ 0/25]	1.1297802925109863	0.31047582626342773	0.1148977056145668	96.38671875
0: Epoch: [28][ 0/25]	1.1326839923858643	0.30200767517089844	0.1148977056145668	96.38671875
1: Epoch: [28][ 0/25]	1.137467622756958	0.3234098255634308	0.136372908949852	95.35245299339294
0: Epoch: [28][ 0/25]	1.138441562652588	0.300507128238678	0.136372908949852	95.35245299339294
1: Epoch: [28][ 0/25]	1.126919150352478	0.3149023950099945	0.14472350478172302	95.22414207458496
0: Epoch: [28][ 0/25]	1.1271476745605469	0.29921090602874756	0.14472350478172302	95.22414207458496
1: Epoch 28/90 - 33.061s
0: Epoch 28/90 - 33.061s
1: Epoch: [29][ 0/25]	1.131592035293579	0.3088815212249756	0.11836586892604828	96.533203125
0: Epoch: [29][ 0/25]	1.142122507095337	0.304548978805542	0.11836586892604828	96.533203125
1: Epoch: [29][ 0/25]	1.126538634300232	0.3058165907859802	0.12686175107955933	96.142578125
0: Epoch: [29][ 0/25]	1.1270805597305298	0.30107662081718445	0.12686175107955933	96.142578125
1: Epoch: [29][ 0/25]	1.1247974634170532	0.3055998980998993	0.12361457198858261	96.0565447807312
0: Epoch: [29][ 0/25]	1.1253198385238647	0.30038928985595703	0.12361457198858261	96.0565447807312
1: Epoch 29/90 - 33.001s
0: Epoch 29/90 - 33.001s
1: Epoch: [30][ 0/25]	1.10310959815979	0.30858874320983887	0.06628028303384781	98.193359375
0: Epoch: [30][ 0/25]	1.112708568572998	0.3012354373931885	0.06628028303384781	98.193359375
1: Epoch: [30][ 0/25]	1.109460711479187	0.30638572573661804	0.07250221818685532	97.64293432235718
0: Epoch: [30][ 0/25]	1.109856128692627	0.29986506700515747	0.07250221818685532	97.64293432235718
1: Epoch: [30][ 0/25]	1.1103343963623047	0.3061709702014923	0.06187575310468674	98.04919958114624
0: Epoch: [30][ 0/25]	1.1103794574737549	0.30022817850112915	0.06187575310468674	98.04919958114624
1: Epoch 30/90 - 32.656s
0: Epoch 30/90 - 32.656s
1: Epoch: [31][ 0/25]	1.108743667602539	0.3082728385925293	0.03723742067813873	99.072265625
0: Epoch: [31][ 0/25]	1.1133358478546143	0.3032379150390625	0.03723742067813873	99.072265625
1: Epoch: [31][ 0/25]	1.1096515655517578	0.3057999014854431	0.029043374583125114	99.30753111839294
0: Epoch: [31][ 0/25]	1.110142707824707	0.29959848523139954	0.029043374583125114	99.30753111839294
1: Epoch: [31][ 0/25]	1.1104700565338135	0.3057257831096649	0.028545498847961426	99.28153157234192
0: Epoch: [31][ 0/25]	1.110640287399292	0.29913875460624695	0.028545498847961426	99.28153157234192
1: Epoch 31/90 - 32.685s
0: Epoch 31/90 - 32.686s
1: Epoch: [32][ 0/25]	1.107130527496338	0.3089020252227783	0.02078632079064846	99.609375
0: Epoch: [32][ 0/25]	1.108034610748291	0.3015751838684082	0.02078632079064846	99.609375
1: Epoch: [32][ 0/25]	1.1093281507492065	0.3056623339653015	0.024797845631837845	99.38299059867859
0: Epoch: [32][ 0/25]	1.10967218875885	0.2973064184188843	0.024797845631837845	99.38299059867859
1: Epoch: [32][ 0/25]	1.1086814403533936	0.30543678998947144	0.023790325969457626	99.42103624343872
0: Epoch: [32][ 0/25]	1.108667254447937	0.2954190969467163	0.023790325969457626	99.42103624343872
1: Epoch 32/90 - 33.289s
0: Epoch 32/90 - 33.289s
1: Epoch: [33][ 0/25]	1.1731452941894531	0.36710524559020996	0.023511093109846115	99.462890625
0: Epoch: [33][ 0/25]	1.1774225234985352	0.3019993305206299	0.023511093109846115	99.462890625
1: Epoch: [33][ 0/25]	1.151530385017395	0.34386634826660156	0.022544438019394875	99.47620630264282
0: Epoch: [33][ 0/25]	1.1516693830490112	0.296936571598053	0.022544438019394875	99.47620630264282
1: Epoch: [33][ 0/25]	1.1352980136871338	0.32941967248916626	0.020849205553531647	99.51636791229248
0: Epoch: [33][ 0/25]	1.1354761123657227	0.29636675119400024	0.020849205553531647	99.51636791229248
1: Epoch 33/90 - 33.247s
0: Epoch 33/90 - 33.247s
0: Epoch: [34][ 0/25]	1.110259771347046	0.2984793186187744	0.012264443561434746	99.755859375
1: Epoch: [34][ 0/25]	1.1152820587158203	0.31026673316955566	0.012264443561434746	99.755859375
1: Epoch: [34][ 0/25]	1.1170722246170044	0.3113132417201996	0.015299970284104347	99.65376257896423
0: Epoch: [34][ 0/25]	1.1172305345535278	0.29657500982284546	0.015299970284104347	99.65376257896423
0: Epoch: [34][ 0/25]	1.118145227432251	0.29821592569351196	0.01636682078242302	99.61634874343872
1: Epoch: [34][ 0/25]	1.118557095527649	0.31232792139053345	0.01636682078242302	99.61634874343872
1: Epoch 34/90 - 33.609s
0: Epoch 34/90 - 33.609s
1: Epoch: [35][ 0/25]	1.180415153503418	0.3667867183685303	0.0151055958122015	99.51171875
0: Epoch: [35][ 0/25]	1.1800267696380615	0.2998318672180176	0.0151055958122015	99.51171875
0: Epoch: [35][ 0/25]	1.1585688591003418	0.29747167229652405	0.018992416560649872	99.57386255264282
1: Epoch: [35][ 0/25]	1.1600261926651	0.35276007652282715	0.018992416560649872	99.57386255264282
1: Epoch: [35][ 0/25]	1.1525347232818604	0.3453149199485779	0.01780782826244831	99.58612322807312
0: Epoch: [35][ 0/25]	1.153044581413269	0.2965848445892334	0.01780782826244831	99.58612322807312
1: Epoch 35/90 - 33.563s
0: Epoch 35/90 - 33.563s
1: Epoch: [36][ 0/25]	1.115523338317871	0.3110489845275879	0.01389345433562994	99.609375
0: Epoch: [36][ 0/25]	1.1194102764129639	0.3018026351928711	0.01389345433562994	99.609375
1: Epoch: [36][ 0/25]	1.1095900535583496	0.30859777331352234	0.018169164657592773	99.57386255264282
0: Epoch: [36][ 0/25]	1.1099283695220947	0.2986341118812561	0.018169164657592773	99.57386255264282
1: Epoch: [36][ 0/25]	1.1108890771865845	0.30848726630210876	0.016604352742433548	99.64890480041504
0: Epoch: [36][ 0/25]	1.1112165451049805	0.29922062158584595	0.016604352742433548	99.64890480041504
1: Epoch 36/90 - 32.690s
0: Epoch 36/90 - 32.690s
1: Epoch: [37][ 0/25]	1.10853910446167	0.3104894161224365	0.012785869650542736	99.658203125
0: Epoch: [37][ 0/25]	1.1145517826080322	0.3006556034088135	0.012785869650542736	99.658203125
1: Epoch: [37][ 0/25]	1.111280083656311	0.30843061208724976	0.013539641164243221	99.64488744735718
0: Epoch: [37][ 0/25]	1.1115859746932983	0.2955945134162903	0.013539641164243221	99.64488744735718
1: Epoch: [37][ 0/25]	1.112341284751892	0.3090503215789795	0.01486002653837204	99.64424967765808
0: Epoch: [37][ 0/25]	1.112597942352295	0.2943662703037262	0.01486002653837204	99.64424967765808
1: Epoch 37/90 - 32.728s
0: Epoch 37/90 - 32.728s
1: Epoch: [38][ 0/25]	1.1139442920684814	0.31076955795288086	0.016125760972499847	99.462890625
0: Epoch: [38][ 0/25]	1.122957706451416	0.29671812057495117	0.016125760972499847	99.462890625
1: Epoch: [38][ 0/25]	1.1142114400863647	0.3080403506755829	0.012254909612238407	99.70259070396423
0: Epoch: [38][ 0/25]	1.1150147914886475	0.29560330510139465	0.012254909612238407	99.70259070396423
1: Epoch: [38][ 0/25]	1.1140122413635254	0.30794277787208557	0.012664987705647945	99.71400499343872
0: Epoch: [38][ 0/25]	1.1141982078552246	0.2969329357147217	0.012664987705647945	99.71400499343872
1: Epoch 38/90 - 32.818s
0: Epoch 38/90 - 32.818s
1: Epoch: [39][ 0/25]	1.120492696762085	0.31115055084228516	0.014681627973914146	99.560546875
0: Epoch: [39][ 0/25]	1.1233863830566406	0.29370760917663574	0.014681627973914146	99.560546875
0: Epoch: [39][ 0/25]	1.1203036308288574	0.29195868968963623	0.012878998182713985	99.66264367103577
1: Epoch: [39][ 0/25]	1.12078058719635	0.3081724941730499	0.012878998182713985	99.66264367103577
0: Epoch: [39][ 0/25]	1.1240460872650146	0.29289281368255615	0.01344972848892212	99.69773292541504
1: Epoch: [39][ 0/25]	1.1242115497589111	0.3115258514881134	0.01344972848892212	99.69773292541504
1: Epoch 39/90 - 33.039s
0: Epoch 39/90 - 33.039s
1: Epoch: [40][ 0/25]	1.131864070892334	0.3152291774749756	0.01026821881532669	99.70703125
0: Epoch: [40][ 0/25]	1.1340579986572266	0.29552745819091797	0.01026821881532669	99.70703125
1: Epoch: [40][ 0/25]	1.1266034841537476	0.3127939999103546	0.011425943113863468	99.73810315132141
0: Epoch: [40][ 0/25]	1.126772403717041	0.2950473129749298	0.011425943113863468	99.73810315132141
1: Epoch: [40][ 0/25]	1.1268724203109741	0.31213289499282837	0.012249466963112354	99.70703125
0: Epoch: [40][ 0/25]	1.1271048784255981	0.29407933354377747	0.012249466963112354	99.70703125
1: Epoch 40/90 - 33.112s
0: Epoch 40/90 - 33.112s
1: Epoch: [41][ 0/25]	1.138885259628296	0.3144357204437256	0.01111646182835102	99.70703125
0: Epoch: [41][ 0/25]	1.1407723426818848	0.295025110244751	0.01111646182835102	99.70703125
1: Epoch: [41][ 0/25]	1.1266402006149292	0.3144032657146454	0.011687380261719227	99.76473450660706
0: Epoch: [41][ 0/25]	1.1270087957382202	0.2925242483615875	0.011687380261719227	99.76473450660706
1: Epoch: [41][ 0/25]	1.1227710247039795	0.31205666065216064	0.011552541516721249	99.7442364692688
0: Epoch: [41][ 0/25]	1.1228582859039307	0.2921915352344513	0.011552541516721249	99.7442364692688
1: Epoch 41/90 - 33.048s
0: Epoch 41/90 - 33.048s
1: Epoch: [42][ 0/25]	1.1145222187042236	0.3174314498901367	0.015333982184529305	99.609375
0: Epoch: [42][ 0/25]	1.1198399066925049	0.2945230007171631	0.015333982184529305	99.609375
1: Epoch: [42][ 0/25]	1.1181267499923706	0.31207576394081116	0.012424132786691189	99.74254369735718
0: Epoch: [42][ 0/25]	1.118383765220642	0.29195165634155273	0.012424132786691189	99.74254369735718
1: Epoch: [42][ 0/25]	1.121312141418457	0.3118181526660919	0.011569828726351261	99.75121021270752
0: Epoch: [42][ 0/25]	1.121477723121643	0.2917444705963135	0.011569828726351261	99.75121021270752
1: Epoch 42/90 - 33.159s
0: Epoch 42/90 - 33.159s
1: Epoch: [43][ 0/25]	1.1364986896514893	0.3172187805175781	0.013028385117650032	99.70703125
0: Epoch: [43][ 0/25]	1.1417758464813232	0.29461216926574707	0.013028385117650032	99.70703125
1: Epoch: [43][ 0/25]	1.1262999773025513	0.31436634063720703	0.00896457489579916	99.81800317764282
0: Epoch: [43][ 0/25]	1.1266655921936035	0.29242652654647827	0.00896457489579916	99.81800317764282
0: Epoch: [43][ 0/25]	1.120153784751892	0.2932242751121521	0.010047069750726223	99.76050853729248
1: Epoch: [43][ 0/25]	1.1202994585037231	0.30963006615638733	0.010047069750726223	99.76050853729248
1: Epoch 43/90 - 33.099s
0: Epoch 43/90 - 33.099s
1: Epoch: [44][ 0/25]	1.1246261596679688	0.3115253448486328	0.008246511220932007	99.853515625
0: Epoch: [44][ 0/25]	1.1264231204986572	0.29746270179748535	0.008246511220932007	99.853515625
1: Epoch: [44][ 0/25]	1.1184872388839722	0.3091371953487396	0.010621955618262291	99.79581236839294
0: Epoch: [44][ 0/25]	1.1186946630477905	0.2949831485748291	0.010621955618262291	99.79581236839294
0: Epoch: [44][ 0/25]	1.1183807849884033	0.2946324944496155	0.010864883661270142	99.75818395614624
1: Epoch: [44][ 0/25]	1.1185705661773682	0.30894359946250916	0.010864883661270142	99.75818395614624
1: Epoch 44/90 - 32.938s
0: Epoch 44/90 - 32.938s
1: Epoch: [45][ 0/25]	1.1229310035705566	0.31169915199279785	0.009706186130642891	99.8046875
0: Epoch: [45][ 0/25]	1.1261706352233887	0.2970163822174072	0.009706186130642891	99.8046875
1: Epoch: [45][ 0/25]	1.1222927570343018	0.31045663356781006	0.010345377959311008	99.73810315132141
0: Epoch: [45][ 0/25]	1.1222543716430664	0.29412370920181274	0.010345377959311008	99.73810315132141
1: Epoch: [45][ 0/25]	1.1170660257339478	0.3074358105659485	0.00958446878939867	99.7674822807312
0: Epoch: [45][ 0/25]	1.117317795753479	0.2938660979270935	0.00958446878939867	99.7674822807312
1: Epoch 45/90 - 32.805s
0: Epoch 45/90 - 32.805s
1: Epoch: [46][ 0/25]	1.111374855041504	0.3066384792327881	0.007253690622746944	99.8046875
0: Epoch: [46][ 0/25]	1.1175365447998047	0.29732537269592285	0.007253690622746944	99.8046875
1: Epoch: [46][ 0/25]	1.107211947441101	0.3041522800922394	0.008670482784509659	99.77361559867859
0: Epoch: [46][ 0/25]	1.107467770576477	0.2942734360694885	0.008670482784509659	99.77361559867859
0: Epoch: [46][ 0/25]	1.118664264678955	0.2940642535686493	0.008527400903403759	99.80701208114624
1: Epoch: [46][ 0/25]	1.11887788772583	0.31288695335388184	0.008527400903403759	99.80701208114624
1: Epoch 46/90 - 32.897s
0: Epoch 46/90 - 32.897s
1: Epoch: [47][ 0/25]	1.133683681488037	0.32439208030700684	0.0065236566588282585	99.853515625
0: Epoch: [47][ 0/25]	1.1358745098114014	0.2967979907989502	0.0065236566588282585	99.853515625
1: Epoch: [47][ 0/25]	1.1139699220657349	0.3056131899356842	0.008893245831131935	99.8046875
0: Epoch: [47][ 0/25]	1.1145201921463013	0.29372093081474304	0.008893245831131935	99.8046875
1: Epoch: [47][ 0/25]	1.112626552581787	0.30425944924354553	0.008134604431688786	99.81398582458496
0: Epoch: [47][ 0/25]	1.1128835678100586	0.2946326732635498	0.008134604431688786	99.81398582458496
1: Epoch 47/90 - 32.654s
0: Epoch 47/90 - 32.654s
1: Epoch: [48][ 0/25]	1.1115169525146484	0.3028273582458496	0.011536013334989548	99.658203125
0: Epoch: [48][ 0/25]	1.117171287536621	0.2962646484375	0.011536013334989548	99.658203125
0: Epoch: [48][ 0/25]	1.1073743104934692	0.2942933142185211	0.010541096329689026	99.75141882896423
1: Epoch: [48][ 0/25]	1.107701063156128	0.2994154691696167	0.010541096329689026	99.75141882896423
1: Epoch: [48][ 0/25]	1.1167242527008057	0.3081112504005432	0.01028919592499733	99.78376030921936
0: Epoch: [48][ 0/25]	1.1170015335083008	0.29389527440071106	0.01028919592499733	99.78376030921936
1: Epoch 48/90 - 32.778s
0: Epoch 48/90 - 32.778s
1: Epoch: [49][ 0/25]	1.1043474674224854	0.30737781524658203	0.005484271328896284	99.853515625
0: Epoch: [49][ 0/25]	1.109231948852539	0.29387688636779785	0.005484271328896284	99.853515625
1: Epoch: [49][ 0/25]	1.1108049154281616	0.3043583333492279	0.007529498543590307	99.82688426971436
0: Epoch: [49][ 0/25]	1.1110836267471313	0.2912513017654419	0.007529498543590307	99.82688426971436
0: Epoch: [49][ 0/25]	1.1129088401794434	0.29219764471054077	0.007666547317057848	99.83258843421936
1: Epoch: [49][ 0/25]	1.113053560256958	0.30416741967201233	0.007666547317057848	99.83258843421936
1: Epoch 49/90 - 32.697s
0: Epoch 49/90 - 32.697s
1: Epoch: [50][ 0/25]	1.1087958812713623	0.3078007698059082	0.016983140259981155	99.609375
0: Epoch: [50][ 0/25]	1.1125776767730713	0.29401397705078125	0.016983140259981155	99.609375
1: Epoch: [50][ 0/25]	1.1123031377792358	0.30455875396728516	0.008218559436500072	99.79581236839294
0: Epoch: [50][ 0/25]	1.1128385066986084	0.2908955216407776	0.008218559436500072	99.79581236839294
1: Epoch: [50][ 0/25]	1.1103074550628662	0.3043108880519867	0.007818244397640228	99.81166124343872
0: Epoch: [50][ 0/25]	1.1105302572250366	0.29068270325660706	0.007818244397640228	99.81166124343872
1: Epoch 50/90 - 32.659s
0: Epoch 50/90 - 32.659s
1: Epoch: [51][ 0/25]	1.1180248260498047	0.3070707321166992	0.004920222796499729	99.853515625
0: Epoch: [51][ 0/25]	1.1228139400482178	0.2943394184112549	0.004920222796499729	99.853515625
1: Epoch: [51][ 0/25]	1.1149743795394897	0.30394646525382996	0.009661084972321987	99.84907507896423
0: Epoch: [51][ 0/25]	1.1155647039413452	0.29293128848075867	0.009661084972321987	99.84907507896423
1: Epoch: [51][ 0/25]	1.1135832071304321	0.30381542444229126	0.008904067799448967	99.83258843421936
0: Epoch: [51][ 0/25]	1.11387038230896	0.29203373193740845	0.008904067799448967	99.83258843421936
1: Epoch 51/90 - 32.714s
0: Epoch 51/90 - 32.714s
1: Epoch: [52][ 0/25]	1.1109240055084229	0.30736231803894043	0.0028247057925909758	100.0
0: Epoch: [52][ 0/25]	1.1108062267303467	0.29445862770080566	0.0028247057925909758	100.0
1: Epoch: [52][ 0/25]	1.1084595918655396	0.30408304929733276	0.009650040417909622	99.83575940132141
0: Epoch: [52][ 0/25]	1.1088789701461792	0.2910420894622803	0.009650040417909622	99.83575940132141
1: Epoch: [52][ 0/25]	1.124157428741455	0.3059104084968567	0.008002331480383873	99.84886646270752
0: Epoch: [52][ 0/25]	1.1243418455123901	0.3023494482040405	0.008002331480383873	99.84886646270752
1: Epoch 52/90 - 33.499s
0: Epoch 52/90 - 33.499s
1: Epoch: [53][ 0/25]	1.1805434226989746	0.36095738410949707	0.0023614612873643637	100.0
0: Epoch: [53][ 0/25]	1.1802623271942139	0.2955636978149414	0.0023614612873643637	100.0
1: Epoch: [53][ 0/25]	1.143468976020813	0.3308522701263428	0.006735289003700018	99.83575940132141
0: Epoch: [53][ 0/25]	1.1437774896621704	0.29552161693573	0.006735289003700018	99.83575940132141
0: Epoch: [53][ 0/25]	1.1509931087493896	0.29462292790412903	0.00641235476359725	99.82793927192688
1: Epoch: [53][ 0/25]	1.1510770320892334	0.33790507912635803	0.00641235476359725	99.82793927192688
1: Epoch 53/90 - 34.255s
0: Epoch 53/90 - 34.255s
0: Epoch: [54][ 0/25]	1.1770551204681396	0.2959721088409424	0.0055622924119234085	99.90234375
1: Epoch: [54][ 0/25]	1.1803028583526611	0.36107730865478516	0.0055622924119234085	99.90234375
0: Epoch: [54][ 0/25]	1.1362110376358032	0.29393431544303894	0.006863961927592754	99.853515625
1: Epoch: [54][ 0/25]	1.1365725994110107	0.32544997334480286	0.006863961927592754	99.853515625
1: Epoch: [54][ 0/25]	1.138079047203064	0.3265809714794159	0.007207314018160105	99.8418927192688
0: Epoch: [54][ 0/25]	1.1383169889450073	0.29354432225227356	0.007207314018160105	99.8418927192688
1: Epoch 54/90 - 33.212s
0: Epoch 54/90 - 33.212s
1: Epoch: [55][ 0/25]	1.1407558917999268	0.30179595947265625	0.01207625400274992	99.755859375
0: Epoch: [55][ 0/25]	1.1446952819824219	0.31247687339782715	0.01207625400274992	99.755859375
1: Epoch: [55][ 0/25]	1.1213845014572144	0.3010200262069702	0.007649260573089123	99.81800317764282
0: Epoch: [55][ 0/25]	1.1219958066940308	0.2956363558769226	0.007649260573089123	99.81800317764282
1: Epoch: [55][ 0/25]	1.11955988407135	0.30142638087272644	0.007028588093817234	99.82561469078064
0: Epoch: [55][ 0/25]	1.119734287261963	0.29492446780204773	0.007028588093817234	99.82561469078064
1: Epoch 55/90 - 32.841s
0: Epoch 55/90 - 32.841s
1: Epoch: [56][ 0/25]	1.1261272430419922	0.3034968376159668	0.004456042777746916	99.951171875
0: Epoch: [56][ 0/25]	1.131998062133789	0.2970466613769531	0.004456042777746916	99.951171875
1: Epoch: [56][ 0/25]	1.1114810705184937	0.30122673511505127	0.00500553660094738	99.89790320396423
0: Epoch: [56][ 0/25]	1.1119170188903809	0.29392239451408386	0.00500553660094738	99.89790320396423
1: Epoch: [56][ 0/25]	1.1110031604766846	0.3018762171268463	0.005603409837931395	99.87676739692688
0: Epoch: [56][ 0/25]	1.1110138893127441	0.29358938336372375	0.005603409837931395	99.87676739692688
1: Epoch 56/90 - 32.615s
0: Epoch 56/90 - 32.615s
1: Epoch: [57][ 0/25]	1.109969139099121	0.30454039573669434	0.006589857395738363	99.853515625
0: Epoch: [57][ 0/25]	1.1112568378448486	0.296968936920166	0.006589857395738363	99.853515625
1: Epoch: [57][ 0/25]	1.111841082572937	0.30203044414520264	0.00591590441763401	99.89346861839294
0: Epoch: [57][ 0/25]	1.112369418144226	0.2942119240760803	0.00591590441763401	99.89346861839294
1: Epoch: [57][ 0/25]	1.1115754842758179	0.30181893706321716	0.007723610382527113	99.84654188156128
0: Epoch: [57][ 0/25]	1.111814260482788	0.29399800300598145	0.007723610382527113	99.84654188156128
1: Epoch 57/90 - 32.659s
0: Epoch 57/90 - 32.659s
1: Epoch: [58][ 0/25]	1.1154115200042725	0.3065211772918701	0.004154766909778118	99.90234375
0: Epoch: [58][ 0/25]	1.119478702545166	0.3060433864593506	0.004154766909778118	99.90234375
1: Epoch: [58][ 0/25]	1.110849380493164	0.3026367425918579	0.006361766252666712	99.86239075660706
0: Epoch: [58][ 0/25]	1.1110661029815674	0.2953391969203949	0.006361766252666712	99.86239075660706
1: Epoch: [58][ 0/25]	1.111170768737793	0.3032698333263397	0.0059232828207314014	99.8721182346344
0: Epoch: [58][ 0/25]	1.1113636493682861	0.2944524884223938	0.0059232828207314014	99.8721182346344
1: Epoch 58/90 - 32.632s
0: Epoch 58/90 - 32.632s
1: Epoch: [59][ 0/25]	1.1178579330444336	0.30517101287841797	0.004987269639968872	99.90234375
0: Epoch: [59][ 0/25]	1.1199517250061035	0.2989192008972168	0.004987269639968872	99.90234375
1: Epoch: [59][ 0/25]	1.1106921434402466	0.30202382802963257	0.0074896439909935	99.82244372367859
0: Epoch: [59][ 0/25]	1.110904574394226	0.29532039165496826	0.0074896439909935	99.82244372367859
1: Epoch: [59][ 0/25]	1.109783411026001	0.30209946632385254	0.006253075785934925	99.85119104385376
0: Epoch: [59][ 0/25]	1.1099190711975098	0.2949499487876892	0.006253075785934925	99.85119104385376
1: Epoch 59/90 - 32.627s
0: Epoch 59/90 - 32.627s
1: Epoch: [60][ 0/25]	1.1141984462738037	0.30486178398132324	0.021025747060775757	99.462890625
0: Epoch: [60][ 0/25]	1.1200249195098877	0.2962791919708252	0.021025747060775757	99.462890625
0: Epoch: [60][ 0/25]	1.1121025085449219	0.29422158002853394	0.006211420521140099	99.86239075660706
1: Epoch: [60][ 0/25]	1.1124775409698486	0.3020605742931366	0.006211420521140099	99.86239075660706
1: Epoch: [60][ 0/25]	1.1122939586639404	0.30245548486709595	0.005435786675661802	99.86746907234192
0: Epoch: [60][ 0/25]	1.1124608516693115	0.2948589324951172	0.005435786675661802	99.86746907234192
1: Epoch 60/90 - 32.677s
0: Epoch 60/90 - 32.677s
1: Epoch: [61][ 0/25]	1.1110174655914307	0.3042290210723877	0.0030744806863367558	99.951171875
0: Epoch: [61][ 0/25]	1.114103078842163	0.29660964012145996	0.0030744806863367558	99.951171875
1: Epoch: [61][ 0/25]	1.1197333335876465	0.30639177560806274	0.0068550813011825085	99.85795617103577
0: Epoch: [61][ 0/25]	1.120233416557312	0.2952829897403717	0.0068550813011825085	99.85795617103577
1: Epoch: [61][ 0/25]	1.1165990829467773	0.30404040217399597	0.00616157753393054	99.86979365348816
0: Epoch: [61][ 0/25]	1.1167371273040771	0.2954448163509369	0.00616157753393054	99.86979365348816
1: Epoch 61/90 - 32.764s
0: Epoch 61/90 - 32.764s
1: Epoch: [62][ 0/25]	1.120588779449463	0.304720401763916	0.00440516322851181	99.853515625
0: Epoch: [62][ 0/25]	1.1218233108520508	0.2964174747467041	0.00440516322851181	99.853515625
1: Epoch: [62][ 0/25]	1.114542841911316	0.30160051584243774	0.007332544308155775	99.94229674339294
0: Epoch: [62][ 0/25]	1.1147469282150269	0.2941032350063324	0.007332544308155775	99.94229674339294
0: Epoch: [62][ 0/25]	1.1172094345092773	0.2948548197746277	0.0071178036741912365	99.90466833114624
1: Epoch: [62][ 0/25]	1.1174566745758057	0.30229005217552185	0.0071178036741912365	99.90466833114624
1: Epoch 62/90 - 32.903s
0: Epoch 62/90 - 32.903s
1: Epoch: [63][ 0/25]	1.1084794998168945	0.30228161811828613	0.003471403382718563	99.90234375
0: Epoch: [63][ 0/25]	1.1145141124725342	0.29772043228149414	0.003471403382718563	99.90234375
1: Epoch: [63][ 0/25]	1.1116342544555664	0.29909253120422363	0.007421526592224836	99.87127184867859
0: Epoch: [63][ 0/25]	1.1121535301208496	0.29461434483528137	0.007421526592224836	99.87127184867859
1: Epoch: [63][ 0/25]	1.1138824224472046	0.29898884892463684	0.006512011867016554	99.86979365348816
0: Epoch: [63][ 0/25]	1.1140897274017334	0.2944468855857849	0.006512011867016554	99.86979365348816
1: Epoch 63/90 - 32.703s
0: Epoch 63/90 - 32.703s
1: Epoch: [64][ 0/25]	1.1223924160003662	0.30251359939575195	0.005471767392009497	99.8046875
0: Epoch: [64][ 0/25]	1.1250598430633545	0.2967240810394287	0.005471767392009497	99.8046875
1: Epoch: [64][ 0/25]	1.118765115737915	0.30072247982025146	0.004405029583722353	99.88458752632141
0: Epoch: [64][ 0/25]	1.1192903518676758	0.2943342626094818	0.004405029583722353	99.88458752632141
1: Epoch: [64][ 0/25]	1.117867112159729	0.30028167366981506	0.004634803161025047	99.90001916885376
0: Epoch: [64][ 0/25]	1.1181291341781616	0.29326337575912476	0.004634803161025047	99.90001916885376
1: Epoch 64/90 - 32.789s
0: Epoch 64/90 - 32.789s
1: Epoch: [65][ 0/25]	1.122675895690918	0.30195116996765137	0.003814992029219866	99.90234375
0: Epoch: [65][ 0/25]	1.1256194114685059	0.2940385341644287	0.003814992029219866	99.90234375
1: Epoch: [65][ 0/25]	1.1324381828308105	0.3157898485660553	0.004056451842188835	99.92897510528564
0: Epoch: [65][ 0/25]	1.132938265800476	0.2917158603668213	0.004056451842188835	99.92897510528564
1: Epoch: [65][ 0/25]	1.1245081424713135	0.30776238441467285	0.004089036490768194	99.92327094078064
0: Epoch: [65][ 0/25]	1.1248300075531006	0.2915574014186859	0.004089036490768194	99.92327094078064
1: Epoch 65/90 - 32.877s
0: Epoch 65/90 - 32.877s
1: Epoch: [66][ 0/25]	1.0976428985595703	0.3016695976257324	0.005541807971894741	99.951171875
0: Epoch: [66][ 0/25]	1.0985848903656006	0.2955007553100586	0.005541807971894741	99.951171875
1: Epoch: [66][ 0/25]	1.1166988611221313	0.30141395330429077	0.004691064823418856	99.89790320396423
0: Epoch: [66][ 0/25]	1.1170886754989624	0.29451581835746765	0.004691064823418856	99.89790320396423
0: Epoch: [66][ 0/25]	1.1160987615585327	0.29362913966178894	0.004505174700170755	99.8907208442688
1: Epoch: [66][ 0/25]	1.1162892580032349	0.3002127707004547	0.004505174700170755	99.8907208442688
1: Epoch 66/90 - 32.740s
0: Epoch 66/90 - 32.740s
1: Epoch: [67][ 0/25]	1.1151366233825684	0.3033437728881836	0.003964728210121393	99.951171875
0: Epoch: [67][ 0/25]	1.1186614036560059	0.2940797805786133	0.003964728210121393	99.951171875
1: Epoch: [67][ 0/25]	1.1215975284576416	0.3105897605419159	0.006883365102112293	99.85795617103577
0: Epoch: [67][ 0/25]	1.1217187643051147	0.2913728654384613	0.006883365102112293	99.85795617103577
0: Epoch: [67][ 0/25]	1.1245877742767334	0.2904508709907532	0.005346567835658789	99.89304542541504
0: 
1: Epoch: [67][ 0/25]	1.1247293949127197	0.31182846426963806	0.005346567835658789	99.89304542541504
1: 
1: Epoch 67/90 - 33.017s
0: Epoch 67/90 - 33.017s
1: Epoch: [68][ 0/25]	1.13482666015625	0.3066823482513428	0.0043842606246471405	99.90234375
0: Epoch: [68][ 0/25]	1.142282485961914	0.3175947666168213	0.0043842606246471405	99.90234375
1: Epoch: [68][ 0/25]	1.1212825775146484	0.30314236879348755	0.004119889345020056	99.91565942764282
0: Epoch: [68][ 0/25]	1.1217551231384277	0.2995853126049042	0.004119889345020056	99.91565942764282
0: Epoch: [68][ 0/25]	1.1186414957046509	0.29580575227737427	0.003899893257766962	99.9209463596344
1: Epoch: [68][ 0/25]	1.118876576423645	0.3011315166950226	0.003899893257766962	99.9209463596344
1: Epoch 68/90 - 32.826s
0: Epoch 68/90 - 32.826s
1: Epoch: [69][ 0/25]	1.1205501556396484	0.3028452396392822	0.0020152374636381865	99.951171875
0: Epoch: [69][ 0/25]	1.1245908737182617	0.29500770568847656	0.0020152374636381865	99.951171875
0: Epoch: [69][ 0/25]	1.1388187408447266	0.2906216084957123	0.007366575766354799	99.88014698028564
1: Epoch: [69][ 0/25]	1.1391888856887817	0.3214739263057709	0.007366575766354799	99.88014698028564
0: Epoch: [69][ 0/25]	1.1554651260375977	0.28979238867759705	0.005791867151856422	99.90001916885376
1: Epoch: [69][ 0/25]	1.155531883239746	0.3366226851940155	0.005791867151856422	99.90001916885376
1: Epoch 69/90 - 33.664s
0: Epoch 69/90 - 33.664s
1: Epoch: [70][ 0/25]	1.1098453998565674	0.30072021484375	0.0029280371963977814	99.951171875
0: Epoch: [70][ 0/25]	1.1131670475006104	0.2948753833770752	0.0029280371963977814	99.951171875
1: Epoch: [70][ 0/25]	1.1254750490188599	0.31368356943130493	0.003809649497270584	99.92897510528564
0: Epoch: [70][ 0/25]	1.1257132291793823	0.2917670011520386	0.003809649497270584	99.92897510528564
1: Epoch: [70][ 0/25]	1.1221171617507935	0.308417946100235	0.00412710290402174	99.91164207458496
0: Epoch: [70][ 0/25]	1.1223886013031006	0.2916771471500397	0.00412710290402174	99.91164207458496
1: Epoch 70/90 - 32.819s
0: Epoch 70/90 - 32.819s
0: Epoch: [71][ 0/25]	1.1146190166473389	0.2941410541534424	0.003876738715916872	99.90234375
1: Epoch: [71][ 0/25]	1.1192667484283447	0.29923152923583984	0.003876738715916872	99.90234375
1: Epoch: [71][ 0/25]	1.120766520500183	0.3076455891132355	0.004505552817136049	99.88902807235718
0: Epoch: [71][ 0/25]	1.121106743812561	0.2917501628398895	0.004505552817136049	99.88902807235718
1: Epoch: [71][ 0/25]	1.123285174369812	0.3078461289405823	0.004478114191442728	99.90699291229248
0: Epoch: [71][ 0/25]	1.123478651046753	0.2924256920814514	0.004478114191442728	99.90699291229248
1: Epoch 71/90 - 32.887s
0: Epoch 71/90 - 32.887s
0: Epoch: [72][ 0/25]	1.0957369804382324	0.29412221908569336	0.00706876628100872	99.8046875
1: Epoch: [72][ 0/25]	1.0983505249023438	0.2993338108062744	0.00706876628100872	99.8046875
1: Epoch: [72][ 0/25]	1.1111207008361816	0.2964760661125183	0.004165574908256531	99.92009997367859
0: Epoch: [72][ 0/25]	1.1114498376846313	0.2913527190685272	0.004165574908256531	99.92009997367859
1: Epoch: [72][ 0/25]	1.111603021621704	0.29632359743118286	0.00383470905944705	99.92792010307312
0: Epoch: [72][ 0/25]	1.1117079257965088	0.2912624478340149	0.00383470905944705	99.92792010307312
1: Epoch 72/90 - 32.594s
0: Epoch 72/90 - 32.594s
1: Epoch: [73][ 0/25]	1.1180689334869385	0.29964208602905273	0.0022752112708985806	100.0
0: Epoch: [73][ 0/25]	1.1217799186706543	0.2941460609436035	0.0022752112708985806	100.0
1: Epoch: [73][ 0/25]	1.1163588762283325	0.3008360266685486	0.004120709840208292	99.91565942764282
0: Epoch: [73][ 0/25]	1.1166061162948608	0.2915261387825012	0.004120709840208292	99.91565942764282
1: Epoch: [73][ 0/25]	1.1164655685424805	0.30118048191070557	0.004567944910377264	99.9209463596344
0: Epoch: [73][ 0/25]	1.1166647672653198	0.2922542095184326	0.004567944910377264	99.9209463596344
1: Epoch 73/90 - 32.793s
0: Epoch 73/90 - 32.793s
1: Epoch: [74][ 0/25]	1.1236882209777832	0.303635835647583	0.0024926767218858004	100.0
0: Epoch: [74][ 0/25]	1.1288037300109863	0.29479098320007324	0.0024926767218858004	100.0
1: Epoch: [74][ 0/25]	1.1166552305221558	0.29782140254974365	0.0038776362780481577	99.91565942764282
0: Epoch: [74][ 0/25]	1.1171350479125977	0.292896568775177	0.0038776362780481577	99.91565942764282
1: Epoch: [74][ 0/25]	1.1162707805633545	0.2969098687171936	0.004423154052346945	99.89537000656128
0: Epoch: [74][ 0/25]	1.1165536642074585	0.2927740514278412	0.004423154052346945	99.89537000656128
1: Epoch 74/90 - 32.744s
0: Epoch 74/90 - 32.744s
0: Epoch: [75][ 0/25]	1.1242501735687256	0.295306921005249	0.0023071179166436195	100.0
1: Epoch: [75][ 0/25]	1.1262753009796143	0.3045659065246582	0.0023071179166436195	100.0
1: Epoch: [75][ 0/25]	1.1383123397827148	0.32435598969459534	0.004313082899898291	99.90678429603577
0: Epoch: [75][ 0/25]	1.1389738321304321	0.2920209765434265	0.004313082899898291	99.90678429603577
1: Epoch: [75][ 0/25]	1.1296501159667969	0.31408774852752686	0.0049940780736505985	99.87909197807312
0: Epoch: [75][ 0/25]	1.1298091411590576	0.2934701442718506	0.0049940780736505985	99.87909197807312
1: Epoch 75/90 - 33.082s
0: Epoch 75/90 - 33.082s
0: Epoch: [76][ 0/25]	1.1223039627075195	0.29636311531066895	0.0069053079932928085	99.8046875
1: Epoch: [76][ 0/25]	1.1234893798828125	0.3018786907196045	0.0069053079932928085	99.8046875
1: Epoch: [76][ 0/25]	1.1434004306793213	0.32497188448905945	0.0056355195119977	99.86239075660706
0: Epoch: [76][ 0/25]	1.1438161134719849	0.2976907193660736	0.0056355195119977	99.86239075660706
1: Epoch: [76][ 0/25]	1.129574179649353	0.31340327858924866	0.006423490587621927	99.87676739692688
0: Epoch: [76][ 0/25]	1.1296926736831665	0.2958025336265564	0.006423490587621927	99.87676739692688
1: Epoch 76/90 - 33.041s
0: Epoch 76/90 - 33.041s
1: Epoch: [77][ 0/25]	1.0941317081451416	0.3027920722961426	0.005057410337030888	99.755859375
0: Epoch: [77][ 0/25]	1.093618631362915	0.29701828956604004	0.005057410337030888	99.755859375
1: Epoch: [77][ 0/25]	1.1109868288040161	0.29968512058258057	0.003972596488893032	99.91565942764282
0: Epoch: [77][ 0/25]	1.1112327575683594	0.2961027920246124	0.003972596488893032	99.91565942764282
1: Epoch: [77][ 0/25]	1.1115726232528687	0.29990777373313904	0.004869819153100252	99.87444281578064
0: Epoch: [77][ 0/25]	1.1118780374526978	0.2952836751937866	0.004869819153100252	99.87444281578064
1: Epoch 77/90 - 32.589s
0: Epoch 77/90 - 32.589s
1: Epoch: [78][ 0/25]	1.107652187347412	0.2985801696777344	0.0015504598850384355	100.0
0: Epoch: [78][ 0/25]	1.111621379852295	0.2977163791656494	0.0015504598850384355	100.0
0: Epoch: [78][ 0/25]	1.1075867414474487	0.29404088854789734	0.004335951991379261	99.92009997367859
1: Epoch: [78][ 0/25]	1.107946515083313	0.29849156737327576	0.004335951991379261	99.92009997367859
1: Epoch: [78][ 0/25]	1.1059659719467163	0.2986752986907959	0.00440682377666235	99.91629719734192
0: Epoch: [78][ 0/25]	1.1061820983886719	0.29380589723587036	0.00440682377666235	99.91629719734192
1: Epoch 78/90 - 32.496s
0: Epoch 78/90 - 32.496s
1: Epoch: [79][ 0/25]	1.1099536418914795	0.2988467216491699	0.0021449103951454163	100.0
0: Epoch: [79][ 0/25]	1.1156744956970215	0.29747772216796875	0.0021449103951454163	100.0
1: Epoch: [79][ 0/25]	1.1090497970581055	0.29874712228775024	0.0031629735603928566	99.93785619735718
0: Epoch: [79][ 0/25]	1.109457015991211	0.2949622869491577	0.0031629735603928566	99.93785619735718
1: Epoch: [79][ 0/25]	1.108622670173645	0.2995224595069885	0.004114154260605574	99.9209463596344
0: Epoch: [79][ 0/25]	1.1087533235549927	0.2925838828086853	0.004114154260605574	99.9209463596344
1: Epoch 79/90 - 32.549s
0: Epoch 79/90 - 32.549s
1: Epoch: [80][ 0/25]	1.1080451011657715	0.30153489112854004	0.00399196520447731	99.951171875
0: Epoch: [80][ 0/25]	1.1145832538604736	0.2909111976623535	0.00399196520447731	99.951171875
1: Epoch: [80][ 0/25]	1.111899971961975	0.3004944920539856	0.004795192275196314	99.91121888160706
0: Epoch: [80][ 0/25]	1.112312912940979	0.289506733417511	0.004795192275196314	99.91121888160706
1: Epoch: [80][ 0/25]	1.1201651096343994	0.3072858452796936	0.004185937810689211	99.92327094078064
0: Epoch: [80][ 0/25]	1.1201893091201782	0.2898966073989868	0.004185937810689211	99.92327094078064
1: Epoch 80/90 - 32.902s
0: Epoch 80/90 - 32.902s
1: Epoch: [81][ 0/25]	1.12385892868042	0.29970431327819824	0.006568895652890205	99.8046875
0: Epoch: [81][ 0/25]	1.1268503665924072	0.31629347801208496	0.006568895652890205	99.8046875
1: Epoch: [81][ 0/25]	1.1178405284881592	0.29716017842292786	0.004573950078338385	99.86683130264282
0: Epoch: [81][ 0/25]	1.1190447807312012	0.29969456791877747	0.004573950078338385	99.86683130264282
1: Epoch: [81][ 0/25]	1.1290518045425415	0.29847511649131775	0.0041581555269658566	99.90001916885376
0: Epoch: [81][ 0/25]	1.1290273666381836	0.3090415596961975	0.0041581555269658566	99.90001916885376
1: Epoch 81/90 - 32.985s
0: Epoch 81/90 - 32.985s
1: Epoch: [82][ 0/25]	1.117438793182373	0.3019540309906006	0.0019632575567811728	100.0
0: Epoch: [82][ 0/25]	1.1210272312164307	0.29416942596435547	0.0019632575567811728	100.0
1: Epoch: [82][ 0/25]	1.1111432313919067	0.2989511787891388	0.003624499775469303	99.92897510528564
0: Epoch: [82][ 0/25]	1.1116739511489868	0.2915320098400116	0.003624499775469303	99.92897510528564
1: Epoch: [82][ 0/25]	1.1108407974243164	0.29869863390922546	0.004050568211823702	99.90699291229248
0: Epoch: [82][ 0/25]	1.1109793186187744	0.2915023863315582	0.004050568211823702	99.90699291229248
1: Epoch 82/90 - 32.611s
0: Epoch 82/90 - 32.611s
1: Epoch: [83][ 0/25]	1.114168405532837	0.30159997940063477	0.008524596691131592	99.8046875
0: Epoch: [83][ 0/25]	1.1189656257629395	0.2938966751098633	0.008524596691131592	99.8046875
1: Epoch: [83][ 0/25]	1.107814908027649	0.29869166016578674	0.0047203171998262405	99.91565942764282
0: Epoch: [83][ 0/25]	1.1081923246383667	0.2902865409851074	0.0047203171998262405	99.91565942764282
1: Epoch: [83][ 0/25]	1.1239897012710571	0.2992219924926758	0.004454757086932659	99.9139666557312
0: Epoch: [83][ 0/25]	1.1242327690124512	0.30700865387916565	0.004454757086932659	99.9139666557312
1: Epoch 83/90 - 33.596s
0: Epoch 83/90 - 33.596s
1: Epoch: [84][ 0/25]	1.1708095073699951	0.35873961448669434	0.006453004665672779	99.755859375
0: Epoch: [84][ 0/25]	1.17872953414917	0.29572057723999023	0.006453004665672779	99.755859375
0: Epoch: [84][ 0/25]	1.152119517326355	0.29102012515068054	0.0045483349822461605	99.89346861839294
1: Epoch: [84][ 0/25]	1.1523958444595337	0.3358475863933563	0.0045483349822461605	99.89346861839294
1: Epoch: [84][ 0/25]	1.1563990116119385	0.3399527370929718	0.00420415261760354	99.90931749343872
0: Epoch: [84][ 0/25]	1.156677007675171	0.2907410264015198	0.00420415261760354	99.90931749343872
1: Epoch 84/90 - 33.504s
0: Epoch 84/90 - 33.504s
1: Epoch: [85][ 0/25]	1.114908218383789	0.29891347885131836	0.008884385228157043	99.755859375
0: Epoch: [85][ 0/25]	1.1188507080078125	0.29423975944519043	0.008884385228157043	99.755859375
1: Epoch: [85][ 0/25]	1.1054966449737549	0.29815995693206787	0.004598330240696669	99.88902807235718
0: Epoch: [85][ 0/25]	1.106089472770691	0.29144513607025146	0.004598330240696669	99.88902807235718
1: Epoch: [85][ 0/25]	1.1150269508361816	0.30464839935302734	0.004137949086725712	99.90931749343872
0: Epoch: [85][ 0/25]	1.1150286197662354	0.2911294400691986	0.004137949086725712	99.90931749343872
1: Epoch 85/90 - 33.425s
0: Epoch 85/90 - 33.425s
0: Epoch: [86][ 0/25]	1.173732042312622	0.2917060852050781	0.003325187601149082	99.90234375
1: Epoch: [86][ 0/25]	1.1761620044708252	0.3572804927825928	0.003325187601149082	99.90234375
1: Epoch: [86][ 0/25]	1.1317615509033203	0.3161027431488037	0.004187372513115406	99.90234375
0: Epoch: [86][ 0/25]	1.132030725479126	0.29166099429130554	0.004187372513115406	99.90234375
1: Epoch: [86][ 0/25]	1.1315271854400635	0.31698477268218994	0.004094783216714859	99.91164207458496
0: Epoch: [86][ 0/25]	1.1315093040466309	0.2912881672382355	0.004094783216714859	99.91164207458496
1: Epoch 86/90 - 33.764s
0: Epoch 86/90 - 33.764s
1: Epoch: [87][ 0/25]	1.177671194076538	0.35813474655151367	0.002215428277850151	100.0
0: Epoch: [87][ 0/25]	1.1779894828796387	0.29425621032714844	0.002215428277850151	100.0
1: Epoch: [87][ 0/25]	1.1286611557006836	0.31612110137939453	0.004079774022102356	99.94673132896423
0: Epoch: [87][ 0/25]	1.1290526390075684	0.2916645407676697	0.004079774022102356	99.94673132896423
1: Epoch: [87][ 0/25]	1.120917558670044	0.3080877661705017	0.004771257285028696	99.92327094078064
0: Epoch: [87][ 0/25]	1.1210546493530273	0.2918110489845276	0.004771257285028696	99.92327094078064
1: Epoch 87/90 - 32.830s
0: Epoch 87/90 - 32.830s
1: Epoch: [88][ 0/25]	1.1177468299865723	0.302001953125	0.003839310258626938	99.90234375
0: Epoch: [88][ 0/25]	1.1210243701934814	0.29529547691345215	0.003839310258626938	99.90234375
1: Epoch: [88][ 0/25]	1.140386700630188	0.2994941771030426	0.004894979763776064	99.91565942764282
0: Epoch: [88][ 0/25]	1.1410865783691406	0.318916916847229	0.004894979763776064	99.91565942764282
1: Epoch: [88][ 0/25]	1.1284517049789429	0.2993495464324951	0.004287085961550474	99.9209463596344
0: Epoch: [88][ 0/25]	1.1285651922225952	0.3095954358577728	0.004287085961550474	99.9209463596344
1: Epoch 88/90 - 33.055s
0: Epoch 88/90 - 33.055s
1: Epoch: [89][ 0/25]	1.1058323383331299	0.3003363609313965	0.0023608049377799034	100.0
0: Epoch: [89][ 0/25]	1.1059401035308838	0.2912468910217285	0.0023608049377799034	100.0
1: Epoch: [89][ 0/25]	1.144153118133545	0.3023949861526489	0.005654397886246443	99.89790320396423
0: Epoch: [89][ 0/25]	1.1446336507797241	0.3170734643936157	0.005654397886246443	99.89790320396423
1: Epoch: [89][ 0/25]	1.1313637495040894	0.2994369864463806	0.004751910921186209	99.90234375
0: Epoch: [89][ 0/25]	1.131596565246582	0.3077349364757538	0.004751910921186209	99.90234375
1: Epoch 89/90 - 33.005s
1: Steps per epoch: 25
1: Validation steps per epoch: 10
1: Average time per epoch: 33.340 s
0: Epoch 89/90 - 33.005s
0: Steps per epoch: 25
0: Validation steps per epoch: 10
0: Average time per epoch: 33.340 s
1: --- 3004.163800239563 seconds ---
0: --- 3004.1227548122406 seconds ---
ELAPSED: 3007 seconds
End at Sun Feb 14 05:40:56 EET 2021
