WORKERS: "gpu16-ib:5555"
Start at Sun Feb  7 12:29:37 EET 2021
CUDA_VISIBLE_DEVICES: 0,1
Running on hosts: gpu16
Running on 1 nodes.
Running 2 tasks per node
Job id is 1090297
0: Number of devices per node: 2
1: Number of devices per node: 2
0: rank 0
1: rank 1
0: => creating model 'resnet50'
1: => creating model 'resnet50'
1: Epoch: [0][  0/196]	4.622774600982666	0.045166015625	7.177691459655762	0.0
0: Epoch: [0][  0/196]	4.618102073669434	0.04864239692687988	7.177691459655762	0.0
1: Epoch: [0][  0/196]	0.6838329434394836	0.04069000855088234	4.616092205047607	10.298295319080353
0: Epoch: [0][  0/196]	0.6835103631019592	0.03606520965695381	4.616092205047607	10.298295319080353
1: Epoch: [0][  0/196]	0.4935951828956604	0.03767983242869377	4.880595684051514	11.55133917927742
0: Epoch: [0][  0/196]	0.49336937069892883	0.03557977080345154	4.880595684051514	11.55133917927742
0: Epoch: [0][  0/196]	0.4250199496746063	0.035679787397384644	4.3882293701171875	13.38205635547638
1: Epoch: [0][  0/196]	0.425239622592926	0.03658878430724144	4.3882293701171875	13.38205635547638
0: Epoch: [0][  0/196]	0.39110374450683594	0.03558215871453285	3.9848146438598633	15.80602079629898
1: Epoch: [0][  0/196]	0.3912748098373413	0.036051418632268906	3.9848146438598633	15.80602079629898
0: Epoch: [0][  0/196]	0.37027859687805176	0.035362329334020615	3.6775646209716797	17.67769604921341
1: Epoch: [0][  0/196]	0.37037765979766846	0.03571293503046036	3.6775646209716797	17.67769604921341
0: Epoch: [0][  0/196]	0.3561374545097351	0.03520047292113304	3.474212169647217	19.05737668275833
1: Epoch: [0][  0/196]	0.35623398423194885	0.03548390418291092	3.474212169647217	19.05737668275833
1: Epoch: [0][  0/196]	0.34570640325546265	0.03531200811266899	3.3337860107421875	20.37852108478546
0: Epoch: [0][  0/196]	0.34563910961151123	0.035084616392850876	3.3337860107421875	20.37852108478546
1: Epoch: [0][  0/196]	0.3383263945579529	0.03518570587038994	3.206461191177368	21.474729478359222
0: Epoch: [0][  0/196]	0.3382677733898163	0.03499682992696762	3.206461191177368	21.474729478359222
0: Epoch: [0][  0/196]	0.3324485719203949	0.03492261469364166	3.115142822265625	22.390109300613403
1: Epoch: [0][  0/196]	0.3325049579143524	0.035081759095191956	3.115142822265625	22.390109300613403
0: Epoch: [0][  0/196]	0.3278366029262543	0.03487240895628929	3.0260939598083496	23.259592056274414
1: Epoch: [0][  0/196]	0.3279021680355072	0.035003986209630966	3.0260939598083496	23.259592056274414
0: Epoch: [0][  0/196]	0.32417771220207214	0.03482799232006073	2.9658737182617188	24.056869745254517
1: Epoch: [0][  0/196]	0.3242439031600952	0.034941233694553375	2.9658737182617188	24.056869745254517
1: Epoch: [0][  0/196]	0.32083162665367126	0.03488674759864807	2.9099271297454834	24.65457171201706
0: Epoch: [0][  0/196]	0.32079774141311646	0.034789491444826126	2.9099271297454834	24.65457171201706
1: Epoch: [0][  0/196]	0.3184841573238373	0.03483084216713905	2.8381686210632324	25.405535101890564
0: Epoch: [0][  0/196]	0.3184640109539032	0.03478773310780525	2.8381686210632324	25.405535101890564
0: 
1: Epoch: [0][  0/196]	0.31615331768989563	0.03478267416357994	2.7767505645751953	26.31593644618988
0: Epoch: [0][  0/196]	0.31613820791244507	0.03480278328061104	2.7767505645751953	26.31593644618988
0: Epoch: [0][  0/196]	0.3140169084072113	0.0348115935921669	2.7302188873291016	26.984167098999023
1: Epoch: [0][  0/196]	0.31406620144844055	0.03473488986492157	2.7302188873291016	26.984167098999023
0: Epoch: [0][  0/196]	0.3125078082084656	0.0348169207572937	2.6852777004241943	27.625194191932678
1: Epoch: [0][  0/196]	0.31256258487701416	0.03469201177358627	2.6852777004241943	27.625194191932678
0: Epoch: [0][  0/196]	0.3112604320049286	0.03482525795698166	2.6438302993774414	28.15469801425934
1: Epoch: [0][  0/196]	0.31130582094192505	0.034660179167985916	2.6438302993774414	28.15469801425934
1: Epoch: [0][  0/196]	0.31002378463745117	0.03463071584701538	2.614382028579712	28.65806221961975
0: Epoch: [0][  0/196]	0.3099915087223053	0.03483206033706665	2.614382028579712	28.65806221961975
1: Epoch: [0][  0/196]	0.3087771236896515	0.03460056707262993	2.581845760345459	29.141443967819214
0: Epoch: [0][  0/196]	0.30875182151794434	0.03483716771006584	2.581845760345459	29.141443967819214
1: Epoch 0/1 - 69.643s
1: Steps per epoch: 196
1: Validation steps per epoch: 79
0: Epoch 0/1 - 69.643s
0: Steps per epoch: 196
0: 
0: Validation steps per epoch: 79
0: Average time per epoch: 69.643 s
1: Average time per epoch: 69.643 s
0: --- 73.1135745048523 seconds ---
1: --- 73.11415362358093 seconds ---
ELAPSED: 77 seconds
End at Sun Feb  7 12:30:54 EET 2021
