WORKERS: "gpu17-ib:5555"
Start at Sun Feb  7 12:29:41 EET 2021
CUDA_VISIBLE_DEVICES: 0,1
Running on hosts: gpu17
Running on 1 nodes.
Running 2 tasks per node
Job id is 1090298
1: Number of devices per node: 2
0: Number of devices per node: 2
0: rank 0
0: 
1: rank 1
1: 
0: => creating model 'resnet50'
1: => creating model 'resnet50'
1: Epoch: [0][ 0/98]	7.048743724822998	0.08339309692382812	7.275874614715576	0.0
0: Epoch: [0][ 0/98]	7.049098491668701	0.08683991432189941	7.275874614715576	0.0
1: Epoch: [0][ 0/98]	0.9889125227928162	0.07225381582975388	3.723172903060913	10.901988297700882
0: Epoch: [0][ 0/98]	0.9881107807159424	0.07382139563560486	3.723172903060913	10.901988297700882
0: Epoch: [0][ 0/98]	0.7001866102218628	0.07208224385976791	3.632901430130005	12.43489608168602
1: Epoch: [0][ 0/98]	0.7008174061775208	0.07140716165304184	3.632901430130005	12.43489608168602
1: Epoch: [0][ 0/98]	0.5989896655082703	0.07114886492490768	3.3396859169006348	15.13356864452362
0: Epoch: [0][ 0/98]	0.5986683368682861	0.0710780918598175	3.3396859169006348	15.13356864452362
0: Epoch: [0][ 0/98]	0.5473693013191223	0.07046166062355042	3.102033853530884	17.301829159259796
1: Epoch: [0][ 0/98]	0.5476939082145691	0.0710357129573822	3.102033853530884	17.301829159259796
1: Epoch: [0][ 0/98]	0.5176119208335876	0.07096333801746368	2.9332799911499023	19.36657428741455
0: Epoch: [0][ 0/98]	0.517402708530426	0.07007937133312225	2.9332799911499023	19.36657428741455
0: Epoch: [0][ 0/98]	0.497590571641922	0.06982970982789993	2.8155224323272705	21.026511490345
1: Epoch: [0][ 0/98]	0.4978501498699188	0.07093726843595505	2.8155224323272705	21.026511490345
0: Epoch: [0][ 0/98]	0.48326197266578674	0.06971578299999237	2.711090564727783	22.645246982574463
1: Epoch: [0][ 0/98]	0.48342227935791016	0.0708751231431961	2.711090564727783	22.645246982574463
1: Epoch: [0][ 0/98]	0.4726164638996124	0.07084444165229797	2.6142776012420654	24.047550559043884
0: Epoch: [0][ 0/98]	0.4724833071231842	0.07002167403697968	2.6142776012420654	24.047550559043884
1: Epoch: [0][ 0/98]	0.46410974860191345	0.07080011069774628	2.537614345550537	25.26828646659851
0: Epoch: [0][ 0/98]	0.46405938267707825	0.07021947205066681	2.537614345550537	25.26828646659851
1: Epoch 0/1 - 56.348s
1: Steps per epoch: 98
1: Validation steps per epoch: 40
1: Average time per epoch: 56.348 s
0: Epoch 0/1 - 56.349s
0: Steps per epoch: 98
0: Validation steps per epoch: 40
0: Average time per epoch: 56.349 s
1: --- 60.04697799682617 seconds ---
0: --- 60.04808950424194 seconds ---
ELAPSED: 63 seconds
End at Sun Feb  7 12:30:44 EET 2021
