WORKERS: "gpu09-ib:5555","gpu10-ib:5555","gpu11-ib:5555","gpu12-ib:5555","gpu13-ib:5555","gpu14-ib:5555","gpu15-ib:5555","gpu16-ib:5555"
Start at Sun Feb 14 01:10:26 EET 2021
CUDA_VISIBLE_DEVICES: 0,1
Running on hosts: gpu[09-16]
Running on 8 nodes.
Running 2 tasks per node
Job id is 1095027
00: Number of devices per node: 2
11: Number of devices per node: 2
14: Number of devices per node: 2
01: Number of devices per node: 2
01: 
04: Number of devices per node: 2
08: Number of devices per node: 2
10: Number of devices per node: 2
02: Number of devices per node: 2
15: Number of devices per node: 2
05: Number of devices per node: 2
09: Number of devices per node: 2
03: Number of devices per node: 2
12: Number of devices per node: 2
13: Number of devices per node: 2
07: Number of devices per node: 2
06: Number of devices per node: 2
01: rank 1
10: rank 10
10: 
14: rank 14
06: rank 6
12: rank 
04: rank 4
12: 12
04: 
11: rank 11
13: rank 13
00: rank 0
02: rank 
07: rank 7
00: 
15: rank 15
02: 2
09: rank 9
09: 
05: rank 5
08: rank 8
03: rank 3
10: => creating model 'resnet50'
04: => creating model 'resnet50'
02: => creating model 'resnet50'
03: => creating model 'resnet50'
13: => creating model 'resnet50'
05: => creating model 'resnet50'
11: => creating model 'resnet50'
12: => creating model 'resnet50'
15: => creating model 'resnet50'
14: => creating model 'resnet50'
07: => creating model 'resnet50'
06: => creating model 'resnet50'
09: => creating model 'resnet50'
08: => creating model 'resnet50'
01: => creating model 'resnet50'
00: => creating model 'resnet50'
04: Epoch 0/90 - 30.284s
14: Epoch 0/90 - 30.282s
01: Epoch 0/90 - 30.286s
08: Epoch 0/90 - 30.282s
10: Epoch 0/90 - 30.282s
12: Epoch 0/90 - 30.282s
05: Epoch 0/90 - 30.283s
09: Epoch 0/90 - 30.282s
02: Epoch 0/90 - 30.286s
06: Epoch 0/90 - 30.282s
13: Epoch 0/90 - 30.282s
15: Epoch 0/90 - 30.282s
03: Epoch 0/90 - 30.284s
07: Epoch 0/90 - 30.282s
11: Epoch 0/90 - 30.282s
00: Epoch 0/90 - 30.290s
04: Epoch 1/90 - 23.460s
14: Epoch 1/90 - 23.460s
01: Epoch 1/90 - 23.460s
06: Epoch 1/90 - 23.460s
10: Epoch 1/90 - 23.460s
12: Epoch 1/90 - 23.460s
05: Epoch 1/90 - 23.460s
15: Epoch 1/90 - 23.460s
08: Epoch 1/90 - 23.460s
02: Epoch 1/90 - 23.460s
07: Epoch 1/90 - 23.460s
13: Epoch 1/90 - 23.460s
09: Epoch 1/90 - 23.460s
03: Epoch 1/90 - 23.460s
11: Epoch 1/90 - 23.460s
00: Epoch 1/90 - 23.460s
12: Epoch 2/90 - 23.788s
04: Epoch 2/90 - 23.788s
14: Epoch 2/90 - 23.788s
01: Epoch 2/90 - 23.788s
02: Epoch 2/90 - 23.788s
10: Epoch 2/90 - 23.788s
13: Epoch 2/90 - 23.788s
05: Epoch 2/90 - 23.788s
15: Epoch 2/90 - 23.788s
08: Epoch 2/90 - 23.788s
03: Epoch 2/90 - 23.788s
06: Epoch 2/90 - 23.788s
11: Epoch 2/90 - 23.788s
09: Epoch 2/90 - 23.788s
07: Epoch 2/90 - 23.788s
00: Epoch 2/90 - 23.788s
01: Epoch 3/90 - 24.077s
12: Epoch 3/90 - 24.077s
04: Epoch 3/90 - 24.077s
14: Epoch 3/90 - 24.077s
08: Epoch 3/90 - 24.077s
02: Epoch 3/90 - 24.077s
06: Epoch 3/90 - 24.077s
10: Epoch 3/90 - 24.077s
13: Epoch 3/90 - 24.077s
05: Epoch 3/90 - 24.077s
15: Epoch 3/90 - 24.077s
09: Epoch 3/90 - 24.077s
03: Epoch 3/90 - 24.077s
07: Epoch 3/90 - 24.077s
11: Epoch 3/90 - 24.077s
00: Epoch 3/90 - 24.077s
04: Epoch 4/90 - 23.192s
01: Epoch 4/90 - 23.192s
10: Epoch 4/90 - 23.192s
12: Epoch 4/90 - 23.192s
14: Epoch 4/90 - 23.192s
08: Epoch 4/90 - 23.192s
02: Epoch 4/90 - 23.192s
06: Epoch 4/90 - 23.192s
11: Epoch 4/90 - 23.192s
13: Epoch 4/90 - 23.192s
05: Epoch 4/90 - 23.192s
15: Epoch 4/90 - 23.192s
09: Epoch 4/90 - 23.192s
03: Epoch 4/90 - 23.192s
07: Epoch 4/90 - 23.192s
00: Epoch 4/90 - 23.192s
04: Epoch 5/90 - 22.745s
14: Epoch 5/90 - 22.745s
01: Epoch 5/90 - 22.745s
08: Epoch 5/90 - 22.745s
12: Epoch 5/90 - 22.745s
05: Epoch 5/90 - 22.745s
15: Epoch 5/90 - 22.745s
09: Epoch 5/90 - 22.745s
02: Epoch 5/90 - 22.745s
06: Epoch 5/90 - 22.745s
10: Epoch 5/90 - 22.745s
13: Epoch 5/90 - 22.745s
03: Epoch 5/90 - 22.745s
07: Epoch 5/90 - 22.745s
11: Epoch 5/90 - 22.745s
00: Epoch 5/90 - 22.745s
12: Epoch 6/90 - 23.574s
01: Epoch 6/90 - 23.574s
02: Epoch 6/90 - 23.574s
10: Epoch 6/90 - 23.574s
13: Epoch 6/90 - 23.574s
04: Epoch 6/90 - 23.574s
14: Epoch 6/90 - 23.574s
08: Epoch 6/90 - 23.574s
03: Epoch 6/90 - 23.574s
06: Epoch 6/90 - 23.574s
11: Epoch 6/90 - 23.574s
05: Epoch 6/90 - 23.574s
15: Epoch 6/90 - 23.574s
09: Epoch 6/90 - 23.574s
07: Epoch 6/90 - 23.574s
00: Epoch 6/90 - 23.574s
01: Epoch 7/90 - 23.554s
08: Epoch 7/90 - 23.554s
12: Epoch 7/90 - 23.554s
04: Epoch 7/90 - 23.554s
14: Epoch 7/90 - 23.554s
09: Epoch 7/90 - 23.554s
02: Epoch 7/90 - 23.554s
07: Epoch 7/90 - 23.554s
10: Epoch 7/90 - 23.554s
13: Epoch 7/90 - 23.554s
05: Epoch 7/90 - 23.554s
15: Epoch 7/90 - 23.554s
03: Epoch 7/90 - 23.554s
06: Epoch 7/90 - 23.554s
11: Epoch 7/90 - 23.554s
00: Epoch 7/90 - 23.554s
04: Epoch 8/90 - 23.620s
01: Epoch 8/90 - 23.620s
08: Epoch 8/90 - 23.620s
10: Epoch 8/90 - 23.620s
12: Epoch 8/90 - 23.620s
05: Epoch 8/90 - 23.620s
14: Epoch 8/90 - 23.620s
02: Epoch 8/90 - 23.620s
06: Epoch 8/90 - 23.620s
13: Epoch 8/90 - 23.620s
15: Epoch 8/90 - 23.620s
09: Epoch 8/90 - 23.620s
03: Epoch 8/90 - 23.620s
07: Epoch 8/90 - 23.620s
11: Epoch 8/90 - 23.620s
00: Epoch 8/90 - 23.620s
01: Epoch 9/90 - 22.732s
12: Epoch 9/90 - 22.732s
04: Epoch 9/90 - 22.732s
14: Epoch 9/90 - 22.732s
08: Epoch 9/90 - 22.732s
02: Epoch 9/90 - 22.732s
06: Epoch 9/90 - 22.732s
10: Epoch 9/90 - 22.732s
13: Epoch 9/90 - 22.732s
05: Epoch 9/90 - 22.732s
15: Epoch 9/90 - 22.732s
09: Epoch 9/90 - 22.732s
03: Epoch 9/90 - 22.732s
07: Epoch 9/90 - 22.732s
11: Epoch 9/90 - 22.732s
00: Epoch 9/90 - 22.732s
01: Epoch 10/90 - 22.423s
12: Epoch 10/90 - 22.423s
14: Epoch 10/90 - 22.423s
08: Epoch 10/90 - 22.423s
02: Epoch 10/90 - 22.423s
06: Epoch 10/90 - 22.423s
10: Epoch 10/90 - 22.423s
13: Epoch 10/90 - 22.423s
04: Epoch 10/90 - 22.423s
15: Epoch 10/90 - 22.423s
09: Epoch 10/90 - 22.423s
03: Epoch 10/90 - 22.423s
07: Epoch 10/90 - 22.423s
11: Epoch 10/90 - 22.423s
05: Epoch 10/90 - 22.423s
00: Epoch 10/90 - 22.423s
01: Epoch 11/90 - 22.610s
10: Epoch 11/90 - 22.610s
12: Epoch 11/90 - 22.610s
04: Epoch 11/90 - 22.610s
14: Epoch 11/90 - 22.610s
08: Epoch 11/90 - 22.610s
02: Epoch 11/90 - 22.610s
06: Epoch 11/90 - 22.610s
13: Epoch 11/90 - 22.610s
05: Epoch 11/90 - 22.610s
15: Epoch 11/90 - 22.610s
09: Epoch 11/90 - 22.610s
03: Epoch 11/90 - 22.610s
07: Epoch 11/90 - 22.610s
11: Epoch 11/90 - 22.610s
00: Epoch 11/90 - 22.610s
01: Epoch 12/90 - 22.508s
12: Epoch 12/90 - 22.508s
04: Epoch 12/90 - 22.508s
14: Epoch 12/90 - 22.508s
08: Epoch 12/90 - 22.508s
02: Epoch 12/90 - 22.508s
06: Epoch 12/90 - 22.508s
10: Epoch 12/90 - 22.508s
13: Epoch 12/90 - 22.508s
05: Epoch 12/90 - 22.508s
15: Epoch 12/90 - 22.508s
09: Epoch 12/90 - 22.508s
03: Epoch 12/90 - 22.508s
07: Epoch 12/90 - 22.508s
11: Epoch 12/90 - 22.508s
00: Epoch 12/90 - 22.508s
04: Epoch 13/90 - 23.023s
01: Epoch 13/90 - 23.023s
10: Epoch 13/90 - 23.023s
12: Epoch 13/90 - 23.023s
14: Epoch 13/90 - 23.023s
08: Epoch 13/90 - 23.023s
02: Epoch 13/90 - 23.023s
06: Epoch 13/90 - 23.023s
13: Epoch 13/90 - 23.023s
05: Epoch 13/90 - 23.023s
15: Epoch 13/90 - 23.023s
09: Epoch 13/90 - 23.023s
03: Epoch 13/90 - 23.023s
07: Epoch 13/90 - 23.023s
11: Epoch 13/90 - 23.023s
00: Epoch 13/90 - 23.023s
01: Epoch 14/90 - 23.569s
04: Epoch 14/90 - 23.569s
14: Epoch 14/90 - 23.569s
12: Epoch 14/90 - 23.569s
08: Epoch 14/90 - 23.569s
02: Epoch 14/90 - 23.569s
06: Epoch 14/90 - 23.569s
10: Epoch 14/90 - 23.569s
13: Epoch 14/90 - 23.569s
05: Epoch 14/90 - 23.569s
15: Epoch 14/90 - 23.569s
03: Epoch 14/90 - 23.569s
07: Epoch 14/90 - 23.569s
11: Epoch 14/90 - 23.569s
09: Epoch 14/90 - 23.569s
00: Epoch 14/90 - 23.569s
01: Epoch 15/90 - 23.541s
10: Epoch 15/90 - 23.541s
12: Epoch 15/90 - 23.541s
04: Epoch 15/90 - 23.541s
14: Epoch 15/90 - 23.541s
08: Epoch 15/90 - 23.541s
02: Epoch 15/90 - 23.541s
06: Epoch 15/90 - 23.541s
13: Epoch 15/90 - 23.541s
05: Epoch 15/90 - 23.541s
15: Epoch 15/90 - 23.541s
09: Epoch 15/90 - 23.541s
03: Epoch 15/90 - 23.541s
07: Epoch 15/90 - 23.541s
11: Epoch 15/90 - 23.541s
00: Epoch 15/90 - 23.541s
12: Epoch 16/90 - 23.344s
04: Epoch 16/90 - 23.344s
14: Epoch 16/90 - 23.344s
01: Epoch 16/90 - 23.344s
08: Epoch 16/90 - 23.344s
02: Epoch 16/90 - 23.344s
06: Epoch 16/90 - 23.344s
10: Epoch 16/90 - 23.344s
13: Epoch 16/90 - 23.344s
05: Epoch 16/90 - 23.344s
15: Epoch 16/90 - 23.344s
09: Epoch 16/90 - 23.344s
03: Epoch 16/90 - 23.344s
07: Epoch 16/90 - 23.344s
11: Epoch 16/90 - 23.344s
00: Epoch 16/90 - 23.344s
14: Epoch 17/90 - 22.905s
01: Epoch 17/90 - 22.905s
12: Epoch 17/90 - 22.905s
04: Epoch 17/90 - 22.905s
08: Epoch 17/90 - 22.905s
02: Epoch 17/90 - 22.905s
06: Epoch 17/90 - 22.905s
10: Epoch 17/90 - 22.905s
13: Epoch 17/90 - 22.905s
05: Epoch 17/90 - 22.905s
15: Epoch 17/90 - 22.905s
00: Epoch 17/90 - 22.905s
09: Epoch 17/90 - 22.905s
03: Epoch 17/90 - 22.905s
07: Epoch 17/90 - 22.905s
11: Epoch 17/90 - 22.905s
01: Epoch 18/90 - 23.138s
10: Epoch 18/90 - 23.138s
12: Epoch 18/90 - 23.138s
04: Epoch 18/90 - 23.138s
14: Epoch 18/90 - 23.138s
08: Epoch 18/90 - 23.138s
02: Epoch 18/90 - 23.138s
06: Epoch 18/90 - 23.138s
11: Epoch 18/90 - 23.138s
13: Epoch 18/90 - 23.138s
05: Epoch 18/90 - 23.138s
15: Epoch 18/90 - 23.138s
09: Epoch 18/90 - 23.138s
03: Epoch 18/90 - 23.138s
07: Epoch 18/90 - 23.138s
00: Epoch 18/90 - 23.138s
01: Epoch 19/90 - 23.162s
10: Epoch 19/90 - 23.162s
12: Epoch 19/90 - 23.162s
04: Epoch 19/90 - 23.162s
14: Epoch 19/90 - 23.162s
08: Epoch 19/90 - 23.162s
02: Epoch 19/90 - 23.162s
06: Epoch 19/90 - 23.162s
13: Epoch 19/90 - 23.162s
05: Epoch 19/90 - 23.162s
15: Epoch 19/90 - 23.162s
09: Epoch 19/90 - 23.162s
03: Epoch 19/90 - 23.162s
07: Epoch 19/90 - 23.162s
11: Epoch 19/90 - 23.162s
00: Epoch 19/90 - 23.162s
01: Epoch 20/90 - 22.720s
12: Epoch 20/90 - 22.720s
04: Epoch 20/90 - 22.720s
14: Epoch 20/90 - 22.720s
08: Epoch 20/90 - 22.720s
02: Epoch 20/90 - 22.720s
10: Epoch 20/90 - 22.720s
13: Epoch 20/90 - 22.720s
05: Epoch 20/90 - 22.720s
15: Epoch 20/90 - 22.720s
09: Epoch 20/90 - 22.720s
03: Epoch 20/90 - 22.720s
06: Epoch 20/90 - 22.720s
11: Epoch 20/90 - 22.720s
07: Epoch 20/90 - 22.720s
00: Epoch 20/90 - 22.720s
01: Epoch 21/90 - 22.782s
10: Epoch 21/90 - 22.782s
12: Epoch 21/90 - 22.782s
04: Epoch 21/90 - 22.782s
14: Epoch 21/90 - 22.782s
08: Epoch 21/90 - 22.782s
02: Epoch 21/90 - 22.782s
06: Epoch 21/90 - 22.782s
13: Epoch 21/90 - 22.782s
05: Epoch 21/90 - 22.782s
15: Epoch 21/90 - 22.782s
09: Epoch 21/90 - 22.782s
03: Epoch 21/90 - 22.782s
07: Epoch 21/90 - 22.782s
11: Epoch 21/90 - 22.782s
00: Epoch 21/90 - 22.782s
00: 
12: Epoch 22/90 - 23.051s
04: Epoch 22/90 - 23.051s
01: Epoch 22/90 - 23.051s
08: Epoch 22/90 - 23.051s
02: Epoch 22/90 - 23.051s
10: Epoch 22/90 - 23.051s
13: Epoch 22/90 - 23.051s
05: Epoch 22/90 - 23.051s
14: Epoch 22/90 - 23.051s
09: Epoch 22/90 - 23.051s
03: Epoch 22/90 - 23.051s
06: Epoch 22/90 - 23.051s
11: Epoch 22/90 - 23.051s
15: Epoch 22/90 - 23.051s
07: Epoch 22/90 - 23.051s
00: Epoch 22/90 - 23.051s
01: Epoch 23/90 - 23.058s
12: Epoch 23/90 - 23.058s
04: Epoch 23/90 - 23.058s
14: Epoch 23/90 - 23.058s
08: Epoch 23/90 - 23.058s
02: Epoch 23/90 - 23.058s
06: Epoch 23/90 - 23.058s
10: Epoch 23/90 - 23.058s
13: Epoch 23/90 - 23.058s
05: Epoch 23/90 - 23.058s
15: Epoch 23/90 - 23.058s
09: Epoch 23/90 - 23.058s
03: Epoch 23/90 - 23.058s
07: Epoch 23/90 - 23.058s
11: Epoch 23/90 - 23.058s
00: Epoch 23/90 - 23.058s
01: Epoch 24/90 - 22.794s
12: Epoch 24/90 - 22.794s
04: Epoch 24/90 - 22.794s
14: Epoch 24/90 - 22.794s
08: Epoch 24/90 - 22.794s
02: Epoch 24/90 - 22.794s
10: Epoch 24/90 - 22.794s
13: Epoch 24/90 - 22.794s
05: Epoch 24/90 - 22.794s
15: Epoch 24/90 - 22.794s
09: Epoch 24/90 - 22.794s
03: Epoch 24/90 - 22.794s
06: Epoch 24/90 - 22.794s
11: Epoch 24/90 - 22.794s
00: Epoch 24/90 - 22.794s
07: Epoch 24/90 - 22.794s
01: Epoch 25/90 - 23.039s
12: Epoch 25/90 - 23.039s
04: Epoch 25/90 - 23.039s
14: Epoch 25/90 - 23.039s
08: Epoch 25/90 - 23.039s
10: Epoch 25/90 - 23.039s
13: Epoch 25/90 - 23.039s
05: Epoch 25/90 - 23.039s
15: Epoch 25/90 - 23.039s
09: Epoch 25/90 - 23.039s
02: Epoch 25/90 - 23.039s
06: Epoch 25/90 - 23.039s
11: Epoch 25/90 - 23.039s
00: Epoch 25/90 - 23.039s
03: Epoch 25/90 - 23.039s
07: Epoch 25/90 - 23.039s
04: Epoch 26/90 - 22.644s
14: Epoch 26/90 - 22.644s
01: Epoch 26/90 - 22.644s
10: Epoch 26/90 - 22.644s
12: Epoch 26/90 - 22.644s
05: Epoch 26/90 - 22.644s
15: Epoch 26/90 - 22.644s
08: Epoch 26/90 - 22.644s
02: Epoch 26/90 - 22.644s
06: Epoch 26/90 - 22.644s
11: Epoch 26/90 - 22.644s
13: Epoch 26/90 - 22.644s
00: Epoch 26/90 - 22.644s
09: Epoch 26/90 - 22.644s
03: Epoch 26/90 - 22.644s
07: Epoch 26/90 - 22.644s
01: Epoch 27/90 - 22.533s
04: Epoch 27/90 - 22.533s
14: Epoch 27/90 - 22.533s
08: Epoch 27/90 - 22.533s
02: Epoch 27/90 - 22.533s
10: Epoch 27/90 - 22.533s
12: Epoch 27/90 - 22.533s
05: Epoch 27/90 - 22.533s
15: Epoch 27/90 - 22.533s
09: Epoch 27/90 - 22.533s
03: Epoch 27/90 - 22.533s
06: Epoch 27/90 - 22.533s
11: Epoch 27/90 - 22.533s
13: Epoch 27/90 - 22.533s
07: Epoch 27/90 - 22.533s
00: Epoch 27/90 - 22.533s
01: Epoch 28/90 - 22.540s
12: Epoch 28/90 - 22.540s
04: Epoch 28/90 - 22.540s
14: Epoch 28/90 - 22.540s
08: Epoch 28/90 - 22.540s
02: Epoch 28/90 - 22.540s
10: Epoch 28/90 - 22.540s
13: Epoch 28/90 - 22.540s
05: Epoch 28/90 - 22.540s
15: Epoch 28/90 - 22.540s
09: Epoch 28/90 - 22.540s
03: Epoch 28/90 - 22.540s
06: Epoch 28/90 - 22.540s
11: Epoch 28/90 - 22.540s
07: Epoch 28/90 - 22.540s
00: Epoch 28/90 - 22.540s
04: Epoch 29/90 - 22.741s
15: Epoch 29/90 - 22.741s
01: Epoch 29/90 - 22.741s
08: Epoch 29/90 - 22.741s
02: Epoch 29/90 - 22.741s
10: Epoch 29/90 - 22.741s
12: Epoch 29/90 - 22.741s
05: Epoch 29/90 - 22.741s
14: Epoch 29/90 - 22.741s
09: Epoch 29/90 - 22.741s
03: Epoch 29/90 - 22.741s
06: Epoch 29/90 - 22.741s
11: Epoch 29/90 - 22.741s
13: Epoch 29/90 - 22.741s
07: Epoch 29/90 - 22.741s
00: Epoch 29/90 - 22.741s
14: Epoch 30/90 - 22.489s
01: Epoch 30/90 - 22.489s
08: Epoch 30/90 - 22.489s
10: Epoch 30/90 - 22.489s
12: Epoch 30/90 - 22.489s
04: Epoch 30/90 - 22.489s
15: Epoch 30/90 - 22.489s
09: Epoch 30/90 - 22.489s
02: Epoch 30/90 - 22.489s
06: Epoch 30/90 - 22.489s
11: Epoch 30/90 - 22.489s
13: Epoch 30/90 - 22.489s
05: Epoch 30/90 - 22.489s
03: Epoch 30/90 - 22.489s
07: Epoch 30/90 - 22.489s
00: Epoch 30/90 - 22.489s
01: Epoch 31/90 - 22.818s
12: Epoch 31/90 - 22.818s
04: Epoch 31/90 - 22.818s
14: Epoch 31/90 - 22.818s
08: Epoch 31/90 - 22.818s
02: Epoch 31/90 - 22.818s
10: Epoch 31/90 - 22.818s
13: Epoch 31/90 - 22.818s
05: Epoch 31/90 - 22.818s
15: Epoch 31/90 - 22.818s
09: Epoch 31/90 - 22.818s
03: Epoch 31/90 - 22.818s
06: Epoch 31/90 - 22.818s
11: Epoch 31/90 - 22.818s
07: Epoch 31/90 - 22.818s
00: Epoch 31/90 - 22.818s
01: Epoch 32/90 - 22.577s
12: Epoch 32/90 - 22.577s
04: Epoch 32/90 - 22.577s
14: Epoch 32/90 - 22.577s
08: Epoch 32/90 - 22.577s
02: Epoch 32/90 - 22.577s
06: Epoch 32/90 - 22.577s
10: Epoch 32/90 - 22.577s
13: Epoch 32/90 - 22.577s
05: Epoch 32/90 - 22.577s
15: Epoch 32/90 - 22.577s
09: Epoch 32/90 - 22.577s
03: Epoch 32/90 - 22.577s
07: Epoch 32/90 - 22.577s
11: Epoch 32/90 - 22.577s
00: Epoch 32/90 - 22.577s
04: Epoch 33/90 - 22.705s
01: Epoch 33/90 - 22.705s
08: Epoch 33/90 - 22.705s
02: Epoch 33/90 - 22.705s
12: Epoch 33/90 - 22.705s
05: Epoch 33/90 - 22.705s
14: Epoch 33/90 - 22.705s
06: Epoch 33/90 - 22.705s
10: Epoch 33/90 - 22.705s
13: Epoch 33/90 - 22.705s
15: Epoch 33/90 - 22.705s
09: Epoch 33/90 - 22.705s
03: Epoch 33/90 - 22.705s
07: Epoch 33/90 - 22.705s
11: Epoch 33/90 - 22.705s
00: Epoch 33/90 - 22.705s
14: Epoch 34/90 - 23.347s
01: Epoch 34/90 - 23.347s
13: Epoch 34/90 - 23.347s
04: Epoch 34/90 - 23.347s
08: Epoch 34/90 - 23.347s
02: Epoch 34/90 - 23.347s
06: Epoch 34/90 - 23.347s
10: Epoch 34/90 - 23.347s
12: Epoch 34/90 - 23.348s
05: Epoch 34/90 - 23.347s
15: Epoch 34/90 - 23.347s
09: Epoch 34/90 - 23.347s
03: Epoch 34/90 - 23.347s
07: Epoch 34/90 - 23.347s
11: Epoch 34/90 - 23.347s
00: Epoch 34/90 - 23.347s
01: Epoch 35/90 - 23.601s
12: Epoch 35/90 - 23.601s
08: Epoch 35/90 - 23.601s
02: Epoch 35/90 - 23.601s
10: Epoch 35/90 - 23.601s
13: Epoch 35/90 - 23.601s
04: Epoch 35/90 - 23.601s
14: Epoch 35/90 - 23.601s
09: Epoch 35/90 - 23.601s
03: Epoch 35/90 - 23.601s
06: Epoch 35/90 - 23.601s
11: Epoch 35/90 - 23.601s
05: Epoch 35/90 - 23.601s
15: Epoch 35/90 - 23.601s
00: Epoch 35/90 - 23.601s
07: Epoch 35/90 - 23.601s
01: Epoch 36/90 - 23.509s
12: Epoch 36/90 - 23.509s
04: Epoch 36/90 - 23.509s
14: Epoch 36/90 - 23.509s
08: Epoch 36/90 - 23.509s
02: Epoch 36/90 - 23.509s
10: Epoch 36/90 - 23.509s
13: Epoch 36/90 - 23.509s
05: Epoch 36/90 - 23.509s
15: Epoch 36/90 - 23.509s
09: Epoch 36/90 - 23.509s
03: Epoch 36/90 - 23.509s
06: Epoch 36/90 - 23.509s
11: Epoch 36/90 - 23.509s
00: Epoch 36/90 - 23.509s
07: Epoch 36/90 - 23.509s
04: Epoch 37/90 - 23.541s
01: Epoch 37/90 - 23.541s
14: Epoch 37/90 - 23.541s
08: Epoch 37/90 - 23.541s
10: Epoch 37/90 - 23.541s
13: Epoch 37/90 - 23.541s
05: Epoch 37/90 - 23.541s
15: Epoch 37/90 - 23.541s
02: Epoch 37/90 - 23.541s
06: Epoch 37/90 - 23.541s
12: Epoch 37/90 - 23.541s
09: Epoch 37/90 - 23.541s
03: Epoch 37/90 - 23.541s
07: Epoch 37/90 - 23.541s
11: Epoch 37/90 - 23.541s
00: Epoch 37/90 - 23.541s
01: Epoch 38/90 - 23.729s
08: Epoch 38/90 - 23.729s
12: Epoch 38/90 - 23.729s
04: Epoch 38/90 - 23.729s
14: Epoch 38/90 - 23.729s
02: Epoch 38/90 - 23.729s
06: Epoch 38/90 - 23.729s
10: Epoch 38/90 - 23.729s
13: Epoch 38/90 - 23.729s
05: Epoch 38/90 - 23.729s
15: Epoch 38/90 - 23.729s
09: Epoch 38/90 - 23.729s
03: Epoch 38/90 - 23.729s
07: Epoch 38/90 - 23.729s
11: Epoch 38/90 - 23.729s
00: Epoch 38/90 - 23.729s
01: Epoch 39/90 - 23.804s
12: Epoch 39/90 - 23.804s
04: Epoch 39/90 - 23.804s
14: Epoch 39/90 - 23.804s
08: Epoch 39/90 - 23.804s
02: Epoch 39/90 - 23.804s
06: Epoch 39/90 - 23.804s
10: Epoch 39/90 - 23.804s
13: Epoch 39/90 - 23.804s
05: Epoch 39/90 - 23.804s
15: Epoch 39/90 - 23.804s
09: Epoch 39/90 - 23.804s
03: Epoch 39/90 - 23.804s
07: Epoch 39/90 - 23.804s
11: Epoch 39/90 - 23.804s
00: Epoch 39/90 - 23.804s
01: Epoch 40/90 - 23.663s
10: Epoch 40/90 - 23.663s
12: Epoch 40/90 - 23.663s
04: Epoch 40/90 - 23.663s
14: Epoch 40/90 - 23.663s
08: Epoch 40/90 - 23.663s
02: Epoch 40/90 - 23.663s
06: Epoch 40/90 - 23.663s
11: Epoch 40/90 - 23.663s
13: Epoch 40/90 - 23.663s
05: Epoch 40/90 - 23.663s
15: Epoch 40/90 - 23.663s
09: Epoch 40/90 - 23.663s
03: Epoch 40/90 - 23.663s
07: Epoch 40/90 - 23.663s
00: Epoch 40/90 - 23.663s
01: Epoch 41/90 - 23.498s
10: Epoch 41/90 - 23.498s
12: Epoch 41/90 - 23.498s
04: Epoch 41/90 - 23.498s
14: Epoch 41/90 - 23.498s
08: Epoch 41/90 - 23.498s
02: Epoch 41/90 - 23.498s
06: Epoch 41/90 - 23.498s
13: Epoch 41/90 - 23.498s
05: Epoch 41/90 - 23.498s
15: Epoch 41/90 - 23.498s
00: Epoch 41/90 - 23.498s
09: Epoch 41/90 - 23.498s
03: Epoch 41/90 - 23.498s
07: Epoch 41/90 - 23.498s
11: Epoch 41/90 - 23.498s
01: Epoch 42/90 - 23.658s
12: Epoch 42/90 - 23.658s
04: Epoch 42/90 - 23.658s
14: Epoch 42/90 - 23.658s
08: Epoch 42/90 - 23.658s
02: Epoch 42/90 - 23.658s
06: Epoch 42/90 - 23.658s
10: Epoch 42/90 - 23.658s
13: Epoch 42/90 - 23.658s
05: Epoch 42/90 - 23.658s
15: Epoch 42/90 - 23.658s
09: Epoch 42/90 - 23.658s
03: Epoch 42/90 - 23.658s
07: Epoch 42/90 - 23.658s
11: Epoch 42/90 - 23.658s
00: Epoch 42/90 - 23.658s
01: Epoch 43/90 - 23.607s
04: Epoch 43/90 - 23.607s
14: Epoch 43/90 - 23.607s
10: Epoch 43/90 - 23.607s
12: Epoch 43/90 - 23.607s
05: Epoch 43/90 - 23.607s
15: Epoch 43/90 - 23.607s
08: Epoch 43/90 - 23.607s
02: Epoch 43/90 - 23.607s
06: Epoch 43/90 - 23.607s
11: Epoch 43/90 - 23.607s
13: Epoch 43/90 - 23.607s
09: Epoch 43/90 - 23.607s
03: Epoch 43/90 - 23.607s
07: Epoch 43/90 - 23.607s
00: Epoch 43/90 - 23.607s
01: Epoch 44/90 - 23.552s
12: Epoch 44/90 - 23.552s
04: Epoch 44/90 - 23.552s
14: Epoch 44/90 - 23.552s
08: Epoch 44/90 - 23.552s
02: Epoch 44/90 - 23.552s
06: Epoch 44/90 - 23.552s
10: Epoch 44/90 - 23.552s
13: Epoch 44/90 - 23.552s
05: Epoch 44/90 - 23.552s
15: Epoch 44/90 - 23.552s
09: Epoch 44/90 - 23.552s
03: Epoch 44/90 - 23.552s
07: Epoch 44/90 - 23.552s
11: Epoch 44/90 - 23.552s
00: Epoch 44/90 - 23.552s
01: Epoch 45/90 - 23.446s
12: Epoch 45/90 - 23.446s
04: Epoch 45/90 - 23.446s
14: Epoch 45/90 - 23.446s
08: Epoch 45/90 - 23.446s
02: Epoch 45/90 - 23.446s
06: Epoch 45/90 - 23.446s
10: Epoch 45/90 - 23.446s
13: Epoch 45/90 - 23.446s
05: Epoch 45/90 - 23.446s
15: Epoch 45/90 - 23.446s
09: Epoch 45/90 - 23.446s
03: Epoch 45/90 - 23.446s
07: Epoch 45/90 - 23.446s
11: Epoch 45/90 - 23.446s
00: Epoch 45/90 - 23.446s
01: Epoch 46/90 - 23.586s
12: Epoch 46/90 - 23.586s
04: Epoch 46/90 - 23.586s
08: Epoch 46/90 - 23.586s
02: Epoch 46/90 - 23.586s
10: Epoch 46/90 - 23.586s
13: Epoch 46/90 - 23.586s
05: Epoch 46/90 - 23.586s
14: Epoch 46/90 - 23.586s
09: Epoch 46/90 - 23.586s
03: Epoch 46/90 - 23.586s
06: Epoch 46/90 - 23.586s
11: Epoch 46/90 - 23.586s
15: Epoch 46/90 - 23.586s
07: Epoch 46/90 - 23.586s
00: Epoch 46/90 - 23.586s
01: Epoch 47/90 - 23.398s
13: Epoch 47/90 - 23.398s
14: Epoch 47/90 - 23.398s
02: Epoch 47/90 - 23.398s
10: Epoch 47/90 - 23.398s
12: Epoch 47/90 - 23.398s
04: Epoch 47/90 - 23.398s
15: Epoch 47/90 - 23.398s
08: Epoch 47/90 - 23.398s
03: Epoch 47/90 - 23.398s
06: Epoch 47/90 - 23.398s
11: Epoch 47/90 - 23.398s
05: Epoch 47/90 - 23.398s
00: Epoch 47/90 - 23.398s
09: Epoch 47/90 - 23.398s
07: Epoch 47/90 - 23.398s
12: Epoch 48/90 - 23.614s
01: Epoch 48/90 - 23.614s
04: Epoch 48/90 - 23.614s
14: Epoch 48/90 - 23.614s
08: Epoch 48/90 - 23.614s
02: Epoch 48/90 - 23.614s
06: Epoch 48/90 - 23.614s
13: Epoch 48/90 - 23.614s
05: Epoch 48/90 - 23.614s
15: Epoch 48/90 - 23.614s
09: Epoch 48/90 - 23.614s
03: Epoch 48/90 - 23.614s
07: Epoch 48/90 - 23.614s
10: Epoch 48/90 - 23.614s
00: Epoch 48/90 - 23.615s
11: Epoch 48/90 - 23.614s
04: Epoch 49/90 - 23.667s
14: Epoch 49/90 - 23.667s
01: Epoch 49/90 - 23.667s
12: Epoch 49/90 - 23.667s
08: Epoch 49/90 - 23.667s
02: Epoch 49/90 - 23.667s
06: Epoch 49/90 - 23.667s
10: Epoch 49/90 - 23.667s
13: Epoch 49/90 - 23.667s
05: Epoch 49/90 - 23.667s
15: Epoch 49/90 - 23.667s
09: Epoch 49/90 - 23.667s
03: Epoch 49/90 - 23.667s
07: Epoch 49/90 - 23.667s
11: Epoch 49/90 - 23.667s
00: Epoch 49/90 - 23.667s
04: Epoch 50/90 - 24.199s
14: Epoch 50/90 - 24.199s
01: Epoch 50/90 - 24.199s
08: Epoch 50/90 - 24.199s
12: Epoch 50/90 - 24.199s
02: Epoch 50/90 - 24.199s
06: Epoch 50/90 - 24.199s
10: Epoch 50/90 - 24.199s
13: Epoch 50/90 - 24.199s
05: Epoch 50/90 - 24.199s
15: Epoch 50/90 - 24.199s
09: Epoch 50/90 - 24.199s
03: Epoch 50/90 - 24.199s
07: Epoch 50/90 - 24.199s
11: Epoch 50/90 - 24.199s
00: Epoch 50/90 - 24.199s
14: Epoch 51/90 - 23.705s
01: Epoch 51/90 - 23.705s
13: Epoch 51/90 - 23.705s
04: Epoch 51/90 - 23.705s
15: Epoch 51/90 - 23.705s
08: Epoch 51/90 - 23.705s
02: Epoch 51/90 - 23.705s
06: Epoch 51/90 - 23.705s
10: Epoch 51/90 - 23.705s
12: Epoch 51/90 - 23.705s
05: Epoch 51/90 - 23.705s
09: Epoch 51/90 - 23.705s
03: Epoch 51/90 - 23.705s
07: Epoch 51/90 - 23.705s
11: Epoch 51/90 - 23.705s
00: Epoch 51/90 - 23.705s
01: Epoch 52/90 - 23.526s
10: Epoch 52/90 - 23.526s
12: Epoch 52/90 - 23.526s
04: Epoch 52/90 - 23.526s
14: Epoch 52/90 - 23.526s
08: Epoch 52/90 - 23.526s
02: Epoch 52/90 - 23.526s
06: Epoch 52/90 - 23.526s
13: Epoch 52/90 - 23.526s
05: Epoch 52/90 - 23.526s
15: Epoch 52/90 - 23.526s
09: Epoch 52/90 - 23.526s
03: Epoch 52/90 - 23.526s
07: Epoch 52/90 - 23.526s
11: Epoch 52/90 - 23.526s
00: Epoch 52/90 - 23.526s
01: Epoch 53/90 - 23.501s
12: Epoch 53/90 - 23.501s
04: Epoch 53/90 - 23.501s
14: Epoch 53/90 - 23.501s
08: Epoch 53/90 - 23.501s
02: Epoch 53/90 - 23.501s
06: Epoch 53/90 - 23.501s
10: Epoch 53/90 - 23.501s
13: Epoch 53/90 - 23.501s
05: Epoch 53/90 - 23.501s
15: Epoch 53/90 - 23.501s
09: Epoch 53/90 - 23.501s
03: Epoch 53/90 - 23.501s
07: Epoch 53/90 - 23.501s
11: Epoch 53/90 - 23.501s
00: Epoch 53/90 - 23.501s
04: Epoch 54/90 - 23.641s
01: Epoch 54/90 - 23.641s
02: Epoch 54/90 - 23.641s
10: Epoch 54/90 - 23.641s
12: Epoch 54/90 - 23.641s
05: Epoch 54/90 - 23.641s
14: Epoch 54/90 - 23.641s
08: Epoch 54/90 - 23.641s
06: Epoch 54/90 - 23.641s
13: Epoch 54/90 - 23.641s
15: Epoch 54/90 - 23.641s
09: Epoch 54/90 - 23.641s
03: Epoch 54/90 - 23.641s
07: Epoch 54/90 - 23.641s
11: Epoch 54/90 - 23.641s
00: Epoch 54/90 - 23.641s
01: Epoch 55/90 - 23.711s
12: Epoch 55/90 - 23.711s
04: Epoch 55/90 - 23.711s
14: Epoch 55/90 - 23.711s
08: Epoch 55/90 - 23.711s
02: Epoch 55/90 - 23.711s
06: Epoch 55/90 - 23.711s
10: Epoch 55/90 - 23.711s
13: Epoch 55/90 - 23.711s
05: Epoch 55/90 - 23.711s
15: Epoch 55/90 - 23.711s
09: Epoch 55/90 - 23.711s
03: Epoch 55/90 - 23.711s
07: Epoch 55/90 - 23.711s
11: Epoch 55/90 - 23.711s
00: Epoch 55/90 - 23.711s
04: Epoch 56/90 - 23.647s
01: Epoch 56/90 - 23.647s
10: Epoch 56/90 - 23.647s
12: Epoch 56/90 - 23.647s
05: Epoch 56/90 - 23.647s
14: Epoch 56/90 - 23.647s
08: Epoch 56/90 - 23.647s
02: Epoch 56/90 - 23.647s
06: Epoch 56/90 - 23.647s
13: Epoch 56/90 - 23.647s
15: Epoch 56/90 - 23.647s
09: Epoch 56/90 - 23.647s
03: Epoch 56/90 - 23.647s
07: Epoch 56/90 - 23.647s
11: Epoch 56/90 - 23.647s
00: Epoch 56/90 - 23.647s
04: Epoch 57/90 - 23.608s
01: Epoch 57/90 - 23.608s
13: Epoch 57/90 - 23.608s
14: Epoch 57/90 - 23.608s
08: Epoch 57/90 - 23.608s
06: Epoch 57/90 - 23.608s
10: Epoch 57/90 - 23.608s
12: Epoch 57/90 - 23.608s
05: Epoch 57/90 - 23.608s
15: Epoch 57/90 - 23.608s
09: Epoch 57/90 - 23.608s
02: Epoch 57/90 - 23.608s
07: Epoch 57/90 - 23.608s
11: Epoch 57/90 - 23.608s
00: Epoch 57/90 - 23.608s
03: Epoch 57/90 - 23.608s
01: Epoch 58/90 - 23.504s
12: Epoch 58/90 - 23.504s
04: Epoch 58/90 - 23.504s
14: Epoch 58/90 - 23.504s
08: Epoch 58/90 - 23.504s
02: Epoch 58/90 - 23.504s
06: Epoch 58/90 - 23.504s
10: Epoch 58/90 - 23.504s
13: Epoch 58/90 - 23.504s
05: Epoch 58/90 - 23.504s
15: Epoch 58/90 - 23.504s
09: Epoch 58/90 - 23.504s
03: Epoch 58/90 - 23.504s
07: Epoch 58/90 - 23.504s
11: Epoch 58/90 - 23.504s
00: Epoch 58/90 - 23.504s
01: Epoch 59/90 - 23.705s
12: Epoch 59/90 - 23.705s
14: Epoch 59/90 - 23.705s
08: Epoch 59/90 - 23.705s
02: Epoch 59/90 - 23.705s
06: Epoch 59/90 - 23.705s
10: Epoch 59/90 - 23.705s
13: Epoch 59/90 - 23.705s
04: Epoch 59/90 - 23.705s
15: Epoch 59/90 - 23.705s
09: Epoch 59/90 - 23.705s
03: Epoch 59/90 - 23.705s
07: Epoch 59/90 - 23.705s
11: Epoch 59/90 - 23.705s
05: Epoch 59/90 - 23.705s
00: Epoch 59/90 - 23.705s
01: Epoch 60/90 - 23.130s
12: Epoch 60/90 - 23.130s
04: Epoch 60/90 - 23.130s
14: Epoch 60/90 - 23.130s
08: Epoch 60/90 - 23.130s
02: Epoch 60/90 - 23.130s
06: Epoch 60/90 - 23.130s
10: Epoch 60/90 - 23.130s
13: Epoch 60/90 - 23.130s
05: Epoch 60/90 - 23.130s
15: Epoch 60/90 - 23.130s
09: Epoch 60/90 - 23.130s
03: Epoch 60/90 - 23.130s
07: Epoch 60/90 - 23.130s
11: Epoch 60/90 - 23.130s
00: Epoch 60/90 - 23.130s
12: Epoch 61/90 - 23.130s
01: Epoch 61/90 - 23.130s
04: Epoch 61/90 - 23.130s
14: Epoch 61/90 - 23.130s
08: Epoch 61/90 - 23.130s
02: Epoch 61/90 - 23.130s
06: Epoch 61/90 - 23.130s
10: Epoch 61/90 - 23.130s
13: Epoch 61/90 - 23.130s
05: Epoch 61/90 - 23.130s
15: Epoch 61/90 - 23.130s
09: Epoch 61/90 - 23.130s
03: Epoch 61/90 - 23.130s
07: Epoch 61/90 - 23.130s
11: Epoch 61/90 - 23.130s
00: Epoch 61/90 - 23.130s
12: Epoch 62/90 - 23.066s
04: Epoch 62/90 - 23.066s
14: Epoch 62/90 - 23.066s
01: Epoch 62/90 - 23.066s
08: Epoch 62/90 - 23.066s
02: Epoch 62/90 - 23.066s
10: Epoch 62/90 - 23.066s
13: Epoch 62/90 - 23.066s
05: Epoch 62/90 - 23.066s
15: Epoch 62/90 - 23.066s
09: Epoch 62/90 - 23.066s
03: Epoch 62/90 - 23.066s
06: Epoch 62/90 - 23.066s
11: Epoch 62/90 - 23.066s
07: Epoch 62/90 - 23.066s
00: Epoch 62/90 - 23.066s
01: Epoch 63/90 - 22.737s
12: Epoch 63/90 - 22.737s
04: Epoch 63/90 - 22.737s
14: Epoch 63/90 - 22.737s
08: Epoch 63/90 - 22.737s
02: Epoch 63/90 - 22.737s
06: Epoch 63/90 - 22.737s
10: Epoch 63/90 - 22.737s
13: Epoch 63/90 - 22.737s
05: Epoch 63/90 - 22.737s
15: Epoch 63/90 - 22.737s
09: Epoch 63/90 - 22.737s
03: Epoch 63/90 - 22.737s
07: Epoch 63/90 - 22.737s
11: Epoch 63/90 - 22.737s
00: Epoch 63/90 - 22.737s
01: Epoch 64/90 - 22.907s
10: Epoch 64/90 - 22.907s
12: Epoch 64/90 - 22.907s
04: Epoch 64/90 - 22.907s
14: Epoch 64/90 - 22.907s
08: Epoch 64/90 - 22.907s
02: Epoch 64/90 - 22.907s
06: Epoch 64/90 - 22.907s
13: Epoch 64/90 - 22.907s
05: Epoch 64/90 - 22.907s
15: Epoch 64/90 - 22.907s
09: Epoch 64/90 - 22.907s
03: Epoch 64/90 - 22.907s
07: Epoch 64/90 - 22.907s
11: Epoch 64/90 - 22.907s
00: Epoch 64/90 - 22.907s
01: Epoch 65/90 - 22.867s
12: Epoch 65/90 - 22.867s
04: Epoch 65/90 - 22.867s
14: Epoch 65/90 - 22.867s
08: Epoch 65/90 - 22.867s
02: Epoch 65/90 - 22.867s
10: Epoch 65/90 - 22.867s
13: Epoch 65/90 - 22.867s
05: Epoch 65/90 - 22.867s
15: Epoch 65/90 - 22.867s
09: Epoch 65/90 - 22.867s
03: Epoch 65/90 - 22.867s
06: Epoch 65/90 - 22.867s
11: Epoch 65/90 - 22.867s
07: Epoch 65/90 - 22.867s
00: Epoch 65/90 - 22.867s
01: Epoch 66/90 - 22.942s
04: Epoch 66/90 - 22.942s
14: Epoch 66/90 - 22.942s
08: Epoch 66/90 - 22.942s
02: Epoch 66/90 - 22.942s
12: Epoch 66/90 - 22.942s
05: Epoch 66/90 - 22.942s
15: Epoch 66/90 - 22.942s
09: Epoch 66/90 - 22.942s
03: Epoch 66/90 - 22.942s
06: Epoch 66/90 - 22.942s
10: Epoch 66/90 - 22.942s
13: Epoch 66/90 - 22.942s
07: Epoch 66/90 - 22.942s
11: Epoch 66/90 - 22.942s
00: Epoch 66/90 - 22.942s
01: Epoch 67/90 - 23.262s
12: Epoch 67/90 - 23.262s
04: Epoch 67/90 - 23.262s
08: Epoch 67/90 - 23.262s
13: Epoch 67/90 - 23.262s
05: Epoch 67/90 - 23.262s
14: Epoch 67/90 - 23.262s
09: Epoch 67/90 - 23.262s
02: Epoch 67/90 - 23.262s
06: Epoch 67/90 - 23.262s
10: Epoch 67/90 - 23.262s
15: Epoch 67/90 - 23.262s
03: Epoch 67/90 - 23.262s
07: Epoch 67/90 - 23.262s
11: Epoch 67/90 - 23.262s
00: Epoch 67/90 - 23.262s
01: Epoch 68/90 - 22.881s
12: Epoch 68/90 - 22.881s
04: Epoch 68/90 - 22.881s
14: Epoch 68/90 - 22.881s
08: Epoch 68/90 - 22.881s
02: Epoch 68/90 - 22.881s
06: Epoch 68/90 - 22.881s
10: Epoch 68/90 - 22.881s
13: Epoch 68/90 - 22.881s
05: Epoch 68/90 - 22.881s
15: Epoch 68/90 - 22.881s
09: Epoch 68/90 - 22.881s
03: Epoch 68/90 - 22.881s
07: Epoch 68/90 - 22.881s
11: Epoch 68/90 - 22.881s
00: Epoch 68/90 - 22.881s
01: Epoch 69/90 - 22.946s
02: Epoch 69/90 - 22.946s
12: Epoch 69/90 - 22.946s
04: Epoch 69/90 - 22.946s
14: Epoch 69/90 - 22.946s
08: Epoch 69/90 - 22.946s
06: Epoch 69/90 - 22.946s
10: Epoch 69/90 - 22.946s
13: Epoch 69/90 - 22.946s
05: Epoch 69/90 - 22.946s
15: Epoch 69/90 - 22.946s
09: Epoch 69/90 - 22.946s
03: Epoch 69/90 - 22.946s
07: Epoch 69/90 - 22.946s
11: Epoch 69/90 - 22.946s
00: Epoch 69/90 - 22.946s
01: Epoch 70/90 - 23.069s
12: Epoch 70/90 - 23.069s
14: Epoch 70/90 - 23.069s
02: Epoch 70/90 - 23.069s
13: Epoch 70/90 - 23.069s
04: Epoch 70/90 - 23.069s
15: Epoch 70/90 - 23.069s
08: Epoch 70/90 - 23.069s
03: Epoch 70/90 - 23.069s
06: Epoch 70/90 - 23.069s
10: Epoch 70/90 - 23.069s
05: Epoch 70/90 - 23.069s
09: Epoch 70/90 - 23.069s
07: Epoch 70/90 - 23.069s
11: Epoch 70/90 - 23.069s
00: Epoch 70/90 - 23.069s
01: Epoch 71/90 - 22.348s
02: Epoch 71/90 - 22.348s
12: Epoch 71/90 - 22.348s
04: Epoch 71/90 - 22.348s
14: Epoch 71/90 - 22.348s
08: Epoch 71/90 - 22.348s
03: Epoch 71/90 - 22.348s
06: Epoch 71/90 - 22.348s
10: Epoch 71/90 - 22.348s
13: Epoch 71/90 - 22.348s
05: Epoch 71/90 - 22.348s
15: Epoch 71/90 - 22.348s
09: Epoch 71/90 - 22.348s
07: Epoch 71/90 - 22.348s
11: Epoch 71/90 - 22.348s
00: Epoch 71/90 - 22.348s
01: Epoch 72/90 - 22.061s
12: Epoch 72/90 - 22.061s
04: Epoch 72/90 - 22.061s
14: Epoch 72/90 - 22.061s
08: Epoch 72/90 - 22.061s
02: Epoch 72/90 - 22.061s
10: Epoch 72/90 - 22.061s
13: Epoch 72/90 - 22.061s
05: Epoch 72/90 - 22.061s
15: Epoch 72/90 - 22.061s
09: Epoch 72/90 - 22.061s
03: Epoch 72/90 - 22.061s
06: Epoch 72/90 - 22.061s
11: Epoch 72/90 - 22.061s
07: Epoch 72/90 - 22.061s
00: Epoch 72/90 - 22.061s
12: Epoch 73/90 - 22.865s
01: Epoch 73/90 - 22.865s
08: Epoch 73/90 - 22.865s
02: Epoch 73/90 - 22.865s
13: Epoch 73/90 - 22.865s
04: Epoch 73/90 - 22.865s
14: Epoch 73/90 - 22.865s
09: Epoch 73/90 - 22.865s
03: Epoch 73/90 - 22.865s
06: Epoch 73/90 - 22.865s
10: Epoch 73/90 - 22.865s
05: Epoch 73/90 - 22.865s
15: Epoch 73/90 - 22.865s
07: Epoch 73/90 - 22.865s
11: Epoch 73/90 - 22.865s
00: Epoch 73/90 - 22.865s
04: Epoch 74/90 - 23.323s
14: Epoch 74/90 - 23.323s
01: Epoch 74/90 - 23.323s
12: Epoch 74/90 - 23.323s
05: Epoch 74/90 - 23.323s
15: Epoch 74/90 - 23.323s
08: Epoch 74/90 - 23.323s
02: Epoch 74/90 - 23.323s
06: Epoch 74/90 - 23.323s
10: Epoch 74/90 - 23.323s
13: Epoch 74/90 - 23.323s
09: Epoch 74/90 - 23.323s
03: Epoch 74/90 - 23.323s
07: Epoch 74/90 - 23.323s
11: Epoch 74/90 - 23.323s
00: Epoch 74/90 - 23.323s
15: Epoch 75/90 - 23.125s
01: Epoch 75/90 - 23.125s
12: Epoch 75/90 - 23.125s
08: Epoch 75/90 - 23.125s
02: Epoch 75/90 - 23.125s
06: Epoch 75/90 - 23.125s
10: Epoch 75/90 - 23.125s
13: Epoch 75/90 - 23.125s
04: Epoch 75/90 - 23.125s
14: Epoch 75/90 - 23.125s
09: Epoch 75/90 - 23.125s
03: Epoch 75/90 - 23.125s
07: Epoch 75/90 - 23.125s
11: Epoch 75/90 - 23.125s
05: Epoch 75/90 - 23.125s
00: Epoch 75/90 - 23.125s
01: Epoch 76/90 - 22.725s
12: Epoch 76/90 - 22.725s
04: Epoch 76/90 - 22.725s
14: Epoch 76/90 - 22.725s
08: Epoch 76/90 - 22.725s
02: Epoch 76/90 - 22.725s
06: Epoch 76/90 - 22.725s
10: Epoch 76/90 - 22.725s
13: Epoch 76/90 - 22.725s
05: Epoch 76/90 - 22.725s
15: Epoch 76/90 - 22.725s
09: Epoch 76/90 - 22.725s
03: Epoch 76/90 - 22.725s
07: Epoch 76/90 - 22.725s
11: Epoch 76/90 - 22.725s
00: Epoch 76/90 - 22.725s
01: Epoch 77/90 - 22.536s
08: Epoch 77/90 - 22.536s
10: Epoch 77/90 - 22.536s
12: Epoch 77/90 - 22.536s
04: Epoch 77/90 - 22.536s
14: Epoch 77/90 - 22.536s
09: Epoch 77/90 - 22.536s
02: Epoch 77/90 - 22.536s
06: Epoch 77/90 - 22.536s
13: Epoch 77/90 - 22.536s
05: Epoch 77/90 - 22.536s
15: Epoch 77/90 - 22.536s
03: Epoch 77/90 - 22.536s
07: Epoch 77/90 - 22.536s
11: Epoch 77/90 - 22.536s
00: Epoch 77/90 - 22.536s
01: Epoch 78/90 - 22.822s
12: Epoch 78/90 - 22.822s
04: Epoch 78/90 - 22.822s
14: Epoch 78/90 - 22.822s
08: Epoch 78/90 - 22.822s
02: Epoch 78/90 - 22.822s
06: Epoch 78/90 - 22.822s
10: Epoch 78/90 - 22.822s
13: Epoch 78/90 - 22.822s
05: Epoch 78/90 - 22.822s
15: Epoch 78/90 - 22.822s
09: Epoch 78/90 - 22.822s
03: Epoch 78/90 - 22.822s
07: Epoch 78/90 - 22.822s
11: Epoch 78/90 - 22.822s
00: Epoch 78/90 - 22.822s
14: Epoch 79/90 - 22.970s
01: Epoch 79/90 - 22.970s
02: Epoch 79/90 - 22.970s
12: Epoch 79/90 - 22.970s
04: Epoch 79/90 - 22.970s
08: Epoch 79/90 - 22.970s
03: Epoch 79/90 - 22.970s
06: Epoch 79/90 - 22.970s
10: Epoch 79/90 - 22.970s
13: Epoch 79/90 - 22.970s
05: Epoch 79/90 - 22.970s
15: Epoch 79/90 - 22.970s
09: Epoch 79/90 - 22.970s
07: Epoch 79/90 - 22.970s
11: Epoch 79/90 - 22.970s
00: Epoch 79/90 - 22.970s
01: Epoch 80/90 - 22.741s
12: Epoch 80/90 - 22.741s
04: Epoch 80/90 - 22.741s
14: Epoch 80/90 - 22.741s
08: Epoch 80/90 - 22.741s
02: Epoch 80/90 - 22.741s
06: Epoch 80/90 - 22.741s
10: Epoch 80/90 - 22.741s
13: Epoch 80/90 - 22.741s
05: Epoch 80/90 - 22.741s
15: Epoch 80/90 - 22.741s
09: Epoch 80/90 - 22.741s
03: Epoch 80/90 - 22.741s
07: Epoch 80/90 - 22.741s
11: Epoch 80/90 - 22.741s
00: Epoch 80/90 - 22.741s
01: Epoch 81/90 - 22.367s
14: Epoch 81/90 - 22.367s
12: Epoch 81/90 - 22.367s
04: Epoch 81/90 - 22.367s
08: Epoch 81/90 - 22.367s
02: Epoch 81/90 - 22.367s
06: Epoch 81/90 - 22.367s
10: Epoch 81/90 - 22.367s
13: Epoch 81/90 - 22.367s
05: Epoch 81/90 - 22.367s
15: Epoch 81/90 - 22.367s
09: Epoch 81/90 - 22.367s
03: Epoch 81/90 - 22.367s
07: Epoch 81/90 - 22.367s
11: Epoch 81/90 - 22.367s
00: Epoch 81/90 - 22.367s
01: Epoch 82/90 - 22.658s
12: Epoch 82/90 - 22.658s
04: Epoch 82/90 - 22.658s
14: Epoch 82/90 - 22.658s
08: Epoch 82/90 - 22.658s
03: Epoch 82/90 - 22.658s
10: Epoch 82/90 - 22.658s
13: Epoch 82/90 - 22.658s
09: Epoch 82/90 - 22.658s
02: Epoch 82/90 - 22.658s
06: Epoch 82/90 - 22.658s
11: Epoch 82/90 - 22.658s
05: Epoch 82/90 - 22.658s
15: Epoch 82/90 - 22.658s
07: Epoch 82/90 - 22.658s
00: Epoch 82/90 - 22.658s
04: Epoch 83/90 - 22.729s
14: Epoch 83/90 - 22.729s
01: Epoch 83/90 - 22.729s
02: Epoch 83/90 - 22.729s
10: Epoch 83/90 - 22.729s
12: Epoch 83/90 - 22.729s
05: Epoch 83/90 - 22.729s
15: Epoch 83/90 - 22.729s
08: Epoch 83/90 - 22.729s
03: Epoch 83/90 - 22.729s
06: Epoch 83/90 - 22.729s
11: Epoch 83/90 - 22.729s
13: Epoch 83/90 - 22.729s
09: Epoch 83/90 - 22.729s
07: Epoch 83/90 - 22.729s
00: Epoch 83/90 - 22.729s
04: Epoch 84/90 - 22.286s
14: Epoch 84/90 - 22.286s
01: Epoch 84/90 - 22.286s
08: Epoch 84/90 - 22.286s
10: Epoch 84/90 - 22.286s
12: Epoch 84/90 - 22.286s
05: Epoch 84/90 - 22.286s
15: Epoch 84/90 - 22.286s
09: Epoch 84/90 - 22.286s
02: Epoch 84/90 - 22.286s
06: Epoch 84/90 - 22.286s
11: Epoch 84/90 - 22.286s
13: Epoch 84/90 - 22.286s
03: Epoch 84/90 - 22.286s
07: Epoch 84/90 - 22.286s
00: Epoch 84/90 - 22.286s
12: Epoch 85/90 - 23.496s
01: Epoch 85/90 - 23.496s
04: Epoch 85/90 - 23.496s
14: Epoch 85/90 - 23.496s
08: Epoch 85/90 - 23.496s
02: Epoch 85/90 - 23.496s
06: Epoch 85/90 - 23.496s
10: Epoch 85/90 - 23.496s
13: Epoch 85/90 - 23.496s
05: Epoch 85/90 - 23.496s
15: Epoch 85/90 - 23.496s
09: Epoch 85/90 - 23.496s
03: Epoch 85/90 - 23.496s
07: Epoch 85/90 - 23.496s
11: Epoch 85/90 - 23.496s
00: Epoch 85/90 - 23.496s
01: Epoch 86/90 - 22.094s
08: Epoch 86/90 - 22.094s
12: Epoch 86/90 - 22.094s
04: Epoch 86/90 - 22.094s
14: Epoch 86/90 - 22.094s
09: Epoch 86/90 - 22.094s
02: Epoch 86/90 - 22.094s
06: Epoch 86/90 - 22.094s
10: Epoch 86/90 - 22.094s
13: Epoch 86/90 - 22.094s
05: Epoch 86/90 - 22.094s
15: Epoch 86/90 - 22.094s
03: Epoch 86/90 - 22.094s
07: Epoch 86/90 - 22.094s
11: Epoch 86/90 - 22.094s
00: Epoch 86/90 - 22.094s
01: Epoch 87/90 - 23.268s
08: Epoch 87/90 - 23.268s
12: Epoch 87/90 - 23.268s
04: Epoch 87/90 - 23.268s
14: Epoch 87/90 - 23.268s
02: Epoch 87/90 - 23.268s
06: Epoch 87/90 - 23.268s
10: Epoch 87/90 - 23.268s
13: Epoch 87/90 - 23.268s
05: Epoch 87/90 - 23.268s
15: Epoch 87/90 - 23.268s
09: Epoch 87/90 - 23.268s
03: Epoch 87/90 - 23.268s
07: Epoch 87/90 - 23.268s
11: Epoch 87/90 - 23.268s
00: Epoch 87/90 - 23.268s
01: Epoch 88/90 - 22.708s
12: Epoch 88/90 - 22.708s
04: Epoch 88/90 - 22.708s
14: Epoch 88/90 - 22.708s
08: Epoch 88/90 - 22.708s
02: Epoch 88/90 - 22.708s
06: Epoch 88/90 - 22.708s
10: Epoch 88/90 - 22.708s
13: Epoch 88/90 - 22.708s
05: Epoch 88/90 - 22.708s
15: Epoch 88/90 - 22.708s
09: Epoch 88/90 - 22.708s
03: Epoch 88/90 - 22.708s
07: Epoch 88/90 - 22.708s
11: Epoch 88/90 - 22.708s
00: Epoch 88/90 - 22.708s
01: Epoch 89/90 - 23.473s
01: Steps per epoch: 49
01: Validation steps per epoch: 157
12: Epoch 89/90 - 23.473s
04: Epoch 89/90 - 23.473s
04: Steps per epoch: 49
04: Validation steps per epoch: 157
14: Epoch 89/90 - 23.473s
14: Steps per epoch: 49
14: Validation steps per epoch: 157
08: Epoch 89/90 - 23.473s
08: Steps per epoch: 49
08: Validation steps per epoch: 157
02: Epoch 89/90 - 23.473s
02: Steps per epoch: 49
02: Validation steps per epoch: 157
06: Epoch 89/90 - 23.473s
06: Steps per epoch: 49
06: Validation steps per epoch: 157
10: Epoch 89/90 - 23.473s
10: Steps per epoch: 49
10: Validation steps per epoch: 157
12: Steps per epoch: 49
12: Validation steps per epoch: 157
05: Epoch 89/90 - 23.473s
05: Steps per epoch: 49
05: Validation steps per epoch: 157
15: Epoch 89/90 - 23.473s
15: Steps per epoch: 49
15: Validation steps per epoch: 157
01: Average time per epoch: 23.214 s
09: Epoch 89/90 - 23.473s
09: Steps per epoch: 49
09: Validation steps per epoch: 157
03: Epoch 89/90 - 23.473s
03: Steps per epoch: 49
03: Validation steps per epoch: 157
07: Epoch 89/90 - 23.473s
07: Steps per epoch: 49
07: Validation steps per epoch: 157
11: Epoch 89/90 - 23.473s
11: Steps per epoch: 49
11: Validation steps per epoch: 157
13: Epoch 89/90 - 23.473s
13: Steps per epoch: 49
13: Validation steps per epoch: 157
04: Average time per epoch: 23.214 s
14: Average time per epoch: 23.214 s
08: Average time per epoch: 23.214 s
02: Average time per epoch: 23.214 s
06: Average time per epoch: 23.214 s
10: Average time per epoch: 23.214 s
12: Average time per epoch: 23.214 s
05: Average time per epoch: 23.214 s
15: Average time per epoch: 23.214 s
09: Average time per epoch: 23.214 s
03: Average time per epoch: 23.214 s
07: Average time per epoch: 23.214 s
11: Average time per epoch: 23.214 s
13: Average time per epoch: 23.214 s
00: Epoch 89/90 - 23.473s
00: Steps per epoch: 49
00: Validation steps per epoch: 157
00: Average time per epoch: 23.214 s
10: --- 2093.26074552536 seconds ---
12: --- 2093.156913995743 seconds ---
01: --- 2093.272540330887 seconds ---
02: --- 2093.214372396469 seconds ---
11: --- 2093.2597501277924 seconds ---
04: --- 2093.2307081222534 seconds ---
15: --- 2093.2749383449554 seconds ---
00: --- 2093.2842857837677 seconds ---
08: --- 2093.232932329178 seconds ---
03: --- 2093.221760034561 seconds ---
05: --- 2093.2434821128845 seconds ---
14: --- 2093.277091741562 seconds ---
09: --- 2093.233416557312 seconds ---
07: --- 2093.029590845108 seconds ---
06: --- 2093.033561229706 seconds ---
13: --- 2093.1382813453674 seconds ---
ELAPSED: 2095 seconds
End at Sun Feb 14 01:45:21 EET 2021
