WORKERS: "gpu07-ib:5555"
Start at Sun Feb 14 03:51:47 EET 2021
CUDA_VISIBLE_DEVICES: 0,1
Running on hosts: gpu07
Running on 1 nodes.
Running 2 tasks per node
Job id is 1095024
0: Number of devices per node: 2
1: Number of devices per node: 2
1: rank 1
1: 
0: rank 0
0: => creating model 'resnet50'
1: => creating model 'resnet50'
1: Epoch 0/90 - 112.552s
0: Epoch 0/90 - 112.552s
1: Epoch 1/90 - 107.245s
0: Epoch 1/90 - 107.245s
1: Epoch 2/90 - 106.991s
0: Epoch 2/90 - 106.991s
1: Epoch 3/90 - 106.867s
0: Epoch 3/90 - 106.867s
1: Epoch 4/90 - 106.948s
0: Epoch 4/90 - 106.948s
1: Epoch 5/90 - 107.625s
0: Epoch 5/90 - 107.625s
1: Epoch 6/90 - 106.550s
0: Epoch 6/90 - 106.550s
1: Epoch 7/90 - 105.207s
0: Epoch 7/90 - 105.207s
1: Epoch 8/90 - 108.422s
0: Epoch 8/90 - 108.422s
1: Epoch 9/90 - 108.557s
0: Epoch 9/90 - 108.557s
1: Epoch 10/90 - 103.393s
0: Epoch 10/90 - 103.393s
1: Epoch 11/90 - 105.980s
0: Epoch 11/90 - 105.980s
1: Epoch 12/90 - 103.854s
0: Epoch 12/90 - 103.854s
1: Epoch 13/90 - 104.237s
0: Epoch 13/90 - 104.237s
1: Epoch 14/90 - 101.277s
0: Epoch 14/90 - 101.277s
1: Epoch 15/90 - 100.985s
0: Epoch 15/90 - 100.985s
1: Epoch 16/90 - 101.303s
0: Epoch 16/90 - 101.303s
1: Epoch 17/90 - 102.466s
0: Epoch 17/90 - 102.466s
1: Epoch 18/90 - 104.367s
0: Epoch 18/90 - 104.367s
1: Epoch 19/90 - 104.143s
0: Epoch 19/90 - 104.143s
1: Epoch 20/90 - 104.348s
0: Epoch 20/90 - 104.348s
1: Epoch 21/90 - 104.899s
0: Epoch 21/90 - 104.899s
1: Epoch 22/90 - 104.059s
0: Epoch 22/90 - 104.059s
1: Epoch 23/90 - 104.269s
0: Epoch 23/90 - 104.269s
1: Epoch 24/90 - 104.743s
0: Epoch 24/90 - 104.743s
1: Epoch 25/90 - 104.865s
0: Epoch 25/90 - 104.865s
1: Epoch 26/90 - 104.810s
0: Epoch 26/90 - 104.810s
1: Epoch 27/90 - 104.572s
0: Epoch 27/90 - 104.572s
1: Epoch 28/90 - 104.729s
0: Epoch 28/90 - 104.729s
1: Epoch 29/90 - 105.052s
0: Epoch 29/90 - 105.052s
1: Epoch 30/90 - 105.261s
0: Epoch 30/90 - 105.261s
1: Epoch 31/90 - 105.655s
0: Epoch 31/90 - 105.655s
1: Epoch 32/90 - 105.716s
0: Epoch 32/90 - 105.716s
1: Epoch 33/90 - 107.571s
0: Epoch 33/90 - 107.571s
1: Epoch 34/90 - 102.547s
0: Epoch 34/90 - 102.547s
1: Epoch 35/90 - 105.252s
0: Epoch 35/90 - 105.252s
1: Epoch 36/90 - 103.615s
0: Epoch 36/90 - 103.615s
1: Epoch 37/90 - 101.061s
0: Epoch 37/90 - 101.061s
1: Epoch 38/90 - 101.362s
0: Epoch 38/90 - 101.362s
1: Epoch 39/90 - 102.150s
0: Epoch 39/90 - 102.150s
1: Epoch 40/90 - 101.317s
0: Epoch 40/90 - 101.317s
1: Epoch 41/90 - 102.050s
0: Epoch 41/90 - 102.050s
1: Epoch 42/90 - 102.595s
0: Epoch 42/90 - 102.595s
1: Epoch 43/90 - 102.657s
0: Epoch 43/90 - 102.657s
1: Epoch 44/90 - 105.838s
0: Epoch 44/90 - 105.838s
1: Epoch 45/90 - 104.329s
0: Epoch 45/90 - 104.330s
1: Epoch 46/90 - 101.685s
0: Epoch 46/90 - 101.685s
1: Epoch 47/90 - 102.317s
0: Epoch 47/90 - 102.317s
1: Epoch 48/90 - 101.808s
0: Epoch 48/90 - 101.808s
1: Epoch 49/90 - 101.940s
0: Epoch 49/90 - 101.940s
1: Epoch 50/90 - 102.220s
0: Epoch 50/90 - 102.220s
1: Epoch 51/90 - 104.427s
0: Epoch 51/90 - 104.427s
1: Epoch 52/90 - 107.748s
0: Epoch 52/90 - 107.748s
1: Epoch 53/90 - 108.332s
0: Epoch 53/90 - 108.332s
1: Epoch 54/90 - 108.007s
0: Epoch 54/90 - 108.007s
1: Epoch 55/90 - 108.138s
0: Epoch 55/90 - 108.138s
1: Epoch 56/90 - 108.388s
0: Epoch 56/90 - 108.389s
1: Epoch 57/90 - 108.202s
0: Epoch 57/90 - 108.202s
1: Epoch 58/90 - 109.232s
0: Epoch 58/90 - 109.232s
1: Epoch 59/90 - 106.861s
0: Epoch 59/90 - 106.861s
1: Epoch 60/90 - 107.039s
0: Epoch 60/90 - 107.039s
1: Epoch 61/90 - 107.958s
0: Epoch 61/90 - 107.958s
1: Epoch 62/90 - 105.134s
0: Epoch 62/90 - 105.134s
1: Epoch 63/90 - 104.683s
0: Epoch 63/90 - 104.683s
1: Epoch 64/90 - 104.792s
0: Epoch 64/90 - 104.792s
1: Epoch 65/90 - 101.029s
0: Epoch 65/90 - 101.029s
1: Epoch 66/90 - 103.898s
0: Epoch 66/90 - 103.898s
1: Epoch 67/90 - 101.563s
0: Epoch 67/90 - 101.563s
1: Epoch 68/90 - 101.637s
0: Epoch 68/90 - 101.637s
1: Epoch 69/90 - 103.931s
0: Epoch 69/90 - 103.931s
1: Epoch 70/90 - 103.669s
0: Epoch 70/90 - 103.669s
1: Epoch 71/90 - 103.888s
0: Epoch 71/90 - 103.888s
1: Epoch 72/90 - 104.879s
0: Epoch 72/90 - 104.879s
1: Epoch 73/90 - 105.312s
0: Epoch 73/90 - 105.312s
1: Epoch 74/90 - 104.433s
0: Epoch 74/90 - 104.433s
1: Epoch 75/90 - 104.152s
0: Epoch 75/90 - 104.152s
1: Epoch 76/90 - 103.843s
0: Epoch 76/90 - 103.843s
1: Epoch 77/90 - 102.962s
0: Epoch 77/90 - 102.962s
1: Epoch 78/90 - 104.641s
0: Epoch 78/90 - 104.641s
1: Epoch 79/90 - 104.941s
0: Epoch 79/90 - 104.941s
1: Epoch 80/90 - 104.372s
0: Epoch 80/90 - 104.372s
1: Epoch 81/90 - 102.380s
0: Epoch 81/90 - 102.380s
1: Epoch 82/90 - 101.765s
0: Epoch 82/90 - 101.765s
1: Epoch 83/90 - 101.321s
0: Epoch 83/90 - 101.321s
1: Epoch 84/90 - 101.195s
0: Epoch 84/90 - 101.195s
1: Epoch 85/90 - 101.905s
0: Epoch 85/90 - 101.905s
1: Epoch 86/90 - 102.614s
0: Epoch 86/90 - 102.614s
1: Epoch 87/90 - 103.754s
0: Epoch 87/90 - 103.754s
1: Epoch 88/90 - 104.949s
0: Epoch 88/90 - 104.949s
1: Epoch 89/90 - 104.546s
1: Steps per epoch: 391
1: Validation steps per epoch: 157
1: Average time per epoch: 104.520 s
0: Epoch 89/90 - 104.546s
0: 
0: Steps per epoch: 391
0: Validation steps per epoch: 157
0: Average time per epoch: 104.520 s
1: --- 9410.166023015976 seconds ---
0: --- 9410.178219556808 seconds ---
ELAPSED: 9413 seconds
End at Sun Feb 14 06:28:40 EET 2021
