WORKERS: "gpu01-ib:5555","gpu02-ib:5555","gpu03-ib:5555","gpu04-ib:5555"
Start at Tue Feb  9 18:32:12 EET 2021
CUDA_VISIBLE_DEVICES: 0,1
Running on hosts: gpu[01-04]
Running on 4 nodes.
Running 2 tasks per node
Job id is 1092157
3: Number of devices per node: 2
2: Number of devices per node: 2
2: 
0: Number of devices per node: 2
1: Number of devices per node: 2
7: Number of devices per node: 2
6: Number of devices per node: 2
5: Number of devices per node: 2
4: Number of devices per node: 2
7: rank 7
1: rank 
2: rank 
0: rank 0
1: 1
3: rank 3
2: 2
4: rank 4
6: rank 6
5: rank 5
2: => creating model 'resnet50'
3: => creating model 'resnet50'
4: => creating model 'resnet50'
5: => creating model 'resnet50'
7: => creating model 'resnet50'
6: => creating model 'resnet50'
1: => creating model 'resnet50'
0: => creating model 'resnet50'
1: Epoch 0/90 - 31.613s
3: Epoch 0/90 - 31.601s
4: Epoch 0/90 - 31.601s
6: Epoch 0/90 - 31.601s
5: Epoch 0/90 - 31.601s
2: Epoch 0/90 - 31.613s
7: Epoch 0/90 - 31.601s
0: Epoch 0/90 - 31.649s
1: Epoch 1/90 - 23.033s
6: Epoch 1/90 - 23.033s
4: Epoch 1/90 - 23.033s
2: Epoch 1/90 - 23.032s
7: Epoch 1/90 - 23.033s
5: Epoch 1/90 - 23.033s
3: Epoch 1/90 - 23.033s
0: Epoch 1/90 - 23.033s
1: Epoch 2/90 - 23.636s
4: Epoch 2/90 - 23.636s
2: Epoch 2/90 - 23.636s
6: Epoch 2/90 - 23.636s
5: Epoch 2/90 - 23.636s
3: Epoch 2/90 - 23.636s
7: Epoch 2/90 - 23.636s
0: Epoch 2/90 - 23.636s
1: Epoch 3/90 - 23.783s
6: Epoch 3/90 - 23.783s
4: Epoch 3/90 - 23.783s
2: Epoch 3/90 - 23.783s
5: Epoch 3/90 - 23.783s
3: Epoch 3/90 - 23.783s
7: Epoch 3/90 - 23.783s
0: Epoch 3/90 - 23.783s
1: Epoch 4/90 - 24.055s
4: Epoch 4/90 - 24.055s
2: Epoch 4/90 - 24.055s
6: Epoch 4/90 - 24.055s
5: Epoch 4/90 - 24.055s
3: Epoch 4/90 - 24.055s
7: Epoch 4/90 - 24.055s
0: Epoch 4/90 - 24.055s
1: Epoch 5/90 - 23.983s
2: Epoch 5/90 - 23.983s
4: Epoch 5/90 - 23.983s
6: Epoch 5/90 - 23.983s
5: Epoch 5/90 - 23.983s
3: Epoch 5/90 - 23.983s
7: Epoch 5/90 - 23.983s
0: Epoch 5/90 - 23.983s
1: Epoch 6/90 - 23.405s
4: Epoch 6/90 - 23.405s
2: Epoch 6/90 - 23.405s
6: Epoch 6/90 - 23.405s
5: Epoch 6/90 - 23.405s
3: Epoch 6/90 - 23.405s
7: Epoch 6/90 - 23.405s
0: Epoch 6/90 - 23.405s
1: Epoch 7/90 - 22.911s
2: Epoch 7/90 - 22.911s
4: Epoch 7/90 - 22.911s
3: Epoch 7/90 - 22.911s
6: Epoch 7/90 - 22.911s
5: Epoch 7/90 - 22.911s
7: Epoch 7/90 - 22.911s
0: Epoch 7/90 - 22.911s
1: Epoch 8/90 - 23.088s
4: Epoch 8/90 - 23.089s
2: Epoch 8/90 - 23.088s
6: Epoch 8/90 - 23.088s
5: Epoch 8/90 - 23.089s
3: Epoch 8/90 - 23.088s
7: Epoch 8/90 - 23.088s
0: Epoch 8/90 - 23.089s
1: Epoch 9/90 - 23.018s
4: Epoch 9/90 - 23.018s
2: Epoch 9/90 - 23.018s
6: Epoch 9/90 - 23.018s
5: Epoch 9/90 - 23.018s
3: Epoch 9/90 - 23.018s
7: Epoch 9/90 - 23.018s
0: Epoch 9/90 - 23.018s
1: Epoch 10/90 - 23.432s
4: Epoch 10/90 - 23.432s
2: Epoch 10/90 - 23.432s
6: Epoch 10/90 - 23.432s
5: Epoch 10/90 - 23.432s
3: Epoch 10/90 - 23.432s
7: Epoch 10/90 - 23.432s
0: Epoch 10/90 - 23.432s
1: Epoch 11/90 - 23.033s
4: Epoch 11/90 - 23.033s
2: Epoch 11/90 - 23.033s
6: Epoch 11/90 - 23.033s
5: Epoch 11/90 - 23.033s
3: Epoch 11/90 - 23.033s
7: Epoch 11/90 - 23.033s
0: Epoch 11/90 - 23.033s
1: Epoch 12/90 - 23.868s
4: Epoch 12/90 - 23.868s
2: Epoch 12/90 - 23.868s
7: Epoch 12/90 - 23.868s
5: Epoch 12/90 - 23.868s
3: Epoch 12/90 - 23.868s
6: Epoch 12/90 - 23.868s
0: Epoch 12/90 - 23.868s
1: Epoch 13/90 - 23.204s
4: Epoch 13/90 - 23.204s
2: Epoch 13/90 - 23.204s
6: Epoch 13/90 - 23.204s
5: Epoch 13/90 - 23.204s
3: Epoch 13/90 - 23.204s
7: Epoch 13/90 - 23.204s
0: Epoch 13/90 - 23.204s
1: Epoch 14/90 - 23.681s
7: Epoch 14/90 - 23.681s
4: Epoch 14/90 - 23.681s
2: Epoch 14/90 - 23.681s
5: Epoch 14/90 - 23.681s
6: Epoch 14/90 - 23.681s
3: Epoch 14/90 - 23.681s
0: Epoch 14/90 - 23.681s
1: Epoch 15/90 - 24.070s
4: Epoch 15/90 - 24.070s
2: Epoch 15/90 - 24.070s
6: Epoch 15/90 - 24.070s
5: Epoch 15/90 - 24.070s
3: Epoch 15/90 - 24.070s
7: Epoch 15/90 - 24.070s
0: Epoch 15/90 - 24.070s
1: Epoch 16/90 - 23.602s
4: Epoch 16/90 - 23.602s
2: Epoch 16/90 - 23.602s
6: Epoch 16/90 - 23.602s
5: Epoch 16/90 - 23.602s
3: Epoch 16/90 - 23.602s
7: Epoch 16/90 - 23.602s
0: Epoch 16/90 - 23.602s
1: Epoch 17/90 - 23.217s
4: Epoch 17/90 - 23.217s
2: Epoch 17/90 - 23.217s
6: Epoch 17/90 - 23.217s
5: Epoch 17/90 - 23.217s
3: Epoch 17/90 - 23.217s
7: Epoch 17/90 - 23.217s
0: Epoch 17/90 - 23.217s
1: Epoch 18/90 - 23.476s
4: Epoch 18/90 - 23.476s
2: Epoch 18/90 - 23.476s
6: Epoch 18/90 - 23.476s
5: Epoch 18/90 - 23.476s
3: Epoch 18/90 - 23.476s
7: Epoch 18/90 - 23.476s
0: Epoch 18/90 - 23.476s
1: Epoch 19/90 - 24.001s
4: Epoch 19/90 - 24.001s
2: Epoch 19/90 - 24.001s
6: Epoch 19/90 - 24.001s
5: Epoch 19/90 - 24.001s
3: Epoch 19/90 - 24.001s
7: Epoch 19/90 - 24.001s
0: Epoch 19/90 - 24.001s
1: Epoch 20/90 - 23.195s
2: Epoch 20/90 - 23.195s
6: Epoch 20/90 - 23.195s
4: Epoch 20/90 - 23.195s
5: Epoch 20/90 - 23.195s
3: Epoch 20/90 - 23.195s
7: Epoch 20/90 - 23.195s
0: Epoch 20/90 - 23.195s
1: Epoch 21/90 - 23.438s
6: Epoch 21/90 - 23.438s
4: Epoch 21/90 - 23.438s
2: Epoch 21/90 - 23.438s
5: Epoch 21/90 - 23.438s
3: Epoch 21/90 - 23.438s
7: Epoch 21/90 - 23.438s
0: Epoch 21/90 - 23.438s
1: Epoch 22/90 - 24.017s
2: Epoch 22/90 - 24.017s
6: Epoch 22/90 - 24.017s
4: Epoch 22/90 - 24.017s
0: Epoch 22/90 - 24.017s
5: Epoch 22/90 - 24.017s
3: Epoch 22/90 - 24.017s
7: Epoch 22/90 - 24.017s
1: Epoch 23/90 - 23.529s
6: Epoch 23/90 - 23.529s
4: Epoch 23/90 - 23.529s
2: Epoch 23/90 - 23.529s
7: Epoch 23/90 - 23.529s
0: Epoch 23/90 - 23.529s
5: Epoch 23/90 - 23.529s
3: Epoch 23/90 - 23.529s
1: Epoch 24/90 - 23.382s
4: Epoch 24/90 - 23.382s
6: Epoch 24/90 - 23.382s
2: Epoch 24/90 - 23.382s
0: Epoch 24/90 - 23.382s
5: Epoch 24/90 - 23.382s
3: Epoch 24/90 - 23.382s
7: Epoch 24/90 - 23.382s
1: Epoch 25/90 - 23.309s
4: Epoch 25/90 - 23.309s
2: Epoch 25/90 - 23.309s
6: Epoch 25/90 - 23.309s
5: Epoch 25/90 - 23.309s
3: Epoch 25/90 - 23.309s
7: Epoch 25/90 - 23.309s
0: Epoch 25/90 - 23.309s
1: Epoch 26/90 - 23.809s
4: Epoch 26/90 - 23.809s
2: Epoch 26/90 - 23.809s
6: Epoch 26/90 - 23.809s
5: Epoch 26/90 - 23.809s
3: Epoch 26/90 - 23.809s
7: Epoch 26/90 - 23.809s
0: Epoch 26/90 - 23.809s
1: Epoch 27/90 - 23.819s
2: Epoch 27/90 - 23.819s
4: Epoch 27/90 - 23.819s
6: Epoch 27/90 - 23.819s
5: Epoch 27/90 - 23.819s
3: Epoch 27/90 - 23.819s
7: Epoch 27/90 - 23.819s
0: Epoch 27/90 - 23.819s
1: Epoch 28/90 - 23.581s
4: Epoch 28/90 - 23.581s
6: Epoch 28/90 - 23.581s
5: Epoch 28/90 - 23.581s
2: Epoch 28/90 - 23.581s
7: Epoch 28/90 - 23.581s
3: Epoch 28/90 - 23.581s
0: Epoch 28/90 - 23.582s
1: Epoch 29/90 - 23.360s
4: Epoch 29/90 - 23.360s
2: Epoch 29/90 - 23.360s
5: Epoch 29/90 - 23.360s
3: Epoch 29/90 - 23.360s
6: Epoch 29/90 - 23.360s
7: Epoch 29/90 - 23.360s
0: Epoch 29/90 - 23.360s
6: Epoch 30/90 - 23.562s
1: Epoch 30/90 - 23.562s
4: Epoch 30/90 - 23.562s
2: Epoch 30/90 - 23.562s
5: Epoch 30/90 - 23.562s
3: Epoch 30/90 - 23.562s
7: Epoch 30/90 - 23.562s
0: Epoch 30/90 - 23.562s
1: Epoch 31/90 - 23.067s
4: Epoch 31/90 - 23.067s
2: Epoch 31/90 - 23.067s
6: Epoch 31/90 - 23.067s
5: Epoch 31/90 - 23.067s
3: Epoch 31/90 - 23.067s
7: Epoch 31/90 - 23.067s
0: Epoch 31/90 - 23.067s
1: Epoch 32/90 - 22.786s
4: Epoch 32/90 - 22.786s
2: Epoch 32/90 - 22.786s
6: Epoch 32/90 - 22.786s
5: Epoch 32/90 - 22.786s
3: Epoch 32/90 - 22.786s
7: Epoch 32/90 - 22.786s
0: Epoch 32/90 - 22.786s
1: Epoch 33/90 - 23.240s
2: Epoch 33/90 - 23.240s
4: Epoch 33/90 - 23.240s
6: Epoch 33/90 - 23.240s
5: Epoch 33/90 - 23.240s
3: Epoch 33/90 - 23.240s
7: Epoch 33/90 - 23.240s
0: Epoch 33/90 - 23.240s
1: Epoch 34/90 - 23.234s
4: Epoch 34/90 - 23.234s
2: Epoch 34/90 - 23.234s
6: Epoch 34/90 - 23.234s
5: Epoch 34/90 - 23.234s
3: Epoch 34/90 - 23.234s
7: Epoch 34/90 - 23.234s
0: Epoch 34/90 - 23.234s
1: Epoch 35/90 - 22.729s
6: Epoch 35/90 - 22.729s
4: Epoch 35/90 - 22.729s
2: Epoch 35/90 - 22.729s
5: Epoch 35/90 - 22.729s
3: Epoch 35/90 - 22.729s
7: Epoch 35/90 - 22.729s
0: Epoch 35/90 - 22.729s
1: Epoch 36/90 - 23.027s
4: Epoch 36/90 - 23.027s
6: Epoch 36/90 - 23.027s
5: Epoch 36/90 - 23.027s
2: Epoch 36/90 - 23.027s
7: Epoch 36/90 - 23.027s
0: Epoch 36/90 - 23.027s
3: Epoch 36/90 - 23.027s
1: Epoch 37/90 - 23.019s
6: Epoch 37/90 - 23.019s
4: Epoch 37/90 - 23.019s
2: Epoch 37/90 - 23.019s
7: Epoch 37/90 - 23.019s
5: Epoch 37/90 - 23.019s
3: Epoch 37/90 - 23.019s
0: Epoch 37/90 - 23.019s
1: Epoch 38/90 - 22.854s
4: Epoch 38/90 - 22.854s
2: Epoch 38/90 - 22.855s
5: Epoch 38/90 - 22.855s
6: Epoch 38/90 - 22.854s
0: Epoch 38/90 - 22.854s
3: Epoch 38/90 - 22.855s
7: Epoch 38/90 - 22.854s
1: Epoch 39/90 - 23.079s
4: Epoch 39/90 - 23.079s
2: Epoch 39/90 - 23.079s
6: Epoch 39/90 - 23.079s
5: Epoch 39/90 - 23.079s
3: Epoch 39/90 - 23.079s
7: Epoch 39/90 - 23.079s
0: Epoch 39/90 - 23.079s
1: Epoch 40/90 - 23.341s
4: Epoch 40/90 - 23.341s
2: Epoch 40/90 - 23.341s
6: Epoch 40/90 - 23.341s
5: Epoch 40/90 - 23.341s
0: Epoch 40/90 - 23.341s
3: Epoch 40/90 - 23.341s
7: Epoch 40/90 - 23.341s
1: Epoch 41/90 - 23.316s
4: Epoch 41/90 - 23.316s
2: Epoch 41/90 - 23.316s
6: Epoch 41/90 - 23.316s
5: Epoch 41/90 - 23.316s
3: Epoch 41/90 - 23.316s
7: Epoch 41/90 - 23.316s
0: Epoch 41/90 - 23.316s
1: Epoch 42/90 - 24.459s
4: Epoch 42/90 - 24.459s
2: Epoch 42/90 - 24.459s
6: Epoch 42/90 - 24.459s
5: Epoch 42/90 - 24.459s
3: Epoch 42/90 - 24.459s
7: Epoch 42/90 - 24.459s
0: Epoch 42/90 - 24.459s
4: Epoch 43/90 - 24.434s
1: Epoch 43/90 - 24.434s
2: Epoch 43/90 - 24.434s
7: Epoch 43/90 - 24.434s
5: Epoch 43/90 - 24.434s
3: Epoch 43/90 - 24.434s
6: Epoch 43/90 - 24.434s
0: Epoch 43/90 - 24.434s
1: Epoch 44/90 - 24.154s
2: Epoch 44/90 - 24.154s
7: Epoch 44/90 - 24.154s
4: Epoch 44/90 - 24.154s
5: Epoch 44/90 - 24.154s
3: Epoch 44/90 - 24.154s
6: Epoch 44/90 - 24.154s
0: Epoch 44/90 - 24.154s
1: Epoch 45/90 - 23.256s
4: Epoch 45/90 - 23.256s
2: Epoch 45/90 - 23.256s
6: Epoch 45/90 - 23.256s
0: Epoch 45/90 - 23.256s
5: Epoch 45/90 - 23.256s
3: Epoch 45/90 - 23.256s
7: Epoch 45/90 - 23.256s
1: Epoch 46/90 - 22.932s
4: Epoch 46/90 - 22.932s
2: Epoch 46/90 - 22.932s
6: Epoch 46/90 - 22.932s
5: Epoch 46/90 - 22.932s
3: Epoch 46/90 - 22.932s
7: Epoch 46/90 - 22.932s
0: Epoch 46/90 - 22.932s
1: Epoch 47/90 - 22.537s
4: Epoch 47/90 - 22.537s
2: Epoch 47/90 - 22.537s
6: Epoch 47/90 - 22.537s
0: Epoch 47/90 - 22.537s
5: Epoch 47/90 - 22.537s
3: Epoch 47/90 - 22.537s
7: Epoch 47/90 - 22.537s
1: Epoch 48/90 - 23.269s
4: Epoch 48/90 - 23.269s
2: Epoch 48/90 - 23.269s
6: Epoch 48/90 - 23.269s
5: Epoch 48/90 - 23.269s
3: Epoch 48/90 - 23.269s
7: Epoch 48/90 - 23.269s
0: Epoch 48/90 - 23.269s
1: Epoch 49/90 - 23.065s
4: Epoch 49/90 - 23.065s
2: Epoch 49/90 - 23.065s
6: Epoch 49/90 - 23.065s
5: Epoch 49/90 - 23.065s
3: Epoch 49/90 - 23.065s
7: Epoch 49/90 - 23.065s
0: Epoch 49/90 - 23.065s
1: Epoch 50/90 - 22.786s
2: Epoch 50/90 - 22.786s
4: Epoch 50/90 - 22.786s
6: Epoch 50/90 - 22.786s
5: Epoch 50/90 - 22.786s
3: Epoch 50/90 - 22.786s
7: Epoch 50/90 - 22.786s
0: Epoch 50/90 - 22.787s
1: Epoch 51/90 - 22.935s
4: Epoch 51/90 - 22.935s
2: Epoch 51/90 - 22.935s
6: Epoch 51/90 - 22.935s
5: Epoch 51/90 - 22.935s
3: Epoch 51/90 - 22.935s
7: Epoch 51/90 - 22.935s
0: Epoch 51/90 - 22.935s
1: Epoch 52/90 - 22.975s
4: Epoch 52/90 - 22.975s
5: Epoch 52/90 - 22.975s
2: Epoch 52/90 - 22.975s
6: Epoch 52/90 - 22.975s
3: Epoch 52/90 - 22.975s
7: Epoch 52/90 - 22.975s
0: Epoch 52/90 - 22.975s
1: Epoch 53/90 - 23.621s
4: Epoch 53/90 - 23.621s
2: Epoch 53/90 - 23.621s
6: Epoch 53/90 - 23.621s
5: Epoch 53/90 - 23.621s
3: Epoch 53/90 - 23.621s
7: Epoch 53/90 - 23.621s
0: Epoch 53/90 - 23.621s
1: Epoch 54/90 - 23.833s
4: Epoch 54/90 - 23.833s
2: Epoch 54/90 - 23.833s
6: Epoch 54/90 - 23.833s
5: Epoch 54/90 - 23.833s
3: Epoch 54/90 - 23.833s
7: Epoch 54/90 - 23.833s
0: Epoch 54/90 - 23.833s
1: Epoch 55/90 - 23.353s
4: Epoch 55/90 - 23.353s
2: Epoch 55/90 - 23.353s
6: Epoch 55/90 - 23.353s
5: Epoch 55/90 - 23.353s
3: Epoch 55/90 - 23.353s
7: Epoch 55/90 - 23.353s
0: Epoch 55/90 - 23.353s
1: Epoch 56/90 - 22.898s
4: Epoch 56/90 - 22.898s
2: Epoch 56/90 - 22.898s
6: Epoch 56/90 - 22.898s
5: Epoch 56/90 - 22.898s
3: Epoch 56/90 - 22.898s
7: Epoch 56/90 - 22.898s
0: Epoch 56/90 - 22.898s
1: Epoch 57/90 - 22.927s
2: Epoch 57/90 - 22.927s
6: Epoch 57/90 - 22.927s
4: Epoch 57/90 - 22.927s
5: Epoch 57/90 - 22.927s
3: Epoch 57/90 - 22.927s
7: Epoch 57/90 - 22.927s
0: Epoch 57/90 - 22.927s
1: Epoch 58/90 - 23.387s
4: Epoch 58/90 - 23.387s
2: Epoch 58/90 - 23.387s
6: Epoch 58/90 - 23.387s
5: Epoch 58/90 - 23.387s
3: Epoch 58/90 - 23.387s
7: Epoch 58/90 - 23.387s
0: Epoch 58/90 - 23.387s
1: Epoch 59/90 - 23.408s
2: Epoch 59/90 - 23.408s
4: Epoch 59/90 - 23.408s
6: Epoch 59/90 - 23.408s
3: Epoch 59/90 - 23.408s
7: Epoch 59/90 - 23.408s
5: Epoch 59/90 - 23.408s
0: Epoch 59/90 - 23.408s
1: Epoch 60/90 - 23.430s
4: Epoch 60/90 - 23.430s
2: Epoch 60/90 - 23.430s
6: Epoch 60/90 - 23.430s
5: Epoch 60/90 - 23.430s
3: Epoch 60/90 - 23.430s
7: Epoch 60/90 - 23.430s
0: Epoch 60/90 - 23.430s
1: Epoch 61/90 - 23.721s
2: Epoch 61/90 - 23.721s
7: Epoch 61/90 - 23.721s
4: Epoch 61/90 - 23.721s
5: Epoch 61/90 - 23.721s
3: Epoch 61/90 - 23.721s
6: Epoch 61/90 - 23.721s
0: Epoch 61/90 - 23.721s
1: Epoch 62/90 - 23.515s
4: Epoch 62/90 - 23.515s
2: Epoch 62/90 - 23.515s
6: Epoch 62/90 - 23.515s
5: Epoch 62/90 - 23.515s
3: Epoch 62/90 - 23.515s
7: Epoch 62/90 - 23.515s
0: Epoch 62/90 - 23.515s
1: Epoch 63/90 - 23.241s
4: Epoch 63/90 - 23.241s
2: Epoch 63/90 - 23.241s
5: Epoch 63/90 - 23.241s
3: Epoch 63/90 - 23.241s
6: Epoch 63/90 - 23.241s
7: Epoch 63/90 - 23.241s
0: Epoch 63/90 - 23.241s
1: Epoch 64/90 - 22.538s
4: Epoch 64/90 - 22.538s
2: Epoch 64/90 - 22.538s
6: Epoch 64/90 - 22.538s
5: Epoch 64/90 - 22.538s
3: Epoch 64/90 - 22.538s
7: Epoch 64/90 - 22.538s
0: Epoch 64/90 - 22.538s
1: Epoch 65/90 - 23.048s
4: Epoch 65/90 - 23.048s
6: Epoch 65/90 - 23.048s
5: Epoch 65/90 - 23.048s
2: Epoch 65/90 - 23.048s
7: Epoch 65/90 - 23.048s
3: Epoch 65/90 - 23.048s
0: Epoch 65/90 - 23.048s
1: Epoch 66/90 - 22.829s
4: Epoch 66/90 - 22.829s
5: Epoch 66/90 - 22.829s
2: Epoch 66/90 - 22.829s
6: Epoch 66/90 - 22.829s
3: Epoch 66/90 - 22.829s
7: Epoch 66/90 - 22.829s
0: Epoch 66/90 - 22.829s
1: Epoch 67/90 - 23.658s
4: Epoch 67/90 - 23.658s
5: Epoch 67/90 - 23.658s
2: Epoch 67/90 - 23.658s
6: Epoch 67/90 - 23.658s
3: Epoch 67/90 - 23.658s
7: Epoch 67/90 - 23.658s
0: Epoch 67/90 - 23.658s
1: Epoch 68/90 - 23.008s
4: Epoch 68/90 - 23.008s
2: Epoch 68/90 - 23.008s
6: Epoch 68/90 - 23.008s
5: Epoch 68/90 - 23.008s
3: Epoch 68/90 - 23.008s
7: Epoch 68/90 - 23.008s
0: Epoch 68/90 - 23.008s
1: Epoch 69/90 - 23.006s
4: Epoch 69/90 - 23.006s
2: Epoch 69/90 - 23.006s
6: Epoch 69/90 - 23.006s
5: Epoch 69/90 - 23.006s
3: Epoch 69/90 - 23.006s
7: Epoch 69/90 - 23.006s
0: Epoch 69/90 - 23.006s
1: Epoch 70/90 - 23.232s
4: Epoch 70/90 - 23.232s
2: Epoch 70/90 - 23.232s
6: Epoch 70/90 - 23.232s
5: Epoch 70/90 - 23.232s
3: Epoch 70/90 - 23.232s
7: Epoch 70/90 - 23.232s
0: Epoch 70/90 - 23.232s
1: Epoch 71/90 - 22.911s
4: Epoch 71/90 - 22.911s
2: Epoch 71/90 - 22.911s
6: Epoch 71/90 - 22.911s
5: Epoch 71/90 - 22.911s
3: Epoch 71/90 - 22.911s
7: Epoch 71/90 - 22.911s
0: Epoch 71/90 - 22.911s
1: Epoch 72/90 - 22.724s
2: Epoch 72/90 - 22.724s
6: Epoch 72/90 - 22.724s
4: Epoch 72/90 - 22.724s
7: Epoch 72/90 - 22.724s
5: Epoch 72/90 - 22.724s
3: Epoch 72/90 - 22.724s
0: Epoch 72/90 - 22.724s
1: Epoch 73/90 - 22.847s
0: Epoch 73/90 - 22.847s
4: Epoch 73/90 - 22.847s
2: Epoch 73/90 - 22.847s
6: Epoch 73/90 - 22.847s
5: Epoch 73/90 - 22.847s
3: Epoch 73/90 - 22.847s
7: Epoch 73/90 - 22.847s
1: Epoch 74/90 - 23.396s
2: Epoch 74/90 - 23.396s
4: Epoch 74/90 - 23.396s
6: Epoch 74/90 - 23.396s
5: Epoch 74/90 - 23.396s
3: Epoch 74/90 - 23.396s
7: Epoch 74/90 - 23.396s
0: Epoch 74/90 - 23.396s
1: Epoch 75/90 - 22.832s
2: Epoch 75/90 - 22.832s
6: Epoch 75/90 - 22.832s
4: Epoch 75/90 - 22.832s
3: Epoch 75/90 - 22.832s
7: Epoch 75/90 - 22.832s
5: Epoch 75/90 - 22.832s
0: Epoch 75/90 - 22.832s
1: Epoch 76/90 - 23.692s
4: Epoch 76/90 - 23.692s
5: Epoch 76/90 - 23.692s
2: Epoch 76/90 - 23.692s
6: Epoch 76/90 - 23.692s
3: Epoch 76/90 - 23.692s
7: Epoch 76/90 - 23.692s
0: Epoch 76/90 - 23.692s
1: Epoch 77/90 - 23.314s
4: Epoch 77/90 - 23.314s
2: Epoch 77/90 - 23.314s
6: Epoch 77/90 - 23.314s
5: Epoch 77/90 - 23.314s
3: Epoch 77/90 - 23.314s
7: Epoch 77/90 - 23.314s
0: Epoch 77/90 - 23.314s
1: Epoch 78/90 - 23.608s
4: Epoch 78/90 - 23.608s
2: Epoch 78/90 - 23.608s
6: Epoch 78/90 - 23.608s
5: Epoch 78/90 - 23.608s
3: Epoch 78/90 - 23.608s
7: Epoch 78/90 - 23.608s
0: Epoch 78/90 - 23.608s
1: Epoch 79/90 - 23.991s
4: Epoch 79/90 - 23.991s
5: Epoch 79/90 - 23.991s
2: Epoch 79/90 - 23.991s
6: Epoch 79/90 - 23.991s
3: Epoch 79/90 - 23.991s
7: Epoch 79/90 - 23.991s
0: Epoch 79/90 - 23.991s
1: Epoch 80/90 - 23.370s
2: Epoch 80/90 - 23.370s
4: Epoch 80/90 - 23.370s
3: Epoch 80/90 - 23.370s
6: Epoch 80/90 - 23.370s
5: Epoch 80/90 - 23.370s
7: Epoch 80/90 - 23.370s
0: Epoch 80/90 - 23.370s
1: Epoch 81/90 - 23.124s
4: Epoch 81/90 - 23.124s
3: Epoch 81/90 - 23.124s
6: Epoch 81/90 - 23.124s
5: Epoch 81/90 - 23.124s
2: Epoch 81/90 - 23.124s
7: Epoch 81/90 - 23.124s
0: Epoch 81/90 - 23.124s
1: Epoch 82/90 - 23.930s
2: Epoch 82/90 - 23.930s
4: Epoch 82/90 - 23.930s
3: Epoch 82/90 - 23.930s
6: Epoch 82/90 - 23.930s
5: Epoch 82/90 - 23.930s
7: Epoch 82/90 - 23.930s
0: Epoch 82/90 - 23.930s
1: Epoch 83/90 - 23.160s
4: Epoch 83/90 - 23.160s
2: Epoch 83/90 - 23.160s
6: Epoch 83/90 - 23.160s
5: Epoch 83/90 - 23.160s
3: Epoch 83/90 - 23.160s
7: Epoch 83/90 - 23.160s
0: Epoch 83/90 - 23.160s
1: Epoch 84/90 - 22.893s
4: Epoch 84/90 - 22.893s
2: Epoch 84/90 - 22.893s
6: Epoch 84/90 - 22.893s
5: Epoch 84/90 - 22.893s
3: Epoch 84/90 - 22.893s
7: Epoch 84/90 - 22.893s
0: Epoch 84/90 - 22.893s
1: Epoch 85/90 - 22.898s
4: Epoch 85/90 - 22.898s
2: Epoch 85/90 - 22.898s
6: Epoch 85/90 - 22.898s
5: Epoch 85/90 - 22.898s
3: Epoch 85/90 - 22.898s
7: Epoch 85/90 - 22.898s
0: Epoch 85/90 - 22.898s
1: Epoch 86/90 - 22.399s
6: Epoch 86/90 - 22.399s
4: Epoch 86/90 - 22.399s
2: Epoch 86/90 - 22.399s
7: Epoch 86/90 - 22.399s
5: Epoch 86/90 - 22.399s
3: Epoch 86/90 - 22.399s
0: Epoch 86/90 - 22.399s
1: Epoch 87/90 - 23.073s
4: Epoch 87/90 - 23.073s
2: Epoch 87/90 - 23.073s
6: Epoch 87/90 - 23.073s
5: Epoch 87/90 - 23.073s
3: Epoch 87/90 - 23.073s
7: Epoch 87/90 - 23.073s
0: Epoch 87/90 - 23.073s
1: Epoch 88/90 - 23.377s
4: Epoch 88/90 - 23.377s
2: Epoch 88/90 - 23.377s
6: Epoch 88/90 - 23.377s
5: Epoch 88/90 - 23.377s
3: Epoch 88/90 - 23.377s
7: Epoch 88/90 - 23.377s
0: Epoch 88/90 - 23.377s
1: Epoch 89/90 - 23.557s
1: Steps per epoch: 49
1: Validation steps per epoch: 79
4: Epoch 89/90 - 23.557s
4: Steps per epoch: 49
4: Validation steps per epoch: 79
2: Epoch 89/90 - 23.557s
2: Steps per epoch: 49
2: Validation steps per epoch: 79
6: Epoch 89/90 - 23.557s
6: Steps per epoch: 49
6: Validation steps per epoch: 79
1: Average time per epoch: 23.415 s
5: Epoch 89/90 - 23.557s
5: Steps per epoch: 49
5: Validation steps per epoch: 79
3: Epoch 89/90 - 23.557s
3: Steps per epoch: 49
3: Validation steps per epoch: 79
7: Epoch 89/90 - 23.557s
7: Steps per epoch: 49
7: Validation steps per epoch: 79
4: Average time per epoch: 23.415 s
2: Average time per epoch: 23.415 s
6: Average time per epoch: 23.415 s
0: Epoch 89/90 - 23.557s
0: Steps per epoch: 49
0: Validation steps per epoch: 79
5: Average time per epoch: 23.415 s
3: Average time per epoch: 23.415 s
7: Average time per epoch: 23.415 s
0: Average time per epoch: 23.415 s
1: --- 2111.9797224998474 seconds ---
7: --- 2111.8853948116302 seconds ---
4: --- 2111.825117588043 seconds ---
6: --- 2111.88667345047 seconds ---
0: --- 2111.979952096939 seconds ---
5: --- 2111.825344324112 seconds ---
2: --- 2112.050649166107 seconds ---
3: --- 2112.0591056346893 seconds ---
ELAPSED: 2113 seconds
End at Tue Feb  9 19:07:25 EET 2021
