WORKERS: "gpu05-ib:5555","gpu06-ib:5555","gpu07-ib:5555","gpu08-ib:5555"
Start at Sun Feb 14 02:32:07 EET 2021
CUDA_VISIBLE_DEVICES: 0,1
Running on hosts: gpu[05-08]
Running on 4 nodes.
Running 2 tasks per node
Job id is 1095031
0: Number of devices per node: 2
1: Number of devices per node: 2
7: Number of devices per node: 2
3: Number of devices per node: 2
4: Number of devices per node: 2
6: Number of devices per node: 2
2: Number of devices per node: 2
5: Number of devices per node: 2
3: rank 3
7: rank 7
3: 
5: rank 5
1: rank 1
1: 
0: rank 
0: 0
2: rank 2
6: rank 
4: rank 4
2: 
6: 6
0: => creating model 'resnet50'
1: => creating model 'resnet50'
2: => creating model 'resnet50'
7: => creating model 'resnet50'
3: => creating model 'resnet50'
6: => creating model 'resnet50'
5: => creating model 'resnet50'
4: => creating model 'resnet50'
5: Epoch 0/90 - 26.638s
7: Epoch 0/90 - 26.637s
2: Epoch 0/90 - 26.687s
1: Epoch 0/90 - 26.692s
4: Epoch 0/90 - 26.651s
6: Epoch 0/90 - 26.637s
3: Epoch 0/90 - 26.654s
4: 
0: Epoch 0/90 - 26.753s
1: Epoch 1/90 - 16.288s
4: Epoch 1/90 - 16.288s
6: Epoch 1/90 - 16.288s
2: Epoch 1/90 - 16.288s
5: Epoch 1/90 - 16.288s
7: Epoch 1/90 - 16.288s
3: Epoch 1/90 - 16.288s
0: Epoch 1/90 - 16.288s
1: Epoch 2/90 - 15.884s
4: Epoch 2/90 - 15.884s
6: Epoch 2/90 - 15.884s
2: Epoch 2/90 - 15.884s
5: Epoch 2/90 - 15.884s
7: Epoch 2/90 - 15.884s
3: Epoch 2/90 - 15.884s
0: Epoch 2/90 - 15.884s
1: Epoch 3/90 - 15.911s
4: Epoch 3/90 - 15.911s
6: Epoch 3/90 - 15.911s
2: Epoch 3/90 - 15.911s
5: Epoch 3/90 - 15.911s
7: Epoch 3/90 - 15.911s
3: Epoch 3/90 - 15.911s
0: Epoch 3/90 - 15.911s
1: Epoch 4/90 - 16.085s
4: Epoch 4/90 - 16.085s
6: Epoch 4/90 - 16.085s
2: Epoch 4/90 - 16.085s
5: Epoch 4/90 - 16.085s
7: Epoch 4/90 - 16.085s
3: Epoch 4/90 - 16.085s
0: Epoch 4/90 - 16.085s
1: Epoch 5/90 - 16.098s
4: Epoch 5/90 - 16.098s
2: Epoch 5/90 - 16.098s
5: Epoch 5/90 - 16.098s
6: Epoch 5/90 - 16.098s
3: Epoch 5/90 - 16.098s
7: Epoch 5/90 - 16.098s
0: Epoch 5/90 - 16.098s
1: Epoch 6/90 - 16.091s
4: Epoch 6/90 - 16.091s
6: Epoch 6/90 - 16.091s
2: Epoch 6/90 - 16.091s
5: Epoch 6/90 - 16.091s
7: Epoch 6/90 - 16.091s
3: Epoch 6/90 - 16.091s
0: Epoch 6/90 - 16.091s
1: Epoch 7/90 - 16.490s
4: Epoch 7/90 - 16.490s
6: Epoch 7/90 - 16.490s
5: Epoch 7/90 - 16.490s
7: Epoch 7/90 - 16.490s
2: Epoch 7/90 - 16.490s
3: Epoch 7/90 - 16.490s
0: Epoch 7/90 - 16.490s
1: Epoch 8/90 - 16.546s
4: Epoch 8/90 - 16.546s
6: Epoch 8/90 - 16.546s
2: Epoch 8/90 - 16.546s
5: Epoch 8/90 - 16.546s
7: Epoch 8/90 - 16.546s
3: Epoch 8/90 - 16.546s
0: Epoch 8/90 - 16.546s
1: Epoch 9/90 - 16.396s
4: Epoch 9/90 - 16.396s
6: Epoch 9/90 - 16.396s
2: Epoch 9/90 - 16.396s
5: Epoch 9/90 - 16.396s
7: Epoch 9/90 - 16.396s
3: Epoch 9/90 - 16.396s
0: Epoch 9/90 - 16.396s
1: Epoch 10/90 - 16.777s
5: Epoch 10/90 - 16.777s
2: Epoch 10/90 - 16.777s
4: Epoch 10/90 - 16.777s
6: Epoch 10/90 - 16.777s
3: Epoch 10/90 - 16.777s
0: Epoch 10/90 - 16.777s
7: Epoch 10/90 - 16.777s
1: Epoch 11/90 - 16.372s
6: Epoch 11/90 - 16.372s
4: Epoch 11/90 - 16.372s
2: Epoch 11/90 - 16.372s
5: Epoch 11/90 - 16.372s
7: Epoch 11/90 - 16.372s
3: Epoch 11/90 - 16.372s
0: Epoch 11/90 - 16.372s
1: Epoch 12/90 - 16.371s
4: Epoch 12/90 - 16.371s
6: Epoch 12/90 - 16.371s
2: Epoch 12/90 - 16.371s
5: Epoch 12/90 - 16.371s
7: Epoch 12/90 - 16.371s
3: Epoch 12/90 - 16.371s
0: Epoch 12/90 - 16.371s
1: Epoch 13/90 - 16.102s
4: Epoch 13/90 - 16.102s
6: Epoch 13/90 - 16.102s
5: Epoch 13/90 - 16.102s
7: Epoch 13/90 - 16.102s
2: Epoch 13/90 - 16.102s
3: Epoch 13/90 - 16.102s
0: Epoch 13/90 - 16.102s
1: Epoch 14/90 - 15.822s
4: Epoch 14/90 - 15.822s
6: Epoch 14/90 - 15.822s
2: Epoch 14/90 - 15.822s
5: Epoch 14/90 - 15.822s
7: Epoch 14/90 - 15.822s
3: Epoch 14/90 - 15.822s
0: Epoch 14/90 - 15.822s
1: Epoch 15/90 - 15.765s
4: Epoch 15/90 - 15.765s
5: Epoch 15/90 - 15.765s
6: Epoch 15/90 - 15.765s
2: Epoch 15/90 - 15.765s
7: Epoch 15/90 - 15.765s
3: Epoch 15/90 - 15.765s
0: Epoch 15/90 - 15.765s
1: Epoch 16/90 - 16.138s
4: Epoch 16/90 - 16.138s
2: Epoch 16/90 - 16.138s
5: Epoch 16/90 - 16.138s
6: Epoch 16/90 - 16.138s
3: Epoch 16/90 - 16.138s
0: Epoch 16/90 - 16.138s
7: Epoch 16/90 - 16.138s
1: Epoch 17/90 - 16.029s
6: Epoch 17/90 - 16.029s
4: Epoch 17/90 - 16.029s
2: Epoch 17/90 - 16.029s
5: Epoch 17/90 - 16.029s
7: Epoch 17/90 - 16.029s
3: Epoch 17/90 - 16.029s
0: Epoch 17/90 - 16.029s
1: Epoch 18/90 - 15.904s
6: Epoch 18/90 - 15.904s
4: Epoch 18/90 - 15.904s
2: Epoch 18/90 - 15.904s
5: Epoch 18/90 - 15.904s
7: Epoch 18/90 - 15.904s
3: Epoch 18/90 - 15.904s
0: Epoch 18/90 - 15.904s
1: Epoch 19/90 - 16.058s
6: Epoch 19/90 - 16.058s
4: Epoch 19/90 - 16.058s
2: Epoch 19/90 - 16.058s
5: Epoch 19/90 - 16.058s
7: Epoch 19/90 - 16.058s
3: Epoch 19/90 - 16.058s
0: Epoch 19/90 - 16.058s
1: Epoch 20/90 - 15.881s
4: Epoch 20/90 - 15.881s
6: Epoch 20/90 - 15.881s
2: Epoch 20/90 - 15.881s
5: Epoch 20/90 - 15.881s
7: Epoch 20/90 - 15.881s
3: Epoch 20/90 - 15.881s
0: Epoch 20/90 - 15.881s
1: Epoch 21/90 - 16.467s
6: Epoch 21/90 - 16.467s
4: Epoch 21/90 - 16.467s
2: Epoch 21/90 - 16.467s
0: Epoch 21/90 - 16.467s
5: Epoch 21/90 - 16.467s
7: Epoch 21/90 - 16.467s
3: Epoch 21/90 - 16.467s
1: Epoch 22/90 - 16.572s
4: Epoch 22/90 - 16.572s
6: Epoch 22/90 - 16.572s
2: Epoch 22/90 - 16.572s
0: Epoch 22/90 - 16.572s
5: Epoch 22/90 - 16.572s
7: Epoch 22/90 - 16.572s
3: Epoch 22/90 - 16.572s
1: Epoch 23/90 - 15.818s
4: Epoch 23/90 - 15.818s
6: Epoch 23/90 - 15.818s
2: Epoch 23/90 - 15.818s
5: Epoch 23/90 - 15.818s
7: Epoch 23/90 - 15.818s
3: Epoch 23/90 - 15.818s
0: Epoch 23/90 - 15.818s
1: Epoch 24/90 - 16.118s
4: Epoch 24/90 - 16.118s
6: Epoch 24/90 - 16.118s
2: Epoch 24/90 - 16.118s
5: Epoch 24/90 - 16.118s
7: Epoch 24/90 - 16.118s
3: Epoch 24/90 - 16.118s
0: Epoch 24/90 - 16.118s
1: Epoch 25/90 - 15.753s
2: Epoch 25/90 - 15.753s
4: Epoch 25/90 - 15.753s
6: Epoch 25/90 - 15.753s
5: Epoch 25/90 - 15.753s
7: Epoch 25/90 - 15.753s
3: Epoch 25/90 - 15.753s
0: Epoch 25/90 - 15.753s
1: Epoch 26/90 - 15.642s
4: Epoch 26/90 - 15.642s
6: Epoch 26/90 - 15.642s
2: Epoch 26/90 - 15.642s
5: Epoch 26/90 - 15.642s
7: Epoch 26/90 - 15.642s
3: Epoch 26/90 - 15.642s
0: Epoch 26/90 - 15.642s
1: Epoch 27/90 - 15.670s
2: Epoch 27/90 - 15.670s
4: Epoch 27/90 - 15.670s
6: Epoch 27/90 - 15.670s
5: Epoch 27/90 - 15.670s
3: Epoch 27/90 - 15.670s
7: Epoch 27/90 - 15.670s
0: Epoch 27/90 - 15.671s
1: Epoch 28/90 - 15.999s
4: Epoch 28/90 - 15.999s
5: Epoch 28/90 - 15.999s
6: Epoch 28/90 - 15.999s
2: Epoch 28/90 - 15.999s
7: Epoch 28/90 - 15.999s
3: Epoch 28/90 - 15.999s
0: Epoch 28/90 - 15.999s
1: Epoch 29/90 - 15.857s
4: Epoch 29/90 - 15.857s
6: Epoch 29/90 - 15.857s
2: Epoch 29/90 - 15.857s
5: Epoch 29/90 - 15.857s
7: Epoch 29/90 - 15.857s
3: Epoch 29/90 - 15.857s
0: Epoch 29/90 - 15.857s
1: Epoch 30/90 - 15.943s
4: Epoch 30/90 - 15.943s
6: Epoch 30/90 - 15.943s
2: Epoch 30/90 - 15.943s
3: Epoch 30/90 - 15.943s
5: Epoch 30/90 - 15.943s
7: Epoch 30/90 - 15.943s
0: Epoch 30/90 - 15.943s
1: Epoch 31/90 - 16.254s
4: Epoch 31/90 - 16.254s
6: Epoch 31/90 - 16.254s
2: Epoch 31/90 - 16.254s
5: Epoch 31/90 - 16.254s
7: Epoch 31/90 - 16.254s
3: Epoch 31/90 - 16.254s
0: Epoch 31/90 - 16.254s
1: Epoch 32/90 - 16.133s
4: Epoch 32/90 - 16.133s
6: Epoch 32/90 - 16.133s
5: Epoch 32/90 - 16.133s
2: Epoch 32/90 - 16.133s
7: Epoch 32/90 - 16.133s
3: Epoch 32/90 - 16.133s
0: Epoch 32/90 - 16.133s
1: Epoch 33/90 - 16.697s
4: Epoch 33/90 - 16.697s
6: Epoch 33/90 - 16.697s
2: Epoch 33/90 - 16.697s
5: Epoch 33/90 - 16.697s
7: Epoch 33/90 - 16.697s
3: Epoch 33/90 - 16.697s
0: Epoch 33/90 - 16.697s
1: Epoch 34/90 - 16.617s
4: Epoch 34/90 - 16.617s
6: Epoch 34/90 - 16.617s
2: Epoch 34/90 - 16.617s
5: Epoch 34/90 - 16.617s
7: Epoch 34/90 - 16.617s
3: Epoch 34/90 - 16.617s
0: Epoch 34/90 - 16.617s
1: Epoch 35/90 - 16.685s
4: Epoch 35/90 - 16.685s
6: Epoch 35/90 - 16.685s
2: Epoch 35/90 - 16.685s
5: Epoch 35/90 - 16.685s
7: Epoch 35/90 - 16.685s
3: Epoch 35/90 - 16.685s
0: Epoch 35/90 - 16.685s
1: Epoch 36/90 - 15.934s
4: Epoch 36/90 - 15.934s
6: Epoch 36/90 - 15.934s
2: Epoch 36/90 - 15.934s
5: Epoch 36/90 - 15.934s
7: Epoch 36/90 - 15.934s
3: Epoch 36/90 - 15.934s
0: Epoch 36/90 - 15.934s
1: Epoch 37/90 - 15.914s
4: Epoch 37/90 - 15.914s
6: Epoch 37/90 - 15.914s
2: Epoch 37/90 - 15.914s
5: Epoch 37/90 - 15.914s
7: Epoch 37/90 - 15.914s
3: Epoch 37/90 - 15.914s
0: Epoch 37/90 - 15.914s
1: Epoch 38/90 - 16.534s
4: Epoch 38/90 - 16.534s
6: Epoch 38/90 - 16.534s
2: Epoch 38/90 - 16.534s
5: Epoch 38/90 - 16.534s
7: Epoch 38/90 - 16.534s
3: Epoch 38/90 - 16.534s
0: Epoch 38/90 - 16.534s
1: Epoch 39/90 - 16.778s
4: Epoch 39/90 - 16.778s
6: Epoch 39/90 - 16.778s
2: Epoch 39/90 - 16.778s
5: Epoch 39/90 - 16.778s
7: Epoch 39/90 - 16.778s
3: Epoch 39/90 - 16.778s
0: Epoch 39/90 - 16.778s
1: Epoch 40/90 - 16.448s
4: Epoch 40/90 - 16.448s
6: Epoch 40/90 - 16.448s
2: Epoch 40/90 - 16.448s
5: Epoch 40/90 - 16.448s
3: Epoch 40/90 - 16.448s
7: Epoch 40/90 - 16.448s
0: Epoch 40/90 - 16.448s
1: Epoch 41/90 - 15.993s
4: Epoch 41/90 - 15.993s
6: Epoch 41/90 - 15.993s
2: Epoch 41/90 - 15.993s
5: Epoch 41/90 - 15.993s
3: Epoch 41/90 - 15.993s
0: Epoch 41/90 - 15.993s
7: Epoch 41/90 - 15.993s
1: Epoch 42/90 - 15.939s
5: Epoch 42/90 - 15.939s
6: Epoch 42/90 - 15.939s
2: Epoch 42/90 - 15.939s
4: Epoch 42/90 - 15.939s
7: Epoch 42/90 - 15.939s
3: Epoch 42/90 - 15.939s
0: Epoch 42/90 - 15.939s
1: Epoch 43/90 - 16.192s
4: Epoch 43/90 - 16.192s
2: Epoch 43/90 - 16.192s
5: Epoch 43/90 - 16.192s
6: Epoch 43/90 - 16.192s
3: Epoch 43/90 - 16.192s
7: Epoch 43/90 - 16.192s
0: Epoch 43/90 - 16.192s
1: Epoch 44/90 - 15.918s
4: Epoch 44/90 - 15.918s
6: Epoch 44/90 - 15.918s
2: Epoch 44/90 - 15.918s
5: Epoch 44/90 - 15.918s
7: Epoch 44/90 - 15.918s
3: Epoch 44/90 - 15.918s
0: Epoch 44/90 - 15.918s
1: Epoch 45/90 - 15.962s
4: Epoch 45/90 - 15.962s
6: Epoch 45/90 - 15.962s
2: Epoch 45/90 - 15.962s
5: Epoch 45/90 - 15.962s
7: Epoch 45/90 - 15.962s
3: Epoch 45/90 - 15.962s
0: Epoch 45/90 - 15.962s
1: Epoch 46/90 - 16.045s
6: Epoch 46/90 - 16.045s
2: Epoch 46/90 - 16.045s
4: Epoch 46/90 - 16.045s
7: Epoch 46/90 - 16.045s
5: Epoch 46/90 - 16.045s
3: Epoch 46/90 - 16.045s
0: Epoch 46/90 - 16.045s
1: Epoch 47/90 - 16.811s
5: Epoch 47/90 - 16.811s
2: Epoch 47/90 - 16.811s
4: Epoch 47/90 - 16.811s
6: Epoch 47/90 - 16.811s
3: Epoch 47/90 - 16.811s
7: Epoch 47/90 - 16.811s
0: Epoch 47/90 - 16.811s
1: Epoch 48/90 - 16.799s
2: Epoch 48/90 - 16.799s
4: Epoch 48/90 - 16.799s
6: Epoch 48/90 - 16.799s
5: Epoch 48/90 - 16.799s
7: Epoch 48/90 - 16.799s
3: Epoch 48/90 - 16.799s
0: Epoch 48/90 - 16.799s
1: Epoch 49/90 - 16.834s
6: Epoch 49/90 - 16.834s
4: Epoch 49/90 - 16.834s
2: Epoch 49/90 - 16.834s
5: Epoch 49/90 - 16.834s
7: Epoch 49/90 - 16.834s
3: Epoch 49/90 - 16.834s
0: Epoch 49/90 - 16.834s
1: Epoch 50/90 - 16.774s
5: Epoch 50/90 - 16.774s
6: Epoch 50/90 - 16.774s
2: Epoch 50/90 - 16.774s
4: Epoch 50/90 - 16.774s
7: Epoch 50/90 - 16.774s
3: Epoch 50/90 - 16.774s
0: Epoch 50/90 - 16.774s
1: Epoch 51/90 - 16.875s
5: Epoch 51/90 - 16.875s
6: Epoch 51/90 - 16.875s
2: Epoch 51/90 - 16.875s
4: Epoch 51/90 - 16.875s
7: Epoch 51/90 - 16.875s
3: Epoch 51/90 - 16.875s
0: Epoch 51/90 - 16.875s
4: Epoch 52/90 - 16.651s
6: Epoch 52/90 - 16.651s
2: Epoch 52/90 - 16.651s
1: Epoch 52/90 - 16.651s
5: Epoch 52/90 - 16.651s
7: Epoch 52/90 - 16.651s
3: Epoch 52/90 - 16.651s
0: Epoch 52/90 - 16.651s
1: Epoch 53/90 - 16.720s
2: Epoch 53/90 - 16.720s
4: Epoch 53/90 - 16.720s
6: Epoch 53/90 - 16.720s
5: Epoch 53/90 - 16.720s
7: Epoch 53/90 - 16.720s
3: Epoch 53/90 - 16.720s
0: Epoch 53/90 - 16.720s
1: Epoch 54/90 - 16.835s
5: Epoch 54/90 - 16.835s
6: Epoch 54/90 - 16.835s
2: Epoch 54/90 - 16.835s
4: Epoch 54/90 - 16.835s
7: Epoch 54/90 - 16.835s
3: Epoch 54/90 - 16.835s
0: Epoch 54/90 - 16.835s
1: Epoch 55/90 - 16.571s
4: Epoch 55/90 - 16.571s
6: Epoch 55/90 - 16.571s
2: Epoch 55/90 - 16.571s
7: Epoch 55/90 - 16.571s
3: Epoch 55/90 - 16.571s
0: Epoch 55/90 - 16.571s
5: Epoch 55/90 - 16.571s
1: Epoch 56/90 - 16.810s
4: Epoch 56/90 - 16.810s
6: Epoch 56/90 - 16.810s
2: Epoch 56/90 - 16.810s
5: Epoch 56/90 - 16.810s
7: Epoch 56/90 - 16.810s
3: Epoch 56/90 - 16.810s
0: Epoch 56/90 - 16.810s
1: Epoch 57/90 - 16.814s
2: Epoch 57/90 - 16.814s
4: Epoch 57/90 - 16.814s
6: Epoch 57/90 - 16.814s
3: Epoch 57/90 - 16.814s
5: Epoch 57/90 - 16.814s
7: Epoch 57/90 - 16.814s
0: Epoch 57/90 - 16.814s
1: Epoch 58/90 - 16.876s
4: Epoch 58/90 - 16.876s
6: Epoch 58/90 - 16.876s
5: Epoch 58/90 - 16.876s
7: Epoch 58/90 - 16.876s
2: Epoch 58/90 - 16.876s
0: Epoch 58/90 - 16.876s
3: Epoch 58/90 - 16.876s
1: Epoch 59/90 - 16.812s
4: Epoch 59/90 - 16.812s
6: Epoch 59/90 - 16.812s
2: Epoch 59/90 - 16.812s
5: Epoch 59/90 - 16.812s
7: Epoch 59/90 - 16.812s
3: Epoch 59/90 - 16.812s
0: Epoch 59/90 - 16.812s
1: Epoch 60/90 - 16.870s
4: Epoch 60/90 - 16.870s
6: Epoch 60/90 - 16.870s
2: Epoch 60/90 - 16.870s
5: Epoch 60/90 - 16.870s
7: Epoch 60/90 - 16.870s
3: Epoch 60/90 - 16.870s
0: Epoch 60/90 - 16.870s
1: Epoch 61/90 - 16.873s
6: Epoch 61/90 - 16.873s
4: Epoch 61/90 - 16.873s
2: Epoch 61/90 - 16.873s
5: Epoch 61/90 - 16.873s
7: Epoch 61/90 - 16.873s
3: Epoch 61/90 - 16.873s
0: Epoch 61/90 - 16.873s
1: Epoch 62/90 - 16.679s
4: Epoch 62/90 - 16.679s
6: Epoch 62/90 - 16.679s
5: Epoch 62/90 - 16.679s
7: Epoch 62/90 - 16.679s
2: Epoch 62/90 - 16.679s
0: Epoch 62/90 - 16.679s
3: Epoch 62/90 - 16.679s
1: Epoch 63/90 - 15.688s
4: Epoch 63/90 - 15.688s
6: Epoch 63/90 - 15.688s
2: Epoch 63/90 - 15.688s
5: Epoch 63/90 - 15.688s
7: Epoch 63/90 - 15.688s
3: Epoch 63/90 - 15.688s
0: Epoch 63/90 - 15.688s
1: Epoch 64/90 - 15.810s
4: Epoch 64/90 - 15.810s
6: Epoch 64/90 - 15.810s
2: Epoch 64/90 - 15.810s
5: Epoch 64/90 - 15.810s
7: Epoch 64/90 - 15.810s
3: Epoch 64/90 - 15.810s
0: Epoch 64/90 - 15.810s
1: Epoch 65/90 - 16.482s
6: Epoch 65/90 - 16.482s
4: Epoch 65/90 - 16.482s
2: Epoch 65/90 - 16.482s
5: Epoch 65/90 - 16.482s
7: Epoch 65/90 - 16.482s
3: Epoch 65/90 - 16.482s
0: Epoch 65/90 - 16.482s
1: Epoch 66/90 - 16.686s
6: Epoch 66/90 - 16.686s
2: Epoch 66/90 - 16.686s
4: Epoch 66/90 - 16.686s
3: Epoch 66/90 - 16.686s
5: Epoch 66/90 - 16.686s
7: Epoch 66/90 - 16.686s
0: Epoch 66/90 - 16.686s
1: Epoch 67/90 - 16.748s
4: Epoch 67/90 - 16.748s
2: Epoch 67/90 - 16.748s
6: Epoch 67/90 - 16.748s
5: Epoch 67/90 - 16.748s
7: Epoch 67/90 - 16.748s
3: Epoch 67/90 - 16.748s
0: Epoch 67/90 - 16.748s
1: Epoch 68/90 - 16.815s
6: Epoch 68/90 - 16.815s
4: Epoch 68/90 - 16.815s
2: Epoch 68/90 - 16.815s
5: Epoch 68/90 - 16.815s
7: Epoch 68/90 - 16.815s
3: Epoch 68/90 - 16.815s
0: Epoch 68/90 - 16.815s
1: Epoch 69/90 - 16.607s
4: Epoch 69/90 - 16.607s
6: Epoch 69/90 - 16.607s
2: Epoch 69/90 - 16.607s
5: Epoch 69/90 - 16.607s
7: Epoch 69/90 - 16.607s
3: Epoch 69/90 - 16.607s
0: Epoch 69/90 - 16.607s
1: Epoch 70/90 - 16.801s
4: Epoch 70/90 - 16.801s
6: Epoch 70/90 - 16.801s
2: Epoch 70/90 - 16.801s
5: Epoch 70/90 - 16.801s
7: Epoch 70/90 - 16.801s
3: Epoch 70/90 - 16.801s
0: Epoch 70/90 - 16.801s
1: Epoch 71/90 - 16.709s
6: Epoch 71/90 - 16.709s
4: Epoch 71/90 - 16.709s
2: Epoch 71/90 - 16.709s
5: Epoch 71/90 - 16.709s
7: Epoch 71/90 - 16.709s
3: Epoch 71/90 - 16.709s
0: Epoch 71/90 - 16.709s
1: Epoch 72/90 - 16.628s
6: Epoch 72/90 - 16.628s
4: Epoch 72/90 - 16.628s
2: Epoch 72/90 - 16.628s
5: Epoch 72/90 - 16.628s
7: Epoch 72/90 - 16.628s
3: Epoch 72/90 - 16.628s
0: Epoch 72/90 - 16.628s
4: Epoch 73/90 - 16.637s
6: Epoch 73/90 - 16.637s
2: Epoch 73/90 - 16.637s
1: Epoch 73/90 - 16.637s
5: Epoch 73/90 - 16.637s
7: Epoch 73/90 - 16.637s
3: Epoch 73/90 - 16.637s
0: Epoch 73/90 - 16.637s
1: Epoch 74/90 - 16.171s
4: Epoch 74/90 - 16.171s
6: Epoch 74/90 - 16.171s
2: Epoch 74/90 - 16.171s
5: Epoch 74/90 - 16.171s
7: Epoch 74/90 - 16.171s
3: Epoch 74/90 - 16.171s
0: Epoch 74/90 - 16.171s
1: Epoch 75/90 - 16.672s
5: Epoch 75/90 - 16.672s
6: Epoch 75/90 - 16.672s
2: Epoch 75/90 - 16.672s
4: Epoch 75/90 - 16.672s
7: Epoch 75/90 - 16.672s
3: Epoch 75/90 - 16.672s
0: Epoch 75/90 - 16.672s
1: Epoch 76/90 - 16.519s
4: Epoch 76/90 - 16.519s
7: Epoch 76/90 - 16.519s
2: Epoch 76/90 - 16.519s
5: Epoch 76/90 - 16.519s
6: Epoch 76/90 - 16.519s
0: Epoch 76/90 - 16.519s
3: Epoch 76/90 - 16.519s
1: Epoch 77/90 - 16.208s
4: Epoch 77/90 - 16.208s
6: Epoch 77/90 - 16.208s
2: Epoch 77/90 - 16.208s
5: Epoch 77/90 - 16.208s
7: Epoch 77/90 - 16.208s
3: Epoch 77/90 - 16.208s
0: Epoch 77/90 - 16.208s
1: Epoch 78/90 - 16.694s
4: Epoch 78/90 - 16.694s
6: Epoch 78/90 - 16.694s
2: Epoch 78/90 - 16.694s
5: Epoch 78/90 - 16.694s
7: Epoch 78/90 - 16.694s
3: Epoch 78/90 - 16.694s
0: Epoch 78/90 - 16.694s
1: Epoch 79/90 - 16.439s
4: Epoch 79/90 - 16.439s
5: Epoch 79/90 - 16.439s
6: Epoch 79/90 - 16.439s
2: Epoch 79/90 - 16.439s
7: Epoch 79/90 - 16.439s
3: Epoch 79/90 - 16.439s
0: Epoch 79/90 - 16.439s
1: Epoch 80/90 - 15.784s
4: Epoch 80/90 - 15.784s
5: Epoch 80/90 - 15.784s
6: Epoch 80/90 - 15.784s
2: Epoch 80/90 - 15.784s
7: Epoch 80/90 - 15.784s
3: Epoch 80/90 - 15.784s
0: Epoch 80/90 - 15.784s
1: Epoch 81/90 - 15.786s
4: Epoch 81/90 - 15.786s
6: Epoch 81/90 - 15.786s
7: Epoch 81/90 - 15.786s
2: Epoch 81/90 - 15.786s
0: Epoch 81/90 - 15.786s
5: Epoch 81/90 - 15.786s
3: Epoch 81/90 - 15.786s
1: Epoch 82/90 - 16.261s
4: Epoch 82/90 - 16.261s
6: Epoch 82/90 - 16.261s
0: Epoch 82/90 - 16.261s
5: Epoch 82/90 - 16.261s
7: Epoch 82/90 - 16.261s
2: Epoch 82/90 - 16.261s
3: Epoch 82/90 - 16.261s
1: Epoch 83/90 - 16.757s
4: Epoch 83/90 - 16.757s
6: Epoch 83/90 - 16.757s
2: Epoch 83/90 - 16.757s
5: Epoch 83/90 - 16.757s
7: Epoch 83/90 - 16.757s
3: Epoch 83/90 - 16.757s
0: Epoch 83/90 - 16.757s
1: Epoch 84/90 - 16.495s
4: Epoch 84/90 - 16.495s
6: Epoch 84/90 - 16.495s
2: Epoch 84/90 - 16.495s
5: Epoch 84/90 - 16.495s
7: Epoch 84/90 - 16.495s
3: Epoch 84/90 - 16.495s
0: Epoch 84/90 - 16.495s
1: Epoch 85/90 - 16.024s
4: Epoch 85/90 - 16.024s
6: Epoch 85/90 - 16.024s
2: Epoch 85/90 - 16.024s
5: Epoch 85/90 - 16.024s
7: Epoch 85/90 - 16.024s
3: Epoch 85/90 - 16.024s
0: Epoch 85/90 - 16.024s
4: Epoch 86/90 - 16.459s
6: Epoch 86/90 - 16.459s
2: Epoch 86/90 - 16.459s
1: Epoch 86/90 - 16.459s
5: Epoch 86/90 - 16.459s
7: Epoch 86/90 - 16.459s
3: Epoch 86/90 - 16.459s
0: Epoch 86/90 - 16.459s
1: Epoch 87/90 - 16.419s
4: Epoch 87/90 - 16.419s
6: Epoch 87/90 - 16.419s
2: Epoch 87/90 - 16.419s
5: Epoch 87/90 - 16.419s
7: Epoch 87/90 - 16.419s
3: Epoch 87/90 - 16.419s
0: Epoch 87/90 - 16.419s
1: Epoch 88/90 - 16.443s
4: Epoch 88/90 - 16.443s
6: Epoch 88/90 - 16.443s
2: Epoch 88/90 - 16.443s
5: Epoch 88/90 - 16.443s
7: Epoch 88/90 - 16.443s
3: Epoch 88/90 - 16.443s
0: Epoch 88/90 - 16.443s
1: Epoch 89/90 - 16.287s
1: Steps per epoch: 25
1: Validation steps per epoch: 40
4: Epoch 89/90 - 16.287s
6: Epoch 89/90 - 16.287s
6: Steps per epoch: 25
6: Validation steps per epoch: 40
2: Epoch 89/90 - 16.287s
2: Steps per epoch: 25
2: Validation steps per epoch: 40
1: Average time per epoch: 16.458 s
5: Epoch 89/90 - 16.287s
5: Steps per epoch: 25
5: Validation steps per epoch: 40
7: Epoch 89/90 - 16.287s
7: Steps per epoch: 25
7: Validation steps per epoch: 40
3: Epoch 89/90 - 16.287s
3: Steps per epoch: 25
3: Validation steps per epoch: 40
4: Steps per epoch: 25
4: Validation steps per epoch: 40
0: Epoch 89/90 - 16.287s
0: Steps per epoch: 25
0: Validation steps per epoch: 40
5: Average time per epoch: 16.457 s
6: Average time per epoch: 16.457 s
2: Average time per epoch: 16.458 s
0: Average time per epoch: 16.459 s
4: Average time per epoch: 16.458 s
7: Average time per epoch: 16.457 s
3: Average time per epoch: 16.458 s
6: --- 1485.0303523540497 seconds ---
2: --- 1485.0011518001556 seconds ---
1: --- 1485.0735139846802 seconds ---
4: --- 1484.9957084655762 seconds ---
3: --- 1485.0010242462158 seconds ---
5: --- 1484.9950413703918 seconds ---
7: --- 1485.0313470363617 seconds ---
0: --- 1485.0825290679932 seconds ---
ELAPSED: 1487 seconds
End at Sun Feb 14 02:56:54 EET 2021
