WORKERS: "gpu12-ib:5555","gpu13-ib:5555","gpu14-ib:5555","gpu15-ib:5555","gpu16-ib:5555","gpu17-ib:5555","gpu18-ib:5555","gpu19-ib:5555","gpu20-ib:5555","gpu21-ib:5555","gpu22-ib:5555","gpu23-ib:5555","gpu24-ib:5555","gpu25-ib:5555","gpu26-ib:5555","gpu27-ib:5555"
Start at Wed Feb 10 00:54:33 EET 2021
CUDA_VISIBLE_DEVICES: 0,1
Running on hosts: gpu[12-27]
Running on 16 nodes.
Running 2 tasks per node
Job id is 1092215
27: Number of devices per node: 2
16: Number of devices per node: 2
20: Number of devices per node: 2
23: Number of devices per node: 2
12: Number of devices per node: 2
29: Number of devices per node: 2
31: Number of devices per node: 2
15: Number of devices per node: 2
25: Number of devices per node: 2
26: Number of devices per node: 2
21: Number of devices per node: 2
17: Number of devices per node: 2
22: Number of devices per node: 2
13: Number of devices per node: 2
28: Number of devices per node: 2
14: Number of devices per node: 2
30: Number of devices per node: 2
24: Number of devices per node: 2
06: Number of devices per node: 2
09: Number of devices per node: 2
07: Number of devices per node: 2
02: Number of devices per node: 2
05: Number of devices per node: 2
08: Number of devices per node: 2
08: 
00: Number of devices per node: 2
03: Number of devices per node: 2
04: Number of devices per node: 2
01: Number of devices per node: 2
19: Number of devices per node: 2
18: Number of devices per node: 2
10: Number of devices per node: 2
11: Number of devices per node: 2
08: rank 8
26: rank 26
11: rank 11
16: rank 16
23: rank 23
30: rank 30
28: rank 28
21: rank 21
07: rank 7
10: rank 10
22: rank 
31: rank 31
22: 22
25: rank 25
03: rank 3
29: rank 29
20: rank 20
06: rank 6
05: rank 5
01: rank 1
14: rank 14
24: rank 24
13: rank 13
18: rank 18
27: rank 27
15: rank 15
12: rank
04: rank 4
02: rank 2
12:  12
00: rank 0
27: 
12: 
09: rank 9
17: rank 17
19: rank 19
12: => creating model 'resnet50'
27: => creating model 'resnet50'
25: => creating model 'resnet50'
06: => creating model 'resnet50'
24: => creating model 'resnet50'
29: => creating model 'resnet50'
28: => creating model 'resnet50'
14: => creating model 'resnet50'
07: => creating model 'resnet50'
13: => creating model 'resnet50'
16: => creating model 'resnet50'
17: => creating model 'resnet50'
20: => creating model 'resnet50'
21: => creating model 'resnet50'
15: => creating model 'resnet50'
26: => creating model 'resnet50'
23: => creating model 'resnet50'
22: => creating model 'resnet50'
02: => creating model 'resnet50'
03: => creating model 'resnet50'
05: => creating model 'resnet50'
04: => creating model 'resnet50'
00: => creating model 'resnet50'
01: => creating model 'resnet50'
08: => creating model 'resnet50'
09: => creating model 'resnet50'
10: => creating model 'resnet50'
11: => creating model 'resnet50'
30: => creating model 'resnet50'
31: => creating model 'resnet50'
19: => creating model 'resnet50'
19: 
18: => creating model 'resnet50'
18: 
01: Epoch 0/90 - 28.491s
17: Epoch 0/90 - 28.228s
14: Epoch 0/90 - 28.474s
22: Epoch 0/90 - 28.218s
19: Epoch 0/90 - 28.219s
08: Epoch 0/90 - 28.488s
20: Epoch 0/90 - 28.219s
24: Epoch 0/90 - 28.219s
06: Epoch 0/90 - 28.489s
26: Epoch 0/90 - 28.218s
10: Epoch 0/90 - 28.486s
02: Epoch 0/90 - 28.490s
12: Epoch 0/90 - 28.476s
04: Epoch 0/90 - 28.490s
30: Epoch 0/90 - 28.218s
28: Epoch 0/90 - 28.218s
18: Epoch 0/90 - 28.224s
09: Epoch 0/90 - 28.487s
21: Epoch 0/90 - 28.219s
25: Epoch 0/90 - 28.219s
07: Epoch 0/90 - 28.488s
27: Epoch 0/90 - 28.218s
11: Epoch 0/90 - 28.485s
03: Epoch 0/90 - 28.490s
15: Epoch 0/90 - 28.472s
23: Epoch 0/90 - 28.218s
13: Epoch 0/90 - 28.475s
05: Epoch 0/90 - 28.489s
31: Epoch 0/90 - 28.218s
29: Epoch 0/90 - 28.218s
16: Epoch 0/90 - 28.472s
00: Epoch 0/90 - 28.494s
01: Epoch 1/90 - 20.948s
16: Epoch 1/90 - 20.948s
14: Epoch 1/90 - 20.948s
18: Epoch 1/90 - 20.948s
08: Epoch 1/90 - 20.948s
20: Epoch 1/90 - 20.948s
24: Epoch 1/90 - 20.948s
06: Epoch 1/90 - 20.948s
26: Epoch 1/90 - 20.948s
10: Epoch 1/90 - 20.948s
02: Epoch 1/90 - 20.948s
22: Epoch 1/90 - 20.948s
12: Epoch 1/90 - 20.948s
04: Epoch 1/90 - 20.948s
30: Epoch 1/90 - 20.948s
28: Epoch 1/90 - 20.948s
19: Epoch 1/90 - 20.948s
09: Epoch 1/90 - 20.948s
21: Epoch 1/90 - 20.948s
25: Epoch 1/90 - 20.948s
07: Epoch 1/90 - 20.948s
27: Epoch 1/90 - 20.948s
11: Epoch 1/90 - 20.948s
17: Epoch 1/90 - 20.948s
03: Epoch 1/90 - 20.948s
15: Epoch 1/90 - 20.948s
23: Epoch 1/90 - 20.948s
13: Epoch 1/90 - 20.948s
05: Epoch 1/90 - 20.948s
31: Epoch 1/90 - 20.948s
29: Epoch 1/90 - 20.948s
00: Epoch 1/90 - 20.948s
20: Epoch 2/90 - 21.491s
24: Epoch 2/90 - 21.491s
01: Epoch 2/90 - 21.491s
06: Epoch 2/90 - 21.491s
26: Epoch 2/90 - 21.491s
22: Epoch 2/90 - 21.491s
18: Epoch 2/90 - 21.491s
08: Epoch 2/90 - 21.491s
21: Epoch 2/90 - 21.491s
25: Epoch 2/90 - 21.491s
07: Epoch 2/90 - 21.491s
27: Epoch 2/90 - 21.491s
10: Epoch 2/90 - 21.491s
16: Epoch 2/90 - 21.491s
02: Epoch 2/90 - 21.491s
14: Epoch 2/90 - 21.491s
23: Epoch 2/90 - 21.491s
12: Epoch 2/90 - 21.491s
04: Epoch 2/90 - 21.491s
30: Epoch 2/90 - 21.491s
28: Epoch 2/90 - 21.491s
19: Epoch 2/90 - 21.491s
09: Epoch 2/90 - 21.491s
11: Epoch 2/90 - 21.491s
17: Epoch 2/90 - 21.491s
03: Epoch 2/90 - 21.491s
15: Epoch 2/90 - 21.491s
13: Epoch 2/90 - 21.491s
05: Epoch 2/90 - 21.491s
31: Epoch 2/90 - 21.491s
29: Epoch 2/90 - 21.491s
19: 
00: Epoch 2/90 - 21.491s
01: Epoch 3/90 - 19.918s
16: Epoch 3/90 - 19.918s
14: Epoch 3/90 - 19.918s
30: Epoch 3/90 - 19.918s
18: Epoch 3/90 - 19.918s
08: Epoch 3/90 - 19.918s
20: Epoch 3/90 - 19.918s
24: Epoch 3/90 - 19.918s
06: Epoch 3/90 - 19.918s
26: Epoch 3/90 - 19.918s
10: Epoch 3/90 - 19.918s
17: Epoch 3/90 - 19.918s
02: Epoch 3/90 - 19.918s
15: Epoch 3/90 - 19.918s
22: Epoch 3/90 - 19.918s
12: Epoch 3/90 - 19.918s
04: Epoch 3/90 - 19.918s
31: Epoch 3/90 - 19.918s
28: Epoch 3/90 - 19.918s
19: Epoch 3/90 - 19.918s
09: Epoch 3/90 - 19.918s
21: Epoch 3/90 - 19.918s
25: Epoch 3/90 - 19.918s
07: Epoch 3/90 - 19.918s
27: Epoch 3/90 - 19.918s
11: Epoch 3/90 - 19.918s
03: Epoch 3/90 - 19.918s
23: Epoch 3/90 - 19.918s
13: Epoch 3/90 - 19.918s
05: Epoch 3/90 - 19.918s
29: Epoch 3/90 - 19.918s
18: 
00: Epoch 3/90 - 19.918s
01: Epoch 4/90 - 19.808s
16: Epoch 4/90 - 19.808s
14: Epoch 4/90 - 19.808s
22: Epoch 4/90 - 19.808s
12: Epoch 4/90 - 19.808s
30: Epoch 4/90 - 19.808s
28: Epoch 4/90 - 19.808s
18: Epoch 4/90 - 19.808s
08: Epoch 4/90 - 19.808s
20: Epoch 4/90 - 19.808s
24: Epoch 4/90 - 19.808s
06: Epoch 4/90 - 19.808s
26: Epoch 4/90 - 19.808s
10: Epoch 4/90 - 19.808s
17: Epoch 4/90 - 19.808s
02: Epoch 4/90 - 19.808s
15: Epoch 4/90 - 19.808s
23: Epoch 4/90 - 19.808s
13: Epoch 4/90 - 19.808s
04: Epoch 4/90 - 19.808s
31: Epoch 4/90 - 19.808s
29: Epoch 4/90 - 19.808s
19: Epoch 4/90 - 19.808s
09: Epoch 4/90 - 19.808s
21: Epoch 4/90 - 19.808s
25: Epoch 4/90 - 19.808s
00: Epoch 4/90 - 19.808s
07: Epoch 4/90 - 19.808s
27: Epoch 4/90 - 19.808s
11: Epoch 4/90 - 19.808s
03: Epoch 4/90 - 19.808s
05: Epoch 4/90 - 19.808s
19: 
01: Epoch 5/90 - 19.635s
10: Epoch 5/90 - 19.635s
12: Epoch 5/90 - 19.635s
18: Epoch 5/90 - 19.635s
08: Epoch 5/90 - 19.635s
20: Epoch 5/90 - 19.635s
24: Epoch 5/90 - 19.635s
06: Epoch 5/90 - 19.635s
26: Epoch 5/90 - 19.635s
11: Epoch 5/90 - 19.635s
16: Epoch 5/90 - 19.635s
02: Epoch 5/90 - 19.635s
14: Epoch 5/90 - 19.635s
22: Epoch 5/90 - 19.635s
13: Epoch 5/90 - 19.635s
04: Epoch 5/90 - 19.635s
30: Epoch 5/90 - 19.635s
28: Epoch 5/90 - 19.635s
19: Epoch 5/90 - 19.635s
09: Epoch 5/90 - 19.635s
21: Epoch 5/90 - 19.635s
25: Epoch 5/90 - 19.635s
00: Epoch 5/90 - 19.635s
07: Epoch 5/90 - 19.635s
27: Epoch 5/90 - 19.635s
17: Epoch 5/90 - 19.635s
03: Epoch 5/90 - 19.635s
15: Epoch 5/90 - 19.635s
23: Epoch 5/90 - 19.635s
05: Epoch 5/90 - 19.635s
31: Epoch 5/90 - 19.635s
29: Epoch 5/90 - 19.635s
18: 
01: Epoch 6/90 - 20.394s
14: Epoch 6/90 - 20.394s
30: Epoch 6/90 - 20.394s
18: Epoch 6/90 - 20.394s
08: Epoch 6/90 - 20.394s
20: Epoch 6/90 - 20.394s
24: Epoch 6/90 - 20.394s
06: Epoch 6/90 - 20.394s
26: Epoch 6/90 - 20.394s
10: Epoch 6/90 - 20.394s
16: Epoch 6/90 - 20.394s
02: Epoch 6/90 - 20.394s
22: Epoch 6/90 - 20.394s
12: Epoch 6/90 - 20.394s
04: Epoch 6/90 - 20.394s
28: Epoch 6/90 - 20.394s
19: Epoch 6/90 - 20.394s
09: Epoch 6/90 - 20.394s
21: Epoch 6/90 - 20.394s
25: Epoch 6/90 - 20.394s
07: Epoch 6/90 - 20.394s
27: Epoch 6/90 - 20.394s
11: Epoch 6/90 - 20.394s
17: Epoch 6/90 - 20.394s
03: Epoch 6/90 - 20.394s
15: Epoch 6/90 - 20.394s
23: Epoch 6/90 - 20.394s
13: Epoch 6/90 - 20.394s
05: Epoch 6/90 - 20.394s
31: Epoch 6/90 - 20.394s
29: Epoch 6/90 - 20.394s
18: 
00: Epoch 6/90 - 20.394s
01: Epoch 7/90 - 21.047s
16: Epoch 7/90 - 21.047s
22: Epoch 7/90 - 21.047s
12: Epoch 7/90 - 21.047s
08: Epoch 7/90 - 21.047s
20: Epoch 7/90 - 21.047s
24: Epoch 7/90 - 21.047s
06: Epoch 7/90 - 21.047s
26: Epoch 7/90 - 21.047s
10: Epoch 7/90 - 21.047s
02: Epoch 7/90 - 21.047s
14: Epoch 7/90 - 21.047s
23: Epoch 7/90 - 21.047s
04: Epoch 7/90 - 21.047s
30: Epoch 7/90 - 21.047s
28: Epoch 7/90 - 21.047s
18: Epoch 7/90 - 21.047s
09: Epoch 7/90 - 21.047s
21: Epoch 7/90 - 21.047s
25: Epoch 7/90 - 21.047s
07: Epoch 7/90 - 21.047s
27: Epoch 7/90 - 21.047s
11: Epoch 7/90 - 21.047s
17: Epoch 7/90 - 21.047s
03: Epoch 7/90 - 21.047s
15: Epoch 7/90 - 21.047s
13: Epoch 7/90 - 21.047s
05: Epoch 7/90 - 21.047s
31: Epoch 7/90 - 21.047s
29: Epoch 7/90 - 21.047s
19: Epoch 7/90 - 21.047s
00: Epoch 7/90 - 21.047s
18: 
08: Epoch 8/90 - 19.470s
20: Epoch 8/90 - 19.470s
24: Epoch 8/90 - 19.470s
01: Epoch 8/90 - 19.470s
10: Epoch 8/90 - 19.470s
14: Epoch 8/90 - 19.470s
22: Epoch 8/90 - 19.470s
30: Epoch 8/90 - 19.470s
19: Epoch 8/90 - 19.470s
09: Epoch 8/90 - 19.470s
21: Epoch 8/90 - 19.470s
25: Epoch 8/90 - 19.470s
06: Epoch 8/90 - 19.470s
26: Epoch 8/90 - 19.470s
11: Epoch 8/90 - 19.470s
16: Epoch 8/90 - 19.470s
02: Epoch 8/90 - 19.470s
15: Epoch 8/90 - 19.470s
23: Epoch 8/90 - 19.470s
12: Epoch 8/90 - 19.470s
04: Epoch 8/90 - 19.470s
31: Epoch 8/90 - 19.470s
28: Epoch 8/90 - 19.470s
18: Epoch 8/90 - 19.470s
07: Epoch 8/90 - 19.470s
27: Epoch 8/90 - 19.470s
17: Epoch 8/90 - 19.470s
03: Epoch 8/90 - 19.470s
13: Epoch 8/90 - 19.470s
05: Epoch 8/90 - 19.470s
29: Epoch 8/90 - 19.470s
19: 
00: Epoch 8/90 - 19.470s
24: Epoch 9/90 - 18.819s
01: Epoch 9/90 - 18.819s
16: Epoch 9/90 - 18.819s
14: Epoch 9/90 - 18.819s
22: Epoch 9/90 - 18.819s
12: Epoch 9/90 - 18.819s
30: Epoch 9/90 - 18.819s
28: Epoch 9/90 - 18.819s
19: Epoch 9/90 - 18.819s
08: Epoch 9/90 - 18.819s
20: Epoch 9/90 - 18.819s
25: Epoch 9/90 - 18.819s
06: Epoch 9/90 - 18.819s
26: Epoch 9/90 - 18.819s
10: Epoch 9/90 - 18.819s
17: Epoch 9/90 - 18.819s
02: Epoch 9/90 - 18.819s
15: Epoch 9/90 - 18.819s
23: Epoch 9/90 - 18.819s
13: Epoch 9/90 - 18.819s
04: Epoch 9/90 - 18.819s
31: Epoch 9/90 - 18.819s
29: Epoch 9/90 - 18.819s
18: Epoch 9/90 - 18.819s
09: Epoch 9/90 - 18.819s
21: Epoch 9/90 - 18.819s
07: Epoch 9/90 - 18.819s
27: Epoch 9/90 - 18.819s
11: Epoch 9/90 - 18.819s
03: Epoch 9/90 - 18.819s
05: Epoch 9/90 - 18.819s
19: 
00: Epoch 9/90 - 18.819s
01: Epoch 10/90 - 19.601s
10: Epoch 10/90 - 19.601s
18: Epoch 10/90 - 19.601s
08: Epoch 10/90 - 19.601s
20: Epoch 10/90 - 19.601s
24: Epoch 10/90 - 19.601s
06: Epoch 10/90 - 19.601s
26: Epoch 10/90 - 19.601s
16: Epoch 10/90 - 19.601s
02: Epoch 10/90 - 19.601s
14: Epoch 10/90 - 19.601s
22: Epoch 10/90 - 19.601s
12: Epoch 10/90 - 19.601s
04: Epoch 10/90 - 19.601s
30: Epoch 10/90 - 19.601s
28: Epoch 10/90 - 19.601s
19: Epoch 10/90 - 19.601s
09: Epoch 10/90 - 19.601s
21: Epoch 10/90 - 19.601s
25: Epoch 10/90 - 19.601s
00: Epoch 10/90 - 19.601s
07: Epoch 10/90 - 19.601s
27: Epoch 10/90 - 19.601s
11: Epoch 10/90 - 19.601s
17: Epoch 10/90 - 19.601s
03: Epoch 10/90 - 19.601s
15: Epoch 10/90 - 19.601s
23: Epoch 10/90 - 19.601s
13: Epoch 10/90 - 19.601s
05: Epoch 10/90 - 19.601s
31: Epoch 10/90 - 19.601s
29: Epoch 10/90 - 19.601s
19: 
01: Epoch 11/90 - 19.496s
10: Epoch 11/90 - 19.496s
18: Epoch 11/90 - 19.496s
08: Epoch 11/90 - 19.496s
20: Epoch 11/90 - 19.496s
24: Epoch 11/90 - 19.496s
26: Epoch 11/90 - 19.496s
16: Epoch 11/90 - 19.496s
02: Epoch 11/90 - 19.496s
14: Epoch 11/90 - 19.496s
22: Epoch 11/90 - 19.496s
12: Epoch 11/90 - 19.496s
04: Epoch 11/90 - 19.496s
30: Epoch 11/90 - 19.496s
28: Epoch 11/90 - 19.496s
09: Epoch 11/90 - 19.496s
21: Epoch 11/90 - 19.496s
25: Epoch 11/90 - 19.496s
06: Epoch 11/90 - 19.496s
27: Epoch 11/90 - 19.496s
11: Epoch 11/90 - 19.496s
17: Epoch 11/90 - 19.496s
03: Epoch 11/90 - 19.496s
15: Epoch 11/90 - 19.496s
23: Epoch 11/90 - 19.496s
13: Epoch 11/90 - 19.496s
05: Epoch 11/90 - 19.496s
31: Epoch 11/90 - 19.496s
29: Epoch 11/90 - 19.496s
19: Epoch 11/90 - 19.496s
00: Epoch 11/90 - 19.496s
07: Epoch 11/90 - 19.496s
18: 
01: Epoch 12/90 - 19.870s
10: Epoch 12/90 - 19.870s
18: Epoch 12/90 - 19.870s
08: Epoch 12/90 - 19.870s
20: Epoch 12/90 - 19.870s
24: Epoch 12/90 - 19.870s
06: Epoch 12/90 - 19.870s
26: Epoch 12/90 - 19.870s
11: Epoch 12/90 - 19.870s
16: Epoch 12/90 - 19.870s
02: Epoch 12/90 - 19.870s
14: Epoch 12/90 - 19.870s
22: Epoch 12/90 - 19.870s
12: Epoch 12/90 - 19.870s
04: Epoch 12/90 - 19.870s
30: Epoch 12/90 - 19.870s
28: Epoch 12/90 - 19.870s
19: Epoch 12/90 - 19.870s
09: Epoch 12/90 - 19.870s
21: Epoch 12/90 - 19.870s
25: Epoch 12/90 - 19.870s
00: Epoch 12/90 - 19.870s
07: Epoch 12/90 - 19.870s
27: Epoch 12/90 - 19.870s
17: Epoch 12/90 - 19.870s
03: Epoch 12/90 - 19.870s
15: Epoch 12/90 - 19.870s
23: Epoch 12/90 - 19.870s
13: Epoch 12/90 - 19.870s
05: Epoch 12/90 - 19.870s
31: Epoch 12/90 - 19.870s
29: Epoch 12/90 - 19.870s
18: 
01: Epoch 13/90 - 19.626s
22: Epoch 13/90 - 19.626s
12: Epoch 13/90 - 19.626s
30: Epoch 13/90 - 19.626s
18: Epoch 13/90 - 19.625s
08: Epoch 13/90 - 19.626s
20: Epoch 13/90 - 19.626s
24: Epoch 13/90 - 19.626s
06: Epoch 13/90 - 19.626s
26: Epoch 13/90 - 19.626s
10: Epoch 13/90 - 19.626s
16: Epoch 13/90 - 19.626s
02: Epoch 13/90 - 19.626s
14: Epoch 13/90 - 19.626s
23: Epoch 13/90 - 19.626s
13: Epoch 13/90 - 19.626s
04: Epoch 13/90 - 19.626s
31: Epoch 13/90 - 19.626s
28: Epoch 13/90 - 19.626s
19: Epoch 13/90 - 19.626s
09: Epoch 13/90 - 19.626s
21: Epoch 13/90 - 19.626s
25: Epoch 13/90 - 19.626s
00: Epoch 13/90 - 19.626s
07: Epoch 13/90 - 19.626s
27: Epoch 13/90 - 19.626s
11: Epoch 13/90 - 19.626s
17: Epoch 13/90 - 19.626s
03: Epoch 13/90 - 19.626s
15: Epoch 13/90 - 19.626s
05: Epoch 13/90 - 19.626s
29: Epoch 13/90 - 19.626s
18: 
01: Epoch 14/90 - 19.104s
10: Epoch 14/90 - 19.104s
16: Epoch 14/90 - 19.104s
14: Epoch 14/90 - 19.104s
12: Epoch 14/90 - 19.104s
30: Epoch 14/90 - 19.104s
18: Epoch 14/90 - 19.104s
08: Epoch 14/90 - 19.104s
20: Epoch 14/90 - 19.104s
24: Epoch 14/90 - 19.104s
06: Epoch 14/90 - 19.104s
26: Epoch 14/90 - 19.104s
11: Epoch 14/90 - 19.104s
17: Epoch 14/90 - 19.104s
02: Epoch 14/90 - 19.104s
15: Epoch 14/90 - 19.104s
22: Epoch 14/90 - 19.104s
13: Epoch 14/90 - 19.104s
04: Epoch 14/90 - 19.104s
31: Epoch 14/90 - 19.104s
28: Epoch 14/90 - 19.104s
19: Epoch 14/90 - 19.104s
09: Epoch 14/90 - 19.104s
21: Epoch 14/90 - 19.104s
25: Epoch 14/90 - 19.104s
00: Epoch 14/90 - 19.104s
07: Epoch 14/90 - 19.104s
27: Epoch 14/90 - 19.104s
03: Epoch 14/90 - 19.104s
23: Epoch 14/90 - 19.104s
05: Epoch 14/90 - 19.104s
29: Epoch 14/90 - 19.104s
18: 
08: Epoch 15/90 - 19.914s
02: Epoch 15/90 - 19.914s
18: Epoch 15/90 - 19.914s
20: Epoch 15/90 - 19.914s
24: Epoch 15/90 - 19.914s
01: Epoch 15/90 - 19.914s
06: Epoch 15/90 - 19.914s
26: Epoch 15/90 - 19.914s
10: Epoch 15/90 - 19.914s
16: Epoch 15/90 - 19.914s
14: Epoch 15/90 - 19.914s
22: Epoch 15/90 - 19.914s
12: Epoch 15/90 - 19.914s
04: Epoch 15/90 - 19.914s
30: Epoch 15/90 - 19.914s
28: Epoch 15/90 - 19.914s
09: Epoch 15/90 - 19.914s
21: Epoch 15/90 - 19.914s
25: Epoch 15/90 - 19.914s
07: Epoch 15/90 - 19.914s
27: Epoch 15/90 - 19.914s
11: Epoch 15/90 - 19.914s
17: Epoch 15/90 - 19.914s
03: Epoch 15/90 - 19.914s
15: Epoch 15/90 - 19.914s
23: Epoch 15/90 - 19.914s
13: Epoch 15/90 - 19.914s
05: Epoch 15/90 - 19.914s
31: Epoch 15/90 - 19.914s
29: Epoch 15/90 - 19.914s
19: Epoch 15/90 - 19.914s
00: Epoch 15/90 - 19.914s
01: Epoch 16/90 - 19.111s
16: Epoch 16/90 - 19.111s
14: Epoch 16/90 - 19.111s
12: Epoch 16/90 - 19.111s
30: Epoch 16/90 - 19.111s
18: Epoch 16/90 - 19.111s
08: Epoch 16/90 - 19.111s
20: Epoch 16/90 - 19.111s
24: Epoch 16/90 - 19.111s
06: Epoch 16/90 - 19.111s
26: Epoch 16/90 - 19.111s
10: Epoch 16/90 - 19.111s
17: Epoch 16/90 - 19.111s
02: Epoch 16/90 - 19.111s
15: Epoch 16/90 - 19.111s
22: Epoch 16/90 - 19.111s
13: Epoch 16/90 - 19.111s
04: Epoch 16/90 - 19.111s
31: Epoch 16/90 - 19.111s
28: Epoch 16/90 - 19.111s
19: Epoch 16/90 - 19.111s
09: Epoch 16/90 - 19.111s
21: Epoch 16/90 - 19.111s
25: Epoch 16/90 - 19.111s
07: Epoch 16/90 - 19.111s
27: Epoch 16/90 - 19.111s
11: Epoch 16/90 - 19.111s
03: Epoch 16/90 - 19.111s
23: Epoch 16/90 - 19.111s
05: Epoch 16/90 - 19.111s
29: Epoch 16/90 - 19.111s
18: 
00: Epoch 16/90 - 19.111s
01: Epoch 17/90 - 18.890s
16: Epoch 17/90 - 18.890s
14: Epoch 17/90 - 18.890s
30: Epoch 17/90 - 18.890s
08: Epoch 17/90 - 18.890s
20: Epoch 17/90 - 18.890s
24: Epoch 17/90 - 18.890s
06: Epoch 17/90 - 18.890s
26: Epoch 17/90 - 18.890s
10: Epoch 17/90 - 18.890s
17: Epoch 17/90 - 18.890s
02: Epoch 17/90 - 18.890s
15: Epoch 17/90 - 18.890s
22: Epoch 17/90 - 18.890s
12: Epoch 17/90 - 18.890s
04: Epoch 17/90 - 18.890s
31: Epoch 17/90 - 18.890s
28: Epoch 17/90 - 18.890s
18: Epoch 17/90 - 18.890s
09: Epoch 17/90 - 18.890s
21: Epoch 17/90 - 18.890s
25: Epoch 17/90 - 18.890s
00: Epoch 17/90 - 18.890s
07: Epoch 17/90 - 18.890s
27: Epoch 17/90 - 18.890s
11: Epoch 17/90 - 18.890s
03: Epoch 17/90 - 18.890s
23: Epoch 17/90 - 18.890s
13: Epoch 17/90 - 18.890s
05: Epoch 17/90 - 18.890s
29: Epoch 17/90 - 18.890s
19: Epoch 17/90 - 18.890s
18: 
01: Epoch 18/90 - 19.564s
18: Epoch 18/90 - 19.564s
08: Epoch 18/90 - 19.564s
06: Epoch 18/90 - 19.564s
16: Epoch 18/90 - 19.564s
02: Epoch 18/90 - 19.564s
14: Epoch 18/90 - 19.564s
22: Epoch 18/90 - 19.564s
12: Epoch 18/90 - 19.564s
04: Epoch 18/90 - 19.564s
30: Epoch 18/90 - 19.564s
09: Epoch 18/90 - 19.564s
20: Epoch 18/90 - 19.564s
24: Epoch 18/90 - 19.564s
07: Epoch 18/90 - 19.564s
26: Epoch 18/90 - 19.564s
10: Epoch 18/90 - 19.564s
17: Epoch 18/90 - 19.564s
03: Epoch 18/90 - 19.564s
15: Epoch 18/90 - 19.564s
23: Epoch 18/90 - 19.564s
13: Epoch 18/90 - 19.564s
05: Epoch 18/90 - 19.564s
31: Epoch 18/90 - 19.564s
28: Epoch 18/90 - 19.564s
19: Epoch 18/90 - 19.564s
21: Epoch 18/90 - 19.564s
25: Epoch 18/90 - 19.564s
27: Epoch 18/90 - 19.564s
11: Epoch 18/90 - 19.564s
29: Epoch 18/90 - 19.564s
19: 
00: Epoch 18/90 - 19.565s
24: Epoch 19/90 - 19.829s
01: Epoch 19/90 - 19.829s
10: Epoch 19/90 - 19.829s
28: Epoch 19/90 - 19.829s
18: Epoch 19/90 - 19.829s
08: Epoch 19/90 - 19.829s
20: Epoch 19/90 - 19.829s
25: Epoch 19/90 - 19.829s
06: Epoch 19/90 - 19.829s
26: Epoch 19/90 - 19.829s
11: Epoch 19/90 - 19.829s
16: Epoch 19/90 - 19.829s
02: Epoch 19/90 - 19.829s
14: Epoch 19/90 - 19.829s
22: Epoch 19/90 - 19.829s
12: Epoch 19/90 - 19.829s
04: Epoch 19/90 - 19.829s
30: Epoch 19/90 - 19.829s
19: Epoch 19/90 - 19.829s
09: Epoch 19/90 - 19.829s
21: Epoch 19/90 - 19.829s
00: Epoch 19/90 - 19.829s
07: Epoch 19/90 - 19.829s
27: Epoch 19/90 - 19.829s
17: Epoch 19/90 - 19.829s
03: Epoch 19/90 - 19.829s
15: Epoch 19/90 - 19.829s
23: Epoch 19/90 - 19.829s
13: Epoch 19/90 - 19.829s
05: Epoch 19/90 - 19.829s
31: Epoch 19/90 - 19.829s
29: Epoch 19/90 - 19.829s
19: 
01: Epoch 20/90 - 19.820s
10: Epoch 20/90 - 19.820s
12: Epoch 20/90 - 19.820s
18: Epoch 20/90 - 19.820s
08: Epoch 20/90 - 19.820s
20: Epoch 20/90 - 19.820s
24: Epoch 20/90 - 19.820s
06: Epoch 20/90 - 19.820s
26: Epoch 20/90 - 19.820s
11: Epoch 20/90 - 19.820s
16: Epoch 20/90 - 19.820s
02: Epoch 20/90 - 19.820s
14: Epoch 20/90 - 19.820s
22: Epoch 20/90 - 19.820s
13: Epoch 20/90 - 19.820s
04: Epoch 20/90 - 19.820s
30: Epoch 20/90 - 19.820s
28: Epoch 20/90 - 19.820s
19: Epoch 20/90 - 19.820s
09: Epoch 20/90 - 19.820s
21: Epoch 20/90 - 19.820s
25: Epoch 20/90 - 19.820s
00: Epoch 20/90 - 19.820s
07: Epoch 20/90 - 19.820s
27: Epoch 20/90 - 19.820s
17: Epoch 20/90 - 19.820s
03: Epoch 20/90 - 19.820s
15: Epoch 20/90 - 19.820s
23: Epoch 20/90 - 19.820s
05: Epoch 20/90 - 19.820s
31: Epoch 20/90 - 19.820s
29: Epoch 20/90 - 19.820s
18: 
01: Epoch 21/90 - 19.847s
10: Epoch 21/90 - 19.847s
18: Epoch 21/90 - 19.847s
08: Epoch 21/90 - 19.847s
20: Epoch 21/90 - 19.847s
24: Epoch 21/90 - 19.847s
06: Epoch 21/90 - 19.847s
26: Epoch 21/90 - 19.847s
16: Epoch 21/90 - 19.847s
02: Epoch 21/90 - 19.847s
14: Epoch 21/90 - 19.847s
22: Epoch 21/90 - 19.847s
12: Epoch 21/90 - 19.847s
04: Epoch 21/90 - 19.847s
30: Epoch 21/90 - 19.847s
28: Epoch 21/90 - 19.847s
09: Epoch 21/90 - 19.847s
21: Epoch 21/90 - 19.847s
25: Epoch 21/90 - 19.847s
00: Epoch 21/90 - 19.847s
07: Epoch 21/90 - 19.847s
27: Epoch 21/90 - 19.847s
11: Epoch 21/90 - 19.847s
17: Epoch 21/90 - 19.847s
03: Epoch 21/90 - 19.847s
15: Epoch 21/90 - 19.847s
23: Epoch 21/90 - 19.847s
13: Epoch 21/90 - 19.847s
05: Epoch 21/90 - 19.847s
31: Epoch 21/90 - 19.847s
29: Epoch 21/90 - 19.847s
19: Epoch 21/90 - 19.847s
19: 
01: Epoch 22/90 - 19.862s
10: Epoch 22/90 - 19.862s
16: Epoch 22/90 - 19.863s
18: Epoch 22/90 - 19.863s
08: Epoch 22/90 - 19.863s
20: Epoch 22/90 - 19.862s
24: Epoch 22/90 - 19.862s
06: Epoch 22/90 - 19.863s
26: Epoch 22/90 - 19.863s
11: Epoch 22/90 - 19.862s
17: Epoch 22/90 - 19.863s
02: Epoch 22/90 - 19.863s
14: Epoch 22/90 - 19.862s
22: Epoch 22/90 - 19.863s
12: Epoch 22/90 - 19.863s
04: Epoch 22/90 - 19.863s
30: Epoch 22/90 - 19.863s
28: Epoch 22/90 - 19.863s
19: Epoch 22/90 - 19.862s
09: Epoch 22/90 - 19.863s
21: Epoch 22/90 - 19.862s
25: Epoch 22/90 - 19.862s
00: Epoch 22/90 - 19.863s
07: Epoch 22/90 - 19.863s
27: Epoch 22/90 - 19.863s
03: Epoch 22/90 - 19.863s
15: Epoch 22/90 - 19.862s
23: Epoch 22/90 - 19.863s
13: Epoch 22/90 - 19.863s
05: Epoch 22/90 - 19.863s
31: Epoch 22/90 - 19.863s
29: Epoch 22/90 - 19.863s
19: 
01: Epoch 23/90 - 19.519s
10: Epoch 23/90 - 19.519s
16: Epoch 23/90 - 19.519s
14: Epoch 23/90 - 19.519s
04: Epoch 23/90 - 19.519s
18: Epoch 23/90 - 19.519s
08: Epoch 23/90 - 19.519s
20: Epoch 23/90 - 19.519s
24: Epoch 23/90 - 19.519s
06: Epoch 23/90 - 19.519s
26: Epoch 23/90 - 19.519s
11: Epoch 23/90 - 19.519s
17: Epoch 23/90 - 19.519s
02: Epoch 23/90 - 19.519s
15: Epoch 23/90 - 19.519s
22: Epoch 23/90 - 19.519s
12: Epoch 23/90 - 19.519s
05: Epoch 23/90 - 19.519s
30: Epoch 23/90 - 19.519s
28: Epoch 23/90 - 19.519s
19: Epoch 23/90 - 19.519s
09: Epoch 23/90 - 19.519s
21: Epoch 23/90 - 19.519s
25: Epoch 23/90 - 19.519s
07: Epoch 23/90 - 19.519s
27: Epoch 23/90 - 19.519s
03: Epoch 23/90 - 19.519s
23: Epoch 23/90 - 19.519s
13: Epoch 23/90 - 19.519s
31: Epoch 23/90 - 19.519s
29: Epoch 23/90 - 19.519s
18: 
00: Epoch 23/90 - 19.519s
08: Epoch 24/90 - 19.297s
01: Epoch 24/90 - 19.297s
30: Epoch 24/90 - 19.297s
19: Epoch 24/90 - 19.297s
20: Epoch 24/90 - 19.297s
24: Epoch 24/90 - 19.297s
06: Epoch 24/90 - 19.297s
26: Epoch 24/90 - 19.297s
10: Epoch 24/90 - 19.297s
16: Epoch 24/90 - 19.297s
02: Epoch 24/90 - 19.297s
14: Epoch 24/90 - 19.297s
22: Epoch 24/90 - 19.297s
12: Epoch 24/90 - 19.297s
04: Epoch 24/90 - 19.297s
31: Epoch 24/90 - 19.297s
28: Epoch 24/90 - 19.297s
18: Epoch 24/90 - 19.297s
09: Epoch 24/90 - 19.297s
21: Epoch 24/90 - 19.297s
25: Epoch 24/90 - 19.297s
07: Epoch 24/90 - 19.297s
27: Epoch 24/90 - 19.297s
11: Epoch 24/90 - 19.297s
17: Epoch 24/90 - 19.297s
03: Epoch 24/90 - 19.297s
15: Epoch 24/90 - 19.297s
23: Epoch 24/90 - 19.297s
13: Epoch 24/90 - 19.297s
05: Epoch 24/90 - 19.297s
29: Epoch 24/90 - 19.297s
19: 
00: Epoch 24/90 - 19.297s
08: Epoch 25/90 - 20.596s
20: Epoch 25/90 - 20.596s
24: Epoch 25/90 - 20.596s
01: Epoch 25/90 - 20.596s
06: Epoch 25/90 - 20.596s
26: Epoch 25/90 - 20.596s
10: Epoch 25/90 - 20.596s
16: Epoch 25/90 - 20.596s
02: Epoch 25/90 - 20.596s
14: Epoch 25/90 - 20.596s
22: Epoch 25/90 - 20.596s
12: Epoch 25/90 - 20.596s
04: Epoch 25/90 - 20.596s
30: Epoch 25/90 - 20.596s
28: Epoch 25/90 - 20.596s
18: Epoch 25/90 - 20.596s
09: Epoch 25/90 - 20.596s
21: Epoch 25/90 - 20.596s
25: Epoch 25/90 - 20.596s
07: Epoch 25/90 - 20.596s
27: Epoch 25/90 - 20.596s
11: Epoch 25/90 - 20.596s
17: Epoch 25/90 - 20.596s
03: Epoch 25/90 - 20.596s
15: Epoch 25/90 - 20.596s
23: Epoch 25/90 - 20.596s
13: Epoch 25/90 - 20.596s
05: Epoch 25/90 - 20.596s
31: Epoch 25/90 - 20.596s
29: Epoch 25/90 - 20.596s
19: Epoch 25/90 - 20.596s
19: 
00: Epoch 25/90 - 20.596s
01: Epoch 26/90 - 19.232s
10: Epoch 26/90 - 19.233s
18: Epoch 26/90 - 19.233s
08: Epoch 26/90 - 19.233s
20: Epoch 26/90 - 19.233s
24: Epoch 26/90 - 19.233s
06: Epoch 26/90 - 19.233s
26: Epoch 26/90 - 19.233s
11: Epoch 26/90 - 19.233s
16: Epoch 26/90 - 19.233s
02: Epoch 26/90 - 19.233s
14: Epoch 26/90 - 19.233s
22: Epoch 26/90 - 19.233s
12: Epoch 26/90 - 19.233s
04: Epoch 26/90 - 19.233s
30: Epoch 26/90 - 19.233s
28: Epoch 26/90 - 19.233s
19: Epoch 26/90 - 19.232s
09: Epoch 26/90 - 19.233s
21: Epoch 26/90 - 19.232s
25: Epoch 26/90 - 19.233s
00: Epoch 26/90 - 19.233s
07: Epoch 26/90 - 19.233s
27: Epoch 26/90 - 19.233s
17: Epoch 26/90 - 19.233s
03: Epoch 26/90 - 19.233s
15: Epoch 26/90 - 19.233s
23: Epoch 26/90 - 19.233s
13: Epoch 26/90 - 19.233s
05: Epoch 26/90 - 19.233s
31: Epoch 26/90 - 19.233s
29: Epoch 26/90 - 19.233s
19: 
01: Epoch 27/90 - 19.569s
18: Epoch 27/90 - 19.569s
08: Epoch 27/90 - 19.569s
20: Epoch 27/90 - 19.569s
24: Epoch 27/90 - 19.569s
06: Epoch 27/90 - 19.569s
26: Epoch 27/90 - 19.569s
10: Epoch 27/90 - 19.569s
16: Epoch 27/90 - 19.569s
02: Epoch 27/90 - 19.569s
14: Epoch 27/90 - 19.569s
22: Epoch 27/90 - 19.569s
12: Epoch 27/90 - 19.569s
04: Epoch 27/90 - 19.569s
30: Epoch 27/90 - 19.569s
28: Epoch 27/90 - 19.569s
19: Epoch 27/90 - 19.569s
09: Epoch 27/90 - 19.569s
21: Epoch 27/90 - 19.569s
25: Epoch 27/90 - 19.569s
07: Epoch 27/90 - 19.569s
27: Epoch 27/90 - 19.569s
11: Epoch 27/90 - 19.569s
17: Epoch 27/90 - 19.569s
03: Epoch 27/90 - 19.569s
15: Epoch 27/90 - 19.569s
23: Epoch 27/90 - 19.569s
13: Epoch 27/90 - 19.569s
05: Epoch 27/90 - 19.569s
31: Epoch 27/90 - 19.569s
29: Epoch 27/90 - 19.569s
19: 
00: Epoch 27/90 - 19.570s
24: Epoch 28/90 - 20.708s
01: Epoch 28/90 - 20.708s
10: Epoch 28/90 - 20.708s
16: Epoch 28/90 - 20.708s
14: Epoch 28/90 - 20.708s
22: Epoch 28/90 - 20.708s
30: Epoch 28/90 - 20.708s
18: Epoch 28/90 - 20.708s
08: Epoch 28/90 - 20.708s
20: Epoch 28/90 - 20.708s
25: Epoch 28/90 - 20.708s
06: Epoch 28/90 - 20.708s
26: Epoch 28/90 - 20.708s
11: Epoch 28/90 - 20.708s
17: Epoch 28/90 - 20.708s
02: Epoch 28/90 - 20.708s
15: Epoch 28/90 - 20.708s
23: Epoch 28/90 - 20.708s
12: Epoch 28/90 - 20.708s
04: Epoch 28/90 - 20.708s
31: Epoch 28/90 - 20.708s
28: Epoch 28/90 - 20.708s
19: Epoch 28/90 - 20.708s
09: Epoch 28/90 - 20.708s
21: Epoch 28/90 - 20.708s
07: Epoch 28/90 - 20.708s
27: Epoch 28/90 - 20.708s
03: Epoch 28/90 - 20.708s
13: Epoch 28/90 - 20.708s
05: Epoch 28/90 - 20.708s
29: Epoch 28/90 - 20.708s
18: 
00: Epoch 28/90 - 20.708s
01: Epoch 29/90 - 20.165s
06: Epoch 29/90 - 20.165s
18: Epoch 29/90 - 20.165s
08: Epoch 29/90 - 20.165s
20: Epoch 29/90 - 20.165s
24: Epoch 29/90 - 20.165s
07: Epoch 29/90 - 20.165s
26: Epoch 29/90 - 20.165s
10: Epoch 29/90 - 20.165s
16: Epoch 29/90 - 20.165s
02: Epoch 29/90 - 20.165s
14: Epoch 29/90 - 20.165s
22: Epoch 29/90 - 20.165s
12: Epoch 29/90 - 20.165s
04: Epoch 29/90 - 20.165s
30: Epoch 29/90 - 20.165s
28: Epoch 29/90 - 20.165s
19: Epoch 29/90 - 20.165s
09: Epoch 29/90 - 20.165s
21: Epoch 29/90 - 20.165s
25: Epoch 29/90 - 20.165s
27: Epoch 29/90 - 20.165s
11: Epoch 29/90 - 20.165s
17: Epoch 29/90 - 20.165s
03: Epoch 29/90 - 20.165s
15: Epoch 29/90 - 20.165s
23: Epoch 29/90 - 20.165s
13: Epoch 29/90 - 20.165s
05: Epoch 29/90 - 20.165s
31: Epoch 29/90 - 20.165s
29: Epoch 29/90 - 20.165s
18: 
00: Epoch 29/90 - 20.165s
01: Epoch 30/90 - 19.528s
06: Epoch 30/90 - 19.528s
10: Epoch 30/90 - 19.528s
02: Epoch 30/90 - 19.528s
04: Epoch 30/90 - 19.528s
18: Epoch 30/90 - 19.528s
08: Epoch 30/90 - 19.528s
20: Epoch 30/90 - 19.528s
24: Epoch 30/90 - 19.528s
07: Epoch 30/90 - 19.528s
26: Epoch 30/90 - 19.528s
11: Epoch 30/90 - 19.528s
16: Epoch 30/90 - 19.528s
03: Epoch 30/90 - 19.528s
14: Epoch 30/90 - 19.528s
22: Epoch 30/90 - 19.528s
12: Epoch 30/90 - 19.528s
05: Epoch 30/90 - 19.528s
30: Epoch 30/90 - 19.528s
28: Epoch 30/90 - 19.528s
19: Epoch 30/90 - 19.528s
09: Epoch 30/90 - 19.528s
21: Epoch 30/90 - 19.528s
25: Epoch 30/90 - 19.528s
27: Epoch 30/90 - 19.528s
17: Epoch 30/90 - 19.528s
15: Epoch 30/90 - 19.528s
23: Epoch 30/90 - 19.528s
13: Epoch 30/90 - 19.528s
31: Epoch 30/90 - 19.528s
29: Epoch 30/90 - 19.528s
00: Epoch 30/90 - 19.528s
01: Epoch 31/90 - 20.220s
16: Epoch 31/90 - 20.220s
22: Epoch 31/90 - 20.220s
12: Epoch 31/90 - 20.220s
08: Epoch 31/90 - 20.220s
20: Epoch 31/90 - 20.220s
24: Epoch 31/90 - 20.220s
06: Epoch 31/90 - 20.220s
26: Epoch 31/90 - 20.220s
10: Epoch 31/90 - 20.220s
17: Epoch 31/90 - 20.220s
02: Epoch 31/90 - 20.220s
14: Epoch 31/90 - 20.220s
23: Epoch 31/90 - 20.220s
13: Epoch 31/90 - 20.220s
04: Epoch 31/90 - 20.220s
30: Epoch 31/90 - 20.220s
28: Epoch 31/90 - 20.220s
18: Epoch 31/90 - 20.220s
09: Epoch 31/90 - 20.220s
21: Epoch 31/90 - 20.220s
25: Epoch 31/90 - 20.220s
00: Epoch 31/90 - 20.220s
07: Epoch 31/90 - 20.220s
27: Epoch 31/90 - 20.220s
11: Epoch 31/90 - 20.220s
03: Epoch 31/90 - 20.220s
15: Epoch 31/90 - 20.220s
05: Epoch 31/90 - 20.220s
31: Epoch 31/90 - 20.220s
29: Epoch 31/90 - 20.220s
19: Epoch 31/90 - 20.220s
19: 
01: Epoch 32/90 - 19.560s
10: Epoch 32/90 - 19.560s
19: Epoch 32/90 - 19.560s
08: Epoch 32/90 - 19.560s
20: Epoch 32/90 - 19.560s
24: Epoch 32/90 - 19.560s
06: Epoch 32/90 - 19.560s
26: Epoch 32/90 - 19.560s
16: Epoch 32/90 - 19.560s
02: Epoch 32/90 - 19.560s
14: Epoch 32/90 - 19.560s
22: Epoch 32/90 - 19.560s
12: Epoch 32/90 - 19.560s
04: Epoch 32/90 - 19.560s
30: Epoch 32/90 - 19.560s
28: Epoch 32/90 - 19.560s
18: Epoch 32/90 - 19.560s
09: Epoch 32/90 - 19.560s
21: Epoch 32/90 - 19.560s
25: Epoch 32/90 - 19.560s
07: Epoch 32/90 - 19.560s
27: Epoch 32/90 - 19.560s
11: Epoch 32/90 - 19.560s
17: Epoch 32/90 - 19.560s
03: Epoch 32/90 - 19.560s
15: Epoch 32/90 - 19.560s
23: Epoch 32/90 - 19.560s
13: Epoch 32/90 - 19.560s
05: Epoch 32/90 - 19.560s
31: Epoch 32/90 - 19.560s
29: Epoch 32/90 - 19.560s
19: 
00: Epoch 32/90 - 19.560s
01: Epoch 33/90 - 19.799s
18: Epoch 33/90 - 19.799s
08: Epoch 33/90 - 19.799s
20: Epoch 33/90 - 19.799s
24: Epoch 33/90 - 19.799s
06: Epoch 33/90 - 19.799s
26: Epoch 33/90 - 19.799s
10: Epoch 33/90 - 19.799s
16: Epoch 33/90 - 19.799s
02: Epoch 33/90 - 19.799s
14: Epoch 33/90 - 19.799s
22: Epoch 33/90 - 19.799s
12: Epoch 33/90 - 19.799s
04: Epoch 33/90 - 19.799s
30: Epoch 33/90 - 19.799s
28: Epoch 33/90 - 19.799s
19: Epoch 33/90 - 19.799s
09: Epoch 33/90 - 19.799s
21: Epoch 33/90 - 19.799s
25: Epoch 33/90 - 19.799s
07: Epoch 33/90 - 19.799s
27: Epoch 33/90 - 19.799s
11: Epoch 33/90 - 19.799s
17: Epoch 33/90 - 19.799s
03: Epoch 33/90 - 19.799s
15: Epoch 33/90 - 19.799s
23: Epoch 33/90 - 19.799s
13: Epoch 33/90 - 19.799s
05: Epoch 33/90 - 19.799s
31: Epoch 33/90 - 19.799s
29: Epoch 33/90 - 19.799s
19: 
00: Epoch 33/90 - 19.799s
01: Epoch 34/90 - 20.044s
10: Epoch 34/90 - 20.044s
16: Epoch 34/90 - 20.044s
02: Epoch 34/90 - 20.044s
14: Epoch 34/90 - 20.044s
22: Epoch 34/90 - 20.044s
12: Epoch 34/90 - 20.044s
04: Epoch 34/90 - 20.044s
30: Epoch 34/90 - 20.044s
18: Epoch 34/90 - 20.044s
08: Epoch 34/90 - 20.044s
20: Epoch 34/90 - 20.044s
24: Epoch 34/90 - 20.044s
06: Epoch 34/90 - 20.044s
26: Epoch 34/90 - 20.044s
11: Epoch 34/90 - 20.044s
17: Epoch 34/90 - 20.044s
03: Epoch 34/90 - 20.044s
15: Epoch 34/90 - 20.044s
23: Epoch 34/90 - 20.044s
13: Epoch 34/90 - 20.044s
05: Epoch 34/90 - 20.044s
31: Epoch 34/90 - 20.044s
28: Epoch 34/90 - 20.044s
19: Epoch 34/90 - 20.044s
09: Epoch 34/90 - 20.044s
21: Epoch 34/90 - 20.044s
25: Epoch 34/90 - 20.044s
07: Epoch 34/90 - 20.044s
27: Epoch 34/90 - 20.044s
29: Epoch 34/90 - 20.044s
19: 
00: Epoch 34/90 - 20.044s
01: Epoch 35/90 - 20.866s
16: Epoch 35/90 - 20.866s
22: Epoch 35/90 - 20.866s
18: Epoch 35/90 - 20.866s
08: Epoch 35/90 - 20.866s
20: Epoch 35/90 - 20.866s
24: Epoch 35/90 - 20.866s
06: Epoch 35/90 - 20.866s
26: Epoch 35/90 - 20.866s
10: Epoch 35/90 - 20.866s
02: Epoch 35/90 - 20.866s
14: Epoch 35/90 - 20.866s
12: Epoch 35/90 - 20.866s
04: Epoch 35/90 - 20.866s
30: Epoch 35/90 - 20.866s
28: Epoch 35/90 - 20.866s
19: Epoch 35/90 - 20.866s
09: Epoch 35/90 - 20.866s
21: Epoch 35/90 - 20.866s
25: Epoch 35/90 - 20.866s
07: Epoch 35/90 - 20.866s
27: Epoch 35/90 - 20.866s
11: Epoch 35/90 - 20.866s
17: Epoch 35/90 - 20.866s
03: Epoch 35/90 - 20.866s
15: Epoch 35/90 - 20.866s
23: Epoch 35/90 - 20.866s
13: Epoch 35/90 - 20.866s
05: Epoch 35/90 - 20.866s
31: Epoch 35/90 - 20.866s
29: Epoch 35/90 - 20.866s
19: 
00: Epoch 35/90 - 20.866s
01: Epoch 36/90 - 19.742s
16: Epoch 36/90 - 19.742s
14: Epoch 36/90 - 19.742s
22: Epoch 36/90 - 19.742s
12: Epoch 36/90 - 19.742s
30: Epoch 36/90 - 19.742s
19: Epoch 36/90 - 19.742s
08: Epoch 36/90 - 19.742s
20: Epoch 36/90 - 19.742s
24: Epoch 36/90 - 19.742s
06: Epoch 36/90 - 19.742s
26: Epoch 36/90 - 19.742s
10: Epoch 36/90 - 19.742s
17: Epoch 36/90 - 19.742s
02: Epoch 36/90 - 19.742s
15: Epoch 36/90 - 19.742s
23: Epoch 36/90 - 19.742s
13: Epoch 36/90 - 19.742s
04: Epoch 36/90 - 19.742s
31: Epoch 36/90 - 19.742s
28: Epoch 36/90 - 19.742s
18: Epoch 36/90 - 19.742s
09: Epoch 36/90 - 19.742s
21: Epoch 36/90 - 19.742s
25: Epoch 36/90 - 19.742s
00: Epoch 36/90 - 19.742s
07: Epoch 36/90 - 19.742s
27: Epoch 36/90 - 19.742s
11: Epoch 36/90 - 19.742s
03: Epoch 36/90 - 19.742s
05: Epoch 36/90 - 19.742s
29: Epoch 36/90 - 19.742s
19: 
24: Epoch 37/90 - 19.963s
01: Epoch 37/90 - 19.963s
26: Epoch 37/90 - 19.963s
16: Epoch 37/90 - 19.963s
28: Epoch 37/90 - 19.963s
18: Epoch 37/90 - 19.963s
08: Epoch 37/90 - 19.963s
20: Epoch 37/90 - 19.963s
25: Epoch 37/90 - 19.963s
06: Epoch 37/90 - 19.963s
27: Epoch 37/90 - 19.963s
10: Epoch 37/90 - 19.963s
17: Epoch 37/90 - 19.963s
02: Epoch 37/90 - 19.963s
14: Epoch 37/90 - 19.963s
22: Epoch 37/90 - 19.963s
12: Epoch 37/90 - 19.963s
04: Epoch 37/90 - 19.963s
30: Epoch 37/90 - 19.963s
29: Epoch 37/90 - 19.963s
19: Epoch 37/90 - 19.963s
09: Epoch 37/90 - 19.963s
21: Epoch 37/90 - 19.963s
00: Epoch 37/90 - 19.963s
07: Epoch 37/90 - 19.963s
11: Epoch 37/90 - 19.963s
03: Epoch 37/90 - 19.963s
15: Epoch 37/90 - 19.963s
23: Epoch 37/90 - 19.963s
13: Epoch 37/90 - 19.963s
05: Epoch 37/90 - 19.963s
31: Epoch 37/90 - 19.963s
18: 
01: Epoch 38/90 - 20.828s
16: Epoch 38/90 - 20.828s
14: Epoch 38/90 - 20.828s
22: Epoch 38/90 - 20.828s
12: Epoch 38/90 - 20.828s
30: Epoch 38/90 - 20.828s
18: Epoch 38/90 - 20.828s
08: Epoch 38/90 - 20.828s
20: Epoch 38/90 - 20.828s
24: Epoch 38/90 - 20.828s
06: Epoch 38/90 - 20.828s
26: Epoch 38/90 - 20.828s
10: Epoch 38/90 - 20.828s
17: Epoch 38/90 - 20.828s
02: Epoch 38/90 - 20.828s
15: Epoch 38/90 - 20.828s
23: Epoch 38/90 - 20.828s
13: Epoch 38/90 - 20.828s
04: Epoch 38/90 - 20.828s
31: Epoch 38/90 - 20.828s
28: Epoch 38/90 - 20.828s
19: Epoch 38/90 - 20.828s
09: Epoch 38/90 - 20.828s
21: Epoch 38/90 - 20.828s
25: Epoch 38/90 - 20.828s
07: Epoch 38/90 - 20.828s
27: Epoch 38/90 - 20.828s
11: Epoch 38/90 - 20.828s
03: Epoch 38/90 - 20.828s
05: Epoch 38/90 - 20.828s
29: Epoch 38/90 - 20.828s
18: 
00: Epoch 38/90 - 20.829s
01: Epoch 39/90 - 19.597s
16: Epoch 39/90 - 19.597s
14: Epoch 39/90 - 19.597s
22: Epoch 39/90 - 19.597s
12: Epoch 39/90 - 19.597s
30: Epoch 39/90 - 19.597s
18: Epoch 39/90 - 19.596s
08: Epoch 39/90 - 19.597s
20: Epoch 39/90 - 19.597s
24: Epoch 39/90 - 19.597s
06: Epoch 39/90 - 19.597s
26: Epoch 39/90 - 19.597s
10: Epoch 39/90 - 19.597s
17: Epoch 39/90 - 19.597s
02: Epoch 39/90 - 19.597s
15: Epoch 39/90 - 19.597s
23: Epoch 39/90 - 19.597s
13: Epoch 39/90 - 19.597s
04: Epoch 39/90 - 19.597s
31: Epoch 39/90 - 19.597s
28: Epoch 39/90 - 19.597s
19: Epoch 39/90 - 19.597s
09: Epoch 39/90 - 19.597s
21: Epoch 39/90 - 19.597s
25: Epoch 39/90 - 19.597s
00: Epoch 39/90 - 19.596s
07: Epoch 39/90 - 19.597s
27: Epoch 39/90 - 19.597s
11: Epoch 39/90 - 19.597s
03: Epoch 39/90 - 19.597s
05: Epoch 39/90 - 19.597s
29: Epoch 39/90 - 19.597s
01: Epoch 40/90 - 20.253s
18: Epoch 40/90 - 20.253s
20: Epoch 40/90 - 20.253s
24: Epoch 40/90 - 20.253s
26: Epoch 40/90 - 20.253s
10: Epoch 40/90 - 20.253s
16: Epoch 40/90 - 20.253s
02: Epoch 40/90 - 20.253s
14: Epoch 40/90 - 20.253s
22: Epoch 40/90 - 20.253s
12: Epoch 40/90 - 20.253s
30: Epoch 40/90 - 20.253s
28: Epoch 40/90 - 20.253s
08: Epoch 40/90 - 20.253s
21: Epoch 40/90 - 20.253s
25: Epoch 40/90 - 20.253s
00: Epoch 40/90 - 20.253s
06: Epoch 40/90 - 20.253s
27: Epoch 40/90 - 20.253s
11: Epoch 40/90 - 20.253s
17: Epoch 40/90 - 20.253s
03: Epoch 40/90 - 20.253s
15: Epoch 40/90 - 20.253s
23: Epoch 40/90 - 20.253s
13: Epoch 40/90 - 20.253s
04: Epoch 40/90 - 20.253s
31: Epoch 40/90 - 20.253s
29: Epoch 40/90 - 20.253s
19: Epoch 40/90 - 20.253s
09: Epoch 40/90 - 20.253s
07: Epoch 40/90 - 20.253s
05: Epoch 40/90 - 20.253s
18: 
24: Epoch 41/90 - 19.834s
01: Epoch 41/90 - 19.834s
26: Epoch 41/90 - 19.834s
10: Epoch 41/90 - 19.834s
28: Epoch 41/90 - 19.834s
19: Epoch 41/90 - 19.834s
08: Epoch 41/90 - 19.834s
20: Epoch 41/90 - 19.834s
25: Epoch 41/90 - 19.834s
06: Epoch 41/90 - 19.834s
27: Epoch 41/90 - 19.834s
11: Epoch 41/90 - 19.834s
16: Epoch 41/90 - 19.834s
02: Epoch 41/90 - 19.834s
14: Epoch 41/90 - 19.834s
22: Epoch 41/90 - 19.834s
12: Epoch 41/90 - 19.834s
04: Epoch 41/90 - 19.834s
30: Epoch 41/90 - 19.834s
29: Epoch 41/90 - 19.834s
18: Epoch 41/90 - 19.834s
09: Epoch 41/90 - 19.834s
21: Epoch 41/90 - 19.834s
00: Epoch 41/90 - 19.834s
07: Epoch 41/90 - 19.834s
17: Epoch 41/90 - 19.834s
03: Epoch 41/90 - 19.834s
15: Epoch 41/90 - 19.834s
23: Epoch 41/90 - 19.834s
13: Epoch 41/90 - 19.834s
05: Epoch 41/90 - 19.834s
31: Epoch 41/90 - 19.834s
19: 
01: Epoch 42/90 - 20.494s
10: Epoch 42/90 - 20.494s
18: Epoch 42/90 - 20.494s
08: Epoch 42/90 - 20.494s
20: Epoch 42/90 - 20.494s
24: Epoch 42/90 - 20.494s
06: Epoch 42/90 - 20.494s
26: Epoch 42/90 - 20.494s
16: Epoch 42/90 - 20.494s
02: Epoch 42/90 - 20.494s
14: Epoch 42/90 - 20.494s
22: Epoch 42/90 - 20.494s
12: Epoch 42/90 - 20.494s
04: Epoch 42/90 - 20.494s
30: Epoch 42/90 - 20.494s
28: Epoch 42/90 - 20.494s
19: Epoch 42/90 - 20.494s
09: Epoch 42/90 - 20.494s
21: Epoch 42/90 - 20.494s
25: Epoch 42/90 - 20.494s
07: Epoch 42/90 - 20.494s
27: Epoch 42/90 - 20.494s
11: Epoch 42/90 - 20.494s
17: Epoch 42/90 - 20.494s
03: Epoch 42/90 - 20.494s
15: Epoch 42/90 - 20.494s
23: Epoch 42/90 - 20.494s
13: Epoch 42/90 - 20.494s
05: Epoch 42/90 - 20.494s
31: Epoch 42/90 - 20.494s
29: Epoch 42/90 - 20.494s
00: Epoch 42/90 - 20.494s
01: Epoch 43/90 - 19.596s
14: Epoch 43/90 - 19.596s
18: Epoch 43/90 - 19.596s
08: Epoch 43/90 - 19.596s
24: Epoch 43/90 - 19.596s
06: Epoch 43/90 - 19.596s
26: Epoch 43/90 - 19.596s
10: Epoch 43/90 - 19.596s
02: Epoch 43/90 - 19.596s
04: Epoch 43/90 - 19.596s
30: Epoch 43/90 - 19.596s
28: Epoch 43/90 - 19.596s
09: Epoch 43/90 - 19.596s
20: Epoch 43/90 - 19.596s
25: Epoch 43/90 - 19.596s
07: Epoch 43/90 - 19.596s
27: Epoch 43/90 - 19.596s
11: Epoch 43/90 - 19.596s
16: Epoch 43/90 - 19.596s
03: Epoch 43/90 - 19.596s
15: Epoch 43/90 - 19.596s
23: Epoch 43/90 - 19.596s
12: Epoch 43/90 - 19.596s
05: Epoch 43/90 - 19.596s
31: Epoch 43/90 - 19.596s
29: Epoch 43/90 - 19.596s
19: Epoch 43/90 - 19.596s
21: Epoch 43/90 - 19.596s
00: Epoch 43/90 - 19.596s
17: Epoch 43/90 - 19.596s
22: Epoch 43/90 - 19.596s
13: Epoch 43/90 - 19.596s
18: 
01: Epoch 44/90 - 18.674s
10: Epoch 44/90 - 18.674s
16: Epoch 44/90 - 18.674s
02: Epoch 44/90 - 18.674s
14: Epoch 44/90 - 18.674s
22: Epoch 44/90 - 18.674s
12: Epoch 44/90 - 18.674s
04: Epoch 44/90 - 18.674s
30: Epoch 44/90 - 18.674s
18: Epoch 44/90 - 18.674s
08: Epoch 44/90 - 18.674s
20: Epoch 44/90 - 18.674s
24: Epoch 44/90 - 18.674s
06: Epoch 44/90 - 18.674s
26: Epoch 44/90 - 18.674s
11: Epoch 44/90 - 18.674s
17: Epoch 44/90 - 18.674s
03: Epoch 44/90 - 18.674s
15: Epoch 44/90 - 18.674s
23: Epoch 44/90 - 18.674s
13: Epoch 44/90 - 18.674s
05: Epoch 44/90 - 18.674s
31: Epoch 44/90 - 18.674s
28: Epoch 44/90 - 18.674s
19: Epoch 44/90 - 18.674s
09: Epoch 44/90 - 18.674s
21: Epoch 44/90 - 18.674s
25: Epoch 44/90 - 18.674s
07: Epoch 44/90 - 18.674s
27: Epoch 44/90 - 18.674s
29: Epoch 44/90 - 18.674s
18: 
00: Epoch 44/90 - 18.674s
01: Epoch 45/90 - 20.264s
10: Epoch 45/90 - 20.264s
16: Epoch 45/90 - 20.264s
04: Epoch 45/90 - 20.264s
18: Epoch 45/90 - 20.264s
08: Epoch 45/90 - 20.264s
20: Epoch 45/90 - 20.264s
24: Epoch 45/90 - 20.264s
06: Epoch 45/90 - 20.264s
26: Epoch 45/90 - 20.264s
11: Epoch 45/90 - 20.264s
17: Epoch 45/90 - 20.264s
02: Epoch 45/90 - 20.264s
14: Epoch 45/90 - 20.264s
22: Epoch 45/90 - 20.264s
12: Epoch 45/90 - 20.264s
05: Epoch 45/90 - 20.264s
30: Epoch 45/90 - 20.264s
28: Epoch 45/90 - 20.264s
19: Epoch 45/90 - 20.264s
09: Epoch 45/90 - 20.264s
21: Epoch 45/90 - 20.264s
25: Epoch 45/90 - 20.264s
07: Epoch 45/90 - 20.264s
27: Epoch 45/90 - 20.264s
03: Epoch 45/90 - 20.264s
15: Epoch 45/90 - 20.264s
23: Epoch 45/90 - 20.264s
13: Epoch 45/90 - 20.264s
31: Epoch 45/90 - 20.264s
29: Epoch 45/90 - 20.264s
18: 
00: Epoch 45/90 - 20.264s
01: Epoch 46/90 - 20.739s
10: Epoch 46/90 - 20.739s
30: Epoch 46/90 - 20.739s
19: Epoch 46/90 - 20.739s
08: Epoch 46/90 - 20.739s
20: Epoch 46/90 - 20.739s
24: Epoch 46/90 - 20.739s
06: Epoch 46/90 - 20.739s
26: Epoch 46/90 - 20.739s
11: Epoch 46/90 - 20.739s
16: Epoch 46/90 - 20.739s
02: Epoch 46/90 - 20.739s
14: Epoch 46/90 - 20.739s
22: Epoch 46/90 - 20.739s
12: Epoch 46/90 - 20.739s
04: Epoch 46/90 - 20.739s
31: Epoch 46/90 - 20.739s
28: Epoch 46/90 - 20.739s
18: Epoch 46/90 - 20.739s
09: Epoch 46/90 - 20.739s
21: Epoch 46/90 - 20.739s
25: Epoch 46/90 - 20.739s
00: Epoch 46/90 - 20.738s
07: Epoch 46/90 - 20.739s
27: Epoch 46/90 - 20.739s
17: Epoch 46/90 - 20.739s
03: Epoch 46/90 - 20.739s
15: Epoch 46/90 - 20.739s
23: Epoch 46/90 - 20.739s
13: Epoch 46/90 - 20.739s
05: Epoch 46/90 - 20.739s
29: Epoch 46/90 - 20.739s
19: 
01: Epoch 47/90 - 20.096s
10: Epoch 47/90 - 20.096s
16: Epoch 47/90 - 20.096s
18: Epoch 47/90 - 20.096s
08: Epoch 47/90 - 20.096s
20: Epoch 47/90 - 20.096s
24: Epoch 47/90 - 20.096s
06: Epoch 47/90 - 20.096s
26: Epoch 47/90 - 20.096s
11: Epoch 47/90 - 20.096s
02: Epoch 47/90 - 20.096s
14: Epoch 47/90 - 20.096s
22: Epoch 47/90 - 20.096s
12: Epoch 47/90 - 20.096s
04: Epoch 47/90 - 20.096s
30: Epoch 47/90 - 20.096s
28: Epoch 47/90 - 20.096s
19: Epoch 47/90 - 20.095s
09: Epoch 47/90 - 20.096s
21: Epoch 47/90 - 20.096s
25: Epoch 47/90 - 20.096s
00: Epoch 47/90 - 20.096s
07: Epoch 47/90 - 20.096s
27: Epoch 47/90 - 20.096s
17: Epoch 47/90 - 20.096s
03: Epoch 47/90 - 20.096s
15: Epoch 47/90 - 20.096s
23: Epoch 47/90 - 20.096s
13: Epoch 47/90 - 20.096s
05: Epoch 47/90 - 20.096s
31: Epoch 47/90 - 20.096s
29: Epoch 47/90 - 20.096s
19: 
01: Epoch 48/90 - 20.582s
02: Epoch 48/90 - 20.582s
04: Epoch 48/90 - 20.582s
18: Epoch 48/90 - 20.582s
08: Epoch 48/90 - 20.582s
20: Epoch 48/90 - 20.582s
24: Epoch 48/90 - 20.582s
06: Epoch 48/90 - 20.582s
26: Epoch 48/90 - 20.582s
10: Epoch 48/90 - 20.582s
16: Epoch 48/90 - 20.582s
14: Epoch 48/90 - 20.582s
22: Epoch 48/90 - 20.582s
12: Epoch 48/90 - 20.582s
30: Epoch 48/90 - 20.582s
28: Epoch 48/90 - 20.582s
19: Epoch 48/90 - 20.582s
09: Epoch 48/90 - 20.582s
21: Epoch 48/90 - 20.582s
25: Epoch 48/90 - 20.582s
07: Epoch 48/90 - 20.582s
27: Epoch 48/90 - 20.582s
11: Epoch 48/90 - 20.582s
17: Epoch 48/90 - 20.582s
03: Epoch 48/90 - 20.582s
15: Epoch 48/90 - 20.582s
23: Epoch 48/90 - 20.582s
13: Epoch 48/90 - 20.582s
05: Epoch 48/90 - 20.582s
31: Epoch 48/90 - 20.582s
29: Epoch 48/90 - 20.582s
19: 
00: Epoch 48/90 - 20.582s
01: Epoch 49/90 - 20.238s
10: Epoch 49/90 - 20.238s
28: Epoch 49/90 - 20.238s
18: Epoch 49/90 - 20.238s
08: Epoch 49/90 - 20.238s
20: Epoch 49/90 - 20.238s
24: Epoch 49/90 - 20.238s
06: Epoch 49/90 - 20.238s
26: Epoch 49/90 - 20.238s
11: Epoch 49/90 - 20.238s
16: Epoch 49/90 - 20.238s
02: Epoch 49/90 - 20.238s
14: Epoch 49/90 - 20.238s
22: Epoch 49/90 - 20.238s
12: Epoch 49/90 - 20.238s
04: Epoch 49/90 - 20.238s
30: Epoch 49/90 - 20.238s
29: Epoch 49/90 - 20.238s
19: Epoch 49/90 - 20.238s
09: Epoch 49/90 - 20.238s
21: Epoch 49/90 - 20.238s
25: Epoch 49/90 - 20.238s
07: Epoch 49/90 - 20.238s
27: Epoch 49/90 - 20.238s
17: Epoch 49/90 - 20.238s
03: Epoch 49/90 - 20.238s
15: Epoch 49/90 - 20.238s
23: Epoch 49/90 - 20.238s
13: Epoch 49/90 - 20.238s
05: Epoch 49/90 - 20.238s
31: Epoch 49/90 - 20.238s
19: 
00: Epoch 49/90 - 20.238s
01: Epoch 50/90 - 20.507s
14: Epoch 50/90 - 20.507s
30: Epoch 50/90 - 20.507s
18: Epoch 50/90 - 20.507s
08: Epoch 50/90 - 20.507s
20: Epoch 50/90 - 20.507s
24: Epoch 50/90 - 20.507s
06: Epoch 50/90 - 20.507s
26: Epoch 50/90 - 20.507s
10: Epoch 50/90 - 20.507s
16: Epoch 50/90 - 20.507s
02: Epoch 50/90 - 20.507s
22: Epoch 50/90 - 20.507s
12: Epoch 50/90 - 20.507s
04: Epoch 50/90 - 20.507s
28: Epoch 50/90 - 20.507s
19: Epoch 50/90 - 20.507s
09: Epoch 50/90 - 20.507s
21: Epoch 50/90 - 20.507s
25: Epoch 50/90 - 20.507s
07: Epoch 50/90 - 20.507s
27: Epoch 50/90 - 20.507s
11: Epoch 50/90 - 20.507s
17: Epoch 50/90 - 20.507s
03: Epoch 50/90 - 20.507s
15: Epoch 50/90 - 20.507s
23: Epoch 50/90 - 20.507s
13: Epoch 50/90 - 20.507s
05: Epoch 50/90 - 20.507s
31: Epoch 50/90 - 20.507s
29: Epoch 50/90 - 20.507s
18: 
00: Epoch 50/90 - 20.507s
01: Epoch 51/90 - 20.443s
10: Epoch 51/90 - 20.443s
16: Epoch 51/90 - 20.443s
30: Epoch 51/90 - 20.443s
18: Epoch 51/90 - 20.443s
08: Epoch 51/90 - 20.443s
20: Epoch 51/90 - 20.443s
24: Epoch 51/90 - 20.443s
06: Epoch 51/90 - 20.443s
26: Epoch 51/90 - 20.443s
11: Epoch 51/90 - 20.443s
17: Epoch 51/90 - 20.443s
02: Epoch 51/90 - 20.443s
14: Epoch 51/90 - 20.443s
22: Epoch 51/90 - 20.443s
12: Epoch 51/90 - 20.443s
04: Epoch 51/90 - 20.443s
31: Epoch 51/90 - 20.443s
28: Epoch 51/90 - 20.443s
19: Epoch 51/90 - 20.443s
09: Epoch 51/90 - 20.443s
21: Epoch 51/90 - 20.443s
25: Epoch 51/90 - 20.443s
00: Epoch 51/90 - 20.443s
07: Epoch 51/90 - 20.443s
27: Epoch 51/90 - 20.443s
03: Epoch 51/90 - 20.443s
15: Epoch 51/90 - 20.443s
23: Epoch 51/90 - 20.443s
13: Epoch 51/90 - 20.443s
05: Epoch 51/90 - 20.443s
29: Epoch 51/90 - 20.443s
19: 
24: Epoch 52/90 - 20.652s
01: Epoch 52/90 - 20.652s
26: Epoch 52/90 - 20.653s
16: Epoch 52/90 - 20.653s
14: Epoch 52/90 - 20.653s
22: Epoch 52/90 - 20.653s
12: Epoch 52/90 - 20.652s
30: Epoch 52/90 - 20.653s
18: Epoch 52/90 - 20.652s
08: Epoch 52/90 - 20.652s
20: Epoch 52/90 - 20.652s
25: Epoch 52/90 - 20.652s
06: Epoch 52/90 - 20.652s
27: Epoch 52/90 - 20.653s
10: Epoch 52/90 - 20.653s
17: Epoch 52/90 - 20.653s
02: Epoch 52/90 - 20.653s
15: Epoch 52/90 - 20.653s
23: Epoch 52/90 - 20.653s
13: Epoch 52/90 - 20.652s
04: Epoch 52/90 - 20.652s
31: Epoch 52/90 - 20.653s
28: Epoch 52/90 - 20.653s
19: Epoch 52/90 - 20.652s
09: Epoch 52/90 - 20.652s
21: Epoch 52/90 - 20.652s
07: Epoch 52/90 - 20.652s
11: Epoch 52/90 - 20.653s
03: Epoch 52/90 - 20.653s
05: Epoch 52/90 - 20.652s
29: Epoch 52/90 - 20.653s
18: 
00: Epoch 52/90 - 20.653s
01: Epoch 53/90 - 21.538s
14: Epoch 53/90 - 21.538s
30: Epoch 53/90 - 21.538s
18: Epoch 53/90 - 21.538s
08: Epoch 53/90 - 21.538s
20: Epoch 53/90 - 21.538s
24: Epoch 53/90 - 21.538s
06: Epoch 53/90 - 21.538s
26: Epoch 53/90 - 21.538s
10: Epoch 53/90 - 21.538s
16: Epoch 53/90 - 21.538s
02: Epoch 53/90 - 21.538s
22: Epoch 53/90 - 21.538s
12: Epoch 53/90 - 21.538s
04: Epoch 53/90 - 21.538s
28: Epoch 53/90 - 21.538s
19: Epoch 53/90 - 21.538s
09: Epoch 53/90 - 21.538s
21: Epoch 53/90 - 21.538s
25: Epoch 53/90 - 21.538s
07: Epoch 53/90 - 21.538s
27: Epoch 53/90 - 21.538s
11: Epoch 53/90 - 21.538s
17: Epoch 53/90 - 21.538s
03: Epoch 53/90 - 21.538s
15: Epoch 53/90 - 21.538s
23: Epoch 53/90 - 21.538s
13: Epoch 53/90 - 21.538s
05: Epoch 53/90 - 21.538s
31: Epoch 53/90 - 21.538s
29: Epoch 53/90 - 21.538s
19: 
00: Epoch 53/90 - 21.538s
01: Epoch 54/90 - 19.554s
16: Epoch 54/90 - 19.554s
14: Epoch 54/90 - 19.554s
22: Epoch 54/90 - 19.554s
12: Epoch 54/90 - 19.554s
08: Epoch 54/90 - 19.554s
20: Epoch 54/90 - 19.554s
24: Epoch 54/90 - 19.554s
06: Epoch 54/90 - 19.554s
26: Epoch 54/90 - 19.554s
10: Epoch 54/90 - 19.554s
17: Epoch 54/90 - 19.554s
02: Epoch 54/90 - 19.554s
15: Epoch 54/90 - 19.554s
13: Epoch 54/90 - 19.554s
04: Epoch 54/90 - 19.554s
30: Epoch 54/90 - 19.554s
28: Epoch 54/90 - 19.554s
18: Epoch 54/90 - 19.554s
09: Epoch 54/90 - 19.554s
21: Epoch 54/90 - 19.554s
25: Epoch 54/90 - 19.554s
00: Epoch 54/90 - 19.554s
07: Epoch 54/90 - 19.554s
27: Epoch 54/90 - 19.554s
11: Epoch 54/90 - 19.554s
03: Epoch 54/90 - 19.554s
23: Epoch 54/90 - 19.554s
05: Epoch 54/90 - 19.554s
31: Epoch 54/90 - 19.554s
29: Epoch 54/90 - 19.554s
19: Epoch 54/90 - 19.554s
18: 
01: Epoch 55/90 - 20.092s
06: Epoch 55/90 - 20.092s
10: Epoch 55/90 - 20.092s
04: Epoch 55/90 - 20.092s
18: Epoch 55/90 - 20.092s
08: Epoch 55/90 - 20.092s
20: Epoch 55/90 - 20.092s
24: Epoch 55/90 - 20.092s
07: Epoch 55/90 - 20.092s
26: Epoch 55/90 - 20.092s
11: Epoch 55/90 - 20.092s
16: Epoch 55/90 - 20.092s
02: Epoch 55/90 - 20.092s
14: Epoch 55/90 - 20.092s
22: Epoch 55/90 - 20.092s
12: Epoch 55/90 - 20.092s
05: Epoch 55/90 - 20.092s
30: Epoch 55/90 - 20.092s
28: Epoch 55/90 - 20.092s
19: Epoch 55/90 - 20.092s
09: Epoch 55/90 - 20.092s
21: Epoch 55/90 - 20.092s
25: Epoch 55/90 - 20.092s
27: Epoch 55/90 - 20.092s
17: Epoch 55/90 - 20.092s
03: Epoch 55/90 - 20.092s
15: Epoch 55/90 - 20.092s
23: Epoch 55/90 - 20.092s
13: Epoch 55/90 - 20.092s
31: Epoch 55/90 - 20.092s
29: Epoch 55/90 - 20.092s
18: 
00: Epoch 55/90 - 20.092s
01: Epoch 56/90 - 19.812s
18: Epoch 56/90 - 19.811s
08: Epoch 56/90 - 19.812s
20: Epoch 56/90 - 19.812s
24: Epoch 56/90 - 19.812s
06: Epoch 56/90 - 19.812s
26: Epoch 56/90 - 19.812s
10: Epoch 56/90 - 19.812s
02: Epoch 56/90 - 19.812s
22: Epoch 56/90 - 19.812s
12: Epoch 56/90 - 19.812s
04: Epoch 56/90 - 19.812s
30: Epoch 56/90 - 19.812s
28: Epoch 56/90 - 19.812s
09: Epoch 56/90 - 19.812s
21: Epoch 56/90 - 19.812s
25: Epoch 56/90 - 19.812s
00: Epoch 56/90 - 19.811s
07: Epoch 56/90 - 19.812s
27: Epoch 56/90 - 19.812s
11: Epoch 56/90 - 19.812s
16: Epoch 56/90 - 19.812s
03: Epoch 56/90 - 19.812s
14: Epoch 56/90 - 19.812s
23: Epoch 56/90 - 19.812s
13: Epoch 56/90 - 19.812s
05: Epoch 56/90 - 19.812s
31: Epoch 56/90 - 19.812s
29: Epoch 56/90 - 19.812s
19: Epoch 56/90 - 19.812s
17: Epoch 56/90 - 19.812s
15: Epoch 56/90 - 19.812s
18: 
01: Epoch 57/90 - 19.645s
16: Epoch 57/90 - 19.645s
12: Epoch 57/90 - 19.645s
18: Epoch 57/90 - 19.645s
08: Epoch 57/90 - 19.645s
20: Epoch 57/90 - 19.645s
24: Epoch 57/90 - 19.645s
06: Epoch 57/90 - 19.645s
26: Epoch 57/90 - 19.645s
10: Epoch 57/90 - 19.645s
02: Epoch 57/90 - 19.645s
14: Epoch 57/90 - 19.645s
22: Epoch 57/90 - 19.645s
13: Epoch 57/90 - 19.645s
04: Epoch 57/90 - 19.645s
30: Epoch 57/90 - 19.645s
28: Epoch 57/90 - 19.645s
19: Epoch 57/90 - 19.645s
09: Epoch 57/90 - 19.645s
21: Epoch 57/90 - 19.645s
25: Epoch 57/90 - 19.645s
00: Epoch 57/90 - 19.645s
07: Epoch 57/90 - 19.645s
27: Epoch 57/90 - 19.645s
11: Epoch 57/90 - 19.645s
17: Epoch 57/90 - 19.645s
03: Epoch 57/90 - 19.645s
15: Epoch 57/90 - 19.645s
23: Epoch 57/90 - 19.645s
05: Epoch 57/90 - 19.645s
31: Epoch 57/90 - 19.645s
29: Epoch 57/90 - 19.645s
18: 
01: Epoch 58/90 - 19.432s
10: Epoch 58/90 - 19.432s
18: Epoch 58/90 - 19.432s
08: Epoch 58/90 - 19.432s
20: Epoch 58/90 - 19.432s
24: Epoch 58/90 - 19.432s
06: Epoch 58/90 - 19.432s
26: Epoch 58/90 - 19.432s
16: Epoch 58/90 - 19.432s
02: Epoch 58/90 - 19.432s
14: Epoch 58/90 - 19.432s
22: Epoch 58/90 - 19.432s
12: Epoch 58/90 - 19.432s
04: Epoch 58/90 - 19.432s
30: Epoch 58/90 - 19.432s
28: Epoch 58/90 - 19.432s
19: Epoch 58/90 - 19.432s
09: Epoch 58/90 - 19.432s
21: Epoch 58/90 - 19.432s
25: Epoch 58/90 - 19.432s
00: Epoch 58/90 - 19.432s
07: Epoch 58/90 - 19.432s
27: Epoch 58/90 - 19.432s
11: Epoch 58/90 - 19.432s
17: Epoch 58/90 - 19.432s
03: Epoch 58/90 - 19.432s
15: Epoch 58/90 - 19.432s
23: Epoch 58/90 - 19.432s
13: Epoch 58/90 - 19.432s
05: Epoch 58/90 - 19.432s
31: Epoch 58/90 - 19.432s
29: Epoch 58/90 - 19.432s
18: 
01: Epoch 59/90 - 19.544s
02: Epoch 59/90 - 19.544s
18: Epoch 59/90 - 19.543s
08: Epoch 59/90 - 19.544s
20: Epoch 59/90 - 19.544s
24: Epoch 59/90 - 19.544s
06: Epoch 59/90 - 19.544s
26: Epoch 59/90 - 19.544s
10: Epoch 59/90 - 19.544s
16: Epoch 59/90 - 19.544s
03: Epoch 59/90 - 19.544s
14: Epoch 59/90 - 19.544s
22: Epoch 59/90 - 19.544s
12: Epoch 59/90 - 19.544s
04: Epoch 59/90 - 19.544s
30: Epoch 59/90 - 19.544s
28: Epoch 59/90 - 19.544s
19: Epoch 59/90 - 19.544s
09: Epoch 59/90 - 19.544s
21: Epoch 59/90 - 19.544s
25: Epoch 59/90 - 19.544s
07: Epoch 59/90 - 19.544s
27: Epoch 59/90 - 19.544s
11: Epoch 59/90 - 19.544s
17: Epoch 59/90 - 19.544s
15: Epoch 59/90 - 19.544s
23: Epoch 59/90 - 19.544s
13: Epoch 59/90 - 19.544s
05: Epoch 59/90 - 19.544s
31: Epoch 59/90 - 19.544s
29: Epoch 59/90 - 19.544s
18: 
00: Epoch 59/90 - 19.544s
01: Epoch 60/90 - 21.133s
10: Epoch 60/90 - 21.133s
16: Epoch 60/90 - 21.133s
19: Epoch 60/90 - 21.133s
08: Epoch 60/90 - 21.133s
20: Epoch 60/90 - 21.133s
24: Epoch 60/90 - 21.133s
06: Epoch 60/90 - 21.133s
26: Epoch 60/90 - 21.133s
17: Epoch 60/90 - 21.133s
02: Epoch 60/90 - 21.133s
14: Epoch 60/90 - 21.133s
22: Epoch 60/90 - 21.133s
12: Epoch 60/90 - 21.133s
04: Epoch 60/90 - 21.133s
30: Epoch 60/90 - 21.133s
28: Epoch 60/90 - 21.133s
18: Epoch 60/90 - 21.133s
09: Epoch 60/90 - 21.133s
21: Epoch 60/90 - 21.133s
25: Epoch 60/90 - 21.133s
00: Epoch 60/90 - 21.133s
07: Epoch 60/90 - 21.133s
27: Epoch 60/90 - 21.133s
11: Epoch 60/90 - 21.133s
03: Epoch 60/90 - 21.133s
15: Epoch 60/90 - 21.133s
23: Epoch 60/90 - 21.133s
13: Epoch 60/90 - 21.133s
05: Epoch 60/90 - 21.133s
31: Epoch 60/90 - 21.133s
29: Epoch 60/90 - 21.133s
19: 
24: Epoch 61/90 - 18.842s
01: Epoch 61/90 - 18.842s
10: Epoch 61/90 - 18.842s
12: Epoch 61/90 - 18.842s
18: Epoch 61/90 - 18.842s
08: Epoch 61/90 - 18.842s
20: Epoch 61/90 - 18.842s
25: Epoch 61/90 - 18.842s
06: Epoch 61/90 - 18.842s
26: Epoch 61/90 - 18.842s
11: Epoch 61/90 - 18.842s
16: Epoch 61/90 - 18.842s
02: Epoch 61/90 - 18.842s
14: Epoch 61/90 - 18.842s
22: Epoch 61/90 - 18.842s
13: Epoch 61/90 - 18.842s
04: Epoch 61/90 - 18.842s
30: Epoch 61/90 - 18.842s
28: Epoch 61/90 - 18.842s
19: Epoch 61/90 - 18.842s
09: Epoch 61/90 - 18.842s
21: Epoch 61/90 - 18.842s
07: Epoch 61/90 - 18.842s
27: Epoch 61/90 - 18.842s
17: Epoch 61/90 - 18.842s
03: Epoch 61/90 - 18.842s
15: Epoch 61/90 - 18.842s
23: Epoch 61/90 - 18.842s
05: Epoch 61/90 - 18.842s
31: Epoch 61/90 - 18.842s
29: Epoch 61/90 - 18.842s
18: 
00: Epoch 61/90 - 18.843s
01: Epoch 62/90 - 20.845s
10: Epoch 62/90 - 20.845s
18: Epoch 62/90 - 20.845s
08: Epoch 62/90 - 20.845s
20: Epoch 62/90 - 20.845s
24: Epoch 62/90 - 20.845s
06: Epoch 62/90 - 20.845s
27: Epoch 62/90 - 20.845s
16: Epoch 62/90 - 20.845s
02: Epoch 62/90 - 20.845s
14: Epoch 62/90 - 20.845s
22: Epoch 62/90 - 20.845s
12: Epoch 62/90 - 20.845s
04: Epoch 62/90 - 20.845s
30: Epoch 62/90 - 20.845s
28: Epoch 62/90 - 20.845s
19: Epoch 62/90 - 20.845s
09: Epoch 62/90 - 20.845s
21: Epoch 62/90 - 20.845s
25: Epoch 62/90 - 20.845s
00: Epoch 62/90 - 20.845s
07: Epoch 62/90 - 20.845s
26: Epoch 62/90 - 20.845s
11: Epoch 62/90 - 20.845s
17: Epoch 62/90 - 20.845s
03: Epoch 62/90 - 20.845s
15: Epoch 62/90 - 20.845s
23: Epoch 62/90 - 20.845s
13: Epoch 62/90 - 20.845s
05: Epoch 62/90 - 20.845s
31: Epoch 62/90 - 20.845s
29: Epoch 62/90 - 20.845s
18: 
08: Epoch 63/90 - 20.861s
01: Epoch 63/90 - 20.861s
04: Epoch 63/90 - 20.861s
18: Epoch 63/90 - 20.861s
20: Epoch 63/90 - 20.861s
24: Epoch 63/90 - 20.861s
06: Epoch 63/90 - 20.861s
26: Epoch 63/90 - 20.861s
10: Epoch 63/90 - 20.861s
16: Epoch 63/90 - 20.861s
02: Epoch 63/90 - 20.861s
14: Epoch 63/90 - 20.861s
22: Epoch 63/90 - 20.861s
12: Epoch 63/90 - 20.861s
30: Epoch 63/90 - 20.861s
28: Epoch 63/90 - 20.861s
19: Epoch 63/90 - 20.861s
09: Epoch 63/90 - 20.861s
21: Epoch 63/90 - 20.861s
25: Epoch 63/90 - 20.861s
07: Epoch 63/90 - 20.861s
27: Epoch 63/90 - 20.861s
11: Epoch 63/90 - 20.861s
17: Epoch 63/90 - 20.861s
03: Epoch 63/90 - 20.861s
15: Epoch 63/90 - 20.861s
23: Epoch 63/90 - 20.861s
13: Epoch 63/90 - 20.861s
05: Epoch 63/90 - 20.861s
31: Epoch 63/90 - 20.861s
29: Epoch 63/90 - 20.861s
00: Epoch 63/90 - 20.861s
01: Epoch 64/90 - 20.039s
16: Epoch 64/90 - 20.039s
14: Epoch 64/90 - 20.039s
18: Epoch 64/90 - 20.039s
08: Epoch 64/90 - 20.039s
20: Epoch 64/90 - 20.039s
24: Epoch 64/90 - 20.039s
06: Epoch 64/90 - 20.039s
26: Epoch 64/90 - 20.039s
10: Epoch 64/90 - 20.039s
17: Epoch 64/90 - 20.039s
02: Epoch 64/90 - 20.039s
15: Epoch 64/90 - 20.039s
22: Epoch 64/90 - 20.039s
12: Epoch 64/90 - 20.039s
04: Epoch 64/90 - 20.039s
30: Epoch 64/90 - 20.039s
28: Epoch 64/90 - 20.039s
19: Epoch 64/90 - 20.039s
09: Epoch 64/90 - 20.039s
21: Epoch 64/90 - 20.039s
25: Epoch 64/90 - 20.039s
07: Epoch 64/90 - 20.039s
27: Epoch 64/90 - 20.039s
11: Epoch 64/90 - 20.039s
03: Epoch 64/90 - 20.039s
23: Epoch 64/90 - 20.039s
13: Epoch 64/90 - 20.039s
05: Epoch 64/90 - 20.039s
31: Epoch 64/90 - 20.039s
29: Epoch 64/90 - 20.039s
19: 
00: Epoch 64/90 - 20.039s
01: Epoch 65/90 - 19.956s
16: Epoch 65/90 - 19.956s
12: Epoch 65/90 - 19.956s
30: Epoch 65/90 - 19.956s
18: Epoch 65/90 - 19.956s
08: Epoch 65/90 - 19.956s
20: Epoch 65/90 - 19.956s
24: Epoch 65/90 - 19.956s
06: Epoch 65/90 - 19.956s
26: Epoch 65/90 - 19.956s
10: Epoch 65/90 - 19.956s
17: Epoch 65/90 - 19.956s
02: Epoch 65/90 - 19.956s
14: Epoch 65/90 - 19.956s
22: Epoch 65/90 - 19.956s
04: Epoch 65/90 - 19.956s
28: Epoch 65/90 - 19.956s
19: Epoch 65/90 - 19.956s
09: Epoch 65/90 - 19.956s
21: Epoch 65/90 - 19.956s
25: Epoch 65/90 - 19.956s
07: Epoch 65/90 - 19.956s
27: Epoch 65/90 - 19.956s
11: Epoch 65/90 - 19.956s
03: Epoch 65/90 - 19.956s
15: Epoch 65/90 - 19.956s
23: Epoch 65/90 - 19.956s
13: Epoch 65/90 - 19.956s
05: Epoch 65/90 - 19.956s
31: Epoch 65/90 - 19.956s
29: Epoch 65/90 - 19.956s
18: 
00: Epoch 65/90 - 19.956s
01: Epoch 66/90 - 20.223s
06: Epoch 66/90 - 20.223s
10: Epoch 66/90 - 20.223s
16: Epoch 66/90 - 20.223s
14: Epoch 66/90 - 20.223s
12: Epoch 66/90 - 20.223s
30: Epoch 66/90 - 20.223s
19: Epoch 66/90 - 20.223s
08: Epoch 66/90 - 20.223s
20: Epoch 66/90 - 20.223s
24: Epoch 66/90 - 20.223s
07: Epoch 66/90 - 20.223s
26: Epoch 66/90 - 20.223s
11: Epoch 66/90 - 20.223s
17: Epoch 66/90 - 20.223s
02: Epoch 66/90 - 20.223s
15: Epoch 66/90 - 20.223s
22: Epoch 66/90 - 20.223s
13: Epoch 66/90 - 20.223s
04: Epoch 66/90 - 20.223s
31: Epoch 66/90 - 20.223s
28: Epoch 66/90 - 20.223s
18: Epoch 66/90 - 20.223s
09: Epoch 66/90 - 20.223s
21: Epoch 66/90 - 20.223s
25: Epoch 66/90 - 20.223s
27: Epoch 66/90 - 20.223s
03: Epoch 66/90 - 20.223s
23: Epoch 66/90 - 20.223s
05: Epoch 66/90 - 20.223s
29: Epoch 66/90 - 20.223s
19: 
00: Epoch 66/90 - 20.223s
01: Epoch 67/90 - 19.646s
16: Epoch 67/90 - 19.646s
14: Epoch 67/90 - 19.646s
30: Epoch 67/90 - 19.646s
18: Epoch 67/90 - 19.646s
08: Epoch 67/90 - 19.646s
20: Epoch 67/90 - 19.646s
24: Epoch 67/90 - 19.646s
06: Epoch 67/90 - 19.646s
26: Epoch 67/90 - 19.646s
10: Epoch 67/90 - 19.646s
17: Epoch 67/90 - 19.646s
02: Epoch 67/90 - 19.646s
15: Epoch 67/90 - 19.646s
22: Epoch 67/90 - 19.646s
12: Epoch 67/90 - 19.646s
04: Epoch 67/90 - 19.646s
31: Epoch 67/90 - 19.646s
28: Epoch 67/90 - 19.646s
19: Epoch 67/90 - 19.646s
09: Epoch 67/90 - 19.646s
21: Epoch 67/90 - 19.646s
25: Epoch 67/90 - 19.646s
00: Epoch 67/90 - 19.646s
07: Epoch 67/90 - 19.646s
27: Epoch 67/90 - 19.646s
11: Epoch 67/90 - 19.646s
03: Epoch 67/90 - 19.646s
23: Epoch 67/90 - 19.646s
13: Epoch 67/90 - 19.646s
05: Epoch 67/90 - 19.646s
29: Epoch 67/90 - 19.646s
18: 
01: Epoch 68/90 - 19.455s
16: Epoch 68/90 - 19.455s
12: Epoch 68/90 - 19.455s
18: Epoch 68/90 - 19.455s
08: Epoch 68/90 - 19.455s
20: Epoch 68/90 - 19.455s
24: Epoch 68/90 - 19.455s
06: Epoch 68/90 - 19.455s
26: Epoch 68/90 - 19.455s
10: Epoch 68/90 - 19.455s
17: Epoch 68/90 - 19.455s
02: Epoch 68/90 - 19.455s
14: Epoch 68/90 - 19.455s
22: Epoch 68/90 - 19.455s
13: Epoch 68/90 - 19.455s
04: Epoch 68/90 - 19.455s
30: Epoch 68/90 - 19.455s
28: Epoch 68/90 - 19.455s
19: Epoch 68/90 - 19.455s
09: Epoch 68/90 - 19.455s
21: Epoch 68/90 - 19.455s
25: Epoch 68/90 - 19.455s
00: Epoch 68/90 - 19.455s
07: Epoch 68/90 - 19.455s
27: Epoch 68/90 - 19.455s
11: Epoch 68/90 - 19.455s
03: Epoch 68/90 - 19.455s
15: Epoch 68/90 - 19.455s
23: Epoch 68/90 - 19.455s
05: Epoch 68/90 - 19.455s
31: Epoch 68/90 - 19.455s
29: Epoch 68/90 - 19.455s
18: 
01: Epoch 69/90 - 19.244s
10: Epoch 69/90 - 19.244s
18: Epoch 69/90 - 19.244s
08: Epoch 69/90 - 19.244s
20: Epoch 69/90 - 19.244s
24: Epoch 69/90 - 19.244s
06: Epoch 69/90 - 19.244s
26: Epoch 69/90 - 19.244s
11: Epoch 69/90 - 19.244s
16: Epoch 69/90 - 19.244s
02: Epoch 69/90 - 19.244s
14: Epoch 69/90 - 19.244s
22: Epoch 69/90 - 19.244s
12: Epoch 69/90 - 19.244s
04: Epoch 69/90 - 19.244s
30: Epoch 69/90 - 19.244s
28: Epoch 69/90 - 19.244s
19: Epoch 69/90 - 19.244s
09: Epoch 69/90 - 19.244s
21: Epoch 69/90 - 19.244s
25: Epoch 69/90 - 19.244s
00: Epoch 69/90 - 19.244s
07: Epoch 69/90 - 19.244s
27: Epoch 69/90 - 19.244s
17: Epoch 69/90 - 19.244s
03: Epoch 69/90 - 19.244s
15: Epoch 69/90 - 19.244s
23: Epoch 69/90 - 19.244s
13: Epoch 69/90 - 19.244s
05: Epoch 69/90 - 19.244s
31: Epoch 69/90 - 19.244s
29: Epoch 69/90 - 19.244s
18: 
20: Epoch 70/90 - 20.145s
01: Epoch 70/90 - 20.145s
10: Epoch 70/90 - 20.145s
28: Epoch 70/90 - 20.145s
18: Epoch 70/90 - 20.145s
08: Epoch 70/90 - 20.145s
24: Epoch 70/90 - 20.145s
06: Epoch 70/90 - 20.145s
26: Epoch 70/90 - 20.145s
11: Epoch 70/90 - 20.145s
16: Epoch 70/90 - 20.145s
02: Epoch 70/90 - 20.145s
14: Epoch 70/90 - 20.145s
22: Epoch 70/90 - 20.145s
12: Epoch 70/90 - 20.145s
04: Epoch 70/90 - 20.145s
30: Epoch 70/90 - 20.145s
29: Epoch 70/90 - 20.145s
19: Epoch 70/90 - 20.145s
09: Epoch 70/90 - 20.145s
21: Epoch 70/90 - 20.145s
25: Epoch 70/90 - 20.145s
00: Epoch 70/90 - 20.145s
07: Epoch 70/90 - 20.145s
27: Epoch 70/90 - 20.145s
17: Epoch 70/90 - 20.145s
03: Epoch 70/90 - 20.145s
15: Epoch 70/90 - 20.145s
23: Epoch 70/90 - 20.145s
13: Epoch 70/90 - 20.145s
05: Epoch 70/90 - 20.145s
31: Epoch 70/90 - 20.145s
18: 
01: Epoch 71/90 - 20.497s
10: Epoch 71/90 - 20.497s
18: Epoch 71/90 - 20.496s
08: Epoch 71/90 - 20.497s
20: Epoch 71/90 - 20.497s
24: Epoch 71/90 - 20.497s
06: Epoch 71/90 - 20.497s
26: Epoch 71/90 - 20.497s
16: Epoch 71/90 - 20.497s
02: Epoch 71/90 - 20.497s
14: Epoch 71/90 - 20.497s
22: Epoch 71/90 - 20.497s
12: Epoch 71/90 - 20.497s
04: Epoch 71/90 - 20.497s
30: Epoch 71/90 - 20.497s
28: Epoch 71/90 - 20.497s
19: Epoch 71/90 - 20.497s
09: Epoch 71/90 - 20.497s
21: Epoch 71/90 - 20.497s
25: Epoch 71/90 - 20.497s
00: Epoch 71/90 - 20.496s
07: Epoch 71/90 - 20.497s
27: Epoch 71/90 - 20.497s
11: Epoch 71/90 - 20.497s
17: Epoch 71/90 - 20.497s
03: Epoch 71/90 - 20.497s
15: Epoch 71/90 - 20.497s
23: Epoch 71/90 - 20.497s
13: Epoch 71/90 - 20.497s
05: Epoch 71/90 - 20.497s
31: Epoch 71/90 - 20.497s
29: Epoch 71/90 - 20.497s
18: 
20: Epoch 72/90 - 20.345s
01: Epoch 72/90 - 20.345s
28: Epoch 72/90 - 20.345s
18: Epoch 72/90 - 20.345s
08: Epoch 72/90 - 20.345s
24: Epoch 72/90 - 20.345s
06: Epoch 72/90 - 20.345s
26: Epoch 72/90 - 20.345s
10: Epoch 72/90 - 20.345s
16: Epoch 72/90 - 20.345s
02: Epoch 72/90 - 20.345s
14: Epoch 72/90 - 20.345s
22: Epoch 72/90 - 20.345s
12: Epoch 72/90 - 20.345s
04: Epoch 72/90 - 20.345s
30: Epoch 72/90 - 20.345s
29: Epoch 72/90 - 20.345s
19: Epoch 72/90 - 20.345s
09: Epoch 72/90 - 20.345s
21: Epoch 72/90 - 20.345s
25: Epoch 72/90 - 20.345s
00: Epoch 72/90 - 20.345s
07: Epoch 72/90 - 20.345s
27: Epoch 72/90 - 20.345s
11: Epoch 72/90 - 20.345s
17: Epoch 72/90 - 20.345s
03: Epoch 72/90 - 20.345s
15: Epoch 72/90 - 20.345s
23: Epoch 72/90 - 20.345s
13: Epoch 72/90 - 20.345s
05: Epoch 72/90 - 20.345s
31: Epoch 72/90 - 20.345s
18: 
01: Epoch 73/90 - 20.027s
16: Epoch 73/90 - 20.027s
30: Epoch 73/90 - 20.027s
18: Epoch 73/90 - 20.027s
08: Epoch 73/90 - 20.027s
20: Epoch 73/90 - 20.027s
24: Epoch 73/90 - 20.027s
06: Epoch 73/90 - 20.027s
26: Epoch 73/90 - 20.027s
10: Epoch 73/90 - 20.027s
17: Epoch 73/90 - 20.027s
02: Epoch 73/90 - 20.027s
14: Epoch 73/90 - 20.027s
22: Epoch 73/90 - 20.027s
12: Epoch 73/90 - 20.027s
04: Epoch 73/90 - 20.027s
28: Epoch 73/90 - 20.027s
19: Epoch 73/90 - 20.027s
09: Epoch 73/90 - 20.027s
21: Epoch 73/90 - 20.027s
25: Epoch 73/90 - 20.027s
07: Epoch 73/90 - 20.027s
27: Epoch 73/90 - 20.027s
11: Epoch 73/90 - 20.027s
03: Epoch 73/90 - 20.027s
15: Epoch 73/90 - 20.027s
23: Epoch 73/90 - 20.027s
13: Epoch 73/90 - 20.027s
05: Epoch 73/90 - 20.027s
31: Epoch 73/90 - 20.027s
29: Epoch 73/90 - 20.027s
19: 
00: Epoch 73/90 - 20.027s
01: Epoch 74/90 - 19.596s
16: Epoch 74/90 - 19.596s
12: Epoch 74/90 - 19.596s
18: Epoch 74/90 - 19.596s
08: Epoch 74/90 - 19.596s
20: Epoch 74/90 - 19.596s
24: Epoch 74/90 - 19.596s
06: Epoch 74/90 - 19.596s
26: Epoch 74/90 - 19.596s
10: Epoch 74/90 - 19.596s
17: Epoch 74/90 - 19.596s
02: Epoch 74/90 - 19.596s
14: Epoch 74/90 - 19.596s
22: Epoch 74/90 - 19.596s
13: Epoch 74/90 - 19.596s
04: Epoch 74/90 - 19.596s
30: Epoch 74/90 - 19.596s
28: Epoch 74/90 - 19.596s
19: Epoch 74/90 - 19.596s
09: Epoch 74/90 - 19.596s
21: Epoch 74/90 - 19.596s
25: Epoch 74/90 - 19.596s
00: Epoch 74/90 - 19.596s
07: Epoch 74/90 - 19.596s
27: Epoch 74/90 - 19.596s
11: Epoch 74/90 - 19.596s
03: Epoch 74/90 - 19.596s
15: Epoch 74/90 - 19.596s
23: Epoch 74/90 - 19.596s
05: Epoch 74/90 - 19.596s
31: Epoch 74/90 - 19.596s
29: Epoch 74/90 - 19.596s
18: 
01: Epoch 75/90 - 19.915s
27: Epoch 75/90 - 19.915s
16: Epoch 75/90 - 19.915s
18: Epoch 75/90 - 19.915s
08: Epoch 75/90 - 19.915s
20: Epoch 75/90 - 19.915s
24: Epoch 75/90 - 19.915s
06: Epoch 75/90 - 19.915s
10: Epoch 75/90 - 19.915s
17: Epoch 75/90 - 19.915s
02: Epoch 75/90 - 19.915s
14: Epoch 75/90 - 19.915s
22: Epoch 75/90 - 19.915s
12: Epoch 75/90 - 19.915s
04: Epoch 75/90 - 19.915s
30: Epoch 75/90 - 19.915s
28: Epoch 75/90 - 19.915s
19: Epoch 75/90 - 19.915s
09: Epoch 75/90 - 19.915s
21: Epoch 75/90 - 19.915s
25: Epoch 75/90 - 19.915s
07: Epoch 75/90 - 19.915s
26: Epoch 75/90 - 19.915s
11: Epoch 75/90 - 19.915s
03: Epoch 75/90 - 19.915s
15: Epoch 75/90 - 19.915s
23: Epoch 75/90 - 19.915s
13: Epoch 75/90 - 19.915s
05: Epoch 75/90 - 19.915s
31: Epoch 75/90 - 19.915s
29: Epoch 75/90 - 19.915s
18: 
00: Epoch 75/90 - 19.915s
01: Epoch 76/90 - 21.445s
20: Epoch 76/90 - 21.445s
26: Epoch 76/90 - 21.445s
10: Epoch 76/90 - 21.445s
30: Epoch 76/90 - 21.445s
28: Epoch 76/90 - 21.445s
19: Epoch 76/90 - 21.445s
08: Epoch 76/90 - 21.445s
21: Epoch 76/90 - 21.445s
24: Epoch 76/90 - 21.445s
06: Epoch 76/90 - 21.445s
27: Epoch 76/90 - 21.445s
11: Epoch 76/90 - 21.445s
16: Epoch 76/90 - 21.445s
02: Epoch 76/90 - 21.445s
14: Epoch 76/90 - 21.445s
22: Epoch 76/90 - 21.445s
12: Epoch 76/90 - 21.445s
04: Epoch 76/90 - 21.445s
31: Epoch 76/90 - 21.445s
29: Epoch 76/90 - 21.445s
18: Epoch 76/90 - 21.445s
09: Epoch 76/90 - 21.445s
25: Epoch 76/90 - 21.445s
00: Epoch 76/90 - 21.445s
07: Epoch 76/90 - 21.445s
17: Epoch 76/90 - 21.445s
03: Epoch 76/90 - 21.445s
15: Epoch 76/90 - 21.445s
23: Epoch 76/90 - 21.445s
13: Epoch 76/90 - 21.445s
05: Epoch 76/90 - 21.445s
19: 
01: Epoch 77/90 - 20.317s
18: Epoch 77/90 - 20.317s
08: Epoch 77/90 - 20.317s
24: Epoch 77/90 - 20.317s
06: Epoch 77/90 - 20.317s
10: Epoch 77/90 - 20.317s
16: Epoch 77/90 - 20.317s
02: Epoch 77/90 - 20.317s
14: Epoch 77/90 - 20.317s
22: Epoch 77/90 - 20.317s
12: Epoch 77/90 - 20.317s
04: Epoch 77/90 - 20.317s
30: Epoch 77/90 - 20.317s
09: Epoch 77/90 - 20.317s
20: Epoch 77/90 - 20.317s
25: Epoch 77/90 - 20.317s
00: Epoch 77/90 - 20.317s
07: Epoch 77/90 - 20.317s
27: Epoch 77/90 - 20.317s
11: Epoch 77/90 - 20.317s
17: Epoch 77/90 - 20.317s
03: Epoch 77/90 - 20.317s
15: Epoch 77/90 - 20.317s
23: Epoch 77/90 - 20.317s
13: Epoch 77/90 - 20.317s
05: Epoch 77/90 - 20.317s
31: Epoch 77/90 - 20.317s
28: Epoch 77/90 - 20.317s
19: Epoch 77/90 - 20.317s
21: Epoch 77/90 - 20.317s
26: Epoch 77/90 - 20.317s
29: Epoch 77/90 - 20.317s
18: 
01: Epoch 78/90 - 20.857s
16: Epoch 78/90 - 20.857s
14: Epoch 78/90 - 20.857s
22: Epoch 78/90 - 20.857s
12: Epoch 78/90 - 20.857s
30: Epoch 78/90 - 20.857s
18: Epoch 78/90 - 20.857s
08: Epoch 78/90 - 20.857s
20: Epoch 78/90 - 20.857s
24: Epoch 78/90 - 20.857s
06: Epoch 78/90 - 20.857s
27: Epoch 78/90 - 20.857s
10: Epoch 78/90 - 20.857s
17: Epoch 78/90 - 20.857s
02: Epoch 78/90 - 20.857s
15: Epoch 78/90 - 20.857s
23: Epoch 78/90 - 20.857s
13: Epoch 78/90 - 20.857s
04: Epoch 78/90 - 20.857s
31: Epoch 78/90 - 20.857s
28: Epoch 78/90 - 20.857s
19: Epoch 78/90 - 20.857s
09: Epoch 78/90 - 20.857s
21: Epoch 78/90 - 20.857s
25: Epoch 78/90 - 20.857s
07: Epoch 78/90 - 20.857s
26: Epoch 78/90 - 20.857s
11: Epoch 78/90 - 20.857s
03: Epoch 78/90 - 20.857s
05: Epoch 78/90 - 20.857s
29: Epoch 78/90 - 20.857s
18: 
00: Epoch 78/90 - 20.857s
01: Epoch 79/90 - 21.649s
16: Epoch 79/90 - 21.649s
12: Epoch 79/90 - 21.649s
18: Epoch 79/90 - 21.649s
08: Epoch 79/90 - 21.649s
20: Epoch 79/90 - 21.649s
24: Epoch 79/90 - 21.649s
06: Epoch 79/90 - 21.649s
26: Epoch 79/90 - 21.649s
10: Epoch 79/90 - 21.649s
02: Epoch 79/90 - 21.649s
14: Epoch 79/90 - 21.649s
22: Epoch 79/90 - 21.649s
04: Epoch 79/90 - 21.649s
30: Epoch 79/90 - 21.649s
28: Epoch 79/90 - 21.649s
19: Epoch 79/90 - 21.649s
09: Epoch 79/90 - 21.649s
21: Epoch 79/90 - 21.649s
25: Epoch 79/90 - 21.649s
07: Epoch 79/90 - 21.649s
27: Epoch 79/90 - 21.649s
11: Epoch 79/90 - 21.649s
17: Epoch 79/90 - 21.649s
03: Epoch 79/90 - 21.649s
15: Epoch 79/90 - 21.649s
23: Epoch 79/90 - 21.649s
13: Epoch 79/90 - 21.649s
05: Epoch 79/90 - 21.649s
31: Epoch 79/90 - 21.649s
29: Epoch 79/90 - 21.649s
18: 
00: Epoch 79/90 - 21.649s
01: Epoch 80/90 - 20.595s
18: Epoch 80/90 - 20.594s
20: Epoch 80/90 - 20.595s
24: Epoch 80/90 - 20.595s
06: Epoch 80/90 - 20.595s
26: Epoch 80/90 - 20.595s
10: Epoch 80/90 - 20.595s
16: Epoch 80/90 - 20.595s
02: Epoch 80/90 - 20.595s
14: Epoch 80/90 - 20.595s
22: Epoch 80/90 - 20.595s
12: Epoch 80/90 - 20.595s
04: Epoch 80/90 - 20.595s
30: Epoch 80/90 - 20.595s
28: Epoch 80/90 - 20.595s
08: Epoch 80/90 - 20.595s
21: Epoch 80/90 - 20.595s
25: Epoch 80/90 - 20.595s
00: Epoch 80/90 - 20.595s
07: Epoch 80/90 - 20.595s
27: Epoch 80/90 - 20.595s
11: Epoch 80/90 - 20.595s
17: Epoch 80/90 - 20.595s
03: Epoch 80/90 - 20.595s
15: Epoch 80/90 - 20.595s
23: Epoch 80/90 - 20.595s
13: Epoch 80/90 - 20.595s
05: Epoch 80/90 - 20.595s
31: Epoch 80/90 - 20.595s
29: Epoch 80/90 - 20.595s
19: Epoch 80/90 - 20.595s
09: Epoch 80/90 - 20.595s
18: 
01: Epoch 81/90 - 20.836s
16: Epoch 81/90 - 20.836s
14: Epoch 81/90 - 20.836s
18: Epoch 81/90 - 20.836s
08: Epoch 81/90 - 20.836s
20: Epoch 81/90 - 20.836s
24: Epoch 81/90 - 20.836s
06: Epoch 81/90 - 20.836s
26: Epoch 81/90 - 20.836s
10: Epoch 81/90 - 20.836s
17: Epoch 81/90 - 20.836s
02: Epoch 81/90 - 20.836s
15: Epoch 81/90 - 20.836s
22: Epoch 81/90 - 20.836s
12: Epoch 81/90 - 20.836s
04: Epoch 81/90 - 20.836s
30: Epoch 81/90 - 20.836s
28: Epoch 81/90 - 20.836s
19: Epoch 81/90 - 20.836s
09: Epoch 81/90 - 20.836s
21: Epoch 81/90 - 20.836s
25: Epoch 81/90 - 20.836s
07: Epoch 81/90 - 20.836s
27: Epoch 81/90 - 20.836s
11: Epoch 81/90 - 20.836s
03: Epoch 81/90 - 20.836s
23: Epoch 81/90 - 20.836s
13: Epoch 81/90 - 20.836s
05: Epoch 81/90 - 20.836s
31: Epoch 81/90 - 20.836s
29: Epoch 81/90 - 20.836s
18: 
00: Epoch 81/90 - 20.836s
01: Epoch 82/90 - 20.895s
16: Epoch 82/90 - 20.895s
22: Epoch 82/90 - 20.895s
18: Epoch 82/90 - 20.895s
08: Epoch 82/90 - 20.895s
20: Epoch 82/90 - 20.895s
24: Epoch 82/90 - 20.895s
06: Epoch 82/90 - 20.895s
26: Epoch 82/90 - 20.895s
10: Epoch 82/90 - 20.895s
17: Epoch 82/90 - 20.895s
02: Epoch 82/90 - 20.895s
14: Epoch 82/90 - 20.895s
12: Epoch 82/90 - 20.895s
04: Epoch 82/90 - 20.895s
30: Epoch 82/90 - 20.895s
28: Epoch 82/90 - 20.895s
19: Epoch 82/90 - 20.895s
09: Epoch 82/90 - 20.895s
21: Epoch 82/90 - 20.895s
25: Epoch 82/90 - 20.895s
00: Epoch 82/90 - 20.895s
07: Epoch 82/90 - 20.895s
27: Epoch 82/90 - 20.895s
11: Epoch 82/90 - 20.895s
03: Epoch 82/90 - 20.895s
15: Epoch 82/90 - 20.895s
23: Epoch 82/90 - 20.895s
13: Epoch 82/90 - 20.895s
05: Epoch 82/90 - 20.895s
31: Epoch 82/90 - 20.895s
29: Epoch 82/90 - 20.895s
18: 
01: Epoch 83/90 - 20.546s
16: Epoch 83/90 - 20.546s
14: Epoch 83/90 - 20.546s
12: Epoch 83/90 - 20.546s
30: Epoch 83/90 - 20.546s
18: Epoch 83/90 - 20.546s
08: Epoch 83/90 - 20.546s
20: Epoch 83/90 - 20.546s
24: Epoch 83/90 - 20.546s
06: Epoch 83/90 - 20.546s
26: Epoch 83/90 - 20.546s
10: Epoch 83/90 - 20.546s
17: Epoch 83/90 - 20.546s
02: Epoch 83/90 - 20.546s
15: Epoch 83/90 - 20.546s
22: Epoch 83/90 - 20.546s
13: Epoch 83/90 - 20.546s
04: Epoch 83/90 - 20.546s
31: Epoch 83/90 - 20.546s
28: Epoch 83/90 - 20.546s
19: Epoch 83/90 - 20.546s
09: Epoch 83/90 - 20.546s
21: Epoch 83/90 - 20.546s
25: Epoch 83/90 - 20.546s
00: Epoch 83/90 - 20.546s
07: Epoch 83/90 - 20.546s
27: Epoch 83/90 - 20.546s
11: Epoch 83/90 - 20.546s
03: Epoch 83/90 - 20.546s
23: Epoch 83/90 - 20.546s
05: Epoch 83/90 - 20.546s
29: Epoch 83/90 - 20.546s
18: 
01: Epoch 84/90 - 20.557s
18: Epoch 84/90 - 20.557s
08: Epoch 84/90 - 20.557s
20: Epoch 84/90 - 20.557s
24: Epoch 84/90 - 20.557s
06: Epoch 84/90 - 20.557s
10: Epoch 84/90 - 20.557s
16: Epoch 84/90 - 20.557s
02: Epoch 84/90 - 20.557s
14: Epoch 84/90 - 20.557s
22: Epoch 84/90 - 20.557s
12: Epoch 84/90 - 20.557s
04: Epoch 84/90 - 20.557s
30: Epoch 84/90 - 20.557s
28: Epoch 84/90 - 20.557s
09: Epoch 84/90 - 20.557s
21: Epoch 84/90 - 20.557s
25: Epoch 84/90 - 20.557s
07: Epoch 84/90 - 20.557s
26: Epoch 84/90 - 20.557s
11: Epoch 84/90 - 20.557s
17: Epoch 84/90 - 20.557s
03: Epoch 84/90 - 20.557s
15: Epoch 84/90 - 20.557s
23: Epoch 84/90 - 20.557s
13: Epoch 84/90 - 20.557s
05: Epoch 84/90 - 20.557s
31: Epoch 84/90 - 20.557s
29: Epoch 84/90 - 20.557s
19: Epoch 84/90 - 20.557s
00: Epoch 84/90 - 20.557s
27: Epoch 84/90 - 20.557s
18: 
01: Epoch 85/90 - 21.660s
10: Epoch 85/90 - 21.660s
16: Epoch 85/90 - 21.660s
14: Epoch 85/90 - 21.660s
22: Epoch 85/90 - 21.660s
12: Epoch 85/90 - 21.660s
18: Epoch 85/90 - 21.660s
08: Epoch 85/90 - 21.660s
20: Epoch 85/90 - 21.660s
24: Epoch 85/90 - 21.660s
06: Epoch 85/90 - 21.660s
26: Epoch 85/90 - 21.660s
11: Epoch 85/90 - 21.660s
17: Epoch 85/90 - 21.660s
02: Epoch 85/90 - 21.660s
15: Epoch 85/90 - 21.660s
23: Epoch 85/90 - 21.660s
13: Epoch 85/90 - 21.660s
04: Epoch 85/90 - 21.660s
30: Epoch 85/90 - 21.660s
28: Epoch 85/90 - 21.660s
19: Epoch 85/90 - 21.660s
09: Epoch 85/90 - 21.660s
21: Epoch 85/90 - 21.660s
25: Epoch 85/90 - 21.660s
00: Epoch 85/90 - 21.660s
07: Epoch 85/90 - 21.660s
27: Epoch 85/90 - 21.660s
03: Epoch 85/90 - 21.660s
05: Epoch 85/90 - 21.660s
31: Epoch 85/90 - 21.660s
29: Epoch 85/90 - 21.660s
18: 
01: Epoch 86/90 - 20.546s
16: Epoch 86/90 - 20.546s
12: Epoch 86/90 - 20.546s
18: Epoch 86/90 - 20.546s
08: Epoch 86/90 - 20.546s
20: Epoch 86/90 - 20.546s
24: Epoch 86/90 - 20.546s
06: Epoch 86/90 - 20.546s
26: Epoch 86/90 - 20.546s
10: Epoch 86/90 - 20.546s
17: Epoch 86/90 - 20.546s
02: Epoch 86/90 - 20.546s
14: Epoch 86/90 - 20.546s
22: Epoch 86/90 - 20.546s
13: Epoch 86/90 - 20.546s
04: Epoch 86/90 - 20.546s
30: Epoch 86/90 - 20.546s
28: Epoch 86/90 - 20.546s
19: Epoch 86/90 - 20.546s
09: Epoch 86/90 - 20.546s
21: Epoch 86/90 - 20.546s
25: Epoch 86/90 - 20.546s
00: Epoch 86/90 - 20.546s
07: Epoch 86/90 - 20.546s
27: Epoch 86/90 - 20.546s
11: Epoch 86/90 - 20.546s
03: Epoch 86/90 - 20.546s
15: Epoch 86/90 - 20.546s
23: Epoch 86/90 - 20.546s
05: Epoch 86/90 - 20.546s
31: Epoch 86/90 - 20.546s
29: Epoch 86/90 - 20.546s
18: 
01: Epoch 87/90 - 20.151s
16: Epoch 87/90 - 20.151s
14: Epoch 87/90 - 20.151s
12: Epoch 87/90 - 20.151s
18: Epoch 87/90 - 20.151s
08: Epoch 87/90 - 20.151s
20: Epoch 87/90 - 20.151s
24: Epoch 87/90 - 20.151s
06: Epoch 87/90 - 20.151s
26: Epoch 87/90 - 20.151s
10: Epoch 87/90 - 20.151s
17: Epoch 87/90 - 20.151s
02: Epoch 87/90 - 20.151s
15: Epoch 87/90 - 20.151s
22: Epoch 87/90 - 20.151s
13: Epoch 87/90 - 20.151s
04: Epoch 87/90 - 20.151s
30: Epoch 87/90 - 20.151s
28: Epoch 87/90 - 20.151s
19: Epoch 87/90 - 20.151s
09: Epoch 87/90 - 20.151s
21: Epoch 87/90 - 20.151s
25: Epoch 87/90 - 20.151s
07: Epoch 87/90 - 20.151s
27: Epoch 87/90 - 20.151s
11: Epoch 87/90 - 20.151s
03: Epoch 87/90 - 20.151s
23: Epoch 87/90 - 20.151s
05: Epoch 87/90 - 20.151s
31: Epoch 87/90 - 20.151s
29: Epoch 87/90 - 20.151s
18: 
00: Epoch 87/90 - 20.151s
01: Epoch 88/90 - 20.615s
16: Epoch 88/90 - 20.615s
19: Epoch 88/90 - 20.615s
08: Epoch 88/90 - 20.615s
20: Epoch 88/90 - 20.615s
24: Epoch 88/90 - 20.615s
06: Epoch 88/90 - 20.615s
26: Epoch 88/90 - 20.615s
10: Epoch 88/90 - 20.615s
02: Epoch 88/90 - 20.615s
14: Epoch 88/90 - 20.615s
22: Epoch 88/90 - 20.615s
12: Epoch 88/90 - 20.615s
04: Epoch 88/90 - 20.615s
30: Epoch 88/90 - 20.615s
28: Epoch 88/90 - 20.615s
09: Epoch 88/90 - 20.615s
21: Epoch 88/90 - 20.615s
25: Epoch 88/90 - 20.615s
00: Epoch 88/90 - 20.615s
07: Epoch 88/90 - 20.615s
27: Epoch 88/90 - 20.615s
11: Epoch 88/90 - 20.615s
17: Epoch 88/90 - 20.615s
03: Epoch 88/90 - 20.615s
15: Epoch 88/90 - 20.615s
23: Epoch 88/90 - 20.615s
13: Epoch 88/90 - 20.615s
05: Epoch 88/90 - 20.615s
31: Epoch 88/90 - 20.615s
29: Epoch 88/90 - 20.615s
18: Epoch 88/90 - 20.615s
19: 
01: Epoch 89/90 - 20.231s
01: Steps per epoch: 25
01: Validation steps per epoch: 157
10: Epoch 89/90 - 20.231s
10: Steps per epoch: 25
10: Validation steps per epoch: 157
18: Epoch 89/90 - 20.231s
08: Epoch 89/90 - 20.231s
08: Steps per epoch: 25
08: Validation steps per epoch: 157
20: Epoch 89/90 - 20.231s
20: Steps per epoch: 25
20: Validation steps per epoch: 157
24: Epoch 89/90 - 20.231s
24: Steps per epoch: 25
24: Validation steps per epoch: 157
06: Epoch 89/90 - 20.231s
06: Steps per epoch: 25
06: Validation steps per epoch: 157
26: Epoch 89/90 - 20.231s
26: Steps per epoch: 25
26: Validation steps per epoch: 157
16: Epoch 89/90 - 20.231s
16: Steps per epoch: 25
16: Validation steps per epoch: 157
02: Epoch 89/90 - 20.231s
02: Steps per epoch: 25
02: Validation steps per epoch: 157
14: Epoch 89/90 - 20.231s
14: Steps per epoch: 25
14: Validation steps per epoch: 157
22: Epoch 89/90 - 20.231s
22: Steps per epoch: 25
22: Validation steps per epoch: 157
12: Epoch 89/90 - 20.231s
12: Steps per epoch: 25
12: Validation steps per epoch: 157
04: Epoch 89/90 - 20.231s
04: Steps per epoch: 25
04: Validation steps per epoch: 157
30: Epoch 89/90 - 20.231s
30: Steps per epoch: 25
30: Validation steps per epoch: 157
28: Epoch 89/90 - 20.231s
28: Steps per epoch: 25
28: Validation steps per epoch: 157
19: Epoch 89/90 - 20.231s
19: Steps per epoch: 25
19: Validation steps per epoch: 157
09: Epoch 89/90 - 20.231s
09: Steps per epoch: 25
09: Validation steps per epoch: 157
21: Epoch 89/90 - 20.231s
21: Steps per epoch: 25
21: Validation steps per epoch: 157
25: Epoch 89/90 - 20.231s
25: Steps per epoch: 25
25: Validation steps per epoch: 157
01: Average time per epoch: 20.194 s
07: Epoch 89/90 - 20.231s
07: Steps per epoch: 25
07: Validation steps per epoch: 157
27: Epoch 89/90 - 20.231s
27: Steps per epoch: 25
27: Validation steps per epoch: 157
11: Epoch 89/90 - 20.231s
11: Steps per epoch: 25
11: Validation steps per epoch: 157
17: Epoch 89/90 - 20.231s
17: Steps per epoch: 25
17: Validation steps per epoch: 157
03: Epoch 89/90 - 20.231s
03: Steps per epoch: 25
03: Validation steps per epoch: 157
15: Epoch 89/90 - 20.231s
15: Steps per epoch: 25
15: Validation steps per epoch: 157
23: Epoch 89/90 - 20.231s
23: Steps per epoch: 25
23: Validation steps per epoch: 157
13: Epoch 89/90 - 20.231s
13: Steps per epoch: 25
13: Validation steps per epoch: 157
05: Epoch 89/90 - 20.231s
05: Steps per epoch: 25
05: Validation steps per epoch: 157
31: Epoch 89/90 - 20.231s
31: Steps per epoch: 25
31: Validation steps per epoch: 157
29: Epoch 89/90 - 20.231s
29: Steps per epoch: 25
29: Validation steps per epoch: 157
18: Steps per epoch: 25
18: Validation steps per epoch: 157
08: Average time per epoch: 20.194 s
20: Average time per epoch: 20.191 s
24: Average time per epoch: 20.191 s
06: Average time per epoch: 20.194 s
26: 
10: Average time per epoch: 20.194 s
16: Average time per epoch: 20.194 s
02: Average time per epoch: 20.194 s
14: Average time per epoch: 20.194 s
22: Average time per epoch: 20.191 s
12: Average time per epoch: 20.194 s
04: Average time per epoch: 20.194 s
30: Average time per epoch: 20.191 s
28: Average time per epoch: 20.191 s
18: Average time per epoch: 20.191 s
09: Average time per epoch: 20.194 s
21: Average time per epoch: 20.191 s
25: Average time per epoch: 20.191 s
00: Epoch 89/90 - 20.231s
07: Average time per epoch: 20.194 s
26: Average time per epoch: 20.191 s
11: Average time per epoch: 20.194 s
17: Average time per epoch: 20.191 s
03: Average time per epoch: 20.194 s
15: Average time per epoch: 20.194 s
23: Average time per epoch: 20.191 s
13: Average time per epoch: 20.194 s
05: Average time per epoch: 20.194 s
31: Average time per epoch: 20.191 s
29: Average time per epoch: 20.191 s
19: Average time per epoch: 20.191 s
00: Steps per epoch: 25
27: Average time per epoch: 20.191 s
18: 
00: Validation steps per epoch: 157
00: Average time per epoch: 20.194 s
25: --- 1823.281052350998 seconds ---
16: --- 1823.2961337566376 seconds ---
22: --- 1823.2740590572357 seconds ---
05: --- 1823.0820169448853 seconds ---
19: --- 1822.8880817890167 seconds ---
08: --- 1823.1327719688416 seconds ---
21: --- 1823.272541999817 seconds ---
24: --- 1823.2852065563202 seconds ---
06: --- 1823.1521909236908 seconds ---
27: --- 1823.3083753585815 seconds ---
11: --- 1822.68612742424 seconds ---
17: --- 1823.296350479126 seconds ---
02: --- 1823.0957639217377 seconds ---
14: --- 1823.2962036132812 seconds ---
23: --- 1823.2955582141876 seconds ---
13: --- 1823.280589580536 seconds ---
30: --- 1823.2665088176727 seconds ---
29: --- 1823.2983367443085 seconds ---
18: --- 1822.7692868709564 seconds ---
09: --- 1823.1319518089294 seconds ---
20: --- 1823.2832114696503 seconds ---
01: --- 1823.068472146988 seconds ---
07: --- 1823.152378320694 seconds ---
26: --- 1823.2958354949951 seconds ---
10: --- 1822.6874177455902 seconds ---
03: --- 1823.0894765853882 seconds ---
12: --- 1823.3070244789124 seconds ---
04: --- 1823.0838532447815 seconds ---
31: --- 1823.2871236801147 seconds ---
28: --- 1823.2983968257904 seconds ---
18: 
00: --- 1823.0571975708008 seconds ---
15: --- 1823.2655944824219 seconds ---
ELAPSED: 1825 seconds
End at Wed Feb 10 01:24:58 EET 2021
