WORKERS: "gpu01-ib:5555","gpu02-ib:5555","gpu03-ib:5555","gpu04-ib:5555"
Start at Sat Feb 13 23:13:43 EET 2021
CUDA_VISIBLE_DEVICES: 0,1
Running on hosts: gpu[01-04]
Running on 4 nodes.
Running 2 tasks per node
Job id is 1094925
2: Number of devices per node: 2
7: Number of devices per node: 2
3: Number of devices per node: 2
6: Number of devices per node: 2
5: Number of devices per node: 2
1: Number of devices per node: 2
4: Number of devices per node: 2
0: Number of devices per node: 2
0: 
4: rank 4
1: rank 1
2: rank 
6: rank 6
2: 2
5: rank 5
2: 
7: rank 7
5: 
0: rank 0
0: 
3: rank 3
5: => creating model 'resnet50'
4: => creating model 'resnet50'
1: => creating model 'resnet50'
2: => creating model 'resnet50'
3: => creating model 'resnet50'
0: => creating model 'resnet50'
6: => creating model 'resnet50'
7: => creating model 'resnet50'
1: Epoch 0/90 - 45.197s
2: Epoch 0/90 - 45.197s
4: Epoch 0/90 - 45.187s
6: Epoch 0/90 - 45.187s
3: Epoch 0/90 - 45.187s
7: Epoch 0/90 - 45.187s
5: Epoch 0/90 - 45.187s
0: Epoch 0/90 - 45.234s
1: Epoch 1/90 - 40.389s
4: Epoch 1/90 - 40.389s
6: Epoch 1/90 - 40.389s
2: Epoch 1/90 - 40.389s
5: Epoch 1/90 - 40.389s
7: Epoch 1/90 - 40.389s
3: Epoch 1/90 - 40.389s
0: Epoch 1/90 - 40.389s
1: Epoch 2/90 - 37.147s
2: Epoch 2/90 - 37.147s
4: Epoch 2/90 - 37.147s
6: Epoch 2/90 - 37.147s
5: Epoch 2/90 - 37.147s
7: Epoch 2/90 - 37.147s
3: Epoch 2/90 - 37.147s
0: Epoch 2/90 - 37.147s
1: Epoch 3/90 - 36.757s
4: Epoch 3/90 - 36.757s
6: Epoch 3/90 - 36.757s
2: Epoch 3/90 - 36.757s
5: Epoch 3/90 - 36.757s
7: Epoch 3/90 - 36.757s
3: Epoch 3/90 - 36.757s
0: Epoch 3/90 - 36.757s
1: Epoch 4/90 - 38.637s
4: Epoch 4/90 - 38.637s
6: Epoch 4/90 - 38.637s
2: Epoch 4/90 - 38.637s
5: Epoch 4/90 - 38.637s
3: Epoch 4/90 - 38.637s
0: Epoch 4/90 - 38.637s
7: Epoch 4/90 - 38.637s
1: Epoch 5/90 - 38.192s
6: Epoch 5/90 - 38.192s
2: Epoch 5/90 - 38.192s
4: Epoch 5/90 - 38.192s
3: Epoch 5/90 - 38.192s
5: Epoch 5/90 - 38.192s
7: Epoch 5/90 - 38.192s
0: Epoch 5/90 - 38.192s
1: Epoch 6/90 - 38.135s
4: Epoch 6/90 - 38.135s
7: Epoch 6/90 - 38.135s
2: Epoch 6/90 - 38.135s
5: Epoch 6/90 - 38.135s
3: Epoch 6/90 - 38.135s
0: Epoch 6/90 - 38.135s
6: Epoch 6/90 - 38.138s
1: Epoch 7/90 - 38.208s
4: Epoch 7/90 - 38.208s
6: Epoch 7/90 - 38.206s
2: Epoch 7/90 - 38.208s
5: Epoch 7/90 - 38.208s
7: Epoch 7/90 - 38.208s
3: Epoch 7/90 - 38.208s
0: Epoch 7/90 - 38.208s
1: Epoch 8/90 - 37.941s
2: Epoch 8/90 - 37.941s
4: Epoch 8/90 - 37.941s
6: Epoch 8/90 - 37.941s
5: Epoch 8/90 - 37.941s
7: Epoch 8/90 - 37.941s
3: Epoch 8/90 - 37.941s
0: Epoch 8/90 - 37.941s
1: Epoch 9/90 - 38.076s
4: Epoch 9/90 - 38.076s
6: Epoch 9/90 - 38.076s
2: Epoch 9/90 - 38.076s
5: Epoch 9/90 - 38.076s
7: Epoch 9/90 - 38.076s
3: Epoch 9/90 - 38.076s
0: Epoch 9/90 - 38.076s
1: Epoch 10/90 - 36.726s
4: Epoch 10/90 - 36.726s
6: Epoch 10/90 - 36.726s
2: Epoch 10/90 - 36.726s
5: Epoch 10/90 - 36.726s
7: Epoch 10/90 - 36.726s
3: Epoch 10/90 - 36.726s
0: Epoch 10/90 - 36.726s
4: Epoch 11/90 - 36.256s
1: Epoch 11/90 - 36.256s
2: Epoch 11/90 - 36.256s
6: Epoch 11/90 - 36.256s
5: Epoch 11/90 - 36.256s
7: Epoch 11/90 - 36.256s
3: Epoch 11/90 - 36.256s
0: Epoch 11/90 - 36.256s
1: Epoch 12/90 - 36.810s
6: Epoch 12/90 - 36.810s
4: Epoch 12/90 - 36.810s
2: Epoch 12/90 - 36.810s
5: Epoch 12/90 - 36.810s
7: Epoch 12/90 - 36.810s
3: Epoch 12/90 - 36.810s
0: Epoch 12/90 - 36.810s
1: Epoch 13/90 - 37.461s
4: Epoch 13/90 - 37.461s
6: Epoch 13/90 - 37.461s
2: Epoch 13/90 - 37.461s
5: Epoch 13/90 - 37.461s
7: Epoch 13/90 - 37.461s
3: Epoch 13/90 - 37.461s
0: Epoch 13/90 - 37.461s
1: Epoch 14/90 - 38.519s
6: Epoch 14/90 - 38.519s
4: Epoch 14/90 - 38.519s
7: Epoch 14/90 - 38.519s
2: Epoch 14/90 - 38.519s
5: Epoch 14/90 - 38.519s
3: Epoch 14/90 - 38.519s
0: Epoch 14/90 - 38.519s
1: Epoch 15/90 - 38.161s
4: Epoch 15/90 - 38.161s
6: Epoch 15/90 - 38.161s
2: Epoch 15/90 - 38.161s
5: Epoch 15/90 - 38.161s
7: Epoch 15/90 - 38.161s
3: Epoch 15/90 - 38.161s
0: Epoch 15/90 - 38.161s
1: Epoch 16/90 - 37.982s
4: Epoch 16/90 - 37.982s
6: Epoch 16/90 - 37.982s
2: Epoch 16/90 - 37.982s
5: Epoch 16/90 - 37.982s
7: Epoch 16/90 - 37.982s
3: Epoch 16/90 - 37.982s
0: Epoch 16/90 - 37.982s
1: Epoch 17/90 - 37.718s
4: Epoch 17/90 - 37.718s
6: Epoch 17/90 - 37.718s
2: Epoch 17/90 - 37.718s
5: Epoch 17/90 - 37.718s
7: Epoch 17/90 - 37.718s
3: Epoch 17/90 - 37.718s
0: Epoch 17/90 - 37.718s
1: Epoch 18/90 - 38.074s
2: Epoch 18/90 - 38.074s
5: Epoch 18/90 - 38.074s
6: Epoch 18/90 - 38.074s
4: Epoch 18/90 - 38.074s
7: Epoch 18/90 - 38.074s
3: Epoch 18/90 - 38.074s
0: Epoch 18/90 - 38.074s
4: Epoch 19/90 - 36.654s
1: Epoch 19/90 - 36.654s
2: Epoch 19/90 - 36.654s
5: Epoch 19/90 - 36.654s
6: Epoch 19/90 - 36.654s
3: Epoch 19/90 - 36.654s
7: Epoch 19/90 - 36.654s
0: Epoch 19/90 - 36.654s
1: Epoch 20/90 - 37.663s
4: Epoch 20/90 - 37.663s
6: Epoch 20/90 - 37.663s
2: Epoch 20/90 - 37.663s
5: Epoch 20/90 - 37.663s
7: Epoch 20/90 - 37.663s
3: Epoch 20/90 - 37.663s
0: Epoch 20/90 - 37.663s
1: Epoch 21/90 - 36.577s
4: Epoch 21/90 - 36.577s
6: Epoch 21/90 - 36.577s
2: Epoch 21/90 - 36.577s
5: Epoch 21/90 - 36.577s
7: Epoch 21/90 - 36.577s
3: Epoch 21/90 - 36.577s
0: Epoch 21/90 - 36.577s
1: Epoch 22/90 - 37.303s
4: Epoch 22/90 - 37.303s
6: Epoch 22/90 - 37.303s
2: Epoch 22/90 - 37.303s
5: Epoch 22/90 - 37.303s
7: Epoch 22/90 - 37.303s
3: Epoch 22/90 - 37.303s
0: Epoch 22/90 - 37.303s
1: Epoch 23/90 - 36.001s
2: Epoch 23/90 - 36.001s
4: Epoch 23/90 - 36.001s
6: Epoch 23/90 - 36.001s
5: Epoch 23/90 - 36.001s
7: Epoch 23/90 - 36.001s
3: Epoch 23/90 - 36.001s
0: Epoch 23/90 - 36.001s
4: Epoch 24/90 - 35.871s
1: Epoch 24/90 - 35.871s
2: Epoch 24/90 - 35.871s
5: Epoch 24/90 - 35.871s
6: Epoch 24/90 - 35.871s
7: Epoch 24/90 - 35.871s
3: Epoch 24/90 - 35.871s
0: Epoch 24/90 - 35.871s
1: Epoch 25/90 - 37.425s
6: Epoch 25/90 - 37.425s
4: Epoch 25/90 - 37.425s
2: Epoch 25/90 - 37.425s
5: Epoch 25/90 - 37.425s
7: Epoch 25/90 - 37.425s
3: Epoch 25/90 - 37.425s
0: Epoch 25/90 - 37.425s
4: Epoch 26/90 - 37.679s
1: Epoch 26/90 - 37.679s
6: Epoch 26/90 - 37.679s
2: Epoch 26/90 - 37.679s
5: Epoch 26/90 - 37.679s
7: Epoch 26/90 - 37.679s
3: Epoch 26/90 - 37.679s
0: Epoch 26/90 - 37.679s
1: Epoch 27/90 - 36.778s
6: Epoch 27/90 - 36.778s
2: Epoch 27/90 - 36.778s
4: Epoch 27/90 - 36.778s
7: Epoch 27/90 - 36.778s
5: Epoch 27/90 - 36.778s
3: Epoch 27/90 - 36.778s
0: Epoch 27/90 - 36.778s
1: Epoch 28/90 - 37.091s
4: Epoch 28/90 - 37.091s
6: Epoch 28/90 - 37.091s
2: Epoch 28/90 - 37.091s
5: Epoch 28/90 - 37.091s
7: Epoch 28/90 - 37.091s
3: Epoch 28/90 - 37.091s
0: Epoch 28/90 - 37.091s
1: Epoch 29/90 - 36.677s
4: Epoch 29/90 - 36.677s
5: Epoch 29/90 - 36.677s
6: Epoch 29/90 - 36.677s
2: Epoch 29/90 - 36.677s
0: Epoch 29/90 - 36.677s
7: Epoch 29/90 - 36.677s
3: Epoch 29/90 - 36.677s
1: Epoch 30/90 - 38.007s
6: Epoch 30/90 - 38.007s
4: Epoch 30/90 - 38.007s
2: Epoch 30/90 - 38.007s
5: Epoch 30/90 - 38.007s
7: Epoch 30/90 - 38.007s
3: Epoch 30/90 - 38.007s
0: Epoch 30/90 - 38.007s
1: Epoch 31/90 - 38.252s
4: Epoch 31/90 - 38.252s
6: Epoch 31/90 - 38.252s
2: Epoch 31/90 - 38.252s
5: Epoch 31/90 - 38.252s
7: Epoch 31/90 - 38.252s
3: Epoch 31/90 - 38.252s
0: Epoch 31/90 - 38.252s
1: Epoch 32/90 - 37.706s
4: Epoch 32/90 - 37.706s
6: Epoch 32/90 - 37.706s
2: Epoch 32/90 - 37.706s
5: Epoch 32/90 - 37.706s
7: Epoch 32/90 - 37.706s
3: Epoch 32/90 - 37.706s
0: Epoch 32/90 - 37.706s
1: Epoch 33/90 - 38.028s
4: Epoch 33/90 - 38.028s
6: Epoch 33/90 - 38.028s
2: Epoch 33/90 - 38.028s
5: Epoch 33/90 - 38.028s
7: Epoch 33/90 - 38.028s
3: Epoch 33/90 - 38.028s
0: Epoch 33/90 - 38.028s
1: Epoch 34/90 - 37.708s
4: Epoch 34/90 - 37.708s
6: Epoch 34/90 - 37.708s
2: Epoch 34/90 - 37.708s
5: Epoch 34/90 - 37.708s
7: Epoch 34/90 - 37.708s
3: Epoch 34/90 - 37.708s
0: Epoch 34/90 - 37.708s
4: Epoch 35/90 - 37.796s
1: Epoch 35/90 - 37.796s
6: Epoch 35/90 - 37.796s
2: Epoch 35/90 - 37.796s
5: Epoch 35/90 - 37.796s
7: Epoch 35/90 - 37.796s
3: Epoch 35/90 - 37.796s
0: Epoch 35/90 - 37.796s
1: Epoch 36/90 - 38.904s
2: Epoch 36/90 - 38.904s
4: Epoch 36/90 - 38.904s
6: Epoch 36/90 - 38.904s
5: Epoch 36/90 - 38.904s
7: Epoch 36/90 - 38.904s
3: Epoch 36/90 - 38.904s
0: Epoch 36/90 - 38.904s
1: Epoch 37/90 - 40.425s
4: Epoch 37/90 - 40.425s
6: Epoch 37/90 - 40.425s
2: Epoch 37/90 - 40.425s
5: Epoch 37/90 - 40.425s
7: Epoch 37/90 - 40.425s
3: Epoch 37/90 - 40.425s
0: Epoch 37/90 - 40.425s
1: Epoch 38/90 - 39.054s
4: Epoch 38/90 - 39.054s
6: Epoch 38/90 - 39.054s
2: Epoch 38/90 - 39.054s
5: Epoch 38/90 - 39.054s
7: Epoch 38/90 - 39.054s
3: Epoch 38/90 - 39.054s
0: Epoch 38/90 - 39.054s
1: Epoch 39/90 - 37.817s
4: Epoch 39/90 - 37.817s
6: Epoch 39/90 - 37.817s
2: Epoch 39/90 - 37.817s
5: Epoch 39/90 - 37.817s
7: Epoch 39/90 - 37.817s
3: Epoch 39/90 - 37.817s
0: Epoch 39/90 - 37.817s
1: Epoch 40/90 - 38.236s
4: Epoch 40/90 - 38.236s
6: Epoch 40/90 - 38.236s
2: Epoch 40/90 - 38.236s
5: Epoch 40/90 - 38.236s
7: Epoch 40/90 - 38.236s
3: Epoch 40/90 - 38.236s
0: Epoch 40/90 - 38.236s
4: Epoch 41/90 - 36.763s
1: Epoch 41/90 - 36.763s
6: Epoch 41/90 - 36.763s
2: Epoch 41/90 - 36.763s
5: Epoch 41/90 - 36.763s
7: Epoch 41/90 - 36.763s
3: Epoch 41/90 - 36.763s
0: Epoch 41/90 - 36.763s
4: Epoch 42/90 - 37.561s
1: Epoch 42/90 - 37.561s
6: Epoch 42/90 - 37.561s
2: Epoch 42/90 - 37.561s
5: Epoch 42/90 - 37.561s
7: Epoch 42/90 - 37.561s
3: Epoch 42/90 - 37.561s
0: Epoch 42/90 - 37.561s
4: Epoch 43/90 - 36.860s
1: Epoch 43/90 - 36.860s
6: Epoch 43/90 - 36.860s
2: Epoch 43/90 - 36.860s
5: Epoch 43/90 - 36.860s
7: Epoch 43/90 - 36.860s
3: Epoch 43/90 - 36.860s
0: Epoch 43/90 - 36.860s
4: Epoch 44/90 - 37.207s
1: Epoch 44/90 - 37.207s
6: Epoch 44/90 - 37.207s
2: Epoch 44/90 - 37.207s
5: Epoch 44/90 - 37.207s
7: Epoch 44/90 - 37.207s
3: Epoch 44/90 - 37.207s
0: Epoch 44/90 - 37.207s
1: Epoch 45/90 - 36.897s
4: Epoch 45/90 - 36.897s
6: Epoch 45/90 - 36.897s
2: Epoch 45/90 - 36.897s
5: Epoch 45/90 - 36.897s
7: Epoch 45/90 - 36.897s
3: Epoch 45/90 - 36.897s
0: Epoch 45/90 - 36.897s
5: Epoch 46/90 - 37.778s
1: Epoch 46/90 - 37.778s
6: Epoch 46/90 - 37.778s
2: Epoch 46/90 - 37.778s
7: Epoch 46/90 - 37.778s
3: Epoch 46/90 - 37.778s
0: Epoch 46/90 - 37.778s
4: Epoch 46/90 - 37.779s
1: Epoch 47/90 - 38.158s
4: Epoch 47/90 - 38.158s
6: Epoch 47/90 - 38.158s
2: Epoch 47/90 - 38.158s
5: Epoch 47/90 - 38.158s
7: Epoch 47/90 - 38.158s
3: Epoch 47/90 - 38.158s
0: Epoch 47/90 - 38.158s
1: Epoch 48/90 - 38.129s
4: Epoch 48/90 - 38.129s
6: Epoch 48/90 - 38.129s
2: Epoch 48/90 - 38.129s
5: Epoch 48/90 - 38.129s
0: Epoch 48/90 - 38.129s
7: Epoch 48/90 - 38.129s
3: Epoch 48/90 - 38.129s
1: Epoch 49/90 - 37.831s
6: Epoch 49/90 - 37.831s
2: Epoch 49/90 - 37.831s
4: Epoch 49/90 - 37.831s
5: Epoch 49/90 - 37.831s
7: Epoch 49/90 - 37.831s
3: Epoch 49/90 - 37.831s
0: Epoch 49/90 - 37.831s
1: Epoch 50/90 - 37.632s
4: Epoch 50/90 - 37.632s
6: Epoch 50/90 - 37.632s
2: Epoch 50/90 - 37.632s
5: Epoch 50/90 - 37.632s
7: Epoch 50/90 - 37.632s
3: Epoch 50/90 - 37.632s
0: Epoch 50/90 - 37.632s
1: Epoch 51/90 - 36.720s
2: Epoch 51/90 - 36.720s
4: Epoch 51/90 - 36.720s
6: Epoch 51/90 - 36.720s
5: Epoch 51/90 - 36.720s
0: Epoch 51/90 - 36.720s
7: Epoch 51/90 - 36.720s
3: Epoch 51/90 - 36.720s
1: Epoch 52/90 - 37.358s
2: Epoch 52/90 - 37.358s
4: Epoch 52/90 - 37.358s
6: Epoch 52/90 - 37.358s
5: Epoch 52/90 - 37.358s
7: Epoch 52/90 - 37.358s
3: Epoch 52/90 - 37.358s
0: Epoch 52/90 - 37.358s
1: Epoch 53/90 - 37.428s
6: Epoch 53/90 - 37.428s
2: Epoch 53/90 - 37.428s
4: Epoch 53/90 - 37.428s
7: Epoch 53/90 - 37.428s
3: Epoch 53/90 - 37.428s
5: Epoch 53/90 - 37.428s
0: Epoch 53/90 - 37.428s
1: Epoch 54/90 - 37.876s
4: Epoch 54/90 - 37.876s
6: Epoch 54/90 - 37.876s
2: Epoch 54/90 - 37.876s
5: Epoch 54/90 - 37.876s
7: Epoch 54/90 - 37.876s
3: Epoch 54/90 - 37.876s
0: Epoch 54/90 - 37.876s
1: Epoch 55/90 - 38.885s
4: Epoch 55/90 - 38.885s
6: Epoch 55/90 - 38.885s
2: Epoch 55/90 - 38.885s
5: Epoch 55/90 - 38.885s
7: Epoch 55/90 - 38.885s
3: Epoch 55/90 - 38.885s
0: Epoch 55/90 - 38.885s
1: Epoch 56/90 - 37.142s
4: Epoch 56/90 - 37.142s
6: Epoch 56/90 - 37.142s
5: Epoch 56/90 - 37.142s
7: Epoch 56/90 - 37.142s
2: Epoch 56/90 - 37.142s
3: Epoch 56/90 - 37.142s
0: Epoch 56/90 - 37.142s
1: Epoch 57/90 - 38.179s
4: Epoch 57/90 - 38.179s
6: Epoch 57/90 - 38.179s
2: Epoch 57/90 - 38.179s
5: Epoch 57/90 - 38.179s
7: Epoch 57/90 - 38.179s
3: Epoch 57/90 - 38.179s
0: Epoch 57/90 - 38.179s
1: Epoch 58/90 - 38.686s
6: Epoch 58/90 - 38.686s
4: Epoch 58/90 - 38.686s
2: Epoch 58/90 - 38.686s
5: Epoch 58/90 - 38.686s
7: Epoch 58/90 - 38.686s
3: Epoch 58/90 - 38.686s
0: Epoch 58/90 - 38.686s
1: Epoch 59/90 - 37.679s
4: Epoch 59/90 - 37.679s
6: Epoch 59/90 - 37.679s
2: Epoch 59/90 - 37.679s
5: Epoch 59/90 - 37.679s
7: Epoch 59/90 - 37.679s
3: Epoch 59/90 - 37.679s
0: Epoch 59/90 - 37.679s
1: Epoch 60/90 - 38.259s
2: Epoch 60/90 - 38.259s
4: Epoch 60/90 - 38.259s
6: Epoch 60/90 - 38.259s
3: Epoch 60/90 - 38.259s
5: Epoch 60/90 - 38.259s
7: Epoch 60/90 - 38.259s
0: Epoch 60/90 - 38.259s
1: Epoch 61/90 - 39.025s
4: Epoch 61/90 - 39.025s
6: Epoch 61/90 - 39.025s
2: Epoch 61/90 - 39.025s
5: Epoch 61/90 - 39.025s
7: Epoch 61/90 - 39.025s
3: Epoch 61/90 - 39.025s
0: Epoch 61/90 - 39.025s
1: Epoch 62/90 - 37.919s
4: Epoch 62/90 - 37.919s
6: Epoch 62/90 - 37.919s
2: Epoch 62/90 - 37.919s
5: Epoch 62/90 - 37.919s
7: Epoch 62/90 - 37.919s
3: Epoch 62/90 - 37.919s
0: Epoch 62/90 - 37.919s
1: Epoch 63/90 - 37.485s
4: Epoch 63/90 - 37.485s
6: Epoch 63/90 - 37.485s
2: Epoch 63/90 - 37.485s
5: Epoch 63/90 - 37.485s
7: Epoch 63/90 - 37.485s
3: Epoch 63/90 - 37.485s
0: Epoch 63/90 - 37.485s
1: Epoch 64/90 - 38.064s
4: Epoch 64/90 - 38.064s
6: Epoch 64/90 - 38.064s
2: Epoch 64/90 - 38.064s
5: Epoch 64/90 - 38.064s
7: Epoch 64/90 - 38.064s
3: Epoch 64/90 - 38.064s
0: Epoch 64/90 - 38.064s
1: Epoch 65/90 - 37.470s
4: Epoch 65/90 - 37.470s
6: Epoch 65/90 - 37.470s
2: Epoch 65/90 - 37.470s
5: Epoch 65/90 - 37.470s
7: Epoch 65/90 - 37.470s
3: Epoch 65/90 - 37.470s
0: Epoch 65/90 - 37.470s
1: Epoch 66/90 - 37.535s
4: Epoch 66/90 - 37.535s
6: Epoch 66/90 - 37.535s
2: Epoch 66/90 - 37.535s
5: Epoch 66/90 - 37.535s
7: Epoch 66/90 - 37.535s
3: Epoch 66/90 - 37.535s
0: Epoch 66/90 - 37.535s
1: Epoch 67/90 - 37.089s
4: Epoch 67/90 - 37.089s
6: Epoch 67/90 - 37.089s
2: Epoch 67/90 - 37.089s
5: Epoch 67/90 - 37.089s
7: Epoch 67/90 - 37.089s
3: Epoch 67/90 - 37.089s
0: Epoch 67/90 - 37.089s
1: Epoch 68/90 - 36.697s
4: Epoch 68/90 - 36.697s
6: Epoch 68/90 - 36.697s
2: Epoch 68/90 - 36.697s
5: Epoch 68/90 - 36.697s
7: Epoch 68/90 - 36.697s
3: Epoch 68/90 - 36.697s
0: Epoch 68/90 - 36.697s
0: 
1: Epoch 69/90 - 36.782s
4: Epoch 69/90 - 36.782s
6: Epoch 69/90 - 36.782s
2: Epoch 69/90 - 36.782s
5: Epoch 69/90 - 36.782s
7: Epoch 69/90 - 36.782s
3: Epoch 69/90 - 36.782s
0: Epoch 69/90 - 36.782s
4: Epoch 70/90 - 38.109s
1: Epoch 70/90 - 38.109s
6: Epoch 70/90 - 38.109s
2: Epoch 70/90 - 38.109s
5: Epoch 70/90 - 38.109s
3: Epoch 70/90 - 38.109s
7: Epoch 70/90 - 38.109s
0: Epoch 70/90 - 38.109s
1: Epoch 71/90 - 36.779s
2: Epoch 71/90 - 36.779s
4: Epoch 71/90 - 36.779s
6: Epoch 71/90 - 36.779s
5: Epoch 71/90 - 36.779s
7: Epoch 71/90 - 36.779s
3: Epoch 71/90 - 36.779s
0: Epoch 71/90 - 36.779s
1: Epoch 72/90 - 36.387s
4: Epoch 72/90 - 36.387s
6: Epoch 72/90 - 36.387s
2: Epoch 72/90 - 36.387s
5: Epoch 72/90 - 36.387s
7: Epoch 72/90 - 36.387s
3: Epoch 72/90 - 36.387s
0: Epoch 72/90 - 36.387s
4: Epoch 73/90 - 34.823s
1: Epoch 73/90 - 34.823s
7: Epoch 73/90 - 34.823s
2: Epoch 73/90 - 34.823s
5: Epoch 73/90 - 34.823s
6: Epoch 73/90 - 34.823s
3: Epoch 73/90 - 34.823s
0: Epoch 73/90 - 34.823s
1: Epoch 74/90 - 36.913s
2: Epoch 74/90 - 36.913s
4: Epoch 74/90 - 36.913s
6: Epoch 74/90 - 36.913s
3: Epoch 74/90 - 36.913s
5: Epoch 74/90 - 36.913s
7: Epoch 74/90 - 36.913s
0: Epoch 74/90 - 36.913s
1: Epoch 75/90 - 36.816s
4: Epoch 75/90 - 36.815s
6: Epoch 75/90 - 36.815s
2: Epoch 75/90 - 36.815s
5: Epoch 75/90 - 36.816s
7: Epoch 75/90 - 36.815s
3: Epoch 75/90 - 36.815s
0: Epoch 75/90 - 36.816s
4: Epoch 76/90 - 38.217s
1: Epoch 76/90 - 38.217s
6: Epoch 76/90 - 38.217s
2: Epoch 76/90 - 38.217s
5: Epoch 76/90 - 38.217s
7: Epoch 76/90 - 38.217s
3: Epoch 76/90 - 38.217s
0: Epoch 76/90 - 38.217s
1: Epoch 77/90 - 37.348s
2: Epoch 77/90 - 37.348s
4: Epoch 77/90 - 37.348s
6: Epoch 77/90 - 37.348s
5: Epoch 77/90 - 37.348s
7: Epoch 77/90 - 37.348s
3: Epoch 77/90 - 37.348s
0: Epoch 77/90 - 37.349s
1: Epoch 78/90 - 39.096s
4: Epoch 78/90 - 39.096s
6: Epoch 78/90 - 39.096s
2: Epoch 78/90 - 39.096s
5: Epoch 78/90 - 39.096s
7: Epoch 78/90 - 39.096s
3: Epoch 78/90 - 39.096s
0: Epoch 78/90 - 39.096s
4: Epoch 79/90 - 39.370s
1: Epoch 79/90 - 39.370s
6: Epoch 79/90 - 39.370s
2: Epoch 79/90 - 39.370s
5: Epoch 79/90 - 39.370s
7: Epoch 79/90 - 39.370s
3: Epoch 79/90 - 39.370s
0: Epoch 79/90 - 39.370s
4: Epoch 80/90 - 38.807s
1: Epoch 80/90 - 38.807s
6: Epoch 80/90 - 38.807s
2: Epoch 80/90 - 38.807s
5: Epoch 80/90 - 38.807s
7: Epoch 80/90 - 38.807s
3: Epoch 80/90 - 38.807s
0: Epoch 80/90 - 38.807s
1: Epoch 81/90 - 37.922s
6: Epoch 81/90 - 37.922s
2: Epoch 81/90 - 37.922s
4: Epoch 81/90 - 37.922s
7: Epoch 81/90 - 37.922s
5: Epoch 81/90 - 37.922s
3: Epoch 81/90 - 37.922s
0: Epoch 81/90 - 37.922s
1: Epoch 82/90 - 39.156s
4: Epoch 82/90 - 39.156s
6: Epoch 82/90 - 39.156s
2: Epoch 82/90 - 39.156s
5: Epoch 82/90 - 39.156s
7: Epoch 82/90 - 39.156s
3: Epoch 82/90 - 39.156s
0: Epoch 82/90 - 39.156s
1: Epoch 83/90 - 38.110s
4: Epoch 83/90 - 38.110s
6: Epoch 83/90 - 38.110s
2: Epoch 83/90 - 38.110s
5: Epoch 83/90 - 38.110s
7: Epoch 83/90 - 38.110s
3: Epoch 83/90 - 38.110s
0: Epoch 83/90 - 38.110s
1: Epoch 84/90 - 37.516s
4: Epoch 84/90 - 37.516s
6: Epoch 84/90 - 37.516s
2: Epoch 84/90 - 37.516s
5: Epoch 84/90 - 37.516s
7: Epoch 84/90 - 37.516s
3: Epoch 84/90 - 37.516s
0: Epoch 84/90 - 37.516s
4: Epoch 85/90 - 37.978s
1: Epoch 85/90 - 37.978s
6: Epoch 85/90 - 37.978s
2: Epoch 85/90 - 37.978s
5: Epoch 85/90 - 37.978s
7: Epoch 85/90 - 37.978s
3: Epoch 85/90 - 37.978s
0: Epoch 85/90 - 37.978s
1: Epoch 86/90 - 38.139s
6: Epoch 86/90 - 38.139s
4: Epoch 86/90 - 38.139s
2: Epoch 86/90 - 38.139s
5: Epoch 86/90 - 38.139s
7: Epoch 86/90 - 38.139s
3: Epoch 86/90 - 38.139s
0: Epoch 86/90 - 38.139s
1: Epoch 87/90 - 38.381s
4: Epoch 87/90 - 38.381s
6: Epoch 87/90 - 38.381s
2: Epoch 87/90 - 38.381s
5: Epoch 87/90 - 38.381s
7: Epoch 87/90 - 38.381s
3: Epoch 87/90 - 38.381s
0: Epoch 87/90 - 38.381s
1: Epoch 88/90 - 39.042s
4: Epoch 88/90 - 39.042s
6: Epoch 88/90 - 39.042s
2: Epoch 88/90 - 39.042s
5: Epoch 88/90 - 39.042s
7: Epoch 88/90 - 39.042s
3: Epoch 88/90 - 39.042s
0: Epoch 88/90 - 39.042s
1: Epoch 89/90 - 38.339s
1: Steps per epoch: 98
1: Validation steps per epoch: 157
4: Epoch 89/90 - 38.339s
4: Steps per epoch: 98
4: Validation steps per epoch: 157
6: Epoch 89/90 - 38.339s
6: Steps per epoch: 98
6: Validation steps per epoch: 157
2: Epoch 89/90 - 38.339s
2: Steps per epoch: 98
2: Validation steps per epoch: 157
5: Epoch 89/90 - 38.339s
5: Steps per epoch: 98
5: Validation steps per epoch: 157
7: Epoch 89/90 - 38.339s
7: Steps per epoch: 98
7: Validation steps per epoch: 157
3: Epoch 89/90 - 38.339s
3: Steps per epoch: 98
3: Validation steps per epoch: 157
6: Average time per epoch: 37.804 s
0: Epoch 89/90 - 38.339s
0: Steps per epoch: 98
0: Validation steps per epoch: 157
7: Average time per epoch: 37.804 s
2: Average time per epoch: 37.804 s
4: Average time per epoch: 37.804 s
1: Average time per epoch: 37.804 s
3: Average time per epoch: 37.804 s
5: Average time per epoch: 37.804 s
0: Average time per epoch: 37.805 s
1: --- 3407.7127227783203 seconds ---
6: --- 3407.712481737137 seconds ---
7: --- 3407.7124812602997 seconds ---
5: --- 3407.712929725647 seconds ---
3: --- 3407.712809085846 seconds ---
4: --- 3407.7129950523376 seconds ---
2: --- 3407.7128427028656 seconds ---
0: --- 3407.7130584716797 seconds ---
ELAPSED: 3425 seconds
End at Sun Feb 14 00:10:48 EET 2021
