WORKERS: "gpu02-ib:5555"
Start at Tue Feb  9 15:38:55 EET 2021
CUDA_VISIBLE_DEVICES: 0,1
Running on hosts: gpu02
Running on 1 nodes.
Running 2 tasks per node
Job id is 1092082
0: Number of devices per node: 2
1: Number of devices per node: 2
0: rank 0
1: rank 1
1: 
0: => creating model 'resnet50'
1: => creating model 'resnet50'
0: Epoch: [0][ 0/25]	22.46185302734375	0.2932007312774658	7.3676042556762695	0.09765625
1: Epoch: [0][ 0/25]	22.474634170532227	0.29444360733032227	7.3676042556762695	0.09765625
1: Epoch: [0][ 0/25]	3.036407470703125	0.29616162180900574	3.774228572845459	10.22283360362053
0: Epoch: [0][ 0/25]	3.037297010421753	0.28836846351623535	3.774228572845459	10.22283360362053
0: Epoch: [0][ 0/25]	2.1113438606262207	0.28659000992774963	5.079970359802246	11.12351194024086
1: Epoch: [0][ 0/25]	2.11177134513855	0.29641667008399963	5.079970359802246	11.12351194024086
1: Epoch 0/90 - 67.578s
0: Epoch 0/90 - 67.578s
0: Epoch: [1][ 0/25]	1.0752663612365723	0.2817718982696533	3.4217281341552734	11.474609375
1: Epoch: [1][ 0/25]	1.0836458206176758	0.2842581272125244	3.4217281341552734	11.474609375
0: Epoch: [1][ 0/25]	1.0760773420333862	0.2797936201095581	2.696667194366455	15.842507779598236
1: Epoch: [1][ 0/25]	1.0766719579696655	0.2899419665336609	2.696667194366455	15.842507779598236
0: Epoch: [1][ 0/25]	1.0701297521591187	0.2786905765533447	2.419754981994629	19.22665536403656
1: Epoch: [1][ 0/25]	1.0702934265136719	0.28388723731040955	2.419754981994629	19.22665536403656
1: Epoch 1/90 - 31.356s
0: Epoch 1/90 - 31.356s
0: Epoch: [2][ 0/25]	1.070397138595581	0.27998971939086914	1.9819790124893188	28.564453125
1: Epoch: [2][ 0/25]	1.0775139331817627	0.28115129470825195	1.9819790124893188	28.564453125
0: Epoch: [2][ 0/25]	1.0678226947784424	0.27686941623687744	1.897454023361206	31.503018736839294
1: Epoch: [2][ 0/25]	1.0680392980575562	0.27787092328071594	1.897454023361206	31.503018736839294
1: Epoch: [2][ 0/25]	1.0679566860198975	0.2774634063243866	1.8446468114852905	33.22637677192688
0: Epoch: [2][ 0/25]	1.0680515766143799	0.27666226029396057	1.8446468114852905	33.22637677192688
1: Epoch 2/90 - 31.324s
0: Epoch 2/90 - 31.324s
0: Epoch: [3][ 0/25]	1.0835599899291992	0.2798731327056885	1.7119113206863403	36.181640625
1: Epoch: [3][ 0/25]	1.0851266384124756	0.2943415641784668	1.7119113206863403	36.181640625
1: Epoch: [3][ 0/25]	1.0711841583251953	0.2780906856060028	1.698415756225586	39.41761255264282
0: Epoch: [3][ 0/25]	1.0711398124694824	0.27802684903144836	1.698415756225586	39.41761255264282
1: Epoch: [3][ 0/25]	1.071707844734192	0.2771586775779724	1.6656652688980103	40.39248526096344
0: Epoch: [3][ 0/25]	1.07198166847229	0.27781620621681213	1.6656652688980103	40.39248526096344
1: Epoch 3/90 - 31.429s
0: Epoch 3/90 - 31.429s
0: Epoch: [4][ 0/25]	1.064241886138916	0.2798960208892822	1.5361762046813965	45.21484375
1: Epoch: [4][ 0/25]	1.0678761005401611	0.27983641624450684	1.5361762046813965	45.21484375
0: Epoch: [4][ 0/25]	1.0718001127243042	0.27712881565093994	1.5064183473587036	46.17365002632141
1: Epoch: [4][ 0/25]	1.07236909866333	0.27673622965812683	1.5064183473587036	46.17365002632141
0: Epoch: [4][ 0/25]	1.0721852779388428	0.2770112454891205	1.5243003368377686	45.67987322807312
1: Epoch: [4][ 0/25]	1.0725139379501343	0.27652910351753235	1.5243003368377686	45.67987322807312
1: Epoch 4/90 - 31.466s
0: Epoch 4/90 - 31.466s
1: Epoch: [5][ 0/25]	1.071190595626831	0.278942346572876	1.4709885120391846	49.365234375
0: Epoch: [5][ 0/25]	1.077531337738037	0.28012633323669434	1.4709885120391846	49.365234375
0: Epoch: [5][ 0/25]	1.0745748281478882	0.2768732011318207	1.4812098741531372	49.31640625
1: Epoch: [5][ 0/25]	1.0752854347229004	0.2761863172054291	1.4812098741531372	49.31640625
0: Epoch: [5][ 0/25]	1.0749640464782715	0.27655574679374695	1.4696969985961914	48.99088442325592
1: Epoch: [5][ 0/25]	1.0751969814300537	0.27600792050361633	1.4696969985961914	48.99088442325592
1: Epoch 5/90 - 31.479s
0: Epoch 5/90 - 31.479s
0: Epoch: [6][ 0/25]	1.0693366527557373	0.28023552894592285	1.2986295223236084	52.978515625
1: Epoch: [6][ 0/25]	1.0721099376678467	0.2796788215637207	1.2986295223236084	52.978515625
0: Epoch: [6][ 0/25]	1.0739527940750122	0.2769729793071747	1.315151333808899	53.43128442764282
1: Epoch: [6][ 0/25]	1.07454514503479	0.27637240290641785	1.315151333808899	53.43128442764282
0: Epoch: [6][ 0/25]	1.07188081741333	0.2768402397632599	1.3235747814178467	53.30403447151184
1: Epoch: [6][ 0/25]	1.0720231533050537	0.2761525511741638	1.3235747814178467	53.30403447151184
1: Epoch 6/90 - 31.447s
0: Epoch 6/90 - 31.447s
0: Epoch: [7][ 0/25]	1.0720393657684326	0.2806077003479004	1.319029688835144	53.466796875
1: Epoch: [7][ 0/25]	1.0742547512054443	0.27910637855529785	1.319029688835144	53.466796875
1: Epoch: [7][ 0/25]	1.0722521543502808	0.2764309346675873	1.248321533203125	55.85493445396423
0: Epoch: [7][ 0/25]	1.0727505683898926	0.2778027653694153	1.248321533203125	55.85493445396423
0: Epoch: [7][ 0/25]	1.0722687244415283	0.2776293456554413	1.246634602546692	55.70359230041504
1: Epoch: [7][ 0/25]	1.0725271701812744	0.276337206363678	1.246634602546692	55.70359230041504
1: Epoch 7/90 - 31.432s
0: Epoch 7/90 - 31.432s
0: Epoch: [8][ 0/25]	1.0659873485565186	0.2798287868499756	1.09232759475708	61.474609375
1: Epoch: [8][ 0/25]	1.0707271099090576	0.27908921241760254	1.09232759475708	61.474609375
0: Epoch: [8][ 0/25]	1.0708070993423462	0.27702954411506653	1.154328465461731	60.56463122367859
1: Epoch: [8][ 0/25]	1.0709408521652222	0.2765861451625824	1.154328465461731	60.56463122367859
0: Epoch: [8][ 0/25]	1.071097731590271	0.27766352891921997	1.1563671827316284	59.98186469078064
1: Epoch: [8][ 0/25]	1.0714291334152222	0.2763836681842804	1.1563671827316284	59.98186469078064
1: Epoch 8/90 - 31.420s
0: Epoch 8/90 - 31.420s
0: Epoch: [9][ 0/25]	1.0769357681274414	0.2798464298248291	1.0489187240600586	64.55078125
1: Epoch: [9][ 0/25]	1.0820810794830322	0.2782561779022217	1.0489187240600586	64.55078125
0: Epoch: [9][ 0/25]	1.073435664176941	0.27720779180526733	1.0214365720748901	64.08469676971436
1: Epoch: [9][ 0/25]	1.0737719535827637	0.27623602747917175	1.0214365720748901	64.08469676971436
1: Epoch: [9][ 0/25]	1.076710820198059	0.2790168225765228	1.043189287185669	63.67884874343872
0: Epoch: [9][ 0/25]	1.0766996145248413	0.2770117223262787	1.043189287185669	63.67884874343872
1: Epoch 9/90 - 31.763s
0: Epoch 9/90 - 31.763s
0: Epoch: [10][ 0/25]	1.0795845985412598	0.2796437740325928	0.8619545102119446	70.1171875
1: Epoch: [10][ 0/25]	1.0870883464813232	0.2895653247833252	0.8619545102119446	70.1171875
1: Epoch: [10][ 0/25]	1.082506537437439	0.2851008176803589	0.9175150394439697	67.78675317764282
0: Epoch: [10][ 0/25]	1.082525372505188	0.2769150733947754	0.9175150394439697	67.78675317764282
0: Epoch: [10][ 0/25]	1.0826281309127808	0.2776576578617096	0.9260551929473877	67.54557490348816
1: Epoch: [10][ 0/25]	1.0830891132354736	0.28492626547813416	0.9260551929473877	67.54557490348816
1: Epoch 10/90 - 31.759s
0: Epoch 10/90 - 31.759s
0: Epoch: [11][ 0/25]	1.078301191329956	0.27980685234069824	0.8097907900810242	70.947265625
1: Epoch: [11][ 0/25]	1.0805575847625732	0.286618709564209	0.8097907900810242	70.947265625
1: Epoch: [11][ 0/25]	1.0807747840881348	0.28379085659980774	0.8373050093650818	71.29793763160706
0: Epoch: [11][ 0/25]	1.0807677507400513	0.27787837386131287	0.8373050093650818	71.29793763160706
1: Epoch: [11][ 0/25]	1.0809353590011597	0.2830839157104492	0.8382871747016907	70.99144458770752
0: Epoch: [11][ 0/25]	1.0809658765792847	0.2778867185115814	0.8382871747016907	70.99144458770752
1: Epoch 11/90 - 31.641s
0: Epoch 11/90 - 31.641s
1: Epoch: [12][ 0/25]	1.078082799911499	0.2833240032196045	0.7082073092460632	76.025390625
0: Epoch: [12][ 0/25]	1.0793631076812744	0.28024840354919434	0.7082073092460632	76.025390625
0: Epoch: [12][ 0/25]	1.0770297050476074	0.2788136899471283	0.7482175827026367	74.169921875
1: Epoch: [12][ 0/25]	1.0771883726119995	0.28013119101524353	0.7482175827026367	74.169921875
1: Epoch: [12][ 0/25]	1.0769405364990234	0.2810070812702179	0.7646718621253967	73.5049307346344
0: Epoch: [12][ 0/25]	1.0769810676574707	0.27850842475891113	0.7646718621253967	73.5049307346344
1: Epoch 12/90 - 31.549s
0: Epoch 12/90 - 31.549s
1: Epoch: [13][ 0/25]	1.0799016952514648	0.2840311527252197	0.6078110933303833	79.541015625
0: Epoch: [13][ 0/25]	1.0803945064544678	0.2799723148345947	0.6078110933303833	79.541015625
1: Epoch: [13][ 0/25]	1.0735660791397095	0.28054773807525635	0.6549796462059021	76.76225304603577
0: Epoch: [13][ 0/25]	1.0735400915145874	0.2758781611919403	0.6549796462059021	76.76225304603577
1: Epoch: [13][ 0/25]	1.0728168487548828	0.28040581941604614	0.6712731122970581	76.318359375
0: Epoch: [13][ 0/25]	1.0730825662612915	0.27558737993240356	0.6712731122970581	76.318359375
1: Epoch 13/90 - 31.475s
0: Epoch 13/90 - 31.475s
0: Epoch: [14][ 0/25]	1.0652587413787842	0.275465726852417	0.7099301815032959	78.515625
1: Epoch: [14][ 0/25]	1.0731444358825684	0.28266048431396484	0.7099301815032959	78.515625
1: Epoch: [14][ 0/25]	1.0756783485412598	0.280286580324173	0.7023324370384216	76.02983117103577
0: Epoch: [14][ 0/25]	1.0756523609161377	0.2743470370769501	0.7023324370384216	76.02983117103577
0: Epoch: [14][ 0/25]	1.0759332180023193	0.2735508680343628	0.7037414908409119	75.9579598903656
1: Epoch: [14][ 0/25]	1.0759831666946411	0.2807702422142029	0.7037414908409119	75.9579598903656
1: Epoch 14/90 - 31.550s
0: Epoch 14/90 - 31.550s
0: Epoch: [15][ 0/25]	1.070803165435791	0.2753748893737793	0.5718947649002075	80.6640625
1: Epoch: [15][ 0/25]	1.0762696266174316	0.2825286388397217	0.5718947649002075	80.6640625
0: Epoch: [15][ 0/25]	1.0757569074630737	0.27283528447151184	0.5499768853187561	80.859375
1: Epoch: [15][ 0/25]	1.0759660005569458	0.2799398601055145	0.5499768853187561	80.859375
0: Epoch: [15][ 0/25]	1.0763423442840576	0.2725923955440521	0.5467004179954529	80.92215657234192
1: Epoch: [15][ 0/25]	1.0764764547348022	0.27980107069015503	0.5467004179954529	80.92215657234192
1: Epoch 15/90 - 31.579s
0: Epoch 15/90 - 31.579s
0: Epoch: [16][ 0/25]	1.0801470279693604	0.275087833404541	0.3946351408958435	86.865234375
1: Epoch: [16][ 0/25]	1.08632230758667	0.28288769721984863	0.3946351408958435	86.865234375
0: Epoch: [16][ 0/25]	1.0770375728607178	0.27307775616645813	0.44092604517936707	84.59694385528564
1: Epoch: [16][ 0/25]	1.0776903629302979	0.2800314724445343	0.44092604517936707	84.59694385528564
0: Epoch: [16][ 0/25]	1.0774621963500977	0.27277982234954834	0.45919108390808105	84.06575322151184
1: Epoch: [16][ 0/25]	1.0775244235992432	0.28057798743247986	0.45919108390808105	84.06575322151184
1: Epoch 16/90 - 31.570s
0: Epoch 16/90 - 31.570s
0: Epoch: [17][ 0/25]	1.07603120803833	0.27486729621887207	0.39391037821769714	86.474609375
1: Epoch: [17][ 0/25]	1.0783412456512451	0.28681254386901855	0.39391037821769714	86.474609375
1: Epoch: [17][ 0/25]	1.0807973146438599	0.2846062183380127	0.3947713077068329	86.27042174339294
0: Epoch: [17][ 0/25]	1.0812338590621948	0.2726210355758667	0.3947713077068329	86.27042174339294
0: Epoch: [17][ 0/25]	1.0808748006820679	0.27236688137054443	0.40803274512290955	85.80031394958496
1: Epoch: [17][ 0/25]	1.0811957120895386	0.28457552194595337	0.40803274512290955	85.80031394958496
1: Epoch 17/90 - 31.720s
0: Epoch 17/90 - 31.720s
1: Epoch: [18][ 0/25]	1.082155466079712	0.2869727611541748	0.3194270730018616	88.720703125
0: Epoch: [18][ 0/25]	1.0841760635375977	0.2746126651763916	0.3194270730018616	88.720703125
0: Epoch: [18][ 0/25]	1.0788155794143677	0.2726094424724579	0.34948500990867615	88.05930614471436
1: Epoch: [18][ 0/25]	1.0795319080352783	0.2797086536884308	0.34948500990867615	88.05930614471436
0: Epoch: [18][ 0/25]	1.0765186548233032	0.27258363366127014	0.3613635301589966	87.65345811843872
1: Epoch: [18][ 0/25]	1.07684326171875	0.2785409688949585	0.3613635301589966	87.65345811843872
1: Epoch 18/90 - 31.532s
0: Epoch 18/90 - 31.532s
1: Epoch: [19][ 0/25]	1.075331449508667	0.28038573265075684	0.26601001620292664	91.455078125
0: Epoch: [19][ 0/25]	1.0753798484802246	0.2749812602996826	0.26601001620292664	91.455078125
1: Epoch: [19][ 0/25]	1.0729976892471313	0.27726826071739197	0.31768015027046204	88.96928429603577
0: Epoch: [19][ 0/25]	1.0731033086776733	0.27230891585350037	0.31768015027046204	88.96928429603577
0: Epoch: [19][ 0/25]	1.0752761363983154	0.270874559879303	0.3290668725967407	88.56724500656128
1: Epoch: [19][ 0/25]	1.0753955841064453	0.27907395362854004	0.3290668725967407	88.56724500656128
1: Epoch 19/90 - 31.493s
0: Epoch 19/90 - 31.493s
0: Epoch: [20][ 0/25]	1.0785150527954102	0.269711971282959	0.24595719575881958	92.28515625
1: Epoch: [20][ 0/25]	1.0820362567901611	0.2771904468536377	0.24595719575881958	92.28515625
0: Epoch: [20][ 0/25]	1.0725542306900024	0.2675686478614807	0.3112391233444214	89.11576867103577
1: Epoch: [20][ 0/25]	1.0728996992111206	0.27592363953590393	0.3112391233444214	89.11576867103577
0: Epoch: [20][ 0/25]	1.0742418766021729	0.2673766613006592	0.32424396276474	88.54166865348816
1: Epoch: [20][ 0/25]	1.0743306875228882	0.27507296204566956	0.32424396276474	88.54166865348816
1: Epoch 20/90 - 31.497s
0: Epoch 20/90 - 31.497s
0: Epoch: [21][ 0/25]	1.076296091079712	0.26935744285583496	0.2609784007072449	90.380859375
1: Epoch: [21][ 0/25]	1.083542823791504	0.27735042572021484	0.2609784007072449	90.380859375
0: Epoch: [21][ 0/25]	1.0745681524276733	0.2671680152416229	0.28816500306129456	89.87038135528564
1: Epoch: [21][ 0/25]	1.0749739408493042	0.2745456397533417	0.28816500306129456	89.87038135528564
0: Epoch: [21][ 0/25]	1.07708740234375	0.267722487449646	0.2901548743247986	89.81119990348816
1: Epoch: [21][ 0/25]	1.0772695541381836	0.27428290247917175	0.2901548743247986	89.81119990348816
1: Epoch 21/90 - 31.539s
0: Epoch 21/90 - 31.539s
0: Epoch: [22][ 0/25]	1.0748121738433838	0.2760612964630127	0.23920655250549316	91.30859375
1: Epoch: [22][ 0/25]	1.0770556926727295	0.2781405448913574	0.23920655250549316	91.30859375
0: Epoch: [22][ 0/25]	1.087903618812561	0.2736903429031372	0.23964709043502808	91.62819385528564
1: Epoch: [22][ 0/25]	1.089088797569275	0.28652235865592957	0.23964709043502808	91.62819385528564
0: Epoch: [22][ 0/25]	1.090390920639038	0.27335211634635925	0.24557074904441833	91.3946270942688
1: Epoch: [22][ 0/25]	1.091101884841919	0.28887832164764404	0.24557074904441833	91.3946270942688
1: Epoch 22/90 - 32.573s
0: Epoch 22/90 - 32.573s
0: Epoch: [23][ 0/25]	1.122016191482544	0.27530694007873535	0.17748364806175232	94.091796875
1: Epoch: [23][ 0/25]	1.126739740371704	0.3358895778656006	0.17748364806175232	94.091796875
0: Epoch: [23][ 0/25]	1.0799767971038818	0.269621342420578	0.19000154733657837	93.39488744735718
1: Epoch: [23][ 0/25]	1.0802862644195557	0.2866266965866089	0.19000154733657837	93.39488744735718
0: Epoch: [23][ 0/25]	1.075188159942627	0.27033042907714844	0.20004290342330933	93.04315447807312
1: Epoch: [23][ 0/25]	1.0753053426742554	0.2815000116825104	0.20004290342330933	93.04315447807312
1: Epoch 23/90 - 31.499s
0: Epoch 23/90 - 31.500s
0: Epoch: [24][ 0/25]	1.0702526569366455	0.2714576721191406	0.14136278629302979	95.5078125
1: Epoch: [24][ 0/25]	1.0714962482452393	0.27971959114074707	0.14136278629302979	95.5078125
1: Epoch: [24][ 0/25]	1.0702482461929321	0.27765095233917236	0.1781143993139267	94.01189684867859
0: Epoch: [24][ 0/25]	1.0701855421066284	0.2689010500907898	0.1781143993139267	94.01189684867859
1: Epoch: [24][ 0/25]	1.0695642232894897	0.2767113149166107	0.18469007313251495	93.68489384651184
0: Epoch: [24][ 0/25]	1.0695744752883911	0.268568754196167	0.18469007313251495	93.68489384651184
1: Epoch 24/90 - 31.363s
0: Epoch 24/90 - 31.363s
0: Epoch: [25][ 0/25]	1.067087173461914	0.2706871032714844	0.1249561458826065	95.80078125
1: Epoch: [25][ 0/25]	1.070037603378296	0.2797245979309082	0.1249561458826065	95.80078125
1: Epoch: [25][ 0/25]	1.0697435140609741	0.27622511982917786	0.1721983104944229	94.42027807235718
0: Epoch: [25][ 0/25]	1.0696873664855957	0.27084529399871826	0.1721983104944229	94.42027807235718
0: Epoch: [25][ 0/25]	1.0701345205307007	0.2698670029640198	0.1766919195652008	94.1220223903656
1: Epoch: [25][ 0/25]	1.0703905820846558	0.2760457992553711	0.1766919195652008	94.1220223903656
1: Epoch 25/90 - 31.387s
0: Epoch 25/90 - 31.387s
1: Epoch: [26][ 0/25]	1.064180850982666	0.2787611484527588	0.12176513671875	96.2890625
0: Epoch: [26][ 0/25]	1.0638477802276611	0.2702639102935791	0.12176513671875	96.2890625
0: Epoch: [26][ 0/25]	1.0866389274597168	0.26951244473457336	0.14121368527412415	95.22371888160706
1: Epoch: [26][ 0/25]	1.0876935720443726	0.29197296500205994	0.14121368527412415	95.22371888160706
0: Epoch: [26][ 0/25]	1.0830169916152954	0.2694741189479828	0.14115633070468903	95.20787000656128
1: Epoch: [26][ 0/25]	1.0830881595611572	0.2870815396308899	0.14115633070468903	95.20787000656128
1: Epoch 26/90 - 31.647s
0: Epoch 26/90 - 31.647s
0: Epoch: [27][ 0/25]	1.0685453414916992	0.2711670398712158	0.08518724888563156	97.16796875
1: Epoch: [27][ 0/25]	1.0761597156524658	0.27999258041381836	0.08518724888563156	97.16796875
0: Epoch: [27][ 0/25]	1.0712703466415405	0.2709493041038513	0.13322259485721588	95.54332494735718
1: Epoch: [27][ 0/25]	1.0715748071670532	0.2767784893512726	0.13322259485721588	95.54332494735718
0: Epoch: [27][ 0/25]	1.071126103401184	0.26994699239730835	0.14162291586399078	95.10090947151184
1: Epoch: [27][ 0/25]	1.0712640285491943	0.27664828300476074	0.14162291586399078	95.10090947151184
1: Epoch 27/90 - 31.393s
0: Epoch 27/90 - 31.393s
0: Epoch: [28][ 0/25]	1.0740129947662354	0.27013587951660156	0.10195381939411163	96.6796875
1: Epoch: [28][ 0/25]	1.075493335723877	0.2798314094543457	0.10195381939411163	96.6796875
1: Epoch: [28][ 0/25]	1.0701889991760254	0.2765355706214905	0.12766943871974945	95.43678760528564
0: Epoch: [28][ 0/25]	1.0702849626541138	0.26960182189941406	0.12766943871974945	95.43678760528564
1: Epoch: [28][ 0/25]	1.069274663925171	0.27633044123649597	0.131071075797081	95.32877802848816
0: Epoch: [28][ 0/25]	1.0695065259933472	0.2695608139038086	0.131071075797081	95.32877802848816
1: Epoch 28/90 - 31.338s
0: Epoch 28/90 - 31.338s
1: Epoch: [29][ 0/25]	1.0638513565063477	0.27945709228515625	0.08079317957162857	96.97265625
0: Epoch: [29][ 0/25]	1.0653910636901855	0.27102208137512207	0.08079317957162857	96.97265625
0: Epoch: [29][ 0/25]	1.0659072399139404	0.26913079619407654	0.11493908613920212	96.02272510528564
1: Epoch: [29][ 0/25]	1.0666347742080688	0.2766592800617218	0.11493908613920212	96.02272510528564
0: Epoch: [29][ 0/25]	1.069201111793518	0.2687346339225769	0.1240716353058815	95.64964771270752
1: Epoch: [29][ 0/25]	1.069258213043213	0.27642735838890076	0.1240716353058815	95.64964771270752
1: Epoch 29/90 - 31.366s
0: Epoch 29/90 - 31.366s
0: Epoch: [30][ 0/25]	1.0842745304107666	0.27057433128356934	0.07883521169424057	97.216796875
1: Epoch: [30][ 0/25]	1.0897955894470215	0.27974581718444824	0.07883521169424057	97.216796875
0: Epoch: [30][ 0/25]	1.0724190473556519	0.2686755955219269	0.07457523792982101	97.53196239471436
1: Epoch: [30][ 0/25]	1.0725915431976318	0.2764948606491089	0.07457523792982101	97.53196239471436
0: Epoch: [30][ 0/25]	1.0708260536193848	0.26860305666923523	0.06270661950111389	97.9794442653656
1: Epoch: [30][ 0/25]	1.0709228515625	0.2762407064437866	0.06270661950111389	97.9794442653656
1: Epoch 30/90 - 31.407s
0: Epoch 30/90 - 31.408s
1: Epoch: [31][ 0/25]	1.0715484619140625	0.27826762199401855	0.03477909415960312	99.21875
0: Epoch: [31][ 0/25]	1.0730457305908203	0.276674747467041	0.03477909415960312	99.21875
1: Epoch: [31][ 0/25]	1.0700130462646484	0.2752438485622406	0.030902480706572533	99.30753111839294
0: Epoch: [31][ 0/25]	1.07001531124115	0.2732051610946655	0.030902480706572533	99.30753111839294
0: Epoch: [31][ 0/25]	1.0695772171020508	0.2708302438259125	0.029392577707767487	99.3350088596344
1: Epoch: [31][ 0/25]	1.0696394443511963	0.27514562010765076	0.029392577707767487	99.3350088596344
1: Epoch 31/90 - 31.371s
0: Epoch 31/90 - 31.371s
1: Epoch: [32][ 0/25]	1.0718848705291748	0.2786848545074463	0.019708160310983658	99.609375
0: Epoch: [32][ 0/25]	1.0740573406219482	0.2716958522796631	0.019708160310983658	99.609375
0: Epoch: [32][ 0/25]	1.0700657367706299	0.2730158567428589	0.020523743703961372	99.53391551971436
1: Epoch: [32][ 0/25]	1.0702182054519653	0.2754096984863281	0.020523743703961372	99.53391551971436
1: Epoch: [32][ 0/25]	1.0696899890899658	0.27517446875572205	0.019735204055905342	99.53264594078064
0: Epoch: [32][ 0/25]	1.06988525390625	0.2719510793685913	0.019735204055905342	99.53264594078064
1: Epoch 32/90 - 31.351s
0: Epoch 32/90 - 31.351s
1: Epoch: [33][ 0/25]	1.058628797531128	0.2790987491607666	0.01608884707093239	99.51171875
0: Epoch: [33][ 0/25]	1.0589854717254639	0.270463228225708	0.01608884707093239	99.51171875
0: Epoch: [33][ 0/25]	1.0690727233886719	0.26826372742652893	0.018498774617910385	99.56498742103577
1: Epoch: [33][ 0/25]	1.0697699785232544	0.2754742503166199	0.018498774617910385	99.56498742103577
0: Epoch: [33][ 0/25]	1.0708706378936768	0.268056184053421	0.0174814835190773	99.62332844734192
1: Epoch: [33][ 0/25]	1.0710078477859497	0.2765529751777649	0.0174814835190773	99.62332844734192
1: Epoch 33/90 - 31.500s
0: Epoch 33/90 - 31.500s
0: Epoch: [34][ 0/25]	1.078925609588623	0.27147841453552246	0.013748638331890106	99.658203125
0: 
1: Epoch: [34][ 0/25]	1.083484411239624	0.289043664932251	0.013748638331890106	99.658203125
0: Epoch: [34][ 0/25]	1.0778871774673462	0.2710515558719635	0.01517503336071968	99.65376257896423
1: Epoch: [34][ 0/25]	1.0780004262924194	0.28272271156311035	0.01517503336071968	99.65376257896423
0: Epoch: [34][ 0/25]	1.0750163793563843	0.2719079554080963	0.014126245863735676	99.68145489692688
1: Epoch: [34][ 0/25]	1.0751711130142212	0.27974867820739746	0.014126245863735676	99.68145489692688
1: Epoch 34/90 - 31.479s
0: Epoch 34/90 - 31.479s
0: Epoch: [35][ 0/25]	1.068152904510498	0.2739393711090088	0.013612335547804832	99.70703125
1: Epoch: [35][ 0/25]	1.0724737644195557	0.2797577381134033	0.013612335547804832	99.70703125
1: Epoch: [35][ 0/25]	1.0692970752716064	0.2769676744937897	0.011804571375250816	99.77805614471436
0: Epoch: [35][ 0/25]	1.069637656211853	0.27203142642974854	0.011804571375250816	99.77805614471436
1: Epoch: [35][ 0/25]	1.069514274597168	0.2775203585624695	0.012181839905679226	99.7442364692688
0: Epoch: [35][ 0/25]	1.0695253610610962	0.2720298171043396	0.012181839905679226	99.7442364692688
1: Epoch 35/90 - 31.354s
0: Epoch 35/90 - 31.354s
1: Epoch: [36][ 0/25]	1.0666422843933105	0.28058886528015137	0.012091197073459625	99.70703125
0: Epoch: [36][ 0/25]	1.0658812522888184	0.27478599548339844	0.012091197073459625	99.70703125
0: Epoch: [36][ 0/25]	1.0684452056884766	0.2713213264942169	0.01351130660623312	99.72034692764282
1: Epoch: [36][ 0/25]	1.0686023235321045	0.2770894467830658	0.01351130660623312	99.72034692764282
1: Epoch: [36][ 0/25]	1.0698416233062744	0.27686506509780884	0.012062929570674896	99.74888563156128
0: Epoch: [36][ 0/25]	1.0700843334197998	0.2719515264034271	0.012062929570674896	99.74888563156128
1: Epoch 36/90 - 31.356s
0: Epoch 36/90 - 31.356s
1: Epoch: [37][ 0/25]	1.0765712261199951	0.27983880043029785	0.01269686408340931	99.70703125
0: Epoch: [37][ 0/25]	1.079399585723877	0.27429890632629395	0.01269686408340931	99.70703125
0: Epoch: [37][ 0/25]	1.0709214210510254	0.2712757885456085	0.010495812632143497	99.80024695396423
1: Epoch: [37][ 0/25]	1.0716267824172974	0.2770064175128937	0.010495812632143497	99.80024695396423
1: Epoch: [37][ 0/25]	1.071019172668457	0.27769702672958374	0.01064358465373516	99.7860848903656
0: Epoch: [37][ 0/25]	1.0710504055023193	0.2711010277271271	0.01064358465373516	99.7860848903656
1: Epoch 37/90 - 31.944s
0: Epoch 37/90 - 31.944s
0: Epoch: [38][ 0/25]	1.1264619827270508	0.2728152275085449	0.018649902194738388	99.560546875
1: Epoch: [38][ 0/25]	1.1348681449890137	0.33527088165283203	0.018649902194738388	99.560546875
0: Epoch: [38][ 0/25]	1.122268557548523	0.2720092236995697	0.01075826957821846	99.76029992103577
1: Epoch: [38][ 0/25]	1.1230616569519043	0.32206326723098755	0.01075826957821846	99.76029992103577
0: Epoch: [38][ 0/25]	1.1141414642333984	0.2710561156272888	0.01006767712533474	99.79073405265808
1: Epoch: [38][ 0/25]	1.114500880241394	0.3122933506965637	0.01006767712533474	99.79073405265808
1: Epoch 38/90 - 32.392s
0: Epoch 38/90 - 32.392s
0: Epoch: [39][ 0/25]	1.0874855518341064	0.2710888385772705	0.009359190240502357	99.658203125
1: Epoch: [39][ 0/25]	1.094822645187378	0.2846856117248535	0.009359190240502357	99.658203125
0: Epoch: [39][ 0/25]	1.112405776977539	0.2687847316265106	0.01079216506332159	99.79137182235718
1: Epoch: [39][ 0/25]	1.1135964393615723	0.3095656633377075	0.01079216506332159	99.79137182235718
0: Epoch: [39][ 0/25]	1.102455735206604	0.2685166895389557	0.011317133903503418	99.79073405265808
1: Epoch: [39][ 0/25]	1.102505087852478	0.30086708068847656	0.011317133903503418	99.79073405265808
1: Epoch 39/90 - 32.083s
0: Epoch 39/90 - 32.083s
0: Epoch: [40][ 0/25]	1.0791175365447998	0.2707836627960205	0.008884541690349579	99.70703125
1: Epoch: [40][ 0/25]	1.0824079513549805	0.28240370750427246	0.008884541690349579	99.70703125
0: Epoch: [40][ 0/25]	1.0735257863998413	0.27031081914901733	0.011384904384613037	99.76473450660706
1: Epoch: [40][ 0/25]	1.0737639665603638	0.27924755215644836	0.011384904384613037	99.76473450660706
0: Epoch: [40][ 0/25]	1.0726001262664795	0.26948946714401245	0.011155776679515839	99.755859375
1: Epoch: [40][ 0/25]	1.0729049444198608	0.2790659964084625	0.011155776679515839	99.755859375
1: Epoch 40/90 - 31.459s
0: Epoch 40/90 - 31.459s
0: Epoch: [41][ 0/25]	1.0769691467285156	0.2715733051300049	0.006842132192105055	99.853515625
1: Epoch: [41][ 0/25]	1.0829017162322998	0.28201913833618164	0.006842132192105055	99.853515625
0: Epoch: [41][ 0/25]	1.0754637718200684	0.2687602937221527	0.0074927955865859985	99.85795617103577
1: Epoch: [41][ 0/25]	1.0756993293762207	0.2807168960571289	0.0074927955865859985	99.85795617103577
0: Epoch: [41][ 0/25]	1.0749460458755493	0.2686222195625305	0.008156828582286835	99.8418927192688
1: Epoch: [41][ 0/25]	1.0752605199813843	0.2798447012901306	0.008156828582286835	99.8418927192688
1: Epoch 41/90 - 31.509s
0: Epoch 41/90 - 31.509s
0: Epoch: [42][ 0/25]	1.0699148178100586	0.27140307426452637	0.008623719215393066	99.755859375
1: Epoch: [42][ 0/25]	1.072150707244873	0.28180980682373047	0.008623719215393066	99.755859375
0: Epoch: [42][ 0/25]	1.0711394548416138	0.268675833940506	0.008614634163677692	99.8046875
1: Epoch: [42][ 0/25]	1.0718486309051514	0.27924397587776184	0.008614634163677692	99.8046875
1: Epoch: [42][ 0/25]	1.0722110271453857	0.27908939123153687	0.00786938238888979	99.8163104057312
0: Epoch: [42][ 0/25]	1.0724186897277832	0.26845741271972656	0.00786938238888979	99.8163104057312
1: Epoch 42/90 - 31.466s
0: Epoch 42/90 - 31.466s
0: Epoch: [43][ 0/25]	1.0726361274719238	0.2707407474517822	0.01146822888404131	99.755859375
1: Epoch: [43][ 0/25]	1.0753912925720215	0.28140878677368164	0.01146822888404131	99.755859375
0: Epoch: [43][ 0/25]	1.079535961151123	0.2683062255382538	0.00793912261724472	99.82688426971436
0: 
1: Epoch: [43][ 0/25]	1.0802823305130005	0.28050652146339417	0.00793912261724472	99.82688426971436
0: Epoch: [43][ 0/25]	1.0783802270889282	0.26839232444763184	0.007035932969301939	99.86281394958496
1: Epoch: [43][ 0/25]	1.0787054300308228	0.27962711453437805	0.007035932969301939	99.86281394958496
1: Epoch 43/90 - 31.619s
0: Epoch 43/90 - 31.619s
0: Epoch: [44][ 0/25]	1.0705080032348633	0.27007412910461426	0.015673909336328506	99.560546875
1: Epoch: [44][ 0/25]	1.0773608684539795	0.2819101810455322	0.015673909336328506	99.560546875
0: Epoch: [44][ 0/25]	1.073207974433899	0.26887384057044983	0.009191782213747501	99.79581236839294
1: Epoch: [44][ 0/25]	1.0734459161758423	0.27921587228775024	0.009191782213747501	99.79581236839294
0: Epoch: [44][ 0/25]	1.0734494924545288	0.26867109537124634	0.00820475909858942	99.8163104057312
1: Epoch: [44][ 0/25]	1.0735875368118286	0.2790048122406006	0.00820475909858942	99.8163104057312
1: Epoch 44/90 - 31.494s
0: Epoch 44/90 - 31.494s
1: Epoch: [45][ 0/25]	1.0737879276275635	0.28235554695129395	0.006665447726845741	99.853515625
0: Epoch: [45][ 0/25]	1.0736300945281982	0.27095961570739746	0.006665447726845741	99.853515625
1: Epoch: [45][ 0/25]	1.0731433629989624	0.2806328535079956	0.006038662511855364	99.90234375
0: Epoch: [45][ 0/25]	1.073643445968628	0.26852041482925415	0.006038662511855364	99.90234375
0: Epoch: [45][ 0/25]	1.0728079080581665	0.2683085501194	0.006027337163686752	99.89769458770752
1: Epoch: [45][ 0/25]	1.0730565786361694	0.2797096371650696	0.006027337163686752	99.89769458770752
1: Epoch 45/90 - 31.489s
0: Epoch 45/90 - 31.489s
0: Epoch: [46][ 0/25]	1.078322410583496	0.27110886573791504	0.004814229905605316	99.951171875
1: Epoch: [46][ 0/25]	1.0844578742980957	0.28225016593933105	0.004814229905605316	99.951171875
0: Epoch: [46][ 0/25]	1.0740060806274414	0.26857948303222656	0.006674021016806364	99.86683130264282
1: Epoch: [46][ 0/25]	1.074162244796753	0.2791171669960022	0.006674021016806364	99.86683130264282
1: Epoch: [46][ 0/25]	1.0734963417053223	0.27889296412467957	0.0063546099700033665	99.85584020614624
0: Epoch: [46][ 0/25]	1.0735487937927246	0.2683483362197876	0.0063546099700033665	99.85584020614624
1: Epoch 46/90 - 31.478s
0: Epoch 46/90 - 31.478s
1: Epoch: [47][ 0/25]	1.0879566669464111	0.29686808586120605	0.006403537932783365	99.755859375
0: Epoch: [47][ 0/25]	1.0880730152130127	0.2707560062408447	0.006403537932783365	99.755859375
1: Epoch: [47][ 0/25]	1.0751498937606812	0.2804577350616455	0.006335266400128603	99.84019994735718
0: Epoch: [47][ 0/25]	1.0751293897628784	0.2709912955760956	0.006335266400128603	99.84019994735718
0: Epoch: [47][ 0/25]	1.0732232332229614	0.27156880497932434	0.00615027965977788	99.85816478729248
1: Epoch: [47][ 0/25]	1.073555588722229	0.2797589600086212	0.00615027965977788	99.85816478729248
1: Epoch 47/90 - 31.500s
0: Epoch 47/90 - 31.500s
1: Epoch: [48][ 0/25]	1.0761504173278809	0.28208088874816895	0.005225743167102337	99.853515625
0: Epoch: [48][ 0/25]	1.075653314590454	0.273820161819458	0.005225743167102337	99.853515625
1: Epoch: [48][ 0/25]	1.0933787822723389	0.27962204813957214	0.0060623218305408955	99.84907507896423
0: Epoch: [48][ 0/25]	1.0936076641082764	0.2948622703552246	0.0060623218305408955	99.84907507896423
0: Epoch: [48][ 0/25]	1.1063312292099	0.30802085995674133	0.0059256525710225105	99.853515625
1: Epoch: [48][ 0/25]	1.1066855192184448	0.27960556745529175	0.0059256525710225105	99.853515625
1: Epoch 48/90 - 32.231s
0: Epoch 48/90 - 32.231s
0: Epoch: [49][ 0/25]	1.0761423110961914	0.27640748023986816	0.0036072158254683018	100.0
1: Epoch: [49][ 0/25]	1.0770173072814941	0.27929186820983887	0.0036072158254683018	100.0
0: Epoch: [49][ 0/25]	1.0713727474212646	0.27075400948524475	0.005541915073990822	99.88458752632141
1: Epoch: [49][ 0/25]	1.0718234777450562	0.2758457362651825	0.005541915073990822	99.88458752632141
0: Epoch: [49][ 0/25]	1.0760540962219238	0.26881593465805054	0.005566402338445187	99.89537000656128
1: Epoch: [49][ 0/25]	1.0763829946517944	0.2809230089187622	0.005566402338445187	99.89537000656128
1: Epoch 49/90 - 31.503s
0: Epoch 49/90 - 31.503s
0: Epoch: [50][ 0/25]	1.069514513015747	0.268113374710083	0.003640618408098817	100.0
1: Epoch: [50][ 0/25]	1.075118064880371	0.2779991626739502	0.003640618408098817	100.0
1: Epoch: [50][ 0/25]	1.0721206665039062	0.27587831020355225	0.004837514832615852	99.92897510528564
0: Epoch: [50][ 0/25]	1.0721391439437866	0.2661471962928772	0.004837514832615852	99.92897510528564
0: Epoch: [50][ 0/25]	1.0752859115600586	0.265855610370636	0.004913423676043749	99.91862177848816
1: Epoch: [50][ 0/25]	1.0757043361663818	0.27825990319252014	0.004913423676043749	99.91862177848816
1: Epoch 50/90 - 32.086s
0: Epoch 50/90 - 32.086s
1: Epoch: [51][ 0/25]	1.1393227577209473	0.3352663516998291	0.005789368413388729	99.853515625
0: Epoch: [51][ 0/25]	1.1447958946228027	0.2676365375518799	0.005789368413388729	99.853515625
0: Epoch: [51][ 0/25]	1.0885872840881348	0.2709486782550812	0.005029739812016487	99.90678429603577
1: Epoch: [51][ 0/25]	1.0888556241989136	0.28630173206329346	0.005029739812016487	99.90678429603577
1: Epoch: [51][ 0/25]	1.0851514339447021	0.28502100706100464	0.004807685501873493	99.90931749343872
0: Epoch: [51][ 0/25]	1.085447072982788	0.27237844467163086	0.004807685501873493	99.90931749343872
1: Epoch 51/90 - 31.718s
0: Epoch 51/90 - 31.718s
0: Epoch: [52][ 0/25]	1.0763864517211914	0.2794046401977539	0.005419314838945866	99.90234375
1: Epoch: [52][ 0/25]	1.0779709815979004	0.2815968990325928	0.005419314838945866	99.90234375
0: Epoch: [52][ 0/25]	1.0762888193130493	0.27258729934692383	0.00473247142508626	99.92009997367859
1: Epoch: [52][ 0/25]	1.0763771533966064	0.2787756323814392	0.00473247142508626	99.92009997367859
0: Epoch: [52][ 0/25]	1.076147198677063	0.27194419503211975	0.005001046694815159	99.89769458770752
1: Epoch: [52][ 0/25]	1.0761897563934326	0.27859678864479065	0.005001046694815159	99.89769458770752
1: Epoch 52/90 - 31.554s
0: Epoch 52/90 - 31.554s
0: Epoch: [53][ 0/25]	1.0821330547332764	0.2734520435333252	0.001947358250617981	100.0
1: Epoch: [53][ 0/25]	1.0847413539886475	0.2816448211669922	0.001947358250617981	100.0
0: Epoch: [53][ 0/25]	1.0767464637756348	0.27253738045692444	0.003882681718096137	99.93341565132141
1: Epoch: [53][ 0/25]	1.076964259147644	0.27865707874298096	0.003882681718096137	99.93341565132141
1: Epoch: [53][ 0/25]	1.0754178762435913	0.2780311703681946	0.004250507801771164	99.91164207458496
0: Epoch: [53][ 0/25]	1.0757081508636475	0.2716149091720581	0.004250507801771164	99.91164207458496
1: Epoch 53/90 - 31.501s
0: Epoch 53/90 - 31.501s
0: Epoch: [54][ 0/25]	1.074408769607544	0.2738683223724365	0.005238731391727924	99.90234375
1: Epoch: [54][ 0/25]	1.081129789352417	0.27936434745788574	0.005238731391727924	99.90234375
1: Epoch: [54][ 0/25]	1.073960304260254	0.27536284923553467	0.005111070815473795	99.87571239471436
0: Epoch: [54][ 0/25]	1.0739976167678833	0.270885169506073	0.005111070815473795	99.87571239471436
0: Epoch: [54][ 0/25]	1.072089672088623	0.2707612216472626	0.004782554693520069	99.90466833114624
1: Epoch: [54][ 0/25]	1.0724048614501953	0.2747013568878174	0.004782554693520069	99.90466833114624
1: Epoch 54/90 - 31.420s
0: Epoch 54/90 - 31.420s
0: Epoch: [55][ 0/25]	1.086782693862915	0.2876312732696533	0.0024419743567705154	100.0
1: Epoch: [55][ 0/25]	1.0938057899475098	0.27702999114990234	0.0024419743567705154	100.0
1: Epoch: [55][ 0/25]	1.0738903284072876	0.2741585671901703	0.005042925011366606	99.90234375
0: Epoch: [55][ 0/25]	1.0739887952804565	0.2724451422691345	0.005042925011366606	99.90234375
0: Epoch: [55][ 0/25]	1.072336196899414	0.27158433198928833	0.004863091744482517	99.89769458770752
1: Epoch: [55][ 0/25]	1.072569489479065	0.2739490866661072	0.004863091744482517	99.89769458770752
1: Epoch 55/90 - 31.422s
0: Epoch 55/90 - 31.422s
1: Epoch: [56][ 0/25]	1.072645664215088	0.27703261375427246	0.006105626933276653	99.90234375
0: Epoch: [56][ 0/25]	1.0768578052520752	0.2732226848602295	0.006105626933276653	99.90234375
0: Epoch: [56][ 0/25]	1.0720641613006592	0.27071601152420044	0.004715288989245892	99.88458752632141
1: Epoch: [56][ 0/25]	1.0726797580718994	0.2741107642650604	0.004715288989245892	99.88458752632141
1: Epoch: [56][ 0/25]	1.0915417671203613	0.27480682730674744	0.004002475179731846	99.9139666557312
0: Epoch: [56][ 0/25]	1.0920690298080444	0.29147279262542725	0.004002475179731846	99.9139666557312
1: Epoch 56/90 - 31.854s
0: Epoch 56/90 - 31.854s
1: Epoch: [57][ 0/25]	1.0685265064239502	0.2774834632873535	0.0042792679741978645	99.951171875
0: Epoch: [57][ 0/25]	1.074798822402954	0.2754027843475342	0.0042792679741978645	99.951171875
1: Epoch: [57][ 0/25]	1.0735394954681396	0.27438265085220337	0.004273226484656334	99.92454051971436
0: Epoch: [57][ 0/25]	1.0735682249069214	0.26978880167007446	0.004273226484656334	99.92454051971436
1: Epoch: [57][ 0/25]	1.0732338428497314	0.27417609095573425	0.004499030765146017	99.90931749343872
0: Epoch: [57][ 0/25]	1.073412299156189	0.26982030272483826	0.004499030765146017	99.90931749343872
1: Epoch 57/90 - 31.425s
0: Epoch 57/90 - 31.425s
1: Epoch: [58][ 0/25]	1.070897102355957	0.2770109176635742	0.0038126790896058083	99.853515625
0: Epoch: [58][ 0/25]	1.071824073791504	0.273862361907959	0.0038126790896058083	99.853515625
1: Epoch: [58][ 0/25]	1.0710415840148926	0.2743854224681854	0.003392190672457218	99.93341565132141
0: Epoch: [58][ 0/25]	1.0711196660995483	0.27034232020378113	0.003392190672457218	99.93341565132141
0: Epoch: [58][ 0/25]	1.0731806755065918	0.27045777440071106	0.003458751831203699	99.9395489692688
1: Epoch: [58][ 0/25]	1.0733245611190796	0.2749207019805908	0.003458751831203699	99.9395489692688
1: Epoch 58/90 - 31.410s
0: Epoch 58/90 - 31.410s
0: Epoch: [59][ 0/25]	1.0739643573760986	0.2749466896057129	0.005563821643590927	99.90234375
1: Epoch: [59][ 0/25]	1.080458641052246	0.27694201469421387	0.005563821643590927	99.90234375
0: Epoch: [59][ 0/25]	1.0737277269363403	0.2730374038219452	0.0041323574259877205	99.90678429603577
1: Epoch: [59][ 0/25]	1.073936939239502	0.2742398977279663	0.0041323574259877205	99.90678429603577
0: Epoch: [59][ 0/25]	1.0723495483398438	0.2727671265602112	0.003944197203963995	99.90234375
1: Epoch: [59][ 0/25]	1.072508692741394	0.2740395963191986	0.003944197203963995	99.90234375
1: Epoch 59/90 - 31.393s
0: Epoch 59/90 - 31.393s
0: Epoch: [60][ 0/25]	1.069338083267212	0.2745990753173828	0.008797799237072468	99.658203125
1: Epoch: [60][ 0/25]	1.0765275955200195	0.277113676071167	0.008797799237072468	99.658203125
1: Epoch: [60][ 0/25]	1.0744447708129883	0.2743426561355591	0.003995787352323532	99.91565942764282
0: Epoch: [60][ 0/25]	1.0745564699172974	0.2726286053657532	0.003995787352323532	99.91565942764282
1: Epoch: [60][ 0/25]	1.0746657848358154	0.2747269570827484	0.0034688040614128113	99.93489384651184
0: Epoch: [60][ 0/25]	1.0748252868652344	0.27255111932754517	0.0034688040614128113	99.93489384651184
1: Epoch 60/90 - 31.470s
0: Epoch 60/90 - 31.470s
0: Epoch: [61][ 0/25]	1.0695700645446777	0.2736954689025879	0.001717443112283945	100.0
1: Epoch: [61][ 0/25]	1.0774564743041992	0.2769787311553955	0.001717443112283945	100.0
1: Epoch: [61][ 0/25]	1.0721726417541504	0.27429959177970886	0.005211229901760817	99.92454051971436
0: Epoch: [61][ 0/25]	1.072608232498169	0.27094337344169617	0.005211229901760817	99.92454051971436
0: Epoch: [61][ 0/25]	1.072184443473816	0.27002763748168945	0.004289956297725439	99.92792010307312
1: Epoch: [61][ 0/25]	1.0723493099212646	0.2753470838069916	0.004289956297725439	99.92792010307312
1: Epoch 61/90 - 31.426s
0: Epoch 61/90 - 31.426s
0: Epoch: [62][ 0/25]	1.0711970329284668	0.27163004875183105	0.0023709386587142944	100.0
1: Epoch: [62][ 0/25]	1.0743861198425293	0.28014421463012695	0.0023709386587142944	100.0
0: Epoch: [62][ 0/25]	1.1182135343551636	0.26929572224617004	0.002878747181966901	99.95561242103577
1: Epoch: [62][ 0/25]	1.1188461780548096	0.31373751163482666	0.002878747181966901	99.95561242103577
0: Epoch: [62][ 0/25]	1.1029691696166992	0.2699274718761444	0.003952335100620985	99.95814561843872
1: Epoch: [62][ 0/25]	1.1029963493347168	0.30140554904937744	0.003952335100620985	99.95814561843872
1: Epoch 62/90 - 32.010s
0: Epoch 62/90 - 32.010s
1: Epoch: [63][ 0/25]	1.0710723400115967	0.2741730213165283	0.0033106752671301365	99.951171875
0: Epoch: [63][ 0/25]	1.0704128742218018	0.27202558517456055	0.0033106752671301365	99.951171875
0: Epoch: [63][ 0/25]	1.0684224367141724	0.26969435811042786	0.0037439167499542236	99.93341565132141
0: 
1: Epoch: [63][ 0/25]	1.0690052509307861	0.27081772685050964	0.0037439167499542236	99.93341565132141
1: Epoch: [63][ 0/25]	1.0681607723236084	0.27067801356315613	0.003428824245929718	99.93024468421936
0: Epoch: [63][ 0/25]	1.0684316158294678	0.269570529460907	0.003428824245929718	99.93024468421936
1: Epoch 63/90 - 31.281s
0: Epoch 63/90 - 31.281s
1: Epoch: [64][ 0/25]	1.070481300354004	0.27411603927612305	0.006707220338284969	99.853515625
0: Epoch: [64][ 0/25]	1.0705711841583252	0.27208757400512695	0.006707220338284969	99.853515625
1: Epoch: [64][ 0/25]	1.0737426280975342	0.2723068296909332	0.0033254355657845736	99.94673132896423
0: Epoch: [64][ 0/25]	1.0736786127090454	0.27101925015449524	0.0033254355657845736	99.94673132896423
1: Epoch: [64][ 0/25]	1.0714448690414429	0.2714084982872009	0.0031171177979558706	99.94652271270752
0: Epoch: [64][ 0/25]	1.071412444114685	0.270533949136734	0.0031171177979558706	99.94652271270752
1: Epoch 64/90 - 31.353s
0: Epoch 64/90 - 31.353s
0: Epoch: [65][ 0/25]	1.0738673210144043	0.2727508544921875	0.002494362648576498	99.951171875
1: Epoch: [65][ 0/25]	1.0793123245239258	0.27408695220947266	0.002494362648576498	99.951171875
0: Epoch: [65][ 0/25]	1.0714348554611206	0.2696571350097656	0.0029770820401608944	99.951171875
1: Epoch: [65][ 0/25]	1.0717219114303589	0.2713586688041687	0.0029770820401608944	99.951171875
0: Epoch: [65][ 0/25]	1.0708779096603394	0.26943302154541016	0.0031732143834233284	99.94652271270752
1: Epoch: [65][ 0/25]	1.0712498426437378	0.27116361260414124	0.0031732143834233284	99.94652271270752
1: Epoch 65/90 - 31.341s
0: Epoch 65/90 - 31.341s
0: Epoch: [66][ 0/25]	1.0671625137329102	0.2721567153930664	0.004318295046687126	99.90234375
1: Epoch: [66][ 0/25]	1.0743331909179688	0.27373814582824707	0.004318295046687126	99.90234375
0: Epoch: [66][ 0/25]	1.0689038038253784	0.27124157547950745	0.003101959591731429	99.93785619735718
1: Epoch: [66][ 0/25]	1.0690127611160278	0.2723221778869629	0.003101959591731429	99.93785619735718
1: Epoch: [66][ 0/25]	1.0692917108535767	0.2713867425918579	0.002835126593708992	99.95349645614624
0: Epoch: [66][ 0/25]	1.0693280696868896	0.2704271078109741	0.002835126593708992	99.95349645614624
1: Epoch 66/90 - 31.291s
0: Epoch 66/90 - 31.291s
0: Epoch: [67][ 0/25]	1.066279411315918	0.2720961570739746	0.0024203062057495117	99.951171875
1: Epoch: [67][ 0/25]	1.0709707736968994	0.2746264934539795	0.0024203062057495117	99.951171875
1: Epoch: [67][ 0/25]	1.070017695426941	0.2736777067184448	0.003721240209415555	99.91565942764282
0: Epoch: [67][ 0/25]	1.0700477361679077	0.2698086202144623	0.003721240209415555	99.91565942764282
0: Epoch: [67][ 0/25]	1.0698060989379883	0.269660085439682	0.003201242769137025	99.94187355041504
1: Epoch: [67][ 0/25]	1.070347785949707	0.27489572763442993	0.003201242769137025	99.94187355041504
1: Epoch 67/90 - 31.431s
0: Epoch 67/90 - 31.431s
0: Epoch: [68][ 0/25]	1.0850067138671875	0.28677892684936523	0.0024453788064420223	100.0
1: Epoch: [68][ 0/25]	1.088913917541504	0.27457332611083984	0.0024453788064420223	100.0
0: Epoch: [68][ 0/25]	1.0960822105407715	0.2709042429924011	0.0030736513435840607	99.92897510528564
1: Epoch: [68][ 0/25]	1.0966624021530151	0.29243290424346924	0.0030736513435840607	99.92897510528564
1: Epoch: [68][ 0/25]	1.0825541019439697	0.2814899682998657	0.0028393594548106194	99.94419813156128
0: Epoch: [68][ 0/25]	1.0828893184661865	0.2701815068721771	0.0028393594548106194	99.94419813156128
1: Epoch 68/90 - 31.568s
0: Epoch 68/90 - 31.568s
1: Epoch: [69][ 0/25]	1.0563745498657227	0.273193359375	0.004540149122476578	99.853515625
0: Epoch: [69][ 0/25]	1.0576856136322021	0.27286267280578613	0.004540149122476578	99.853515625
0: Epoch: [69][ 0/25]	1.1029942035675049	0.2697073221206665	0.0032586799934506416	99.93341565132141
1: Epoch: [69][ 0/25]	1.1038328409194946	0.3015318810939789	0.0032586799934506416	99.93341565132141
0: Epoch: [69][ 0/25]	1.1130082607269287	0.2696134150028229	0.0029895412735641003	99.94419813156128
1: Epoch: [69][ 0/25]	1.1133947372436523	0.30853694677352905	0.0029895412735641003	99.94419813156128
1: Epoch 69/90 - 32.520s
0: Epoch 69/90 - 32.520s
0: Epoch: [70][ 0/25]	1.0745577812194824	0.2724568843841553	0.0036129781510680914	99.90234375
1: Epoch: [70][ 0/25]	1.0804247856140137	0.279402494430542	0.0036129781510680914	99.90234375
0: Epoch: [70][ 0/25]	1.1142603158950806	0.2693631947040558	0.002784069860354066	99.96004700660706
1: Epoch: [70][ 0/25]	1.1154296398162842	0.3080827593803406	0.002784069860354066	99.96004700660706
0: Epoch: [70][ 0/25]	1.123126745223999	0.26918691396713257	0.002984065329656005	99.951171875
1: Epoch: [70][ 0/25]	1.123771071434021	0.3172193765640259	0.002984065329656005	99.951171875
1: Epoch 70/90 - 32.664s
0: Epoch 70/90 - 32.664s
0: Epoch: [71][ 0/25]	1.077021837234497	0.2733020782470703	0.004862385801970959	99.90234375
1: Epoch: [71][ 0/25]	1.0825355052947998	0.2733283042907715	0.004862385801970959	99.90234375
0: Epoch: [71][ 0/25]	1.076032280921936	0.2756696045398712	0.0036044977605342865	99.93785619735718
1: Epoch: [71][ 0/25]	1.0761144161224365	0.27010753750801086	0.0036044977605342865	99.93785619735718
1: 
0: Epoch: [71][ 0/25]	1.0755356550216675	0.2739237844944	0.0033628628589212894	99.93721842765808
1: Epoch: [71][ 0/25]	1.075615644454956	0.27185148000717163	0.0033628628589212894	99.93721842765808
1: Epoch 71/90 - 32.097s
0: Epoch 71/90 - 32.097s
1: Epoch: [72][ 0/25]	1.1235082149505615	0.27808356285095215	0.0023975414223968983	100.0
0: Epoch: [72][ 0/25]	1.1231915950775146	0.32441091537475586	0.0023975414223968983	100.0
0: Epoch: [72][ 0/25]	1.0775781869888306	0.2776484191417694	0.002902623265981674	99.951171875
1: Epoch: [72][ 0/25]	1.0779075622558594	0.2745310962200165	0.002902623265981674	99.951171875
1: Epoch: [72][ 0/25]	1.077858567237854	0.27417856454849243	0.002823627321049571	99.95349645614624
0: Epoch: [72][ 0/25]	1.0778433084487915	0.27900129556655884	0.002823627321049571	99.95349645614624
1: Epoch 72/90 - 31.810s
0: Epoch 72/90 - 31.810s
0: Epoch: [73][ 0/25]	1.0644445419311523	0.2748379707336426	0.0021922208834439516	99.951171875
1: Epoch: [73][ 0/25]	1.0659654140472412	0.276871919631958	0.0021922208834439516	99.951171875
0: Epoch: [73][ 0/25]	1.0702953338623047	0.27289319038391113	0.004189694300293922	99.92454051971436
1: Epoch: [73][ 0/25]	1.07038152217865	0.274046927690506	0.004189694300293922	99.92454051971436
0: Epoch: [73][ 0/25]	1.0720763206481934	0.2731981873512268	0.0034389591310173273	99.94187355041504
1: Epoch: [73][ 0/25]	1.0721758604049683	0.2746613919734955	0.0034389591310173273	99.94187355041504
1: Epoch 73/90 - 31.453s
0: Epoch 73/90 - 31.453s
0: Epoch: [74][ 0/25]	1.0744245052337646	0.2746398448944092	0.002491045743227005	100.0
1: Epoch: [74][ 0/25]	1.0823171138763428	0.27968692779541016	0.002491045743227005	100.0
0: Epoch: [74][ 0/25]	1.0720239877700806	0.27298521995544434	0.0031825287733227015	99.951171875
1: Epoch: [74][ 0/25]	1.072767972946167	0.276469886302948	0.0031825287733227015	99.951171875
1: Epoch: [74][ 0/25]	1.073394775390625	0.27613577246665955	0.0031409976072609425	99.94652271270752
0: Epoch: [74][ 0/25]	1.0733667612075806	0.2723764181137085	0.0031409976072609425	99.94652271270752
1: Epoch 74/90 - 31.430s
0: Epoch 74/90 - 31.430s
0: Epoch: [75][ 0/25]	1.0691144466400146	0.2731783390045166	0.0013306725304573774	100.0
1: Epoch: [75][ 0/25]	1.0746619701385498	0.2795541286468506	0.0013306725304573774	100.0
0: Epoch: [75][ 0/25]	1.0707471370697021	0.2705729305744171	0.0026414671447128057	99.96448755264282
1: Epoch: [75][ 0/25]	1.0712743997573853	0.2762247323989868	0.0026414671447128057	99.96448755264282
0: Epoch: [75][ 0/25]	1.0758540630340576	0.27143219113349915	0.003048188518732786	99.94419813156128
1: Epoch: [75][ 0/25]	1.0760338306427002	0.2785089612007141	0.003048188518732786	99.94419813156128
1: Epoch 75/90 - 32.205s
0: Epoch 75/90 - 32.205s
0: Epoch: [76][ 0/25]	1.1294729709625244	0.27325439453125	0.002673208713531494	99.951171875
1: Epoch: [76][ 0/25]	1.1422090530395508	0.3302748203277588	0.002673208713531494	99.951171875
0: Epoch: [76][ 0/25]	1.0812976360321045	0.2708617150783539	0.0029050742741674185	99.951171875
1: Epoch: [76][ 0/25]	1.08148193359375	0.2807079553604126	0.0029050742741674185	99.951171875
0: Epoch: [76][ 0/25]	1.0742439031600952	0.2706228792667389	0.0030799906235188246	99.94652271270752
1: Epoch: [76][ 0/25]	1.074576497077942	0.2754814028739929	0.0030799906235188246	99.94652271270752
1: Epoch 76/90 - 31.381s
0: Epoch 76/90 - 31.381s
0: Epoch: [77][ 0/25]	1.0640568733215332	0.27313876152038574	0.0026371830608695745	99.951171875
1: Epoch: [77][ 0/25]	1.066591739654541	0.2727329730987549	0.0026371830608695745	99.951171875
1: Epoch: [77][ 0/25]	1.0697760581970215	0.26992958784103394	0.002677727257832885	99.96004700660706
0: Epoch: [77][ 0/25]	1.0703006982803345	0.27191784977912903	0.002677727257832885	99.96004700660706
1: Epoch: [77][ 0/25]	1.068834900856018	0.2697717547416687	0.0031489278189837933	99.93721842765808
0: Epoch: [77][ 0/25]	1.0688799619674683	0.271375447511673	0.0031489278189837933	99.93721842765808
1: Epoch 77/90 - 31.625s
0: Epoch 77/90 - 31.625s
1: Epoch: [78][ 0/25]	1.1219871044158936	0.273587703704834	0.001992675941437483	100.0
0: Epoch: [78][ 0/25]	1.1284551620483398	0.3240325450897217	0.001992675941437483	100.0
0: Epoch: [78][ 0/25]	1.0854732990264893	0.2867352068424225	0.003452306380495429	99.94673132896423
1: Epoch: [78][ 0/25]	1.0856690406799316	0.26986268162727356	0.003452306380495429	99.94673132896423
1: Epoch: [78][ 0/25]	1.0776170492172241	0.2696281969547272	0.003443887224420905	99.9325692653656
0: Epoch: [78][ 0/25]	1.0778487920761108	0.2807665765285492	0.003443887224420905	99.9325692653656
1: Epoch 78/90 - 32.158s
0: Epoch 78/90 - 32.158s
1: Epoch: [79][ 0/25]	1.1223721504211426	0.2718997001647949	0.003958652261644602	99.90234375
0: Epoch: [79][ 0/25]	1.126643180847168	0.32448410987854004	0.003958652261644602	99.90234375
1: Epoch: [79][ 0/25]	1.1216422319412231	0.27671492099761963	0.0030164106283336878	99.94673132896423
0: Epoch: [79][ 0/25]	1.121600866317749	0.32249143719673157	0.0030164106283336878	99.94673132896423
1: Epoch: [79][ 0/25]	1.120514988899231	0.274698942899704	0.0029163029976189137	99.94652271270752
0: Epoch: [79][ 0/25]	1.1206997632980347	0.32204195857048035	0.0029163029976189137	99.94652271270752
1: Epoch 79/90 - 33.037s
0: Epoch 79/90 - 33.037s
1: Epoch: [80][ 0/25]	1.1210715770721436	0.278580904006958	0.0027180504985153675	99.951171875
0: Epoch: [80][ 0/25]	1.1202363967895508	0.324817419052124	0.0027180504985153675	99.951171875
1: Epoch: [80][ 0/25]	1.1206109523773193	0.276591032743454	0.004211341962218285	99.91565942764282
0: Epoch: [80][ 0/25]	1.120617389678955	0.32173049449920654	0.004211341962218285	99.91565942764282
0: Epoch: [80][ 0/25]	1.1052442789077759	0.30384185910224915	0.003348620841279626	99.94187355041504
1: Epoch: [80][ 0/25]	1.1055262088775635	0.273959219455719	0.003348620841279626	99.94187355041504
1: Epoch 80/90 - 32.094s
0: Epoch 80/90 - 32.094s
0: Epoch: [81][ 0/25]	1.0827391147613525	0.2904355525970459	0.004589912481606007	99.853515625
1: Epoch: [81][ 0/25]	1.0914101600646973	0.2789180278778076	0.004589912481606007	99.853515625
1: Epoch: [81][ 0/25]	1.076673984527588	0.2765178680419922	0.002681712619960308	99.95561242103577
0: Epoch: [81][ 0/25]	1.0769389867782593	0.2734220623970032	0.002681712619960308	99.95561242103577
0: Epoch: [81][ 0/25]	1.0852478742599487	0.27892574667930603	0.00264055747538805	99.95582103729248
1: Epoch: [81][ 0/25]	1.0853017568588257	0.27760133147239685	0.00264055747538805	99.95582103729248
1: Epoch 81/90 - 32.074s
0: Epoch 81/90 - 32.074s
1: Epoch: [82][ 0/25]	1.1266660690307617	0.32886290550231934	0.0017685005441308022	100.0
0: Epoch: [82][ 0/25]	1.1259138584136963	0.2736325263977051	0.0017685005441308022	100.0
0: Epoch: [82][ 0/25]	1.076993465423584	0.2703183889389038	0.003962067887187004	99.89346861839294
1: Epoch: [82][ 0/25]	1.0771143436431885	0.28282785415649414	0.003962067887187004	99.89346861839294
1: Epoch: [82][ 0/25]	1.0745378732681274	0.2794969081878662	0.0035075347404927015	99.9209463596344
0: Epoch: [82][ 0/25]	1.0745347738265991	0.2702511250972748	0.0035075347404927015	99.9209463596344
1: Epoch 82/90 - 31.419s
0: Epoch 82/90 - 31.419s
0: Epoch: [83][ 0/25]	1.0593698024749756	0.2717752456665039	0.002255477709695697	99.951171875
1: Epoch: [83][ 0/25]	1.0674777030944824	0.2760918140411377	0.002255477709695697	99.951171875
0: Epoch: [83][ 0/25]	1.0673319101333618	0.27103671431541443	0.0028268981259316206	99.95561242103577
1: Epoch: [83][ 0/25]	1.0680145025253296	0.2731485962867737	0.0028268981259316206	99.95561242103577
0: Epoch: [83][ 0/25]	1.0670613050460815	0.2708830237388611	0.003959684632718563	99.93721842765808
1: Epoch: [83][ 0/25]	1.067456603050232	0.2736162841320038	0.003959684632718563	99.93721842765808
1: Epoch 83/90 - 31.283s
0: Epoch 83/90 - 31.283s
0: Epoch: [84][ 0/25]	1.0631439685821533	0.272258996963501	0.002785255666822195	99.951171875
1: Epoch: [84][ 0/25]	1.0645074844360352	0.27565789222717285	0.002785255666822195	99.951171875
1: Epoch: [84][ 0/25]	1.0686620473861694	0.2734259366989136	0.0033717567566782236	99.93785619735718
0: Epoch: [84][ 0/25]	1.0687342882156372	0.2699926197528839	0.0033717567566782236	99.93785619735718
1: Epoch: [84][ 0/25]	1.0692534446716309	0.2732487618923187	0.003034113673493266	99.951171875
0: Epoch: [84][ 0/25]	1.069244146347046	0.26960626244544983	0.003034113673493266	99.951171875
1: Epoch 84/90 - 31.314s
0: Epoch 84/90 - 31.314s
1: Epoch: [85][ 0/25]	1.0672359466552734	0.2763533592224121	0.00210305443033576	100.0
0: Epoch: [85][ 0/25]	1.0708134174346924	0.27311277389526367	0.00210305443033576	100.0
1: Epoch: [85][ 0/25]	1.0685142278671265	0.2739146947860718	0.0029800652991980314	99.94673132896423
0: Epoch: [85][ 0/25]	1.0689551830291748	0.27026546001434326	0.0029800652991980314	99.94673132896423
0: Epoch: [85][ 0/25]	1.066684365272522	0.27008795738220215	0.0026616102550178766	99.95582103729248
1: Epoch: [85][ 0/25]	1.0668081045150757	0.27169889211654663	0.0026616102550178766	99.95582103729248
1: Epoch 85/90 - 31.220s
0: Epoch 85/90 - 31.220s
1: Epoch: [86][ 0/25]	1.0692391395568848	0.2727982997894287	0.002254793420433998	99.951171875
0: Epoch: [86][ 0/25]	1.0723493099212646	0.2719919681549072	0.002254793420433998	99.951171875
0: Epoch: [86][ 0/25]	1.0659397840499878	0.27024537324905396	0.003240258200094104	99.92897510528564
1: Epoch: [86][ 0/25]	1.0665203332901	0.2696212828159332	0.003240258200094104	99.92897510528564
1: Epoch: [86][ 0/25]	1.0658684968948364	0.2693926990032196	0.002920097904279828	99.94419813156128
0: Epoch: [86][ 0/25]	1.0661150217056274	0.27015945315361023	0.002920097904279828	99.94419813156128
1: Epoch 86/90 - 31.238s
0: Epoch 86/90 - 31.238s
0: Epoch: [87][ 0/25]	1.0643844604492188	0.27200770378112793	0.0014231274835765362	100.0
1: Epoch: [87][ 0/25]	1.0717811584472656	0.27231621742248535	0.0014231274835765362	100.0
0: Epoch: [87][ 0/25]	1.0666865110397339	0.270407497882843	0.002731491345912218	99.92897510528564
1: Epoch: [87][ 0/25]	1.067153811454773	0.2710464298725128	0.002731491345912218	99.92897510528564
0: Epoch: [87][ 0/25]	1.0649423599243164	0.2702672481536865	0.003087565302848816	99.92792010307312
1: Epoch: [87][ 0/25]	1.0653409957885742	0.27025389671325684	0.003087565302848816	99.92792010307312
1: Epoch 87/90 - 31.200s
0: Epoch 87/90 - 31.200s
0: Epoch: [88][ 0/25]	1.062016487121582	0.27288079261779785	0.0014457316137850285	100.0
1: Epoch: [88][ 0/25]	1.0650792121887207	0.27267956733703613	0.0014457316137850285	100.0
0: Epoch: [88][ 0/25]	1.0641396045684814	0.2704821825027466	0.0029795535374432802	99.94229674339294
1: Epoch: [88][ 0/25]	1.064816951751709	0.27000248432159424	0.0029795535374432802	99.94229674339294
1: Epoch: [88][ 0/25]	1.0653139352798462	0.2697162628173828	0.003994895610958338	99.94419813156128
0: Epoch: [88][ 0/25]	1.0653977394104004	0.2712197005748749	0.003994895610958338	99.94419813156128
1: Epoch 88/90 - 31.207s
0: Epoch 88/90 - 31.207s
1: Epoch: [89][ 0/25]	1.0696918964385986	0.2724766731262207	0.0032088435254991055	99.90234375
0: Epoch: [89][ 0/25]	1.0743894577026367	0.27269792556762695	0.0032088435254991055	99.90234375
0: Epoch: [89][ 0/25]	1.0719126462936401	0.27041590213775635	0.0030928170308470726	99.92454051971436
1: Epoch: [89][ 0/25]	1.0724844932556152	0.2711291015148163	0.0030928170308470726	99.92454051971436
0: Epoch: [89][ 0/25]	1.068889856338501	0.2703455984592438	0.0030411765910685062	99.93489384651184
1: Epoch: [89][ 0/25]	1.0689575672149658	0.2702162563800812	0.0030411765910685062	99.93489384651184
1: Epoch 89/90 - 31.280s
1: Steps per epoch: 25
1: Validation steps per epoch: 10
1: Average time per epoch: 31.998 s
0: Epoch 89/90 - 31.280s
0: Steps per epoch: 25
0: Validation steps per epoch: 10
0: Average time per epoch: 31.998 s
1: --- 2885.2844336032867 seconds ---
0: --- 2885.2847657203674 seconds ---
ELAPSED: 2899 seconds
End at Tue Feb  9 16:27:14 EET 2021
