WORKERS: "gpu01-ib:5555","gpu02-ib:5555"
Start at Sun Feb 14 03:27:28 EET 2021
CUDA_VISIBLE_DEVICES: 0,1
Running on hosts: gpu[01-02]
Running on 2 nodes.
Running 2 tasks per node
Job id is 1095025
1: Number of devices per node: 2
2: Number of devices per node: 2
0: Number of devices per node: 2
3: Number of devices per node: 2
3: 
0: rank 0
2: rank 2
1: rank 1
3: rank 3
1: => creating model 'resnet50'
0: => creating model 'resnet50'
3: => creating model 'resnet50'
2: => creating model 'resnet50'
1: Epoch 0/90 - 68.169s
3: Epoch 0/90 - 68.169s
2: Epoch 0/90 - 68.169s
0: Epoch 0/90 - 68.169s
1: Epoch 1/90 - 62.461s
2: Epoch 1/90 - 62.461s
3: Epoch 1/90 - 62.461s
0: Epoch 1/90 - 62.461s
1: Epoch 2/90 - 62.722s
2: Epoch 2/90 - 62.722s
3: Epoch 2/90 - 62.722s
0: Epoch 2/90 - 62.722s
1: Epoch 3/90 - 62.234s
2: Epoch 3/90 - 62.234s
3: Epoch 3/90 - 62.234s
0: Epoch 3/90 - 62.234s
1: Epoch 4/90 - 61.956s
2: Epoch 4/90 - 61.956s
3: Epoch 4/90 - 61.956s
0: Epoch 4/90 - 61.956s
1: Epoch 5/90 - 62.437s
2: Epoch 5/90 - 62.437s
3: Epoch 5/90 - 62.437s
0: Epoch 5/90 - 62.437s
1: Epoch 6/90 - 62.344s
2: Epoch 6/90 - 62.344s
3: Epoch 6/90 - 62.344s
0: Epoch 6/90 - 62.344s
1: Epoch 7/90 - 62.059s
2: Epoch 7/90 - 62.059s
3: Epoch 7/90 - 62.059s
0: Epoch 7/90 - 62.059s
1: Epoch 8/90 - 62.088s
2: Epoch 8/90 - 62.088s
3: Epoch 8/90 - 62.088s
0: Epoch 8/90 - 62.088s
1: Epoch 9/90 - 62.060s
2: Epoch 9/90 - 62.060s
3: Epoch 9/90 - 62.060s
0: Epoch 9/90 - 62.060s
1: Epoch 10/90 - 62.287s
2: Epoch 10/90 - 62.287s
3: Epoch 10/90 - 62.287s
0: Epoch 10/90 - 62.287s
1: Epoch 11/90 - 62.631s
2: Epoch 11/90 - 62.631s
3: Epoch 11/90 - 62.631s
0: Epoch 11/90 - 62.631s
1: Epoch 12/90 - 62.473s
2: Epoch 12/90 - 62.473s
3: Epoch 12/90 - 62.473s
0: Epoch 12/90 - 62.473s
1: Epoch 13/90 - 62.290s
2: Epoch 13/90 - 62.290s
3: Epoch 13/90 - 62.290s
0: Epoch 13/90 - 62.290s
1: Epoch 14/90 - 62.471s
2: Epoch 14/90 - 62.471s
3: Epoch 14/90 - 62.471s
0: Epoch 14/90 - 62.471s
1: Epoch 15/90 - 62.521s
2: Epoch 15/90 - 62.521s
3: Epoch 15/90 - 62.521s
0: Epoch 15/90 - 62.521s
1: Epoch 16/90 - 62.146s
2: Epoch 16/90 - 62.146s
3: Epoch 16/90 - 62.146s
0: Epoch 16/90 - 62.146s
1: Epoch 17/90 - 62.573s
2: Epoch 17/90 - 62.573s
3: Epoch 17/90 - 62.573s
0: Epoch 17/90 - 62.573s
1: Epoch 18/90 - 62.457s
2: Epoch 18/90 - 62.457s
3: Epoch 18/90 - 62.457s
0: Epoch 18/90 - 62.457s
1: Epoch 19/90 - 62.419s
2: Epoch 19/90 - 62.419s
3: Epoch 19/90 - 62.419s
0: Epoch 19/90 - 62.419s
1: Epoch 20/90 - 62.547s
2: Epoch 20/90 - 62.547s
0: Epoch 20/90 - 62.547s
3: Epoch 20/90 - 62.547s
1: Epoch 21/90 - 62.771s
2: Epoch 21/90 - 62.771s
3: Epoch 21/90 - 62.771s
0: Epoch 21/90 - 62.771s
1: Epoch 22/90 - 62.457s
2: Epoch 22/90 - 62.457s
3: Epoch 22/90 - 62.457s
0: Epoch 22/90 - 62.457s
1: Epoch 23/90 - 62.283s
2: Epoch 23/90 - 62.283s
3: Epoch 23/90 - 62.283s
0: Epoch 23/90 - 62.283s
1: Epoch 24/90 - 62.567s
2: Epoch 24/90 - 62.567s
3: Epoch 24/90 - 62.567s
0: Epoch 24/90 - 62.567s
1: Epoch 25/90 - 62.183s
2: Epoch 25/90 - 62.183s
3: Epoch 25/90 - 62.183s
0: Epoch 25/90 - 62.183s
1: Epoch 26/90 - 62.555s
2: Epoch 26/90 - 62.555s
3: Epoch 26/90 - 62.555s
0: Epoch 26/90 - 62.555s
1: Epoch 27/90 - 62.374s
2: Epoch 27/90 - 62.374s
3: Epoch 27/90 - 62.374s
0: Epoch 27/90 - 62.374s
1: Epoch 28/90 - 62.656s
2: Epoch 28/90 - 62.656s
3: Epoch 28/90 - 62.656s
0: Epoch 28/90 - 62.656s
1: Epoch 29/90 - 62.410s
2: Epoch 29/90 - 62.410s
3: Epoch 29/90 - 62.410s
0: Epoch 29/90 - 62.410s
1: Epoch 30/90 - 62.657s
2: Epoch 30/90 - 62.657s
3: Epoch 30/90 - 62.657s
0: Epoch 30/90 - 62.657s
1: Epoch 31/90 - 62.690s
2: Epoch 31/90 - 62.690s
3: Epoch 31/90 - 62.690s
0: Epoch 31/90 - 62.690s
1: Epoch 32/90 - 62.456s
2: Epoch 32/90 - 62.456s
3: Epoch 32/90 - 62.456s
0: Epoch 32/90 - 62.456s
1: Epoch 33/90 - 62.455s
2: Epoch 33/90 - 62.455s
3: Epoch 33/90 - 62.455s
0: Epoch 33/90 - 62.455s
1: Epoch 34/90 - 62.373s
2: Epoch 34/90 - 62.373s
3: Epoch 34/90 - 62.373s
0: Epoch 34/90 - 62.373s
1: Epoch 35/90 - 62.610s
0: Epoch 35/90 - 62.610s
2: Epoch 35/90 - 62.610s
3: Epoch 35/90 - 62.610s
1: Epoch 36/90 - 62.742s
2: Epoch 36/90 - 62.742s
3: Epoch 36/90 - 62.742s
0: Epoch 36/90 - 62.742s
1: Epoch 37/90 - 62.629s
2: Epoch 37/90 - 62.629s
3: Epoch 37/90 - 62.629s
0: Epoch 37/90 - 62.629s
1: Epoch 38/90 - 62.506s
2: Epoch 38/90 - 62.506s
3: Epoch 38/90 - 62.506s
0: Epoch 38/90 - 62.506s
1: Epoch 39/90 - 66.503s
2: Epoch 39/90 - 66.503s
3: Epoch 39/90 - 66.503s
0: Epoch 39/90 - 66.503s
1: Epoch 40/90 - 62.497s
2: Epoch 40/90 - 62.497s
3: Epoch 40/90 - 62.497s
0: Epoch 40/90 - 62.497s
1: Epoch 41/90 - 61.587s
2: Epoch 41/90 - 61.587s
3: Epoch 41/90 - 61.587s
0: Epoch 41/90 - 61.587s
1: Epoch 42/90 - 62.660s
2: Epoch 42/90 - 62.660s
3: Epoch 42/90 - 62.660s
0: Epoch 42/90 - 62.660s
1: Epoch 43/90 - 61.863s
2: Epoch 43/90 - 61.863s
3: Epoch 43/90 - 61.863s
0: Epoch 43/90 - 61.863s
1: Epoch 44/90 - 61.751s
2: Epoch 44/90 - 61.751s
3: Epoch 44/90 - 61.751s
0: Epoch 44/90 - 61.751s
1: Epoch 45/90 - 61.832s
2: Epoch 45/90 - 61.832s
3: Epoch 45/90 - 61.832s
0: Epoch 45/90 - 61.832s
1: Epoch 46/90 - 62.098s
2: Epoch 46/90 - 62.098s
3: Epoch 46/90 - 62.098s
0: Epoch 46/90 - 62.098s
1: Epoch 47/90 - 62.212s
2: Epoch 47/90 - 62.212s
3: Epoch 47/90 - 62.212s
0: Epoch 47/90 - 62.212s
1: Epoch 48/90 - 61.919s
2: Epoch 48/90 - 61.919s
3: Epoch 48/90 - 61.919s
0: Epoch 48/90 - 61.919s
1: Epoch 49/90 - 61.285s
2: Epoch 49/90 - 61.285s
3: Epoch 49/90 - 61.285s
0: Epoch 49/90 - 61.285s
1: Epoch 50/90 - 61.875s
2: Epoch 50/90 - 61.875s
3: Epoch 50/90 - 61.875s
0: Epoch 50/90 - 61.875s
1: Epoch 51/90 - 61.567s
2: Epoch 51/90 - 61.567s
3: Epoch 51/90 - 61.567s
0: Epoch 51/90 - 61.567s
1: Epoch 52/90 - 61.749s
2: Epoch 52/90 - 61.749s
3: Epoch 52/90 - 61.749s
0: Epoch 52/90 - 61.749s
1: Epoch 53/90 - 61.524s
2: Epoch 53/90 - 61.524s
3: Epoch 53/90 - 61.524s
0: Epoch 53/90 - 61.524s
1: Epoch 54/90 - 61.750s
2: Epoch 54/90 - 61.750s
3: Epoch 54/90 - 61.750s
0: Epoch 54/90 - 61.750s
1: Epoch 55/90 - 62.075s
2: Epoch 55/90 - 62.075s
3: Epoch 55/90 - 62.075s
0: Epoch 55/90 - 62.075s
1: Epoch 56/90 - 62.278s
2: Epoch 56/90 - 62.278s
3: Epoch 56/90 - 62.278s
0: Epoch 56/90 - 62.278s
1: Epoch 57/90 - 62.108s
2: Epoch 57/90 - 62.108s
3: Epoch 57/90 - 62.108s
0: Epoch 57/90 - 62.108s
1: Epoch 58/90 - 62.026s
2: Epoch 58/90 - 62.026s
3: Epoch 58/90 - 62.026s
0: Epoch 58/90 - 62.027s
1: Epoch 59/90 - 62.066s
2: Epoch 59/90 - 62.066s
3: Epoch 59/90 - 62.066s
0: Epoch 59/90 - 62.066s
1: Epoch 60/90 - 62.307s
2: Epoch 60/90 - 62.307s
3: Epoch 60/90 - 62.307s
0: Epoch 60/90 - 62.307s
1: Epoch 61/90 - 62.027s
2: Epoch 61/90 - 62.027s
3: Epoch 61/90 - 62.027s
0: Epoch 61/90 - 62.027s
1: Epoch 62/90 - 61.730s
2: Epoch 62/90 - 61.730s
0: Epoch 62/90 - 61.730s
3: Epoch 62/90 - 61.730s
1: Epoch 63/90 - 62.151s
2: Epoch 63/90 - 62.152s
3: Epoch 63/90 - 62.151s
0: Epoch 63/90 - 62.152s
1: Epoch 64/90 - 62.262s
2: Epoch 64/90 - 62.262s
3: Epoch 64/90 - 62.262s
0: Epoch 64/90 - 62.262s
1: Epoch 65/90 - 62.131s
2: Epoch 65/90 - 62.131s
3: Epoch 65/90 - 62.131s
0: Epoch 65/90 - 62.131s
1: Epoch 66/90 - 62.196s
2: Epoch 66/90 - 62.196s
3: Epoch 66/90 - 62.196s
0: Epoch 66/90 - 62.196s
1: Epoch 67/90 - 62.068s
2: Epoch 67/90 - 62.068s
3: Epoch 67/90 - 62.068s
0: Epoch 67/90 - 62.068s
1: Epoch 68/90 - 62.479s
2: Epoch 68/90 - 62.479s
3: Epoch 68/90 - 62.479s
0: Epoch 68/90 - 62.479s
1: Epoch 69/90 - 62.274s
2: Epoch 69/90 - 62.274s
3: Epoch 69/90 - 62.274s
0: Epoch 69/90 - 62.274s
1: Epoch 70/90 - 62.369s
2: Epoch 70/90 - 62.369s
3: Epoch 70/90 - 62.369s
0: Epoch 70/90 - 62.369s
1: Epoch 71/90 - 62.039s
2: Epoch 71/90 - 62.039s
3: Epoch 71/90 - 62.039s
0: Epoch 71/90 - 62.039s
1: Epoch 72/90 - 62.292s
2: Epoch 72/90 - 62.292s
3: Epoch 72/90 - 62.292s
0: Epoch 72/90 - 62.292s
1: Epoch 73/90 - 62.265s
2: Epoch 73/90 - 62.265s
3: Epoch 73/90 - 62.265s
0: Epoch 73/90 - 62.265s
1: Epoch 74/90 - 62.100s
2: Epoch 74/90 - 62.100s
3: Epoch 74/90 - 62.100s
0: Epoch 74/90 - 62.100s
1: Epoch 75/90 - 62.542s
2: Epoch 75/90 - 62.542s
3: Epoch 75/90 - 62.542s
0: Epoch 75/90 - 62.542s
1: Epoch 76/90 - 62.036s
2: Epoch 76/90 - 62.036s
3: Epoch 76/90 - 62.036s
0: Epoch 76/90 - 62.036s
1: Epoch 77/90 - 62.049s
2: Epoch 77/90 - 62.049s
3: Epoch 77/90 - 62.049s
0: Epoch 77/90 - 62.049s
1: Epoch 78/90 - 62.017s
2: Epoch 78/90 - 62.017s
3: Epoch 78/90 - 62.017s
0: Epoch 78/90 - 62.017s
1: Epoch 79/90 - 61.701s
2: Epoch 79/90 - 61.701s
3: Epoch 79/90 - 61.701s
0: Epoch 79/90 - 61.701s
1: Epoch 80/90 - 62.472s
2: Epoch 80/90 - 62.472s
3: Epoch 80/90 - 62.472s
0: Epoch 80/90 - 62.472s
1: Epoch 81/90 - 62.104s
2: Epoch 81/90 - 62.104s
3: Epoch 81/90 - 62.104s
0: Epoch 81/90 - 62.104s
1: Epoch 82/90 - 62.302s
2: Epoch 82/90 - 62.302s
3: Epoch 82/90 - 62.302s
0: Epoch 82/90 - 62.302s
1: Epoch 83/90 - 61.937s
2: Epoch 83/90 - 61.937s
3: Epoch 83/90 - 61.937s
0: Epoch 83/90 - 61.937s
1: Epoch 84/90 - 62.028s
2: Epoch 84/90 - 62.028s
3: Epoch 84/90 - 62.028s
0: Epoch 84/90 - 62.028s
1: Epoch 85/90 - 61.948s
2: Epoch 85/90 - 61.948s
3: Epoch 85/90 - 61.948s
0: Epoch 85/90 - 61.948s
1: Epoch 86/90 - 61.873s
2: Epoch 86/90 - 61.873s
3: Epoch 86/90 - 61.873s
0: Epoch 86/90 - 61.874s
1: Epoch 87/90 - 61.746s
2: Epoch 87/90 - 61.746s
3: Epoch 87/90 - 61.746s
0: Epoch 87/90 - 61.746s
1: Epoch 88/90 - 61.900s
2: Epoch 88/90 - 61.900s
3: Epoch 88/90 - 61.900s
0: Epoch 88/90 - 61.900s
1: Epoch 89/90 - 62.386s
1: Steps per epoch: 196
1: Validation steps per epoch: 157
2: Epoch 89/90 - 62.386s
2: Steps per epoch: 196
2: Validation steps per epoch: 157
1: Average time per epoch: 62.330 s
3: Epoch 89/90 - 62.386s
3: Steps per epoch: 196
3: Validation steps per epoch: 157
2: Average time per epoch: 62.330 s
0: Epoch 89/90 - 62.386s
3: Average time per epoch: 62.330 s
0: Steps per epoch: 196
0: Validation steps per epoch: 157
0: Average time per epoch: 62.330 s
1: --- 5613.265020608902 seconds ---
2: --- 5613.252663135529 seconds ---
0: --- 5613.2671620845795 seconds ---
3: --- 5613.2340450286865 seconds ---
ELAPSED: 5614 seconds
End at Sun Feb 14 05:01:02 EET 2021
