WORKERS: "gpu05-ib:5555","gpu06-ib:5555","gpu07-ib:5555","gpu08-ib:5555","gpu09-ib:5555","gpu10-ib:5555","gpu11-ib:5555","gpu12-ib:5555"
Start at Sat Feb 13 23:14:24 EET 2021
CUDA_VISIBLE_DEVICES: 0,1
Running on hosts: gpu[05-12]
Running on 8 nodes.
Running 2 tasks per node
Job id is 1094927
15: Number of devices per node: 2
02: Number of devices per node: 2
01: Number of devices per node: 2
05: Number of devices per node: 2
09: Number of devices per node: 2
12: Number of devices per node: 2
14: Number of devices per node: 2
03: Number of devices per node: 2
11: Number of devices per node: 2
00: Number of devices per node: 2
04: Number of devices per node: 2
06: Number of devices per node: 2
08: Number of devices per node: 2
13: Number of devices per node: 2
10: Number of devices per node: 2
07: Number of devices per node: 2
10: rank 10
11: rank
05: rank 5
11:  11
08: rank 8
09: rank 
02: rank 2
09: 9
15: rank 15
13: rank 13
02: 
06: rank 6
06: 
12: rank 12
04: rank 4
14: rank 14
12: 
07: rank 7
00: rank 0
03: rank 3
01: rank 
01: 1
08: => creating model 'resnet50'
09: => creating model 'resnet50'
07: => creating model 'resnet50'
00: => creating model 'resnet50'
06: => creating model 'resnet50'
01: => creating model 'resnet50'
10: => creating model 'resnet50'
04: => creating model 'resnet50'
05: => creating model 'resnet50'
13: => creating model 'resnet50'
12: => creating model 'resnet50'
11: => creating model 'resnet50'
14: => creating model 'resnet50'
15: => creating model 'resnet50'
02: => creating model 'resnet50'
03: => creating model 'resnet50'
08: Epoch 0/90 - 34.287s
01: Epoch 0/90 - 34.287s
02: Epoch 0/90 - 34.287s
06: Epoch 0/90 - 34.287s
15: Epoch 0/90 - 34.287s
12: Epoch 0/90 - 34.287s
04: Epoch 0/90 - 34.287s
03: Epoch 0/90 - 34.287s
09: Epoch 0/90 - 34.287s
07: Epoch 0/90 - 34.287s
14: Epoch 0/90 - 34.287s
10: Epoch 0/90 - 34.287s
13: Epoch 0/90 - 34.287s
05: Epoch 0/90 - 34.287s
11: Epoch 0/90 - 34.287s
00: Epoch 0/90 - 34.291s
01: Epoch 1/90 - 23.195s
02: Epoch 1/90 - 23.195s
08: Epoch 1/90 - 23.195s
06: Epoch 1/90 - 23.195s
14: Epoch 1/90 - 23.195s
10: Epoch 1/90 - 23.195s
12: Epoch 1/90 - 23.195s
04: Epoch 1/90 - 23.195s
03: Epoch 1/90 - 23.195s
09: Epoch 1/90 - 23.195s
07: Epoch 1/90 - 23.195s
15: Epoch 1/90 - 23.195s
11: Epoch 1/90 - 23.195s
13: Epoch 1/90 - 23.195s
05: Epoch 1/90 - 23.195s
00: Epoch 1/90 - 23.195s
01: Epoch 2/90 - 23.499s
02: Epoch 2/90 - 23.499s
08: Epoch 2/90 - 23.499s
06: Epoch 2/90 - 23.499s
10: Epoch 2/90 - 23.499s
12: Epoch 2/90 - 23.499s
03: Epoch 2/90 - 23.499s
09: Epoch 2/90 - 23.499s
07: Epoch 2/90 - 23.499s
14: Epoch 2/90 - 23.499s
11: Epoch 2/90 - 23.499s
13: Epoch 2/90 - 23.499s
04: Epoch 2/90 - 23.499s
00: Epoch 2/90 - 23.499s
15: Epoch 2/90 - 23.499s
05: Epoch 2/90 - 23.499s
01: Epoch 3/90 - 22.816s
02: Epoch 3/90 - 22.816s
08: Epoch 3/90 - 22.816s
06: Epoch 3/90 - 22.816s
14: Epoch 3/90 - 22.816s
10: Epoch 3/90 - 22.816s
12: Epoch 3/90 - 22.816s
04: Epoch 3/90 - 22.816s
03: Epoch 3/90 - 22.816s
09: Epoch 3/90 - 22.816s
07: Epoch 3/90 - 22.816s
15: Epoch 3/90 - 22.816s
11: Epoch 3/90 - 22.816s
13: Epoch 3/90 - 22.816s
05: Epoch 3/90 - 22.816s
00: Epoch 3/90 - 22.816s
08: Epoch 4/90 - 23.033s
01: Epoch 4/90 - 23.033s
14: Epoch 4/90 - 23.033s
12: Epoch 4/90 - 23.033s
02: Epoch 4/90 - 23.033s
09: Epoch 4/90 - 23.033s
06: Epoch 4/90 - 23.033s
15: Epoch 4/90 - 23.033s
10: Epoch 4/90 - 23.033s
13: Epoch 4/90 - 23.033s
04: Epoch 4/90 - 23.033s
03: Epoch 4/90 - 23.033s
07: Epoch 4/90 - 23.033s
11: Epoch 4/90 - 23.033s
05: Epoch 4/90 - 23.033s
00: Epoch 4/90 - 23.033s
01: Epoch 5/90 - 22.197s
14: Epoch 5/90 - 22.197s
02: Epoch 5/90 - 22.197s
08: Epoch 5/90 - 22.197s
06: Epoch 5/90 - 22.197s
10: Epoch 5/90 - 22.197s
12: Epoch 5/90 - 22.197s
04: Epoch 5/90 - 22.197s
03: Epoch 5/90 - 22.197s
09: Epoch 5/90 - 22.197s
07: Epoch 5/90 - 22.197s
15: Epoch 5/90 - 22.197s
11: Epoch 5/90 - 22.197s
13: Epoch 5/90 - 22.197s
05: Epoch 5/90 - 22.197s
00: Epoch 5/90 - 22.197s
01: Epoch 6/90 - 22.831s
14: Epoch 6/90 - 22.831s
12: Epoch 6/90 - 22.831s
02: Epoch 6/90 - 22.831s
08: Epoch 6/90 - 22.831s
06: Epoch 6/90 - 22.831s
15: Epoch 6/90 - 22.831s
10: Epoch 6/90 - 22.831s
13: Epoch 6/90 - 22.831s
04: Epoch 6/90 - 22.831s
03: Epoch 6/90 - 22.831s
09: Epoch 6/90 - 22.831s
07: Epoch 6/90 - 22.831s
11: Epoch 6/90 - 22.831s
05: Epoch 6/90 - 22.831s
00: Epoch 6/90 - 22.831s
01: Epoch 7/90 - 22.439s
02: Epoch 7/90 - 22.439s
08: Epoch 7/90 - 22.439s
06: Epoch 7/90 - 22.439s
14: Epoch 7/90 - 22.439s
10: Epoch 7/90 - 22.439s
12: Epoch 7/90 - 22.439s
04: Epoch 7/90 - 22.439s
03: Epoch 7/90 - 22.439s
09: Epoch 7/90 - 22.439s
07: Epoch 7/90 - 22.439s
15: Epoch 7/90 - 22.439s
11: Epoch 7/90 - 22.439s
13: Epoch 7/90 - 22.439s
05: Epoch 7/90 - 22.439s
00: Epoch 7/90 - 22.439s
02: Epoch 8/90 - 22.559s
08: Epoch 8/90 - 22.559s
01: Epoch 8/90 - 22.559s
06: Epoch 8/90 - 22.559s
14: Epoch 8/90 - 22.559s
10: Epoch 8/90 - 22.559s
04: Epoch 8/90 - 22.559s
03: Epoch 8/90 - 22.559s
09: Epoch 8/90 - 22.559s
07: Epoch 8/90 - 22.559s
15: Epoch 8/90 - 22.559s
11: Epoch 8/90 - 22.559s
12: Epoch 8/90 - 22.559s
05: Epoch 8/90 - 22.559s
13: Epoch 8/90 - 22.559s
00: Epoch 8/90 - 22.559s
01: Epoch 9/90 - 22.723s
10: Epoch 9/90 - 22.723s
04: Epoch 9/90 - 22.723s
02: Epoch 9/90 - 22.723s
08: Epoch 9/90 - 22.723s
06: Epoch 9/90 - 22.723s
14: Epoch 9/90 - 22.723s
12: Epoch 9/90 - 22.723s
03: Epoch 9/90 - 22.723s
09: Epoch 9/90 - 22.723s
07: Epoch 9/90 - 22.723s
15: Epoch 9/90 - 22.723s
11: Epoch 9/90 - 22.723s
13: Epoch 9/90 - 22.723s
05: Epoch 9/90 - 22.723s
00: Epoch 9/90 - 22.723s
08: Epoch 10/90 - 22.804s
01: Epoch 10/90 - 22.804s
12: Epoch 10/90 - 22.804s
02: Epoch 10/90 - 22.804s
09: Epoch 10/90 - 22.804s
06: Epoch 10/90 - 22.804s
14: Epoch 10/90 - 22.804s
10: Epoch 10/90 - 22.804s
13: Epoch 10/90 - 22.804s
04: Epoch 10/90 - 22.804s
03: Epoch 10/90 - 22.804s
07: Epoch 10/90 - 22.804s
15: Epoch 10/90 - 22.804s
11: Epoch 10/90 - 22.804s
05: Epoch 10/90 - 22.804s
00: Epoch 10/90 - 22.804s
08: Epoch 11/90 - 22.996s
01: Epoch 11/90 - 22.996s
12: Epoch 11/90 - 22.996s
02: Epoch 11/90 - 22.996s
06: Epoch 11/90 - 22.996s
14: Epoch 11/90 - 22.996s
10: Epoch 11/90 - 22.996s
13: Epoch 11/90 - 22.996s
04: Epoch 11/90 - 22.996s
03: Epoch 11/90 - 22.996s
09: Epoch 11/90 - 22.996s
07: Epoch 11/90 - 22.996s
15: Epoch 11/90 - 22.996s
11: Epoch 11/90 - 22.996s
05: Epoch 11/90 - 22.996s
00: Epoch 11/90 - 22.996s
01: Epoch 12/90 - 22.847s
14: Epoch 12/90 - 22.847s
04: Epoch 12/90 - 22.847s
02: Epoch 12/90 - 22.847s
08: Epoch 12/90 - 22.847s
06: Epoch 12/90 - 22.847s
10: Epoch 12/90 - 22.847s
12: Epoch 12/90 - 22.847s
05: Epoch 12/90 - 22.847s
03: Epoch 12/90 - 22.847s
09: Epoch 12/90 - 22.847s
07: Epoch 12/90 - 22.847s
15: Epoch 12/90 - 22.847s
11: Epoch 12/90 - 22.847s
13: Epoch 12/90 - 22.847s
00: Epoch 12/90 - 22.847s
01: Epoch 13/90 - 22.887s
02: Epoch 13/90 - 22.887s
08: Epoch 13/90 - 22.887s
06: Epoch 13/90 - 22.887s
14: Epoch 13/90 - 22.887s
10: Epoch 13/90 - 22.887s
12: Epoch 13/90 - 22.887s
04: Epoch 13/90 - 22.887s
03: Epoch 13/90 - 22.887s
09: Epoch 13/90 - 22.887s
07: Epoch 13/90 - 22.887s
15: Epoch 13/90 - 22.887s
11: Epoch 13/90 - 22.887s
13: Epoch 13/90 - 22.887s
05: Epoch 13/90 - 22.887s
00: Epoch 13/90 - 22.887s
01: Epoch 14/90 - 22.683s
02: Epoch 14/90 - 22.683s
08: Epoch 14/90 - 22.683s
06: Epoch 14/90 - 22.683s
14: Epoch 14/90 - 22.683s
10: Epoch 14/90 - 22.683s
12: Epoch 14/90 - 22.683s
04: Epoch 14/90 - 22.683s
03: Epoch 14/90 - 22.683s
09: Epoch 14/90 - 22.683s
07: Epoch 14/90 - 22.683s
15: Epoch 14/90 - 22.683s
11: Epoch 14/90 - 22.683s
13: Epoch 14/90 - 22.683s
05: Epoch 14/90 - 22.683s
00: Epoch 14/90 - 22.683s
01: Epoch 15/90 - 23.022s
02: Epoch 15/90 - 23.022s
08: Epoch 15/90 - 23.022s
06: Epoch 15/90 - 23.022s
10: Epoch 15/90 - 23.022s
12: Epoch 15/90 - 23.022s
04: Epoch 15/90 - 23.022s
03: Epoch 15/90 - 23.022s
09: Epoch 15/90 - 23.022s
07: Epoch 15/90 - 23.022s
14: Epoch 15/90 - 23.022s
11: Epoch 15/90 - 23.022s
13: Epoch 15/90 - 23.022s
05: Epoch 15/90 - 23.022s
00: Epoch 15/90 - 23.022s
15: Epoch 15/90 - 23.022s
08: Epoch 16/90 - 22.874s
01: Epoch 16/90 - 22.874s
14: Epoch 16/90 - 22.874s
02: Epoch 16/90 - 22.874s
09: Epoch 16/90 - 22.874s
06: Epoch 16/90 - 22.874s
10: Epoch 16/90 - 22.874s
12: Epoch 16/90 - 22.874s
04: Epoch 16/90 - 22.874s
03: Epoch 16/90 - 22.874s
07: Epoch 16/90 - 22.874s
15: Epoch 16/90 - 22.874s
11: Epoch 16/90 - 22.874s
13: Epoch 16/90 - 22.874s
05: Epoch 16/90 - 22.874s
00: Epoch 16/90 - 22.874s
01: Epoch 17/90 - 23.213s
02: Epoch 17/90 - 23.213s
08: Epoch 17/90 - 23.213s
06: Epoch 17/90 - 23.213s
10: Epoch 17/90 - 23.213s
12: Epoch 17/90 - 23.213s
04: Epoch 17/90 - 23.213s
03: Epoch 17/90 - 23.213s
09: Epoch 17/90 - 23.213s
07: Epoch 17/90 - 23.213s
14: Epoch 17/90 - 23.213s
11: Epoch 17/90 - 23.213s
13: Epoch 17/90 - 23.213s
05: Epoch 17/90 - 23.213s
00: Epoch 17/90 - 23.213s
15: Epoch 17/90 - 23.213s
02: Epoch 18/90 - 22.948s
01: Epoch 18/90 - 22.948s
10: Epoch 18/90 - 22.948s
12: Epoch 18/90 - 22.948s
03: Epoch 18/90 - 22.948s
08: Epoch 18/90 - 22.948s
06: Epoch 18/90 - 22.948s
14: Epoch 18/90 - 22.948s
11: Epoch 18/90 - 22.948s
13: Epoch 18/90 - 22.948s
04: Epoch 18/90 - 22.948s
09: Epoch 18/90 - 22.948s
07: Epoch 18/90 - 22.948s
15: Epoch 18/90 - 22.948s
05: Epoch 18/90 - 22.948s
00: Epoch 18/90 - 22.948s
08: Epoch 19/90 - 23.393s
01: Epoch 19/90 - 23.393s
02: Epoch 19/90 - 23.393s
09: Epoch 19/90 - 23.393s
06: Epoch 19/90 - 23.393s
14: Epoch 19/90 - 23.393s
10: Epoch 19/90 - 23.393s
12: Epoch 19/90 - 23.393s
04: Epoch 19/90 - 23.393s
03: Epoch 19/90 - 23.393s
07: Epoch 19/90 - 23.393s
15: Epoch 19/90 - 23.393s
11: Epoch 19/90 - 23.393s
13: Epoch 19/90 - 23.393s
05: Epoch 19/90 - 23.393s
00: Epoch 19/90 - 23.393s
01: Epoch 20/90 - 22.838s
02: Epoch 20/90 - 22.838s
10: Epoch 20/90 - 22.838s
12: Epoch 20/90 - 22.838s
04: Epoch 20/90 - 22.838s
03: Epoch 20/90 - 22.838s
08: Epoch 20/90 - 22.838s
00: Epoch 20/90 - 22.838s
06: Epoch 20/90 - 22.838s
14: Epoch 20/90 - 22.838s
11: Epoch 20/90 - 22.838s
13: Epoch 20/90 - 22.838s
05: Epoch 20/90 - 22.838s
09: Epoch 20/90 - 22.838s
07: Epoch 20/90 - 22.838s
15: Epoch 20/90 - 22.838s
01: Epoch 21/90 - 22.784s
02: Epoch 21/90 - 22.784s
08: Epoch 21/90 - 22.784s
06: Epoch 21/90 - 22.784s
14: Epoch 21/90 - 22.784s
10: Epoch 21/90 - 22.784s
12: Epoch 21/90 - 22.784s
04: Epoch 21/90 - 22.784s
03: Epoch 21/90 - 22.784s
09: Epoch 21/90 - 22.784s
07: Epoch 21/90 - 22.784s
15: Epoch 21/90 - 22.784s
11: Epoch 21/90 - 22.784s
13: Epoch 21/90 - 22.784s
05: Epoch 21/90 - 22.784s
00: Epoch 21/90 - 22.784s
02: Epoch 22/90 - 22.826s
08: Epoch 22/90 - 22.826s
01: Epoch 22/90 - 22.826s
11: Epoch 22/90 - 22.826s
12: Epoch 22/90 - 22.826s
03: Epoch 22/90 - 22.826s
09: Epoch 22/90 - 22.826s
06: Epoch 22/90 - 22.826s
14: Epoch 22/90 - 22.826s
10: Epoch 22/90 - 22.826s
13: Epoch 22/90 - 22.826s
04: Epoch 22/90 - 22.826s
07: Epoch 22/90 - 22.826s
15: Epoch 22/90 - 22.826s
05: Epoch 22/90 - 22.826s
00: Epoch 22/90 - 22.826s
01: Epoch 23/90 - 24.216s
02: Epoch 23/90 - 24.216s
08: Epoch 23/90 - 24.216s
06: Epoch 23/90 - 24.216s
14: Epoch 23/90 - 24.216s
10: Epoch 23/90 - 24.216s
12: Epoch 23/90 - 24.216s
04: Epoch 23/90 - 24.216s
03: Epoch 23/90 - 24.216s
09: Epoch 23/90 - 24.216s
07: Epoch 23/90 - 24.216s
15: Epoch 23/90 - 24.216s
11: Epoch 23/90 - 24.216s
13: Epoch 23/90 - 24.216s
05: Epoch 23/90 - 24.216s
00: Epoch 23/90 - 24.216s
01: Epoch 24/90 - 24.577s
02: Epoch 24/90 - 24.577s
08: Epoch 24/90 - 24.577s
06: Epoch 24/90 - 24.577s
14: Epoch 24/90 - 24.577s
10: Epoch 24/90 - 24.577s
12: Epoch 24/90 - 24.577s
04: Epoch 24/90 - 24.577s
03: Epoch 24/90 - 24.577s
09: Epoch 24/90 - 24.577s
07: Epoch 24/90 - 24.577s
15: Epoch 24/90 - 24.577s
11: Epoch 24/90 - 24.577s
13: Epoch 24/90 - 24.577s
05: Epoch 24/90 - 24.577s
00: Epoch 24/90 - 24.577s
01: Epoch 25/90 - 24.399s
08: Epoch 25/90 - 24.399s
02: Epoch 25/90 - 24.399s
06: Epoch 25/90 - 24.399s
14: Epoch 25/90 - 24.399s
10: Epoch 25/90 - 24.399s
12: Epoch 25/90 - 24.399s
04: Epoch 25/90 - 24.399s
03: Epoch 25/90 - 24.399s
09: Epoch 25/90 - 24.399s
07: Epoch 25/90 - 24.399s
15: Epoch 25/90 - 24.399s
11: Epoch 25/90 - 24.399s
13: Epoch 25/90 - 24.399s
05: Epoch 25/90 - 24.399s
00: Epoch 25/90 - 24.399s
01: Epoch 26/90 - 24.428s
12: Epoch 26/90 - 24.428s
04: Epoch 26/90 - 24.428s
02: Epoch 26/90 - 24.428s
08: Epoch 26/90 - 24.428s
06: Epoch 26/90 - 24.428s
14: Epoch 26/90 - 24.428s
10: Epoch 26/90 - 24.428s
03: Epoch 26/90 - 24.428s
09: Epoch 26/90 - 24.428s
07: Epoch 26/90 - 24.428s
15: Epoch 26/90 - 24.428s
11: Epoch 26/90 - 24.428s
13: Epoch 26/90 - 24.428s
05: Epoch 26/90 - 24.428s
00: Epoch 26/90 - 24.428s
01: Epoch 27/90 - 24.308s
02: Epoch 27/90 - 24.308s
08: Epoch 27/90 - 24.308s
06: Epoch 27/90 - 24.308s
10: Epoch 27/90 - 24.308s
12: Epoch 27/90 - 24.308s
04: Epoch 27/90 - 24.308s
03: Epoch 27/90 - 24.308s
09: Epoch 27/90 - 24.308s
07: Epoch 27/90 - 24.308s
14: Epoch 27/90 - 24.308s
11: Epoch 27/90 - 24.308s
13: Epoch 27/90 - 24.308s
05: Epoch 27/90 - 24.308s
15: Epoch 27/90 - 24.308s
00: Epoch 27/90 - 24.308s
01: Epoch 28/90 - 24.360s
02: Epoch 28/90 - 24.360s
08: Epoch 28/90 - 24.360s
06: Epoch 28/90 - 24.360s
10: Epoch 28/90 - 24.360s
12: Epoch 28/90 - 24.360s
04: Epoch 28/90 - 24.360s
03: Epoch 28/90 - 24.360s
09: Epoch 28/90 - 24.360s
07: Epoch 28/90 - 24.360s
14: Epoch 28/90 - 24.360s
11: Epoch 28/90 - 24.360s
13: Epoch 28/90 - 24.360s
05: Epoch 28/90 - 24.360s
15: Epoch 28/90 - 24.360s
00: Epoch 28/90 - 24.360s
01: Epoch 29/90 - 24.458s
02: Epoch 29/90 - 24.458s
08: Epoch 29/90 - 24.458s
10: Epoch 29/90 - 24.458s
12: Epoch 29/90 - 24.458s
04: Epoch 29/90 - 24.458s
03: Epoch 29/90 - 24.458s
09: Epoch 29/90 - 24.458s
06: Epoch 29/90 - 24.458s
14: Epoch 29/90 - 24.458s
11: Epoch 29/90 - 24.458s
13: Epoch 29/90 - 24.458s
05: Epoch 29/90 - 24.458s
07: Epoch 29/90 - 24.458s
15: Epoch 29/90 - 24.458s
00: Epoch 29/90 - 24.458s
01: Epoch 30/90 - 24.435s
09: Epoch 30/90 - 24.435s
02: Epoch 30/90 - 24.435s
08: Epoch 30/90 - 24.435s
06: Epoch 30/90 - 24.435s
14: Epoch 30/90 - 24.435s
10: Epoch 30/90 - 24.435s
12: Epoch 30/90 - 24.435s
04: Epoch 30/90 - 24.435s
03: Epoch 30/90 - 24.435s
07: Epoch 30/90 - 24.435s
15: Epoch 30/90 - 24.435s
11: Epoch 30/90 - 24.435s
13: Epoch 30/90 - 24.435s
05: Epoch 30/90 - 24.435s
00: Epoch 30/90 - 24.435s
01: Epoch 31/90 - 24.283s
10: Epoch 31/90 - 24.283s
02: Epoch 31/90 - 24.283s
08: Epoch 31/90 - 24.283s
06: Epoch 31/90 - 24.283s
14: Epoch 31/90 - 24.283s
12: Epoch 31/90 - 24.283s
04: Epoch 31/90 - 24.283s
03: Epoch 31/90 - 24.283s
09: Epoch 31/90 - 24.283s
07: Epoch 31/90 - 24.283s
15: Epoch 31/90 - 24.283s
11: Epoch 31/90 - 24.283s
13: Epoch 31/90 - 24.283s
05: Epoch 31/90 - 24.283s
00: Epoch 31/90 - 24.283s
01: Epoch 32/90 - 23.142s
02: Epoch 32/90 - 23.142s
04: Epoch 32/90 - 23.142s
08: Epoch 32/90 - 23.142s
06: Epoch 32/90 - 23.142s
14: Epoch 32/90 - 23.142s
10: Epoch 32/90 - 23.142s
12: Epoch 32/90 - 23.142s
03: Epoch 32/90 - 23.142s
09: Epoch 32/90 - 23.142s
00: Epoch 32/90 - 23.142s
07: Epoch 32/90 - 23.142s
15: Epoch 32/90 - 23.142s
11: Epoch 32/90 - 23.142s
13: Epoch 32/90 - 23.142s
05: Epoch 32/90 - 23.142s
01: Epoch 33/90 - 23.100s
10: Epoch 33/90 - 23.100s
02: Epoch 33/90 - 23.100s
08: Epoch 33/90 - 23.100s
06: Epoch 33/90 - 23.100s
14: Epoch 33/90 - 23.100s
12: Epoch 33/90 - 23.100s
04: Epoch 33/90 - 23.100s
03: Epoch 33/90 - 23.100s
09: Epoch 33/90 - 23.100s
07: Epoch 33/90 - 23.100s
15: Epoch 33/90 - 23.100s
11: Epoch 33/90 - 23.100s
13: Epoch 33/90 - 23.100s
05: Epoch 33/90 - 23.100s
00: Epoch 33/90 - 23.100s
01: Epoch 34/90 - 22.840s
12: Epoch 34/90 - 22.840s
02: Epoch 34/90 - 22.840s
08: Epoch 34/90 - 22.840s
06: Epoch 34/90 - 22.840s
14: Epoch 34/90 - 22.840s
10: Epoch 34/90 - 22.840s
13: Epoch 34/90 - 22.840s
04: Epoch 34/90 - 22.840s
03: Epoch 34/90 - 22.840s
09: Epoch 34/90 - 22.840s
07: Epoch 34/90 - 22.840s
15: Epoch 34/90 - 22.840s
11: Epoch 34/90 - 22.840s
05: Epoch 34/90 - 22.840s
00: Epoch 34/90 - 22.840s
01: Epoch 35/90 - 22.038s
02: Epoch 35/90 - 22.038s
08: Epoch 35/90 - 22.038s
06: Epoch 35/90 - 22.038s
14: Epoch 35/90 - 22.038s
10: Epoch 35/90 - 22.038s
12: Epoch 35/90 - 22.038s
04: Epoch 35/90 - 22.038s
03: Epoch 35/90 - 22.038s
09: Epoch 35/90 - 22.038s
07: Epoch 35/90 - 22.038s
15: Epoch 35/90 - 22.038s
11: Epoch 35/90 - 22.038s
13: Epoch 35/90 - 22.038s
05: Epoch 35/90 - 22.038s
00: Epoch 35/90 - 22.038s
01: Epoch 36/90 - 22.881s
10: Epoch 36/90 - 22.881s
02: Epoch 36/90 - 22.881s
08: Epoch 36/90 - 22.881s
14: Epoch 36/90 - 22.881s
12: Epoch 36/90 - 22.881s
04: Epoch 36/90 - 22.881s
03: Epoch 36/90 - 22.881s
09: Epoch 36/90 - 22.881s
06: Epoch 36/90 - 22.881s
15: Epoch 36/90 - 22.881s
11: Epoch 36/90 - 22.881s
13: Epoch 36/90 - 22.881s
05: Epoch 36/90 - 22.881s
07: Epoch 36/90 - 22.881s
00: Epoch 36/90 - 22.881s
01: Epoch 37/90 - 23.363s
02: Epoch 37/90 - 23.363s
08: Epoch 37/90 - 23.363s
06: Epoch 37/90 - 23.363s
12: Epoch 37/90 - 23.363s
03: Epoch 37/90 - 23.363s
09: Epoch 37/90 - 23.363s
07: Epoch 37/90 - 23.363s
14: Epoch 37/90 - 23.363s
10: Epoch 37/90 - 23.363s
13: Epoch 37/90 - 23.363s
04: Epoch 37/90 - 23.363s
00: Epoch 37/90 - 23.363s
15: Epoch 37/90 - 23.363s
11: Epoch 37/90 - 23.363s
05: Epoch 37/90 - 23.363s
01: Epoch 38/90 - 23.770s
02: Epoch 38/90 - 23.770s
10: Epoch 38/90 - 23.770s
08: Epoch 38/90 - 23.770s
06: Epoch 38/90 - 23.770s
14: Epoch 38/90 - 23.770s
12: Epoch 38/90 - 23.770s
04: Epoch 38/90 - 23.770s
03: Epoch 38/90 - 23.770s
09: Epoch 38/90 - 23.770s
00: Epoch 38/90 - 23.770s
07: Epoch 38/90 - 23.770s
15: Epoch 38/90 - 23.770s
11: Epoch 38/90 - 23.770s
13: Epoch 38/90 - 23.770s
05: Epoch 38/90 - 23.770s
01: Epoch 39/90 - 23.796s
02: Epoch 39/90 - 23.796s
08: Epoch 39/90 - 23.796s
06: Epoch 39/90 - 23.796s
14: Epoch 39/90 - 23.796s
10: Epoch 39/90 - 23.796s
12: Epoch 39/90 - 23.796s
04: Epoch 39/90 - 23.796s
03: Epoch 39/90 - 23.796s
09: Epoch 39/90 - 23.796s
00: Epoch 39/90 - 23.796s
07: Epoch 39/90 - 23.796s
15: Epoch 39/90 - 23.796s
11: Epoch 39/90 - 23.796s
13: Epoch 39/90 - 23.796s
05: Epoch 39/90 - 23.796s
01: Epoch 40/90 - 23.420s
02: Epoch 40/90 - 23.420s
08: Epoch 40/90 - 23.420s
06: Epoch 40/90 - 23.420s
10: Epoch 40/90 - 23.420s
12: Epoch 40/90 - 23.420s
03: Epoch 40/90 - 23.420s
09: Epoch 40/90 - 23.420s
07: Epoch 40/90 - 23.420s
14: Epoch 40/90 - 23.420s
11: Epoch 40/90 - 23.420s
13: Epoch 40/90 - 23.420s
04: Epoch 40/90 - 23.420s
00: Epoch 40/90 - 23.420s
15: Epoch 40/90 - 23.420s
05: Epoch 40/90 - 23.420s
01: Epoch 41/90 - 23.644s
08: Epoch 41/90 - 23.644s
10: Epoch 41/90 - 23.644s
12: Epoch 41/90 - 23.644s
02: Epoch 41/90 - 23.644s
09: Epoch 41/90 - 23.644s
06: Epoch 41/90 - 23.644s
14: Epoch 41/90 - 23.644s
13: Epoch 41/90 - 23.644s
04: Epoch 41/90 - 23.644s
03: Epoch 41/90 - 23.644s
07: Epoch 41/90 - 23.644s
15: Epoch 41/90 - 23.644s
11: Epoch 41/90 - 23.644s
05: Epoch 41/90 - 23.644s
00: Epoch 41/90 - 23.644s
01: Epoch 42/90 - 23.722s
12: Epoch 42/90 - 23.722s
02: Epoch 42/90 - 23.722s
08: Epoch 42/90 - 23.722s
06: Epoch 42/90 - 23.722s
10: Epoch 42/90 - 23.722s
04: Epoch 42/90 - 23.722s
03: Epoch 42/90 - 23.722s
09: Epoch 42/90 - 23.722s
07: Epoch 42/90 - 23.722s
14: Epoch 42/90 - 23.722s
11: Epoch 42/90 - 23.722s
13: Epoch 42/90 - 23.722s
05: Epoch 42/90 - 23.722s
15: Epoch 42/90 - 23.722s
00: Epoch 42/90 - 23.722s
01: Epoch 43/90 - 23.758s
02: Epoch 43/90 - 23.758s
08: Epoch 43/90 - 23.758s
06: Epoch 43/90 - 23.758s
10: Epoch 43/90 - 23.758s
04: Epoch 43/90 - 23.758s
03: Epoch 43/90 - 23.758s
09: Epoch 43/90 - 23.758s
07: Epoch 43/90 - 23.758s
14: Epoch 43/90 - 23.758s
11: Epoch 43/90 - 23.758s
12: Epoch 43/90 - 23.758s
05: Epoch 43/90 - 23.758s
15: Epoch 43/90 - 23.758s
13: Epoch 43/90 - 23.758s
00: Epoch 43/90 - 23.758s
01: Epoch 44/90 - 23.753s
02: Epoch 44/90 - 23.753s
08: Epoch 44/90 - 23.753s
06: Epoch 44/90 - 23.753s
14: Epoch 44/90 - 23.753s
10: Epoch 44/90 - 23.753s
12: Epoch 44/90 - 23.753s
04: Epoch 44/90 - 23.753s
03: Epoch 44/90 - 23.753s
09: Epoch 44/90 - 23.753s
07: Epoch 44/90 - 23.753s
15: Epoch 44/90 - 23.753s
11: Epoch 44/90 - 23.753s
13: Epoch 44/90 - 23.753s
05: Epoch 44/90 - 23.753s
00: Epoch 44/90 - 23.753s
01: Epoch 45/90 - 23.787s
02: Epoch 45/90 - 23.787s
08: Epoch 45/90 - 23.787s
10: Epoch 45/90 - 23.787s
12: Epoch 45/90 - 23.787s
04: Epoch 45/90 - 23.787s
03: Epoch 45/90 - 23.787s
09: Epoch 45/90 - 23.787s
06: Epoch 45/90 - 23.787s
14: Epoch 45/90 - 23.787s
11: Epoch 45/90 - 23.787s
13: Epoch 45/90 - 23.787s
05: Epoch 45/90 - 23.787s
07: Epoch 45/90 - 23.787s
15: Epoch 45/90 - 23.787s
00: Epoch 45/90 - 23.787s
01: Epoch 46/90 - 23.866s
02: Epoch 46/90 - 23.866s
08: Epoch 46/90 - 23.866s
06: Epoch 46/90 - 23.866s
10: Epoch 46/90 - 23.866s
12: Epoch 46/90 - 23.866s
04: Epoch 46/90 - 23.866s
03: Epoch 46/90 - 23.866s
09: Epoch 46/90 - 23.866s
07: Epoch 46/90 - 23.866s
14: Epoch 46/90 - 23.866s
11: Epoch 46/90 - 23.866s
13: Epoch 46/90 - 23.866s
05: Epoch 46/90 - 23.866s
00: Epoch 46/90 - 23.866s
15: Epoch 46/90 - 23.866s
01: Epoch 47/90 - 23.659s
02: Epoch 47/90 - 23.659s
08: Epoch 47/90 - 23.659s
06: Epoch 47/90 - 23.659s
10: Epoch 47/90 - 23.659s
04: Epoch 47/90 - 23.659s
03: Epoch 47/90 - 23.659s
09: Epoch 47/90 - 23.659s
07: Epoch 47/90 - 23.659s
14: Epoch 47/90 - 23.659s
11: Epoch 47/90 - 23.659s
12: Epoch 47/90 - 23.659s
05: Epoch 47/90 - 23.659s
00: Epoch 47/90 - 23.659s
15: Epoch 47/90 - 23.659s
13: Epoch 47/90 - 23.659s
01: Epoch 48/90 - 23.652s
02: Epoch 48/90 - 23.652s
08: Epoch 48/90 - 23.652s
06: Epoch 48/90 - 23.652s
14: Epoch 48/90 - 23.652s
10: Epoch 48/90 - 23.652s
12: Epoch 48/90 - 23.652s
04: Epoch 48/90 - 23.652s
03: Epoch 48/90 - 23.652s
09: Epoch 48/90 - 23.652s
07: Epoch 48/90 - 23.652s
15: Epoch 48/90 - 23.652s
11: Epoch 48/90 - 23.652s
13: Epoch 48/90 - 23.652s
05: Epoch 48/90 - 23.652s
00: Epoch 48/90 - 23.652s
08: Epoch 49/90 - 23.448s
01: Epoch 49/90 - 23.448s
04: Epoch 49/90 - 23.448s
02: Epoch 49/90 - 23.448s
06: Epoch 49/90 - 23.448s
14: Epoch 49/90 - 23.448s
10: Epoch 49/90 - 23.448s
12: Epoch 49/90 - 23.448s
03: Epoch 49/90 - 23.448s
09: Epoch 49/90 - 23.448s
07: Epoch 49/90 - 23.448s
15: Epoch 49/90 - 23.448s
11: Epoch 49/90 - 23.448s
13: Epoch 49/90 - 23.448s
05: Epoch 49/90 - 23.448s
00: Epoch 49/90 - 23.448s
01: Epoch 50/90 - 24.013s
08: Epoch 50/90 - 24.013s
06: Epoch 50/90 - 24.013s
10: Epoch 50/90 - 24.013s
12: Epoch 50/90 - 24.013s
04: Epoch 50/90 - 24.013s
02: Epoch 50/90 - 24.013s
09: Epoch 50/90 - 24.013s
07: Epoch 50/90 - 24.013s
14: Epoch 50/90 - 24.013s
11: Epoch 50/90 - 24.013s
13: Epoch 50/90 - 24.013s
05: Epoch 50/90 - 24.013s
03: Epoch 50/90 - 24.013s
00: Epoch 50/90 - 24.013s
15: Epoch 50/90 - 24.013s
01: Epoch 51/90 - 23.823s
12: Epoch 51/90 - 23.823s
02: Epoch 51/90 - 23.823s
08: Epoch 51/90 - 23.823s
06: Epoch 51/90 - 23.823s
14: Epoch 51/90 - 23.823s
10: Epoch 51/90 - 23.823s
04: Epoch 51/90 - 23.823s
03: Epoch 51/90 - 23.823s
09: Epoch 51/90 - 23.823s
07: Epoch 51/90 - 23.823s
15: Epoch 51/90 - 23.823s
11: Epoch 51/90 - 23.823s
13: Epoch 51/90 - 23.823s
05: Epoch 51/90 - 23.823s
00: Epoch 51/90 - 23.823s
01: Epoch 52/90 - 23.944s
02: Epoch 52/90 - 23.944s
08: Epoch 52/90 - 23.944s
06: Epoch 52/90 - 23.944s
10: Epoch 52/90 - 23.944s
12: Epoch 52/90 - 23.944s
04: Epoch 52/90 - 23.944s
03: Epoch 52/90 - 23.944s
09: Epoch 52/90 - 23.944s
07: Epoch 52/90 - 23.944s
14: Epoch 52/90 - 23.944s
11: Epoch 52/90 - 23.944s
13: Epoch 52/90 - 23.944s
05: Epoch 52/90 - 23.944s
00: Epoch 52/90 - 23.944s
15: Epoch 52/90 - 23.944s
01: Epoch 53/90 - 23.539s
12: Epoch 53/90 - 23.539s
04: Epoch 53/90 - 23.539s
02: Epoch 53/90 - 23.539s
08: Epoch 53/90 - 23.539s
06: Epoch 53/90 - 23.539s
14: Epoch 53/90 - 23.539s
10: Epoch 53/90 - 23.539s
13: Epoch 53/90 - 23.539s
03: Epoch 53/90 - 23.539s
09: Epoch 53/90 - 23.539s
00: Epoch 53/90 - 23.539s
07: Epoch 53/90 - 23.539s
15: Epoch 53/90 - 23.539s
11: Epoch 53/90 - 23.539s
05: Epoch 53/90 - 23.539s
02: Epoch 54/90 - 23.722s
01: Epoch 54/90 - 23.722s
08: Epoch 54/90 - 23.722s
06: Epoch 54/90 - 23.722s
14: Epoch 54/90 - 23.722s
10: Epoch 54/90 - 23.722s
12: Epoch 54/90 - 23.722s
04: Epoch 54/90 - 23.722s
03: Epoch 54/90 - 23.722s
09: Epoch 54/90 - 23.722s
07: Epoch 54/90 - 23.722s
15: Epoch 54/90 - 23.722s
11: Epoch 54/90 - 23.722s
13: Epoch 54/90 - 23.722s
05: Epoch 54/90 - 23.722s
00: Epoch 54/90 - 23.722s
01: Epoch 55/90 - 23.759s
08: Epoch 55/90 - 23.759s
02: Epoch 55/90 - 23.759s
06: Epoch 55/90 - 23.759s
14: Epoch 55/90 - 23.759s
10: Epoch 55/90 - 23.759s
12: Epoch 55/90 - 23.759s
04: Epoch 55/90 - 23.759s
03: Epoch 55/90 - 23.759s
09: Epoch 55/90 - 23.759s
00: Epoch 55/90 - 23.759s
07: Epoch 55/90 - 23.759s
15: Epoch 55/90 - 23.759s
11: Epoch 55/90 - 23.759s
13: Epoch 55/90 - 23.759s
05: Epoch 55/90 - 23.759s
02: Epoch 56/90 - 23.535s
01: Epoch 56/90 - 23.535s
10: Epoch 56/90 - 23.535s
08: Epoch 56/90 - 23.535s
06: Epoch 56/90 - 23.535s
14: Epoch 56/90 - 23.535s
12: Epoch 56/90 - 23.535s
04: Epoch 56/90 - 23.535s
03: Epoch 56/90 - 23.535s
09: Epoch 56/90 - 23.535s
07: Epoch 56/90 - 23.535s
15: Epoch 56/90 - 23.535s
11: Epoch 56/90 - 23.535s
13: Epoch 56/90 - 23.535s
05: Epoch 56/90 - 23.535s
00: Epoch 56/90 - 23.535s
08: Epoch 57/90 - 23.688s
01: Epoch 57/90 - 23.688s
02: Epoch 57/90 - 23.688s
06: Epoch 57/90 - 23.688s
14: Epoch 57/90 - 23.688s
10: Epoch 57/90 - 23.688s
12: Epoch 57/90 - 23.688s
04: Epoch 57/90 - 23.688s
03: Epoch 57/90 - 23.688s
09: Epoch 57/90 - 23.688s
07: Epoch 57/90 - 23.688s
15: Epoch 57/90 - 23.688s
11: Epoch 57/90 - 23.688s
13: Epoch 57/90 - 23.688s
05: Epoch 57/90 - 23.688s
00: Epoch 57/90 - 23.688s
01: Epoch 58/90 - 23.591s
12: Epoch 58/90 - 23.591s
02: Epoch 58/90 - 23.591s
08: Epoch 58/90 - 23.591s
06: Epoch 58/90 - 23.591s
14: Epoch 58/90 - 23.591s
10: Epoch 58/90 - 23.591s
04: Epoch 58/90 - 23.591s
03: Epoch 58/90 - 23.591s
09: Epoch 58/90 - 23.591s
07: Epoch 58/90 - 23.591s
15: Epoch 58/90 - 23.591s
11: Epoch 58/90 - 23.591s
13: Epoch 58/90 - 23.591s
05: Epoch 58/90 - 23.591s
00: Epoch 58/90 - 23.591s
01: Epoch 59/90 - 23.806s
08: Epoch 59/90 - 23.806s
06: Epoch 59/90 - 23.806s
14: Epoch 59/90 - 23.806s
12: Epoch 59/90 - 23.806s
02: Epoch 59/90 - 23.806s
09: Epoch 59/90 - 23.806s
15: Epoch 59/90 - 23.806s
10: Epoch 59/90 - 23.806s
13: Epoch 59/90 - 23.806s
04: Epoch 59/90 - 23.806s
03: Epoch 59/90 - 23.806s
07: Epoch 59/90 - 23.806s
11: Epoch 59/90 - 23.806s
05: Epoch 59/90 - 23.806s
00: Epoch 59/90 - 23.806s
01: Epoch 60/90 - 23.776s
11: Epoch 60/90 - 23.776s
12: Epoch 60/90 - 23.776s
02: Epoch 60/90 - 23.776s
08: Epoch 60/90 - 23.776s
06: Epoch 60/90 - 23.776s
14: Epoch 60/90 - 23.776s
10: Epoch 60/90 - 23.776s
13: Epoch 60/90 - 23.776s
04: Epoch 60/90 - 23.776s
03: Epoch 60/90 - 23.776s
09: Epoch 60/90 - 23.776s
07: Epoch 60/90 - 23.776s
15: Epoch 60/90 - 23.776s
05: Epoch 60/90 - 23.776s
00: Epoch 60/90 - 23.776s
01: Epoch 61/90 - 23.731s
02: Epoch 61/90 - 23.731s
08: Epoch 61/90 - 23.731s
10: Epoch 61/90 - 23.731s
09: Epoch 61/90 - 23.731s
06: Epoch 61/90 - 23.731s
14: Epoch 61/90 - 23.731s
11: Epoch 61/90 - 23.731s
12: Epoch 61/90 - 23.731s
04: Epoch 61/90 - 23.731s
03: Epoch 61/90 - 23.731s
00: Epoch 61/90 - 23.731s
07: Epoch 61/90 - 23.731s
15: Epoch 61/90 - 23.731s
13: Epoch 61/90 - 23.731s
05: Epoch 61/90 - 23.731s
01: Epoch 62/90 - 23.490s
08: Epoch 62/90 - 23.490s
10: Epoch 62/90 - 23.490s
04: Epoch 62/90 - 23.490s
02: Epoch 62/90 - 23.490s
09: Epoch 62/90 - 23.490s
06: Epoch 62/90 - 23.490s
14: Epoch 62/90 - 23.490s
12: Epoch 62/90 - 23.490s
03: Epoch 62/90 - 23.490s
00: Epoch 62/90 - 23.490s
07: Epoch 62/90 - 23.490s
15: Epoch 62/90 - 23.490s
11: Epoch 62/90 - 23.490s
13: Epoch 62/90 - 23.490s
05: Epoch 62/90 - 23.490s
01: Epoch 63/90 - 23.473s
08: Epoch 63/90 - 23.473s
10: Epoch 63/90 - 23.473s
12: Epoch 63/90 - 23.473s
02: Epoch 63/90 - 23.473s
09: Epoch 63/90 - 23.473s
06: Epoch 63/90 - 23.473s
14: Epoch 63/90 - 23.473s
13: Epoch 63/90 - 23.473s
04: Epoch 63/90 - 23.473s
03: Epoch 63/90 - 23.473s
07: Epoch 63/90 - 23.473s
15: Epoch 63/90 - 23.473s
11: Epoch 63/90 - 23.473s
05: Epoch 63/90 - 23.473s
00: Epoch 63/90 - 23.473s
01: Epoch 64/90 - 23.029s
02: Epoch 64/90 - 23.029s
08: Epoch 64/90 - 23.029s
06: Epoch 64/90 - 23.029s
10: Epoch 64/90 - 23.029s
12: Epoch 64/90 - 23.029s
04: Epoch 64/90 - 23.029s
09: Epoch 64/90 - 23.029s
14: Epoch 64/90 - 23.029s
11: Epoch 64/90 - 23.029s
13: Epoch 64/90 - 23.029s
03: Epoch 64/90 - 23.029s
00: Epoch 64/90 - 23.029s
07: Epoch 64/90 - 23.029s
15: Epoch 64/90 - 23.029s
05: Epoch 64/90 - 23.029s
01: Epoch 65/90 - 22.678s
02: Epoch 65/90 - 22.678s
08: Epoch 65/90 - 22.678s
06: Epoch 65/90 - 22.678s
14: Epoch 65/90 - 22.678s
10: Epoch 65/90 - 22.678s
12: Epoch 65/90 - 22.678s
04: Epoch 65/90 - 22.678s
03: Epoch 65/90 - 22.678s
09: Epoch 65/90 - 22.678s
07: Epoch 65/90 - 22.678s
15: Epoch 65/90 - 22.678s
11: Epoch 65/90 - 22.678s
13: Epoch 65/90 - 22.678s
05: Epoch 65/90 - 22.678s
00: Epoch 65/90 - 22.678s
02: Epoch 66/90 - 22.891s
01: Epoch 66/90 - 22.891s
14: Epoch 66/90 - 22.891s
10: Epoch 66/90 - 22.891s
03: Epoch 66/90 - 22.891s
08: Epoch 66/90 - 22.891s
06: Epoch 66/90 - 22.891s
15: Epoch 66/90 - 22.891s
11: Epoch 66/90 - 22.891s
12: Epoch 66/90 - 22.891s
04: Epoch 66/90 - 22.891s
09: Epoch 66/90 - 22.891s
00: Epoch 66/90 - 22.891s
07: Epoch 66/90 - 22.891s
13: Epoch 66/90 - 22.891s
05: Epoch 66/90 - 22.891s
08: Epoch 67/90 - 22.933s
01: Epoch 67/90 - 22.933s
12: Epoch 67/90 - 22.933s
02: Epoch 67/90 - 22.933s
09: Epoch 67/90 - 22.933s
06: Epoch 67/90 - 22.933s
14: Epoch 67/90 - 22.933s
10: Epoch 67/90 - 22.933s
13: Epoch 67/90 - 22.933s
04: Epoch 67/90 - 22.933s
03: Epoch 67/90 - 22.933s
07: Epoch 67/90 - 22.933s
15: Epoch 67/90 - 22.933s
11: Epoch 67/90 - 22.933s
05: Epoch 67/90 - 22.933s
00: Epoch 67/90 - 22.933s
01: Epoch 68/90 - 23.099s
02: Epoch 68/90 - 23.099s
08: Epoch 68/90 - 23.099s
06: Epoch 68/90 - 23.099s
14: Epoch 68/90 - 23.099s
10: Epoch 68/90 - 23.099s
12: Epoch 68/90 - 23.099s
04: Epoch 68/90 - 23.099s
03: Epoch 68/90 - 23.099s
09: Epoch 68/90 - 23.099s
07: Epoch 68/90 - 23.099s
15: Epoch 68/90 - 23.099s
11: Epoch 68/90 - 23.099s
13: Epoch 68/90 - 23.099s
05: Epoch 68/90 - 23.099s
00: Epoch 68/90 - 23.099s
08: Epoch 69/90 - 22.868s
01: Epoch 69/90 - 22.868s
12: Epoch 69/90 - 22.868s
02: Epoch 69/90 - 22.868s
06: Epoch 69/90 - 22.868s
14: Epoch 69/90 - 22.868s
10: Epoch 69/90 - 22.868s
13: Epoch 69/90 - 22.868s
04: Epoch 69/90 - 22.868s
03: Epoch 69/90 - 22.868s
09: Epoch 69/90 - 22.868s
07: Epoch 69/90 - 22.868s
15: Epoch 69/90 - 22.868s
11: Epoch 69/90 - 22.868s
05: Epoch 69/90 - 22.868s
00: Epoch 69/90 - 22.868s
01: Epoch 70/90 - 22.761s
02: Epoch 70/90 - 22.761s
08: Epoch 70/90 - 22.761s
06: Epoch 70/90 - 22.761s
14: Epoch 70/90 - 22.761s
10: Epoch 70/90 - 22.761s
12: Epoch 70/90 - 22.761s
03: Epoch 70/90 - 22.761s
09: Epoch 70/90 - 22.761s
07: Epoch 70/90 - 22.761s
15: Epoch 70/90 - 22.761s
11: Epoch 70/90 - 22.761s
13: Epoch 70/90 - 22.761s
04: Epoch 70/90 - 22.761s
00: Epoch 70/90 - 22.761s
05: Epoch 70/90 - 22.761s
01: Epoch 71/90 - 22.281s
08: Epoch 71/90 - 22.281s
14: Epoch 71/90 - 22.281s
12: Epoch 71/90 - 22.281s
02: Epoch 71/90 - 22.281s
09: Epoch 71/90 - 22.281s
06: Epoch 71/90 - 22.281s
15: Epoch 71/90 - 22.281s
10: Epoch 71/90 - 22.281s
13: Epoch 71/90 - 22.281s
04: Epoch 71/90 - 22.281s
03: Epoch 71/90 - 22.281s
07: Epoch 71/90 - 22.281s
11: Epoch 71/90 - 22.281s
05: Epoch 71/90 - 22.281s
00: Epoch 71/90 - 22.281s
01: Epoch 72/90 - 22.250s
02: Epoch 72/90 - 22.250s
08: Epoch 72/90 - 22.250s
06: Epoch 72/90 - 22.250s
10: Epoch 72/90 - 22.250s
12: Epoch 72/90 - 22.250s
04: Epoch 72/90 - 22.250s
03: Epoch 72/90 - 22.250s
09: Epoch 72/90 - 22.250s
07: Epoch 72/90 - 22.250s
14: Epoch 72/90 - 22.250s
11: Epoch 72/90 - 22.250s
13: Epoch 72/90 - 22.250s
05: Epoch 72/90 - 22.250s
00: Epoch 72/90 - 22.250s
15: Epoch 72/90 - 22.250s
01: Epoch 73/90 - 22.659s
08: Epoch 73/90 - 22.659s
10: Epoch 73/90 - 22.659s
12: Epoch 73/90 - 22.659s
04: Epoch 73/90 - 22.659s
02: Epoch 73/90 - 22.659s
09: Epoch 73/90 - 22.659s
06: Epoch 73/90 - 22.659s
14: Epoch 73/90 - 22.659s
11: Epoch 73/90 - 22.659s
13: Epoch 73/90 - 22.659s
05: Epoch 73/90 - 22.659s
03: Epoch 73/90 - 22.659s
00: Epoch 73/90 - 22.659s
07: Epoch 73/90 - 22.659s
15: Epoch 73/90 - 22.659s
01: Epoch 74/90 - 22.861s
02: Epoch 74/90 - 22.861s
08: Epoch 74/90 - 22.861s
06: Epoch 74/90 - 22.861s
10: Epoch 74/90 - 22.861s
12: Epoch 74/90 - 22.861s
04: Epoch 74/90 - 22.861s
03: Epoch 74/90 - 22.861s
09: Epoch 74/90 - 22.861s
07: Epoch 74/90 - 22.861s
14: Epoch 74/90 - 22.861s
11: Epoch 74/90 - 22.861s
13: Epoch 74/90 - 22.861s
05: Epoch 74/90 - 22.861s
15: Epoch 74/90 - 22.861s
00: Epoch 74/90 - 22.861s
01: Epoch 75/90 - 23.149s
08: Epoch 75/90 - 23.149s
10: Epoch 75/90 - 23.149s
12: Epoch 75/90 - 23.149s
02: Epoch 75/90 - 23.149s
09: Epoch 75/90 - 23.149s
06: Epoch 75/90 - 23.149s
14: Epoch 75/90 - 23.149s
13: Epoch 75/90 - 23.149s
04: Epoch 75/90 - 23.149s
03: Epoch 75/90 - 23.149s
07: Epoch 75/90 - 23.149s
15: Epoch 75/90 - 23.149s
11: Epoch 75/90 - 23.149s
05: Epoch 75/90 - 23.149s
00: Epoch 75/90 - 23.150s
01: Epoch 76/90 - 23.070s
08: Epoch 76/90 - 23.070s
10: Epoch 76/90 - 23.070s
02: Epoch 76/90 - 23.070s
09: Epoch 76/90 - 23.070s
06: Epoch 76/90 - 23.070s
14: Epoch 76/90 - 23.070s
12: Epoch 76/90 - 23.070s
04: Epoch 76/90 - 23.070s
03: Epoch 76/90 - 23.070s
00: Epoch 76/90 - 23.070s
07: Epoch 76/90 - 23.070s
15: Epoch 76/90 - 23.070s
11: Epoch 76/90 - 23.070s
13: Epoch 76/90 - 23.070s
05: Epoch 76/90 - 23.070s
01: Epoch 77/90 - 22.813s
12: Epoch 77/90 - 22.813s
02: Epoch 77/90 - 22.813s
08: Epoch 77/90 - 22.813s
06: Epoch 77/90 - 22.813s
14: Epoch 77/90 - 22.813s
10: Epoch 77/90 - 22.813s
13: Epoch 77/90 - 22.813s
04: Epoch 77/90 - 22.813s
03: Epoch 77/90 - 22.813s
09: Epoch 77/90 - 22.813s
07: Epoch 77/90 - 22.813s
15: Epoch 77/90 - 22.813s
11: Epoch 77/90 - 22.813s
05: Epoch 77/90 - 22.813s
00: Epoch 77/90 - 22.813s
01: Epoch 78/90 - 22.928s
02: Epoch 78/90 - 22.928s
08: Epoch 78/90 - 22.928s
14: Epoch 78/90 - 22.928s
09: Epoch 78/90 - 22.928s
06: Epoch 78/90 - 22.928s
15: Epoch 78/90 - 22.928s
10: Epoch 78/90 - 22.928s
12: Epoch 78/90 - 22.928s
04: Epoch 78/90 - 22.928s
03: Epoch 78/90 - 22.928s
07: Epoch 78/90 - 22.928s
11: Epoch 78/90 - 22.928s
13: Epoch 78/90 - 22.928s
05: Epoch 78/90 - 22.928s
00: Epoch 78/90 - 22.928s
01: Epoch 79/90 - 22.853s
02: Epoch 79/90 - 22.853s
10: Epoch 79/90 - 22.853s
12: Epoch 79/90 - 22.853s
04: Epoch 79/90 - 22.853s
03: Epoch 79/90 - 22.853s
08: Epoch 79/90 - 22.853s
06: Epoch 79/90 - 22.853s
14: Epoch 79/90 - 22.853s
11: Epoch 79/90 - 22.853s
13: Epoch 79/90 - 22.853s
05: Epoch 79/90 - 22.853s
09: Epoch 79/90 - 22.853s
00: Epoch 79/90 - 22.853s
07: Epoch 79/90 - 22.853s
15: Epoch 79/90 - 22.853s
02: Epoch 80/90 - 22.843s
08: Epoch 80/90 - 22.843s
01: Epoch 80/90 - 22.843s
06: Epoch 80/90 - 22.843s
10: Epoch 80/90 - 22.843s
12: Epoch 80/90 - 22.843s
04: Epoch 80/90 - 22.843s
03: Epoch 80/90 - 22.843s
09: Epoch 80/90 - 22.843s
07: Epoch 80/90 - 22.843s
14: Epoch 80/90 - 22.843s
11: Epoch 80/90 - 22.843s
13: Epoch 80/90 - 22.843s
05: Epoch 80/90 - 22.843s
15: Epoch 80/90 - 22.843s
00: Epoch 80/90 - 22.843s
01: Epoch 81/90 - 23.158s
02: Epoch 81/90 - 23.158s
08: Epoch 81/90 - 23.158s
06: Epoch 81/90 - 23.158s
14: Epoch 81/90 - 23.158s
10: Epoch 81/90 - 23.158s
12: Epoch 81/90 - 23.158s
04: Epoch 81/90 - 23.158s
03: Epoch 81/90 - 23.158s
09: Epoch 81/90 - 23.158s
07: Epoch 81/90 - 23.158s
15: Epoch 81/90 - 23.158s
11: Epoch 81/90 - 23.158s
13: Epoch 81/90 - 23.158s
05: Epoch 81/90 - 23.158s
00: Epoch 81/90 - 23.158s
01: Epoch 82/90 - 23.148s
06: Epoch 82/90 - 23.148s
02: Epoch 82/90 - 23.148s
08: Epoch 82/90 - 23.148s
10: Epoch 82/90 - 23.148s
12: Epoch 82/90 - 23.148s
04: Epoch 82/90 - 23.148s
03: Epoch 82/90 - 23.148s
09: Epoch 82/90 - 23.148s
07: Epoch 82/90 - 23.148s
14: Epoch 82/90 - 23.148s
11: Epoch 82/90 - 23.148s
13: Epoch 82/90 - 23.148s
05: Epoch 82/90 - 23.148s
00: Epoch 82/90 - 23.148s
15: Epoch 82/90 - 23.148s
08: Epoch 83/90 - 23.017s
01: Epoch 83/90 - 23.017s
12: Epoch 83/90 - 23.017s
02: Epoch 83/90 - 23.017s
09: Epoch 83/90 - 23.017s
06: Epoch 83/90 - 23.017s
14: Epoch 83/90 - 23.017s
10: Epoch 83/90 - 23.017s
04: Epoch 83/90 - 23.017s
03: Epoch 83/90 - 23.017s
07: Epoch 83/90 - 23.017s
15: Epoch 83/90 - 23.017s
11: Epoch 83/90 - 23.017s
13: Epoch 83/90 - 23.017s
05: Epoch 83/90 - 23.017s
00: Epoch 83/90 - 23.017s
01: Epoch 84/90 - 22.852s
02: Epoch 84/90 - 22.852s
08: Epoch 84/90 - 22.852s
06: Epoch 84/90 - 22.852s
14: Epoch 84/90 - 22.852s
10: Epoch 84/90 - 22.852s
12: Epoch 84/90 - 22.852s
04: Epoch 84/90 - 22.852s
03: Epoch 84/90 - 22.852s
09: Epoch 84/90 - 22.852s
07: Epoch 84/90 - 22.852s
15: Epoch 84/90 - 22.852s
11: Epoch 84/90 - 22.852s
13: Epoch 84/90 - 22.852s
05: Epoch 84/90 - 22.852s
00: Epoch 84/90 - 22.852s
01: Epoch 85/90 - 22.939s
02: Epoch 85/90 - 22.939s
08: Epoch 85/90 - 22.938s
06: Epoch 85/90 - 22.939s
14: Epoch 85/90 - 22.939s
10: Epoch 85/90 - 22.938s
12: Epoch 85/90 - 22.939s
04: Epoch 85/90 - 22.939s
03: Epoch 85/90 - 22.938s
09: Epoch 85/90 - 22.939s
07: Epoch 85/90 - 22.939s
15: Epoch 85/90 - 22.939s
11: Epoch 85/90 - 22.938s
13: Epoch 85/90 - 22.938s
05: Epoch 85/90 - 22.939s
00: Epoch 85/90 - 22.938s
01: Epoch 86/90 - 23.022s
02: Epoch 86/90 - 23.022s
08: Epoch 86/90 - 23.022s
06: Epoch 86/90 - 23.022s
14: Epoch 86/90 - 23.022s
10: Epoch 86/90 - 23.022s
12: Epoch 86/90 - 23.022s
04: Epoch 86/90 - 23.022s
03: Epoch 86/90 - 23.022s
09: Epoch 86/90 - 23.022s
07: Epoch 86/90 - 23.022s
15: Epoch 86/90 - 23.022s
11: Epoch 86/90 - 23.022s
13: Epoch 86/90 - 23.022s
05: Epoch 86/90 - 23.022s
00: Epoch 86/90 - 23.022s
08: Epoch 87/90 - 22.822s
01: Epoch 87/90 - 22.822s
10: Epoch 87/90 - 22.822s
12: Epoch 87/90 - 22.822s
04: Epoch 87/90 - 22.822s
02: Epoch 87/90 - 22.822s
09: Epoch 87/90 - 22.822s
06: Epoch 87/90 - 22.822s
14: Epoch 87/90 - 22.822s
11: Epoch 87/90 - 22.822s
13: Epoch 87/90 - 22.822s
05: Epoch 87/90 - 22.822s
03: Epoch 87/90 - 22.822s
07: Epoch 87/90 - 22.822s
15: Epoch 87/90 - 22.822s
00: Epoch 87/90 - 22.822s
01: Epoch 88/90 - 23.033s
02: Epoch 88/90 - 23.033s
14: Epoch 88/90 - 23.033s
12: Epoch 88/90 - 23.033s
04: Epoch 88/90 - 23.033s
03: Epoch 88/90 - 23.033s
08: Epoch 88/90 - 23.033s
06: Epoch 88/90 - 23.033s
15: Epoch 88/90 - 23.033s
10: Epoch 88/90 - 23.033s
13: Epoch 88/90 - 23.033s
05: Epoch 88/90 - 23.033s
09: Epoch 88/90 - 23.033s
00: Epoch 88/90 - 23.033s
07: Epoch 88/90 - 23.033s
11: Epoch 88/90 - 23.033s
01: Epoch 89/90 - 23.005s
01: Steps per epoch: 49
01: Validation steps per epoch: 157
02: Epoch 89/90 - 23.005s
02: Steps per epoch: 49
02: Validation steps per epoch: 157
08: Epoch 89/90 - 23.005s
08: Steps per epoch: 49
06: Epoch 89/90 - 23.005s
06: Steps per epoch: 49
06: Validation steps per epoch: 157
14: Epoch 89/90 - 23.005s
14: Steps per epoch: 49
14: Validation steps per epoch: 157
10: Epoch 89/90 - 23.005s
10: Steps per epoch: 49
10: Validation steps per epoch: 157
12: Epoch 89/90 - 23.005s
04: Epoch 89/90 - 23.005s
04: Steps per epoch: 49
04: Validation steps per epoch: 157
03: Epoch 89/90 - 23.005s
03: Steps per epoch: 49
03: Validation steps per epoch: 157
09: Epoch 89/90 - 23.005s
09: Steps per epoch: 49
09: Validation steps per epoch: 157
01: 
07: Epoch 89/90 - 23.005s
07: Steps per epoch: 49
07: Validation steps per epoch: 157
15: Epoch 89/90 - 23.005s
15: Steps per epoch: 49
15: Validation steps per epoch: 157
11: Epoch 89/90 - 23.005s
11: Steps per epoch: 49
11: Validation steps per epoch: 157
12: Steps per epoch: 49
12: Validation steps per epoch: 157
05: Epoch 89/90 - 23.005s
05: Steps per epoch: 49
05: Validation steps per epoch: 157
08: 
08: Validation steps per epoch: 157
06: Average time per epoch: 23.396 s
10: Average time per epoch: 23.396 s
13: Epoch 89/90 - 23.005s
13: Steps per epoch: 49
13: Validation steps per epoch: 157
02: Average time per epoch: 23.396 s
08: Average time per epoch: 23.396 s
00: Epoch 89/90 - 23.005s
00: Steps per epoch: 49
00: Validation steps per epoch: 157
07: Average time per epoch: 23.396 s
14: Average time per epoch: 23.396 s
11: Average time per epoch: 23.396 s
12: Average time per epoch: 23.396 s
04: Average time per epoch: 23.396 s
03: Average time per epoch: 23.396 s
09: Average time per epoch: 23.396 s
01: Average time per epoch: 23.396 s
15: Average time per epoch: 23.396 s
13: Average time per epoch: 23.396 s
05: Average time per epoch: 23.396 s
00: Average time per epoch: 23.396 s
00: --- 2110.869644165039 seconds ---
10: --- 2110.8677110671997 seconds ---
09: --- 2110.867899417877 seconds ---
13: --- 2110.8678505420685 seconds ---
02: --- 2110.8682277202606 seconds ---
01: --- 2110.869852542877 seconds ---
07: --- 2110.8680024147034 seconds ---
11: --- 2110.8678476810455 seconds ---
06: --- 2110.8681197166443 seconds ---
12: --- 2110.867918729782 seconds ---
04: --- 2110.882227897644 seconds ---
05: --- 2110.8823359012604 seconds ---
03: --- 2110.8683557510376 seconds ---
15: --- 2110.868358850479 seconds ---
14: --- 2110.869946241379 seconds ---
08: --- 2110.870297431946 seconds ---
ELAPSED: 2119 seconds
End at Sat Feb 13 23:49:43 EET 2021
