0: 2021-02-15 22:25:07.717119: I tensorflow/stream_executor/platform/default/dso_loader.cc:48] Successfully opened dynamic library libcudart.so.10.1
0: 2021-02-15 22:25:23.837327: I tensorflow/stream_executor/platform/default/dso_loader.cc:48] Successfully opened dynamic library libcuda.so.1
0: 2021-02-15 22:25:23.878677: I tensorflow/core/common_runtime/gpu/gpu_device.cc:1716] Found device 0 with properties: 
0: pciBusID: 0000:04:00.0 name: Tesla K40m computeCapability: 3.5
0: coreClock: 0.8755GHz coreCount: 15 deviceMemorySize: 11.17GiB deviceMemoryBandwidth: 268.58GiB/s
0: 2021-02-15 22:25:23.878709: I tensorflow/stream_executor/platform/default/dso_loader.cc:48] Successfully opened dynamic library libcudart.so.10.1
0: 2021-02-15 22:25:24.205943: I tensorflow/stream_executor/platform/default/dso_loader.cc:48] Successfully opened dynamic library libcublas.so.10
0: 2021-02-15 22:25:24.258096: I tensorflow/stream_executor/platform/default/dso_loader.cc:48] Successfully opened dynamic library libcufft.so.10
0: 2021-02-15 22:25:24.270956: I tensorflow/stream_executor/platform/default/dso_loader.cc:48] Successfully opened dynamic library libcurand.so.10
0: 2021-02-15 22:25:24.410202: I tensorflow/stream_executor/platform/default/dso_loader.cc:48] Successfully opened dynamic library libcusolver.so.10
0: 2021-02-15 22:25:24.453771: I tensorflow/stream_executor/platform/default/dso_loader.cc:48] Successfully opened dynamic library libcusparse.so.10
0: 2021-02-15 22:25:24.510903: I tensorflow/stream_executor/platform/default/dso_loader.cc:48] Successfully opened dynamic library libcudnn.so.7
0: 2021-02-15 22:25:24.515976: I tensorflow/core/common_runtime/gpu/gpu_device.cc:1858] Adding visible gpu devices: 0
0: 2021-02-15 22:25:26.606057: I tensorflow/core/platform/cpu_feature_guard.cc:142] This TensorFlow binary is optimized with oneAPI Deep Neural Network Library (oneDNN)to use the following CPU instructions in performance-critical operations:  SSE3 SSE4.1 SSE4.2 AVX AVX2 FMA
0: To enable them in other operations, rebuild TensorFlow with the appropriate compiler flags.
0: 2021-02-15 22:25:26.617324: I tensorflow/core/platform/profile_utils/cpu_utils.cc:104] CPU Frequency: 2600215000 Hz
0: 2021-02-15 22:25:26.620639: I tensorflow/compiler/xla/service/service.cc:168] XLA service 0x4b76e60 initialized for platform Host (this does not guarantee that XLA will be used). Devices:
0: 2021-02-15 22:25:26.620657: I tensorflow/compiler/xla/service/service.cc:176]   StreamExecutor device (0): Host, Default Version
0: 2021-02-15 22:25:26.713549: I tensorflow/compiler/xla/service/service.cc:168] XLA service 0x4be3000 initialized for platform CUDA (this does not guarantee that XLA will be used). Devices:
0: 2021-02-15 22:25:26.713623: I tensorflow/compiler/xla/service/service.cc:176]   StreamExecutor device (0): Tesla K40m, Compute Capability 3.5
0: 2021-02-15 22:25:26.716301: I tensorflow/core/common_runtime/gpu/gpu_device.cc:1716] Found device 0 with properties: 
0: pciBusID: 0000:04:00.0 name: Tesla K40m computeCapability: 3.5
0: coreClock: 0.8755GHz coreCount: 15 deviceMemorySize: 11.17GiB deviceMemoryBandwidth: 268.58GiB/s
0: 2021-02-15 22:25:26.716358: I tensorflow/stream_executor/platform/default/dso_loader.cc:48] Successfully opened dynamic library libcudart.so.10.1
0: 2021-02-15 22:25:26.716401: I tensorflow/stream_executor/platform/default/dso_loader.cc:48] Successfully opened dynamic library libcublas.so.10
0: 2021-02-15 22:25:26.716428: I tensorflow/stream_executor/platform/default/dso_loader.cc:48] Successfully opened dynamic library libcufft.so.10
0: 2021-02-15 22:25:26.716453: I tensorflow/stream_executor/platform/default/dso_loader.cc:48] Successfully opened dynamic library libcurand.so.10
0: 2021-02-15 22:25:26.716479: I tensorflow/stream_executor/platform/default/dso_loader.cc:48] Successfully opened dynamic library libcusolver.so.10
0: 2021-02-15 22:25:26.716504: I tensorflow/stream_executor/platform/default/dso_loader.cc:48] Successfully opened dynamic library libcusparse.so.10
0: 2021-02-15 22:25:26.716529: I tensorflow/stream_executor/platform/default/dso_loader.cc:48] Successfully opened dynamic library libcudnn.so.7
0: 2021-02-15 22:25:26.720016: I tensorflow/core/common_runtime/gpu/gpu_device.cc:1858] Adding visible gpu devices: 0
0: 2021-02-15 22:25:26.720052: I tensorflow/stream_executor/platform/default/dso_loader.cc:48] Successfully opened dynamic library libcudart.so.10.1
0: 2021-02-15 22:25:27.207298: I tensorflow/core/common_runtime/gpu/gpu_device.cc:1257] Device interconnect StreamExecutor with strength 1 edge matrix:
0: 2021-02-15 22:25:27.207333: I tensorflow/core/common_runtime/gpu/gpu_device.cc:1263]      0 
0: 2021-02-15 22:25:27.207343: I tensorflow/core/common_runtime/gpu/gpu_device.cc:1276] 0:   N 
0: 2021-02-15 22:25:27.210023: I tensorflow/core/common_runtime/gpu/gpu_device.cc:1402] Created TensorFlow device (/job:localhost/replica:0/task:0/device:GPU:0 with 10622 MB memory) -> physical GPU (device: 0, name: Tesla K40m, pci bus id: 0000:04:00.0, compute capability: 3.5)
0: 2021-02-15 22:25:39.856872: I tensorflow/stream_executor/platform/default/dso_loader.cc:48] Successfully opened dynamic library libcublas.so.10
0: 2021-02-15 22:25:40.086916: I tensorflow/stream_executor/platform/default/dso_loader.cc:48] Successfully opened dynamic library libcudnn.so.7
