WORKERS: "gpu05-ib:5555","gpu06-ib:5555","gpu07-ib:5555","gpu08-ib:5555"
Start at Tue Feb  9 18:42:26 EET 2021
CUDA_VISIBLE_DEVICES: 0,1
Running on hosts: gpu[05-08]
Running on 4 nodes.
Running 2 tasks per node
Job id is 1092158
1: Number of devices per node: 2
0: Number of devices per node: 2
0: 
3: Number of devices per node: 2
2: Number of devices per node: 2
7: Number of devices per node: 2
4: Number of devices per node: 2
6: Number of devices per node: 2
5: Number of devices per node: 2
7: rank 7
6: rank 6
2: rank 2
1: rank 1
5: rank 5
0: rank 0
5: 
3: rank 3
4: rank 
4: 4
3: 
1: => creating model 'resnet50'
0: => creating model 'resnet50'
3: => creating model 'resnet50'
2: => creating model 'resnet50'
6: => creating model 'resnet50'
7: => creating model 'resnet50'
5: => creating model 'resnet50'
4: => creating model 'resnet50'
1: Epoch 0/90 - 26.298s
2: Epoch 0/90 - 26.297s
7: Epoch 0/90 - 26.284s
4: Epoch 0/90 - 26.284s
6: Epoch 0/90 - 26.284s
3: Epoch 0/90 - 26.284s
5: Epoch 0/90 - 26.284s
0: Epoch 0/90 - 26.350s
1: Epoch 1/90 - 16.320s
6: Epoch 1/90 - 16.320s
4: Epoch 1/90 - 16.320s
5: Epoch 1/90 - 16.320s
2: Epoch 1/90 - 16.320s
7: Epoch 1/90 - 16.320s
0: Epoch 1/90 - 16.320s
3: Epoch 1/90 - 16.320s
1: Epoch 2/90 - 16.343s
6: Epoch 2/90 - 16.343s
4: Epoch 2/90 - 16.343s
2: Epoch 2/90 - 16.343s
7: Epoch 2/90 - 16.343s
5: Epoch 2/90 - 16.343s
3: Epoch 2/90 - 16.343s
0: Epoch 2/90 - 16.343s
1: Epoch 3/90 - 16.147s
6: Epoch 3/90 - 16.147s
4: Epoch 3/90 - 16.147s
2: Epoch 3/90 - 16.147s
7: Epoch 3/90 - 16.147s
5: Epoch 3/90 - 16.147s
3: Epoch 3/90 - 16.147s
0: Epoch 3/90 - 16.147s
1: Epoch 4/90 - 16.307s
6: Epoch 4/90 - 16.307s
2: Epoch 4/90 - 16.307s
7: Epoch 4/90 - 16.307s
4: Epoch 4/90 - 16.307s
3: Epoch 4/90 - 16.307s
0: Epoch 4/90 - 16.307s
5: Epoch 4/90 - 16.307s
6: Epoch 5/90 - 16.086s
4: Epoch 5/90 - 16.086s
2: Epoch 5/90 - 16.086s
7: Epoch 5/90 - 16.086s
1: Epoch 5/90 - 16.086s
5: Epoch 5/90 - 16.086s
3: Epoch 5/90 - 16.086s
0: Epoch 5/90 - 16.086s
1: Epoch 6/90 - 16.160s
6: Epoch 6/90 - 16.160s
4: Epoch 6/90 - 16.160s
2: Epoch 6/90 - 16.160s
7: Epoch 6/90 - 16.160s
5: Epoch 6/90 - 16.160s
3: Epoch 6/90 - 16.160s
0: Epoch 6/90 - 16.160s
1: Epoch 7/90 - 16.103s
6: Epoch 7/90 - 16.103s
4: Epoch 7/90 - 16.103s
2: Epoch 7/90 - 16.103s
7: Epoch 7/90 - 16.103s
5: Epoch 7/90 - 16.103s
3: Epoch 7/90 - 16.103s
0: Epoch 7/90 - 16.102s
1: Epoch 8/90 - 16.590s
6: Epoch 8/90 - 16.590s
4: Epoch 8/90 - 16.590s
2: Epoch 8/90 - 16.590s
7: Epoch 8/90 - 16.590s
5: Epoch 8/90 - 16.590s
3: Epoch 8/90 - 16.590s
0: Epoch 8/90 - 16.590s
1: Epoch 9/90 - 17.004s
6: Epoch 9/90 - 17.004s
4: Epoch 9/90 - 17.004s
2: Epoch 9/90 - 17.004s
7: Epoch 9/90 - 17.004s
5: Epoch 9/90 - 17.004s
3: Epoch 9/90 - 17.004s
0: Epoch 9/90 - 17.004s
1: Epoch 10/90 - 16.813s
6: Epoch 10/90 - 16.813s
4: Epoch 10/90 - 16.813s
2: Epoch 10/90 - 16.813s
7: Epoch 10/90 - 16.813s
5: Epoch 10/90 - 16.813s
3: Epoch 10/90 - 16.812s
0: Epoch 10/90 - 16.813s
1: Epoch 11/90 - 16.318s
6: Epoch 11/90 - 16.318s
4: Epoch 11/90 - 16.318s
2: Epoch 11/90 - 16.318s
7: Epoch 11/90 - 16.318s
5: Epoch 11/90 - 16.318s
3: Epoch 11/90 - 16.318s
0: Epoch 11/90 - 16.318s
1: Epoch 12/90 - 16.155s
6: Epoch 12/90 - 16.155s
4: Epoch 12/90 - 16.155s
2: Epoch 12/90 - 16.155s
7: Epoch 12/90 - 16.155s
5: Epoch 12/90 - 16.155s
3: Epoch 12/90 - 16.155s
0: Epoch 12/90 - 16.155s
1: Epoch 13/90 - 16.735s
4: Epoch 13/90 - 16.735s
2: Epoch 13/90 - 16.735s
6: Epoch 13/90 - 16.735s
7: Epoch 13/90 - 16.735s
5: Epoch 13/90 - 16.735s
3: Epoch 13/90 - 16.735s
0: Epoch 13/90 - 16.735s
1: Epoch 14/90 - 16.892s
6: Epoch 14/90 - 16.892s
4: Epoch 14/90 - 16.892s
2: Epoch 14/90 - 16.892s
7: Epoch 14/90 - 16.892s
5: Epoch 14/90 - 16.892s
3: Epoch 14/90 - 16.892s
0: Epoch 14/90 - 16.892s
1: Epoch 15/90 - 17.061s
6: Epoch 15/90 - 17.061s
4: Epoch 15/90 - 17.061s
2: Epoch 15/90 - 17.061s
7: Epoch 15/90 - 17.061s
5: Epoch 15/90 - 17.061s
3: Epoch 15/90 - 17.061s
0: Epoch 15/90 - 17.061s
1: Epoch 16/90 - 16.759s
4: Epoch 16/90 - 16.759s
6: Epoch 16/90 - 16.759s
5: Epoch 16/90 - 16.759s
2: Epoch 16/90 - 16.759s
7: Epoch 16/90 - 16.759s
0: Epoch 16/90 - 16.760s
3: Epoch 16/90 - 16.760s
1: Epoch 17/90 - 16.805s
4: Epoch 17/90 - 16.805s
6: Epoch 17/90 - 16.805s
5: Epoch 17/90 - 16.805s
2: Epoch 17/90 - 16.805s
7: Epoch 17/90 - 16.805s
3: Epoch 17/90 - 16.805s
0: Epoch 17/90 - 16.805s
1: Epoch 18/90 - 16.795s
6: Epoch 18/90 - 16.795s
4: Epoch 18/90 - 16.795s
2: Epoch 18/90 - 16.795s
7: Epoch 18/90 - 16.795s
5: Epoch 18/90 - 16.795s
3: Epoch 18/90 - 16.795s
0: Epoch 18/90 - 16.795s
1: Epoch 19/90 - 16.821s
4: Epoch 19/90 - 16.821s
6: Epoch 19/90 - 16.821s
2: Epoch 19/90 - 16.821s
7: Epoch 19/90 - 16.821s
5: Epoch 19/90 - 16.821s
3: Epoch 19/90 - 16.821s
0: Epoch 19/90 - 16.821s
1: Epoch 20/90 - 16.290s
6: Epoch 20/90 - 16.290s
4: Epoch 20/90 - 16.290s
2: Epoch 20/90 - 16.290s
7: Epoch 20/90 - 16.290s
5: Epoch 20/90 - 16.290s
3: Epoch 20/90 - 16.290s
0: Epoch 20/90 - 16.290s
1: Epoch 21/90 - 16.737s
6: Epoch 21/90 - 16.737s
4: Epoch 21/90 - 16.737s
2: Epoch 21/90 - 16.737s
7: Epoch 21/90 - 16.737s
5: Epoch 21/90 - 16.737s
3: Epoch 21/90 - 16.737s
0: Epoch 21/90 - 16.737s
1: Epoch 22/90 - 16.626s
6: Epoch 22/90 - 16.626s
4: Epoch 22/90 - 16.626s
2: Epoch 22/90 - 16.626s
7: Epoch 22/90 - 16.626s
5: Epoch 22/90 - 16.626s
3: Epoch 22/90 - 16.626s
0: Epoch 22/90 - 16.626s
6: Epoch 23/90 - 16.321s
1: Epoch 23/90 - 16.321s
4: Epoch 23/90 - 16.321s
2: Epoch 23/90 - 16.321s
7: Epoch 23/90 - 16.321s
5: Epoch 23/90 - 16.321s
3: Epoch 23/90 - 16.321s
0: Epoch 23/90 - 16.321s
1: Epoch 24/90 - 15.763s
4: Epoch 24/90 - 15.763s
2: Epoch 24/90 - 15.763s
6: Epoch 24/90 - 15.763s
5: Epoch 24/90 - 15.763s
3: Epoch 24/90 - 15.763s
7: Epoch 24/90 - 15.763s
0: Epoch 24/90 - 15.763s
1: Epoch 25/90 - 15.963s
6: Epoch 25/90 - 15.963s
4: Epoch 25/90 - 15.963s
2: Epoch 25/90 - 15.963s
7: Epoch 25/90 - 15.963s
5: Epoch 25/90 - 15.963s
3: Epoch 25/90 - 15.963s
0: Epoch 25/90 - 15.963s
1: Epoch 26/90 - 16.464s
6: Epoch 26/90 - 16.464s
4: Epoch 26/90 - 16.464s
2: Epoch 26/90 - 16.464s
7: Epoch 26/90 - 16.464s
5: Epoch 26/90 - 16.464s
3: Epoch 26/90 - 16.464s
0: Epoch 26/90 - 16.464s
1: Epoch 27/90 - 16.243s
4: Epoch 27/90 - 16.243s
6: Epoch 27/90 - 16.243s
2: Epoch 27/90 - 16.243s
7: Epoch 27/90 - 16.243s
5: Epoch 27/90 - 16.243s
3: Epoch 27/90 - 16.243s
0: Epoch 27/90 - 16.243s
6: Epoch 28/90 - 15.870s
1: Epoch 28/90 - 15.870s
4: Epoch 28/90 - 15.870s
2: Epoch 28/90 - 15.870s
7: Epoch 28/90 - 15.870s
5: Epoch 28/90 - 15.870s
3: Epoch 28/90 - 15.870s
0: Epoch 28/90 - 15.870s
1: Epoch 29/90 - 15.841s
6: Epoch 29/90 - 15.841s
4: Epoch 29/90 - 15.841s
2: Epoch 29/90 - 15.841s
7: Epoch 29/90 - 15.841s
5: Epoch 29/90 - 15.841s
3: Epoch 29/90 - 15.841s
0: Epoch 29/90 - 15.841s
1: Epoch 30/90 - 15.945s
6: Epoch 30/90 - 15.945s
4: Epoch 30/90 - 15.945s
2: Epoch 30/90 - 15.945s
7: Epoch 30/90 - 15.945s
5: Epoch 30/90 - 15.945s
3: Epoch 30/90 - 15.945s
0: Epoch 30/90 - 15.945s
1: Epoch 31/90 - 15.958s
6: Epoch 31/90 - 15.958s
4: Epoch 31/90 - 15.958s
2: Epoch 31/90 - 15.958s
7: Epoch 31/90 - 15.958s
5: Epoch 31/90 - 15.958s
3: Epoch 31/90 - 15.958s
0: Epoch 31/90 - 15.958s
6: Epoch 32/90 - 16.525s
4: Epoch 32/90 - 16.525s
2: Epoch 32/90 - 16.525s
7: Epoch 32/90 - 16.525s
1: Epoch 32/90 - 16.525s
5: Epoch 32/90 - 16.525s
3: Epoch 32/90 - 16.525s
0: Epoch 32/90 - 16.525s
1: Epoch 33/90 - 16.546s
6: Epoch 33/90 - 16.546s
4: Epoch 33/90 - 16.546s
2: Epoch 33/90 - 16.546s
7: Epoch 33/90 - 16.546s
5: Epoch 33/90 - 16.546s
3: Epoch 33/90 - 16.546s
0: Epoch 33/90 - 16.546s
1: Epoch 34/90 - 15.870s
6: Epoch 34/90 - 15.870s
4: Epoch 34/90 - 15.870s
2: Epoch 34/90 - 15.870s
7: Epoch 34/90 - 15.870s
5: Epoch 34/90 - 15.870s
3: Epoch 34/90 - 15.870s
0: Epoch 34/90 - 15.870s
1: Epoch 35/90 - 15.846s
6: Epoch 35/90 - 15.846s
4: Epoch 35/90 - 15.846s
2: Epoch 35/90 - 15.846s
7: Epoch 35/90 - 15.846s
3: Epoch 35/90 - 15.846s
5: Epoch 35/90 - 15.846s
0: Epoch 35/90 - 15.846s
1: Epoch 36/90 - 16.155s
6: Epoch 36/90 - 16.155s
4: Epoch 36/90 - 16.155s
2: Epoch 36/90 - 16.155s
7: Epoch 36/90 - 16.156s
5: Epoch 36/90 - 16.155s
3: Epoch 36/90 - 16.155s
0: Epoch 36/90 - 16.155s
1: Epoch 37/90 - 16.364s
6: Epoch 37/90 - 16.364s
4: Epoch 37/90 - 16.364s
2: Epoch 37/90 - 16.364s
7: Epoch 37/90 - 16.364s
3: Epoch 37/90 - 16.364s
5: Epoch 37/90 - 16.364s
0: Epoch 37/90 - 16.364s
1: Epoch 38/90 - 16.382s
2: Epoch 38/90 - 16.382s
6: Epoch 38/90 - 16.382s
4: Epoch 38/90 - 16.382s
7: Epoch 38/90 - 16.382s
5: Epoch 38/90 - 16.382s
3: Epoch 38/90 - 16.382s
0: Epoch 38/90 - 16.382s
6: Epoch 39/90 - 16.461s
1: Epoch 39/90 - 16.461s
4: Epoch 39/90 - 16.461s
2: Epoch 39/90 - 16.461s
7: Epoch 39/90 - 16.461s
5: Epoch 39/90 - 16.461s
3: Epoch 39/90 - 16.461s
0: Epoch 39/90 - 16.461s
6: Epoch 40/90 - 16.720s
1: Epoch 40/90 - 16.720s
4: Epoch 40/90 - 16.720s
2: Epoch 40/90 - 16.720s
7: Epoch 40/90 - 16.720s
5: Epoch 40/90 - 16.720s
3: Epoch 40/90 - 16.720s
0: Epoch 40/90 - 16.720s
1: Epoch 41/90 - 15.483s
6: Epoch 41/90 - 15.483s
4: Epoch 41/90 - 15.483s
2: Epoch 41/90 - 15.483s
7: Epoch 41/90 - 15.483s
5: Epoch 41/90 - 15.483s
3: Epoch 41/90 - 15.483s
0: Epoch 41/90 - 15.483s
1: Epoch 42/90 - 15.991s
6: Epoch 42/90 - 15.991s
4: Epoch 42/90 - 15.991s
2: Epoch 42/90 - 15.991s
7: Epoch 42/90 - 15.991s
5: Epoch 42/90 - 15.991s
3: Epoch 42/90 - 15.991s
0: Epoch 42/90 - 15.991s
6: Epoch 43/90 - 16.145s
1: Epoch 43/90 - 16.145s
2: Epoch 43/90 - 16.145s
7: Epoch 43/90 - 16.145s
4: Epoch 43/90 - 16.145s
0: Epoch 43/90 - 16.145s
5: Epoch 43/90 - 16.145s
3: Epoch 43/90 - 16.145s
6: Epoch 44/90 - 16.269s
1: Epoch 44/90 - 16.269s
4: Epoch 44/90 - 16.269s
2: Epoch 44/90 - 16.269s
3: Epoch 44/90 - 16.269s
7: Epoch 44/90 - 16.269s
0: Epoch 44/90 - 16.269s
5: Epoch 44/90 - 16.269s
1: Epoch 45/90 - 16.188s
6: Epoch 45/90 - 16.188s
4: Epoch 45/90 - 16.188s
2: Epoch 45/90 - 16.188s
7: Epoch 45/90 - 16.188s
5: Epoch 45/90 - 16.188s
3: Epoch 45/90 - 16.188s
0: Epoch 45/90 - 16.188s
1: Epoch 46/90 - 16.525s
4: Epoch 46/90 - 16.525s
2: Epoch 46/90 - 16.525s
6: Epoch 46/90 - 16.525s
7: Epoch 46/90 - 16.525s
5: Epoch 46/90 - 16.525s
3: Epoch 46/90 - 16.525s
0: Epoch 46/90 - 16.525s
6: Epoch 47/90 - 15.863s
1: Epoch 47/90 - 15.863s
4: Epoch 47/90 - 15.863s
2: Epoch 47/90 - 15.863s
7: Epoch 47/90 - 15.863s
5: Epoch 47/90 - 15.863s
3: Epoch 47/90 - 15.863s
0: Epoch 47/90 - 15.863s
6: Epoch 48/90 - 16.033s
1: Epoch 48/90 - 16.033s
4: Epoch 48/90 - 16.033s
2: Epoch 48/90 - 16.033s
7: Epoch 48/90 - 16.033s
5: Epoch 48/90 - 16.033s
0: Epoch 48/90 - 16.033s
3: Epoch 48/90 - 16.033s
1: Epoch 49/90 - 16.360s
6: Epoch 49/90 - 16.360s
4: Epoch 49/90 - 16.360s
2: Epoch 49/90 - 16.360s
7: Epoch 49/90 - 16.360s
5: Epoch 49/90 - 16.360s
3: Epoch 49/90 - 16.360s
0: Epoch 49/90 - 16.360s
1: Epoch 50/90 - 16.158s
6: Epoch 50/90 - 16.158s
4: Epoch 50/90 - 16.158s
2: Epoch 50/90 - 16.158s
7: Epoch 50/90 - 16.158s
5: Epoch 50/90 - 16.158s
3: Epoch 50/90 - 16.158s
0: Epoch 50/90 - 16.158s
1: Epoch 51/90 - 15.762s
6: Epoch 51/90 - 15.762s
4: Epoch 51/90 - 15.762s
2: Epoch 51/90 - 15.762s
7: Epoch 51/90 - 15.762s
5: Epoch 51/90 - 15.762s
3: Epoch 51/90 - 15.762s
0: Epoch 51/90 - 15.762s
1: Epoch 52/90 - 16.210s
4: Epoch 52/90 - 16.210s
6: Epoch 52/90 - 16.210s
2: Epoch 52/90 - 16.210s
7: Epoch 52/90 - 16.210s
5: Epoch 52/90 - 16.210s
3: Epoch 52/90 - 16.210s
0: Epoch 52/90 - 16.210s
6: Epoch 53/90 - 15.974s
1: Epoch 53/90 - 15.974s
4: Epoch 53/90 - 15.974s
2: Epoch 53/90 - 15.974s
7: Epoch 53/90 - 15.974s
5: Epoch 53/90 - 15.974s
3: Epoch 53/90 - 15.974s
0: Epoch 53/90 - 15.974s
1: Epoch 54/90 - 16.324s
4: Epoch 54/90 - 16.324s
6: Epoch 54/90 - 16.324s
2: Epoch 54/90 - 16.324s
7: Epoch 54/90 - 16.324s
5: Epoch 54/90 - 16.324s
3: Epoch 54/90 - 16.324s
0: Epoch 54/90 - 16.324s
6: Epoch 55/90 - 16.800s
1: Epoch 55/90 - 16.800s
4: Epoch 55/90 - 16.800s
2: Epoch 55/90 - 16.800s
7: Epoch 55/90 - 16.800s
5: Epoch 55/90 - 16.800s
3: Epoch 55/90 - 16.800s
0: Epoch 55/90 - 16.800s
1: Epoch 56/90 - 16.585s
6: Epoch 56/90 - 16.585s
2: Epoch 56/90 - 16.585s
7: Epoch 56/90 - 16.585s
4: Epoch 56/90 - 16.585s
3: Epoch 56/90 - 16.585s
5: Epoch 56/90 - 16.585s
0: Epoch 56/90 - 16.586s
1: Epoch 57/90 - 16.256s
6: Epoch 57/90 - 16.256s
4: Epoch 57/90 - 16.256s
2: Epoch 57/90 - 16.256s
7: Epoch 57/90 - 16.256s
5: Epoch 57/90 - 16.256s
3: Epoch 57/90 - 16.256s
0: Epoch 57/90 - 16.256s
1: Epoch 58/90 - 16.140s
6: Epoch 58/90 - 16.140s
4: Epoch 58/90 - 16.140s
2: Epoch 58/90 - 16.140s
7: Epoch 58/90 - 16.140s
5: Epoch 58/90 - 16.140s
3: Epoch 58/90 - 16.140s
0: Epoch 58/90 - 16.140s
1: Epoch 59/90 - 16.425s
6: Epoch 59/90 - 16.425s
7: Epoch 59/90 - 16.425s
4: Epoch 59/90 - 16.425s
2: Epoch 59/90 - 16.425s
0: Epoch 59/90 - 16.425s
5: Epoch 59/90 - 16.425s
3: Epoch 59/90 - 16.425s
1: Epoch 60/90 - 16.291s
6: Epoch 60/90 - 16.291s
4: Epoch 60/90 - 16.291s
2: Epoch 60/90 - 16.291s
7: Epoch 60/90 - 16.291s
0: Epoch 60/90 - 16.291s
5: Epoch 60/90 - 16.291s
3: Epoch 60/90 - 16.291s
1: Epoch 61/90 - 16.279s
6: Epoch 61/90 - 16.279s
4: Epoch 61/90 - 16.279s
2: Epoch 61/90 - 16.279s
7: Epoch 61/90 - 16.279s
5: Epoch 61/90 - 16.279s
3: Epoch 61/90 - 16.279s
0: Epoch 61/90 - 16.279s
6: Epoch 62/90 - 16.020s
1: Epoch 62/90 - 16.020s
4: Epoch 62/90 - 16.020s
2: Epoch 62/90 - 16.020s
7: Epoch 62/90 - 16.020s
5: Epoch 62/90 - 16.020s
3: Epoch 62/90 - 16.020s
0: Epoch 62/90 - 16.020s
1: Epoch 63/90 - 16.064s
6: Epoch 63/90 - 16.064s
4: Epoch 63/90 - 16.064s
2: Epoch 63/90 - 16.064s
7: Epoch 63/90 - 16.064s
5: Epoch 63/90 - 16.064s
3: Epoch 63/90 - 16.064s
0: Epoch 63/90 - 16.064s
6: Epoch 64/90 - 16.595s
1: Epoch 64/90 - 16.595s
2: Epoch 64/90 - 16.595s
4: Epoch 64/90 - 16.595s
7: Epoch 64/90 - 16.595s
5: Epoch 64/90 - 16.595s
3: Epoch 64/90 - 16.595s
0: Epoch 64/90 - 16.595s
1: Epoch 65/90 - 16.635s
6: Epoch 65/90 - 16.635s
4: Epoch 65/90 - 16.635s
2: Epoch 65/90 - 16.635s
7: Epoch 65/90 - 16.635s
5: Epoch 65/90 - 16.635s
3: Epoch 65/90 - 16.635s
0: Epoch 65/90 - 16.635s
6: Epoch 66/90 - 16.018s
1: Epoch 66/90 - 16.018s
2: Epoch 66/90 - 16.018s
4: Epoch 66/90 - 16.018s
3: Epoch 66/90 - 16.018s
7: Epoch 66/90 - 16.018s
5: Epoch 66/90 - 16.018s
0: Epoch 66/90 - 16.018s
1: Epoch 67/90 - 16.423s
6: Epoch 67/90 - 16.423s
4: Epoch 67/90 - 16.423s
2: Epoch 67/90 - 16.423s
7: Epoch 67/90 - 16.423s
0: Epoch 67/90 - 16.423s
5: Epoch 67/90 - 16.423s
3: Epoch 67/90 - 16.423s
1: Epoch 68/90 - 16.583s
6: Epoch 68/90 - 16.583s
4: Epoch 68/90 - 16.583s
2: Epoch 68/90 - 16.583s
7: Epoch 68/90 - 16.583s
5: Epoch 68/90 - 16.583s
3: Epoch 68/90 - 16.583s
0: Epoch 68/90 - 16.583s
1: Epoch 69/90 - 16.817s
6: Epoch 69/90 - 16.817s
4: Epoch 69/90 - 16.817s
2: Epoch 69/90 - 16.817s
7: Epoch 69/90 - 16.817s
5: Epoch 69/90 - 16.817s
3: Epoch 69/90 - 16.817s
0: Epoch 69/90 - 16.817s
1: Epoch 70/90 - 15.983s
6: Epoch 70/90 - 15.983s
4: Epoch 70/90 - 15.983s
2: Epoch 70/90 - 15.983s
7: Epoch 70/90 - 15.983s
5: Epoch 70/90 - 15.983s
3: Epoch 70/90 - 15.983s
0: Epoch 70/90 - 15.983s
1: Epoch 71/90 - 15.790s
6: Epoch 71/90 - 15.790s
4: Epoch 71/90 - 15.790s
2: Epoch 71/90 - 15.790s
7: Epoch 71/90 - 15.790s
5: Epoch 71/90 - 15.790s
3: Epoch 71/90 - 15.790s
0: Epoch 71/90 - 15.790s
1: Epoch 72/90 - 16.088s
6: Epoch 72/90 - 16.088s
4: Epoch 72/90 - 16.088s
2: Epoch 72/90 - 16.088s
7: Epoch 72/90 - 16.088s
5: Epoch 72/90 - 16.088s
3: Epoch 72/90 - 16.088s
0: Epoch 72/90 - 16.088s
1: Epoch 73/90 - 16.054s
6: Epoch 73/90 - 16.054s
4: Epoch 73/90 - 16.054s
2: Epoch 73/90 - 16.054s
5: Epoch 73/90 - 16.054s
3: Epoch 73/90 - 16.054s
7: Epoch 73/90 - 16.054s
0: Epoch 73/90 - 16.054s
1: Epoch 74/90 - 16.030s
6: Epoch 74/90 - 16.030s
4: Epoch 74/90 - 16.030s
2: Epoch 74/90 - 16.030s
7: Epoch 74/90 - 16.030s
5: Epoch 74/90 - 16.030s
3: Epoch 74/90 - 16.030s
0: Epoch 74/90 - 16.030s
6: Epoch 75/90 - 15.887s
1: Epoch 75/90 - 15.887s
4: Epoch 75/90 - 15.887s
7: Epoch 75/90 - 15.887s
5: Epoch 75/90 - 15.887s
2: Epoch 75/90 - 15.887s
3: Epoch 75/90 - 15.887s
0: Epoch 75/90 - 15.887s
6: Epoch 76/90 - 15.966s
1: Epoch 76/90 - 15.966s
4: Epoch 76/90 - 15.966s
2: Epoch 76/90 - 15.966s
7: Epoch 76/90 - 15.966s
5: Epoch 76/90 - 15.966s
3: Epoch 76/90 - 15.966s
0: Epoch 76/90 - 15.966s
1: Epoch 77/90 - 15.948s
6: Epoch 77/90 - 15.948s
4: Epoch 77/90 - 15.948s
2: Epoch 77/90 - 15.948s
7: Epoch 77/90 - 15.948s
5: Epoch 77/90 - 15.948s
3: Epoch 77/90 - 15.948s
0: Epoch 77/90 - 15.948s
1: Epoch 78/90 - 15.929s
6: Epoch 78/90 - 15.929s
4: Epoch 78/90 - 15.929s
2: Epoch 78/90 - 15.929s
7: Epoch 78/90 - 15.929s
5: Epoch 78/90 - 15.929s
3: Epoch 78/90 - 15.929s
0: Epoch 78/90 - 15.929s
1: Epoch 79/90 - 15.891s
6: Epoch 79/90 - 15.891s
4: Epoch 79/90 - 15.891s
2: Epoch 79/90 - 15.891s
7: Epoch 79/90 - 15.891s
5: Epoch 79/90 - 15.891s
3: Epoch 79/90 - 15.891s
0: Epoch 79/90 - 15.891s
6: Epoch 80/90 - 15.876s
1: Epoch 80/90 - 15.876s
4: Epoch 80/90 - 15.876s
2: Epoch 80/90 - 15.876s
7: Epoch 80/90 - 15.876s
5: Epoch 80/90 - 15.876s
3: Epoch 80/90 - 15.876s
0: Epoch 80/90 - 15.876s
1: Epoch 81/90 - 15.845s
3: Epoch 81/90 - 15.845s
6: Epoch 81/90 - 15.845s
4: Epoch 81/90 - 15.845s
7: Epoch 81/90 - 15.845s
5: Epoch 81/90 - 15.845s
2: Epoch 81/90 - 15.845s
0: Epoch 81/90 - 15.845s
6: Epoch 82/90 - 15.734s
1: Epoch 82/90 - 15.734s
4: Epoch 82/90 - 15.734s
2: Epoch 82/90 - 15.733s
7: Epoch 82/90 - 15.734s
5: Epoch 82/90 - 15.734s
3: Epoch 82/90 - 15.734s
0: Epoch 82/90 - 15.734s
6: Epoch 83/90 - 15.675s
1: Epoch 83/90 - 15.675s
4: Epoch 83/90 - 15.675s
2: Epoch 83/90 - 15.675s
7: Epoch 83/90 - 15.675s
5: Epoch 83/90 - 15.675s
3: Epoch 83/90 - 15.675s
0: Epoch 83/90 - 15.675s
6: Epoch 84/90 - 16.031s
1: Epoch 84/90 - 16.031s
2: Epoch 84/90 - 16.031s
4: Epoch 84/90 - 16.031s
7: Epoch 84/90 - 16.031s
5: Epoch 84/90 - 16.031s
3: Epoch 84/90 - 16.031s
0: Epoch 84/90 - 16.031s
6: Epoch 85/90 - 16.064s
1: Epoch 85/90 - 16.064s
4: Epoch 85/90 - 16.064s
2: Epoch 85/90 - 16.064s
7: Epoch 85/90 - 16.064s
5: Epoch 85/90 - 16.064s
3: Epoch 85/90 - 16.064s
0: Epoch 85/90 - 16.064s
1: Epoch 86/90 - 15.817s
6: Epoch 86/90 - 15.817s
4: Epoch 86/90 - 15.817s
2: Epoch 86/90 - 15.817s
7: Epoch 86/90 - 15.817s
5: Epoch 86/90 - 15.817s
3: Epoch 86/90 - 15.817s
0: Epoch 86/90 - 15.817s
1: Epoch 87/90 - 16.250s
6: Epoch 87/90 - 16.250s
4: Epoch 87/90 - 16.250s
2: Epoch 87/90 - 16.250s
7: Epoch 87/90 - 16.250s
5: Epoch 87/90 - 16.250s
3: Epoch 87/90 - 16.250s
0: Epoch 87/90 - 16.250s
7: Epoch 88/90 - 16.369s
1: Epoch 88/90 - 16.369s
4: Epoch 88/90 - 16.369s
2: Epoch 88/90 - 16.369s
6: Epoch 88/90 - 16.369s
5: Epoch 88/90 - 16.369s
3: Epoch 88/90 - 16.369s
0: Epoch 88/90 - 16.369s
1: Epoch 89/90 - 16.582s
1: Steps per epoch: 25
1: Validation steps per epoch: 40
6: Epoch 89/90 - 16.582s
4: Epoch 89/90 - 16.582s
4: Steps per epoch: 25
2: Epoch 89/90 - 16.582s
2: Steps per epoch: 25
2: Validation steps per epoch: 40
7: Epoch 89/90 - 16.582s
7: Steps per epoch: 25
7: Validation steps per epoch: 40
1: Average time per epoch: 16.360 s
5: Epoch 89/90 - 16.582s
5: Steps per epoch: 25
5: Validation steps per epoch: 40
3: Epoch 89/90 - 16.582s
3: Steps per epoch: 25
3: Validation steps per epoch: 40
6: Steps per epoch: 25
6: Validation steps per epoch: 40
4: Validation steps per epoch: 40
2: Average time per epoch: 16.360 s
7: Average time per epoch: 16.360 s
0: Epoch 89/90 - 16.582s
4: Average time per epoch: 16.360 s
3: Average time per epoch: 16.360 s
6: Average time per epoch: 16.360 s
0: Steps per epoch: 25
5: Average time per epoch: 16.360 s
0: Validation steps per epoch: 40
0: Average time per epoch: 16.361 s
6: --- 1476.4399428367615 seconds ---
4: --- 1476.3982467651367 seconds ---
2: --- 1476.5006444454193 seconds ---
1: --- 1476.5830028057098 seconds ---
5: --- 1476.3984434604645 seconds ---
0: --- 1476.580404996872 seconds ---
7: --- 1476.4427256584167 seconds ---
3: --- 1476.4995024204254 seconds ---
ELAPSED: 1478 seconds
End at Tue Feb  9 19:07:04 EET 2021
