WORKERS: "gpu07-ib:5555"
Start at Sun Feb  7 12:29:08 EET 2021
CUDA_VISIBLE_DEVICES: 1
Running on hosts: gpu07
Running on 1 nodes.
Running 1 tasks per node
Job id is 1090293
0: Number of devices per node: 1
0: rank 
0: 0
0: => creating model 'resnet50'
0: Epoch: [0][ 0/49]	19.881629943847656	0.3006730079650879	7.279237747192383	0.0
0: Epoch: [0][ 0/49]	2.4639127254486084	0.3324611485004425	3.93503475189209	10.280539840459824
0: Epoch: [0][ 0/49]	1.633251428604126	0.33260083198547363	4.459812641143799	11.49088516831398
0: Epoch: [0][ 0/49]	1.3387466669082642	0.3328308165073395	3.99362850189209	13.42615932226181
0: Epoch: [0][ 0/49]	1.1882339715957642	0.3331892788410187	3.585942268371582	15.815548598766327
0: Epoch 0/1 - 77.634s
0: Steps per epoch: 49
0: Validation steps per epoch: 10
0: Average time per epoch: 77.634 s
0: --- 81.31364178657532 seconds ---
ELAPSED: 88 seconds
End at Sun Feb  7 12:30:36 EET 2021
