WORKERS: "gpu04-ib:5555"
Start at Sun Feb 14 04:04:39 EET 2021
CUDA_VISIBLE_DEVICES: 0
Running on hosts: gpu04
Running on 1 nodes.
Running 1 tasks per node
Job id is 1095038
0: Number of devices per node: 1
0: rank 0
0: => creating model 'resnet50'
0: Epoch: [0][ 0/25]	26.84575843811035	0.5823194980621338	7.619983673095703	0.146484375
0: Epoch: [0][ 0/25]	3.6742055416107178	0.5666673183441162	3.5199434757232666	10.262784361839294
0: Epoch: [0][ 0/25]	2.5692873001098633	0.5640423893928528	4.445050239562988	11.38857901096344
0: Epoch 0/90 - 85.443s
0: Epoch: [1][ 0/25]	1.353569746017456	0.5625300407409668	3.309720039367676	12.59765625
0: Epoch: [1][ 0/25]	1.3561042547225952	0.5583555698394775	2.7626821994781494	17.484907805919647
0: Epoch: [1][ 0/25]	1.362866759300232	0.5542947053909302	2.467097043991089	20.26134729385376
0: Epoch 1/90 - 38.639s
0: Epoch: [2][ 0/25]	1.3418362140655518	0.5488913059234619	1.98808753490448	29.736328125
0: Epoch: [2][ 0/25]	1.3696333169937134	0.5471384525299072	1.9221526384353638	31.986859440803528
0: Epoch: [2][ 0/25]	1.371994137763977	0.5467953681945801	1.8729965686798096	33.03106427192688
0: Epoch 2/90 - 38.838s
0: Epoch: [3][ 0/25]	1.3423173427581787	0.5476052761077881	1.6475176811218262	37.98828125
0: Epoch: [3][ 0/25]	1.3710163831710815	0.547704815864563	1.6696215867996216	39.79935944080353
0: Epoch: [3][ 0/25]	1.3734620809555054	0.5469830632209778	1.6411476135253906	40.64592719078064
0: Epoch 3/90 - 38.865s
0: Epoch: [4][ 0/25]	1.3576459884643555	0.5629181861877441	1.517682433128357	44.775390625
0: Epoch: [4][ 0/25]	1.3748960494995117	0.5487786531448364	1.5102027654647827	45.8984375
0: Epoch: [4][ 0/25]	1.3751263618469238	0.5483995079994202	1.4987397193908691	46.0146963596344
0: Epoch 4/90 - 38.934s
0: Epoch: [5][ 0/25]	1.3444154262542725	0.5472743511199951	1.3419849872589111	51.220703125
0: Epoch: [5][ 0/25]	1.3730136156082153	0.5447081923484802	1.3682469129562378	51.07421875
0: Epoch: [5][ 0/25]	1.3746585845947266	0.5444985628128052	1.3610968589782715	51.3857901096344
0: Epoch 5/90 - 38.880s
0: Epoch: [6][ 0/25]	1.3475234508514404	0.5495247840881348	1.2131454944610596	57.763671875
0: Epoch: [6][ 0/25]	1.3746285438537598	0.5456567406654358	1.244162917137146	56.38316869735718
0: Epoch: [6][ 0/25]	1.3751291036605835	0.5461689233779907	1.2497469186782837	56.005859375
0: Epoch 6/90 - 38.914s
0: Epoch: [7][ 0/25]	1.3462097644805908	0.5485460758209229	1.147280216217041	58.642578125
0: Epoch: [7][ 0/25]	1.3748353719711304	0.5453846454620361	1.1228511333465576	60.378193855285645
0: Epoch: [7][ 0/25]	1.3747285604476929	0.5463057160377502	1.1290719509124756	59.8516583442688
0: Epoch 7/90 - 38.901s
0: Epoch: [8][ 0/25]	1.3457040786743164	0.5475552082061768	0.9745626449584961	65.13671875
0: Epoch: [8][ 0/25]	1.374391794204712	0.5452837347984314	1.0199564695358276	64.03142809867859
0: Epoch: [8][ 0/25]	1.375170350074768	0.5464755296707153	1.034871220588684	63.54864239692688
0: Epoch 8/90 - 38.916s
0: Epoch: [9][ 0/25]	1.34867525100708	0.5477316379547119	0.8860166072845459	69.53125
0: Epoch: [9][ 0/25]	1.373368263244629	0.5469694137573242	0.9199364185333252	67.83558130264282
0: Epoch: [9][ 0/25]	1.3749860525131226	0.5456593036651611	0.9470292329788208	66.78757667541504
0: Epoch 9/90 - 38.892s
0: Epoch: [10][ 0/25]	1.3380625247955322	0.5383415222167969	0.8604257702827454	70.80078125
0: Epoch: [10][ 0/25]	1.3725680112838745	0.5393159985542297	0.8472884893417358	70.10831236839294
0: Epoch: [10][ 0/25]	1.3745484352111816	0.5390269160270691	0.8686751127243042	69.41034197807312
0: Epoch 10/90 - 38.858s
0: Epoch: [11][ 0/25]	1.3383049964904785	0.5381596088409424	0.7801913022994995	71.728515625
0: Epoch: [11][ 0/25]	1.3727649450302124	0.5392851829528809	0.7345492839813232	74.52503442764282
0: Epoch: [11][ 0/25]	1.3749465942382812	0.5390626192092896	0.7530232667922974	73.6025869846344
0: Epoch 11/90 - 38.879s
0: Epoch: [12][ 0/25]	1.3341398239135742	0.5377762317657471	0.6336857080459595	77.880859375
0: Epoch: [12][ 0/25]	1.3739891052246094	0.5345649719238281	0.6977813243865967	76.01651549339294
0: Epoch: [12][ 0/25]	1.3756449222564697	0.5340895652770996	0.704078197479248	75.51153302192688
0: Epoch 12/90 - 38.898s
0: Epoch: [13][ 0/25]	1.336704969406128	0.5388138294219971	0.5525289177894592	82.2265625
0: Epoch: [13][ 0/25]	1.3743356466293335	0.5346834659576416	0.6031349301338196	79.86061573028564
0: Epoch: [13][ 0/25]	1.3757410049438477	0.5388785004615784	0.6066028475761414	79.19689416885376
0: Epoch 13/90 - 38.927s
0: Epoch: [14][ 0/25]	1.3494348526000977	0.5534863471984863	0.47151222825050354	84.228515625
0: Epoch: [14][ 0/25]	1.3702270984649658	0.5507035851478577	0.5159919857978821	82.25319385528564
0: Epoch: [14][ 0/25]	1.3730262517929077	0.5540726184844971	0.5357392430305481	81.4569354057312
0: Epoch 14/90 - 38.923s
0: Epoch: [15][ 0/25]	1.3536882400512695	0.5555210113525391	0.39881303906440735	87.20703125
0: Epoch: [15][ 0/25]	1.3717087507247925	0.550750195980072	0.48538315296173096	84.17081236839294
0: Epoch: [15][ 0/25]	1.3711435794830322	0.5515036582946777	0.50103360414505	83.1426739692688
0: Epoch 15/90 - 38.820s
0: Epoch: [16][ 0/25]	1.3504197597503662	0.5524022579193115	0.3397998809814453	89.16015625
0: Epoch: [16][ 0/25]	1.371277928352356	0.549862802028656	0.41908636689186096	85.42258739471436
0: Epoch: [16][ 0/25]	1.36927330493927	0.5515738129615784	0.43701171875	84.70749855041504
0: Epoch 16/90 - 38.798s
0: Epoch: [17][ 0/25]	1.3526434898376465	0.5536272525787354	0.32611021399497986	89.35546875
0: Epoch: [17][ 0/25]	1.3709758520126343	0.5455881357192993	0.36475875973701477	87.40678429603577
0: Epoch: [17][ 0/25]	1.3740732669830322	0.5416092872619629	0.36803439259529114	87.20703125
0: Epoch 17/90 - 38.849s
0: Epoch: [18][ 0/25]	1.337254524230957	0.541172981262207	0.2537115514278412	91.845703125
0: Epoch: [18][ 0/25]	1.3727343082427979	0.53968745470047	0.3146878778934479	89.49751257896423
0: Epoch: [18][ 0/25]	1.3748375177383423	0.5393666625022888	0.3494512438774109	88.38355541229248
0: Epoch 18/90 - 38.876s
0: Epoch: [19][ 0/25]	1.3410303592681885	0.5416576862335205	0.24949409067630768	91.455078125
0: Epoch: [19][ 0/25]	1.37333345413208	0.539756715297699	0.2942420244216919	89.72833752632141
0: Epoch: [19][ 0/25]	1.3751181364059448	0.5390930771827698	0.3083251416683197	89.25316333770752
0: Epoch 19/90 - 38.884s
0: Epoch: [20][ 0/25]	1.3378407955169678	0.5380916595458984	0.22310060262680054	92.578125
0: Epoch: [20][ 0/25]	1.3743549585342407	0.53550124168396	0.26693984866142273	90.62944054603577
0: Epoch: [20][ 0/25]	1.3757649660110474	0.5353614091873169	0.265428364276886	90.79473614692688
0: Epoch 20/90 - 38.882s
0: Epoch: [21][ 0/25]	1.3372738361358643	0.537644624710083	0.18444404006004333	93.701171875
0: Epoch: [21][ 0/25]	1.3737598657608032	0.5360698103904724	0.2100626826286316	93.02201867103577
0: Epoch: [21][ 0/25]	1.3745384216308594	0.5406180024147034	0.2167026847600937	92.64090657234192
0: Epoch 21/90 - 38.918s
0: Epoch: [22][ 0/25]	1.3511128425598145	0.5529913902282715	0.1569443643093109	94.82421875
0: Epoch: [22][ 0/25]	1.3734396696090698	0.5498965978622437	0.18867474794387817	93.82102489471436
0: Epoch: [22][ 0/25]	1.376228928565979	0.5555886626243591	0.19677439332008362	93.36867332458496
0: Epoch 22/90 - 38.932s
0: Epoch: [23][ 0/25]	1.3502326011657715	0.5521960258483887	0.1385408490896225	95.654296875
0: Epoch: [23][ 0/25]	1.3713643550872803	0.5492856502532959	0.1683606654405594	94.32706236839294
0: Epoch: [23][ 0/25]	1.3717808723449707	0.5505881905555725	0.1842380315065384	93.94298791885376
0: Epoch 23/90 - 38.851s
0: Epoch: [24][ 0/25]	1.3527679443359375	0.5515501499176025	0.14229942858219147	95.458984375
0: Epoch: [24][ 0/25]	1.3721716403961182	0.550670862197876	0.16507278382778168	94.33149695396423
0: Epoch: [24][ 0/25]	1.371169090270996	0.5512837767601013	0.17044122517108917	94.24060583114624
0: Epoch 24/90 - 38.836s
0: Epoch: [25][ 0/25]	1.3530197143554688	0.5524406433105469	0.12139607220888138	96.142578125
0: Epoch: [25][ 0/25]	1.368114948272705	0.5530749559402466	0.1385745108127594	95.35688757896423
0: Epoch: [25][ 0/25]	1.3667384386062622	0.5534505844116211	0.15410678088665009	94.93582844734192
0: Epoch 25/90 - 38.730s
0: Epoch: [26][ 0/25]	1.3497111797332764	0.55238938331604	0.12786836922168732	96.77734375
0: Epoch: [26][ 0/25]	1.367040753364563	0.5530988574028015	0.1426001489162445	95.31694054603577
0: Epoch: [26][ 0/25]	1.3670495748519897	0.5530194044113159	0.14324431121349335	95.21484375
0: Epoch 26/90 - 38.762s
0: Epoch: [27][ 0/25]	1.3518671989440918	0.5527298450469971	0.0992361381649971	96.2890625
0: Epoch: [27][ 0/25]	1.3721230030059814	0.5492731332778931	0.12398102879524231	95.72975635528564
0: Epoch: [27][ 0/25]	1.3738149404525757	0.5490272045135498	0.12785905599594116	95.76590657234192
0: Epoch 27/90 - 39.425s
0: Epoch: [28][ 0/25]	1.4590895175933838	0.6587285995483398	0.0872940644621849	97.16796875
0: Epoch: [28][ 0/25]	1.3986375331878662	0.5833811163902283	0.10438273102045059	96.484375
0: Epoch: [28][ 0/25]	1.3884303569793701	0.5663882493972778	0.11173499375581741	96.25651240348816
0: Epoch 28/90 - 39.183s
0: Epoch: [29][ 0/25]	1.347036361694336	0.549185037612915	0.06671449542045593	97.607421875
0: Epoch: [29][ 0/25]	1.3745101690292358	0.548214852809906	0.09397285431623459	96.85724377632141
0: Epoch: [29][ 0/25]	1.3743088245391846	0.5491132140159607	0.10138073563575745	96.70526385307312
0: Epoch 29/90 - 38.893s
0: 
0: Epoch: [30][ 0/25]	1.350163459777832	0.5509560108184814	0.06469038873910904	97.900390625
0: Epoch: [30][ 0/25]	1.374902367591858	0.5479356646537781	0.06318245083093643	97.98029065132141
0: Epoch: [30][ 0/25]	1.3753591775894165	0.5482479929924011	0.05602290481328964	98.20963740348816
0: Epoch 30/90 - 38.917s
0: Epoch: [31][ 0/25]	1.3470919132232666	0.5484929084777832	0.03826180472970009	99.0234375
0: Epoch: [31][ 0/25]	1.375571846961975	0.5461086630821228	0.024398284032940865	99.50284361839294
0: Epoch: [31][ 0/25]	1.3755135536193848	0.5475285649299622	0.022531356662511826	99.5419442653656
0: Epoch 31/90 - 38.916s
0: Epoch: [32][ 0/25]	1.3479044437408447	0.546558141708374	0.014054781757295132	99.70703125
0: Epoch: [32][ 0/25]	1.373571515083313	0.5466036200523376	0.014122470282018185	99.72922801971436
0: Epoch: [32][ 0/25]	1.375605583190918	0.5470706224441528	0.015023504383862019	99.73260760307312
0: Epoch 32/90 - 38.917s
0: Epoch: [33][ 0/25]	1.349846601486206	0.5467236042022705	0.02136612869799137	99.755859375
0: Epoch: [33][ 0/25]	1.3720394372940063	0.5478621125221252	0.015852121636271477	99.75141882896423
0: Epoch: [33][ 0/25]	1.3738282918930054	0.548090398311615	0.014980976469814777	99.755859375
0: Epoch 33/90 - 38.881s
0: Epoch: [34][ 0/25]	1.3469758033752441	0.5475368499755859	0.008766715414822102	99.90234375
0: Epoch: [34][ 0/25]	1.371804118156433	0.5499544739723206	0.010337970219552517	99.8046875
0: Epoch: [34][ 0/25]	1.3736557960510254	0.5489388108253479	0.01049506850540638	99.80236291885376
0: Epoch 34/90 - 38.895s
0: Epoch: [35][ 0/25]	1.35331130027771	0.5532519817352295	0.011310518719255924	99.755859375
0: Epoch: [35][ 0/25]	1.3748407363891602	0.546451985836029	0.011078087612986565	99.81800317764282
0: Epoch: [35][ 0/25]	1.376036524772644	0.5461941957473755	0.011700866743922234	99.77678656578064
0: Epoch 35/90 - 38.957s
0: Epoch: [36][ 0/25]	1.3476150035858154	0.546558141708374	0.01368441991508007	99.70703125
0: Epoch: [36][ 0/25]	1.3747105598449707	0.5463718771934509	0.009338220581412315	99.853515625
0: Epoch: [36][ 0/25]	1.375794768333435	0.5463093519210815	0.009416984394192696	99.84421730041504
0: Epoch 36/90 - 38.935s
0: Epoch: [37][ 0/25]	1.3502912521362305	0.5492267608642578	0.008983862586319447	99.755859375
0: Epoch: [37][ 0/25]	1.3725873231887817	0.546872079372406	0.008571866899728775	99.84464049339294
0: Epoch: [37][ 0/25]	1.3739051818847656	0.5475398898124695	0.009091660380363464	99.83723759651184
0: Epoch 37/90 - 38.954s
0: Epoch: [38][ 0/25]	1.3450913429260254	0.5480036735534668	0.0082038389518857	99.90234375
0: Epoch: [38][ 0/25]	1.3737584352493286	0.5477416515350342	0.00860674399882555	99.84464049339294
0: Epoch: [38][ 0/25]	1.3753039836883545	0.5507129430770874	0.008749601431190968	99.83956217765808
0: Epoch 38/90 - 38.926s
0: Epoch: [39][ 0/25]	1.3519458770751953	0.5508615970611572	0.0075228894129395485	99.90234375
0: Epoch: [39][ 0/25]	1.373539924621582	0.548916757106781	0.007665714714676142	99.85795617103577
0: Epoch: [39][ 0/25]	1.3744767904281616	0.549231767654419	0.008055755868554115	99.83956217765808
0: Epoch 39/90 - 38.905s
0: Epoch: [40][ 0/25]	1.350278377532959	0.5513272285461426	0.0055320910178124905	100.0
0: Epoch: [40][ 0/25]	1.3730037212371826	0.5497257113456726	0.007690045516937971	99.86683130264282
0: Epoch: [40][ 0/25]	1.3735235929489136	0.5497088432312012	0.00806442927569151	99.84886646270752
0: 
0: Epoch 40/90 - 38.869s
0: Epoch: [41][ 0/25]	1.3486101627349854	0.551201343536377	0.0048827831633389	99.951171875
0: Epoch: [41][ 0/25]	1.3728327751159668	0.550175130367279	0.006353598553687334	99.87127184867859
0: Epoch: [41][ 0/25]	1.3739503622055054	0.5496934056282043	0.006474460009485483	99.87676739692688
0: Epoch 41/90 - 38.889s
0: Epoch: [42][ 0/25]	1.361171007156372	0.5639808177947998	0.0035949470475316048	100.0
0: Epoch: [42][ 0/25]	1.3724093437194824	0.551367998123169	0.006692808587104082	99.88014698028564
0: Epoch: [42][ 0/25]	1.3727189302444458	0.5507739186286926	0.005830824840813875	99.90466833114624
0: Epoch 42/90 - 38.874s
0: Epoch: [43][ 0/25]	1.3469452857971191	0.5483138561248779	0.008301050402224064	99.8046875
0: Epoch: [43][ 0/25]	1.3744362592697144	0.5369969010353088	0.006162913516163826	99.88902807235718
0: Epoch: [43][ 0/25]	1.3760035037994385	0.5341755151748657	0.005639384035021067	99.90234375
0: Epoch 43/90 - 38.868s
0: Epoch: [44][ 0/25]	1.330016851425171	0.5342605113983154	0.007424280978739262	99.755859375
0: Epoch: [44][ 0/25]	1.373699426651001	0.5317433476448059	0.0056561813689768314	99.88014698028564
0: Epoch: [44][ 0/25]	1.3755303621292114	0.5325859785079956	0.005552204791456461	99.89769458770752
0: Epoch 44/90 - 38.866s
0: Epoch: [45][ 0/25]	1.3370461463928223	0.5355908870697021	0.004360321909189224	99.90234375
0: Epoch: [45][ 0/25]	1.3730974197387695	0.5321603417396545	0.00605755252763629	99.87571239471436
0: Epoch: [45][ 0/25]	1.3750413656234741	0.5329214930534363	0.005581419914960861	99.88141655921936
0: Epoch 45/90 - 38.840s
0: Epoch: [46][ 0/25]	1.3316173553466797	0.5329196453094482	0.007099375128746033	99.853515625
0: Epoch: [46][ 0/25]	1.373846173286438	0.5313706994056702	0.006227399688214064	99.88014698028564
0: Epoch: [46][ 0/25]	1.375357985496521	0.5322900414466858	0.005793849006295204	99.8837411403656
0: Epoch 46/90 - 38.844s
0: Epoch: [47][ 0/25]	1.331047534942627	0.5314247608184814	0.010268816724419594	99.90234375
0: Epoch: [47][ 0/25]	1.3722379207611084	0.5321586728096008	0.005859682336449623	99.91565942764282
0: Epoch: [47][ 0/25]	1.3749980926513672	0.5315802693367004	0.005778429098427296	99.8907208442688
0: Epoch 47/90 - 38.831s
0: Epoch: [48][ 0/25]	1.3306231498718262	0.5322089195251465	0.00672195153310895	99.90234375
0: Epoch: [48][ 0/25]	1.3736238479614258	0.5335615277290344	0.004680532030761242	99.92009997367859
0: Epoch: [48][ 0/25]	1.3749366998672485	0.5338850617408752	0.004803736228495836	99.90466833114624
0: Epoch 48/90 - 38.839s
0: 
0: Epoch: [49][ 0/25]	1.3334002494812012	0.5337862968444824	0.003695151535794139	99.951171875
0: Epoch: [49][ 0/25]	1.3739608526229858	0.5343855023384094	0.005411526653915644	99.89790320396423
0: Epoch: [49][ 0/25]	1.3754522800445557	0.5339285731315613	0.004986652173101902	99.9209463596344
0: Epoch 49/90 - 38.866s
0: Epoch: [50][ 0/25]	1.3324086666107178	0.5337650775909424	0.005207120440900326	99.853515625
0: Epoch: [50][ 0/25]	1.373218059539795	0.5304384827613831	0.004542491398751736	99.91121888160706
0: Epoch: [50][ 0/25]	1.374406337738037	0.5304448008537292	0.004641892854124308	99.91164207458496
0: Epoch 50/90 - 38.846s
0: Epoch: [51][ 0/25]	1.3351600170135498	0.5327413082122803	0.0031439943704754114	99.951171875
0: Epoch: [51][ 0/25]	1.3734503984451294	0.5306394696235657	0.004437349736690521	99.93341565132141
0: Epoch: [51][ 0/25]	1.3756250143051147	0.5304825305938721	0.004270064178854227	99.93024468421936
0: Epoch 51/90 - 38.857s
0: Epoch: [52][ 0/25]	1.3318266868591309	0.5337128639221191	0.006452607456594706	99.951171875
0: Epoch: [52][ 0/25]	1.373193383216858	0.5316060185432434	0.004896449390798807	99.91121888160706
0: Epoch: [52][ 0/25]	1.3749115467071533	0.5325798988342285	0.004544100724160671	99.91164207458496
0: Epoch 52/90 - 38.843s
0: Epoch: [53][ 0/25]	1.3335700035095215	0.5335371494293213	0.0025983531959354877	100.0
0: Epoch: [53][ 0/25]	1.3748795986175537	0.5385469794273376	0.004032747820019722	99.94673132896423
0: Epoch: [53][ 0/25]	1.37334406375885	0.545674741268158	0.0039241439662873745	99.94419813156128
0: Epoch 53/90 - 38.882s
0: Epoch: [54][ 0/25]	1.3487350940704346	0.549708366394043	0.007728116121143103	99.755859375
0: Epoch: [54][ 0/25]	1.3718485832214355	0.5490478277206421	0.004328521434217691	99.90234375
0: Epoch: [54][ 0/25]	1.3719570636749268	0.5494455695152283	0.004121430218219757	99.91164207458496
0: Epoch 54/90 - 38.851s
0: Epoch: [55][ 0/25]	1.3512351512908936	0.5483465194702148	0.003173896111547947	100.0
0: Epoch: [55][ 0/25]	1.3718663454055786	0.5491000413894653	0.0057829152792692184	99.853515625
0: Epoch: [55][ 0/25]	1.3718539476394653	0.5494580864906311	0.005755225196480751	99.87444281578064
0: Epoch 55/90 - 38.839s
0: Epoch: [56][ 0/25]	1.3462839126586914	0.547511100769043	0.0039337375201284885	99.90234375
0: Epoch: [56][ 0/25]	1.3719019889831543	0.549555242061615	0.0039027146995067596	99.93785619735718
0: Epoch: [56][ 0/25]	1.3739283084869385	0.5490605235099792	0.003956487402319908	99.93489384651184
0: Epoch 56/90 - 38.888s
0: Epoch: [57][ 0/25]	1.369354009628296	0.569556713104248	0.0045691924169659615	99.951171875
0: Epoch: [57][ 0/25]	1.375733494758606	0.5509544610977173	0.004033124074339867	99.94673132896423
0: Epoch: [57][ 0/25]	1.3757776021957397	0.5500730872154236	0.004443635698407888	99.93024468421936
0: Epoch 57/90 - 38.956s
0: 
0: Epoch: [58][ 0/25]	1.3491747379302979	0.5488197803497314	0.0024403079878538847	100.0
0: Epoch: [58][ 0/25]	1.3746414184570312	0.5465403199195862	0.003188040805980563	99.94673132896423
0: Epoch: [58][ 0/25]	1.375423789024353	0.5465601682662964	0.0029946553986519575	99.95349645614624
0: Epoch 58/90 - 38.919s
0: Epoch: [59][ 0/25]	1.3503663539886475	0.550443172454834	0.005112126003950834	99.90234375
0: Epoch: [59][ 0/25]	1.3746548891067505	0.5468380451202393	0.003303396748378873	99.93785619735718
0: Epoch: [59][ 0/25]	1.3750804662704468	0.5476309061050415	0.0031791883520781994	99.94884729385376
0: Epoch 59/90 - 38.845s
0: Epoch: [60][ 0/25]	1.3309764862060547	0.5340940952301025	0.0048187426291406155	99.853515625
0: Epoch: [60][ 0/25]	1.3733357191085815	0.5310418009757996	0.003271132707595825	99.95561242103577
0: Epoch: [60][ 0/25]	1.3757808208465576	0.5321992039680481	0.003069784725084901	99.95814561843872
0: Epoch 60/90 - 38.860s
0: Epoch: [61][ 0/25]	1.3356444835662842	0.5337471961975098	0.002057518344372511	100.0
0: Epoch: [61][ 0/25]	1.3739341497421265	0.5313149094581604	0.0025191898457705975	99.96892809867859
0: Epoch: [61][ 0/25]	1.3753448724746704	0.5331519246101379	0.0030204658396542072	99.95349645614624
0: Epoch 61/90 - 38.855s
0: Epoch: [62][ 0/25]	1.3321113586425781	0.5329105854034424	0.001852155546657741	100.0
0: Epoch: [62][ 0/25]	1.3722647428512573	0.5333977341651917	0.003327191574499011	99.93341565132141
0: Epoch: [62][ 0/25]	1.374300479888916	0.533727765083313	0.0032377736642956734	99.94187355041504
0: Epoch 62/90 - 38.840s
0: Epoch: [63][ 0/25]	1.3359267711639404	0.5360372066497803	0.0026165491435676813	99.951171875
0: Epoch: [63][ 0/25]	1.3744877576828003	0.5338975787162781	0.003163454122841358	99.96004700660706
0: Epoch: [63][ 0/25]	1.375842571258545	0.5329697132110596	0.0031014748383313417	99.951171875
0: Epoch 63/90 - 38.860s
0: Epoch: [64][ 0/25]	1.3333938121795654	0.5352270603179932	0.004431885667145252	99.853515625
0: Epoch: [64][ 0/25]	1.3735103607177734	0.5350456833839417	0.0029957054648548365	99.95561242103577
0: Epoch: [64][ 0/25]	1.375129222869873	0.5346602201461792	0.0030085344333201647	99.95349645614624
0: Epoch 64/90 - 38.859s
0: Epoch: [65][ 0/25]	1.3350284099578857	0.5340628623962402	0.0025192885659635067	100.0
0: Epoch: [65][ 0/25]	1.3735960721969604	0.5308797359466553	0.002503821859136224	99.97336864471436
0: Epoch: [65][ 0/25]	1.374814510345459	0.5306911468505859	0.002596830017864704	99.96047019958496
0: Epoch 65/90 - 38.866s
0: Epoch: [66][ 0/25]	1.3320212364196777	0.5320074558258057	0.0030066457111388445	99.951171875
0: Epoch: [66][ 0/25]	1.3730169534683228	0.5305567383766174	0.0025838525034487247	99.96004700660706
0: Epoch: [66][ 0/25]	1.3750110864639282	0.530450165271759	0.002757040783762932	99.95814561843872
0: Epoch 66/90 - 38.841s
0: Epoch: [67][ 0/25]	1.329134464263916	0.5328481197357178	0.001738940947689116	100.0
0: Epoch: [67][ 0/25]	1.3737901449203491	0.531107485294342	0.002877000952139497	99.94673132896423
0: Epoch: [67][ 0/25]	1.3758615255355835	0.5322012901306152	0.0028222198598086834	99.94187355041504
0: Epoch 67/90 - 38.852s
0: Epoch: [68][ 0/25]	1.3335540294647217	0.5334963798522949	0.0031675375066697598	99.90234375
0: Epoch: [68][ 0/25]	1.3740732669830322	0.5318518280982971	0.00278900982812047	99.951171875
0: Epoch: [68][ 0/25]	1.3758596181869507	0.533249020576477	0.0025967289693653584	99.95582103729248
0: Epoch 68/90 - 38.870s
0: Epoch: [69][ 0/25]	1.3338980674743652	0.5353426933288574	0.002122306963428855	99.951171875
0: Epoch: [69][ 0/25]	1.3729608058929443	0.5343431830406189	0.002884506480768323	99.96448755264282
0: Epoch: [69][ 0/25]	1.3753256797790527	0.5346882343292236	0.002658338285982609	99.9697744846344
0: Epoch 69/90 - 38.852s
0: Epoch: [70][ 0/25]	1.3332927227020264	0.5361123085021973	0.0020936953369528055	99.951171875
0: Epoch: [70][ 0/25]	1.3730038404464722	0.5353421568870544	0.002406013896688819	99.96448755264282
0: Epoch: [70][ 0/25]	1.3748810291290283	0.534530758857727	0.0027769801672548056	99.94884729385376
0: Epoch 70/90 - 38.841s
0: Epoch: [71][ 0/25]	1.3320026397705078	0.5317628383636475	0.0031452642288058996	99.951171875
0: Epoch: [71][ 0/25]	1.3733781576156616	0.5344693064689636	0.0032654590904712677	99.95561242103577
0: Epoch: [71][ 0/25]	1.3753762245178223	0.5344976782798767	0.0028900192119181156	99.95814561843872
0: Epoch 71/90 - 38.852s
0: Epoch: [72][ 0/25]	1.3515040874481201	0.5503101348876953	0.002579343970865011	99.951171875
0: Epoch: [72][ 0/25]	1.375110149383545	0.5358082056045532	0.0027246891986578703	99.951171875
0: Epoch: [72][ 0/25]	1.3760749101638794	0.5352058410644531	0.0027338233776390553	99.95349645614624
0: Epoch 72/90 - 38.889s
0: Epoch: [73][ 0/25]	1.3310041427612305	0.533789873123169	0.0021604648791253567	100.0
0: Epoch: [73][ 0/25]	1.3737906217575073	0.5324856042861938	0.002680265111848712	99.951171875
0: Epoch: [73][ 0/25]	1.375562071800232	0.532386064529419	0.002574888989329338	99.96512532234192
0: Epoch 73/90 - 38.864s
0: Epoch: [74][ 0/25]	1.3335630893707275	0.5354232788085938	0.0025009599048644304	100.0
0: Epoch: [74][ 0/25]	1.373073697090149	0.5326517224311829	0.0027725519612431526	99.96448755264282
0: Epoch: [74][ 0/25]	1.3746659755706787	0.5331618189811707	0.0028870701789855957	99.95814561843872
0: Epoch 74/90 - 38.830s
0: Epoch: [75][ 0/25]	1.3316705226898193	0.5319175720214844	0.0018984463531523943	99.951171875
0: Epoch: [75][ 0/25]	1.3733652830123901	0.5309041738510132	0.0026403183583170176	99.97780323028564
0: Epoch: [75][ 0/25]	1.3752954006195068	0.5321618914604187	0.0026329115498811007	99.97442364692688
0: Epoch 75/90 - 38.848s
0: Epoch: [76][ 0/25]	1.3323438167572021	0.5332643985748291	0.003415407845750451	99.951171875
0: Epoch: [76][ 0/25]	1.3731566667556763	0.5305354595184326	0.0029721262399107218	99.95561242103577
0: Epoch: [76][ 0/25]	1.3752514123916626	0.5328052043914795	0.0029769602697342634	99.95349645614624
0: Epoch 76/90 - 38.851s
0: Epoch: [77][ 0/25]	1.3345952033996582	0.5343790054321289	0.0046547516249120235	99.853515625
0: Epoch: [77][ 0/25]	1.373642086982727	0.5338399410247803	0.002872264478355646	99.96448755264282
0: Epoch: [77][ 0/25]	1.3752268552780151	0.5336571931838989	0.0029176983516663313	99.95349645614624
0: Epoch 77/90 - 38.835s
0: Epoch: [78][ 0/25]	1.3313512802124023	0.5324249267578125	0.0026395528111606836	99.951171875
0: Epoch: [78][ 0/25]	1.3732705116271973	0.5331156253814697	0.002916947705671191	99.95561242103577
0: Epoch: [78][ 0/25]	1.3752225637435913	0.5331994891166687	0.0029259698931127787	99.95582103729248
0: Epoch 78/90 - 38.847s
0: Epoch: [79][ 0/25]	1.330545425415039	0.532052755355835	0.002261103130877018	100.0
0: Epoch: [79][ 0/25]	1.37350332736969	0.5335294604301453	0.0029228234197944403	99.96004700660706
0: Epoch: [79][ 0/25]	1.3756312131881714	0.5335174798965454	0.002920963102951646	99.95582103729248
0: Epoch 79/90 - 38.871s
0: Epoch: [80][ 0/25]	1.329887866973877	0.5337960720062256	0.0016185290878638625	100.0
0: Epoch: [80][ 0/25]	1.372562050819397	0.5303308963775635	0.002793640363961458	99.95561242103577
0: Epoch: [80][ 0/25]	1.3748916387557983	0.5301533937454224	0.002652575494721532	99.96512532234192
0: Epoch 80/90 - 38.867s
0: Epoch: [81][ 0/25]	1.3319363594055176	0.5333666801452637	0.003436761675402522	99.90234375
0: Epoch: [81][ 0/25]	1.3727329969406128	0.5369333624839783	0.002432110020890832	99.96448755264282
0: Epoch: [81][ 0/25]	1.3745166063308716	0.5397557020187378	0.0023901674430817366	99.97209906578064
0: Epoch 81/90 - 38.830s
0: Epoch: [82][ 0/25]	1.3325786590576172	0.5348179340362549	0.0017413042951375246	100.0
0: Epoch: [82][ 0/25]	1.3730894327163696	0.5326431393623352	0.0024285714607685804	99.96892809867859
0: Epoch: [82][ 0/25]	1.3749849796295166	0.5337713360786438	0.0024122667964547873	99.97209906578064
0: Epoch 82/90 - 38.852s
0: Epoch: [83][ 0/25]	1.3344037532806396	0.5347287654876709	0.0037232176400721073	99.951171875
0: Epoch: [83][ 0/25]	1.3735021352767944	0.5327613949775696	0.0027025716844946146	99.96448755264282
0: Epoch: [83][ 0/25]	1.3751885890960693	0.5340659022331238	0.0026695195119827986	99.96744990348816
0: Epoch 83/90 - 38.850s
0: Epoch: [84][ 0/25]	1.3320279121398926	0.533740758895874	0.0016278392868116498	100.0
0: Epoch: [84][ 0/25]	1.373590350151062	0.5339812636375427	0.003029568586498499	99.94229674339294
0: Epoch: [84][ 0/25]	1.375461459159851	0.5342257022857666	0.0025718831457197666	99.96512532234192
0: Epoch 84/90 - 38.861s
0: Epoch: [85][ 0/25]	1.3342571258544922	0.5339565277099609	0.0028509139083325863	100.0
0: Epoch: [85][ 0/25]	1.372726321220398	0.5338585376739502	0.002487732330337167	99.97336864471436
0: Epoch: [85][ 0/25]	1.3747726678848267	0.5336105823516846	0.0023470409214496613	99.97442364692688
0: Epoch 85/90 - 38.837s
0: Epoch: [86][ 0/25]	1.3326711654663086	0.5339858531951904	0.0023749549873173237	99.951171875
0: Epoch: [86][ 0/25]	1.3735066652297974	0.5352293848991394	0.002864449517801404	99.94673132896423
0: Epoch: [86][ 0/25]	1.375605583190918	0.5351325273513794	0.0027399000246077776	99.95814561843872
0: Epoch 86/90 - 38.860s
0: Epoch: [87][ 0/25]	1.3515586853027344	0.5512912273406982	0.0020682027097791433	100.0
0: Epoch: [87][ 0/25]	1.3745442628860474	0.5351430773735046	0.0024669254198670387	99.97336864471436
0: Epoch: [87][ 0/25]	1.3754603862762451	0.5343421697616577	0.0026802141219377518	99.96744990348816
0: Epoch 87/90 - 38.878s
0: Epoch: [88][ 0/25]	1.3322930335998535	0.5341176986694336	0.001764915999956429	100.0
0: Epoch: [88][ 0/25]	1.3732300996780396	0.5321541428565979	0.0027426944579929113	99.96004700660706
0: Epoch: [88][ 0/25]	1.3751800060272217	0.5320008397102356	0.0028003861662000418	99.95582103729248
0: Epoch 88/90 - 38.855s
0: Epoch: [89][ 0/25]	1.3353171348571777	0.535414457321167	0.0018130650278180838	100.0
0: Epoch: [89][ 0/25]	1.3729904890060425	0.5321277976036072	0.0025106952525675297	99.98224377632141
0: Epoch: [89][ 0/25]	1.3750231266021729	0.5328018665313721	0.002667296677827835	99.97442364692688
0: Epoch 89/90 - 38.847s
0: Steps per epoch: 25
0: Validation steps per epoch: 5
0: 
0: Average time per epoch: 39.394 s
0: --- 3548.6185426712036 seconds ---
ELAPSED: 3550 seconds
End at Sun Feb 14 05:03:49 EET 2021
