WORKERS: "gpu18-ib:5555"
Start at Sun Feb  7 12:29:45 EET 2021
CUDA_VISIBLE_DEVICES: 0,1
Running on hosts: gpu18
Running on 1 nodes.
Running 2 tasks per node
Job id is 1090299
0: Number of devices per node: 2
1: Number of devices per node: 2
0: rank 0
0: 
1: rank 1
1: 
1: => creating model 'resnet50'
0: => creating model 'resnet50'
0: Epoch: [0][ 0/49]	11.570560455322266	0.1560990810394287	7.320990562438965	0.09765625
1: Epoch: [0][ 0/49]	11.588473320007324	0.15470576286315918	7.320990562438965	0.09765625
0: Epoch: [0][ 0/49]	1.6111282110214233	0.14521551132202148	3.5235695838928223	10.191761702299118
1: Epoch: [0][ 0/49]	1.6121859550476074	0.14474572241306305	3.5235695838928223	10.191761702299118
0: Epoch: [0][ 0/49]	1.1340322494506836	0.1434435099363327	3.7546749114990234	11.50018572807312
1: Epoch: [0][ 0/49]	1.1344596147537231	0.1408122032880783	3.7546749114990234	11.50018572807312
0: Epoch: [0][ 0/49]	0.9732445478439331	0.14299346506595612	3.4597127437591553	13.873487710952759
1: Epoch: [0][ 0/49]	0.9738543629646301	0.14511938393115997	3.4597127437591553	13.873487710952759
0: Epoch: [0][ 0/49]	0.888985812664032	0.14242903888225555	3.184178113937378	16.582506895065308
1: Epoch: [0][ 0/49]	0.8892757892608643	0.14596602320671082	3.184178113937378	16.582506895065308
1: Epoch 0/1 - 56.946s
1: Steps per epoch: 49
1: Validation steps per epoch: 20
1: Average time per epoch: 56.946 s
0: Epoch 0/1 - 56.946s
0: Steps per epoch: 49
0: Validation steps per epoch: 20
0: Average time per epoch: 56.946 s
1: --- 60.40625309944153 seconds ---
0: --- 60.40644121170044 seconds ---
ELAPSED: 65 seconds
End at Sun Feb  7 12:30:50 EET 2021
