WORKERS: "gpu01-ib:5555","gpu02-ib:5555","gpu03-ib:5555","gpu04-ib:5555","gpu05-ib:5555","gpu06-ib:5555","gpu07-ib:5555","gpu08-ib:5555"
Start at Sun Feb 14 01:11:28 EET 2021
CUDA_VISIBLE_DEVICES: 0,1
Running on hosts: gpu[01-08]
Running on 8 nodes.
Running 2 tasks per node
Job id is 1095032
10: Number of devices per node: 2
09: Number of devices per node: 2
15: Number of devices per node: 2
11: Number of devices per node: 2
13: Number of devices per node: 2
08: Number of devices per node: 2
14: Number of devices per node: 2
12: Number of devices per node: 2
06: Number of devices per node: 2
07: Number of devices per node: 2
05: Number of devices per node: 2
02: Number of devices per node: 2
04: Number of devices per node: 2
03: Number of devices per node: 2
03: 
00: Number of devices per node: 2
01: Number of devices per node: 2
06: rank 6
09: rank 9
07: rank 7
10: rank 10
09: 
12: rank 12
07: 
10: 
00: rank 0
14: rank 
13: rank 13
13: 
08: rank 8
14: 14
11: rank
01: rank 1
11:  11
03: rank 3
05: rank 5
11: 
15: rank 15
05: 
03: 
04: rank
02: rank
04:  4
02:  2
02: 
13: => creating model 'resnet50'
14: => creating model 'resnet50'
08: => creating model 'resnet50'
09: => creating model 'resnet50'
10: => creating model 'resnet50'
11: => creating model 'resnet50'
15: => creating model 'resnet50'
12: => creating model 'resnet50'
07: => creating model 'resnet50'
06: => creating model 'resnet50'
05: => creating model 'resnet50'
04: => creating model 'resnet50'
01: => creating model 'resnet50'
00: => creating model 'resnet50'
02: => creating model 'resnet50'
03: => creating model 'resnet50'
01: Epoch 0/90 - 22.860s
06: Epoch 0/90 - 22.860s
12: Epoch 0/90 - 22.858s
11: Epoch 0/90 - 22.858s
08: Epoch 0/90 - 22.860s
14: Epoch 0/90 - 22.858s
04: Epoch 0/90 - 22.860s
13: Epoch 0/90 - 22.858s
07: Epoch 0/90 - 22.860s
10: Epoch 0/90 - 22.858s
09: Epoch 0/90 - 22.859s
02: Epoch 0/90 - 22.860s
15: Epoch 0/90 - 22.858s
05: Epoch 0/90 - 22.860s
00: Epoch 0/90 - 22.864s
03: Epoch 0/90 - 22.860s
01: Epoch 1/90 - 15.485s
10: Epoch 1/90 - 15.485s
12: Epoch 1/90 - 15.485s
06: Epoch 1/90 - 15.485s
08: Epoch 1/90 - 15.485s
02: Epoch 1/90 - 15.485s
14: Epoch 1/90 - 15.485s
04: Epoch 1/90 - 15.485s
13: Epoch 1/90 - 15.485s
07: Epoch 1/90 - 15.485s
11: Epoch 1/90 - 15.485s
09: Epoch 1/90 - 15.485s
03: Epoch 1/90 - 15.485s
15: Epoch 1/90 - 15.485s
05: Epoch 1/90 - 15.485s
00: Epoch 1/90 - 15.485s
01: Epoch 2/90 - 15.499s
12: Epoch 2/90 - 15.499s
06: Epoch 2/90 - 15.499s
10: Epoch 2/90 - 15.499s
08: Epoch 2/90 - 15.499s
02: Epoch 2/90 - 15.499s
15: Epoch 2/90 - 15.499s
04: Epoch 2/90 - 15.499s
13: Epoch 2/90 - 15.499s
07: Epoch 2/90 - 15.499s
11: Epoch 2/90 - 15.499s
09: Epoch 2/90 - 15.499s
03: Epoch 2/90 - 15.499s
14: Epoch 2/90 - 15.499s
05: Epoch 2/90 - 15.499s
00: Epoch 2/90 - 15.499s
01: Epoch 3/90 - 15.302s
12: Epoch 3/90 - 15.302s
07: Epoch 3/90 - 15.302s
10: Epoch 3/90 - 15.302s
08: Epoch 3/90 - 15.302s
02: Epoch 3/90 - 15.302s
14: Epoch 3/90 - 15.302s
04: Epoch 3/90 - 15.302s
13: Epoch 3/90 - 15.302s
06: Epoch 3/90 - 15.302s
11: Epoch 3/90 - 15.302s
09: Epoch 3/90 - 15.302s
03: Epoch 3/90 - 15.302s
15: Epoch 3/90 - 15.302s
05: Epoch 3/90 - 15.302s
00: Epoch 3/90 - 15.302s
01: Epoch 4/90 - 15.451s
06: Epoch 4/90 - 15.451s
08: Epoch 4/90 - 15.451s
02: Epoch 4/90 - 15.451s
12: Epoch 4/90 - 15.451s
07: Epoch 4/90 - 15.451s
10: Epoch 4/90 - 15.451s
09: Epoch 4/90 - 15.451s
03: Epoch 4/90 - 15.451s
14: Epoch 4/90 - 15.451s
04: Epoch 4/90 - 15.451s
13: Epoch 4/90 - 15.451s
11: Epoch 4/90 - 15.451s
15: Epoch 4/90 - 15.451s
05: Epoch 4/90 - 15.451s
00: Epoch 4/90 - 15.451s
01: Epoch 5/90 - 15.556s
12: Epoch 5/90 - 15.556s
06: Epoch 5/90 - 15.556s
10: Epoch 5/90 - 15.556s
02: Epoch 5/90 - 15.556s
14: Epoch 5/90 - 15.556s
04: Epoch 5/90 - 15.556s
13: Epoch 5/90 - 15.556s
07: Epoch 5/90 - 15.556s
11: Epoch 5/90 - 15.556s
08: Epoch 5/90 - 15.556s
03: Epoch 5/90 - 15.556s
15: Epoch 5/90 - 15.556s
05: Epoch 5/90 - 15.556s
00: Epoch 5/90 - 15.556s
09: Epoch 5/90 - 15.556s
01: Epoch 6/90 - 15.506s
06: Epoch 6/90 - 15.506s
02: Epoch 6/90 - 15.506s
14: Epoch 6/90 - 15.506s
12: Epoch 6/90 - 15.506s
07: Epoch 6/90 - 15.506s
10: Epoch 6/90 - 15.506s
08: Epoch 6/90 - 15.506s
04: Epoch 6/90 - 15.506s
13: Epoch 6/90 - 15.506s
11: Epoch 6/90 - 15.506s
09: Epoch 6/90 - 15.506s
03: Epoch 6/90 - 15.506s
15: Epoch 6/90 - 15.506s
05: Epoch 6/90 - 15.506s
00: Epoch 6/90 - 15.506s
01: Epoch 7/90 - 15.367s
12: Epoch 7/90 - 15.367s
06: Epoch 7/90 - 15.367s
10: Epoch 7/90 - 15.367s
08: Epoch 7/90 - 15.367s
02: Epoch 7/90 - 15.367s
14: Epoch 7/90 - 15.367s
04: Epoch 7/90 - 15.367s
13: Epoch 7/90 - 15.367s
07: Epoch 7/90 - 15.367s
11: Epoch 7/90 - 15.367s
09: Epoch 7/90 - 15.367s
03: Epoch 7/90 - 15.367s
15: Epoch 7/90 - 15.367s
05: Epoch 7/90 - 15.367s
00: Epoch 7/90 - 15.367s
12: Epoch 8/90 - 15.732s
01: Epoch 8/90 - 15.732s
06: Epoch 8/90 - 15.732s
08: Epoch 8/90 - 15.732s
13: Epoch 8/90 - 15.732s
07: Epoch 8/90 - 15.732s
10: Epoch 8/90 - 15.732s
09: Epoch 8/90 - 15.732s
02: Epoch 8/90 - 15.732s
14: Epoch 8/90 - 15.732s
04: Epoch 8/90 - 15.732s
11: Epoch 8/90 - 15.732s
03: Epoch 8/90 - 15.732s
15: Epoch 8/90 - 15.732s
05: Epoch 8/90 - 15.732s
00: Epoch 8/90 - 15.732s
01: Epoch 9/90 - 15.667s
12: Epoch 9/90 - 15.667s
06: Epoch 9/90 - 15.667s
10: Epoch 9/90 - 15.667s
08: Epoch 9/90 - 15.667s
02: Epoch 9/90 - 15.667s
14: Epoch 9/90 - 15.667s
04: Epoch 9/90 - 15.667s
13: Epoch 9/90 - 15.667s
07: Epoch 9/90 - 15.667s
11: Epoch 9/90 - 15.667s
09: Epoch 9/90 - 15.667s
03: Epoch 9/90 - 15.667s
15: Epoch 9/90 - 15.667s
05: Epoch 9/90 - 15.667s
00: Epoch 9/90 - 15.667s
01: Epoch 10/90 - 15.344s
12: Epoch 10/90 - 15.344s
06: Epoch 10/90 - 15.344s
10: Epoch 10/90 - 15.344s
08: Epoch 10/90 - 15.344s
02: Epoch 10/90 - 15.344s
14: Epoch 10/90 - 15.344s
04: Epoch 10/90 - 15.344s
13: Epoch 10/90 - 15.344s
07: Epoch 10/90 - 15.344s
11: Epoch 10/90 - 15.344s
09: Epoch 10/90 - 15.344s
03: Epoch 10/90 - 15.344s
15: Epoch 10/90 - 15.344s
05: Epoch 10/90 - 15.344s
00: Epoch 10/90 - 15.344s
01: Epoch 11/90 - 15.618s
06: Epoch 11/90 - 15.618s
10: Epoch 11/90 - 15.618s
04: Epoch 11/90 - 15.618s
12: Epoch 11/90 - 15.618s
07: Epoch 11/90 - 15.618s
11: Epoch 11/90 - 15.618s
08: Epoch 11/90 - 15.618s
02: Epoch 11/90 - 15.618s
14: Epoch 11/90 - 15.618s
05: Epoch 11/90 - 15.618s
13: Epoch 11/90 - 15.618s
09: Epoch 11/90 - 15.618s
03: Epoch 11/90 - 15.618s
15: Epoch 11/90 - 15.618s
00: Epoch 11/90 - 15.618s
01: Epoch 12/90 - 15.800s
06: Epoch 12/90 - 15.800s
13: Epoch 12/90 - 15.800s
07: Epoch 12/90 - 15.800s
10: Epoch 12/90 - 15.800s
08: Epoch 12/90 - 15.800s
02: Epoch 12/90 - 15.800s
14: Epoch 12/90 - 15.800s
04: Epoch 12/90 - 15.800s
12: Epoch 12/90 - 15.800s
11: Epoch 12/90 - 15.800s
09: Epoch 12/90 - 15.800s
03: Epoch 12/90 - 15.800s
15: Epoch 12/90 - 15.800s
05: Epoch 12/90 - 15.800s
00: Epoch 12/90 - 15.800s
01: Epoch 13/90 - 15.312s
12: Epoch 13/90 - 15.312s
06: Epoch 13/90 - 15.312s
10: Epoch 13/90 - 15.312s
08: Epoch 13/90 - 15.312s
02: Epoch 13/90 - 15.312s
14: Epoch 13/90 - 15.312s
04: Epoch 13/90 - 15.312s
13: Epoch 13/90 - 15.312s
07: Epoch 13/90 - 15.312s
11: Epoch 13/90 - 15.312s
09: Epoch 13/90 - 15.312s
03: Epoch 13/90 - 15.312s
15: Epoch 13/90 - 15.312s
05: Epoch 13/90 - 15.312s
00: Epoch 13/90 - 15.312s
01: Epoch 14/90 - 14.748s
06: Epoch 14/90 - 14.748s
08: Epoch 14/90 - 14.748s
02: Epoch 14/90 - 14.748s
12: Epoch 14/90 - 14.748s
07: Epoch 14/90 - 14.748s
10: Epoch 14/90 - 14.748s
09: Epoch 14/90 - 14.748s
14: Epoch 14/90 - 14.748s
04: Epoch 14/90 - 14.748s
13: Epoch 14/90 - 14.748s
11: Epoch 14/90 - 14.748s
03: Epoch 14/90 - 14.748s
15: Epoch 14/90 - 14.748s
05: Epoch 14/90 - 14.748s
00: Epoch 14/90 - 14.748s
01: Epoch 15/90 - 15.056s
12: Epoch 15/90 - 15.056s
06: Epoch 15/90 - 15.056s
08: Epoch 15/90 - 15.056s
02: Epoch 15/90 - 15.056s
14: Epoch 15/90 - 15.056s
04: Epoch 15/90 - 15.056s
13: Epoch 15/90 - 15.056s
07: Epoch 15/90 - 15.056s
10: Epoch 15/90 - 15.056s
09: Epoch 15/90 - 15.056s
03: Epoch 15/90 - 15.056s
15: Epoch 15/90 - 15.056s
05: Epoch 15/90 - 15.056s
11: Epoch 15/90 - 15.056s
00: Epoch 15/90 - 15.056s
01: Epoch 16/90 - 15.433s
12: Epoch 16/90 - 15.433s
07: Epoch 16/90 - 15.432s
10: Epoch 16/90 - 15.432s
02: Epoch 16/90 - 15.433s
04: Epoch 16/90 - 15.433s
13: Epoch 16/90 - 15.433s
06: Epoch 16/90 - 15.432s
11: Epoch 16/90 - 15.433s
08: Epoch 16/90 - 15.432s
03: Epoch 16/90 - 15.433s
14: Epoch 16/90 - 15.433s
05: Epoch 16/90 - 15.433s
00: Epoch 16/90 - 15.433s
09: Epoch 16/90 - 15.432s
15: Epoch 16/90 - 15.432s
01: Epoch 17/90 - 14.970s
06: Epoch 17/90 - 14.970s
10: Epoch 17/90 - 14.970s
02: Epoch 17/90 - 14.970s
14: Epoch 17/90 - 14.970s
04: Epoch 17/90 - 14.970s
12: Epoch 17/90 - 14.970s
07: Epoch 17/90 - 14.970s
11: Epoch 17/90 - 14.970s
08: Epoch 17/90 - 14.970s
03: Epoch 17/90 - 14.970s
15: Epoch 17/90 - 14.970s
05: Epoch 17/90 - 14.970s
13: Epoch 17/90 - 14.970s
09: Epoch 17/90 - 14.970s
00: Epoch 17/90 - 14.970s
01: Epoch 18/90 - 15.932s
12: Epoch 18/90 - 15.932s
06: Epoch 18/90 - 15.932s
10: Epoch 18/90 - 15.932s
08: Epoch 18/90 - 15.932s
02: Epoch 18/90 - 15.932s
14: Epoch 18/90 - 15.932s
04: Epoch 18/90 - 15.932s
13: Epoch 18/90 - 15.932s
07: Epoch 18/90 - 15.932s
11: Epoch 18/90 - 15.932s
09: Epoch 18/90 - 15.932s
03: Epoch 18/90 - 15.932s
15: Epoch 18/90 - 15.932s
05: Epoch 18/90 - 15.932s
00: Epoch 18/90 - 15.932s
01: Epoch 19/90 - 15.921s
12: Epoch 19/90 - 15.921s
06: Epoch 19/90 - 15.921s
10: Epoch 19/90 - 15.921s
08: Epoch 19/90 - 15.921s
02: Epoch 19/90 - 15.921s
14: Epoch 19/90 - 15.921s
04: Epoch 19/90 - 15.921s
13: Epoch 19/90 - 15.921s
07: Epoch 19/90 - 15.921s
11: Epoch 19/90 - 15.921s
09: Epoch 19/90 - 15.921s
03: Epoch 19/90 - 15.921s
15: Epoch 19/90 - 15.921s
05: Epoch 19/90 - 15.921s
00: Epoch 19/90 - 15.921s
01: Epoch 20/90 - 15.957s
06: Epoch 20/90 - 15.957s
10: Epoch 20/90 - 15.957s
04: Epoch 20/90 - 15.957s
12: Epoch 20/90 - 15.957s
07: Epoch 20/90 - 15.957s
11: Epoch 20/90 - 15.957s
08: Epoch 20/90 - 15.957s
02: Epoch 20/90 - 15.957s
14: Epoch 20/90 - 15.957s
13: Epoch 20/90 - 15.957s
09: Epoch 20/90 - 15.957s
03: Epoch 20/90 - 15.957s
15: Epoch 20/90 - 15.957s
05: Epoch 20/90 - 15.957s
00: Epoch 20/90 - 15.957s
01: Epoch 21/90 - 15.841s
12: Epoch 21/90 - 15.841s
06: Epoch 21/90 - 15.841s
10: Epoch 21/90 - 15.841s
08: Epoch 21/90 - 15.841s
02: Epoch 21/90 - 15.841s
14: Epoch 21/90 - 15.841s
04: Epoch 21/90 - 15.841s
13: Epoch 21/90 - 15.841s
07: Epoch 21/90 - 15.841s
11: Epoch 21/90 - 15.841s
09: Epoch 21/90 - 15.841s
03: Epoch 21/90 - 15.841s
15: Epoch 21/90 - 15.841s
05: Epoch 21/90 - 15.841s
00: Epoch 21/90 - 15.841s
01: Epoch 22/90 - 15.547s
04: Epoch 22/90 - 15.547s
12: Epoch 22/90 - 15.547s
06: Epoch 22/90 - 15.547s
10: Epoch 22/90 - 15.547s
08: Epoch 22/90 - 15.547s
02: Epoch 22/90 - 15.547s
14: Epoch 22/90 - 15.547s
13: Epoch 22/90 - 15.547s
07: Epoch 22/90 - 15.547s
11: Epoch 22/90 - 15.547s
09: Epoch 22/90 - 15.547s
03: Epoch 22/90 - 15.547s
15: Epoch 22/90 - 15.547s
05: Epoch 22/90 - 15.547s
00: Epoch 22/90 - 15.547s
01: Epoch 23/90 - 15.797s
12: Epoch 23/90 - 15.797s
06: Epoch 23/90 - 15.797s
10: Epoch 23/90 - 15.797s
08: Epoch 23/90 - 15.797s
02: Epoch 23/90 - 15.797s
14: Epoch 23/90 - 15.797s
04: Epoch 23/90 - 15.797s
13: Epoch 23/90 - 15.797s
07: Epoch 23/90 - 15.797s
11: Epoch 23/90 - 15.797s
09: Epoch 23/90 - 15.797s
03: Epoch 23/90 - 15.797s
15: Epoch 23/90 - 15.797s
05: Epoch 23/90 - 15.797s
00: Epoch 23/90 - 15.797s
01: Epoch 24/90 - 15.222s
06: Epoch 24/90 - 15.222s
12: Epoch 24/90 - 15.222s
10: Epoch 24/90 - 15.222s
08: Epoch 24/90 - 15.222s
02: Epoch 24/90 - 15.222s
14: Epoch 24/90 - 15.222s
04: Epoch 24/90 - 15.222s
13: Epoch 24/90 - 15.222s
07: Epoch 24/90 - 15.222s
11: Epoch 24/90 - 15.222s
09: Epoch 24/90 - 15.222s
03: Epoch 24/90 - 15.222s
15: Epoch 24/90 - 15.222s
05: Epoch 24/90 - 15.222s
00: Epoch 24/90 - 15.222s
01: Epoch 25/90 - 15.102s
06: Epoch 25/90 - 15.102s
10: Epoch 25/90 - 15.102s
02: Epoch 25/90 - 15.102s
14: Epoch 25/90 - 15.102s
04: Epoch 25/90 - 15.102s
12: Epoch 25/90 - 15.102s
07: Epoch 25/90 - 15.102s
11: Epoch 25/90 - 15.102s
08: Epoch 25/90 - 15.102s
03: Epoch 25/90 - 15.102s
15: Epoch 25/90 - 15.102s
05: Epoch 25/90 - 15.102s
13: Epoch 25/90 - 15.102s
09: Epoch 25/90 - 15.102s
00: Epoch 25/90 - 15.102s
01: Epoch 26/90 - 15.157s
12: Epoch 26/90 - 15.157s
06: Epoch 26/90 - 15.157s
08: Epoch 26/90 - 15.157s
13: Epoch 26/90 - 15.157s
07: Epoch 26/90 - 15.157s
10: Epoch 26/90 - 15.157s
09: Epoch 26/90 - 15.157s
02: Epoch 26/90 - 15.157s
14: Epoch 26/90 - 15.157s
04: Epoch 26/90 - 15.157s
00: Epoch 26/90 - 15.157s
11: Epoch 26/90 - 15.157s
03: Epoch 26/90 - 15.157s
15: Epoch 26/90 - 15.157s
05: Epoch 26/90 - 15.157s
01: Epoch 27/90 - 15.759s
13: Epoch 27/90 - 15.759s
06: Epoch 27/90 - 15.759s
10: Epoch 27/90 - 15.759s
08: Epoch 27/90 - 15.759s
02: Epoch 27/90 - 15.759s
14: Epoch 27/90 - 15.759s
04: Epoch 27/90 - 15.759s
12: Epoch 27/90 - 15.759s
07: Epoch 27/90 - 15.759s
11: Epoch 27/90 - 15.759s
09: Epoch 27/90 - 15.759s
03: Epoch 27/90 - 15.759s
15: Epoch 27/90 - 15.759s
05: Epoch 27/90 - 15.759s
00: Epoch 27/90 - 15.759s
01: Epoch 28/90 - 15.734s
04: Epoch 28/90 - 15.734s
12: Epoch 28/90 - 15.734s
06: Epoch 28/90 - 15.734s
10: Epoch 28/90 - 15.734s
08: Epoch 28/90 - 15.734s
02: Epoch 28/90 - 15.734s
14: Epoch 28/90 - 15.734s
13: Epoch 28/90 - 15.734s
07: Epoch 28/90 - 15.734s
11: Epoch 28/90 - 15.734s
09: Epoch 28/90 - 15.734s
03: Epoch 28/90 - 15.734s
15: Epoch 28/90 - 15.734s
05: Epoch 28/90 - 15.734s
00: Epoch 28/90 - 15.734s
01: Epoch 29/90 - 15.517s
10: Epoch 29/90 - 15.517s
12: Epoch 29/90 - 15.517s
06: Epoch 29/90 - 15.517s
08: Epoch 29/90 - 15.517s
02: Epoch 29/90 - 15.517s
14: Epoch 29/90 - 15.517s
04: Epoch 29/90 - 15.517s
13: Epoch 29/90 - 15.517s
07: Epoch 29/90 - 15.517s
11: Epoch 29/90 - 15.517s
09: Epoch 29/90 - 15.517s
03: Epoch 29/90 - 15.517s
15: Epoch 29/90 - 15.517s
05: Epoch 29/90 - 15.517s
00: Epoch 29/90 - 15.517s
01: Epoch 30/90 - 15.843s
12: Epoch 30/90 - 15.843s
06: Epoch 30/90 - 15.843s
10: Epoch 30/90 - 15.843s
08: Epoch 30/90 - 15.843s
02: Epoch 30/90 - 15.843s
14: Epoch 30/90 - 15.843s
04: Epoch 30/90 - 15.843s
13: Epoch 30/90 - 15.843s
07: Epoch 30/90 - 15.843s
11: Epoch 30/90 - 15.843s
09: Epoch 30/90 - 15.843s
03: Epoch 30/90 - 15.843s
15: Epoch 30/90 - 15.843s
05: Epoch 30/90 - 15.843s
00: Epoch 30/90 - 15.843s
01: Epoch 31/90 - 15.663s
06: Epoch 31/90 - 15.663s
10: Epoch 31/90 - 15.663s
08: Epoch 31/90 - 15.663s
02: Epoch 31/90 - 15.663s
14: Epoch 31/90 - 15.663s
04: Epoch 31/90 - 15.663s
12: Epoch 31/90 - 15.663s
07: Epoch 31/90 - 15.663s
11: Epoch 31/90 - 15.663s
09: Epoch 31/90 - 15.663s
03: Epoch 31/90 - 15.663s
15: Epoch 31/90 - 15.663s
05: Epoch 31/90 - 15.663s
13: Epoch 31/90 - 15.663s
00: Epoch 31/90 - 15.663s
01: Epoch 32/90 - 15.709s
06: Epoch 32/90 - 15.709s
10: Epoch 32/90 - 15.709s
08: Epoch 32/90 - 15.709s
02: Epoch 32/90 - 15.709s
14: Epoch 32/90 - 15.709s
04: Epoch 32/90 - 15.709s
12: Epoch 32/90 - 15.709s
07: Epoch 32/90 - 15.709s
11: Epoch 32/90 - 15.709s
09: Epoch 32/90 - 15.709s
03: Epoch 32/90 - 15.709s
15: Epoch 32/90 - 15.709s
05: Epoch 32/90 - 15.709s
13: Epoch 32/90 - 15.709s
00: Epoch 32/90 - 15.709s
01: Epoch 33/90 - 15.751s
10: Epoch 33/90 - 15.751s
12: Epoch 33/90 - 15.751s
06: Epoch 33/90 - 15.751s
08: Epoch 33/90 - 15.751s
02: Epoch 33/90 - 15.751s
14: Epoch 33/90 - 15.751s
04: Epoch 33/90 - 15.751s
13: Epoch 33/90 - 15.751s
07: Epoch 33/90 - 15.751s
11: Epoch 33/90 - 15.751s
09: Epoch 33/90 - 15.751s
03: Epoch 33/90 - 15.751s
15: Epoch 33/90 - 15.751s
05: Epoch 33/90 - 15.751s
00: Epoch 33/90 - 15.751s
12: Epoch 34/90 - 15.675s
01: Epoch 34/90 - 15.675s
06: Epoch 34/90 - 15.675s
10: Epoch 34/90 - 15.675s
08: Epoch 34/90 - 15.675s
02: Epoch 34/90 - 15.675s
14: Epoch 34/90 - 15.675s
04: Epoch 34/90 - 15.675s
13: Epoch 34/90 - 15.675s
07: Epoch 34/90 - 15.675s
11: Epoch 34/90 - 15.675s
09: Epoch 34/90 - 15.675s
03: Epoch 34/90 - 15.675s
15: Epoch 34/90 - 15.675s
05: Epoch 34/90 - 15.675s
00: Epoch 34/90 - 15.675s
01: Epoch 35/90 - 15.658s
12: Epoch 35/90 - 15.658s
06: Epoch 35/90 - 15.658s
10: Epoch 35/90 - 15.658s
08: Epoch 35/90 - 15.658s
02: Epoch 35/90 - 15.658s
14: Epoch 35/90 - 15.658s
04: Epoch 35/90 - 15.658s
13: Epoch 35/90 - 15.658s
07: Epoch 35/90 - 15.658s
11: Epoch 35/90 - 15.658s
09: Epoch 35/90 - 15.658s
03: Epoch 35/90 - 15.658s
15: Epoch 35/90 - 15.658s
05: Epoch 35/90 - 15.658s
00: Epoch 35/90 - 15.658s
01: Epoch 36/90 - 15.411s
10: Epoch 36/90 - 15.411s
14: Epoch 36/90 - 15.411s
04: Epoch 36/90 - 15.411s
12: Epoch 36/90 - 15.411s
06: Epoch 36/90 - 15.411s
11: Epoch 36/90 - 15.411s
08: Epoch 36/90 - 15.411s
02: Epoch 36/90 - 15.411s
15: Epoch 36/90 - 15.411s
05: Epoch 36/90 - 15.411s
13: Epoch 36/90 - 15.411s
07: Epoch 36/90 - 15.411s
09: Epoch 36/90 - 15.411s
03: Epoch 36/90 - 15.411s
00: Epoch 36/90 - 15.411s
01: Epoch 37/90 - 15.577s
12: Epoch 37/90 - 15.577s
06: Epoch 37/90 - 15.577s
14: Epoch 37/90 - 15.577s
13: Epoch 37/90 - 15.577s
07: Epoch 37/90 - 15.577s
10: Epoch 37/90 - 15.577s
08: Epoch 37/90 - 15.577s
02: Epoch 37/90 - 15.577s
15: Epoch 37/90 - 15.577s
04: Epoch 37/90 - 15.577s
11: Epoch 37/90 - 15.577s
09: Epoch 37/90 - 15.577s
03: Epoch 37/90 - 15.577s
05: Epoch 37/90 - 15.577s
00: Epoch 37/90 - 15.576s
01: Epoch 38/90 - 15.751s
10: Epoch 38/90 - 15.751s
12: Epoch 38/90 - 15.751s
06: Epoch 38/90 - 15.751s
08: Epoch 38/90 - 15.751s
02: Epoch 38/90 - 15.751s
14: Epoch 38/90 - 15.751s
04: Epoch 38/90 - 15.751s
13: Epoch 38/90 - 15.751s
07: Epoch 38/90 - 15.751s
11: Epoch 38/90 - 15.751s
09: Epoch 38/90 - 15.751s
03: Epoch 38/90 - 15.751s
15: Epoch 38/90 - 15.751s
05: Epoch 38/90 - 15.751s
00: Epoch 38/90 - 15.751s
01: Epoch 39/90 - 15.691s
08: Epoch 39/90 - 15.691s
12: Epoch 39/90 - 15.691s
06: Epoch 39/90 - 15.691s
10: Epoch 39/90 - 15.691s
02: Epoch 39/90 - 15.691s
14: Epoch 39/90 - 15.691s
04: Epoch 39/90 - 15.691s
13: Epoch 39/90 - 15.691s
07: Epoch 39/90 - 15.691s
11: Epoch 39/90 - 15.691s
09: Epoch 39/90 - 15.691s
03: Epoch 39/90 - 15.691s
15: Epoch 39/90 - 15.691s
05: Epoch 39/90 - 15.691s
00: Epoch 39/90 - 15.691s
01: Epoch 40/90 - 15.714s
06: Epoch 40/90 - 15.714s
10: Epoch 40/90 - 15.714s
04: Epoch 40/90 - 15.714s
12: Epoch 40/90 - 15.714s
07: Epoch 40/90 - 15.714s
11: Epoch 40/90 - 15.714s
08: Epoch 40/90 - 15.714s
02: Epoch 40/90 - 15.714s
14: Epoch 40/90 - 15.714s
13: Epoch 40/90 - 15.714s
09: Epoch 40/90 - 15.714s
03: Epoch 40/90 - 15.714s
15: Epoch 40/90 - 15.714s
05: Epoch 40/90 - 15.714s
00: Epoch 40/90 - 15.714s
01: Epoch 41/90 - 15.757s
02: Epoch 41/90 - 15.757s
12: Epoch 41/90 - 15.757s
06: Epoch 41/90 - 15.757s
10: Epoch 41/90 - 15.757s
08: Epoch 41/90 - 15.757s
14: Epoch 41/90 - 15.757s
04: Epoch 41/90 - 15.757s
13: Epoch 41/90 - 15.757s
07: Epoch 41/90 - 15.757s
11: Epoch 41/90 - 15.757s
09: Epoch 41/90 - 15.757s
03: Epoch 41/90 - 15.757s
15: Epoch 41/90 - 15.757s
05: Epoch 41/90 - 15.757s
00: Epoch 41/90 - 15.757s
01: Epoch 42/90 - 16.014s
12: Epoch 42/90 - 16.014s
06: Epoch 42/90 - 16.014s
08: Epoch 42/90 - 16.014s
02: Epoch 42/90 - 16.014s
14: Epoch 42/90 - 16.014s
04: Epoch 42/90 - 16.014s
13: Epoch 42/90 - 16.014s
07: Epoch 42/90 - 16.014s
10: Epoch 42/90 - 16.014s
09: Epoch 42/90 - 16.014s
03: Epoch 42/90 - 16.014s
15: Epoch 42/90 - 16.014s
05: Epoch 42/90 - 16.014s
11: Epoch 42/90 - 16.014s
00: Epoch 42/90 - 16.014s
01: Epoch 43/90 - 16.029s
12: Epoch 43/90 - 16.029s
06: Epoch 43/90 - 16.029s
10: Epoch 43/90 - 16.029s
08: Epoch 43/90 - 16.029s
02: Epoch 43/90 - 16.029s
15: Epoch 43/90 - 16.029s
04: Epoch 43/90 - 16.029s
13: Epoch 43/90 - 16.029s
07: Epoch 43/90 - 16.029s
11: Epoch 43/90 - 16.029s
09: Epoch 43/90 - 16.029s
03: Epoch 43/90 - 16.029s
14: Epoch 43/90 - 16.029s
05: Epoch 43/90 - 16.029s
00: Epoch 43/90 - 16.029s
01: Epoch 44/90 - 16.000s
06: Epoch 44/90 - 16.000s
12: Epoch 44/90 - 16.000s
10: Epoch 44/90 - 16.000s
08: Epoch 44/90 - 16.000s
02: Epoch 44/90 - 16.000s
14: Epoch 44/90 - 16.000s
04: Epoch 44/90 - 16.000s
13: Epoch 44/90 - 16.000s
07: Epoch 44/90 - 16.000s
11: Epoch 44/90 - 16.000s
09: Epoch 44/90 - 16.000s
03: Epoch 44/90 - 16.000s
15: Epoch 44/90 - 16.000s
05: Epoch 44/90 - 16.000s
00: Epoch 44/90 - 16.000s
01: Epoch 45/90 - 16.021s
12: Epoch 45/90 - 16.021s
06: Epoch 45/90 - 16.021s
10: Epoch 45/90 - 16.021s
08: Epoch 45/90 - 16.021s
02: Epoch 45/90 - 16.021s
14: Epoch 45/90 - 16.021s
04: Epoch 45/90 - 16.021s
13: Epoch 45/90 - 16.021s
07: Epoch 45/90 - 16.021s
11: Epoch 45/90 - 16.021s
09: Epoch 45/90 - 16.021s
03: Epoch 45/90 - 16.021s
15: Epoch 45/90 - 16.021s
05: Epoch 45/90 - 16.021s
00: Epoch 45/90 - 16.021s
01: Epoch 46/90 - 15.810s
06: Epoch 46/90 - 15.810s
10: Epoch 46/90 - 15.810s
04: Epoch 46/90 - 15.810s
12: Epoch 46/90 - 15.810s
07: Epoch 46/90 - 15.810s
11: Epoch 46/90 - 15.810s
08: Epoch 46/90 - 15.810s
02: Epoch 46/90 - 15.810s
14: Epoch 46/90 - 15.810s
05: Epoch 46/90 - 15.810s
13: Epoch 46/90 - 15.810s
09: Epoch 46/90 - 15.810s
03: Epoch 46/90 - 15.810s
15: Epoch 46/90 - 15.810s
00: Epoch 46/90 - 15.810s
01: Epoch 47/90 - 15.077s
12: Epoch 47/90 - 15.077s
06: Epoch 47/90 - 15.077s
10: Epoch 47/90 - 15.077s
08: Epoch 47/90 - 15.077s
02: Epoch 47/90 - 15.077s
14: Epoch 47/90 - 15.077s
04: Epoch 47/90 - 15.077s
13: Epoch 47/90 - 15.077s
07: Epoch 47/90 - 15.077s
11: Epoch 47/90 - 15.077s
09: Epoch 47/90 - 15.077s
03: Epoch 47/90 - 15.077s
15: Epoch 47/90 - 15.077s
05: Epoch 47/90 - 15.077s
00: Epoch 47/90 - 15.077s
01: Epoch 48/90 - 15.645s
12: Epoch 48/90 - 15.645s
10: Epoch 48/90 - 15.645s
02: Epoch 48/90 - 15.645s
14: Epoch 48/90 - 15.645s
04: Epoch 48/90 - 15.645s
13: Epoch 48/90 - 15.645s
06: Epoch 48/90 - 15.645s
11: Epoch 48/90 - 15.645s
08: Epoch 48/90 - 15.645s
03: Epoch 48/90 - 15.645s
15: Epoch 48/90 - 15.645s
05: Epoch 48/90 - 15.645s
07: Epoch 48/90 - 15.645s
09: Epoch 48/90 - 15.645s
00: Epoch 48/90 - 15.645s
12: Epoch 49/90 - 15.815s
01: Epoch 49/90 - 15.815s
06: Epoch 49/90 - 15.815s
10: Epoch 49/90 - 15.815s
08: Epoch 49/90 - 15.815s
13: Epoch 49/90 - 15.815s
07: Epoch 49/90 - 15.815s
11: Epoch 49/90 - 15.815s
09: Epoch 49/90 - 15.815s
02: Epoch 49/90 - 15.815s
14: Epoch 49/90 - 15.816s
04: Epoch 49/90 - 15.815s
03: Epoch 49/90 - 15.815s
15: Epoch 49/90 - 15.815s
05: Epoch 49/90 - 15.815s
00: Epoch 49/90 - 15.815s
01: Epoch 50/90 - 15.808s
10: Epoch 50/90 - 15.808s
15: Epoch 50/90 - 15.808s
12: Epoch 50/90 - 15.808s
06: Epoch 50/90 - 15.808s
11: Epoch 50/90 - 15.808s
08: Epoch 50/90 - 15.808s
02: Epoch 50/90 - 15.808s
04: Epoch 50/90 - 15.808s
13: Epoch 50/90 - 15.808s
07: Epoch 50/90 - 15.808s
09: Epoch 50/90 - 15.808s
03: Epoch 50/90 - 15.808s
14: Epoch 50/90 - 15.808s
05: Epoch 50/90 - 15.808s
00: Epoch 50/90 - 15.808s
01: Epoch 51/90 - 16.020s
10: Epoch 51/90 - 16.020s
12: Epoch 51/90 - 16.020s
06: Epoch 51/90 - 16.020s
11: Epoch 51/90 - 16.020s
08: Epoch 51/90 - 16.020s
02: Epoch 51/90 - 16.020s
14: Epoch 51/90 - 16.020s
04: Epoch 51/90 - 16.020s
13: Epoch 51/90 - 16.020s
07: Epoch 51/90 - 16.020s
09: Epoch 51/90 - 16.020s
03: Epoch 51/90 - 16.020s
15: Epoch 51/90 - 16.020s
05: Epoch 51/90 - 16.020s
00: Epoch 51/90 - 16.020s
01: Epoch 52/90 - 15.882s
12: Epoch 52/90 - 15.882s
06: Epoch 52/90 - 15.882s
10: Epoch 52/90 - 15.882s
08: Epoch 52/90 - 15.882s
02: Epoch 52/90 - 15.882s
14: Epoch 52/90 - 15.882s
04: Epoch 52/90 - 15.882s
13: Epoch 52/90 - 15.882s
07: Epoch 52/90 - 15.882s
11: Epoch 52/90 - 15.882s
09: Epoch 52/90 - 15.882s
03: Epoch 52/90 - 15.882s
15: Epoch 52/90 - 15.882s
05: Epoch 52/90 - 15.882s
00: Epoch 52/90 - 15.882s
01: Epoch 53/90 - 15.860s
12: Epoch 53/90 - 15.860s
10: Epoch 53/90 - 15.860s
08: Epoch 53/90 - 15.860s
02: Epoch 53/90 - 15.860s
14: Epoch 53/90 - 15.860s
04: Epoch 53/90 - 15.860s
13: Epoch 53/90 - 15.860s
06: Epoch 53/90 - 15.860s
11: Epoch 53/90 - 15.860s
09: Epoch 53/90 - 15.860s
03: Epoch 53/90 - 15.860s
15: Epoch 53/90 - 15.860s
05: Epoch 53/90 - 15.860s
07: Epoch 53/90 - 15.860s
00: Epoch 53/90 - 15.860s
01: Epoch 54/90 - 15.846s
06: Epoch 54/90 - 15.846s
14: Epoch 54/90 - 15.846s
12: Epoch 54/90 - 15.846s
07: Epoch 54/90 - 15.846s
10: Epoch 54/90 - 15.846s
08: Epoch 54/90 - 15.846s
02: Epoch 54/90 - 15.846s
04: Epoch 54/90 - 15.846s
13: Epoch 54/90 - 15.846s
11: Epoch 54/90 - 15.846s
09: Epoch 54/90 - 15.846s
03: Epoch 54/90 - 15.846s
15: Epoch 54/90 - 15.846s
05: Epoch 54/90 - 15.846s
00: Epoch 54/90 - 15.846s
01: Epoch 55/90 - 15.881s
12: Epoch 55/90 - 15.881s
06: Epoch 55/90 - 15.881s
10: Epoch 55/90 - 15.881s
13: Epoch 55/90 - 15.881s
07: Epoch 55/90 - 15.881s
11: Epoch 55/90 - 15.881s
08: Epoch 55/90 - 15.881s
02: Epoch 55/90 - 15.881s
14: Epoch 55/90 - 15.881s
04: Epoch 55/90 - 15.881s
00: Epoch 55/90 - 15.881s
09: Epoch 55/90 - 15.881s
03: Epoch 55/90 - 15.881s
15: Epoch 55/90 - 15.881s
05: Epoch 55/90 - 15.881s
01: Epoch 56/90 - 15.728s
06: Epoch 56/90 - 15.728s
02: Epoch 56/90 - 15.728s
14: Epoch 56/90 - 15.728s
04: Epoch 56/90 - 15.728s
12: Epoch 56/90 - 15.728s
07: Epoch 56/90 - 15.728s
10: Epoch 56/90 - 15.728s
08: Epoch 56/90 - 15.728s
03: Epoch 56/90 - 15.728s
15: Epoch 56/90 - 15.728s
05: Epoch 56/90 - 15.728s
13: Epoch 56/90 - 15.728s
11: Epoch 56/90 - 15.728s
09: Epoch 56/90 - 15.728s
00: Epoch 56/90 - 15.728s
01: Epoch 57/90 - 15.825s
12: Epoch 57/90 - 15.825s
10: Epoch 57/90 - 15.825s
13: Epoch 57/90 - 15.825s
06: Epoch 57/90 - 15.825s
11: Epoch 57/90 - 15.825s
08: Epoch 57/90 - 15.825s
02: Epoch 57/90 - 15.825s
14: Epoch 57/90 - 15.825s
04: Epoch 57/90 - 15.825s
07: Epoch 57/90 - 15.825s
09: Epoch 57/90 - 15.825s
03: Epoch 57/90 - 15.825s
15: Epoch 57/90 - 15.825s
05: Epoch 57/90 - 15.825s
00: Epoch 57/90 - 15.825s
01: Epoch 58/90 - 15.196s
06: Epoch 58/90 - 15.196s
10: Epoch 58/90 - 15.196s
02: Epoch 58/90 - 15.196s
14: Epoch 58/90 - 15.196s
12: Epoch 58/90 - 15.196s
07: Epoch 58/90 - 15.196s
11: Epoch 58/90 - 15.196s
08: Epoch 58/90 - 15.196s
03: Epoch 58/90 - 15.196s
15: Epoch 58/90 - 15.196s
04: Epoch 58/90 - 15.196s
13: Epoch 58/90 - 15.196s
09: Epoch 58/90 - 15.196s
05: Epoch 58/90 - 15.196s
00: Epoch 58/90 - 15.196s
01: Epoch 59/90 - 15.046s
10: Epoch 59/90 - 15.046s
12: Epoch 59/90 - 15.046s
06: Epoch 59/90 - 15.046s
08: Epoch 59/90 - 15.046s
02: Epoch 59/90 - 15.046s
14: Epoch 59/90 - 15.046s
04: Epoch 59/90 - 15.046s
13: Epoch 59/90 - 15.046s
07: Epoch 59/90 - 15.046s
11: Epoch 59/90 - 15.046s
09: Epoch 59/90 - 15.046s
03: Epoch 59/90 - 15.046s
15: Epoch 59/90 - 15.046s
05: Epoch 59/90 - 15.046s
00: Epoch 59/90 - 15.046s
12: Epoch 60/90 - 15.039s
01: Epoch 60/90 - 15.039s
06: Epoch 60/90 - 15.039s
08: Epoch 60/90 - 15.039s
13: Epoch 60/90 - 15.039s
07: Epoch 60/90 - 15.039s
10: Epoch 60/90 - 15.039s
09: Epoch 60/90 - 15.039s
02: Epoch 60/90 - 15.039s
14: Epoch 60/90 - 15.039s
04: Epoch 60/90 - 15.039s
11: Epoch 60/90 - 15.039s
03: Epoch 60/90 - 15.039s
15: Epoch 60/90 - 15.039s
05: Epoch 60/90 - 15.039s
00: Epoch 60/90 - 15.039s
01: Epoch 61/90 - 15.822s
06: Epoch 61/90 - 15.822s
10: Epoch 61/90 - 15.822s
08: Epoch 61/90 - 15.822s
02: Epoch 61/90 - 15.822s
14: Epoch 61/90 - 15.822s
04: Epoch 61/90 - 15.822s
12: Epoch 61/90 - 15.822s
07: Epoch 61/90 - 15.822s
11: Epoch 61/90 - 15.822s
09: Epoch 61/90 - 15.822s
03: Epoch 61/90 - 15.822s
15: Epoch 61/90 - 15.822s
05: Epoch 61/90 - 15.822s
13: Epoch 61/90 - 15.822s
00: Epoch 61/90 - 15.822s
01: Epoch 62/90 - 15.810s
12: Epoch 62/90 - 15.810s
06: Epoch 62/90 - 15.810s
10: Epoch 62/90 - 15.810s
08: Epoch 62/90 - 15.810s
02: Epoch 62/90 - 15.810s
14: Epoch 62/90 - 15.810s
04: Epoch 62/90 - 15.810s
13: Epoch 62/90 - 15.810s
07: Epoch 62/90 - 15.810s
11: Epoch 62/90 - 15.810s
09: Epoch 62/90 - 15.810s
03: Epoch 62/90 - 15.810s
15: Epoch 62/90 - 15.810s
05: Epoch 62/90 - 15.810s
00: Epoch 62/90 - 15.810s
01: Epoch 63/90 - 15.733s
12: Epoch 63/90 - 15.733s
06: Epoch 63/90 - 15.733s
10: Epoch 63/90 - 15.733s
08: Epoch 63/90 - 15.733s
02: Epoch 63/90 - 15.733s
14: Epoch 63/90 - 15.733s
04: Epoch 63/90 - 15.733s
13: Epoch 63/90 - 15.733s
07: Epoch 63/90 - 15.733s
11: Epoch 63/90 - 15.733s
09: Epoch 63/90 - 15.733s
03: Epoch 63/90 - 15.733s
15: Epoch 63/90 - 15.733s
05: Epoch 63/90 - 15.733s
00: Epoch 63/90 - 15.733s
01: Epoch 64/90 - 15.735s
07: Epoch 64/90 - 15.735s
12: Epoch 64/90 - 15.735s
06: Epoch 64/90 - 15.735s
10: Epoch 64/90 - 15.735s
08: Epoch 64/90 - 15.735s
02: Epoch 64/90 - 15.735s
14: Epoch 64/90 - 15.735s
04: Epoch 64/90 - 15.735s
13: Epoch 64/90 - 15.735s
11: Epoch 64/90 - 15.735s
09: Epoch 64/90 - 15.735s
03: Epoch 64/90 - 15.735s
15: Epoch 64/90 - 15.735s
05: Epoch 64/90 - 15.735s
00: Epoch 64/90 - 15.735s
01: Epoch 65/90 - 15.772s
12: Epoch 65/90 - 15.772s
06: Epoch 65/90 - 15.772s
10: Epoch 65/90 - 15.772s
08: Epoch 65/90 - 15.772s
02: Epoch 65/90 - 15.772s
14: Epoch 65/90 - 15.772s
04: Epoch 65/90 - 15.772s
13: Epoch 65/90 - 15.772s
07: Epoch 65/90 - 15.772s
11: Epoch 65/90 - 15.772s
09: Epoch 65/90 - 15.772s
03: Epoch 65/90 - 15.772s
15: Epoch 65/90 - 15.772s
05: Epoch 65/90 - 15.772s
00: Epoch 65/90 - 15.772s
12: Epoch 66/90 - 15.633s
06: Epoch 66/90 - 15.633s
10: Epoch 66/90 - 15.633s
08: Epoch 66/90 - 15.633s
13: Epoch 66/90 - 15.633s
07: Epoch 66/90 - 15.633s
11: Epoch 66/90 - 15.633s
09: Epoch 66/90 - 15.633s
02: Epoch 66/90 - 15.633s
14: Epoch 66/90 - 15.633s
04: Epoch 66/90 - 15.633s
01: Epoch 66/90 - 15.633s
03: Epoch 66/90 - 15.633s
15: Epoch 66/90 - 15.633s
05: Epoch 66/90 - 15.633s
00: Epoch 66/90 - 15.633s
00: 
01: Epoch 67/90 - 15.803s
07: Epoch 67/90 - 15.803s
10: Epoch 67/90 - 15.803s
08: Epoch 67/90 - 15.803s
12: Epoch 67/90 - 15.803s
06: Epoch 67/90 - 15.803s
02: Epoch 67/90 - 15.803s
14: Epoch 67/90 - 15.803s
04: Epoch 67/90 - 15.803s
13: Epoch 67/90 - 15.803s
11: Epoch 67/90 - 15.803s
09: Epoch 67/90 - 15.803s
03: Epoch 67/90 - 15.803s
15: Epoch 67/90 - 15.803s
05: Epoch 67/90 - 15.803s
00: Epoch 67/90 - 15.803s
01: Epoch 68/90 - 15.780s
12: Epoch 68/90 - 15.780s
06: Epoch 68/90 - 15.780s
10: Epoch 68/90 - 15.780s
08: Epoch 68/90 - 15.780s
02: Epoch 68/90 - 15.780s
14: Epoch 68/90 - 15.780s
04: Epoch 68/90 - 15.780s
13: Epoch 68/90 - 15.780s
07: Epoch 68/90 - 15.780s
11: Epoch 68/90 - 15.780s
09: Epoch 68/90 - 15.780s
03: Epoch 68/90 - 15.780s
15: Epoch 68/90 - 15.780s
05: Epoch 68/90 - 15.780s
00: Epoch 68/90 - 15.780s
01: Epoch 69/90 - 15.878s
12: Epoch 69/90 - 15.878s
06: Epoch 69/90 - 15.878s
10: Epoch 69/90 - 15.878s
08: Epoch 69/90 - 15.878s
02: Epoch 69/90 - 15.878s
14: Epoch 69/90 - 15.878s
04: Epoch 69/90 - 15.878s
13: Epoch 69/90 - 15.878s
07: Epoch 69/90 - 15.878s
11: Epoch 69/90 - 15.878s
09: Epoch 69/90 - 15.878s
03: Epoch 69/90 - 15.878s
15: Epoch 69/90 - 15.878s
05: Epoch 69/90 - 15.878s
00: Epoch 69/90 - 15.878s
01: Epoch 70/90 - 15.950s
06: Epoch 70/90 - 15.950s
10: Epoch 70/90 - 15.950s
02: Epoch 70/90 - 15.950s
14: Epoch 70/90 - 15.950s
12: Epoch 70/90 - 15.950s
07: Epoch 70/90 - 15.950s
11: Epoch 70/90 - 15.950s
08: Epoch 70/90 - 15.950s
03: Epoch 70/90 - 15.950s
15: Epoch 70/90 - 15.950s
04: Epoch 70/90 - 15.950s
13: Epoch 70/90 - 15.950s
09: Epoch 70/90 - 15.950s
05: Epoch 70/90 - 15.950s
00: Epoch 70/90 - 15.950s
01: Epoch 71/90 - 15.972s
06: Epoch 71/90 - 15.972s
12: Epoch 71/90 - 15.972s
07: Epoch 71/90 - 15.972s
10: Epoch 71/90 - 15.972s
08: Epoch 71/90 - 15.972s
02: Epoch 71/90 - 15.972s
14: Epoch 71/90 - 15.972s
04: Epoch 71/90 - 15.972s
13: Epoch 71/90 - 15.972s
11: Epoch 71/90 - 15.972s
09: Epoch 71/90 - 15.972s
03: Epoch 71/90 - 15.972s
15: Epoch 71/90 - 15.972s
05: Epoch 71/90 - 15.972s
00: Epoch 71/90 - 15.972s
01: Epoch 72/90 - 15.880s
12: Epoch 72/90 - 15.880s
06: Epoch 72/90 - 15.880s
10: Epoch 72/90 - 15.880s
08: Epoch 72/90 - 15.880s
13: Epoch 72/90 - 15.880s
07: Epoch 72/90 - 15.880s
11: Epoch 72/90 - 15.880s
09: Epoch 72/90 - 15.880s
02: Epoch 72/90 - 15.880s
14: Epoch 72/90 - 15.880s
04: Epoch 72/90 - 15.880s
03: Epoch 72/90 - 15.880s
15: Epoch 72/90 - 15.880s
05: Epoch 72/90 - 15.880s
00: Epoch 72/90 - 15.880s
01: Epoch 73/90 - 15.557s
12: Epoch 73/90 - 15.557s
06: Epoch 73/90 - 15.557s
10: Epoch 73/90 - 15.557s
08: Epoch 73/90 - 15.557s
02: Epoch 73/90 - 15.557s
14: Epoch 73/90 - 15.557s
13: Epoch 73/90 - 15.557s
07: Epoch 73/90 - 15.557s
11: Epoch 73/90 - 15.557s
09: Epoch 73/90 - 15.557s
03: Epoch 73/90 - 15.557s
15: Epoch 73/90 - 15.557s
04: Epoch 73/90 - 15.557s
05: Epoch 73/90 - 15.557s
00: Epoch 73/90 - 15.557s
01: Epoch 74/90 - 15.201s
06: Epoch 74/90 - 15.201s
02: Epoch 74/90 - 15.201s
14: Epoch 74/90 - 15.201s
12: Epoch 74/90 - 15.201s
07: Epoch 74/90 - 15.201s
10: Epoch 74/90 - 15.201s
08: Epoch 74/90 - 15.201s
03: Epoch 74/90 - 15.201s
15: Epoch 74/90 - 15.201s
04: Epoch 74/90 - 15.201s
13: Epoch 74/90 - 15.201s
00: Epoch 74/90 - 15.201s
11: Epoch 74/90 - 15.201s
09: Epoch 74/90 - 15.201s
05: Epoch 74/90 - 15.201s
01: Epoch 75/90 - 15.062s
06: Epoch 75/90 - 15.062s
12: Epoch 75/90 - 15.062s
10: Epoch 75/90 - 15.062s
08: Epoch 75/90 - 15.062s
02: Epoch 75/90 - 15.062s
14: Epoch 75/90 - 15.062s
04: Epoch 75/90 - 15.062s
13: Epoch 75/90 - 15.062s
07: Epoch 75/90 - 15.062s
11: Epoch 75/90 - 15.062s
09: Epoch 75/90 - 15.062s
03: Epoch 75/90 - 15.062s
15: Epoch 75/90 - 15.062s
05: Epoch 75/90 - 15.062s
00: Epoch 75/90 - 15.062s
01: Epoch 76/90 - 15.232s
04: Epoch 76/90 - 15.232s
12: Epoch 76/90 - 15.232s
06: Epoch 76/90 - 15.232s
10: Epoch 76/90 - 15.232s
08: Epoch 76/90 - 15.232s
02: Epoch 76/90 - 15.232s
14: Epoch 76/90 - 15.232s
05: Epoch 76/90 - 15.232s
13: Epoch 76/90 - 15.232s
07: Epoch 76/90 - 15.232s
11: Epoch 76/90 - 15.232s
09: Epoch 76/90 - 15.232s
03: Epoch 76/90 - 15.232s
15: Epoch 76/90 - 15.232s
00: Epoch 76/90 - 15.232s
01: Epoch 77/90 - 15.297s
12: Epoch 77/90 - 15.297s
06: Epoch 77/90 - 15.297s
10: Epoch 77/90 - 15.297s
08: Epoch 77/90 - 15.297s
02: Epoch 77/90 - 15.297s
14: Epoch 77/90 - 15.297s
04: Epoch 77/90 - 15.297s
13: Epoch 77/90 - 15.297s
07: Epoch 77/90 - 15.297s
11: Epoch 77/90 - 15.297s
09: Epoch 77/90 - 15.297s
03: Epoch 77/90 - 15.297s
15: Epoch 77/90 - 15.297s
05: Epoch 77/90 - 15.297s
00: Epoch 77/90 - 15.297s
01: Epoch 78/90 - 15.107s
12: Epoch 78/90 - 15.107s
06: Epoch 78/90 - 15.107s
10: Epoch 78/90 - 15.107s
08: Epoch 78/90 - 15.107s
02: Epoch 78/90 - 15.107s
14: Epoch 78/90 - 15.107s
04: Epoch 78/90 - 15.107s
13: Epoch 78/90 - 15.107s
07: Epoch 78/90 - 15.107s
11: Epoch 78/90 - 15.107s
09: Epoch 78/90 - 15.107s
03: Epoch 78/90 - 15.107s
15: Epoch 78/90 - 15.107s
05: Epoch 78/90 - 15.107s
00: Epoch 78/90 - 15.107s
01: Epoch 79/90 - 15.131s
06: Epoch 79/90 - 15.131s
12: Epoch 79/90 - 15.131s
10: Epoch 79/90 - 15.131s
08: Epoch 79/90 - 15.131s
02: Epoch 79/90 - 15.131s
14: Epoch 79/90 - 15.131s
04: Epoch 79/90 - 15.131s
13: Epoch 79/90 - 15.131s
07: Epoch 79/90 - 15.131s
11: Epoch 79/90 - 15.131s
09: Epoch 79/90 - 15.131s
03: Epoch 79/90 - 15.131s
15: Epoch 79/90 - 15.131s
05: Epoch 79/90 - 15.131s
00: Epoch 79/90 - 15.131s
01: Epoch 80/90 - 15.741s
10: Epoch 80/90 - 15.741s
08: Epoch 80/90 - 15.741s
02: Epoch 80/90 - 15.741s
14: Epoch 80/90 - 15.741s
04: Epoch 80/90 - 15.741s
12: Epoch 80/90 - 15.741s
06: Epoch 80/90 - 15.741s
11: Epoch 80/90 - 15.741s
09: Epoch 80/90 - 15.741s
03: Epoch 80/90 - 15.741s
15: Epoch 80/90 - 15.741s
05: Epoch 80/90 - 15.741s
13: Epoch 80/90 - 15.741s
00: Epoch 80/90 - 15.741s
07: Epoch 80/90 - 15.741s
01: Epoch 81/90 - 15.767s
12: Epoch 81/90 - 15.767s
06: Epoch 81/90 - 15.767s
10: Epoch 81/90 - 15.767s
08: Epoch 81/90 - 15.767s
02: Epoch 81/90 - 15.767s
14: Epoch 81/90 - 15.767s
04: Epoch 81/90 - 15.767s
13: Epoch 81/90 - 15.767s
07: Epoch 81/90 - 15.767s
11: Epoch 81/90 - 15.767s
09: Epoch 81/90 - 15.767s
03: Epoch 81/90 - 15.767s
15: Epoch 81/90 - 15.767s
05: Epoch 81/90 - 15.767s
00: Epoch 81/90 - 15.767s
01: Epoch 82/90 - 15.746s
07: Epoch 82/90 - 15.746s
12: Epoch 82/90 - 15.746s
10: Epoch 82/90 - 15.746s
08: Epoch 82/90 - 15.746s
02: Epoch 82/90 - 15.746s
14: Epoch 82/90 - 15.746s
04: Epoch 82/90 - 15.746s
13: Epoch 82/90 - 15.746s
06: Epoch 82/90 - 15.746s
11: Epoch 82/90 - 15.746s
09: Epoch 82/90 - 15.746s
03: Epoch 82/90 - 15.746s
15: Epoch 82/90 - 15.746s
05: Epoch 82/90 - 15.746s
00: Epoch 82/90 - 15.746s
01: Epoch 83/90 - 15.455s
10: Epoch 83/90 - 15.455s
12: Epoch 83/90 - 15.455s
06: Epoch 83/90 - 15.455s
11: Epoch 83/90 - 15.455s
08: Epoch 83/90 - 15.455s
02: Epoch 83/90 - 15.455s
14: Epoch 83/90 - 15.455s
04: Epoch 83/90 - 15.455s
13: Epoch 83/90 - 15.455s
07: Epoch 83/90 - 15.455s
09: Epoch 83/90 - 15.455s
03: Epoch 83/90 - 15.455s
15: Epoch 83/90 - 15.455s
05: Epoch 83/90 - 15.455s
00: Epoch 83/90 - 15.455s
01: Epoch 84/90 - 15.302s
06: Epoch 84/90 - 15.302s
10: Epoch 84/90 - 15.302s
12: Epoch 84/90 - 15.302s
07: Epoch 84/90 - 15.302s
08: Epoch 84/90 - 15.302s
02: Epoch 84/90 - 15.302s
14: Epoch 84/90 - 15.302s
04: Epoch 84/90 - 15.302s
13: Epoch 84/90 - 15.302s
11: Epoch 84/90 - 15.302s
09: Epoch 84/90 - 15.302s
03: Epoch 84/90 - 15.302s
15: Epoch 84/90 - 15.302s
05: Epoch 84/90 - 15.302s
00: Epoch 84/90 - 15.302s
12: Epoch 85/90 - 15.001s
01: Epoch 85/90 - 15.001s
04: Epoch 85/90 - 15.001s
06: Epoch 85/90 - 15.001s
10: Epoch 85/90 - 15.001s
08: Epoch 85/90 - 15.001s
02: Epoch 85/90 - 15.001s
14: Epoch 85/90 - 15.001s
13: Epoch 85/90 - 15.001s
07: Epoch 85/90 - 15.001s
11: Epoch 85/90 - 15.001s
09: Epoch 85/90 - 15.001s
03: Epoch 85/90 - 15.001s
15: Epoch 85/90 - 15.001s
05: Epoch 85/90 - 15.001s
00: Epoch 85/90 - 15.001s
01: Epoch 86/90 - 15.012s
06: Epoch 86/90 - 15.012s
12: Epoch 86/90 - 15.012s
10: Epoch 86/90 - 15.012s
08: Epoch 86/90 - 15.012s
02: Epoch 86/90 - 15.012s
14: Epoch 86/90 - 15.012s
04: Epoch 86/90 - 15.012s
13: Epoch 86/90 - 15.012s
00: Epoch 86/90 - 15.013s
07: Epoch 86/90 - 15.012s
11: Epoch 86/90 - 15.013s
09: Epoch 86/90 - 15.012s
03: Epoch 86/90 - 15.012s
15: Epoch 86/90 - 15.012s
05: Epoch 86/90 - 15.012s
01: Epoch 87/90 - 15.105s
14: Epoch 87/90 - 15.105s
12: Epoch 87/90 - 15.105s
06: Epoch 87/90 - 15.105s
10: Epoch 87/90 - 15.105s
08: Epoch 87/90 - 15.105s
02: Epoch 87/90 - 15.105s
04: Epoch 87/90 - 15.105s
13: Epoch 87/90 - 15.105s
07: Epoch 87/90 - 15.105s
11: Epoch 87/90 - 15.105s
09: Epoch 87/90 - 15.105s
03: Epoch 87/90 - 15.105s
15: Epoch 87/90 - 15.105s
05: Epoch 87/90 - 15.105s
00: Epoch 87/90 - 15.105s
01: Epoch 88/90 - 15.084s
06: Epoch 88/90 - 15.084s
08: Epoch 88/90 - 15.084s
02: Epoch 88/90 - 15.084s
14: Epoch 88/90 - 15.084s
04: Epoch 88/90 - 15.084s
12: Epoch 88/90 - 15.084s
07: Epoch 88/90 - 15.084s
10: Epoch 88/90 - 15.084s
09: Epoch 88/90 - 15.084s
03: Epoch 88/90 - 15.084s
15: Epoch 88/90 - 15.084s
05: Epoch 88/90 - 15.084s
13: Epoch 88/90 - 15.084s
11: Epoch 88/90 - 15.084s
00: Epoch 88/90 - 15.084s
06: Epoch 89/90 - 15.310s
06: Steps per epoch: 25
06: Validation steps per epoch: 79
12: Epoch 89/90 - 15.310s
12: Steps per epoch: 25
12: Validation steps per epoch: 79
10: Epoch 89/90 - 15.310s
10: Steps per epoch: 25
10: Validation steps per epoch: 79
08: Epoch 89/90 - 15.310s
08: Steps per epoch: 25
08: Validation steps per epoch: 79
02: Epoch 89/90 - 15.310s
02: Steps per epoch: 25
02: Validation steps per epoch: 79
14: Epoch 89/90 - 15.310s
14: Steps per epoch: 25
14: Validation steps per epoch: 79
04: Epoch 89/90 - 15.310s
04: Steps per epoch: 25
04: Validation steps per epoch: 79
13: Epoch 89/90 - 15.310s
13: Steps per epoch: 25
13: Validation steps per epoch: 79
07: Epoch 89/90 - 15.310s
07: Steps per epoch: 25
07: Validation steps per epoch: 79
11: Epoch 89/90 - 15.310s
11: Steps per epoch: 25
11: Validation steps per epoch: 79
09: Epoch 89/90 - 15.310s
09: Steps per epoch: 25
09: Validation steps per epoch: 79
03: Epoch 89/90 - 15.310s
03: Steps per epoch: 25
03: Validation steps per epoch: 79
15: Epoch 89/90 - 15.310s
15: Steps per epoch: 25
15: Validation steps per epoch: 79
05: Epoch 89/90 - 15.310s
05: Steps per epoch: 25
05: Validation steps per epoch: 79
12: Average time per epoch: 15.653 s
01: Epoch 89/90 - 15.311s
06: Average time per epoch: 15.653 s
10: Average time per epoch: 15.653 s
08: Average time per epoch: 15.653 s
02: Average time per epoch: 15.653 s
14: Average time per epoch: 15.653 s
04: Average time per epoch: 15.653 s
13: Average time per epoch: 15.653 s
00: Epoch 89/90 - 15.310s
00: Steps per epoch: 25
00: Validation steps per epoch: 79
07: Average time per epoch: 15.653 s
11: Average time per epoch: 15.653 s
09: Average time per epoch: 15.653 s
03: Average time per epoch: 15.653 s
15: Average time per epoch: 15.653 s
05: Average time per epoch: 15.653 s
01: Steps per epoch: 25
01: Validation steps per epoch: 79
00: Average time per epoch: 15.654 s
01: Average time per epoch: 15.653 s
09: --- 1413.2681105136871 seconds ---
08: --- 1413.2786846160889 seconds ---
02: --- 1412.9751014709473 seconds ---
14: --- 1413.278925895691 seconds ---
07: --- 1413.1680335998535 seconds ---
03: --- 1412.9827609062195 seconds ---
15: --- 1413.2640461921692 seconds ---
04: --- 1413.006817817688 seconds ---
12: --- 1413.1634497642517 seconds ---
06: --- 1413.161633491516 seconds ---
13: --- 1413.198606967926 seconds ---
00: --- 1412.7561206817627 seconds ---
01: --- 1412.7566437721252 seconds ---
05: --- 1413.0079288482666 seconds ---
11: --- 1413.2503850460052 seconds ---
10: --- 1413.2447319030762 seconds ---
ELAPSED: 1415 seconds
End at Sun Feb 14 01:35:03 EET 2021
