WORKERS: "gpu18-ib:5555","gpu19-ib:5555","gpu20-ib:5555","gpu21-ib:5555","gpu22-ib:5555","gpu23-ib:5555","gpu24-ib:5555","gpu25-ib:5555","gpu26-ib:5555","gpu27-ib:5555","gpu28-ib:5555","gpu29-ib:5555","gpu30-ib:5555","gpu31-ib:5555","gpu32-ib:5555","gpu33-ib:5555"
Start at Mon Feb  8 04:23:13 EET 2021
CUDA_VISIBLE_DEVICES: 0,1
Running on hosts: gpu[18-33]
Running on 16 nodes.
Running 2 tasks per node
Job id is 1090371
06: Number of devices per node: 2
14: Number of devices per node: 2
07: Number of devices per node: 2
04: Number of devices per node: 2
15: Number of devices per node: 2
15: 
13: Number of devices per node: 2
05: Number of devices per node: 2
12: Number of devices per node: 2
00: Number of devices per node: 2
02: Number of devices per node: 2
08: Number of devices per node: 2
20: Number of devices per node: 2
19: Number of devices per node: 2
29: Number of devices per node: 2
22: Number of devices per node: 2
16: Number of devices per node: 2
30: Number of devices per node: 2
10: Number of devices per node: 2
01: Number of devices per node: 2
03: Number of devices per node: 2
09: Number of devices per node: 2
09: 
21: Number of devices per node: 2
18: Number of devices per node: 2
28: Number of devices per node: 2
23: Number of devices per node: 2
17: Number of devices per node: 2
17: 
31: Number of devices per node: 2
11: Number of devices per node: 2
26: Number of devices per node: 2
24: Number of devices per node: 2
27: Number of devices per node: 2
25: Number of devices per node: 2
10: rank 10
26: rank 26
04: rank 4
15: rank 15
00: rank 0
11: rank 11
30: rank 30
21: rank 21
30: 
16: rank 16
29: rank 29
20: rank 
27: rank
24: rank 24
19: rank 19
05: rank 5
22: rank 22
20: 20
27:  27
25: rank 25
14: rank 14
31: rank 31
22: 
01: rank 1
13: rank 13
01: 
23: rank 23
02: rank 2
06: rank 6
03: rank 3
06: 
18: rank 18
17: rank 17
09: rank 9
08: rank 
08: 8
12: rank 12
28: rank 28
07: rank 7
15: => creating model 'resnet50'
14: => creating model 'resnet50'
12: => creating model 'resnet50'
13: => creating model 'resnet50'
01: => creating model 'resnet50'
03: => creating model 'resnet50'
11: => creating model 'resnet50'
10: => creating model 'resnet50'
02: => creating model 'resnet50'
00: => creating model 'resnet50'
05: => creating model 'resnet50'
17: => creating model 'resnet50'
16: => creating model 'resnet50'
04: => creating model 'resnet50'
20: => creating model 'resnet50'
21: => creating model 'resnet50'
29: => creating model 'resnet50'
28: => creating model 'resnet50'
27: => creating model 'resnet50'
22: => creating model 'resnet50'
23: => creating model 'resnet50'
26: => creating model 'resnet50'
18: => creating model 'resnet50'
19: => creating model 'resnet50'
08: => creating model 'resnet50'
31: => creating model 'resnet50'
09: => creating model 'resnet50'
30: => creating model 'resnet50'
25: => creating model 'resnet50'
24: => creating model 'resnet50'
07: => creating model 'resnet50'
07: 
06: => creating model 'resnet50'
01: Epoch 0/90 - 50.215s
30: Epoch 0/90 - 50.099s
12: Epoch 0/90 - 50.100s
06: Epoch 0/90 - 50.107s
10: Epoch 0/90 - 50.100s
08: Epoch 0/90 - 50.100s
16: Epoch 0/90 - 50.100s
02: Epoch 0/90 - 50.214s
18: Epoch 0/90 - 50.100s
28: Epoch 0/90 - 50.099s
20: Epoch 0/90 - 50.099s
14: Epoch 0/90 - 50.100s
26: Epoch 0/90 - 50.100s
24: Epoch 0/90 - 50.100s
07: Epoch 0/90 - 50.100s
11: Epoch 0/90 - 50.100s
09: Epoch 0/90 - 50.100s
31: Epoch 0/90 - 50.099s
17: Epoch 0/90 - 50.100s
04: Epoch 0/90 - 50.214s
03: Epoch 0/90 - 50.214s
19: Epoch 0/90 - 50.100s
29: Epoch 0/90 - 50.099s
22: Epoch 0/90 - 50.100s
13: Epoch 0/90 - 50.100s
21: Epoch 0/90 - 50.100s
15: Epoch 0/90 - 50.100s
27: Epoch 0/90 - 50.100s
25: Epoch 0/90 - 50.100s
07: 
05: Epoch 0/90 - 50.206s
23: Epoch 0/90 - 50.100s
00: Epoch 0/90 - 50.218s
01: Epoch 1/90 - 7.791s
18: Epoch 1/90 - 7.791s
07: Epoch 1/90 - 7.791s
10: Epoch 1/90 - 7.791s
08: Epoch 1/90 - 7.791s
30: Epoch 1/90 - 7.791s
16: Epoch 1/90 - 7.791s
04: Epoch 1/90 - 7.791s
02: Epoch 1/90 - 7.791s
28: Epoch 1/90 - 7.791s
22: Epoch 1/90 - 7.791s
12: Epoch 1/90 - 7.791s
20: Epoch 1/90 - 7.791s
14: Epoch 1/90 - 7.791s
26: Epoch 1/90 - 7.791s
24: Epoch 1/90 - 7.791s
06: Epoch 1/90 - 7.791s
11: Epoch 1/90 - 7.791s
09: Epoch 1/90 - 7.791s
31: Epoch 1/90 - 7.791s
17: Epoch 1/90 - 7.791s
05: Epoch 1/90 - 7.791s
03: Epoch 1/90 - 7.791s
19: Epoch 1/90 - 7.791s
29: Epoch 1/90 - 7.791s
23: Epoch 1/90 - 7.791s
13: Epoch 1/90 - 7.791s
21: Epoch 1/90 - 7.791s
15: Epoch 1/90 - 7.791s
27: Epoch 1/90 - 7.791s
25: Epoch 1/90 - 7.791s
00: Epoch 1/90 - 7.791s
01: Epoch 2/90 - 7.650s
08: Epoch 2/90 - 7.650s
16: Epoch 2/90 - 7.650s
07: Epoch 2/90 - 7.650s
10: Epoch 2/90 - 7.650s
30: Epoch 2/90 - 7.650s
04: Epoch 2/90 - 7.650s
02: Epoch 2/90 - 7.650s
18: Epoch 2/90 - 7.650s
28: Epoch 2/90 - 7.650s
22: Epoch 2/90 - 7.650s
12: Epoch 2/90 - 7.650s
20: Epoch 2/90 - 7.650s
14: Epoch 2/90 - 7.650s
26: Epoch 2/90 - 7.650s
24: Epoch 2/90 - 7.650s
06: Epoch 2/90 - 7.650s
11: Epoch 2/90 - 7.650s
09: Epoch 2/90 - 7.650s
31: Epoch 2/90 - 7.650s
17: Epoch 2/90 - 7.650s
05: Epoch 2/90 - 7.650s
03: Epoch 2/90 - 7.650s
19: Epoch 2/90 - 7.650s
29: Epoch 2/90 - 7.650s
23: Epoch 2/90 - 7.650s
13: Epoch 2/90 - 7.650s
21: Epoch 2/90 - 7.650s
15: Epoch 2/90 - 7.650s
27: Epoch 2/90 - 7.650s
25: Epoch 2/90 - 7.650s
00: Epoch 2/90 - 7.650s
01: Epoch 3/90 - 7.909s
04: Epoch 3/90 - 7.909s
20: Epoch 3/90 - 7.909s
07: Epoch 3/90 - 7.909s
10: Epoch 3/90 - 7.909s
08: Epoch 3/90 - 7.909s
30: Epoch 3/90 - 7.909s
16: Epoch 3/90 - 7.909s
05: Epoch 3/90 - 7.909s
02: Epoch 3/90 - 7.909s
18: Epoch 3/90 - 7.909s
28: Epoch 3/90 - 7.909s
22: Epoch 3/90 - 7.909s
12: Epoch 3/90 - 7.909s
21: Epoch 3/90 - 7.909s
14: Epoch 3/90 - 7.909s
26: Epoch 3/90 - 7.909s
24: Epoch 3/90 - 7.909s
06: Epoch 3/90 - 7.909s
11: Epoch 3/90 - 7.909s
09: Epoch 3/90 - 7.909s
31: Epoch 3/90 - 7.909s
17: Epoch 3/90 - 7.909s
03: Epoch 3/90 - 7.909s
19: Epoch 3/90 - 7.909s
29: Epoch 3/90 - 7.909s
23: Epoch 3/90 - 7.909s
13: Epoch 3/90 - 7.909s
15: Epoch 3/90 - 7.909s
27: Epoch 3/90 - 7.909s
25: Epoch 3/90 - 7.909s
07: 
00: Epoch 3/90 - 7.909s
01: Epoch 4/90 - 7.940s
17: Epoch 4/90 - 7.940s
02: Epoch 4/90 - 7.940s
18: Epoch 4/90 - 7.940s
28: Epoch 4/90 - 7.940s
12: Epoch 4/90 - 7.940s
14: Epoch 4/90 - 7.940s
06: Epoch 4/90 - 7.940s
10: Epoch 4/90 - 7.940s
08: Epoch 4/90 - 7.940s
30: Epoch 4/90 - 7.940s
16: Epoch 4/90 - 7.940s
04: Epoch 4/90 - 7.940s
03: Epoch 4/90 - 7.940s
22: Epoch 4/90 - 7.940s
20: Epoch 4/90 - 7.940s
26: Epoch 4/90 - 7.940s
24: Epoch 4/90 - 7.940s
11: Epoch 4/90 - 7.940s
09: Epoch 4/90 - 7.940s
31: Epoch 4/90 - 7.940s
05: Epoch 4/90 - 7.940s
19: Epoch 4/90 - 7.940s
29: Epoch 4/90 - 7.940s
23: Epoch 4/90 - 7.940s
13: Epoch 4/90 - 7.940s
21: Epoch 4/90 - 7.940s
15: Epoch 4/90 - 7.940s
27: Epoch 4/90 - 7.940s
25: Epoch 4/90 - 7.940s
07: Epoch 4/90 - 7.940s
00: Epoch 4/90 - 7.940s
01: Epoch 5/90 - 7.765s
08: Epoch 5/90 - 7.765s
16: Epoch 5/90 - 7.765s
02: Epoch 5/90 - 7.765s
18: Epoch 5/90 - 7.765s
20: Epoch 5/90 - 7.765s
24: Epoch 5/90 - 7.765s
06: Epoch 5/90 - 7.765s
10: Epoch 5/90 - 7.765s
09: Epoch 5/90 - 7.765s
30: Epoch 5/90 - 7.765s
17: Epoch 5/90 - 7.765s
04: Epoch 5/90 - 7.765s
03: Epoch 5/90 - 7.765s
19: Epoch 5/90 - 7.765s
28: Epoch 5/90 - 7.765s
22: Epoch 5/90 - 7.765s
13: Epoch 5/90 - 7.765s
21: Epoch 5/90 - 7.765s
15: Epoch 5/90 - 7.765s
26: Epoch 5/90 - 7.765s
25: Epoch 5/90 - 7.765s
07: Epoch 5/90 - 7.765s
11: Epoch 5/90 - 7.765s
31: Epoch 5/90 - 7.765s
05: Epoch 5/90 - 7.765s
29: Epoch 5/90 - 7.765s
23: Epoch 5/90 - 7.765s
12: Epoch 5/90 - 7.765s
14: Epoch 5/90 - 7.765s
27: Epoch 5/90 - 7.765s
06: 
00: Epoch 5/90 - 7.765s
01: Epoch 6/90 - 7.816s
10: Epoch 6/90 - 7.816s
08: Epoch 6/90 - 7.816s
02: Epoch 6/90 - 7.816s
18: Epoch 6/90 - 7.816s
28: Epoch 6/90 - 7.816s
12: Epoch 6/90 - 7.816s
26: Epoch 6/90 - 7.816s
07: Epoch 6/90 - 7.816s
11: Epoch 6/90 - 7.816s
09: Epoch 6/90 - 7.816s
30: Epoch 6/90 - 7.816s
16: Epoch 6/90 - 7.816s
04: Epoch 6/90 - 7.816s
03: Epoch 6/90 - 7.816s
19: Epoch 6/90 - 7.816s
29: Epoch 6/90 - 7.816s
22: Epoch 6/90 - 7.816s
13: Epoch 6/90 - 7.816s
20: Epoch 6/90 - 7.816s
14: Epoch 6/90 - 7.816s
27: Epoch 6/90 - 7.816s
24: Epoch 6/90 - 7.816s
06: Epoch 6/90 - 7.816s
31: Epoch 6/90 - 7.816s
17: Epoch 6/90 - 7.816s
05: Epoch 6/90 - 7.816s
23: Epoch 6/90 - 7.816s
21: Epoch 6/90 - 7.816s
15: Epoch 6/90 - 7.816s
25: Epoch 6/90 - 7.816s
07: 
00: Epoch 6/90 - 7.816s
01: Epoch 7/90 - 7.650s
14: Epoch 7/90 - 7.650s
06: Epoch 7/90 - 7.650s
10: Epoch 7/90 - 7.650s
08: Epoch 7/90 - 7.650s
30: Epoch 7/90 - 7.650s
16: Epoch 7/90 - 7.650s
02: Epoch 7/90 - 7.650s
18: Epoch 7/90 - 7.650s
28: Epoch 7/90 - 7.650s
12: Epoch 7/90 - 7.650s
20: Epoch 7/90 - 7.650s
26: Epoch 7/90 - 7.650s
24: Epoch 7/90 - 7.650s
11: Epoch 7/90 - 7.650s
09: Epoch 7/90 - 7.650s
31: Epoch 7/90 - 7.650s
17: Epoch 7/90 - 7.650s
04: Epoch 7/90 - 7.650s
03: Epoch 7/90 - 7.650s
19: Epoch 7/90 - 7.650s
29: Epoch 7/90 - 7.650s
22: Epoch 7/90 - 7.650s
13: Epoch 7/90 - 7.650s
21: Epoch 7/90 - 7.650s
15: Epoch 7/90 - 7.650s
27: Epoch 7/90 - 7.650s
25: Epoch 7/90 - 7.650s
06: 
05: Epoch 7/90 - 7.650s
23: Epoch 7/90 - 7.650s
00: Epoch 7/90 - 7.650s
07: Epoch 7/90 - 7.653s
01: Epoch 8/90 - 7.660s
24: Epoch 8/90 - 7.660s
07: Epoch 8/90 - 7.657s
10: Epoch 8/90 - 7.660s
08: Epoch 8/90 - 7.660s
30: Epoch 8/90 - 7.660s
16: Epoch 8/90 - 7.660s
04: Epoch 8/90 - 7.660s
02: Epoch 8/90 - 7.660s
18: Epoch 8/90 - 7.660s
28: Epoch 8/90 - 7.660s
22: Epoch 8/90 - 7.660s
12: Epoch 8/90 - 7.660s
20: Epoch 8/90 - 7.660s
26: Epoch 8/90 - 7.660s
11: Epoch 8/90 - 7.660s
09: Epoch 8/90 - 7.660s
31: Epoch 8/90 - 7.660s
17: Epoch 8/90 - 7.660s
05: Epoch 8/90 - 7.660s
03: Epoch 8/90 - 7.660s
19: Epoch 8/90 - 7.660s
29: Epoch 8/90 - 7.660s
23: Epoch 8/90 - 7.660s
13: Epoch 8/90 - 7.660s
21: Epoch 8/90 - 7.660s
15: Epoch 8/90 - 7.660s
27: Epoch 8/90 - 7.660s
25: Epoch 8/90 - 7.660s
06: Epoch 8/90 - 7.660s
14: Epoch 8/90 - 7.660s
07: 
00: Epoch 8/90 - 7.660s
01: Epoch 9/90 - 8.072s
10: Epoch 9/90 - 8.072s
08: Epoch 9/90 - 8.072s
30: Epoch 9/90 - 8.072s
16: Epoch 9/90 - 8.072s
18: Epoch 9/90 - 8.072s
12: Epoch 9/90 - 8.072s
26: Epoch 9/90 - 8.072s
24: Epoch 9/90 - 8.072s
06: Epoch 9/90 - 8.072s
11: Epoch 9/90 - 8.072s
09: Epoch 9/90 - 8.072s
31: Epoch 9/90 - 8.072s
17: Epoch 9/90 - 8.072s
04: Epoch 9/90 - 8.072s
02: Epoch 9/90 - 8.072s
19: Epoch 9/90 - 8.072s
28: Epoch 9/90 - 8.072s
22: Epoch 9/90 - 8.072s
13: Epoch 9/90 - 8.072s
20: Epoch 9/90 - 8.072s
14: Epoch 9/90 - 8.072s
27: Epoch 9/90 - 8.072s
25: Epoch 9/90 - 8.072s
07: Epoch 9/90 - 8.072s
05: Epoch 9/90 - 8.072s
03: Epoch 9/90 - 8.072s
29: Epoch 9/90 - 8.072s
23: Epoch 9/90 - 8.072s
21: Epoch 9/90 - 8.072s
15: Epoch 9/90 - 8.072s
07: 
00: Epoch 9/90 - 8.072s
01: Epoch 10/90 - 7.852s
10: Epoch 10/90 - 7.852s
31: Epoch 10/90 - 7.852s
04: Epoch 10/90 - 7.852s
28: Epoch 10/90 - 7.852s
12: Epoch 10/90 - 7.852s
07: Epoch 10/90 - 7.852s
11: Epoch 10/90 - 7.852s
08: Epoch 10/90 - 7.852s
30: Epoch 10/90 - 7.852s
16: Epoch 10/90 - 7.852s
05: Epoch 10/90 - 7.852s
02: Epoch 10/90 - 7.852s
18: Epoch 10/90 - 7.852s
29: Epoch 10/90 - 7.852s
22: Epoch 10/90 - 7.852s
13: Epoch 10/90 - 7.852s
20: Epoch 10/90 - 7.852s
14: Epoch 10/90 - 7.852s
26: Epoch 10/90 - 7.852s
24: Epoch 10/90 - 7.852s
06: Epoch 10/90 - 7.852s
09: Epoch 10/90 - 7.852s
17: Epoch 10/90 - 7.852s
03: Epoch 10/90 - 7.852s
19: Epoch 10/90 - 7.852s
23: Epoch 10/90 - 7.852s
21: Epoch 10/90 - 7.852s
15: Epoch 10/90 - 7.852s
27: Epoch 10/90 - 7.852s
25: Epoch 10/90 - 7.852s
07: 
00: Epoch 10/90 - 7.852s
01: Epoch 11/90 - 7.225s
06: Epoch 11/90 - 7.225s
10: Epoch 11/90 - 7.225s
09: Epoch 11/90 - 7.225s
30: Epoch 11/90 - 7.225s
16: Epoch 11/90 - 7.225s
04: Epoch 11/90 - 7.225s
02: Epoch 11/90 - 7.225s
18: Epoch 11/90 - 7.225s
28: Epoch 11/90 - 7.225s
22: Epoch 11/90 - 7.225s
12: Epoch 11/90 - 7.225s
20: Epoch 11/90 - 7.225s
14: Epoch 11/90 - 7.225s
26: Epoch 11/90 - 7.225s
24: Epoch 11/90 - 7.225s
07: Epoch 11/90 - 7.225s
11: Epoch 11/90 - 7.225s
08: Epoch 11/90 - 7.225s
31: Epoch 11/90 - 7.225s
17: Epoch 11/90 - 7.225s
05: Epoch 11/90 - 7.225s
03: Epoch 11/90 - 7.225s
19: Epoch 11/90 - 7.225s
29: Epoch 11/90 - 7.225s
23: Epoch 11/90 - 7.225s
13: Epoch 11/90 - 7.225s
21: Epoch 11/90 - 7.225s
15: Epoch 11/90 - 7.225s
27: Epoch 11/90 - 7.225s
25: Epoch 11/90 - 7.225s
06: 
00: Epoch 11/90 - 7.225s
01: Epoch 12/90 - 8.040s
18: Epoch 12/90 - 8.040s
12: Epoch 12/90 - 8.040s
20: Epoch 12/90 - 8.040s
24: Epoch 12/90 - 8.040s
10: Epoch 12/90 - 8.040s
08: Epoch 12/90 - 8.040s
30: Epoch 12/90 - 8.040s
16: Epoch 12/90 - 8.040s
04: Epoch 12/90 - 8.040s
02: Epoch 12/90 - 8.040s
28: Epoch 12/90 - 8.040s
22: Epoch 12/90 - 8.040s
13: Epoch 12/90 - 8.040s
21: Epoch 12/90 - 8.040s
14: Epoch 12/90 - 8.040s
26: Epoch 12/90 - 8.040s
06: Epoch 12/90 - 8.040s
11: Epoch 12/90 - 8.040s
09: Epoch 12/90 - 8.040s
31: Epoch 12/90 - 8.040s
17: Epoch 12/90 - 8.040s
05: Epoch 12/90 - 8.040s
03: Epoch 12/90 - 8.040s
19: Epoch 12/90 - 8.040s
29: Epoch 12/90 - 8.040s
23: Epoch 12/90 - 8.040s
15: Epoch 12/90 - 8.040s
27: Epoch 12/90 - 8.040s
25: Epoch 12/90 - 8.040s
07: Epoch 12/90 - 8.040s
06: 
00: Epoch 12/90 - 8.040s
01: Epoch 13/90 - 7.796s
06: Epoch 13/90 - 7.796s
10: Epoch 13/90 - 7.796s
08: Epoch 13/90 - 7.796s
30: Epoch 13/90 - 7.796s
16: Epoch 13/90 - 7.796s
04: Epoch 13/90 - 7.796s
02: Epoch 13/90 - 7.796s
18: Epoch 13/90 - 7.796s
28: Epoch 13/90 - 7.796s
22: Epoch 13/90 - 7.796s
12: Epoch 13/90 - 7.796s
20: Epoch 13/90 - 7.796s
14: Epoch 13/90 - 7.796s
26: Epoch 13/90 - 7.796s
24: Epoch 13/90 - 7.796s
11: Epoch 13/90 - 7.796s
09: Epoch 13/90 - 7.796s
31: Epoch 13/90 - 7.796s
17: Epoch 13/90 - 7.796s
05: Epoch 13/90 - 7.796s
03: Epoch 13/90 - 7.796s
19: Epoch 13/90 - 7.796s
29: Epoch 13/90 - 7.796s
23: Epoch 13/90 - 7.796s
13: Epoch 13/90 - 7.796s
21: Epoch 13/90 - 7.796s
15: Epoch 13/90 - 7.796s
27: Epoch 13/90 - 7.796s
25: Epoch 13/90 - 7.796s
06: 
00: Epoch 13/90 - 7.796s
07: Epoch 13/90 - 7.800s
01: Epoch 14/90 - 7.768s
04: Epoch 14/90 - 7.768s
12: Epoch 14/90 - 7.768s
07: Epoch 14/90 - 7.764s
10: Epoch 14/90 - 7.768s
08: Epoch 14/90 - 7.768s
30: Epoch 14/90 - 7.768s
16: Epoch 14/90 - 7.768s
05: Epoch 14/90 - 7.768s
02: Epoch 14/90 - 7.768s
18: Epoch 14/90 - 7.768s
28: Epoch 14/90 - 7.768s
22: Epoch 14/90 - 7.768s
13: Epoch 14/90 - 7.768s
20: Epoch 14/90 - 7.768s
14: Epoch 14/90 - 7.768s
26: Epoch 14/90 - 7.768s
24: Epoch 14/90 - 7.768s
06: Epoch 14/90 - 7.768s
11: Epoch 14/90 - 7.768s
09: Epoch 14/90 - 7.768s
31: Epoch 14/90 - 7.768s
17: Epoch 14/90 - 7.768s
03: Epoch 14/90 - 7.768s
19: Epoch 14/90 - 7.768s
29: Epoch 14/90 - 7.768s
23: Epoch 14/90 - 7.768s
21: Epoch 14/90 - 7.768s
15: Epoch 14/90 - 7.768s
27: Epoch 14/90 - 7.768s
25: Epoch 14/90 - 7.768s
07: 
00: Epoch 14/90 - 7.768s
01: Epoch 15/90 - 7.749s
30: Epoch 15/90 - 7.749s
12: Epoch 15/90 - 7.749s
10: Epoch 15/90 - 7.749s
08: Epoch 15/90 - 7.749s
16: Epoch 15/90 - 7.749s
04: Epoch 15/90 - 7.749s
02: Epoch 15/90 - 7.749s
18: Epoch 15/90 - 7.749s
28: Epoch 15/90 - 7.749s
22: Epoch 15/90 - 7.749s
20: Epoch 15/90 - 7.749s
14: Epoch 15/90 - 7.749s
26: Epoch 15/90 - 7.749s
24: Epoch 15/90 - 7.749s
06: Epoch 15/90 - 7.749s
11: Epoch 15/90 - 7.749s
09: Epoch 15/90 - 7.749s
31: Epoch 15/90 - 7.749s
17: Epoch 15/90 - 7.749s
05: Epoch 15/90 - 7.749s
03: Epoch 15/90 - 7.749s
19: Epoch 15/90 - 7.749s
29: Epoch 15/90 - 7.749s
23: Epoch 15/90 - 7.749s
13: Epoch 15/90 - 7.749s
21: Epoch 15/90 - 7.749s
15: Epoch 15/90 - 7.749s
27: Epoch 15/90 - 7.749s
25: Epoch 15/90 - 7.749s
07: Epoch 15/90 - 7.749s
06: 
00: Epoch 15/90 - 7.749s
01: Epoch 16/90 - 7.848s
08: Epoch 16/90 - 7.848s
06: Epoch 16/90 - 7.847s
10: Epoch 16/90 - 7.848s
09: Epoch 16/90 - 7.848s
30: Epoch 16/90 - 7.848s
16: Epoch 16/90 - 7.848s
04: Epoch 16/90 - 7.848s
02: Epoch 16/90 - 7.848s
18: Epoch 16/90 - 7.848s
28: Epoch 16/90 - 7.848s
22: Epoch 16/90 - 7.848s
12: Epoch 16/90 - 7.848s
20: Epoch 16/90 - 7.848s
14: Epoch 16/90 - 7.848s
26: Epoch 16/90 - 7.848s
24: Epoch 16/90 - 7.848s
07: Epoch 16/90 - 7.848s
11: Epoch 16/90 - 7.848s
31: Epoch 16/90 - 7.848s
17: Epoch 16/90 - 7.848s
05: Epoch 16/90 - 7.847s
03: Epoch 16/90 - 7.848s
19: Epoch 16/90 - 7.848s
29: Epoch 16/90 - 7.848s
23: Epoch 16/90 - 7.848s
13: Epoch 16/90 - 7.848s
21: Epoch 16/90 - 7.848s
15: Epoch 16/90 - 7.848s
27: Epoch 16/90 - 7.848s
25: Epoch 16/90 - 7.848s
06: 
00: Epoch 16/90 - 7.848s
01: Epoch 17/90 - 8.210s
10: Epoch 17/90 - 8.210s
30: Epoch 17/90 - 8.210s
02: Epoch 17/90 - 8.210s
12: Epoch 17/90 - 8.210s
20: Epoch 17/90 - 8.210s
26: Epoch 17/90 - 8.210s
06: Epoch 17/90 - 8.210s
08: Epoch 17/90 - 8.210s
16: Epoch 17/90 - 8.210s
04: Epoch 17/90 - 8.210s
18: Epoch 17/90 - 8.210s
28: Epoch 17/90 - 8.210s
22: Epoch 17/90 - 8.210s
14: Epoch 17/90 - 8.210s
24: Epoch 17/90 - 8.210s
11: Epoch 17/90 - 8.210s
09: Epoch 17/90 - 8.210s
31: Epoch 17/90 - 8.210s
17: Epoch 17/90 - 8.210s
05: Epoch 17/90 - 8.210s
03: Epoch 17/90 - 8.210s
19: Epoch 17/90 - 8.210s
29: Epoch 17/90 - 8.210s
23: Epoch 17/90 - 8.210s
13: Epoch 17/90 - 8.210s
21: Epoch 17/90 - 8.210s
15: Epoch 17/90 - 8.210s
27: Epoch 17/90 - 8.210s
25: Epoch 17/90 - 8.210s
07: Epoch 17/90 - 8.210s
00: Epoch 17/90 - 8.210s
01: Epoch 18/90 - 7.852s
18: Epoch 18/90 - 7.852s
12: Epoch 18/90 - 7.852s
07: Epoch 18/90 - 7.852s
10: Epoch 18/90 - 7.852s
08: Epoch 18/90 - 7.852s
30: Epoch 18/90 - 7.852s
16: Epoch 18/90 - 7.852s
04: Epoch 18/90 - 7.852s
02: Epoch 18/90 - 7.852s
28: Epoch 18/90 - 7.852s
22: Epoch 18/90 - 7.852s
20: Epoch 18/90 - 7.852s
14: Epoch 18/90 - 7.852s
26: Epoch 18/90 - 7.852s
24: Epoch 18/90 - 7.852s
06: Epoch 18/90 - 7.852s
11: Epoch 18/90 - 7.852s
09: Epoch 18/90 - 7.852s
31: Epoch 18/90 - 7.852s
17: Epoch 18/90 - 7.852s
05: Epoch 18/90 - 7.852s
03: Epoch 18/90 - 7.852s
19: Epoch 18/90 - 7.852s
29: Epoch 18/90 - 7.852s
23: Epoch 18/90 - 7.852s
13: Epoch 18/90 - 7.852s
21: Epoch 18/90 - 7.852s
15: Epoch 18/90 - 7.852s
27: Epoch 18/90 - 7.852s
25: Epoch 18/90 - 7.852s
07: 
00: Epoch 18/90 - 7.852s
01: Epoch 19/90 - 7.765s
30: Epoch 19/90 - 7.765s
20: Epoch 19/90 - 7.765s
24: Epoch 19/90 - 7.765s
10: Epoch 19/90 - 7.765s
08: Epoch 19/90 - 7.765s
16: Epoch 19/90 - 7.765s
04: Epoch 19/90 - 7.765s
02: Epoch 19/90 - 7.765s
18: Epoch 19/90 - 7.765s
28: Epoch 19/90 - 7.765s
22: Epoch 19/90 - 7.765s
12: Epoch 19/90 - 7.765s
14: Epoch 19/90 - 7.765s
26: Epoch 19/90 - 7.765s
06: Epoch 19/90 - 7.765s
11: Epoch 19/90 - 7.765s
09: Epoch 19/90 - 7.765s
31: Epoch 19/90 - 7.765s
17: Epoch 19/90 - 7.765s
05: Epoch 19/90 - 7.765s
03: Epoch 19/90 - 7.765s
19: Epoch 19/90 - 7.765s
29: Epoch 19/90 - 7.765s
23: Epoch 19/90 - 7.765s
13: Epoch 19/90 - 7.765s
21: Epoch 19/90 - 7.765s
15: Epoch 19/90 - 7.765s
27: Epoch 19/90 - 7.765s
25: Epoch 19/90 - 7.765s
00: Epoch 19/90 - 7.765s
07: Epoch 19/90 - 7.778s
01: Epoch 20/90 - 7.994s
10: Epoch 20/90 - 7.994s
08: Epoch 20/90 - 7.994s
30: Epoch 20/90 - 7.994s
02: Epoch 20/90 - 7.994s
18: Epoch 20/90 - 7.994s
12: Epoch 20/90 - 7.994s
20: Epoch 20/90 - 7.994s
24: Epoch 20/90 - 7.994s
06: Epoch 20/90 - 7.994s
11: Epoch 20/90 - 7.994s
09: Epoch 20/90 - 7.994s
31: Epoch 20/90 - 7.994s
16: Epoch 20/90 - 7.994s
04: Epoch 20/90 - 7.994s
03: Epoch 20/90 - 7.994s
19: Epoch 20/90 - 7.994s
28: Epoch 20/90 - 7.994s
22: Epoch 20/90 - 7.994s
13: Epoch 20/90 - 7.994s
21: Epoch 20/90 - 7.994s
14: Epoch 20/90 - 7.994s
26: Epoch 20/90 - 7.994s
25: Epoch 20/90 - 7.994s
07: Epoch 20/90 - 7.982s
17: Epoch 20/90 - 7.994s
05: Epoch 20/90 - 7.994s
29: Epoch 20/90 - 7.994s
23: Epoch 20/90 - 7.994s
15: Epoch 20/90 - 7.994s
27: Epoch 20/90 - 7.994s
06: 
00: Epoch 20/90 - 7.994s
01: Epoch 21/90 - 7.222s
31: Epoch 21/90 - 7.222s
02: Epoch 21/90 - 7.222s
26: Epoch 21/90 - 7.222s
24: Epoch 21/90 - 7.222s
07: Epoch 21/90 - 7.222s
10: Epoch 21/90 - 7.222s
08: Epoch 21/90 - 7.222s
30: Epoch 21/90 - 7.222s
16: Epoch 21/90 - 7.222s
04: Epoch 21/90 - 7.222s
03: Epoch 21/90 - 7.222s
18: Epoch 21/90 - 7.222s
28: Epoch 21/90 - 7.222s
22: Epoch 21/90 - 7.222s
12: Epoch 21/90 - 7.222s
20: Epoch 21/90 - 7.222s
14: Epoch 21/90 - 7.222s
27: Epoch 21/90 - 7.222s
06: Epoch 21/90 - 7.222s
11: Epoch 21/90 - 7.222s
09: Epoch 21/90 - 7.222s
17: Epoch 21/90 - 7.222s
05: Epoch 21/90 - 7.222s
19: Epoch 21/90 - 7.222s
29: Epoch 21/90 - 7.222s
23: Epoch 21/90 - 7.222s
13: Epoch 21/90 - 7.222s
21: Epoch 21/90 - 7.222s
15: Epoch 21/90 - 7.222s
25: Epoch 21/90 - 7.222s
07: 
00: Epoch 21/90 - 7.222s
01: Epoch 22/90 - 7.960s
30: Epoch 22/90 - 7.960s
20: Epoch 22/90 - 7.960s
10: Epoch 22/90 - 7.960s
08: Epoch 22/90 - 7.960s
04: Epoch 22/90 - 7.960s
02: Epoch 22/90 - 7.960s
18: Epoch 22/90 - 7.960s
22: Epoch 22/90 - 7.960s
12: Epoch 22/90 - 7.960s
14: Epoch 22/90 - 7.960s
26: Epoch 22/90 - 7.960s
24: Epoch 22/90 - 7.960s
06: Epoch 22/90 - 7.960s
11: Epoch 22/90 - 7.960s
09: Epoch 22/90 - 7.960s
31: Epoch 22/90 - 7.960s
16: Epoch 22/90 - 7.960s
05: Epoch 22/90 - 7.960s
03: Epoch 22/90 - 7.960s
19: Epoch 22/90 - 7.960s
28: Epoch 22/90 - 7.960s
23: Epoch 22/90 - 7.960s
13: Epoch 22/90 - 7.960s
21: Epoch 22/90 - 7.960s
15: Epoch 22/90 - 7.960s
27: Epoch 22/90 - 7.960s
25: Epoch 22/90 - 7.960s
07: Epoch 22/90 - 7.960s
17: Epoch 22/90 - 7.960s
29: Epoch 22/90 - 7.960s
06: 
00: Epoch 22/90 - 7.960s
01: Epoch 23/90 - 8.376s
18: Epoch 23/90 - 8.376s
07: Epoch 23/90 - 8.376s
10: Epoch 23/90 - 8.376s
16: Epoch 23/90 - 8.376s
04: Epoch 23/90 - 8.376s
02: Epoch 23/90 - 8.376s
22: Epoch 23/90 - 8.376s
12: Epoch 23/90 - 8.376s
20: Epoch 23/90 - 8.376s
14: Epoch 23/90 - 8.376s
24: Epoch 23/90 - 8.376s
11: Epoch 23/90 - 8.376s
08: Epoch 23/90 - 8.376s
30: Epoch 23/90 - 8.376s
17: Epoch 23/90 - 8.376s
05: Epoch 23/90 - 8.376s
03: Epoch 23/90 - 8.376s
19: Epoch 23/90 - 8.376s
28: Epoch 23/90 - 8.376s
23: Epoch 23/90 - 8.376s
13: Epoch 23/90 - 8.376s
21: Epoch 23/90 - 8.376s
15: Epoch 23/90 - 8.376s
26: Epoch 23/90 - 8.376s
25: Epoch 23/90 - 8.376s
06: Epoch 23/90 - 8.376s
09: Epoch 23/90 - 8.376s
31: Epoch 23/90 - 8.376s
29: Epoch 23/90 - 8.376s
27: Epoch 23/90 - 8.376s
07: 
00: Epoch 23/90 - 8.376s
01: Epoch 24/90 - 7.760s
10: Epoch 24/90 - 7.760s
04: Epoch 24/90 - 7.760s
22: Epoch 24/90 - 7.760s
20: Epoch 24/90 - 7.760s
24: Epoch 24/90 - 7.760s
06: Epoch 24/90 - 7.760s
08: Epoch 24/90 - 7.760s
30: Epoch 24/90 - 7.760s
16: Epoch 24/90 - 7.760s
02: Epoch 24/90 - 7.760s
18: Epoch 24/90 - 7.760s
28: Epoch 24/90 - 7.760s
12: Epoch 24/90 - 7.760s
14: Epoch 24/90 - 7.760s
26: Epoch 24/90 - 7.760s
07: Epoch 24/90 - 7.760s
11: Epoch 24/90 - 7.760s
09: Epoch 24/90 - 7.760s
31: Epoch 24/90 - 7.760s
17: Epoch 24/90 - 7.760s
05: Epoch 24/90 - 7.760s
03: Epoch 24/90 - 7.760s
19: Epoch 24/90 - 7.760s
29: Epoch 24/90 - 7.760s
23: Epoch 24/90 - 7.760s
13: Epoch 24/90 - 7.760s
21: Epoch 24/90 - 7.760s
15: Epoch 24/90 - 7.760s
27: Epoch 24/90 - 7.760s
25: Epoch 24/90 - 7.760s
07: 
00: Epoch 24/90 - 7.760s
01: Epoch 25/90 - 8.021s
07: Epoch 25/90 - 8.021s
10: Epoch 25/90 - 8.021s
30: Epoch 25/90 - 8.021s
02: Epoch 25/90 - 8.021s
18: Epoch 25/90 - 8.021s
12: Epoch 25/90 - 8.021s
24: Epoch 25/90 - 8.021s
11: Epoch 25/90 - 8.021s
08: Epoch 25/90 - 8.021s
31: Epoch 25/90 - 8.021s
16: Epoch 25/90 - 8.021s
04: Epoch 25/90 - 8.021s
03: Epoch 25/90 - 8.021s
19: Epoch 25/90 - 8.021s
28: Epoch 25/90 - 8.021s
22: Epoch 25/90 - 8.021s
13: Epoch 25/90 - 8.021s
20: Epoch 25/90 - 8.021s
14: Epoch 25/90 - 8.021s
26: Epoch 25/90 - 8.021s
25: Epoch 25/90 - 8.021s
06: Epoch 25/90 - 8.021s
09: Epoch 25/90 - 8.021s
17: Epoch 25/90 - 8.021s
05: Epoch 25/90 - 8.021s
29: Epoch 25/90 - 8.021s
23: Epoch 25/90 - 8.021s
21: Epoch 25/90 - 8.021s
15: Epoch 25/90 - 8.021s
27: Epoch 25/90 - 8.021s
07: 
00: Epoch 25/90 - 8.021s
01: Epoch 26/90 - 7.791s
30: Epoch 26/90 - 7.791s
04: Epoch 26/90 - 7.791s
22: Epoch 26/90 - 7.791s
12: Epoch 26/90 - 7.791s
20: Epoch 26/90 - 7.791s
07: Epoch 26/90 - 7.791s
10: Epoch 26/90 - 7.791s
08: Epoch 26/90 - 7.791s
31: Epoch 26/90 - 7.791s
16: Epoch 26/90 - 7.791s
05: Epoch 26/90 - 7.791s
02: Epoch 26/90 - 7.791s
18: Epoch 26/90 - 7.791s
28: Epoch 26/90 - 7.791s
23: Epoch 26/90 - 7.791s
13: Epoch 26/90 - 7.791s
21: Epoch 26/90 - 7.791s
14: Epoch 26/90 - 7.791s
26: Epoch 26/90 - 7.791s
24: Epoch 26/90 - 7.791s
06: Epoch 26/90 - 7.791s
11: Epoch 26/90 - 7.791s
09: Epoch 26/90 - 7.791s
17: Epoch 26/90 - 7.791s
03: Epoch 26/90 - 7.791s
19: Epoch 26/90 - 7.791s
29: Epoch 26/90 - 7.791s
15: Epoch 26/90 - 7.791s
27: Epoch 26/90 - 7.791s
25: Epoch 26/90 - 7.791s
07: 
00: Epoch 26/90 - 7.791s
01: Epoch 27/90 - 7.682s
02: Epoch 27/90 - 7.682s
26: Epoch 27/90 - 7.682s
06: Epoch 27/90 - 7.682s
10: Epoch 27/90 - 7.682s
08: Epoch 27/90 - 7.682s
30: Epoch 27/90 - 7.682s
16: Epoch 27/90 - 7.682s
04: Epoch 27/90 - 7.682s
18: Epoch 27/90 - 7.682s
28: Epoch 27/90 - 7.682s
22: Epoch 27/90 - 7.682s
12: Epoch 27/90 - 7.682s
20: Epoch 27/90 - 7.682s
14: Epoch 27/90 - 7.682s
24: Epoch 27/90 - 7.682s
11: Epoch 27/90 - 7.682s
09: Epoch 27/90 - 7.682s
31: Epoch 27/90 - 7.682s
17: Epoch 27/90 - 7.682s
05: Epoch 27/90 - 7.682s
03: Epoch 27/90 - 7.682s
19: Epoch 27/90 - 7.682s
29: Epoch 27/90 - 7.682s
23: Epoch 27/90 - 7.682s
13: Epoch 27/90 - 7.682s
21: Epoch 27/90 - 7.682s
15: Epoch 27/90 - 7.682s
27: Epoch 27/90 - 7.682s
25: Epoch 27/90 - 7.682s
00: Epoch 27/90 - 7.682s
07: Epoch 27/90 - 7.688s
01: Epoch 28/90 - 7.956s
10: Epoch 28/90 - 7.956s
12: Epoch 28/90 - 7.956s
20: Epoch 28/90 - 7.956s
08: Epoch 28/90 - 7.956s
30: Epoch 28/90 - 7.956s
16: Epoch 28/90 - 7.956s
04: Epoch 28/90 - 7.956s
02: Epoch 28/90 - 7.956s
18: Epoch 28/90 - 7.956s
28: Epoch 28/90 - 7.956s
22: Epoch 28/90 - 7.956s
21: Epoch 28/90 - 7.956s
14: Epoch 28/90 - 7.956s
26: Epoch 28/90 - 7.956s
24: Epoch 28/90 - 7.956s
06: Epoch 28/90 - 7.956s
11: Epoch 28/90 - 7.956s
09: Epoch 28/90 - 7.956s
31: Epoch 28/90 - 7.956s
17: Epoch 28/90 - 7.956s
05: Epoch 28/90 - 7.956s
03: Epoch 28/90 - 7.956s
19: Epoch 28/90 - 7.956s
29: Epoch 28/90 - 7.956s
23: Epoch 28/90 - 7.956s
13: Epoch 28/90 - 7.956s
15: Epoch 28/90 - 7.956s
27: Epoch 28/90 - 7.956s
25: Epoch 28/90 - 7.956s
07: Epoch 28/90 - 7.950s
00: Epoch 28/90 - 7.956s
01: Epoch 29/90 - 7.596s
08: Epoch 29/90 - 7.596s
06: Epoch 29/90 - 7.596s
10: Epoch 29/90 - 7.596s
30: Epoch 29/90 - 7.596s
16: Epoch 29/90 - 7.596s
04: Epoch 29/90 - 7.596s
02: Epoch 29/90 - 7.596s
18: Epoch 29/90 - 7.596s
28: Epoch 29/90 - 7.596s
22: Epoch 29/90 - 7.596s
12: Epoch 29/90 - 7.596s
20: Epoch 29/90 - 7.596s
14: Epoch 29/90 - 7.596s
26: Epoch 29/90 - 7.596s
24: Epoch 29/90 - 7.596s
07: Epoch 29/90 - 7.596s
11: Epoch 29/90 - 7.596s
09: Epoch 29/90 - 7.596s
31: Epoch 29/90 - 7.596s
17: Epoch 29/90 - 7.596s
05: Epoch 29/90 - 7.596s
03: Epoch 29/90 - 7.596s
19: Epoch 29/90 - 7.596s
29: Epoch 29/90 - 7.596s
23: Epoch 29/90 - 7.596s
13: Epoch 29/90 - 7.596s
21: Epoch 29/90 - 7.596s
15: Epoch 29/90 - 7.596s
27: Epoch 29/90 - 7.596s
25: Epoch 29/90 - 7.596s
06: 
00: Epoch 29/90 - 7.596s
01: Epoch 30/90 - 7.769s
12: Epoch 30/90 - 7.769s
14: Epoch 30/90 - 7.769s
24: Epoch 30/90 - 7.769s
07: Epoch 30/90 - 7.769s
10: Epoch 30/90 - 7.769s
08: Epoch 30/90 - 7.769s
30: Epoch 30/90 - 7.769s
16: Epoch 30/90 - 7.769s
04: Epoch 30/90 - 7.769s
02: Epoch 30/90 - 7.769s
18: Epoch 30/90 - 7.769s
28: Epoch 30/90 - 7.769s
22: Epoch 30/90 - 7.769s
20: Epoch 30/90 - 7.769s
15: Epoch 30/90 - 7.769s
26: Epoch 30/90 - 7.769s
07: 
11: Epoch 30/90 - 7.769s
09: Epoch 30/90 - 7.769s
31: Epoch 30/90 - 7.769s
17: Epoch 30/90 - 7.769s
05: Epoch 30/90 - 7.769s
03: Epoch 30/90 - 7.769s
19: Epoch 30/90 - 7.769s
29: Epoch 30/90 - 7.769s
23: Epoch 30/90 - 7.769s
13: Epoch 30/90 - 7.769s
21: Epoch 30/90 - 7.769s
27: Epoch 30/90 - 7.769s
25: Epoch 30/90 - 7.769s
00: Epoch 30/90 - 7.769s
06: Epoch 30/90 - 7.774s
01: Epoch 31/90 - 8.033s
08: Epoch 31/90 - 8.033s
07: Epoch 31/90 - 8.033s
10: Epoch 31/90 - 8.033s
30: Epoch 31/90 - 8.033s
04: Epoch 31/90 - 8.033s
02: Epoch 31/90 - 8.033s
18: Epoch 31/90 - 8.033s
28: Epoch 31/90 - 8.033s
22: Epoch 31/90 - 8.033s
12: Epoch 31/90 - 8.033s
20: Epoch 31/90 - 8.033s
14: Epoch 31/90 - 8.033s
26: Epoch 31/90 - 8.033s
24: Epoch 31/90 - 8.033s
11: Epoch 31/90 - 8.033s
09: Epoch 31/90 - 8.033s
31: Epoch 31/90 - 8.033s
16: Epoch 31/90 - 8.033s
05: Epoch 31/90 - 8.033s
03: Epoch 31/90 - 8.033s
19: Epoch 31/90 - 8.033s
29: Epoch 31/90 - 8.033s
23: Epoch 31/90 - 8.033s
13: Epoch 31/90 - 8.033s
21: Epoch 31/90 - 8.033s
15: Epoch 31/90 - 8.033s
27: Epoch 31/90 - 8.033s
25: Epoch 31/90 - 8.033s
06: Epoch 31/90 - 8.028s
17: Epoch 31/90 - 8.033s
07: 
00: Epoch 31/90 - 8.033s
01: Epoch 32/90 - 7.603s
14: Epoch 32/90 - 7.603s
06: Epoch 32/90 - 7.603s
10: Epoch 32/90 - 7.603s
08: Epoch 32/90 - 7.603s
30: Epoch 32/90 - 7.603s
04: Epoch 32/90 - 7.603s
02: Epoch 32/90 - 7.603s
18: Epoch 32/90 - 7.603s
28: Epoch 32/90 - 7.603s
22: Epoch 32/90 - 7.603s
12: Epoch 32/90 - 7.603s
20: Epoch 32/90 - 7.603s
26: Epoch 32/90 - 7.603s
24: Epoch 32/90 - 7.603s
11: Epoch 32/90 - 7.603s
09: Epoch 32/90 - 7.603s
31: Epoch 32/90 - 7.603s
16: Epoch 32/90 - 7.603s
05: Epoch 32/90 - 7.603s
03: Epoch 32/90 - 7.603s
19: Epoch 32/90 - 7.603s
29: Epoch 32/90 - 7.603s
23: Epoch 32/90 - 7.603s
13: Epoch 32/90 - 7.603s
21: Epoch 32/90 - 7.603s
15: Epoch 32/90 - 7.603s
27: Epoch 32/90 - 7.603s
25: Epoch 32/90 - 7.603s
07: Epoch 32/90 - 7.603s
17: Epoch 32/90 - 7.603s
07: 
00: Epoch 32/90 - 7.603s
01: Epoch 33/90 - 7.950s
30: Epoch 33/90 - 7.950s
20: Epoch 33/90 - 7.950s
10: Epoch 33/90 - 7.950s
08: Epoch 33/90 - 7.950s
16: Epoch 33/90 - 7.950s
04: Epoch 33/90 - 7.950s
02: Epoch 33/90 - 7.950s
18: Epoch 33/90 - 7.950s
28: Epoch 33/90 - 7.950s
22: Epoch 33/90 - 7.950s
12: Epoch 33/90 - 7.950s
14: Epoch 33/90 - 7.950s
26: Epoch 33/90 - 7.950s
24: Epoch 33/90 - 7.950s
06: Epoch 33/90 - 7.950s
11: Epoch 33/90 - 7.950s
09: Epoch 33/90 - 7.950s
31: Epoch 33/90 - 7.950s
17: Epoch 33/90 - 7.950s
05: Epoch 33/90 - 7.950s
03: Epoch 33/90 - 7.950s
19: Epoch 33/90 - 7.950s
29: Epoch 33/90 - 7.950s
23: Epoch 33/90 - 7.950s
13: Epoch 33/90 - 7.950s
21: Epoch 33/90 - 7.950s
15: Epoch 33/90 - 7.950s
27: Epoch 33/90 - 7.950s
25: Epoch 33/90 - 7.950s
06: 
00: Epoch 33/90 - 7.950s
07: Epoch 33/90 - 7.957s
01: Epoch 34/90 - 7.419s
12: Epoch 34/90 - 7.419s
10: Epoch 34/90 - 7.419s
30: Epoch 34/90 - 7.419s
04: Epoch 34/90 - 7.419s
02: Epoch 34/90 - 7.419s
18: Epoch 34/90 - 7.419s
22: Epoch 34/90 - 7.419s
20: Epoch 34/90 - 7.419s
14: Epoch 34/90 - 7.419s
26: Epoch 34/90 - 7.419s
24: Epoch 34/90 - 7.419s
07: Epoch 34/90 - 7.411s
11: Epoch 34/90 - 7.419s
08: Epoch 34/90 - 7.419s
31: Epoch 34/90 - 7.419s
16: Epoch 34/90 - 7.419s
05: Epoch 34/90 - 7.419s
19: Epoch 34/90 - 7.419s
28: Epoch 34/90 - 7.419s
13: Epoch 34/90 - 7.419s
21: Epoch 34/90 - 7.419s
15: Epoch 34/90 - 7.419s
25: Epoch 34/90 - 7.419s
06: Epoch 34/90 - 7.419s
09: Epoch 34/90 - 7.419s
17: Epoch 34/90 - 7.419s
03: Epoch 34/90 - 7.419s
29: Epoch 34/90 - 7.419s
23: Epoch 34/90 - 7.419s
27: Epoch 34/90 - 7.419s
07: 
00: Epoch 34/90 - 7.419s
01: Epoch 35/90 - 7.463s
30: Epoch 35/90 - 7.463s
12: Epoch 35/90 - 7.463s
24: Epoch 35/90 - 7.463s
10: Epoch 35/90 - 7.463s
08: Epoch 35/90 - 7.463s
16: Epoch 35/90 - 7.463s
04: Epoch 35/90 - 7.463s
02: Epoch 35/90 - 7.463s
18: Epoch 35/90 - 7.463s
28: Epoch 35/90 - 7.463s
22: Epoch 35/90 - 7.463s
20: Epoch 35/90 - 7.463s
14: Epoch 35/90 - 7.463s
26: Epoch 35/90 - 7.463s
25: Epoch 35/90 - 7.463s
06: Epoch 35/90 - 7.463s
11: Epoch 35/90 - 7.463s
09: Epoch 35/90 - 7.463s
31: Epoch 35/90 - 7.463s
17: Epoch 35/90 - 7.463s
05: Epoch 35/90 - 7.463s
03: Epoch 35/90 - 7.463s
19: Epoch 35/90 - 7.463s
29: Epoch 35/90 - 7.463s
23: Epoch 35/90 - 7.463s
13: Epoch 35/90 - 7.463s
21: Epoch 35/90 - 7.463s
15: Epoch 35/90 - 7.463s
27: Epoch 35/90 - 7.463s
07: Epoch 35/90 - 7.463s
06: 
00: Epoch 35/90 - 7.463s
01: Epoch 36/90 - 8.110s
04: Epoch 36/90 - 8.110s
06: Epoch 36/90 - 8.109s
10: Epoch 36/90 - 8.109s
08: Epoch 36/90 - 8.110s
30: Epoch 36/90 - 8.110s
16: Epoch 36/90 - 8.110s
02: Epoch 36/90 - 8.110s
18: Epoch 36/90 - 8.110s
28: Epoch 36/90 - 8.110s
22: Epoch 36/90 - 8.110s
12: Epoch 36/90 - 8.110s
20: Epoch 36/90 - 8.110s
15: Epoch 36/90 - 8.110s
26: Epoch 36/90 - 8.110s
24: Epoch 36/90 - 8.110s
11: Epoch 36/90 - 8.110s
09: Epoch 36/90 - 8.109s
31: Epoch 36/90 - 8.110s
17: Epoch 36/90 - 8.110s
05: Epoch 36/90 - 8.110s
03: Epoch 36/90 - 8.110s
19: Epoch 36/90 - 8.110s
29: Epoch 36/90 - 8.110s
23: Epoch 36/90 - 8.110s
13: Epoch 36/90 - 8.110s
21: Epoch 36/90 - 8.110s
27: Epoch 36/90 - 8.110s
25: Epoch 36/90 - 8.110s
07: Epoch 36/90 - 8.110s
07: 
14: Epoch 36/90 - 8.110s
00: Epoch 36/90 - 8.110s
01: Epoch 37/90 - 8.157s
10: Epoch 37/90 - 8.157s
30: Epoch 37/90 - 8.157s
04: Epoch 37/90 - 8.157s
18: Epoch 37/90 - 8.157s
22: Epoch 37/90 - 8.157s
12: Epoch 37/90 - 8.157s
20: Epoch 37/90 - 8.157s
24: Epoch 37/90 - 8.157s
07: Epoch 37/90 - 8.157s
11: Epoch 37/90 - 8.157s
08: Epoch 37/90 - 8.157s
31: Epoch 37/90 - 8.157s
16: Epoch 37/90 - 8.157s
05: Epoch 37/90 - 8.157s
02: Epoch 37/90 - 8.157s
19: Epoch 37/90 - 8.157s
28: Epoch 37/90 - 8.157s
23: Epoch 37/90 - 8.157s
13: Epoch 37/90 - 8.157s
21: Epoch 37/90 - 8.157s
15: Epoch 37/90 - 8.157s
26: Epoch 37/90 - 8.157s
25: Epoch 37/90 - 8.157s
06: Epoch 37/90 - 8.157s
09: Epoch 37/90 - 8.157s
17: Epoch 37/90 - 8.157s
03: Epoch 37/90 - 8.157s
29: Epoch 37/90 - 8.157s
14: Epoch 37/90 - 8.157s
27: Epoch 37/90 - 8.157s
00: Epoch 37/90 - 8.157s
01: Epoch 38/90 - 7.977s
10: Epoch 38/90 - 7.977s
08: Epoch 38/90 - 7.977s
31: Epoch 38/90 - 7.977s
16: Epoch 38/90 - 7.977s
04: Epoch 38/90 - 7.977s
02: Epoch 38/90 - 7.977s
18: Epoch 38/90 - 7.977s
28: Epoch 38/90 - 7.977s
22: Epoch 38/90 - 7.977s
12: Epoch 38/90 - 7.977s
20: Epoch 38/90 - 7.977s
15: Epoch 38/90 - 7.977s
27: Epoch 38/90 - 7.977s
24: Epoch 38/90 - 7.977s
06: Epoch 38/90 - 7.977s
11: Epoch 38/90 - 7.977s
09: Epoch 38/90 - 7.977s
30: Epoch 38/90 - 7.977s
17: Epoch 38/90 - 7.977s
05: Epoch 38/90 - 7.977s
03: Epoch 38/90 - 7.977s
19: Epoch 38/90 - 7.977s
29: Epoch 38/90 - 7.977s
23: Epoch 38/90 - 7.977s
13: Epoch 38/90 - 7.977s
21: Epoch 38/90 - 7.977s
14: Epoch 38/90 - 7.977s
26: Epoch 38/90 - 7.977s
25: Epoch 38/90 - 7.977s
07: Epoch 38/90 - 7.977s
07: 
00: Epoch 38/90 - 7.977s
01: Epoch 39/90 - 7.714s
06: Epoch 39/90 - 7.714s
10: Epoch 39/90 - 7.714s
08: Epoch 39/90 - 7.714s
30: Epoch 39/90 - 7.714s
16: Epoch 39/90 - 7.714s
04: Epoch 39/90 - 7.714s
02: Epoch 39/90 - 7.714s
18: Epoch 39/90 - 7.714s
28: Epoch 39/90 - 7.714s
22: Epoch 39/90 - 7.714s
12: Epoch 39/90 - 7.714s
20: Epoch 39/90 - 7.714s
14: Epoch 39/90 - 7.714s
26: Epoch 39/90 - 7.714s
24: Epoch 39/90 - 7.714s
11: Epoch 39/90 - 7.714s
09: Epoch 39/90 - 7.714s
31: Epoch 39/90 - 7.714s
17: Epoch 39/90 - 7.714s
05: Epoch 39/90 - 7.714s
03: Epoch 39/90 - 7.714s
19: Epoch 39/90 - 7.714s
29: Epoch 39/90 - 7.714s
23: Epoch 39/90 - 7.714s
13: Epoch 39/90 - 7.714s
21: Epoch 39/90 - 7.714s
15: Epoch 39/90 - 7.714s
27: Epoch 39/90 - 7.714s
25: Epoch 39/90 - 7.714s
07: Epoch 39/90 - 7.714s
07: 
00: Epoch 39/90 - 7.715s
08: Epoch 40/90 - 7.864s
30: Epoch 40/90 - 7.864s
16: Epoch 40/90 - 7.864s
04: Epoch 40/90 - 7.864s
07: Epoch 40/90 - 7.863s
10: Epoch 40/90 - 7.864s
31: Epoch 40/90 - 7.864s
05: Epoch 40/90 - 7.864s
02: Epoch 40/90 - 7.864s
18: Epoch 40/90 - 7.864s
28: Epoch 40/90 - 7.864s
22: Epoch 40/90 - 7.864s
12: Epoch 40/90 - 7.864s
20: Epoch 40/90 - 7.864s
14: Epoch 40/90 - 7.863s
26: Epoch 40/90 - 7.864s
24: Epoch 40/90 - 7.864s
06: Epoch 40/90 - 7.864s
01: Epoch 40/90 - 7.864s
11: Epoch 40/90 - 7.864s
09: Epoch 40/90 - 7.864s
17: Epoch 40/90 - 7.864s
03: Epoch 40/90 - 7.864s
19: Epoch 40/90 - 7.864s
29: Epoch 40/90 - 7.864s
23: Epoch 40/90 - 7.864s
13: Epoch 40/90 - 7.864s
21: Epoch 40/90 - 7.864s
15: Epoch 40/90 - 7.864s
27: Epoch 40/90 - 7.864s
25: Epoch 40/90 - 7.864s
07: 
00: Epoch 40/90 - 7.864s
01: Epoch 41/90 - 7.542s
10: Epoch 41/90 - 7.542s
30: Epoch 41/90 - 7.542s
18: Epoch 41/90 - 7.542s
24: Epoch 41/90 - 7.542s
06: Epoch 41/90 - 7.542s
11: Epoch 41/90 - 7.542s
08: Epoch 41/90 - 7.542s
16: Epoch 41/90 - 7.542s
04: Epoch 41/90 - 7.542s
02: Epoch 41/90 - 7.542s
19: Epoch 41/90 - 7.542s
28: Epoch 41/90 - 7.542s
22: Epoch 41/90 - 7.542s
12: Epoch 41/90 - 7.542s
20: Epoch 41/90 - 7.542s
14: Epoch 41/90 - 7.542s
26: Epoch 41/90 - 7.542s
07: Epoch 41/90 - 7.542s
09: Epoch 41/90 - 7.542s
31: Epoch 41/90 - 7.542s
17: Epoch 41/90 - 7.542s
05: Epoch 41/90 - 7.542s
03: Epoch 41/90 - 7.542s
29: Epoch 41/90 - 7.542s
23: Epoch 41/90 - 7.542s
13: Epoch 41/90 - 7.542s
21: Epoch 41/90 - 7.542s
15: Epoch 41/90 - 7.542s
27: Epoch 41/90 - 7.542s
25: Epoch 41/90 - 7.542s
07: 
00: Epoch 41/90 - 7.543s
01: Epoch 42/90 - 7.753s
18: Epoch 42/90 - 7.753s
06: Epoch 42/90 - 7.753s
08: Epoch 42/90 - 7.753s
30: Epoch 42/90 - 7.753s
16: Epoch 42/90 - 7.753s
04: Epoch 42/90 - 7.753s
02: Epoch 42/90 - 7.753s
28: Epoch 42/90 - 7.753s
22: Epoch 42/90 - 7.753s
12: Epoch 42/90 - 7.753s
20: Epoch 42/90 - 7.753s
14: Epoch 42/90 - 7.753s
26: Epoch 42/90 - 7.753s
10: Epoch 42/90 - 7.753s
09: Epoch 42/90 - 7.753s
31: Epoch 42/90 - 7.753s
17: Epoch 42/90 - 7.753s
05: Epoch 42/90 - 7.753s
03: Epoch 42/90 - 7.753s
19: Epoch 42/90 - 7.753s
29: Epoch 42/90 - 7.753s
23: Epoch 42/90 - 7.753s
13: Epoch 42/90 - 7.753s
21: Epoch 42/90 - 7.753s
15: Epoch 42/90 - 7.753s
27: Epoch 42/90 - 7.753s
24: Epoch 42/90 - 7.753s
07: Epoch 42/90 - 7.753s
11: Epoch 42/90 - 7.753s
25: Epoch 42/90 - 7.753s
00: Epoch 42/90 - 7.753s
01: Epoch 43/90 - 7.906s
10: Epoch 43/90 - 7.906s
30: Epoch 43/90 - 7.906s
04: Epoch 43/90 - 7.906s
18: Epoch 43/90 - 7.906s
12: Epoch 43/90 - 7.906s
20: Epoch 43/90 - 7.906s
24: Epoch 43/90 - 7.906s
08: Epoch 43/90 - 7.906s
16: Epoch 43/90 - 7.906s
05: Epoch 43/90 - 7.906s
02: Epoch 43/90 - 7.906s
28: Epoch 43/90 - 7.906s
22: Epoch 43/90 - 7.906s
13: Epoch 43/90 - 7.906s
14: Epoch 43/90 - 7.906s
26: Epoch 43/90 - 7.906s
06: Epoch 43/90 - 7.906s
11: Epoch 43/90 - 7.906s
09: Epoch 43/90 - 7.906s
31: Epoch 43/90 - 7.906s
17: Epoch 43/90 - 7.906s
03: Epoch 43/90 - 7.906s
19: Epoch 43/90 - 7.906s
29: Epoch 43/90 - 7.906s
23: Epoch 43/90 - 7.906s
21: Epoch 43/90 - 7.906s
15: Epoch 43/90 - 7.906s
27: Epoch 43/90 - 7.906s
25: Epoch 43/90 - 7.906s
06: 
00: Epoch 43/90 - 7.906s
07: Epoch 43/90 - 7.910s
04: Epoch 44/90 - 7.674s
22: Epoch 44/90 - 7.674s
06: Epoch 44/90 - 7.674s
11: Epoch 44/90 - 7.674s
08: Epoch 44/90 - 7.674s
30: Epoch 44/90 - 7.674s
16: Epoch 44/90 - 7.674s
02: Epoch 44/90 - 7.674s
28: Epoch 44/90 - 7.674s
15: Epoch 44/90 - 7.674s
26: Epoch 44/90 - 7.674s
07: Epoch 44/90 - 7.670s
10: Epoch 44/90 - 7.674s
09: Epoch 44/90 - 7.674s
31: Epoch 44/90 - 7.674s
17: Epoch 44/90 - 7.674s
05: Epoch 44/90 - 7.674s
03: Epoch 44/90 - 7.674s
18: Epoch 44/90 - 7.674s
29: Epoch 44/90 - 7.674s
23: Epoch 44/90 - 7.674s
12: Epoch 44/90 - 7.674s
20: Epoch 44/90 - 7.674s
14: Epoch 44/90 - 7.674s
27: Epoch 44/90 - 7.674s
24: Epoch 44/90 - 7.674s
07: 
19: Epoch 44/90 - 7.674s
13: Epoch 44/90 - 7.674s
21: Epoch 44/90 - 7.674s
25: Epoch 44/90 - 7.674s
01: Epoch 44/90 - 7.674s
00: Epoch 44/90 - 7.674s
01: Epoch 45/90 - 7.810s
11: Epoch 45/90 - 7.810s
02: Epoch 45/90 - 7.810s
18: Epoch 45/90 - 7.810s
12: Epoch 45/90 - 7.810s
20: Epoch 45/90 - 7.810s
15: Epoch 45/90 - 7.810s
24: Epoch 45/90 - 7.810s
07: Epoch 45/90 - 7.810s
10: Epoch 45/90 - 7.810s
08: Epoch 45/90 - 7.810s
30: Epoch 45/90 - 7.810s
16: Epoch 45/90 - 7.810s
04: Epoch 45/90 - 7.810s
03: Epoch 45/90 - 7.810s
19: Epoch 45/90 - 7.810s
28: Epoch 45/90 - 7.810s
22: Epoch 45/90 - 7.810s
13: Epoch 45/90 - 7.810s
21: Epoch 45/90 - 7.810s
14: Epoch 45/90 - 7.810s
26: Epoch 45/90 - 7.810s
25: Epoch 45/90 - 7.810s
07: 
09: Epoch 45/90 - 7.811s
31: Epoch 45/90 - 7.810s
17: Epoch 45/90 - 7.810s
05: Epoch 45/90 - 7.810s
29: Epoch 45/90 - 7.810s
23: Epoch 45/90 - 7.810s
27: Epoch 45/90 - 7.810s
00: Epoch 45/90 - 7.811s
06: Epoch 45/90 - 7.819s
01: Epoch 46/90 - 7.378s
22: Epoch 46/90 - 7.378s
10: Epoch 46/90 - 7.378s
08: Epoch 46/90 - 7.378s
30: Epoch 46/90 - 7.378s
16: Epoch 46/90 - 7.378s
04: Epoch 46/90 - 7.378s
02: Epoch 46/90 - 7.378s
18: Epoch 46/90 - 7.378s
28: Epoch 46/90 - 7.378s
12: Epoch 46/90 - 7.378s
20: Epoch 46/90 - 7.378s
14: Epoch 46/90 - 7.378s
26: Epoch 46/90 - 7.378s
24: Epoch 46/90 - 7.378s
06: Epoch 46/90 - 7.370s
11: Epoch 46/90 - 7.378s
09: Epoch 46/90 - 7.378s
31: Epoch 46/90 - 7.378s
17: Epoch 46/90 - 7.378s
05: Epoch 46/90 - 7.378s
03: Epoch 46/90 - 7.378s
19: Epoch 46/90 - 7.378s
29: Epoch 46/90 - 7.378s
23: Epoch 46/90 - 7.378s
13: Epoch 46/90 - 7.378s
21: Epoch 46/90 - 7.378s
15: Epoch 46/90 - 7.378s
27: Epoch 46/90 - 7.378s
25: Epoch 46/90 - 7.378s
07: Epoch 46/90 - 7.378s
06: 
00: Epoch 46/90 - 7.378s
01: Epoch 47/90 - 7.563s
07: Epoch 47/90 - 7.563s
10: Epoch 47/90 - 7.563s
30: Epoch 47/90 - 7.563s
16: Epoch 47/90 - 7.563s
04: Epoch 47/90 - 7.563s
18: Epoch 47/90 - 7.563s
22: Epoch 47/90 - 7.563s
12: Epoch 47/90 - 7.563s
20: Epoch 47/90 - 7.563s
27: Epoch 47/90 - 7.563s
24: Epoch 47/90 - 7.563s
11: Epoch 47/90 - 7.563s
08: Epoch 47/90 - 7.563s
31: Epoch 47/90 - 7.563s
17: Epoch 47/90 - 7.563s
05: Epoch 47/90 - 7.563s
02: Epoch 47/90 - 7.563s
19: Epoch 47/90 - 7.563s
28: Epoch 47/90 - 7.563s
23: Epoch 47/90 - 7.563s
13: Epoch 47/90 - 7.563s
21: Epoch 47/90 - 7.563s
14: Epoch 47/90 - 7.563s
26: Epoch 47/90 - 7.563s
25: Epoch 47/90 - 7.563s
06: Epoch 47/90 - 7.563s
09: Epoch 47/90 - 7.563s
03: Epoch 47/90 - 7.563s
29: Epoch 47/90 - 7.563s
15: Epoch 47/90 - 7.563s
07: 
00: Epoch 47/90 - 7.563s
01: Epoch 48/90 - 7.573s
04: Epoch 48/90 - 7.573s
18: Epoch 48/90 - 7.573s
14: Epoch 48/90 - 7.573s
07: Epoch 48/90 - 7.573s
10: Epoch 48/90 - 7.573s
08: Epoch 48/90 - 7.573s
30: Epoch 48/90 - 7.573s
16: Epoch 48/90 - 7.573s
05: Epoch 48/90 - 7.573s
02: Epoch 48/90 - 7.573s
19: Epoch 48/90 - 7.573s
28: Epoch 48/90 - 7.573s
22: Epoch 48/90 - 7.573s
12: Epoch 48/90 - 7.573s
20: Epoch 48/90 - 7.573s
26: Epoch 48/90 - 7.573s
24: Epoch 48/90 - 7.573s
06: Epoch 48/90 - 7.573s
11: Epoch 48/90 - 7.573s
09: Epoch 48/90 - 7.573s
31: Epoch 48/90 - 7.573s
17: Epoch 48/90 - 7.573s
03: Epoch 48/90 - 7.573s
29: Epoch 48/90 - 7.573s
23: Epoch 48/90 - 7.573s
13: Epoch 48/90 - 7.573s
21: Epoch 48/90 - 7.573s
15: Epoch 48/90 - 7.573s
27: Epoch 48/90 - 7.573s
25: Epoch 48/90 - 7.573s
07: 
00: Epoch 48/90 - 7.573s
01: Epoch 49/90 - 7.729s
30: Epoch 49/90 - 7.729s
04: Epoch 49/90 - 7.729s
12: Epoch 49/90 - 7.729s
20: Epoch 49/90 - 7.729s
07: Epoch 49/90 - 7.729s
10: Epoch 49/90 - 7.729s
08: Epoch 49/90 - 7.729s
31: Epoch 49/90 - 7.729s
16: Epoch 49/90 - 7.729s
05: Epoch 49/90 - 7.729s
02: Epoch 49/90 - 7.729s
18: Epoch 49/90 - 7.729s
28: Epoch 49/90 - 7.729s
22: Epoch 49/90 - 7.729s
13: Epoch 49/90 - 7.729s
21: Epoch 49/90 - 7.729s
14: Epoch 49/90 - 7.729s
26: Epoch 49/90 - 7.729s
24: Epoch 49/90 - 7.729s
06: Epoch 49/90 - 7.729s
11: Epoch 49/90 - 7.729s
09: Epoch 49/90 - 7.729s
17: Epoch 49/90 - 7.729s
03: Epoch 49/90 - 7.729s
19: Epoch 49/90 - 7.729s
29: Epoch 49/90 - 7.729s
23: Epoch 49/90 - 7.729s
15: Epoch 49/90 - 7.729s
27: Epoch 49/90 - 7.729s
25: Epoch 49/90 - 7.729s
07: 
00: Epoch 49/90 - 7.729s
04: Epoch 50/90 - 7.821s
28: Epoch 50/90 - 7.821s
22: Epoch 50/90 - 7.821s
14: Epoch 50/90 - 7.821s
07: Epoch 50/90 - 7.821s
10: Epoch 50/90 - 7.821s
08: Epoch 50/90 - 7.821s
30: Epoch 50/90 - 7.821s
02: Epoch 50/90 - 7.821s
18: Epoch 50/90 - 7.821s
12: Epoch 50/90 - 7.821s
20: Epoch 50/90 - 7.821s
24: Epoch 50/90 - 7.821s
01: Epoch 50/90 - 7.821s
11: Epoch 50/90 - 7.821s
31: Epoch 50/90 - 7.821s
16: Epoch 50/90 - 7.821s
05: Epoch 50/90 - 7.821s
19: Epoch 50/90 - 7.821s
29: Epoch 50/90 - 7.821s
23: Epoch 50/90 - 7.821s
13: Epoch 50/90 - 7.821s
21: Epoch 50/90 - 7.821s
15: Epoch 50/90 - 7.821s
26: Epoch 50/90 - 7.821s
25: Epoch 50/90 - 7.821s
06: Epoch 50/90 - 7.821s
09: Epoch 50/90 - 7.821s
17: Epoch 50/90 - 7.821s
03: Epoch 50/90 - 7.821s
27: Epoch 50/90 - 7.821s
07: 
00: Epoch 50/90 - 7.821s
01: Epoch 51/90 - 7.754s
30: Epoch 51/90 - 7.754s
28: Epoch 51/90 - 7.754s
26: Epoch 51/90 - 7.754s
06: Epoch 51/90 - 7.754s
10: Epoch 51/90 - 7.754s
08: Epoch 51/90 - 7.754s
31: Epoch 51/90 - 7.754s
16: Epoch 51/90 - 7.754s
04: Epoch 51/90 - 7.754s
02: Epoch 51/90 - 7.754s
18: Epoch 51/90 - 7.754s
22: Epoch 51/90 - 7.754s
12: Epoch 51/90 - 7.754s
20: Epoch 51/90 - 7.754s
14: Epoch 51/90 - 7.754s
24: Epoch 51/90 - 7.754s
07: Epoch 51/90 - 7.754s
11: Epoch 51/90 - 7.754s
09: Epoch 51/90 - 7.754s
17: Epoch 51/90 - 7.754s
05: Epoch 51/90 - 7.754s
03: Epoch 51/90 - 7.754s
19: Epoch 51/90 - 7.754s
29: Epoch 51/90 - 7.754s
23: Epoch 51/90 - 7.754s
13: Epoch 51/90 - 7.754s
21: Epoch 51/90 - 7.754s
15: Epoch 51/90 - 7.754s
27: Epoch 51/90 - 7.754s
25: Epoch 51/90 - 7.754s
06: 
00: Epoch 51/90 - 7.754s
22: Epoch 52/90 - 8.199s
12: Epoch 52/90 - 8.199s
26: Epoch 52/90 - 8.199s
10: Epoch 52/90 - 8.199s
30: Epoch 52/90 - 8.199s
18: Epoch 52/90 - 8.199s
20: Epoch 52/90 - 8.199s
14: Epoch 52/90 - 8.199s
24: Epoch 52/90 - 8.199s
06: Epoch 52/90 - 8.199s
08: Epoch 52/90 - 8.199s
31: Epoch 52/90 - 8.199s
16: Epoch 52/90 - 8.199s
04: Epoch 52/90 - 8.199s
02: Epoch 52/90 - 8.199s
19: Epoch 52/90 - 8.199s
28: Epoch 52/90 - 8.199s
23: Epoch 52/90 - 8.199s
13: Epoch 52/90 - 8.199s
21: Epoch 52/90 - 8.199s
15: Epoch 52/90 - 8.199s
27: Epoch 52/90 - 8.199s
06: 
01: Epoch 52/90 - 8.199s
11: Epoch 52/90 - 8.199s
09: Epoch 52/90 - 8.199s
17: Epoch 52/90 - 8.199s
05: Epoch 52/90 - 8.199s
03: Epoch 52/90 - 8.199s
29: Epoch 52/90 - 8.199s
25: Epoch 52/90 - 8.199s
00: Epoch 52/90 - 8.199s
07: Epoch 52/90 - 8.200s
07: 
01: Epoch 53/90 - 7.967s
10: Epoch 53/90 - 7.967s
18: Epoch 53/90 - 7.967s
12: Epoch 53/90 - 7.967s
20: Epoch 53/90 - 7.967s
24: Epoch 53/90 - 7.967s
06: Epoch 53/90 - 7.966s
08: Epoch 53/90 - 7.967s
30: Epoch 53/90 - 7.967s
16: Epoch 53/90 - 7.967s
04: Epoch 53/90 - 7.967s
02: Epoch 53/90 - 7.967s
29: Epoch 53/90 - 7.967s
22: Epoch 53/90 - 7.967s
14: Epoch 53/90 - 7.967s
26: Epoch 53/90 - 7.967s
07: Epoch 53/90 - 7.966s
11: Epoch 53/90 - 7.967s
09: Epoch 53/90 - 7.967s
31: Epoch 53/90 - 7.967s
17: Epoch 53/90 - 7.967s
05: Epoch 53/90 - 7.967s
03: Epoch 53/90 - 7.967s
19: Epoch 53/90 - 7.967s
23: Epoch 53/90 - 7.967s
13: Epoch 53/90 - 7.967s
21: Epoch 53/90 - 7.967s
15: Epoch 53/90 - 7.967s
27: Epoch 53/90 - 7.967s
25: Epoch 53/90 - 7.967s
07: 
00: Epoch 53/90 - 7.967s
28: Epoch 53/90 - 7.967s
01: Epoch 54/90 - 7.933s
06: Epoch 54/90 - 7.933s
30: Epoch 54/90 - 7.933s
16: Epoch 54/90 - 7.933s
04: Epoch 54/90 - 7.933s
22: Epoch 54/90 - 7.933s
12: Epoch 54/90 - 7.933s
20: Epoch 54/90 - 7.933s
14: Epoch 54/90 - 7.933s
24: Epoch 54/90 - 7.933s
10: Epoch 54/90 - 7.933s
08: Epoch 54/90 - 7.933s
31: Epoch 54/90 - 7.933s
17: Epoch 54/90 - 7.933s
05: Epoch 54/90 - 7.933s
02: Epoch 54/90 - 7.933s
18: Epoch 54/90 - 7.933s
28: Epoch 54/90 - 7.932s
23: Epoch 54/90 - 7.933s
13: Epoch 54/90 - 7.933s
21: Epoch 54/90 - 7.933s
15: Epoch 54/90 - 7.933s
26: Epoch 54/90 - 7.933s
25: Epoch 54/90 - 7.933s
07: Epoch 54/90 - 7.933s
11: Epoch 54/90 - 7.933s
09: Epoch 54/90 - 7.933s
03: Epoch 54/90 - 7.933s
19: Epoch 54/90 - 7.933s
29: Epoch 54/90 - 7.933s
27: Epoch 54/90 - 7.933s
00: Epoch 54/90 - 7.933s
01: Epoch 55/90 - 8.121s
28: Epoch 55/90 - 8.121s
10: Epoch 55/90 - 8.121s
30: Epoch 55/90 - 8.121s
16: Epoch 55/90 - 8.121s
04: Epoch 55/90 - 8.121s
02: Epoch 55/90 - 8.121s
18: Epoch 55/90 - 8.121s
22: Epoch 55/90 - 8.121s
12: Epoch 55/90 - 8.121s
20: Epoch 55/90 - 8.121s
14: Epoch 55/90 - 8.121s
27: Epoch 55/90 - 8.121s
06: Epoch 55/90 - 8.121s
08: Epoch 55/90 - 8.121s
19: Epoch 55/90 - 8.121s
29: Epoch 55/90 - 8.121s
23: Epoch 55/90 - 8.121s
13: Epoch 55/90 - 8.121s
24: Epoch 55/90 - 8.121s
11: Epoch 55/90 - 8.121s
31: Epoch 55/90 - 8.121s
17: Epoch 55/90 - 8.121s
05: Epoch 55/90 - 8.121s
03: Epoch 55/90 - 8.121s
21: Epoch 55/90 - 8.121s
15: Epoch 55/90 - 8.121s
26: Epoch 55/90 - 8.121s
07: Epoch 55/90 - 8.121s
09: Epoch 55/90 - 8.121s
25: Epoch 55/90 - 8.121s
06: 
00: Epoch 55/90 - 8.121s
01: Epoch 56/90 - 8.239s
12: Epoch 56/90 - 8.239s
20: Epoch 56/90 - 8.239s
07: Epoch 56/90 - 8.239s
10: Epoch 56/90 - 8.239s
08: Epoch 56/90 - 8.239s
30: Epoch 56/90 - 8.239s
16: Epoch 56/90 - 8.239s
04: Epoch 56/90 - 8.239s
02: Epoch 56/90 - 8.239s
18: Epoch 56/90 - 8.239s
28: Epoch 56/90 - 8.239s
22: Epoch 56/90 - 8.239s
14: Epoch 56/90 - 8.239s
26: Epoch 56/90 - 8.239s
24: Epoch 56/90 - 8.239s
06: Epoch 56/90 - 8.238s
11: Epoch 56/90 - 8.239s
09: Epoch 56/90 - 8.239s
31: Epoch 56/90 - 8.239s
17: Epoch 56/90 - 8.239s
05: Epoch 56/90 - 8.239s
03: Epoch 56/90 - 8.239s
19: Epoch 56/90 - 8.239s
29: Epoch 56/90 - 8.239s
23: Epoch 56/90 - 8.239s
13: Epoch 56/90 - 8.239s
21: Epoch 56/90 - 8.239s
15: Epoch 56/90 - 8.239s
27: Epoch 56/90 - 8.239s
25: Epoch 56/90 - 8.239s
00: Epoch 56/90 - 8.239s
01: Epoch 57/90 - 7.711s
26: Epoch 57/90 - 7.711s
06: Epoch 57/90 - 7.711s
10: Epoch 57/90 - 7.711s
18: Epoch 57/90 - 7.711s
12: Epoch 57/90 - 7.711s
20: Epoch 57/90 - 7.711s
14: Epoch 57/90 - 7.711s
24: Epoch 57/90 - 7.711s
08: Epoch 57/90 - 7.711s
30: Epoch 57/90 - 7.711s
16: Epoch 57/90 - 7.711s
04: Epoch 57/90 - 7.711s
02: Epoch 57/90 - 7.711s
19: Epoch 57/90 - 7.711s
28: Epoch 57/90 - 7.711s
22: Epoch 57/90 - 7.711s
13: Epoch 57/90 - 7.711s
21: Epoch 57/90 - 7.711s
27: Epoch 57/90 - 7.711s
25: Epoch 57/90 - 7.711s
07: Epoch 57/90 - 7.711s
11: Epoch 57/90 - 7.711s
09: Epoch 57/90 - 7.711s
31: Epoch 57/90 - 7.711s
17: Epoch 57/90 - 7.711s
05: Epoch 57/90 - 7.711s
03: Epoch 57/90 - 7.711s
29: Epoch 57/90 - 7.711s
23: Epoch 57/90 - 7.711s
15: Epoch 57/90 - 7.711s
00: Epoch 57/90 - 7.711s
01: Epoch 58/90 - 7.623s
22: Epoch 58/90 - 7.623s
10: Epoch 58/90 - 7.623s
30: Epoch 58/90 - 7.623s
16: Epoch 58/90 - 7.623s
04: Epoch 58/90 - 7.623s
02: Epoch 58/90 - 7.623s
18: Epoch 58/90 - 7.623s
28: Epoch 58/90 - 7.623s
12: Epoch 58/90 - 7.623s
20: Epoch 58/90 - 7.623s
14: Epoch 58/90 - 7.623s
26: Epoch 58/90 - 7.623s
24: Epoch 58/90 - 7.623s
06: Epoch 58/90 - 7.623s
11: Epoch 58/90 - 7.623s
08: Epoch 58/90 - 7.623s
31: Epoch 58/90 - 7.623s
17: Epoch 58/90 - 7.623s
05: Epoch 58/90 - 7.623s
03: Epoch 58/90 - 7.623s
19: Epoch 58/90 - 7.623s
29: Epoch 58/90 - 7.623s
23: Epoch 58/90 - 7.623s
13: Epoch 58/90 - 7.623s
21: Epoch 58/90 - 7.623s
15: Epoch 58/90 - 7.623s
27: Epoch 58/90 - 7.623s
25: Epoch 58/90 - 7.623s
07: Epoch 58/90 - 7.623s
09: Epoch 58/90 - 7.623s
06: 
00: Epoch 58/90 - 7.623s
01: Epoch 59/90 - 7.770s
14: Epoch 59/90 - 7.770s
07: Epoch 59/90 - 7.770s
10: Epoch 59/90 - 7.770s
08: Epoch 59/90 - 7.770s
30: Epoch 59/90 - 7.770s
16: Epoch 59/90 - 7.770s
04: Epoch 59/90 - 7.770s
02: Epoch 59/90 - 7.770s
18: Epoch 59/90 - 7.770s
22: Epoch 59/90 - 7.770s
12: Epoch 59/90 - 7.770s
20: Epoch 59/90 - 7.770s
24: Epoch 59/90 - 7.770s
11: Epoch 59/90 - 7.770s
09: Epoch 59/90 - 7.770s
31: Epoch 59/90 - 7.770s
17: Epoch 59/90 - 7.770s
05: Epoch 59/90 - 7.770s
03: Epoch 59/90 - 7.770s
19: Epoch 59/90 - 7.770s
28: Epoch 59/90 - 7.770s
23: Epoch 59/90 - 7.770s
13: Epoch 59/90 - 7.770s
21: Epoch 59/90 - 7.770s
15: Epoch 59/90 - 7.770s
26: Epoch 59/90 - 7.770s
25: Epoch 59/90 - 7.770s
06: Epoch 59/90 - 7.770s
29: Epoch 59/90 - 7.770s
27: Epoch 59/90 - 7.770s
07: 
00: Epoch 59/90 - 7.770s
01: Epoch 60/90 - 8.017s
10: Epoch 60/90 - 8.017s
30: Epoch 60/90 - 8.017s
03: Epoch 60/90 - 8.017s
18: Epoch 60/90 - 8.017s
20: Epoch 60/90 - 8.017s
24: Epoch 60/90 - 8.017s
08: Epoch 60/90 - 8.017s
16: Epoch 60/90 - 8.017s
04: Epoch 60/90 - 8.017s
19: Epoch 60/90 - 8.017s
28: Epoch 60/90 - 8.017s
22: Epoch 60/90 - 8.017s
21: Epoch 60/90 - 8.017s
15: Epoch 60/90 - 8.017s
26: Epoch 60/90 - 8.017s
25: Epoch 60/90 - 8.017s
06: Epoch 60/90 - 8.017s
09: Epoch 60/90 - 8.017s
17: Epoch 60/90 - 8.017s
05: Epoch 60/90 - 8.017s
29: Epoch 60/90 - 8.017s
23: Epoch 60/90 - 8.017s
27: Epoch 60/90 - 8.017s
06: 
00: Epoch 60/90 - 8.017s
11: Epoch 60/90 - 8.018s
14: Epoch 60/90 - 8.018s
02: Epoch 60/90 - 8.019s
31: Epoch 60/90 - 8.019s
12: Epoch 60/90 - 8.020s
13: Epoch 60/90 - 8.021s
07: Epoch 60/90 - 8.028s
01: Epoch 61/90 - 8.249s
10: Epoch 61/90 - 8.249s
08: Epoch 61/90 - 8.249s
30: Epoch 61/90 - 8.249s
16: Epoch 61/90 - 8.249s
04: Epoch 61/90 - 8.249s
02: Epoch 61/90 - 8.247s
18: Epoch 61/90 - 8.249s
29: Epoch 61/90 - 8.249s
22: Epoch 61/90 - 8.249s
12: Epoch 61/90 - 8.246s
20: Epoch 61/90 - 8.249s
14: Epoch 61/90 - 8.248s
26: Epoch 61/90 - 8.249s
24: Epoch 61/90 - 8.249s
06: Epoch 61/90 - 8.249s
11: Epoch 61/90 - 8.248s
09: Epoch 61/90 - 8.249s
31: Epoch 61/90 - 8.247s
17: Epoch 61/90 - 8.249s
05: Epoch 61/90 - 8.249s
03: Epoch 61/90 - 8.249s
19: Epoch 61/90 - 8.249s
28: Epoch 61/90 - 8.249s
23: Epoch 61/90 - 8.249s
13: Epoch 61/90 - 8.245s
21: Epoch 61/90 - 8.249s
15: Epoch 61/90 - 8.249s
27: Epoch 61/90 - 8.249s
25: Epoch 61/90 - 8.249s
07: Epoch 61/90 - 8.238s
06: 
00: Epoch 61/90 - 8.249s
01: Epoch 62/90 - 7.607s
10: Epoch 62/90 - 7.607s
18: Epoch 62/90 - 7.607s
12: Epoch 62/90 - 7.607s
20: Epoch 62/90 - 7.607s
24: Epoch 62/90 - 7.607s
07: Epoch 62/90 - 7.607s
11: Epoch 62/90 - 7.607s
08: Epoch 62/90 - 7.607s
30: Epoch 62/90 - 7.607s
16: Epoch 62/90 - 7.607s
04: Epoch 62/90 - 7.607s
02: Epoch 62/90 - 7.607s
19: Epoch 62/90 - 7.607s
28: Epoch 62/90 - 7.607s
22: Epoch 62/90 - 7.607s
13: Epoch 62/90 - 7.607s
21: Epoch 62/90 - 7.607s
14: Epoch 62/90 - 7.607s
27: Epoch 62/90 - 7.607s
25: Epoch 62/90 - 7.607s
06: Epoch 62/90 - 7.607s
09: Epoch 62/90 - 7.607s
31: Epoch 62/90 - 7.607s
17: Epoch 62/90 - 7.607s
05: Epoch 62/90 - 7.607s
03: Epoch 62/90 - 7.607s
29: Epoch 62/90 - 7.607s
23: Epoch 62/90 - 7.607s
15: Epoch 62/90 - 7.607s
26: Epoch 62/90 - 7.607s
00: Epoch 62/90 - 7.607s
01: Epoch 63/90 - 7.729s
11: Epoch 63/90 - 7.729s
08: Epoch 63/90 - 7.729s
04: Epoch 63/90 - 7.729s
02: Epoch 63/90 - 7.729s
22: Epoch 63/90 - 7.729s
12: Epoch 63/90 - 7.729s
14: Epoch 63/90 - 7.729s
06: Epoch 63/90 - 7.729s
10: Epoch 63/90 - 7.729s
09: Epoch 63/90 - 7.729s
30: Epoch 63/90 - 7.729s
16: Epoch 63/90 - 7.729s
05: Epoch 63/90 - 7.729s
03: Epoch 63/90 - 7.729s
18: Epoch 63/90 - 7.729s
28: Epoch 63/90 - 7.729s
23: Epoch 63/90 - 7.729s
13: Epoch 63/90 - 7.729s
20: Epoch 63/90 - 7.729s
15: Epoch 63/90 - 7.729s
26: Epoch 63/90 - 7.729s
24: Epoch 63/90 - 7.729s
07: Epoch 63/90 - 7.729s
31: Epoch 63/90 - 7.729s
17: Epoch 63/90 - 7.729s
19: Epoch 63/90 - 7.729s
29: Epoch 63/90 - 7.729s
21: Epoch 63/90 - 7.729s
27: Epoch 63/90 - 7.729s
25: Epoch 63/90 - 7.729s
06: 
00: Epoch 63/90 - 7.729s
01: Epoch 64/90 - 8.343s
06: Epoch 64/90 - 8.342s
10: Epoch 64/90 - 8.342s
08: Epoch 64/90 - 8.343s
30: Epoch 64/90 - 8.343s
16: Epoch 64/90 - 8.343s
02: Epoch 64/90 - 8.343s
18: Epoch 64/90 - 8.343s
28: Epoch 64/90 - 8.343s
12: Epoch 64/90 - 8.343s
20: Epoch 64/90 - 8.343s
26: Epoch 64/90 - 8.343s
24: Epoch 64/90 - 8.342s
11: Epoch 64/90 - 8.343s
09: Epoch 64/90 - 8.343s
31: Epoch 64/90 - 8.343s
17: Epoch 64/90 - 8.343s
04: Epoch 64/90 - 8.343s
03: Epoch 64/90 - 8.343s
19: Epoch 64/90 - 8.343s
29: Epoch 64/90 - 8.343s
22: Epoch 64/90 - 8.343s
13: Epoch 64/90 - 8.343s
21: Epoch 64/90 - 8.343s
14: Epoch 64/90 - 8.343s
27: Epoch 64/90 - 8.343s
25: Epoch 64/90 - 8.343s
07: Epoch 64/90 - 8.343s
05: Epoch 64/90 - 8.343s
23: Epoch 64/90 - 8.343s
15: Epoch 64/90 - 8.343s
00: Epoch 64/90 - 8.343s
01: Epoch 65/90 - 7.995s
07: Epoch 65/90 - 7.995s
10: Epoch 65/90 - 7.995s
30: Epoch 65/90 - 7.995s
16: Epoch 65/90 - 7.995s
04: Epoch 65/90 - 7.995s
02: Epoch 65/90 - 7.995s
18: Epoch 65/90 - 7.995s
22: Epoch 65/90 - 7.995s
12: Epoch 65/90 - 7.995s
20: Epoch 65/90 - 7.995s
14: Epoch 65/90 - 7.995s
24: Epoch 65/90 - 7.995s
11: Epoch 65/90 - 7.995s
08: Epoch 65/90 - 7.995s
31: Epoch 65/90 - 7.995s
17: Epoch 65/90 - 7.995s
05: Epoch 65/90 - 7.995s
03: Epoch 65/90 - 7.995s
19: Epoch 65/90 - 7.995s
28: Epoch 65/90 - 7.995s
23: Epoch 65/90 - 7.995s
13: Epoch 65/90 - 7.995s
21: Epoch 65/90 - 7.995s
15: Epoch 65/90 - 7.995s
26: Epoch 65/90 - 7.995s
25: Epoch 65/90 - 7.995s
06: Epoch 65/90 - 7.995s
09: Epoch 65/90 - 7.995s
29: Epoch 65/90 - 7.995s
27: Epoch 65/90 - 7.995s
07: 
00: Epoch 65/90 - 7.995s
01: Epoch 66/90 - 7.518s
10: Epoch 66/90 - 7.518s
30: Epoch 66/90 - 7.518s
16: Epoch 66/90 - 7.518s
02: Epoch 66/90 - 7.518s
18: Epoch 66/90 - 7.518s
28: Epoch 66/90 - 7.518s
12: Epoch 66/90 - 7.518s
20: Epoch 66/90 - 7.518s
26: Epoch 66/90 - 7.518s
24: Epoch 66/90 - 7.518s
11: Epoch 66/90 - 7.518s
08: Epoch 66/90 - 7.518s
31: Epoch 66/90 - 7.518s
17: Epoch 66/90 - 7.518s
04: Epoch 66/90 - 7.518s
03: Epoch 66/90 - 7.518s
19: Epoch 66/90 - 7.518s
29: Epoch 66/90 - 7.518s
22: Epoch 66/90 - 7.518s
13: Epoch 66/90 - 7.518s
21: Epoch 66/90 - 7.518s
14: Epoch 66/90 - 7.518s
27: Epoch 66/90 - 7.518s
06: Epoch 66/90 - 7.519s
09: Epoch 66/90 - 7.518s
05: Epoch 66/90 - 7.519s
23: Epoch 66/90 - 7.518s
15: Epoch 66/90 - 7.518s
06: 
00: Epoch 66/90 - 7.519s
25: Epoch 66/90 - 7.519s
07: Epoch 66/90 - 7.527s
07: 
01: Epoch 67/90 - 7.741s
04: Epoch 67/90 - 7.741s
02: Epoch 67/90 - 7.741s
14: Epoch 67/90 - 7.741s
06: Epoch 67/90 - 7.741s
10: Epoch 67/90 - 7.741s
08: Epoch 67/90 - 7.741s
30: Epoch 67/90 - 7.741s
16: Epoch 67/90 - 7.741s
05: Epoch 67/90 - 7.741s
03: Epoch 67/90 - 7.741s
18: Epoch 67/90 - 7.741s
28: Epoch 67/90 - 7.741s
22: Epoch 67/90 - 7.741s
12: Epoch 67/90 - 7.741s
20: Epoch 67/90 - 7.741s
26: Epoch 67/90 - 7.741s
24: Epoch 67/90 - 7.741s
11: Epoch 67/90 - 7.741s
09: Epoch 67/90 - 7.741s
31: Epoch 67/90 - 7.741s
17: Epoch 67/90 - 7.741s
19: Epoch 67/90 - 7.741s
29: Epoch 67/90 - 7.741s
23: Epoch 67/90 - 7.741s
13: Epoch 67/90 - 7.741s
21: Epoch 67/90 - 7.741s
15: Epoch 67/90 - 7.741s
27: Epoch 67/90 - 7.741s
25: Epoch 67/90 - 7.741s
07: Epoch 67/90 - 7.733s
06: 
00: Epoch 67/90 - 7.741s
01: Epoch 68/90 - 7.958s
10: Epoch 68/90 - 7.959s
18: Epoch 68/90 - 7.959s
12: Epoch 68/90 - 7.958s
20: Epoch 68/90 - 7.959s
07: Epoch 68/90 - 7.959s
11: Epoch 68/90 - 7.959s
08: Epoch 68/90 - 7.959s
30: Epoch 68/90 - 7.959s
16: Epoch 68/90 - 7.959s
04: Epoch 68/90 - 7.958s
02: Epoch 68/90 - 7.959s
19: Epoch 68/90 - 7.958s
28: Epoch 68/90 - 7.958s
22: Epoch 68/90 - 7.958s
13: Epoch 68/90 - 7.958s
21: Epoch 68/90 - 7.959s
14: Epoch 68/90 - 7.959s
26: Epoch 68/90 - 7.959s
24: Epoch 68/90 - 7.959s
07: 
09: Epoch 68/90 - 7.958s
31: Epoch 68/90 - 7.959s
17: Epoch 68/90 - 7.959s
05: Epoch 68/90 - 7.958s
03: Epoch 68/90 - 7.959s
29: Epoch 68/90 - 7.958s
23: Epoch 68/90 - 7.958s
15: Epoch 68/90 - 7.958s
27: Epoch 68/90 - 7.959s
25: Epoch 68/90 - 7.959s
00: Epoch 68/90 - 7.959s
06: Epoch 68/90 - 7.965s
01: Epoch 69/90 - 7.665s
04: Epoch 69/90 - 7.665s
22: Epoch 69/90 - 7.665s
06: Epoch 69/90 - 7.658s
10: Epoch 69/90 - 7.665s
08: Epoch 69/90 - 7.665s
30: Epoch 69/90 - 7.665s
16: Epoch 69/90 - 7.665s
02: Epoch 69/90 - 7.665s
18: Epoch 69/90 - 7.665s
28: Epoch 69/90 - 7.665s
12: Epoch 69/90 - 7.665s
21: Epoch 69/90 - 7.665s
14: Epoch 69/90 - 7.665s
26: Epoch 69/90 - 7.665s
07: Epoch 69/90 - 7.664s
11: Epoch 69/90 - 7.665s
09: Epoch 69/90 - 7.665s
31: Epoch 69/90 - 7.665s
17: Epoch 69/90 - 7.665s
05: Epoch 69/90 - 7.665s
03: Epoch 69/90 - 7.665s
19: Epoch 69/90 - 7.665s
23: Epoch 69/90 - 7.665s
13: Epoch 69/90 - 7.665s
15: Epoch 69/90 - 7.665s
27: Epoch 69/90 - 7.665s
06: 
29: Epoch 69/90 - 7.665s
00: Epoch 69/90 - 7.665s
20: Epoch 69/90 - 7.665s
24: Epoch 69/90 - 7.665s
25: Epoch 69/90 - 7.666s
01: Epoch 70/90 - 7.875s
14: Epoch 70/90 - 7.875s
06: Epoch 70/90 - 7.875s
10: Epoch 70/90 - 7.875s
30: Epoch 70/90 - 7.875s
16: Epoch 70/90 - 7.875s
04: Epoch 70/90 - 7.875s
02: Epoch 70/90 - 7.875s
18: Epoch 70/90 - 7.875s
22: Epoch 70/90 - 7.875s
12: Epoch 70/90 - 7.875s
20: Epoch 70/90 - 7.874s
24: Epoch 70/90 - 7.874s
11: Epoch 70/90 - 7.875s
08: Epoch 70/90 - 7.875s
31: Epoch 70/90 - 7.875s
17: Epoch 70/90 - 7.875s
05: Epoch 70/90 - 7.875s
03: Epoch 70/90 - 7.875s
19: Epoch 70/90 - 7.875s
28: Epoch 70/90 - 7.875s
23: Epoch 70/90 - 7.875s
13: Epoch 70/90 - 7.875s
21: Epoch 70/90 - 7.875s
15: Epoch 70/90 - 7.875s
26: Epoch 70/90 - 7.875s
25: Epoch 70/90 - 7.874s
06: 
09: Epoch 70/90 - 7.875s
29: Epoch 70/90 - 7.875s
27: Epoch 70/90 - 7.875s
00: Epoch 70/90 - 7.875s
07: Epoch 70/90 - 7.881s
07: 
01: Epoch 71/90 - 8.443s
10: Epoch 71/90 - 8.443s
30: Epoch 71/90 - 8.442s
16: Epoch 71/90 - 8.443s
04: Epoch 71/90 - 8.443s
02: Epoch 71/90 - 8.443s
18: Epoch 71/90 - 8.443s
28: Epoch 71/90 - 8.442s
12: Epoch 71/90 - 8.442s
20: Epoch 71/90 - 8.443s
14: Epoch 71/90 - 8.443s
26: Epoch 71/90 - 8.443s
24: Epoch 71/90 - 8.442s
07: Epoch 71/90 - 8.437s
11: Epoch 71/90 - 8.443s
08: Epoch 71/90 - 8.443s
31: Epoch 71/90 - 8.442s
17: Epoch 71/90 - 8.443s
05: Epoch 71/90 - 8.443s
03: Epoch 71/90 - 8.443s
19: Epoch 71/90 - 8.442s
29: Epoch 71/90 - 8.442s
22: Epoch 71/90 - 8.443s
13: Epoch 71/90 - 8.442s
21: Epoch 71/90 - 8.443s
15: Epoch 71/90 - 8.443s
27: Epoch 71/90 - 8.443s
25: Epoch 71/90 - 8.442s
06: Epoch 71/90 - 8.442s
09: Epoch 71/90 - 8.443s
23: Epoch 71/90 - 8.443s
07: 
00: Epoch 71/90 - 8.443s
30: Epoch 72/90 - 7.249s
22: Epoch 72/90 - 7.249s
20: Epoch 72/90 - 7.249s
06: Epoch 72/90 - 7.249s
10: Epoch 72/90 - 7.249s
08: Epoch 72/90 - 7.249s
16: Epoch 72/90 - 7.249s
04: Epoch 72/90 - 7.249s
02: Epoch 72/90 - 7.249s
18: Epoch 72/90 - 7.249s
28: Epoch 72/90 - 7.249s
23: Epoch 72/90 - 7.249s
12: Epoch 72/90 - 7.249s
14: Epoch 72/90 - 7.249s
26: Epoch 72/90 - 7.249s
24: Epoch 72/90 - 7.249s
01: Epoch 72/90 - 7.249s
11: Epoch 72/90 - 7.249s
09: Epoch 72/90 - 7.249s
31: Epoch 72/90 - 7.249s
17: Epoch 72/90 - 7.249s
05: Epoch 72/90 - 7.249s
03: Epoch 72/90 - 7.249s
19: Epoch 72/90 - 7.249s
29: Epoch 72/90 - 7.249s
13: Epoch 72/90 - 7.249s
21: Epoch 72/90 - 7.249s
15: Epoch 72/90 - 7.249s
27: Epoch 72/90 - 7.249s
25: Epoch 72/90 - 7.249s
07: Epoch 72/90 - 7.249s
06: 
00: Epoch 72/90 - 7.249s
01: Epoch 73/90 - 7.742s
10: Epoch 73/90 - 7.742s
31: Epoch 73/90 - 7.742s
05: Epoch 73/90 - 7.742s
02: Epoch 73/90 - 7.742s
18: Epoch 73/90 - 7.742s
12: Epoch 73/90 - 7.742s
21: Epoch 73/90 - 7.742s
14: Epoch 73/90 - 7.742s
24: Epoch 73/90 - 7.742s
07: Epoch 73/90 - 7.742s
11: Epoch 73/90 - 7.742s
08: Epoch 73/90 - 7.742s
16: Epoch 73/90 - 7.742s
04: Epoch 73/90 - 7.742s
03: Epoch 73/90 - 7.742s
19: Epoch 73/90 - 7.742s
28: Epoch 73/90 - 7.742s
22: Epoch 73/90 - 7.742s
13: Epoch 73/90 - 7.742s
15: Epoch 73/90 - 7.742s
26: Epoch 73/90 - 7.742s
25: Epoch 73/90 - 7.742s
06: Epoch 73/90 - 7.742s
09: Epoch 73/90 - 7.742s
30: Epoch 73/90 - 7.742s
17: Epoch 73/90 - 7.742s
29: Epoch 73/90 - 7.742s
23: Epoch 73/90 - 7.742s
27: Epoch 73/90 - 7.742s
07: 
27: 
00: Epoch 73/90 - 7.742s
20: Epoch 73/90 - 7.743s
01: Epoch 74/90 - 7.396s
16: Epoch 74/90 - 7.396s
02: Epoch 74/90 - 7.396s
18: Epoch 74/90 - 7.396s
06: Epoch 74/90 - 7.396s
10: Epoch 74/90 - 7.396s
08: Epoch 74/90 - 7.396s
30: Epoch 74/90 - 7.396s
04: Epoch 74/90 - 7.396s
03: Epoch 74/90 - 7.396s
19: Epoch 74/90 - 7.396s
28: Epoch 74/90 - 7.396s
22: Epoch 74/90 - 7.396s
12: Epoch 74/90 - 7.396s
20: Epoch 74/90 - 7.395s
14: Epoch 74/90 - 7.396s
26: Epoch 74/90 - 7.396s
24: Epoch 74/90 - 7.396s
07: Epoch 74/90 - 7.396s
11: Epoch 74/90 - 7.396s
09: Epoch 74/90 - 7.396s
31: Epoch 74/90 - 7.396s
17: Epoch 74/90 - 7.396s
05: Epoch 74/90 - 7.396s
29: Epoch 74/90 - 7.396s
23: Epoch 74/90 - 7.396s
13: Epoch 74/90 - 7.396s
21: Epoch 74/90 - 7.396s
15: Epoch 74/90 - 7.396s
27: Epoch 74/90 - 7.396s
25: Epoch 74/90 - 7.396s
07: 
00: Epoch 74/90 - 7.396s
01: Epoch 75/90 - 7.759s
04: Epoch 75/90 - 7.759s
02: Epoch 75/90 - 7.759s
18: Epoch 75/90 - 7.759s
22: Epoch 75/90 - 7.759s
14: Epoch 75/90 - 7.759s
06: Epoch 75/90 - 7.759s
10: Epoch 75/90 - 7.759s
08: Epoch 75/90 - 7.759s
30: Epoch 75/90 - 7.759s
16: Epoch 75/90 - 7.759s
05: Epoch 75/90 - 7.759s
03: Epoch 75/90 - 7.759s
19: Epoch 75/90 - 7.759s
28: Epoch 75/90 - 7.759s
23: Epoch 75/90 - 7.759s
12: Epoch 75/90 - 7.759s
20: Epoch 75/90 - 7.759s
15: Epoch 75/90 - 7.759s
26: Epoch 75/90 - 7.759s
24: Epoch 75/90 - 7.759s
06: 
11: Epoch 75/90 - 7.759s
09: Epoch 75/90 - 7.759s
31: Epoch 75/90 - 7.759s
17: Epoch 75/90 - 7.759s
29: Epoch 75/90 - 7.759s
13: Epoch 75/90 - 7.759s
21: Epoch 75/90 - 7.759s
27: Epoch 75/90 - 7.759s
25: Epoch 75/90 - 7.759s
00: Epoch 75/90 - 7.759s
07: Epoch 75/90 - 7.769s
07: 
01: Epoch 76/90 - 7.832s
07: Epoch 76/90 - 7.822s
10: Epoch 76/90 - 7.832s
08: Epoch 76/90 - 7.832s
30: Epoch 76/90 - 7.832s
16: Epoch 76/90 - 7.832s
04: Epoch 76/90 - 7.832s
02: Epoch 76/90 - 7.832s
18: Epoch 76/90 - 7.832s
28: Epoch 76/90 - 7.832s
22: Epoch 76/90 - 7.832s
12: Epoch 76/90 - 7.832s
20: Epoch 76/90 - 7.832s
14: Epoch 76/90 - 7.832s
26: Epoch 76/90 - 7.832s
24: Epoch 76/90 - 7.832s
11: Epoch 76/90 - 7.832s
09: Epoch 76/90 - 7.832s
31: Epoch 76/90 - 7.832s
05: Epoch 76/90 - 7.832s
19: Epoch 76/90 - 7.832s
23: Epoch 76/90 - 7.832s
13: Epoch 76/90 - 7.832s
21: Epoch 76/90 - 7.832s
15: Epoch 76/90 - 7.832s
25: Epoch 76/90 - 7.832s
06: Epoch 76/90 - 7.832s
17: Epoch 76/90 - 7.832s
03: Epoch 76/90 - 7.832s
29: Epoch 76/90 - 7.832s
27: Epoch 76/90 - 7.832s
00: Epoch 76/90 - 7.832s
01: Epoch 77/90 - 7.825s
07: Epoch 77/90 - 7.825s
10: Epoch 77/90 - 7.825s
08: Epoch 77/90 - 7.825s
30: Epoch 77/90 - 7.825s
16: Epoch 77/90 - 7.825s
04: Epoch 77/90 - 7.825s
02: Epoch 77/90 - 7.825s
18: Epoch 77/90 - 7.825s
28: Epoch 77/90 - 7.825s
22: Epoch 77/90 - 7.825s
12: Epoch 77/90 - 7.825s
20: Epoch 77/90 - 7.825s
14: Epoch 77/90 - 7.825s
26: Epoch 77/90 - 7.825s
24: Epoch 77/90 - 7.825s
06: Epoch 77/90 - 7.825s
11: Epoch 77/90 - 7.825s
09: Epoch 77/90 - 7.825s
31: Epoch 77/90 - 7.825s
17: Epoch 77/90 - 7.825s
05: Epoch 77/90 - 7.825s
03: Epoch 77/90 - 7.825s
19: Epoch 77/90 - 7.825s
29: Epoch 77/90 - 7.825s
23: Epoch 77/90 - 7.825s
13: Epoch 77/90 - 7.825s
21: Epoch 77/90 - 7.825s
15: Epoch 77/90 - 7.825s
25: Epoch 77/90 - 7.825s
07: 
00: Epoch 77/90 - 7.825s
27: Epoch 77/90 - 7.825s
01: Epoch 78/90 - 7.545s
06: Epoch 78/90 - 7.545s
10: Epoch 78/90 - 7.545s
08: Epoch 78/90 - 7.545s
30: Epoch 78/90 - 7.545s
16: Epoch 78/90 - 7.545s
04: Epoch 78/90 - 7.545s
02: Epoch 78/90 - 7.545s
18: Epoch 78/90 - 7.545s
28: Epoch 78/90 - 7.545s
12: Epoch 78/90 - 7.545s
20: Epoch 78/90 - 7.545s
14: Epoch 78/90 - 7.545s
26: Epoch 78/90 - 7.545s
24: Epoch 78/90 - 7.545s
11: Epoch 78/90 - 7.545s
09: Epoch 78/90 - 7.545s
31: Epoch 78/90 - 7.545s
17: Epoch 78/90 - 7.545s
05: Epoch 78/90 - 7.545s
03: Epoch 78/90 - 7.545s
19: Epoch 78/90 - 7.545s
29: Epoch 78/90 - 7.545s
22: Epoch 78/90 - 7.545s
13: Epoch 78/90 - 7.545s
21: Epoch 78/90 - 7.545s
15: Epoch 78/90 - 7.545s
27: Epoch 78/90 - 7.544s
25: Epoch 78/90 - 7.545s
07: Epoch 78/90 - 7.544s
23: Epoch 78/90 - 7.545s
07: 
00: Epoch 78/90 - 7.545s
01: Epoch 79/90 - 8.048s
06: Epoch 79/90 - 8.048s
10: Epoch 79/90 - 8.048s
09: Epoch 79/90 - 8.048s
30: Epoch 79/90 - 8.048s
16: Epoch 79/90 - 8.048s
04: Epoch 79/90 - 8.048s
02: Epoch 79/90 - 8.048s
18: Epoch 79/90 - 8.048s
28: Epoch 79/90 - 8.048s
22: Epoch 79/90 - 8.048s
12: Epoch 79/90 - 8.048s
20: Epoch 79/90 - 8.048s
14: Epoch 79/90 - 8.048s
26: Epoch 79/90 - 8.048s
24: Epoch 79/90 - 8.048s
07: Epoch 79/90 - 8.048s
11: Epoch 79/90 - 8.048s
31: Epoch 79/90 - 8.048s
17: Epoch 79/90 - 8.048s
05: Epoch 79/90 - 8.048s
03: Epoch 79/90 - 8.048s
19: Epoch 79/90 - 8.048s
29: Epoch 79/90 - 8.048s
23: Epoch 79/90 - 8.048s
13: Epoch 79/90 - 8.048s
21: Epoch 79/90 - 8.048s
15: Epoch 79/90 - 8.048s
27: Epoch 79/90 - 8.048s
25: Epoch 79/90 - 8.048s
06: 
00: Epoch 79/90 - 8.048s
08: Epoch 79/90 - 8.049s
01: Epoch 80/90 - 7.720s
08: Epoch 80/90 - 7.718s
04: Epoch 80/90 - 7.720s
02: Epoch 80/90 - 7.720s
18: Epoch 80/90 - 7.720s
28: Epoch 80/90 - 7.720s
22: Epoch 80/90 - 7.720s
12: Epoch 80/90 - 7.720s
26: Epoch 80/90 - 7.720s
06: Epoch 80/90 - 7.720s
10: Epoch 80/90 - 7.720s
09: Epoch 80/90 - 7.720s
30: Epoch 80/90 - 7.720s
16: Epoch 80/90 - 7.720s
05: Epoch 80/90 - 7.720s
03: Epoch 80/90 - 7.720s
19: Epoch 80/90 - 7.720s
29: Epoch 80/90 - 7.720s
23: Epoch 80/90 - 7.720s
13: Epoch 80/90 - 7.720s
20: Epoch 80/90 - 7.720s
14: Epoch 80/90 - 7.720s
27: Epoch 80/90 - 7.720s
24: Epoch 80/90 - 7.720s
07: Epoch 80/90 - 7.720s
11: Epoch 80/90 - 7.720s
31: Epoch 80/90 - 7.720s
17: Epoch 80/90 - 7.720s
21: Epoch 80/90 - 7.720s
15: Epoch 80/90 - 7.720s
25: Epoch 80/90 - 7.720s
06: 
00: Epoch 80/90 - 7.720s
01: Epoch 81/90 - 7.861s
21: Epoch 81/90 - 7.861s
10: Epoch 81/90 - 7.861s
30: Epoch 81/90 - 7.861s
16: Epoch 81/90 - 7.861s
02: Epoch 81/90 - 7.861s
18: Epoch 81/90 - 7.861s
28: Epoch 81/90 - 7.861s
12: Epoch 81/90 - 7.861s
26: Epoch 81/90 - 7.861s
24: Epoch 81/90 - 7.861s
11: Epoch 81/90 - 7.861s
08: Epoch 81/90 - 7.861s
31: Epoch 81/90 - 7.861s
17: Epoch 81/90 - 7.861s
04: Epoch 81/90 - 7.861s
03: Epoch 81/90 - 7.861s
19: Epoch 81/90 - 7.861s
29: Epoch 81/90 - 7.861s
22: Epoch 81/90 - 7.861s
13: Epoch 81/90 - 7.861s
20: Epoch 81/90 - 7.861s
14: Epoch 81/90 - 7.861s
27: Epoch 81/90 - 7.861s
25: Epoch 81/90 - 7.861s
06: Epoch 81/90 - 7.861s
09: Epoch 81/90 - 7.861s
05: Epoch 81/90 - 7.861s
23: Epoch 81/90 - 7.861s
15: Epoch 81/90 - 7.861s
07: Epoch 81/90 - 7.861s
06: 
00: Epoch 81/90 - 7.861s
01: Epoch 82/90 - 7.930s
18: Epoch 82/90 - 7.930s
20: Epoch 82/90 - 7.930s
07: Epoch 82/90 - 7.930s
10: Epoch 82/90 - 7.930s
08: Epoch 82/90 - 7.930s
30: Epoch 82/90 - 7.930s
16: Epoch 82/90 - 7.930s
04: Epoch 82/90 - 7.930s
02: Epoch 82/90 - 7.930s
28: Epoch 82/90 - 7.930s
22: Epoch 82/90 - 7.930s
12: Epoch 82/90 - 7.930s
14: Epoch 82/90 - 7.930s
26: Epoch 82/90 - 7.930s
24: Epoch 82/90 - 7.930s
07: 
11: Epoch 82/90 - 7.930s
09: Epoch 82/90 - 7.930s
31: Epoch 82/90 - 7.930s
17: Epoch 82/90 - 7.930s
05: Epoch 82/90 - 7.930s
03: Epoch 82/90 - 7.930s
19: Epoch 82/90 - 7.930s
29: Epoch 82/90 - 7.930s
23: Epoch 82/90 - 7.930s
13: Epoch 82/90 - 7.930s
21: Epoch 82/90 - 7.930s
15: Epoch 82/90 - 7.930s
27: Epoch 82/90 - 7.930s
25: Epoch 82/90 - 7.930s
06: Epoch 82/90 - 7.931s
00: Epoch 82/90 - 7.930s
06: 
01: Epoch 83/90 - 7.950s
10: Epoch 83/90 - 7.950s
18: Epoch 83/90 - 7.950s
28: Epoch 83/90 - 7.950s
09: Epoch 83/90 - 7.950s
30: Epoch 83/90 - 7.950s
16: Epoch 83/90 - 7.950s
04: Epoch 83/90 - 7.950s
02: Epoch 83/90 - 7.950s
22: Epoch 83/90 - 7.950s
12: Epoch 83/90 - 7.950s
20: Epoch 83/90 - 7.950s
14: Epoch 83/90 - 7.950s
26: Epoch 83/90 - 7.950s
24: Epoch 83/90 - 7.950s
06: Epoch 83/90 - 7.949s
11: Epoch 83/90 - 7.950s
08: Epoch 83/90 - 7.950s
31: Epoch 83/90 - 7.950s
17: Epoch 83/90 - 7.950s
05: Epoch 83/90 - 7.950s
03: Epoch 83/90 - 7.950s
19: Epoch 83/90 - 7.950s
29: Epoch 83/90 - 7.950s
23: Epoch 83/90 - 7.950s
13: Epoch 83/90 - 7.950s
21: Epoch 83/90 - 7.950s
15: Epoch 83/90 - 7.950s
27: Epoch 83/90 - 7.950s
25: Epoch 83/90 - 7.950s
07: Epoch 83/90 - 7.950s
07: 
00: Epoch 83/90 - 7.950s
01: Epoch 84/90 - 7.849s
18: Epoch 84/90 - 7.849s
12: Epoch 84/90 - 7.849s
06: Epoch 84/90 - 7.850s
10: Epoch 84/90 - 7.849s
08: Epoch 84/90 - 7.849s
30: Epoch 84/90 - 7.849s
16: Epoch 84/90 - 7.849s
04: Epoch 84/90 - 7.849s
02: Epoch 84/90 - 7.849s
19: Epoch 84/90 - 7.849s
28: Epoch 84/90 - 7.849s
22: Epoch 84/90 - 7.849s
13: Epoch 84/90 - 7.849s
20: Epoch 84/90 - 7.849s
14: Epoch 84/90 - 7.849s
26: Epoch 84/90 - 7.849s
24: Epoch 84/90 - 7.849s
06: 
11: Epoch 84/90 - 7.849s
09: Epoch 84/90 - 7.849s
31: Epoch 84/90 - 7.849s
17: Epoch 84/90 - 7.849s
05: Epoch 84/90 - 7.849s
03: Epoch 84/90 - 7.849s
29: Epoch 84/90 - 7.849s
23: Epoch 84/90 - 7.849s
21: Epoch 84/90 - 7.849s
15: Epoch 84/90 - 7.849s
27: Epoch 84/90 - 7.849s
25: Epoch 84/90 - 7.849s
00: Epoch 84/90 - 7.850s
07: Epoch 84/90 - 7.857s
07: 
01: Epoch 85/90 - 7.839s
10: Epoch 85/90 - 7.839s
30: Epoch 85/90 - 7.839s
18: Epoch 85/90 - 7.839s
12: Epoch 85/90 - 7.839s
20: Epoch 85/90 - 7.839s
24: Epoch 85/90 - 7.839s
06: Epoch 85/90 - 7.839s
11: Epoch 85/90 - 7.839s
08: Epoch 85/90 - 7.839s
31: Epoch 85/90 - 7.839s
16: Epoch 85/90 - 7.839s
04: Epoch 85/90 - 7.839s
02: Epoch 85/90 - 7.839s
19: Epoch 85/90 - 7.839s
28: Epoch 85/90 - 7.839s
22: Epoch 85/90 - 7.839s
13: Epoch 85/90 - 7.839s
21: Epoch 85/90 - 7.839s
14: Epoch 85/90 - 7.839s
26: Epoch 85/90 - 7.839s
25: Epoch 85/90 - 7.839s
07: Epoch 85/90 - 7.832s
09: Epoch 85/90 - 7.839s
17: Epoch 85/90 - 7.839s
05: Epoch 85/90 - 7.839s
03: Epoch 85/90 - 7.839s
29: Epoch 85/90 - 7.839s
23: Epoch 85/90 - 7.839s
15: Epoch 85/90 - 7.839s
27: Epoch 85/90 - 7.839s
06: 
00: Epoch 85/90 - 7.839s
01: Epoch 86/90 - 7.931s
30: Epoch 86/90 - 7.931s
18: Epoch 86/90 - 7.931s
06: Epoch 86/90 - 7.931s
10: Epoch 86/90 - 7.931s
08: Epoch 86/90 - 7.931s
16: Epoch 86/90 - 7.931s
04: Epoch 86/90 - 7.931s
02: Epoch 86/90 - 7.931s
19: Epoch 86/90 - 7.931s
28: Epoch 86/90 - 7.931s
22: Epoch 86/90 - 7.931s
12: Epoch 86/90 - 7.931s
20: Epoch 86/90 - 7.931s
14: Epoch 86/90 - 7.931s
26: Epoch 86/90 - 7.931s
24: Epoch 86/90 - 7.931s
07: Epoch 86/90 - 7.931s
11: Epoch 86/90 - 7.931s
09: Epoch 86/90 - 7.931s
31: Epoch 86/90 - 7.931s
17: Epoch 86/90 - 7.931s
05: Epoch 86/90 - 7.931s
03: Epoch 86/90 - 7.931s
29: Epoch 86/90 - 7.931s
23: Epoch 86/90 - 7.931s
13: Epoch 86/90 - 7.931s
21: Epoch 86/90 - 7.931s
15: Epoch 86/90 - 7.931s
27: Epoch 86/90 - 7.931s
25: Epoch 86/90 - 7.931s
06: 
00: Epoch 86/90 - 7.931s
01: Epoch 87/90 - 7.702s
28: Epoch 87/90 - 7.702s
14: Epoch 87/90 - 7.702s
06: Epoch 87/90 - 7.702s
10: Epoch 87/90 - 7.702s
08: Epoch 87/90 - 7.702s
30: Epoch 87/90 - 7.702s
16: Epoch 87/90 - 7.702s
04: Epoch 87/90 - 7.702s
02: Epoch 87/90 - 7.702s
18: Epoch 87/90 - 7.702s
29: Epoch 87/90 - 7.702s
22: Epoch 87/90 - 7.702s
12: Epoch 87/90 - 7.702s
20: Epoch 87/90 - 7.702s
26: Epoch 87/90 - 7.702s
24: Epoch 87/90 - 7.702s
07: Epoch 87/90 - 7.702s
11: Epoch 87/90 - 7.702s
09: Epoch 87/90 - 7.702s
31: Epoch 87/90 - 7.702s
17: Epoch 87/90 - 7.702s
05: Epoch 87/90 - 7.702s
03: Epoch 87/90 - 7.702s
19: Epoch 87/90 - 7.702s
23: Epoch 87/90 - 7.702s
13: Epoch 87/90 - 7.702s
21: Epoch 87/90 - 7.702s
15: Epoch 87/90 - 7.702s
27: Epoch 87/90 - 7.702s
25: Epoch 87/90 - 7.702s
07: 
00: Epoch 87/90 - 7.702s
10: Epoch 88/90 - 7.652s
30: Epoch 88/90 - 7.652s
18: Epoch 88/90 - 7.652s
20: Epoch 88/90 - 7.652s
24: Epoch 88/90 - 7.652s
06: Epoch 88/90 - 7.652s
01: Epoch 88/90 - 7.652s
11: Epoch 88/90 - 7.652s
08: Epoch 88/90 - 7.652s
31: Epoch 88/90 - 7.652s
16: Epoch 88/90 - 7.652s
04: Epoch 88/90 - 7.652s
02: Epoch 88/90 - 7.652s
19: Epoch 88/90 - 7.652s
28: Epoch 88/90 - 7.652s
22: Epoch 88/90 - 7.652s
12: Epoch 88/90 - 7.652s
21: Epoch 88/90 - 7.652s
14: Epoch 88/90 - 7.652s
26: Epoch 88/90 - 7.652s
25: Epoch 88/90 - 7.652s
07: Epoch 88/90 - 7.652s
09: Epoch 88/90 - 7.652s
17: Epoch 88/90 - 7.652s
05: Epoch 88/90 - 7.652s
03: Epoch 88/90 - 7.652s
29: Epoch 88/90 - 7.652s
23: Epoch 88/90 - 7.652s
13: Epoch 88/90 - 7.652s
15: Epoch 88/90 - 7.652s
27: Epoch 88/90 - 7.652s
07: 
00: Epoch 88/90 - 7.652s
01: Epoch 89/90 - 8.015s
01: Steps per epoch: 1
01: Validation steps per epoch: 5
04: Epoch 89/90 - 8.015s
04: Steps per epoch: 1
04: Validation steps per epoch: 5
12: Epoch 89/90 - 8.015s
12: Steps per epoch: 1
12: Validation steps per epoch: 5
20: Epoch 89/90 - 8.015s
20: Steps per epoch: 1
24: Epoch 89/90 - 8.015s
24: Steps per epoch: 1
06: Epoch 89/90 - 8.015s
10: Epoch 89/90 - 8.015s
10: Steps per epoch: 1
10: Validation steps per epoch: 5
08: Epoch 89/90 - 8.015s
08: Steps per epoch: 1
08: Validation steps per epoch: 5
30: Epoch 89/90 - 8.015s
30: Steps per epoch: 1
30: Validation steps per epoch: 5
16: Epoch 89/90 - 8.015s
16: Steps per epoch: 1
16: Validation steps per epoch: 5
05: Epoch 89/90 - 8.015s
05: Steps per epoch: 1
05: Validation steps per epoch: 5
02: Epoch 89/90 - 8.015s
02: Steps per epoch: 1
02: Validation steps per epoch: 5
18: Epoch 89/90 - 8.015s
18: Steps per epoch: 1
18: Validation steps per epoch: 5
28: Epoch 89/90 - 8.015s
28: Steps per epoch: 1
28: Validation steps per epoch: 5
22: Epoch 89/90 - 8.015s
22: Steps per epoch: 1
22: Validation steps per epoch: 5
13: Epoch 89/90 - 8.015s
13: Steps per epoch: 1
13: Validation steps per epoch: 5
21: Epoch 89/90 - 8.015s
21: Steps per epoch: 1
21: Validation steps per epoch: 5
14: Epoch 89/90 - 8.015s
14: Steps per epoch: 1
14: Validation steps per epoch: 5
26: Epoch 89/90 - 8.015s
26: Steps per epoch: 1
26: Validation steps per epoch: 5
25: Epoch 89/90 - 8.015s
25: Steps per epoch: 1
25: Validation steps per epoch: 5
07: Epoch 89/90 - 8.015s
07: Steps per epoch: 1
01: Average time per epoch: 8.289 s
11: Epoch 89/90 - 8.015s
11: Steps per epoch: 1
11: Validation steps per epoch: 5
09: Epoch 89/90 - 8.015s
09: Steps per epoch: 1
09: Validation steps per epoch: 5
31: Epoch 89/90 - 8.015s
31: Steps per epoch: 1
31: Validation steps per epoch: 5
17: Epoch 89/90 - 8.015s
17: Steps per epoch: 1
17: Validation steps per epoch: 5
05: Average time per epoch: 8.289 s
03: Epoch 89/90 - 8.015s
03: Steps per epoch: 1
03: Validation steps per epoch: 5
19: Epoch 89/90 - 8.015s
19: Steps per epoch: 1
19: Validation steps per epoch: 5
29: Epoch 89/90 - 8.015s
29: Steps per epoch: 1
29: Validation steps per epoch: 5
23: Epoch 89/90 - 8.015s
23: Steps per epoch: 1
23: Validation steps per epoch: 5
12: Average time per epoch: 8.288 s
20: Validation steps per epoch: 5
15: Epoch 89/90 - 8.015s
15: Steps per epoch: 1
15: Validation steps per epoch: 5
27: Epoch 89/90 - 8.015s
27: Steps per epoch: 1
27: Validation steps per epoch: 5
24: Validation steps per epoch: 5
07: Validation steps per epoch: 5
11: Average time per epoch: 8.288 s
08: Average time per epoch: 8.288 s
30: Average time per epoch: 8.288 s
16: 
04: Average time per epoch: 8.289 s
02: Average time per epoch: 8.289 s
19: Average time per epoch: 8.288 s
28: Average time per epoch: 8.288 s
22: Average time per epoch: 8.288 s
13: Average time per epoch: 8.288 s
20: Average time per epoch: 8.288 s
14: Average time per epoch: 8.288 s
26: Average time per epoch: 8.288 s
24: Average time per epoch: 8.288 s
06: 
10: Average time per epoch: 8.288 s
09: Average time per epoch: 8.288 s
31: Average time per epoch: 8.288 s
17: Average time per epoch: 8.288 s
04: --- 754.6819229125977 seconds ---
03: Average time per epoch: 8.289 s
18: Average time per epoch: 8.288 s
29: Average time per epoch: 8.288 s
23: Average time per epoch: 8.288 s
12: --- 754.7194769382477 seconds ---
21: Average time per epoch: 8.288 s
15: Average time per epoch: 8.288 s
27: Average time per epoch: 8.288 s
25: Average time per epoch: 8.288 s
06: Steps per epoch: 1
00: Epoch 89/90 - 8.016s
11: --- 751.6179876327515 seconds ---
09: --- 751.6295897960663 seconds ---
30: 
16: Average time per epoch: 8.288 s
05: --- 754.6819882392883 seconds ---
02: --- 751.6180613040924 seconds ---
18: --- 751.6182646751404 seconds ---
28: --- 751.629378080368 seconds ---
22: --- 751.6180214881897 seconds ---
13: --- 754.7190327644348 seconds ---
21: --- 751.6188480854034 seconds ---
14: --- 754.7189049720764 seconds ---
26: --- 751.6184613704681 seconds ---
24: --- 751.6182284355164 seconds ---
06: 
00: Steps per epoch: 1
10: --- 751.6201543807983 seconds ---
08: --- 751.6296982765198 seconds ---
30: --- 751.6178936958313 seconds ---
16: --- 751.6183404922485 seconds ---
03: --- 751.6182498931885 seconds ---
19: --- 751.6183633804321 seconds ---
29: --- 751.6294765472412 seconds ---
23: --- 751.6186032295227 seconds ---
20: --- 751.6186800003052 seconds ---
15: --- 754.7222104072571 seconds ---
27: --- 751.6184997558594 seconds ---
25: --- 751.6182179450989 seconds ---
07: Average time per epoch: 8.288 s
00: Validation steps per epoch: 5
31: --- 751.6179015636444 seconds ---
17: --- 751.6183047294617 seconds ---
06: Validation steps per epoch: 5
00: Average time per epoch: 8.289 s
06: 
01: --- 751.6184775829315 seconds ---
06: Average time per epoch: 8.288 s
00: --- 751.6192464828491 seconds ---
06: 
07: --- 754.6825459003448 seconds ---
06: --- 754.6805565357208 seconds ---
06: 
ELAPSED: 762 seconds
End at Mon Feb  8 04:35:55 EET 2021
