WORKERS: "gpu07-ib:5555"
Start at Sat Feb  6 20:45:50 EET 2021
CUDA_VISIBLE_DEVICES: 0
Running on hosts: gpu07
Running on 1 nodes.
Running 1 tasks per node
Job id is 1089973
0: Number of devices per node: 1
0: => creating model 'resnet50'
0: Epoch: [0][  0/782]	Time  2.968 ( 2.968)	Data  0.043 ( 0.043)	Loss 7.3363e+00 (7.3363e+00)	Acc@1   0.00 (  0.00)	Acc@5   0.00 (  0.00)
0: Epoch: [0][ 10/782]	Time  0.091 ( 0.353)	Data  0.017 ( 0.019)	Loss 2.6884e+00 (4.9751e+00)	Acc@1  10.94 (  6.68)	Acc@5  54.69 ( 31.68)
0: Epoch: [0][ 20/782]	Time  0.090 ( 0.230)	Data  0.017 ( 0.020)	Loss 2.4476e+00 (3.8548e+00)	Acc@1  17.19 (  8.93)	Acc@5  60.94 ( 41.22)
0: Epoch: [0][ 30/782]	Time  0.090 ( 0.186)	Data  0.017 ( 0.019)	Loss 2.5643e+00 (3.4378e+00)	Acc@1   9.38 (  9.58)	Acc@5  50.00 ( 45.21)
0: Epoch: [0][ 40/782]	Time  0.091 ( 0.163)	Data  0.017 ( 0.020)	Loss 2.4974e+00 (3.2159e+00)	Acc@1   9.38 ( 10.18)	Acc@5  53.12 ( 47.45)
0: Epoch: [0][ 50/782]	Time  0.090 ( 0.150)	Data  0.017 ( 0.020)	Loss 2.4837e+00 (3.0727e+00)	Acc@1  12.50 ( 10.60)	Acc@5  56.25 ( 49.20)
0: Epoch: [0][ 60/782]	Time  0.091 ( 0.141)	Data  0.017 ( 0.020)	Loss 2.4826e+00 (2.9736e+00)	Acc@1   7.81 ( 10.76)	Acc@5  59.38 ( 50.44)
0: Epoch: [0][ 70/782]	
0: Time  0.098 ( 0.134)	Data  0.017 ( 0.020)	Loss 2.5624e+00 (2.9001e+00)	Acc@1  10.94 ( 11.36)	Acc@5  46.88 ( 51.72)
0: Epoch: [0][ 80/782]	Time  0.093 ( 0.129)	Data  0.017 ( 0.020)	Loss 2.4436e+00 (2.8460e+00)	Acc@1  15.62 ( 11.94)	Acc@5  70.31 ( 53.11)
0: Epoch: [0][ 90/782]	Time  0.090 ( 0.125)	Data  0.017 ( 0.020)	Loss 2.3373e+00 (2.8031e+00)	Acc@1  25.00 ( 12.36)	Acc@5  68.75 ( 54.34)
0: Epoch: [0][100/782]	Time  0.091 ( 0.122)	Data  0.017 ( 0.020)	Loss 2.3005e+00 (2.7620e+00)	Acc@1  20.31 ( 13.09)	Acc@5  65.62 ( 55.68)
0: Epoch: [0][110/782]	Time  0.090 ( 0.120)	Data  0.017 ( 0.020)	Loss 2.3045e+00 (2.7272e+00)	Acc@1  18.75 ( 13.61)	Acc@5  71.88 ( 56.87)
0: Epoch: [0][120/782]	Time  0.096 ( 0.117)	Data  0.017 ( 0.020)	Loss 2.3015e+00 (2.6915e+00)	Acc@1  12.50 ( 13.89)	Acc@5  68.75 ( 57.88)
0: Epoch: [0][130/782]	Time  0.098 ( 0.116)	Data  0.017 ( 0.020)	Loss 2.1066e+00 (2.6561e+00)	Acc@1  18.75 ( 14.38)	Acc@5  78.12 ( 58.93)
0: Epoch: [0][140/782]	Time  0.090 ( 0.114)	Data  0.017 ( 0.020)	Loss 2.6654e+00 (2.6329e+00)	Acc@1  1
0: 8.75 ( 14.68)	Acc@5  68.75 ( 59.65)
0: Epoch: [0][150/782]	Time  0.090 ( 0.113)	Data  0.017 ( 0.020)	Loss 2.4039e+00 (2.6093e+00)	Acc@1  17.19 ( 15.11)	Acc@5  64.06 ( 60.43)
0: Epoch: [0][160/782]	Time  0.090 ( 0.112)	Data  0.017 ( 0.020)	Loss 2.2261e+00 (2.5898e+00)	Acc@1  26.56 ( 15.37)	Acc@5  71.88 ( 60.96)
0: Epoch: [0][170/782]	Time  0.091 ( 0.111)	Data  0.017 ( 0.020)	Loss 2.3019e+00 (2.5685e+00)	Acc@1  17.19 ( 15.73)	Acc@5  68.75 ( 61.60)
0: Epoch: [0][180/782]	Time  0.095 ( 0.110)	Data  0.017 ( 0.020)	Loss 2.1229e+00 (2.5462e+00)	Acc@1  28.12 ( 16.17)	Acc@5  73.44 ( 62.37)
0: Epoch: [0][190/782]	Time  0.090 ( 0.109)	Data  0.017 ( 0.020)	Loss 2.0499e+00 (2.5265e+00)	Acc@1  35.94 ( 16.64)	Acc@5  71.88 ( 63.12)
0: Epoch: [0][200/782]	Time  0.091 ( 0.108)	Data  0.017 ( 0.020)	Loss 1.9453e+00 (2.5101e+00)	Acc@1  28.12 ( 17.01)	Acc@5  79.69 ( 63.67)
0: Epoch: [0][210/782]	Time  0.090 ( 0.107)	Data  0.017 ( 0.020)	Loss 2.3202e+00 (2.4967e+00)	Acc@1  14.06 ( 17.25)	Acc@5  73.44 ( 64.14)
0: Epoch: [0][220/782]	Time  0.091 ( 0.107)	Da
0: ta  0.017 ( 0.020)	Loss 1.9699e+00 (2.4814e+00)	Acc@1  29.69 ( 17.62)	Acc@5  89.06 ( 64.73)
0: Epoch: [0][230/782]	Time  0.098 ( 0.106)	Data  0.017 ( 0.020)	Loss 2.3339e+00 (2.4668e+00)	Acc@1  20.31 ( 17.93)	Acc@5  68.75 ( 65.23)
0: Epoch: [0][240/782]	Time  0.091 ( 0.106)	Data  0.017 ( 0.020)	Loss 2.1115e+00 (2.4543e+00)	Acc@1  26.56 ( 18.24)	Acc@5  75.00 ( 65.71)
0: Epoch: [0][250/782]	Time  0.090 ( 0.105)	Data  0.017 ( 0.020)	Loss 2.2165e+00 (2.4459e+00)	Acc@1  23.44 ( 18.52)	Acc@5  78.12 ( 66.10)
0: Epoch: [0][260/782]	Time  0.090 ( 0.105)	Data  0.017 ( 0.020)	Loss 2.1439e+00 (2.4324e+00)	Acc@1  25.00 ( 18.83)	Acc@5  81.25 ( 66.57)
0: Epoch: [0][270/782]	Time  0.090 ( 0.104)	Data  0.017 ( 0.020)	Loss 2.0761e+00 (2.4242e+00)	Acc@1  28.12 ( 18.99)	Acc@5  75.00 ( 66.91)
0: Epoch: [0][280/782]	Time  0.097 ( 0.104)	Data  0.017 ( 0.020)	Loss 2.2810e+00 (2.4146e+00)	Acc@1  21.88 ( 19.17)	Acc@5  68.75 ( 67.22)
0: Epoch: [0][290/782]	Time  0.093 ( 0.104)	Data  0.017 ( 0.020)	Loss 2.3192e+00 (2.4031e+00)	Acc@1  29.69 ( 19.48)	Acc@5  70
0: .31 ( 67.60)
0: Epoch: [0][300/782]	Time  0.091 ( 0.103)	Data  0.017 ( 0.020)	Loss 2.1403e+00 (2.3919e+00)	Acc@1  10.94 ( 19.76)	Acc@5  73.44 ( 68.00)
0: Epoch: [0][310/782]	Time  0.090 ( 0.103)	Data  0.017 ( 0.020)	Loss 1.9390e+00 (2.3830e+00)	Acc@1  25.00 ( 19.93)	Acc@5  79.69 ( 68.28)
0: Epoch: [0][320/782]	Time  0.090 ( 0.103)	Data  0.017 ( 0.020)	Loss 1.9457e+00 (2.3731e+00)	Acc@1  37.50 ( 20.16)	Acc@5  82.81 ( 68.62)
0: Epoch: [0][330/782]	Time  0.090 ( 0.102)	Data  0.017 ( 0.020)	Loss 2.1101e+00 (2.3656e+00)	Acc@1  25.00 ( 20.33)	Acc@5  81.25 ( 68.83)
0: Epoch: [0][340/782]	Time  0.090 ( 0.102)	Data  0.017 ( 0.020)	Loss 2.2149e+00 (2.3563e+00)	Acc@1  35.94 ( 20.60)	Acc@5  67.19 ( 69.08)
0: Epoch: [0][350/782]	Time  0.091 ( 0.102)	Data  0.017 ( 0.020)	Loss 1.9856e+00 (2.3470e+00)	Acc@1  23.44 ( 20.87)	Acc@5  73.44 ( 69.32)
0: Epoch: [0][360/782]	Time  0.091 ( 0.102)	Data  0.017 ( 0.020)	Loss 2.3141e+00 (2.3404e+00)	Acc@1  15.62 ( 21.02)	Acc@5  71.88 ( 69.54)
0: Epoch: [0][370/782]	Time  0.090 ( 0.101)	Data  0.017 ( 0.020)	Loss
0:  2.1264e+00 (2.3328e+00)	Acc@1  26.56 ( 21.19)	Acc@5  79.69 ( 69.82)
0: Epoch: [0][380/782]	Time  0.090 ( 0.101)	Data  0.017 ( 0.020)	Loss 2.0885e+00 (2.3243e+00)	Acc@1  28.12 ( 21.42)	Acc@5  79.69 ( 70.09)
0: Epoch: [0][390/782]	Time  0.091 ( 0.101)	Data  0.017 ( 0.020)	Loss 2.0556e+00 (2.3172e+00)	Acc@1  32.81 ( 21.59)	Acc@5  81.25 ( 70.37)
0: Epoch: [0][400/782]	Time  0.096 ( 0.101)	Data  0.017 ( 0.020)	Loss 1.9413e+00 (2.3121e+00)	Acc@1  37.50 ( 21.73)	Acc@5  81.25 ( 70.55)
0: Epoch: [0][410/782]	Time  0.091 ( 0.101)	Data  0.017 ( 0.020)	Loss 1.7974e+00 (2.3046e+00)	Acc@1  37.50 ( 21.94)	Acc@5  87.50 ( 70.86)
0: Epoch: [0][420/782]	Time  0.090 ( 0.101)	Data  0.017 ( 0.020)	Loss 1.9231e+00 (2.2973e+00)	Acc@1  26.56 ( 22.15)	Acc@5  85.94 ( 71.10)
0: Epoch: [0][430/782]	Time  0.091 ( 0.100)	Data  0.017 ( 0.020)	Loss 2.0444e+00 (2.2894e+00)	Acc@1  25.00 ( 22.37)	Acc@5  82.81 ( 71.37)
0: Epoch: [0][440/782]	Time  0.091 ( 0.100)	Data  0.017 ( 0.020)	Loss 2.2989e+00 (2.2825e+00)	Acc@1  20.31 ( 22.49)	Acc@5  73.44 ( 71.59)
0: Epoch: [0]
0: [450/782]	Time  0.091 ( 0.100)	Data  0.017 ( 0.020)	Loss 1.8385e+00 (2.2764e+00)	Acc@1  34.38 ( 22.64)	Acc@5  82.81 ( 71.77)
0: Epoch: [0][460/782]	Time  0.098 ( 0.100)	Data  0.017 ( 0.020)	Loss 2.0539e+00 (2.2716e+00)	Acc@1  21.88 ( 22.74)	Acc@5  87.50 ( 72.01)
0: Epoch: [0][470/782]	Time  0.098 ( 0.100)	Data  0.017 ( 0.020)	Loss 1.9935e+00 (2.2664e+00)	Acc@1  34.38 ( 22.92)	Acc@5  82.81 ( 72.21)
0: Epoch: [0][480/782]	Time  0.091 ( 0.100)	Data  0.017 ( 0.020)	Loss 2.0928e+00 (2.2628e+00)	Acc@1  25.00 ( 23.04)	Acc@5  79.69 ( 72.37)
0: Epoch: [0][490/782]	Time  0.090 ( 0.100)	Data  0.017 ( 0.020)	Loss 2.0255e+00 (2.2567e+00)	Acc@1  34.38 ( 23.22)	Acc@5  81.25 ( 72.57)
0: Epoch: [0][500/782]	Time  0.090 ( 0.100)	Data  0.017 ( 0.020)	Loss 2.0177e+00 (2.2501e+00)	Acc@1  32.81 ( 23.43)	Acc@5  78.12 ( 72.78)
0: Epoch: [0][510/782]	Time  0.098 ( 0.099)	Data  0.017 ( 0.020)	Loss 2.0388e+00 (2.2439e+00)	Acc@1  25.00 ( 23.60)	Acc@5  92.19 ( 72.98)
0: Epoch: [0][520/782]	Time  0.090 ( 0.099)	Data  0.017 ( 0.020)	Loss 1.7968e+00 (2.2378e+00
0: )	Acc@1  35.94 ( 23.76)	Acc@5  89.06 ( 73.15)
0: Epoch: [0][530/782]	Time  0.090 ( 0.099)	Data  0.017 ( 0.020)	Loss 2.0211e+00 (2.2328e+00)	Acc@1  31.25 ( 23.88)	Acc@5  81.25 ( 73.33)
0: Epoch: [0][540/782]	Time  0.090 ( 0.099)	Data  0.017 ( 0.020)	Loss 2.0358e+00 (2.2289e+00)	Acc@1  25.00 ( 23.98)	Acc@5  82.81 ( 73.53)
0: Epoch: [0][550/782]	Time  0.091 ( 0.099)	Data  0.017 ( 0.020)	Loss 1.9970e+00 (2.2229e+00)	Acc@1  34.38 ( 24.12)	Acc@5  81.25 ( 73.72)
0: Epoch: [0][560/782]	Time  0.098 ( 0.099)	Data  0.017 ( 0.020)	Loss 2.0976e+00 (2.2178e+00)	Acc@1  21.88 ( 24.29)	Acc@5  82.81 ( 73.90)
0: Epoch: [0][570/782]	Time  0.093 ( 0.099)	Data  0.017 ( 0.020)	Loss 1.8939e+00 (2.2115e+00)	Acc@1  31.25 ( 24.44)	Acc@5  84.38 ( 74.09)
0: Epoch: [0][580/782]	Time  0.091 ( 0.099)	Data  0.017 ( 0.020)	Loss 1.8300e+00 (2.2063e+00)	Acc@1  34.38 ( 24.59)	Acc@5  82.81 ( 74.24)
0: Epoch: [0][590/782]	Time  0.090 ( 0.099)	Data  0.017 ( 0.020)	Loss 1.6818e+00 (2.2008e+00)	Acc@1  35.94 ( 24.71)	Acc@5  92.19 ( 74.44)
0: Epoch: [0][600/782]	Time  0.091 (
0:  0.099)	Data  0.017 ( 0.020)	Loss 2.2069e+00 (2.1965e+00)	Acc@1  34.38 ( 24.80)	Acc@5  78.12 ( 74.59)
0: 
0: Epoch: [0][610/782]	Time  0.095 ( 0.098)	Data  0.017 ( 0.020)	Loss 1.8630e+00 (2.1927e+00)	Acc@1  34.38 ( 24.92)	Acc@5  85.94 ( 74.71)
0: Epoch: [0][620/782]	Time  0.098 ( 0.098)	Data  0.017 ( 0.020)	Loss 2.0892e+00 (2.1896e+00)	Acc@1  21.88 ( 25.00)	Acc@5  87.50 ( 74.81)
0: Epoch: [0][630/782]	Time  0.096 ( 0.098)	Data  0.017 ( 0.020)	Loss 2.1515e+00 (2.1861e+00)	Acc@1  39.06 ( 25.09)	Acc@5  84.38 ( 74.96)
0: Epoch: [0][640/782]	Time  0.091 ( 0.098)	Data  0.017 ( 0.020)	Loss 1.8361e+00 (2.1818e+00)	Acc@1  28.12 ( 25.24)	Acc@5  82.81 ( 75.11)
0: Epoch: [0][650/782]	Time  0.095 ( 0.098)	Data  0.017 ( 0.020)	Loss 1.8279e+00 (2.1787e+00)	Acc@1  28.12 ( 25.27)	Acc@5  89.06 ( 75.24)
0: Epoch: [0][660/782]	Time  0.093 ( 0.098)	Data  0.017 ( 0.020)	Loss 2.1120e+00 (2.1747e+00)	Acc@1  37.50 ( 25.41)	Acc@5  82.81 ( 75.39)
0: Epoch: [0][670/782]	Time  0.090 ( 0.098)	Data  0.017 ( 0.020)	Loss 1.8138e+00 (2.1716e+00)	Acc@1  34.38 ( 25.55)	Acc@5  87.50 ( 75.52)
0: Epoch: [0][680/782]	Time  0.090 ( 0.098)	Data  0.017 ( 0.020)	Loss 1.8866e+00 
0: (2.1675e+00)	Acc@1  37.50 ( 25.68)	Acc@5  81.25 ( 75.67)
0: Epoch: [0][690/782]	Time  0.095 ( 0.098)	Data  0.017 ( 0.020)	Loss 2.0643e+00 (2.1635e+00)	Acc@1  28.12 ( 25.83)	Acc@5  84.38 ( 75.80)
0: Epoch: [0][700/782]	Time  0.090 ( 0.098)	Data  0.017 ( 0.020)	Loss 1.9078e+00 (2.1595e+00)	Acc@1  32.81 ( 25.95)	Acc@5  82.81 ( 75.91)
0: Epoch: [0][710/782]	Time  0.091 ( 0.098)	Data  0.017 ( 0.020)	Loss 1.7872e+00 (2.1566e+00)	Acc@1  31.25 ( 26.00)	Acc@5  84.38 ( 76.02)
0: Epoch: [0][720/782]	Time  0.094 ( 0.098)	Data  0.017 ( 0.020)	Loss 1.8345e+00 (2.1518e+00)	Acc@1  35.94 ( 26.14)	Acc@5  90.62 ( 76.17)
0: Epoch: [0][730/782]	Time  0.091 ( 0.098)	Data  0.017 ( 0.020)	Loss 1.7649e+00 (2.1468e+00)	Acc@1  39.06 ( 26.27)	Acc@5  78.12 ( 76.29)
0: Epoch: [0][740/782]	Time  0.090 ( 0.098)	Data  0.017 ( 0.020)	Loss 2.0911e+00 (2.1442e+00)	Acc@1  28.12 ( 26.32)	Acc@5  75.00 ( 76.37)
0: Epoch: [0][750/782]	Time  0.091 ( 0.098)	Data  0.017 ( 0.020)	Loss 1.7714e+00 (2.1407e+00)	Acc@1  42.19 ( 26.43)	Acc@5  90.62 ( 76.48)
0: Epoch: [0][760/782]	Ti
0: me  0.091 ( 0.098)	Data  0.017 ( 0.020)	Loss 1.8183e+00 (2.1370e+00)	Acc@1  28.12 ( 26.54)	Acc@5  87.50 ( 76.60)
0: Epoch: [0][770/782]	Time  0.091 ( 0.098)	Data  0.017 ( 0.020)	Loss 1.9057e+00 (2.1329e+00)	Acc@1  34.38 ( 26.68)	Acc@5  82.81 ( 76.70)
0: Epoch: [0][780/782]	Time  0.098 ( 0.098)	Data  0.017 ( 0.020)	Loss 2.1113e+00 (2.1298e+00)	Acc@1  29.69 ( 26.77)	Acc@5  85.94 ( 76.81)
0: Test: [  0/157]	Time  0.044 ( 0.044)	Loss 1.9319e+00 (1.9319e+00)	Acc@1  39.06 ( 39.06)	Acc@5  84.38 ( 84.38)
0: Test: [ 10/157]	Time  0.044 ( 0.044)	Loss 1.7825e+00 (1.9348e+00)	Acc@1  29.69 ( 35.23)	Acc@5  85.94 ( 85.94)
0: Test: [ 20/157]	Time  0.044 ( 0.044)	Loss 1.9093e+00 (1.8941e+00)	Acc@1  31.25 ( 35.79)	Acc@5  85.94 ( 84.97)
0: Test: [ 30/157]	Time  0.044 ( 0.044)	Loss 1.8655e+00 (1.8780e+00)	Acc@1  37.50 ( 36.24)	Acc@5  84.38 ( 85.03)
0: Test: [ 40/157]	Time  0.044 ( 0.044)	Loss 1.9429e+00 (1.8662e+00)	Acc@1  23.44 ( 35.86)	Acc@5  82.81 ( 85.14)
0: Test: [ 50/157]	Time  0.044 ( 0.044)	Loss 1.8840e+00 (1.8628e+00)	Acc@1  31.25 ( 36.06)	Acc
0: @5  89.06 ( 85.32)
0: Test: [ 60/157]	Time  0.044 ( 0.044)	Loss 1.8672e+00 (1.8682e+00)	Acc@1  37.50 ( 35.78)	Acc@5  84.38 ( 85.17)
0: Test: [ 70/157]	Time  0.044 ( 0.044)	Loss 1.6069e+00 (1.8628e+00)	Acc@1  40.62 ( 35.81)	Acc@5  89.06 ( 85.45)
0: Test: [ 80/157]	Time  0.044 ( 0.044)	Loss 1.6329e+00 (1.8578e+00)	Acc@1  43.75 ( 35.86)	Acc@5  92.19 ( 85.71)
0: Test: [ 90/157]	Time  0.044 ( 0.044)	Loss 1.8089e+00 (1.8675e+00)	Acc@1  31.25 ( 35.47)	Acc@5  85.94 ( 85.49)
0: Test: [100/157]	Time  0.044 ( 0.044)	Loss 2.0373e+00 (1.8687e+00)	Acc@1  31.25 ( 35.38)	Acc@5  82.81 ( 85.75)
0: Test: [110/157]	Time  0.044 ( 0.044)	Loss 1.8342e+00 (1.8693e+00)	Acc@1  48.44 ( 35.29)	Acc@5  89.06 ( 85.73)
0: Test: [120/157]	Time  0.044 ( 0.044)	Loss 1.7302e+00 (1.8719e+00)	Acc@1  43.75 ( 35.38)	Acc@5  84.38 ( 85.63)
0: Test: [130/157]	Time  0.044 ( 0.044)	Loss 1.7606e+00 (1.8757e+00)	Acc@1  45.31 ( 35.29)	Acc@5  84.38 ( 85.53)
0: Test: [140/157]	Time  0.044 ( 0.044)	Loss 1.9837e+00 (1.8789e+00)	Acc@1  32.81 ( 35.20)	Acc@5  89.06 ( 85.52)
0: Test: [150/157]
0: 	Time  0.044 ( 0.044)	Loss 1.6783e+00 (1.8720e+00)	Acc@1  42.19 ( 35.33)	Acc@5  89.06 ( 85.63)
0:  * Acc@1 35.150 Acc@5 85.760
0: Epoch 0/1 - 83.967s
0: Steps per epoch: 782
0: Validation steps per epoch: 157
0: Average time per epoch: 83.967 s
0: --- 87.07082176208496 seconds ---
ELAPSED: 93 seconds
End at Sat Feb  6 20:47:23 EET 2021
