WORKERS: "gpu07-ib:5555"
Start at Sat Feb  6 20:45:52 EET 2021
CUDA_VISIBLE_DEVICES: 1
Running on hosts: gpu07
Running on 1 nodes.
Running 1 tasks per node
Job id is 1089974
0: Number of devices per node: 1
0: => creating model 'resnet50'
0: Epoch: [0][  0/391]	Time  3.896 ( 3.896)	Data  0.044 ( 0.044)	Loss 7.3246e+00 (7.3246e+00)	Acc@1   0.00 (  0.00)	Acc@5   0.00 (  0.00)
0: Epoch: [0][ 10/391]	Time  0.149 ( 0.485)	Data  0.035 ( 0.036)	Loss 2.9362e+00 (4.8912e+00)	Acc@1   9.38 (  7.03)	Acc@5  53.12 ( 30.18)
0: Epoch: [0][ 20/391]	Time  0.142 ( 0.324)	Data  0.035 ( 0.039)	Loss 2.6361e+00 (3.8035e+00)	Acc@1   6.25 (  8.15)	Acc@5  47.66 ( 40.66)
0: Epoch: [0][ 30/391]	Time  0.149 ( 0.268)	Data  0.036 ( 0.039)	Loss 2.5282e+00 (3.3781e+00)	Acc@1   8.59 (  9.27)	Acc@5  45.31 ( 44.91)
0: Epoch: [0][ 40/391]	Time  0.144 ( 0.239)	Data  0.035 ( 0.040)	Loss 2.4337e+00 (3.1481e+00)	Acc@1  13.28 ( 10.27)	Acc@5  56.25 ( 47.52)
0: Epoch: [0][ 50/391]	Time  0.142 ( 0.221)	Data  0.037 ( 0.040)	Loss 2.3443e+00 (2.9922e+00)	Acc@1  17.19 ( 11.08)	Acc@5  61.72 ( 49.92)
0: Epoch: [0][ 60/391]	Time  0.143 ( 0.209)	Data  0.035 ( 0.040)	Loss 2.3606e+00 (2.8912e+00)	Acc@1  13.28 ( 11.71)	Acc@5  65.62 ( 51.66)
0: Epoch: [0][ 70/391]	
0: Time  0.148 ( 0.201)	Data  0.035 ( 0.041)	Loss 2.3279e+00 (2.8081e+00)	Acc@1  14.84 ( 12.47)	Acc@5  63.28 ( 53.17)
0: Epoch: [0][ 80/391]	Time  0.149 ( 0.194)	Data  0.035 ( 0.041)	Loss 2.2169e+00 (2.7418e+00)	Acc@1  17.97 ( 12.97)	Acc@5  74.22 ( 54.87)
0: Epoch: [0][ 90/391]	Time  0.142 ( 0.189)	Data  0.035 ( 0.041)	Loss 2.1836e+00 (2.6817e+00)	Acc@1  20.31 ( 13.78)	Acc@5  67.97 ( 56.43)
0: Epoch: [0][100/391]	Time  0.148 ( 0.185)	Data  0.035 ( 0.041)	Loss 2.1340e+00 (2.6299e+00)	Acc@1  24.22 ( 14.58)	Acc@5  72.66 ( 57.85)
0: Epoch: [0][110/391]	Time  0.149 ( 0.182)	Data  0.035 ( 0.041)	Loss 2.1888e+00 (2.5913e+00)	Acc@1  19.53 ( 14.98)	Acc@5  71.09 ( 59.21)
0: Epoch: [0][120/391]	Time  0.143 ( 0.179)	Data  0.035 ( 0.041)	Loss 2.2583e+00 (2.5565e+00)	Acc@1  21.88 ( 15.59)	Acc@5  66.41 ( 60.18)
0: Epoch: [0][130/391]	Time  0.149 ( 0.177)	Data  0.035 ( 0.041)	Loss 2.1366e+00 (2.5249e+00)	Acc@1  22.66 ( 16.12)	Acc@5  75.00 ( 61.28)
0: Epoch: [0][140/391]	Time  0.144 ( 0.175)	Data  0.035 ( 0.041)	Loss 2.1779e+00 (2.4980e+00)	Acc@1  2
0: 4.22 ( 16.56)	Acc@5  71.09 ( 62.22)
0: Epoch: [0][150/391]	Time  0.142 ( 0.173)	Data  0.035 ( 0.041)	Loss 2.1805e+00 (2.4725e+00)	Acc@1  20.31 ( 17.00)	Acc@5  71.88 ( 63.08)
0: Epoch: [0][160/391]	Time  0.148 ( 0.172)	Data  0.036 ( 0.041)	Loss 1.9171e+00 (2.4457e+00)	Acc@1  30.47 ( 17.48)	Acc@5  80.47 ( 63.94)
0: Epoch: [0][170/391]	Time  0.145 ( 0.170)	Data  0.036 ( 0.041)	Loss 2.0430e+00 (2.4238e+00)	Acc@1  24.22 ( 17.85)	Acc@5  75.78 ( 64.69)
0: Epoch: [0][180/391]	Time  0.143 ( 0.169)	Data  0.036 ( 0.041)	Loss 2.0420e+00 (2.4025e+00)	Acc@1  28.12 ( 18.33)	Acc@5  77.34 ( 65.45)
0: Epoch: [0][190/391]	Time  0.147 ( 0.168)	Data  0.036 ( 0.041)	Loss 1.9629e+00 (2.3842e+00)	Acc@1  27.34 ( 18.64)	Acc@5  80.47 ( 66.14)
0: Epoch: [0][200/391]	Time  0.148 ( 0.167)	Data  0.036 ( 0.041)	Loss 2.0841e+00 (2.3666e+00)	Acc@1  23.44 ( 19.01)	Acc@5  78.91 ( 66.75)
0: Epoch: [0][210/391]	Time  0.149 ( 0.166)	Data  0.036 ( 0.041)	Loss 1.9913e+00 (2.3489e+00)	Acc@1  28.91 ( 19.41)	Acc@5  82.81 ( 67.34)
0: Epoch: [0][220/391]	Time  0.145 ( 0.165)	Da
0: ta  0.036 ( 0.041)	Loss 2.1381e+00 (2.3330e+00)	Acc@1  27.34 ( 19.86)	Acc@5  78.12 ( 67.92)
0: Epoch: [0][230/391]	Time  0.147 ( 0.165)	Data  0.038 ( 0.041)	Loss 2.2240e+00 (2.3204e+00)	Acc@1  20.31 ( 20.20)	Acc@5  76.56 ( 68.37)
0: Epoch: [0][240/391]	Time  0.142 ( 0.164)	Data  0.038 ( 0.042)	Loss 2.0333e+00 (2.3074e+00)	Acc@1  25.78 ( 20.47)	Acc@5  75.78 ( 68.85)
0: Epoch: [0][250/391]	Time  0.146 ( 0.163)	Data  0.039 ( 0.042)	Loss 1.9457e+00 (2.2961e+00)	Acc@1  33.59 ( 20.77)	Acc@5  77.34 ( 69.31)
0: Epoch: [0][260/391]	Time  0.151 ( 0.163)	Data  0.038 ( 0.042)	Loss 2.0043e+00 (2.2851e+00)	Acc@1  28.12 ( 21.05)	Acc@5  75.78 ( 69.70)
0: Epoch: [0][270/391]	Time  0.147 ( 0.162)	Data  0.038 ( 0.042)	Loss 1.9096e+00 (2.2757e+00)	Acc@1  28.91 ( 21.34)	Acc@5  85.94 ( 70.13)
0: Epoch: [0][280/391]	Time  0.147 ( 0.162)	Data  0.038 ( 0.042)	Loss 1.8757e+00 (2.2651e+00)	Acc@1  28.12 ( 21.57)	Acc@5  85.94 ( 70.54)
0: Epoch: [0][290/391]	Time  0.147 ( 0.161)	Data  0.038 ( 0.042)	Loss 1.8576e+00 (2.2548e+00)	Acc@1  32.81 ( 21.83)	Acc@5  82
0: .81 ( 70.91)
0: Epoch: [0][300/391]	Time  0.146 ( 0.161)	Data  0.038 ( 0.042)	Loss 1.9134e+00 (2.2441e+00)	Acc@1  25.78 ( 22.08)	Acc@5  82.81 ( 71.30)
0: Epoch: [0][310/391]	Time  0.146 ( 0.161)	Data  0.038 ( 0.042)	Loss 1.9175e+00 (2.2339e+00)	Acc@1  30.47 ( 22.39)	Acc@5  85.16 ( 71.67)
0: Epoch: [0][320/391]	Time  0.147 ( 0.160)	Data  0.038 ( 0.042)	Loss 2.0575e+00 (2.2246e+00)	Acc@1  25.78 ( 22.62)	Acc@5  75.00 ( 71.98)
0: Epoch: [0][330/391]	Time  0.147 ( 0.160)	Data  0.038 ( 0.042)	Loss 1.8758e+00 (2.2140e+00)	Acc@1  32.81 ( 22.91)	Acc@5  82.03 ( 72.32)
0: Epoch: [0][340/391]	Time  0.148 ( 0.160)	Data  0.038 ( 0.042)	Loss 1.9263e+00 (2.2051e+00)	Acc@1  28.12 ( 23.14)	Acc@5  82.03 ( 72.62)
0: Epoch: [0][350/391]	Time  0.149 ( 0.159)	Data  0.035 ( 0.042)	Loss 1.8977e+00 (2.1958e+00)	Acc@1  31.25 ( 23.42)	Acc@5  85.16 ( 72.93)
0: Epoch: [0][360/391]	Time  0.144 ( 0.159)	Data  0.035 ( 0.042)	Loss 1.7175e+00 (2.1871e+00)	Acc@1  39.84 ( 23.63)	Acc@5  85.16 ( 73.23)
0: Epoch: [0][370/391]	Time  0.147 ( 0.159)	Data  0.035 ( 0.042)	Loss
0:  1.9246e+00 (2.1805e+00)	Acc@1  27.34 ( 23.80)	Acc@5  82.03 ( 73.50)
0: Epoch: [0][380/391]	Time  0.148 ( 0.158)	Data  0.035 ( 0.042)	Loss 1.8911e+00 (2.1728e+00)	Acc@1  26.56 ( 24.00)	Acc@5  86.72 ( 73.76)
0: Epoch: [0][390/391]	Time  1.905 ( 0.163)	Data  0.023 ( 0.042)	Loss 1.9789e+00 (2.1658e+00)	Acc@1  31.25 ( 24.18)	Acc@5  80.00 ( 74.04)
0: Test: [ 0/79]	Time  0.077 ( 0.077)	Loss 1.9453e+00 (1.9453e+00)	Acc@1  28.12 ( 28.12)	Acc@5  83.59 ( 83.59)
0: Test: [10/79]	Time  0.076 ( 0.076)	Loss 1.8330e+00 (1.9519e+00)	Acc@1  33.59 ( 30.40)	Acc@5  86.72 ( 82.95)
0: Test: [20/79]	Time  0.076 ( 0.076)	Loss 1.9808e+00 (1.9192e+00)	Acc@1  27.34 ( 32.29)	Acc@5  80.47 ( 83.18)
0: Test: [30/79]	Time  0.077 ( 0.076)	Loss 1.8868e+00 (1.9069e+00)	Acc@1  28.91 ( 32.41)	Acc@5  90.62 ( 83.69)
0: Test: [40/79]	Time  0.076 ( 0.076)	Loss 1.8347e+00 (1.8930e+00)	Acc@1  26.56 ( 32.45)	Acc@5  86.72 ( 84.30)
0: Test: [50/79]	Time  0.076 ( 0.076)	Loss 2.0302e+00 (1.9067e+00)	Acc@1  32.03 ( 32.23)	Acc@5  78.12 ( 83.70)
0: Test: [60/79]	Time  0.076 ( 0.076)	Lo
0: ss 1.8403e+00 (1.8966e+00)	Acc@1  34.38 ( 32.79)	Acc@5  85.16 ( 83.76)
0: Test: [70/79]	Time  0.076 ( 0.076)	Loss 1.9042e+00 (1.9068e+00)	Acc@1  38.28 ( 32.69)	Acc@5  81.25 ( 83.35)
0:  * Acc@1 32.580 Acc@5 83.350
0: Epoch 0/1 - 69.891s
0: Steps per epoch: 391
0: Validation steps per epoch: 79
0: Average time per epoch: 69.891 s
0: --- 73.0124843120575 seconds ---
ELAPSED: 77 seconds
End at Sat Feb  6 20:47:09 EET 2021
