WORKERS: "gpu03-ib:5555"
Start at Sat Feb  6 20:54:59 EET 2021
CUDA_VISIBLE_DEVICES: 0,1
Running on hosts: gpu03
Running on 1 nodes.
Running 1 tasks per node
Job id is 1089984
srun -w gpu03 -N 1 -n 1 -l python -u train.pytorch.cifar10.py --config=configs/pytorch_cifar10_resnet.B128.yaml --dist-url 'tcp://gpu03-ib:5555' --dist-backend 'nccl' --multiprocessing-distributed --world-size 1 --rank 0 & 
0: Number of devices per node: 2
0: Use GPU: 0 for training
0: => creating model 'resnet50'
0: Epoch: [0][  0/391]	Time  2.975 ( 2.975)	Data  0.029 ( 0.029)	Loss 7.1231e+00 (7.1231e+00)	Acc@1   0.00 (  0.00)	Acc@5   0.00 (  0.00)
0: Epoch: [0][ 10/391]	Time  0.105 ( 0.368)	Data  0.017 ( 0.020)	Loss 2.6829e+00 (4.6984e+00)	Acc@1  12.50 (  6.11)	Acc@5  46.88 ( 33.38)
0: Epoch: [0][ 20/391]	Time  0.105 ( 0.244)	Data  0.017 ( 0.020)	Loss 2.3634e+00 (3.6382e+00)	Acc@1  12.50 (  9.75)	Acc@5  57.81 ( 45.01)
0: Epoch: [0][ 30/391]	Time  0.105 ( 0.199)	Data  0.017 ( 0.020)	Loss 2.4636e+00 (3.2529e+00)	Acc@1  14.06 ( 10.13)	Acc@5  54.69 ( 48.59)
0: Epoch: [0][ 40/391]	Time  0.105 ( 0.177)	Data  0.017 ( 0.020)	Loss 2.3655e+00 (3.0481e+00)	Acc@1  21.88 ( 10.79)	Acc@5  60.94 ( 50.65)
0: Epoch: [0][ 50/391]	Time  0.104 ( 0.163)	Data  0.017 ( 0.020)	Loss 2.4636e+00 (2.9188e+00)	Acc@1   9.38 ( 11.43)	Acc@5  59.38 ( 51.96)
0: Epoch: [0][ 60/391]	Time  0.105 ( 0.154)	Data  0.017 ( 0.020)	Loss 2.3155e+00 (2.8165e+00)	Acc@1  17.19 ( 12.32)	Acc@5  57.81 ( 53.56)
0: Epoch: [0][ 70/391]	Time  
0: 0.105 ( 0.147)	Data  0.017 ( 0.020)	Loss 2.4348e+00 (2.7506e+00)	Acc@1  17.19 ( 12.76)	Acc@5  54.69 ( 54.49)
0: Epoch: [0][ 80/391]	Time  0.105 ( 0.142)	Data  0.017 ( 0.020)	Loss 2.4501e+00 (2.6962e+00)	Acc@1  12.50 ( 13.10)	Acc@5  53.12 ( 55.52)
0: Epoch: [0][ 90/391]	Time  0.104 ( 0.138)	Data  0.017 ( 0.020)	Loss 2.2517e+00 (2.6438e+00)	Acc@1  23.44 ( 13.93)	Acc@5  68.75 ( 56.73)
0: Epoch: [0][100/391]	Time  0.104 ( 0.135)	Data  0.018 ( 0.020)	Loss 2.1997e+00 (2.6007e+00)	Acc@1  15.62 ( 14.45)	Acc@5  68.75 ( 57.78)
0: Epoch: [0][110/391]	Time  0.105 ( 0.132)	Data  0.017 ( 0.020)	Loss 2.1137e+00 (2.5670e+00)	Acc@1  26.56 ( 15.03)	Acc@5  68.75 ( 58.50)
0: Epoch: [0][120/391]	Time  0.105 ( 0.130)	Data  0.018 ( 0.020)	Loss 2.0518e+00 (2.5401e+00)	Acc@1  21.88 ( 15.37)	Acc@5  73.44 ( 59.19)
0: Epoch: [0][130/391]	Time  0.105 ( 0.128)	Data  0.017 ( 0.020)	Loss 2.3005e+00 (2.5173e+00)	Acc@1  10.94 ( 15.76)	Acc@5  67.19 ( 59.89)
0: Epoch: [0][140/391]	Time  0.105 ( 0.127)	Data  0.017 ( 0.020)	Loss 1.9760e+00 (2.4956e+00)	Acc@1  28.12 (
0:  16.16)	Acc@5  76.56 ( 60.45)
0: Epoch: [0][150/391]	Time  0.105 ( 0.125)	Data  0.017 ( 0.020)	Loss 2.2018e+00 (2.4715e+00)	Acc@1  20.31 ( 16.53)	Acc@5  76.56 ( 61.40)
0: Epoch: [0][160/391]	Time  0.104 ( 0.124)	Data  0.017 ( 0.020)	Loss 2.2083e+00 (2.4521e+00)	Acc@1  21.88 ( 16.97)	Acc@5  78.12 ( 62.12)
0: Epoch: [0][170/391]	Time  0.104 ( 0.123)	Data  0.017 ( 0.020)	Loss 2.0245e+00 (2.4329e+00)	Acc@1  28.12 ( 17.52)	Acc@5  79.69 ( 62.62)
0: Epoch: [0][180/391]	Time  0.105 ( 0.122)	Data  0.017 ( 0.020)	Loss 2.1343e+00 (2.4166e+00)	Acc@1  28.12 ( 17.91)	Acc@5  70.31 ( 63.20)
0: Epoch: [0][190/391]	Time  0.105 ( 0.122)	Data  0.017 ( 0.020)	Loss 2.1892e+00 (2.4012e+00)	Acc@1  26.56 ( 18.20)	Acc@5  73.44 ( 63.85)
0: Epoch: [0][200/391]	Time  0.105 ( 0.121)	Data  0.017 ( 0.020)	Loss 1.9442e+00 (2.3836e+00)	Acc@1  29.69 ( 18.53)	Acc@5  81.25 ( 64.50)
0: Epoch: [0][210/391]	Time  0.105 ( 0.120)	Data  0.017 ( 0.020)	Loss 1.9689e+00 (2.3698e+00)	Acc@1  28.12 ( 18.79)	Acc@5  82.81 ( 65.14)
0: Epoch: [0][220/391]	Time  0.105 ( 0.119)	Data  0.
0: 017 ( 0.020)	Loss 1.9766e+00 (2.3545e+00)	Acc@1  29.69 ( 19.20)	Acc@5  81.25 ( 65.61)
0: Epoch: [0][230/391]	Time  0.105 ( 0.119)	Data  0.017 ( 0.020)	Loss 2.1698e+00 (2.3402e+00)	Acc@1  18.75 ( 19.55)	Acc@5  75.00 ( 66.13)
0: Epoch: [0][240/391]	Time  0.104 ( 0.118)	Data  0.017 ( 0.020)	Loss 1.8506e+00 (2.3278e+00)	Acc@1  25.00 ( 19.80)	Acc@5  84.38 ( 66.64)
0: Epoch: [0][250/391]	Time  0.105 ( 0.118)	Data  0.017 ( 0.020)	Loss 2.0544e+00 (2.3146e+00)	Acc@1  25.00 ( 20.01)	Acc@5  75.00 ( 67.12)
0: Epoch: [0][260/391]	Time  0.104 ( 0.117)	Data  0.017 ( 0.020)	Loss 2.2679e+00 (2.3062e+00)	Acc@1  17.19 ( 20.11)	Acc@5  68.75 ( 67.48)
0: Epoch: [0][270/391]	Time  0.105 ( 0.117)	Data  0.017 ( 0.020)	Loss 1.9545e+00 (2.2959e+00)	Acc@1  28.12 ( 20.38)	Acc@5  79.69 ( 67.85)
0: Epoch: [0][280/391]	Time  0.105 ( 0.117)	Data  0.017 ( 0.020)	Loss 2.0404e+00 (2.2886e+00)	Acc@1  25.00 ( 20.54)	Acc@5  71.88 ( 68.26)
0: Epoch: [0][290/391]	Time  0.104 ( 0.116)	Data  0.017 ( 0.020)	Loss 1.9530e+00 (2.2790e+00)	Acc@1  29.69 ( 20.82)	Acc@5  76.56 ( 
0: 68.61)
0: Epoch: [0][300/391]	Time  0.104 ( 0.116)	Data  0.017 ( 0.020)	Loss 1.9692e+00 (2.2698e+00)	Acc@1  28.12 ( 21.10)	Acc@5  81.25 ( 68.96)
0: Epoch: [0][310/391]	Time  0.104 ( 0.116)	Data  0.017 ( 0.020)	Loss 1.7220e+00 (2.2606e+00)	Acc@1  35.94 ( 21.28)	Acc@5  89.06 ( 69.30)
0: Epoch: [0][320/391]	Time  0.104 ( 0.115)	Data  0.017 ( 0.020)	Loss 2.0160e+00 (2.2523e+00)	Acc@1  29.69 ( 21.56)	Acc@5  75.00 ( 69.55)
0: Epoch: [0][330/391]	Time  0.104 ( 0.115)	Data  0.017 ( 0.020)	Loss 2.0121e+00 (2.2440e+00)	Acc@1  26.56 ( 21.77)	Acc@5  79.69 ( 69.87)
0: Epoch: [0][340/391]	Time  0.105 ( 0.115)	Data  0.017 ( 0.020)	Loss 2.1471e+00 (2.2364e+00)	Acc@1  26.56 ( 22.03)	Acc@5  81.25 ( 70.22)
0: Epoch: [0][350/391]	Time  0.105 ( 0.115)	Data  0.017 ( 0.020)	Loss 1.9903e+00 (2.2279e+00)	Acc@1  29.69 ( 22.26)	Acc@5  81.25 ( 70.51)
0: Epoch: [0][360/391]	Time  0.105 ( 0.114)	Data  0.017 ( 0.020)	Loss 1.7714e+00 (2.2217e+00)	Acc@1  29.69 ( 22.41)	Acc@5  85.94 ( 70.78)
0: Epoch: [0][370/391]	Time  0.105 ( 0.114)	Data  0.017 ( 0.020)	Loss 2.086
0: 3e+00 (2.2173e+00)	Acc@1  23.44 ( 22.58)	Acc@5  71.88 ( 70.98)
0: Epoch: [0][380/391]	Time  0.104 ( 0.114)	Data  0.017 ( 0.020)	Loss 1.8693e+00 (2.2101e+00)	Acc@1  28.12 ( 22.84)	Acc@5  85.94 ( 71.26)
0: Epoch: [0][390/391]	Time  1.765 ( 0.118)	Data  0.011 ( 0.020)	Loss 1.7925e+00 (2.2046e+00)	Acc@1  40.00 ( 23.02)	Acc@5  87.50 ( 71.44)
0: Test: [  0/157]	Time  0.044 ( 0.044)	Loss 1.8953e+00 (1.8953e+00)	Acc@1  40.62 ( 40.62)	Acc@5  79.69 ( 79.69)
0: Test: [ 10/157]	Time  0.042 ( 0.042)	Loss 1.9648e+00 (1.9355e+00)	Acc@1  31.25 ( 32.10)	Acc@5  78.12 ( 81.96)
0: Test: [ 20/157]	Time  0.042 ( 0.042)	Loss 1.9480e+00 (1.9235e+00)	Acc@1  28.12 ( 32.59)	Acc@5  82.81 ( 82.44)
0: Test: [ 30/157]	Time  0.042 ( 0.042)	Loss 1.8407e+00 (1.9114e+00)	Acc@1  25.00 ( 32.46)	Acc@5  82.81 ( 83.06)
0: Test: [ 40/157]	Time  0.042 ( 0.042)	Loss 2.0143e+00 (1.9128e+00)	Acc@1  25.00 ( 32.47)	Acc@5  75.00 ( 82.74)
0: Test: [ 50/157]	Time  0.042 ( 0.042)	Loss 1.9398e+00 (1.9136e+00)	Acc@1  35.94 ( 32.75)	Acc@5  81.25 ( 82.84)
0: Test: [ 60/157]	Time  0.042 ( 0
0: .042)	Loss 1.8454e+00 (1.9023e+00)	Acc@1  32.81 ( 32.84)	Acc@5  79.69 ( 83.02)
0: Test: [ 70/157]	Time  0.042 ( 0.042)	Loss 1.6862e+00 (1.8927e+00)	Acc@1  40.62 ( 33.21)	Acc@5  89.06 ( 83.12)
0: Test: [ 80/157]	Time  0.042 ( 0.042)	Loss 1.7354e+00 (1.8945e+00)	Acc@1  39.06 ( 33.10)	Acc@5  82.81 ( 83.18)
0: Test: [ 90/157]	Time  0.042 ( 0.042)	Loss 1.9291e+00 (1.9040e+00)	Acc@1  37.50 ( 32.73)	Acc@5  76.56 ( 82.92)
0: Test: [100/157]	Time  0.042 ( 0.042)	Loss 1.9615e+00 (1.9071e+00)	Acc@1  29.69 ( 32.75)	Acc@5  79.69 ( 82.78)
0: Test: [110/157]	Time  0.042 ( 0.042)	Loss 1.8326e+00 (1.9074e+00)	Acc@1  39.06 ( 32.91)	Acc@5  82.81 ( 82.64)
0: Test: [120/157]	Time  0.042 ( 0.042)	Loss 1.7166e+00 (1.9037e+00)	Acc@1  40.62 ( 32.95)	Acc@5  87.50 ( 82.71)
0: Test: [130/157]	Time  0.042 ( 0.042)	Loss 1.9197e+00 (1.9072e+00)	Acc@1  31.25 ( 32.75)	Acc@5  81.25 ( 82.59)
0: Test: [140/157]	Time  0.042 ( 0.042)	Loss 2.1347e+00 (1.9125e+00)	Acc@1  25.00 ( 32.60)	Acc@5  79.69 ( 82.42)
0: Test: [150/157]	Time  0.042 ( 0.042)	Loss 1.9141e+00 (1.9119e+00)
0: 	Acc@1  29.69 ( 32.55)	Acc@5  76.56 ( 82.38)
0:  * Acc@1 32.410 Acc@5 82.410
0: Epoch 0/1 - 52.973s
0: Steps per epoch: 391
0: Validation steps per epoch: 157
0: Average time per epoch: 52.973 s
0: Use GPU: 1 for training
0: => creating model 'resnet50'
0: Epoch: [0][  0/391]	Time  2.971 ( 2.971)	Data  0.026 ( 0.026)	Loss 7.0224e+00 (7.0224e+00)	Acc@1   0.00 (  0.00)	Acc@5   0.00 (  0.00)
0: Epoch: [0][ 10/391]	Time  0.104 ( 0.368)	Data  0.017 ( 0.018)	Loss 2.7058e+00 (4.7917e+00)	Acc@1   9.38 (  7.39)	Acc@5  48.44 ( 32.24)
0: Epoch: [0][ 20/391]	Time  0.104 ( 0.244)	Data  0.017 ( 0.019)	Loss 2.4947e+00 (3.7034e+00)	Acc@1   3.12 (  9.15)	Acc@5  54.69 ( 42.49)
0: Epoch: [0][ 30/391]	Time  0.104 ( 0.199)	Data  0.017 ( 0.019)	Loss 2.6542e+00 (3.3100e+00)	Acc@1   4.69 (  9.63)	Acc@5  50.00 ( 46.07)
0: Epoch: [0][ 40/391]	Time  0.105 ( 0.177)	Data  0.017 ( 0.019)	Loss 2.3458e+00 (3.0907e+00)	Acc@1  12.50 ( 10.82)	Acc@5  60.94 ( 48.59)
0: Epoch: [0][ 50/391]	Time  0.104 ( 0.163)	Data  0.017 ( 0.019)	Loss 2.3984e+00 (2.9544e+00)	Acc@1  17.19 ( 11.37)	Acc@5  56.25 ( 50.58)
0: Epoch: [0][ 60/391]	Time  0.104 ( 0.154)	Data  0.017 ( 0.019)	Loss 2.2806e+00 (2.8623e+00)	Acc@1  14.06 ( 12.01)	Acc@5  64.06 ( 52.23)
0: Epoch: [0][ 70/391]	Time  
0: 0.104 ( 0.147)	Data  0.017 ( 0.019)	Loss 2.4618e+00 (2.7817e+00)	Acc@1  12.50 ( 13.16)	Acc@5  51.56 ( 53.50)
0: Epoch: [0][ 80/391]	Time  0.104 ( 0.142)	Data  0.017 ( 0.019)	Loss 2.3107e+00 (2.7186e+00)	Acc@1  14.06 ( 13.77)	Acc@5  59.38 ( 55.07)
0: Epoch: [0][ 90/391]	Time  0.104 ( 0.138)	Data  0.017 ( 0.019)	Loss 2.2165e+00 (2.6649e+00)	Acc@1  20.31 ( 14.73)	Acc@5  71.88 ( 56.37)
0: Epoch: [0][100/391]	Time  0.105 ( 0.135)	Data  0.017 ( 0.019)	Loss 2.2578e+00 (2.6198e+00)	Acc@1  15.62 ( 15.44)	Acc@5  65.62 ( 57.44)
0: Epoch: [0][110/391]	Time  0.104 ( 0.132)	Data  0.017 ( 0.019)	Loss 2.1924e+00 (2.5851e+00)	Acc@1  28.12 ( 15.78)	Acc@5  71.88 ( 58.28)
0: Epoch: [0][120/391]	Time  0.105 ( 0.130)	Data  0.017 ( 0.019)	Loss 2.3998e+00 (2.5601e+00)	Acc@1  17.19 ( 15.93)	Acc@5  71.88 ( 59.25)
0: Epoch: [0][130/391]	Time  0.105 ( 0.128)	Data  0.017 ( 0.019)	Loss 2.3151e+00 (2.5347e+00)	Acc@1  10.94 ( 16.10)	Acc@5  62.50 ( 59.95)
0: Epoch: [0][140/391]	Time  0.105 ( 0.127)	Data  0.017 ( 0.019)	Loss 2.3193e+00 (2.5116e+00)	Acc@1  21.88 (
0:  16.57)	Acc@5  59.38 ( 60.80)
0: Epoch: [0][150/391]	Time  0.104 ( 0.125)	Data  0.017 ( 0.019)	Loss 2.2299e+00 (2.4866e+00)	Acc@1  18.75 ( 17.10)	Acc@5  71.88 ( 61.75)
0: Epoch: [0][160/391]	Time  0.104 ( 0.124)	Data  0.017 ( 0.019)	Loss 2.2292e+00 (2.4678e+00)	Acc@1  21.88 ( 17.44)	Acc@5  70.31 ( 62.33)
0: Epoch: [0][170/391]	Time  0.104 ( 0.123)	Data  0.017 ( 0.019)	Loss 2.1266e+00 (2.4490e+00)	Acc@1  23.44 ( 17.68)	Acc@5  70.31 ( 63.06)
0: Epoch: [0][180/391]	Time  0.105 ( 0.122)	Data  0.017 ( 0.019)	Loss 2.1886e+00 (2.4357e+00)	Acc@1  21.88 ( 17.81)	Acc@5  71.88 ( 63.42)
0: Epoch: [0][190/391]	Time  0.105 ( 0.122)	Data  0.017 ( 0.019)	Loss 2.4021e+00 (2.4218e+00)	Acc@1  15.62 ( 18.08)	Acc@5  70.31 ( 63.92)
0: Epoch: [0][200/391]	Time  0.104 ( 0.121)	Data  0.017 ( 0.019)	Loss 2.1020e+00 (2.4061e+00)	Acc@1  23.44 ( 18.31)	Acc@5  81.25 ( 64.56)
0: Epoch: [0][210/391]	Time  0.104 ( 0.120)	Data  0.017 ( 0.019)	Loss 2.0765e+00 (2.3907e+00)	Acc@1  21.88 ( 18.62)	Acc@5  71.88 ( 65.03)
0: Epoch: [0][220/391]	Time  0.104 ( 0.119)	Data  0.
0: 017 ( 0.019)	Loss 2.2583e+00 (2.3774e+00)	Acc@1  18.75 ( 18.89)	Acc@5  70.31 ( 65.51)
0: Epoch: [0][230/391]	Time  0.104 ( 0.119)	Data  0.017 ( 0.019)	Loss 2.1266e+00 (2.3630e+00)	Acc@1  29.69 ( 19.36)	Acc@5  70.31 ( 66.07)
0: Epoch: [0][240/391]	Time  0.105 ( 0.118)	Data  0.017 ( 0.019)	Loss 2.2226e+00 (2.3519e+00)	Acc@1  25.00 ( 19.69)	Acc@5  67.19 ( 66.44)
0: Epoch: [0][250/391]	Time  0.105 ( 0.118)	Data  0.017 ( 0.019)	Loss 2.1138e+00 (2.3379e+00)	Acc@1  20.31 ( 20.03)	Acc@5  82.81 ( 66.97)
0: Epoch: [0][260/391]	Time  0.105 ( 0.117)	Data  0.017 ( 0.019)	Loss 2.1103e+00 (2.3264e+00)	Acc@1  26.56 ( 20.25)	Acc@5  76.56 ( 67.44)
0: Epoch: [0][270/391]	Time  0.105 ( 0.117)	Data  0.017 ( 0.019)	Loss 1.9669e+00 (2.3154e+00)	Acc@1  29.69 ( 20.62)	Acc@5  81.25 ( 67.86)
0: Epoch: [0][280/391]	Time  0.105 ( 0.117)	Data  0.017 ( 0.019)	Loss 2.0414e+00 (2.3054e+00)	Acc@1  31.25 ( 20.88)	Acc@5  67.19 ( 68.21)
0: Epoch: [0][290/391]	Time  0.104 ( 0.116)	Data  0.017 ( 0.019)	Loss 1.8655e+00 (2.2948e+00)	Acc@1  31.25 ( 21.21)	Acc@5  78.12 ( 
0: 68.56)
0: Epoch: [0][300/391]	Time  0.105 ( 0.116)	Data  0.017 ( 0.019)	Loss 2.0324e+00 (2.2869e+00)	Acc@1  26.56 ( 21.40)	Acc@5  79.69 ( 68.81)
0: Epoch: [0][310/391]	Time  0.104 ( 0.116)	Data  0.017 ( 0.019)	Loss 2.0885e+00 (2.2767e+00)	Acc@1  23.44 ( 21.65)	Acc@5  78.12 ( 69.15)
0: Epoch: [0][320/391]	Time  0.104 ( 0.115)	Data  0.017 ( 0.019)	Loss 1.8415e+00 (2.2656e+00)	Acc@1  26.56 ( 21.94)	Acc@5  87.50 ( 69.51)
0: Epoch: [0][330/391]	Time  0.105 ( 0.115)	Data  0.017 ( 0.019)	Loss 2.0834e+00 (2.2553e+00)	Acc@1  23.44 ( 22.21)	Acc@5  84.38 ( 69.88)
0: Epoch: [0][340/391]	Time  0.105 ( 0.115)	Data  0.017 ( 0.019)	Loss 1.7793e+00 (2.2462e+00)	Acc@1  29.69 ( 22.51)	Acc@5  87.50 ( 70.19)
0: Epoch: [0][350/391]	Time  0.104 ( 0.115)	Data  0.017 ( 0.019)	Loss 1.9344e+00 (2.2388e+00)	Acc@1  35.94 ( 22.66)	Acc@5  82.81 ( 70.48)
0: Epoch: [0][360/391]	Time  0.105 ( 0.114)	Data  0.017 ( 0.019)	Loss 2.0007e+00 (2.2300e+00)	Acc@1  31.25 ( 22.87)	Acc@5  76.56 ( 70.85)
0: Epoch: [0][370/391]	Time  0.104 ( 0.114)	Data  0.017 ( 0.019)	Loss 1.812
0: 8e+00 (2.2235e+00)	Acc@1  32.81 ( 23.07)	Acc@5  90.62 ( 71.10)
0: Epoch: [0][380/391]	Time  0.105 ( 0.114)	Data  0.017 ( 0.019)	Loss 1.9506e+00 (2.2165e+00)	Acc@1  32.81 ( 23.23)	Acc@5  84.38 ( 71.34)
0: Epoch: [0][390/391]	Time  1.755 ( 0.118)	Data  0.011 ( 0.019)	Loss 2.1267e+00 (2.2118e+00)	Acc@1  20.00 ( 23.28)	Acc@5  80.00 ( 71.58)
0: Test: [  0/157]	Time  0.052 ( 0.052)	Loss 1.8953e+00 (1.8953e+00)	Acc@1  40.62 ( 40.62)	Acc@5  79.69 ( 79.69)
0: Test: [ 10/157]	Time  0.042 ( 0.043)	Loss 1.9648e+00 (1.9355e+00)	Acc@1  31.25 ( 32.10)	Acc@5  78.12 ( 81.96)
0: Test: [ 20/157]	Time  0.042 ( 0.042)	Loss 1.9480e+00 (1.9235e+00)	Acc@1  28.12 ( 32.59)	Acc@5  82.81 ( 82.44)
0: Test: [ 30/157]	Time  0.042 ( 0.042)	Loss 1.8407e+00 (1.9114e+00)	Acc@1  25.00 ( 32.46)	Acc@5  82.81 ( 83.06)
0: Test: [ 40/157]	Time  0.042 ( 0.042)	Loss 2.0143e+00 (1.9128e+00)	Acc@1  25.00 ( 32.47)	Acc@5  75.00 ( 82.74)
0: Test: [ 50/157]	Time  0.042 ( 0.042)	Loss 1.9398e+00 (1.9136e+00)	Acc@1  35.94 ( 32.75)	Acc@5  81.25 ( 82.84)
0: Test: [ 60/157]	Time  0.042 ( 0
0: .042)	Loss 1.8454e+00 (1.9023e+00)	Acc@1  32.81 ( 32.84)	Acc@5  79.69 ( 83.02)
0: Test: [ 70/157]	Time  0.042 ( 0.042)	Loss 1.6862e+00 (1.8927e+00)	Acc@1  40.62 ( 33.21)	Acc@5  89.06 ( 83.12)
0: Test: [ 80/157]	Time  0.042 ( 0.042)	Loss 1.7354e+00 (1.8945e+00)	Acc@1  39.06 ( 33.10)	Acc@5  82.81 ( 83.18)
0: Test: [ 90/157]	Time  0.042 ( 0.042)	Loss 1.9291e+00 (1.9040e+00)	Acc@1  37.50 ( 32.73)	Acc@5  76.56 ( 82.92)
0: Test: [100/157]	Time  0.042 ( 0.042)	Loss 1.9615e+00 (1.9071e+00)	Acc@1  29.69 ( 32.75)	Acc@5  79.69 ( 82.78)
0: Test: [110/157]	Time  0.042 ( 0.042)	Loss 1.8326e+00 (1.9074e+00)	Acc@1  39.06 ( 32.91)	Acc@5  82.81 ( 82.64)
0: Test: [120/157]	Time  0.042 ( 0.042)	Loss 1.7166e+00 (1.9037e+00)	Acc@1  40.62 ( 32.95)	Acc@5  87.50 ( 82.71)
0: Test: [130/157]	Time  0.042 ( 0.042)	Loss 1.9197e+00 (1.9072e+00)	Acc@1  31.25 ( 32.75)	Acc@5  81.25 ( 82.59)
0: Test: [140/157]	Time  0.042 ( 0.042)	Loss 2.1347e+00 (1.9125e+00)	Acc@1  25.00 ( 32.60)	Acc@5  79.69 ( 82.42)
0: Test: [150/157]	Time  0.042 ( 0.042)	Loss 1.9141e+00 (1.9119e+00)
0: 	Acc@1  29.69 ( 32.55)	Acc@5  76.56 ( 82.38)
0:  * Acc@1 32.410 Acc@5 82.410
0: Epoch 0/1 - 53.005s
0: Steps per epoch: 391
0: Validation steps per epoch: 157
0: Average time per epoch: 53.005 s
0: --- 59.19498038291931 seconds ---
ELAPSED: 60 seconds
End at Sat Feb  6 20:55:59 EET 2021
