WORKERS: "gpu06-ib:5555"
Start at Mon Feb 15 23:03:57 EET 2021
CUDA_VISIBLE_DEVICES: 0,1
Running on hosts: gpu06
Running on 1 nodes.
Running 1 tasks per node
Job id is 1095777
srun -w gpu06 -N 1 -n 1 -l python -u train.pytorch.cifar10.py --config=configs/pytorch_cifar10_resnet.B128.yaml --dist-url 'tcp://gpu06-ib:5555' --dist-backend 'nccl' --multiprocessing-distributed --world-size 1 --rank 0 & 
0: Number of devices per node: 2
0: Use GPU: 0 for training
0: => creating model 'resnet50'
0: len: 391
0: Epoch: [0][  0/391]	Time  3.304 ( 3.304)	Data  0.217 ( 0.217)	Loss 7.4279e+00 (7.4279e+00)	Acc@1   0.00 (  0.00)	Acc@5   0.00 (  0.00)
0: Epoch: [0][ 10/391]	Time  0.107 ( 0.398)	Data  0.017 ( 0.035)	Loss 2.6760e+00 (5.0915e+00)	Acc@1   9.38 (  6.96)	Acc@5  54.69 ( 30.54)
0: Epoch: [0][ 20/391]	Time  0.107 ( 0.260)	Data  0.017 ( 0.028)	Loss 2.4785e+00 (3.8533e+00)	Acc@1  15.62 (  9.82)	Acc@5  56.25 ( 42.34)
0: Epoch: [0][ 30/391]	Time  0.107 ( 0.211)	Data  0.017 ( 0.025)	Loss 2.5064e+00 (3.4138e+00)	Acc@1  10.94 ( 10.84)	Acc@5  56.25 ( 46.82)
0: Epoch: [0][ 40/391]	Time  0.107 ( 0.186)	Data  0.017 ( 0.024)	Loss 2.2318e+00 (3.1557e+00)	Acc@1  21.88 ( 11.78)	Acc@5  64.06 ( 49.73)
0: Epoch: [0][ 50/391]	Time  0.107 ( 0.171)	Data  0.017 ( 0.023)	Loss 2.4043e+00 (3.0036e+00)	Acc@1  20.31 ( 12.56)	Acc@5  60.94 ( 52.18)
0: Epoch: [0][ 60/391]	Time  0.108 ( 0.161)	Data  0.017 ( 0.022)	Loss 2.3506e+00 (2.8899e+00)	Acc@1   9.38 ( 13.14)	Acc@5  56.25 ( 53.84)
0: Epoch: [0][ 70/39
0: 1]	Time  0.108 ( 0.154)	Data  0.017 ( 0.022)	Loss 2.3743e+00 (2.8054e+00)	Acc@1  20.31 ( 13.60)	Acc@5  62.50 ( 55.48)
0: Epoch: [0][ 80/391]	Time  0.107 ( 0.148)	Data  0.017 ( 0.022)	Loss 2.1397e+00 (2.7394e+00)	Acc@1  18.75 ( 13.85)	Acc@5  70.31 ( 56.87)
0: Epoch: [0][ 90/391]	Time  0.107 ( 0.144)	Data  0.017 ( 0.021)	Loss 2.0671e+00 (2.6799e+00)	Acc@1  25.00 ( 14.73)	Acc@5  73.44 ( 58.31)
0: Epoch: [0][100/391]	Time  0.107 ( 0.140)	Data  0.017 ( 0.021)	Loss 2.3194e+00 (2.6319e+00)	Acc@1  20.31 ( 15.41)	Acc@5  71.88 ( 59.41)
0: Epoch: [0][110/391]	Time  0.107 ( 0.138)	Data  0.017 ( 0.021)	Loss 2.1665e+00 (2.5935e+00)	Acc@1  25.00 ( 15.72)	Acc@5  73.44 ( 60.49)
0: Epoch: [0][120/391]	Time  0.107 ( 0.135)	Data  0.017 ( 0.021)	Loss 2.1087e+00 (2.5568e+00)	Acc@1  21.88 ( 16.12)	Acc@5  75.00 ( 61.48)
0: Epoch: [0][130/391]	Time  0.107 ( 0.133)	Data  0.017 ( 0.021)	Loss 1.9969e+00 (2.5270e+00)	Acc@1  28.12 ( 16.42)	Acc@5  78.12 ( 62.39)
0: Epoch: [0][140/391]	Time  0.107 ( 0.131)	Data  0.017 ( 0.021)	Loss 2.1055e+00 (2.5013e+00)	Acc@1
0:   18.75 ( 16.90)	Acc@5  76.56 ( 63.18)
0: Epoch: [0][150/391]	Time  0.107 ( 0.130)	Data  0.017 ( 0.021)	Loss 2.0857e+00 (2.4766e+00)	Acc@1  25.00 ( 17.29)	Acc@5  78.12 ( 63.94)
0: Epoch: [0][160/391]	Time  0.107 ( 0.129)	Data  0.017 ( 0.021)	Loss 1.8981e+00 (2.4506e+00)	Acc@1  23.44 ( 17.68)	Acc@5  79.69 ( 64.74)
0: Epoch: [0][170/391]	Time  0.107 ( 0.128)	Data  0.017 ( 0.021)	Loss 2.0073e+00 (2.4297e+00)	Acc@1  23.44 ( 18.09)	Acc@5  85.94 ( 65.47)
0: Epoch: [0][180/391]	Time  0.107 ( 0.127)	Data  0.017 ( 0.020)	Loss 1.9668e+00 (2.4145e+00)	Acc@1  29.69 ( 18.36)	Acc@5  82.81 ( 65.90)
0: Epoch: [0][190/391]	Time  0.107 ( 0.126)	Data  0.017 ( 0.020)	Loss 2.1587e+00 (2.3959e+00)	Acc@1  18.75 ( 18.68)	Acc@5  71.88 ( 66.49)
0: Epoch: [0][200/391]	Time  0.107 ( 0.125)	Data  0.017 ( 0.020)	Loss 1.7967e+00 (2.3753e+00)	Acc@1  39.06 ( 19.26)	Acc@5  85.94 ( 67.18)
0: Epoch: [0][210/391]	Time  0.107 ( 0.124)	Data  0.017 ( 0.020)	Loss 2.0308e+00 (2.3595e+00)	Acc@1  25.00 ( 19.59)	Acc@5  78.12 ( 67.71)
0: Epoch: [0][220/391]	Time  0.107 ( 0.123)
0: 	Data  0.017 ( 0.020)	Loss 2.1040e+00 (2.3459e+00)	Acc@1  18.75 ( 19.81)	Acc@5  73.44 ( 68.23)
0: Epoch: [0][230/391]	Time  0.107 ( 0.123)	Data  0.017 ( 0.020)	Loss 1.8706e+00 (2.3309e+00)	Acc@1  29.69 ( 20.18)	Acc@5  87.50 ( 68.78)
0: Epoch: [0][240/391]	Time  0.107 ( 0.122)	Data  0.017 ( 0.020)	Loss 1.9183e+00 (2.3179e+00)	Acc@1  26.56 ( 20.51)	Acc@5  82.81 ( 69.31)
0: Epoch: [0][250/391]	Time  0.107 ( 0.122)	Data  0.017 ( 0.020)	Loss 2.1107e+00 (2.3032e+00)	Acc@1  23.44 ( 20.89)	Acc@5  67.19 ( 69.73)
0: Epoch: [0][260/391]	Time  0.107 ( 0.121)	Data  0.017 ( 0.020)	Loss 2.0123e+00 (2.2913e+00)	Acc@1  23.44 ( 21.14)	Acc@5  76.56 ( 70.14)
0: Epoch: [0][270/391]	Time  0.107 ( 0.121)	Data  0.017 ( 0.020)	Loss 2.0713e+00 (2.2808e+00)	Acc@1  29.69 ( 21.47)	Acc@5  75.00 ( 70.49)
0: Epoch: [0][280/391]	Time  0.107 ( 0.120)	Data  0.017 ( 0.020)	Loss 2.0127e+00 (2.2686e+00)	Acc@1  25.00 ( 21.77)	Acc@5  76.56 ( 70.90)
0: Epoch: [0][290/391]	Time  0.107 ( 0.120)	Data  0.017 ( 0.020)	Loss 1.7903e+00 (2.2585e+00)	Acc@1  40.62 ( 22.10)	Acc@5 
0:  85.94 ( 71.19)
0: Epoch: [0][300/391]	Time  0.107 ( 0.119)	Data  0.017 ( 0.020)	Loss 2.0315e+00 (2.2487e+00)	Acc@1  28.12 ( 22.28)	Acc@5  78.12 ( 71.54)
0: Epoch: [0][310/391]	Time  0.107 ( 0.119)	Data  0.017 ( 0.020)	Loss 1.8078e+00 (2.2396e+00)	Acc@1  29.69 ( 22.43)	Acc@5  85.94 ( 71.89)
0: Epoch: [0][320/391]	Time  0.107 ( 0.119)	Data  0.017 ( 0.020)	Loss 1.8480e+00 (2.2317e+00)	Acc@1  25.00 ( 22.65)	Acc@5  82.81 ( 72.15)
0: Epoch: [0][330/391]	Time  0.107 ( 0.119)	Data  0.017 ( 0.020)	Loss 1.8706e+00 (2.2217e+00)	Acc@1  31.25 ( 22.97)	Acc@5  79.69 ( 72.49)
0: Epoch: [0][340/391]	Time  0.107 ( 0.118)	Data  0.017 ( 0.020)	Loss 2.0254e+00 (2.2164e+00)	Acc@1  18.75 ( 23.08)	Acc@5  84.38 ( 72.73)
0: Epoch: [0][350/391]	Time  0.107 ( 0.118)	Data  0.017 ( 0.020)	Loss 1.9266e+00 (2.2086e+00)	Acc@1  29.69 ( 23.25)	Acc@5  85.94 ( 73.01)
0: Epoch: [0][360/391]	Time  0.107 ( 0.118)	Data  0.017 ( 0.020)	Loss 1.8215e+00 (2.2025e+00)	Acc@1  37.50 ( 23.44)	Acc@5  85.94 ( 73.21)
0: Epoch: [0][370/391]	Time  0.107 ( 0.117)	Data  0.017 ( 0.020)	L
0: oss 2.0795e+00 (2.1955e+00)	Acc@1  18.75 ( 23.68)	Acc@5  84.38 ( 73.36)
0: Epoch: [0][380/391]	Time  0.107 ( 0.117)	Data  0.017 ( 0.020)	Loss 1.7899e+00 (2.1883e+00)	Acc@1  32.81 ( 23.84)	Acc@5  90.62 ( 73.62)
0: Epoch: [0][390/391]	Time  1.768 ( 0.121)	Data  0.011 ( 0.020)	Loss 1.7246e+00 (2.1820e+00)	Acc@1  35.00 ( 24.00)	Acc@5  87.50 ( 73.83)
0: Test: [  0/157]	Time  0.045 ( 0.045)	Loss 1.8167e+00 (1.8167e+00)	Acc@1  29.69 ( 29.69)	Acc@5  87.50 ( 87.50)
0: Test: [ 10/157]	Time  0.042 ( 0.042)	Loss 1.7729e+00 (1.8879e+00)	Acc@1  34.38 ( 32.24)	Acc@5  87.50 ( 83.38)
0: Test: [ 20/157]	Time  0.042 ( 0.042)	Loss 1.9302e+00 (1.8851e+00)	Acc@1  21.88 ( 31.92)	Acc@5  87.50 ( 84.38)
0: Test: [ 30/157]	Time  0.042 ( 0.042)	Loss 1.9599e+00 (1.8774e+00)	Acc@1  26.56 ( 31.75)	Acc@5  84.38 ( 84.17)
0: Test: [ 40/157]	Time  0.042 ( 0.042)	Loss 1.9178e+00 (1.8772e+00)	Acc@1  25.00 ( 31.67)	Acc@5  79.69 ( 83.99)
0: Test: [ 50/157]	Time  0.042 ( 0.042)	Loss 1.9802e+00 (1.8815e+00)	Acc@1  25.00 ( 31.71)	Acc@5  79.69 ( 84.53)
0: Test: [ 60/157]	Time  
0: 0.042 ( 0.042)	Loss 1.8854e+00 (1.8711e+00)	Acc@1  26.56 ( 32.12)	Acc@5  82.81 ( 84.53)
0: Test: [ 70/157]	Time  0.042 ( 0.042)	Loss 1.7214e+00 (1.8626e+00)	Acc@1  35.94 ( 32.22)	Acc@5  87.50 ( 84.77)
0: Test: [ 80/157]	Time  0.042 ( 0.042)	Loss 1.8345e+00 (1.8616e+00)	Acc@1  32.81 ( 32.41)	Acc@5  82.81 ( 84.80)
0: Test: [ 90/157]	Time  0.042 ( 0.042)	Loss 1.7161e+00 (1.8655e+00)	Acc@1  34.38 ( 32.16)	Acc@5  87.50 ( 84.65)
0: Test: [100/157]	Time  0.042 ( 0.042)	Loss 1.9387e+00 (1.8712e+00)	Acc@1  40.62 ( 31.96)	Acc@5  81.25 ( 84.70)
0: Test: [110/157]	Time  0.042 ( 0.042)	Loss 1.7605e+00 (1.8714e+00)	Acc@1  39.06 ( 32.05)	Acc@5  84.38 ( 84.57)
0: Test: [120/157]	Time  0.042 ( 0.042)	Loss 1.8755e+00 (1.8681e+00)	Acc@1  37.50 ( 32.50)	Acc@5  81.25 ( 84.59)
0: Test: [130/157]	Time  0.042 ( 0.042)	Loss 1.7723e+00 (1.8703e+00)	Acc@1  35.94 ( 32.34)	Acc@5  84.38 ( 84.51)
0: Test: [140/157]	Time  0.042 ( 0.042)	Loss 2.0482e+00 (1.8723e+00)	Acc@1  23.44 ( 32.15)	Acc@5  81.25 ( 84.44)
0: Test: [150/157]	Time  0.042 ( 0.042)	Loss 1.7880e+00 (1.
0: 8688e+00)	Acc@1  39.06 ( 32.38)	Acc@5  85.94 ( 84.46)
0:  * Acc@1 32.270 Acc@5 84.450
0: Epoch 0/1 - 54.271s
0: Steps per epoch: 391
0: Validation steps per epoch: 157
0: Average time per epoch: 54.271 s
0: Use GPU: 1 for training
0: => creating model 'resnet50'
0: len: 391
0: Epoch: [0][  0/391]	Time  3.295 ( 3.295)	Data  0.217 ( 0.217)	Loss 7.9061e+00 (7.9061e+00)	Acc@1   0.00 (  0.00)	Acc@5   0.00 (  0.00)
0: Epoch: [0][ 10/391]	Time  0.107 ( 0.398)	Data  0.017 ( 0.036)	Loss 2.5473e+00 (5.1622e+00)	Acc@1  15.62 (  6.68)	Acc@5  57.81 ( 31.39)
0: Epoch: [0][ 20/391]	Time  0.107 ( 0.260)	Data  0.017 ( 0.028)	Loss 2.3862e+00 (3.8892e+00)	Acc@1  15.62 ( 10.34)	Acc@5  56.25 ( 43.15)
0: Epoch: [0][ 30/391]	Time  0.108 ( 0.211)	Data  0.017 ( 0.025)	Loss 2.4396e+00 (3.4371e+00)	Acc@1  12.50 ( 11.19)	Acc@5  57.81 ( 47.98)
0: Epoch: [0][ 40/391]	Time  0.107 ( 0.186)	Data  0.017 ( 0.024)	Loss 2.3049e+00 (3.1835e+00)	Acc@1  15.62 ( 11.93)	Acc@5  68.75 ( 49.62)
0: Epoch: [0][ 50/391]	Time  0.107 ( 0.171)	Data  0.017 ( 0.023)	Loss 2.2008e+00 (3.0224e+00)	Acc@1  21.88 ( 12.65)	Acc@5  64.06 ( 51.99)
0: Epoch: [0][ 60/391]	Time  0.108 ( 0.161)	Data  0.017 ( 0.023)	Loss 2.1908e+00 (2.9109e+00)	Acc@1  18.75 ( 13.27)	Acc@5  68.75 ( 53.64)
0: Epoch: [0][ 70/39
0: 1]	Time  0.108 ( 0.154)	Data  0.017 ( 0.022)	Loss 2.2973e+00 (2.8196e+00)	Acc@1  14.06 ( 13.71)	Acc@5  60.94 ( 55.46)
0: Epoch: [0][ 80/391]	Time  0.107 ( 0.148)	Data  0.017 ( 0.022)	Loss 2.2523e+00 (2.7501e+00)	Acc@1  10.94 ( 14.14)	Acc@5  71.88 ( 56.91)
0: Epoch: [0][ 90/391]	Time  0.107 ( 0.144)	Data  0.017 ( 0.022)	Loss 2.3826e+00 (2.6963e+00)	Acc@1  17.19 ( 14.73)	Acc@5  71.88 ( 58.10)
0: Epoch: [0][100/391]	Time  0.108 ( 0.140)	Data  0.017 ( 0.022)	Loss 2.2403e+00 (2.6424e+00)	Acc@1  15.62 ( 15.35)	Acc@5  67.19 ( 59.27)
0: Epoch: [0][110/391]	Time  0.107 ( 0.138)	Data  0.017 ( 0.021)	Loss 2.1943e+00 (2.5980e+00)	Acc@1  21.88 ( 15.98)	Acc@5  76.56 ( 60.67)
0: Epoch: [0][120/391]	Time  0.107 ( 0.135)	Data  0.017 ( 0.021)	Loss 2.2665e+00 (2.5611e+00)	Acc@1  17.19 ( 16.71)	Acc@5  70.31 ( 61.70)
0: Epoch: [0][130/391]	Time  0.107 ( 0.133)	Data  0.017 ( 0.021)	Loss 2.0798e+00 (2.5279e+00)	Acc@1  31.25 ( 17.29)	Acc@5  78.12 ( 62.76)
0: Epoch: [0][140/391]	Time  0.107 ( 0.131)	Data  0.017 ( 0.021)	Loss 2.1005e+00 (2.5070e+00)	Acc@1
0:   28.12 ( 17.52)	Acc@5  75.00 ( 63.45)
0: Epoch: [0][150/391]	Time  0.107 ( 0.130)	Data  0.017 ( 0.021)	Loss 2.2867e+00 (2.4842e+00)	Acc@1  17.19 ( 17.82)	Acc@5  70.31 ( 64.05)
0: Epoch: [0][160/391]	Time  0.107 ( 0.129)	Data  0.017 ( 0.021)	Loss 2.1525e+00 (2.4634e+00)	Acc@1  21.88 ( 18.10)	Acc@5  70.31 ( 64.66)
0: Epoch: [0][170/391]	Time  0.107 ( 0.128)	Data  0.017 ( 0.021)	Loss 2.0231e+00 (2.4397e+00)	Acc@1  28.12 ( 18.49)	Acc@5  85.94 ( 65.49)
0: Epoch: [0][180/391]	Time  0.108 ( 0.127)	Data  0.017 ( 0.021)	Loss 2.1569e+00 (2.4213e+00)	Acc@1  23.44 ( 18.84)	Acc@5  75.00 ( 65.89)
0: Epoch: [0][190/391]	Time  0.108 ( 0.126)	Data  0.017 ( 0.021)	Loss 2.0207e+00 (2.4052e+00)	Acc@1  25.00 ( 19.10)	Acc@5  79.69 ( 66.34)
0: Epoch: [0][200/391]	Time  0.107 ( 0.125)	Data  0.017 ( 0.021)	Loss 2.1417e+00 (2.3897e+00)	Acc@1  34.38 ( 19.35)	Acc@5  70.31 ( 66.82)
0: Epoch: [0][210/391]	Time  0.107 ( 0.124)	Data  0.017 ( 0.021)	Loss 2.0620e+00 (2.3739e+00)	Acc@1  28.12 ( 19.71)	Acc@5  76.56 ( 67.28)
0: Epoch: [0][220/391]	Time  0.108 ( 0.123)
0: 	Data  0.017 ( 0.021)	Loss 2.2438e+00 (2.3593e+00)	Acc@1  17.19 ( 20.05)	Acc@5  75.00 ( 67.77)
0: Epoch: [0][230/391]	Time  0.107 ( 0.123)	Data  0.017 ( 0.021)	Loss 2.1153e+00 (2.3448e+00)	Acc@1  17.19 ( 20.30)	Acc@5  76.56 ( 68.34)
0: Epoch: [0][240/391]	Time  0.106 ( 0.122)	Data  0.017 ( 0.021)	Loss 2.1522e+00 (2.3341e+00)	Acc@1  23.44 ( 20.55)	Acc@5  71.88 ( 68.61)
0: Epoch: [0][250/391]	Time  0.107 ( 0.122)	Data  0.017 ( 0.021)	Loss 2.0772e+00 (2.3225e+00)	Acc@1  25.00 ( 20.82)	Acc@5  82.81 ( 68.99)
0: Epoch: [0][260/391]	Time  0.106 ( 0.121)	Data  0.017 ( 0.020)	Loss 1.9331e+00 (2.3098e+00)	Acc@1  26.56 ( 21.07)	Acc@5  82.81 ( 69.43)
0: Epoch: [0][270/391]	Time  0.108 ( 0.121)	Data  0.017 ( 0.020)	Loss 2.0026e+00 (2.2980e+00)	Acc@1  34.38 ( 21.39)	Acc@5  75.00 ( 69.76)
0: Epoch: [0][280/391]	Time  0.107 ( 0.120)	Data  0.017 ( 0.020)	Loss 1.8606e+00 (2.2847e+00)	Acc@1  40.62 ( 21.73)	Acc@5  78.12 ( 70.21)
0: Epoch: [0][290/391]	Time  0.108 ( 0.120)	Data  0.017 ( 0.020)	Loss 1.9546e+00 (2.2739e+00)	Acc@1  31.25 ( 21.98)	Acc@5 
0:  75.00 ( 70.53)
0: Epoch: [0][300/391]	Time  0.107 ( 0.119)	Data  0.017 ( 0.020)	Loss 2.2047e+00 (2.2663e+00)	Acc@1  23.44 ( 22.21)	Acc@5  76.56 ( 70.79)
0: Epoch: [0][310/391]	Time  0.106 ( 0.119)	Data  0.017 ( 0.020)	Loss 2.0215e+00 (2.2549e+00)	Acc@1  29.69 ( 22.55)	Acc@5  81.25 ( 71.18)
0: Epoch: [0][320/391]	Time  0.107 ( 0.119)	Data  0.017 ( 0.020)	Loss 1.8337e+00 (2.2440e+00)	Acc@1  37.50 ( 22.85)	Acc@5  84.38 ( 71.53)
0: Epoch: [0][330/391]	Time  0.107 ( 0.119)	Data  0.017 ( 0.020)	Loss 2.1352e+00 (2.2361e+00)	Acc@1  28.12 ( 23.06)	Acc@5  81.25 ( 71.84)
0: Epoch: [0][340/391]	Time  0.107 ( 0.118)	Data  0.017 ( 0.020)	Loss 1.9292e+00 (2.2290e+00)	Acc@1  29.69 ( 23.25)	Acc@5  85.94 ( 72.07)
0: Epoch: [0][350/391]	Time  0.107 ( 0.118)	Data  0.017 ( 0.020)	Loss 1.8810e+00 (2.2228e+00)	Acc@1  25.00 ( 23.35)	Acc@5  87.50 ( 72.32)
0: Epoch: [0][360/391]	Time  0.107 ( 0.118)	Data  0.017 ( 0.020)	Loss 1.9980e+00 (2.2142e+00)	Acc@1  25.00 ( 23.58)	Acc@5  78.12 ( 72.55)
0: Epoch: [0][370/391]	Time  0.107 ( 0.117)	Data  0.017 ( 0.020)	L
0: oss 1.7261e+00 (2.2076e+00)	Acc@1  32.81 ( 23.72)	Acc@5  84.38 ( 72.76)
0: Epoch: [0][380/391]	Time  0.107 ( 0.117)	Data  0.017 ( 0.020)	Loss 1.8549e+00 (2.1998e+00)	Acc@1  32.81 ( 23.98)	Acc@5  92.19 ( 73.01)
0: Epoch: [0][390/391]	Time  1.760 ( 0.121)	Data  0.011 ( 0.020)	Loss 2.1995e+00 (2.1944e+00)	Acc@1  17.50 ( 24.04)	Acc@5  82.50 ( 73.25)
0: Test: [  0/157]	Time  0.053 ( 0.053)	Loss 1.8167e+00 (1.8167e+00)	Acc@1  29.69 ( 29.69)	Acc@5  87.50 ( 87.50)
0: Test: [ 10/157]	Time  0.042 ( 0.045)	Loss 1.7729e+00 (1.8879e+00)	Acc@1  34.38 ( 32.24)	Acc@5  87.50 ( 83.38)
0: Test: [ 20/157]	Time  0.042 ( 0.044)	Loss 1.9302e+00 (1.8851e+00)	Acc@1  21.88 ( 31.92)	Acc@5  87.50 ( 84.38)
0: Test: [ 30/157]	Time  0.042 ( 0.043)	Loss 1.9599e+00 (1.8774e+00)	Acc@1  26.56 ( 31.75)	Acc@5  84.38 ( 84.17)
0: Test: [ 40/157]	Time  0.042 ( 0.043)	Loss 1.9178e+00 (1.8772e+00)	Acc@1  25.00 ( 31.67)	Acc@5  79.69 ( 83.99)
0: Test: [ 50/157]	Time  0.042 ( 0.043)	Loss 1.9802e+00 (1.8815e+00)	Acc@1  25.00 ( 31.71)	Acc@5  79.69 ( 84.53)
0: Test: [ 60/157]	Time  
0: 0.042 ( 0.042)	Loss 1.8854e+00 (1.8711e+00)	Acc@1  26.56 ( 32.12)	Acc@5  82.81 ( 84.53)
0: Test: [ 70/157]	Time  0.042 ( 0.042)	Loss 1.7214e+00 (1.8626e+00)	Acc@1  35.94 ( 32.22)	Acc@5  87.50 ( 84.77)
0: Test: [ 80/157]	Time  0.042 ( 0.042)	Loss 1.8345e+00 (1.8616e+00)	Acc@1  32.81 ( 32.41)	Acc@5  82.81 ( 84.80)
0: Test: [ 90/157]	Time  0.042 ( 0.042)	Loss 1.7161e+00 (1.8655e+00)	Acc@1  34.38 ( 32.16)	Acc@5  87.50 ( 84.65)
0: Test: [100/157]	Time  0.042 ( 0.042)	Loss 1.9387e+00 (1.8712e+00)	Acc@1  40.62 ( 31.96)	Acc@5  81.25 ( 84.70)
0: Test: [110/157]	Time  0.042 ( 0.042)	Loss 1.7605e+00 (1.8714e+00)	Acc@1  39.06 ( 32.05)	Acc@5  84.38 ( 84.57)
0: Test: [120/157]	Time  0.042 ( 0.042)	Loss 1.8755e+00 (1.8681e+00)	Acc@1  37.50 ( 32.50)	Acc@5  81.25 ( 84.59)
0: Test: [130/157]	Time  0.042 ( 0.042)	Loss 1.7723e+00 (1.8703e+00)	Acc@1  35.94 ( 32.34)	Acc@5  84.38 ( 84.51)
0: Test: [140/157]	Time  0.042 ( 0.042)	Loss 2.0482e+00 (1.8723e+00)	Acc@1  23.44 ( 32.15)	Acc@5  81.25 ( 84.44)
0: Test: [150/157]	Time  0.042 ( 0.042)	Loss 1.7880e+00 (1.
0: 8688e+00)	Acc@1  39.06 ( 32.38)	Acc@5  85.94 ( 84.46)
0:  * Acc@1 32.270 Acc@5 84.450
0: Epoch 0/1 - 54.292s
0: Steps per epoch: 391
0: Validation steps per epoch: 157
0: Average time per epoch: 54.292 s
0: --- 61.23910975456238 seconds ---
ELAPSED: 76 seconds
End at Mon Feb 15 23:05:13 EET 2021
