WORKERS: "gpu07-ib:5555"
Start at Sat Feb  6 20:54:56 EET 2021
CUDA_VISIBLE_DEVICES: 0,1
Running on hosts: gpu07
Running on 1 nodes.
Running 1 tasks per node
Job id is 1089983
srun -w gpu07 -N 1 -n 1 -l python -u train.pytorch.cifar10.py --config=configs/pytorch_cifar10_resnet.B64.yaml --dist-url 'tcp://gpu07-ib:5555' --dist-backend 'nccl' --multiprocessing-distributed --world-size 1 --rank 0 & 
0: Number of devices per node: 2
0: Use GPU: 0 for training
0: => creating model 'resnet50'
0: Epoch: [0][  0/782]	Time  2.709 ( 2.709)	Data  0.016 ( 0.016)	Loss 7.0378e+00 (7.0378e+00)	Acc@1   0.00 (  0.00)	Acc@5   3.12 (  3.12)
0: Epoch: [0][ 10/782]	Time  0.087 ( 0.324)	Data  0.009 ( 0.010)	Loss 2.7545e+00 (4.9051e+00)	Acc@1  15.62 (  5.97)	Acc@5  59.38 ( 29.26)
0: Epoch: [0][ 20/782]	Time  0.080 ( 0.211)	Data  0.009 ( 0.010)	Loss 2.5200e+00 (3.8223e+00)	Acc@1  18.75 (  8.18)	Acc@5  53.12 ( 39.73)
0: Epoch: [0][ 30/782]	Time  0.080 ( 0.170)	Data  0.009 ( 0.010)	Loss 2.4522e+00 (3.4239e+00)	Acc@1  15.62 (  9.38)	Acc@5  56.25 ( 45.26)
0: Epoch: [0][ 40/782]	Time  0.090 ( 0.151)	Data  0.011 ( 0.011)	Loss 2.4127e+00 (3.1995e+00)	Acc@1  15.62 (  9.98)	Acc@5  56.25 ( 47.79)
0: Epoch: [0][ 50/782]	Time  0.088 ( 0.139)	Data  0.010 ( 0.011)	Loss 2.6233e+00 (3.0754e+00)	Acc@1   6.25 (  9.68)	Acc@5  46.88 ( 48.35)
0: Epoch: [0][ 60/782]	Time  0.088 ( 0.131)	Data  0.010 ( 0.011)	Loss 2.3878e+00 (2.9692e+00)	Acc@1  15.62 ( 10.55)	Acc@5  62.50 ( 50.00)
0: Epoch: [0][ 70/782]	Time  
0: 0.091 ( 0.125)	Data  0.011 ( 0.011)	Loss 2.4820e+00 (2.8978e+00)	Acc@1  12.50 ( 11.22)	Acc@5  53.12 ( 51.32)
0: Epoch: [0][ 80/782]	Time  0.090 ( 0.120)	Data  0.011 ( 0.011)	Loss 2.1784e+00 (2.8246e+00)	Acc@1  18.75 ( 11.88)	Acc@5  78.12 ( 53.01)
0: Epoch: [0][ 90/782]	Time  0.090 ( 0.117)	Data  0.011 ( 0.011)	Loss 2.2861e+00 (2.7801e+00)	Acc@1  28.12 ( 12.53)	Acc@5  59.38 ( 53.78)
0: Epoch: [0][100/782]	Time  0.096 ( 0.115)	Data  0.011 ( 0.011)	Loss 2.3956e+00 (2.7360e+00)	Acc@1  15.62 ( 13.00)	Acc@5  78.12 ( 55.20)
0: Epoch: [0][110/782]	Time  0.091 ( 0.113)	Data  0.011 ( 0.011)	Loss 2.2985e+00 (2.6989e+00)	Acc@1  18.75 ( 13.82)	Acc@5  75.00 ( 55.97)
0: Epoch: [0][120/782]	Time  0.090 ( 0.111)	Data  0.010 ( 0.011)	Loss 2.3313e+00 (2.6685e+00)	Acc@1  15.62 ( 14.28)	Acc@5  71.88 ( 56.69)
0: Epoch: [0][130/782]	Time  0.090 ( 0.109)	Data  0.011 ( 0.011)	Loss 2.4581e+00 (2.6386e+00)	Acc@1  18.75 ( 14.60)	Acc@5  71.88 ( 57.68)
0: Epoch: [0][140/782]	Time  0.081 ( 0.108)	Data  0.009 ( 0.011)	Loss 2.3811e+00 (2.6128e+00)	Acc@1  21.88 (
0:  15.14)	Acc@5  75.00 ( 58.73)
0: Epoch: [0][150/782]	Time  0.083 ( 0.106)	Data  0.009 ( 0.011)	Loss 2.4365e+00 (2.5860e+00)	Acc@1  25.00 ( 15.71)	Acc@5  68.75 ( 59.77)
0: Epoch: [0][160/782]	Time  0.081 ( 0.105)	Data  0.009 ( 0.011)	Loss 2.4415e+00 (2.5679e+00)	Acc@1   6.25 ( 15.95)	Acc@5  68.75 ( 60.46)
0: Epoch: [0][170/782]	Time  0.081 ( 0.104)	Data  0.009 ( 0.011)	Loss 2.1256e+00 (2.5414e+00)	Acc@1  25.00 ( 16.63)	Acc@5  78.12 ( 61.40)
0: Epoch: [0][180/782]	Time  0.081 ( 0.103)	Data  0.009 ( 0.011)	Loss 2.3823e+00 (2.5224e+00)	Acc@1  25.00 ( 17.13)	Acc@5  68.75 ( 62.09)
0: Epoch: [0][190/782]	Time  0.081 ( 0.102)	Data  0.009 ( 0.011)	Loss 2.0612e+00 (2.5029e+00)	Acc@1  34.38 ( 17.70)	Acc@5  81.25 ( 62.84)
0: Epoch: [0][200/782]	Time  0.087 ( 0.101)	Data  0.009 ( 0.011)	Loss 2.0672e+00 (2.4869e+00)	Acc@1  28.12 ( 18.02)	Acc@5  81.25 ( 63.46)
0: Epoch: [0][210/782]	Time  0.087 ( 0.100)	Data  0.009 ( 0.011)	Loss 2.3190e+00 (2.4737e+00)	Acc@1  28.12 ( 18.35)	Acc@5  56.25 ( 63.85)
0: Epoch: [0][220/782]	Time  0.086 ( 0.100)	Data  0.
0: 009 ( 0.011)	Loss 2.4335e+00 (2.4660e+00)	Acc@1  37.50 ( 18.54)	Acc@5  71.88 ( 64.15)
0: Epoch: [0][230/782]	Time  0.087 ( 0.099)	Data  0.009 ( 0.011)	Loss 2.4477e+00 (2.4538e+00)	Acc@1  15.62 ( 18.70)	Acc@5  71.88 ( 64.72)
0: Epoch: [0][240/782]	Time  0.087 ( 0.098)	Data  0.009 ( 0.011)	Loss 1.8886e+00 (2.4411e+00)	Acc@1  37.50 ( 18.87)	Acc@5  75.00 ( 65.20)
0: Epoch: [0][250/782]	Time  0.087 ( 0.098)	Data  0.009 ( 0.011)	Loss 1.9227e+00 (2.4285e+00)	Acc@1  28.12 ( 19.06)	Acc@5  81.25 ( 65.64)
0: Epoch: [0][260/782]	Time  0.086 ( 0.097)	Data  0.009 ( 0.011)	Loss 2.1903e+00 (2.4189e+00)	Acc@1  31.25 ( 19.28)	Acc@5  75.00 ( 66.09)
0: Epoch: [0][270/782]	Time  0.086 ( 0.097)	Data  0.009 ( 0.011)	Loss 2.2432e+00 (2.4066e+00)	Acc@1  18.75 ( 19.57)	Acc@5  75.00 ( 66.50)
0: Epoch: [0][280/782]	Time  0.084 ( 0.096)	Data  0.009 ( 0.011)	Loss 2.0464e+00 (2.3961e+00)	Acc@1  34.38 ( 19.70)	Acc@5  81.25 ( 66.85)
0: Epoch: [0][290/782]	Time  0.087 ( 0.096)	Data  0.009 ( 0.011)	Loss 2.1208e+00 (2.3844e+00)	Acc@1  37.50 ( 20.06)	Acc@5  78.12 ( 
0: 67.20)
0: Epoch: [0][300/782]	Time  0.087 ( 0.096)	Data  0.009 ( 0.011)	Loss 2.0499e+00 (2.3761e+00)	Acc@1  21.88 ( 20.17)	Acc@5  75.00 ( 67.60)
0: Epoch: [0][310/782]	Time  0.088 ( 0.095)	Data  0.010 ( 0.011)	Loss 1.9846e+00 (2.3710e+00)	Acc@1  18.75 ( 20.30)	Acc@5  81.25 ( 67.88)
0: Epoch: [0][320/782]	Time  0.083 ( 0.095)	Data  0.010 ( 0.011)	Loss 2.0183e+00 (2.3577e+00)	Acc@1  21.88 ( 20.64)	Acc@5  84.38 ( 68.24)
0: Epoch: [0][330/782]	Time  0.090 ( 0.095)	Data  0.010 ( 0.011)	Loss 2.3387e+00 (2.3500e+00)	Acc@1  21.88 ( 20.81)	Acc@5  75.00 ( 68.67)
0: Epoch: [0][340/782]	Time  0.094 ( 0.095)	Data  0.010 ( 0.011)	Loss 2.1091e+00 (2.3419e+00)	Acc@1  25.00 ( 21.04)	Acc@5  78.12 ( 68.85)
0: Epoch: [0][350/782]	Time  0.083 ( 0.095)	Data  0.010 ( 0.011)	Loss 1.8135e+00 (2.3359e+00)	Acc@1  28.12 ( 21.22)	Acc@5  84.38 ( 69.05)
0: Epoch: [0][360/782]	Time  0.083 ( 0.095)	Data  0.010 ( 0.011)	Loss 1.8932e+00 (2.3279e+00)	Acc@1  37.50 ( 21.42)	Acc@5  78.12 ( 69.29)
0: Epoch: [0][370/782]	Time  0.099 ( 0.094)	Data  0.010 ( 0.011)	Loss 2.240
0: 2e+00 (2.3217e+00)	Acc@1  15.62 ( 21.51)	Acc@5  84.38 ( 69.47)
0: Epoch: [0][380/782]	Time  0.088 ( 0.094)	Data  0.010 ( 0.011)	Loss 2.3313e+00 (2.3146e+00)	Acc@1  21.88 ( 21.62)	Acc@5  65.62 ( 69.82)
0: Epoch: [0][390/782]	Time  0.088 ( 0.094)	Data  0.010 ( 0.011)	Loss 2.1913e+00 (2.3071e+00)	Acc@1  15.62 ( 21.80)	Acc@5  78.12 ( 70.05)
0: Epoch: [0][400/782]	Time  0.089 ( 0.094)	Data  0.010 ( 0.011)	Loss 1.9580e+00 (2.2974e+00)	Acc@1  18.75 ( 22.07)	Acc@5  84.38 ( 70.39)
0: Epoch: [0][410/782]	Time  0.088 ( 0.094)	Data  0.010 ( 0.011)	Loss 1.9564e+00 (2.2916e+00)	Acc@1  40.62 ( 22.22)	Acc@5  78.12 ( 70.59)
0: Epoch: [0][420/782]	Time  0.088 ( 0.094)	Data  0.011 ( 0.011)	Loss 2.0849e+00 (2.2854e+00)	Acc@1  25.00 ( 22.35)	Acc@5  81.25 ( 70.84)
0: Epoch: [0][430/782]	Time  0.089 ( 0.094)	Data  0.010 ( 0.011)	Loss 2.3488e+00 (2.2787e+00)	Acc@1  28.12 ( 22.54)	Acc@5  75.00 ( 71.07)
0: Epoch: [0][440/782]	Time  0.088 ( 0.093)	Data  0.010 ( 0.011)	Loss 2.5712e+00 (2.2759e+00)	Acc@1   9.38 ( 22.70)	Acc@5  81.25 ( 71.18)
0: Epoch: [0][450/7
0: 82]	Time  0.089 ( 0.093)	Data  0.010 ( 0.011)	Loss 1.6686e+00 (2.2694e+00)	Acc@1  34.38 ( 22.84)	Acc@5  93.75 ( 71.38)
0: Epoch: [0][460/782]	Time  0.089 ( 0.093)	Data  0.010 ( 0.011)	Loss 2.2568e+00 (2.2634e+00)	Acc@1  25.00 ( 23.01)	Acc@5  71.88 ( 71.55)
0: Epoch: [0][470/782]	Time  0.089 ( 0.093)	Data  0.011 ( 0.011)	Loss 2.1821e+00 (2.2588e+00)	Acc@1  28.12 ( 23.13)	Acc@5  81.25 ( 71.78)
0: Epoch: [0][480/782]	Time  0.089 ( 0.093)	Data  0.010 ( 0.011)	Loss 1.7069e+00 (2.2558e+00)	Acc@1  40.62 ( 23.27)	Acc@5  87.50 ( 71.94)
0: Epoch: [0][490/782]	Time  0.089 ( 0.093)	Data  0.010 ( 0.011)	Loss 1.8908e+00 (2.2497e+00)	Acc@1  31.25 ( 23.47)	Acc@5  84.38 ( 72.12)
0: Epoch: [0][500/782]	Time  0.083 ( 0.093)	Data  0.010 ( 0.011)	Loss 2.5469e+00 (2.2428e+00)	Acc@1  25.00 ( 23.64)	Acc@5  75.00 ( 72.36)
0: Epoch: [0][510/782]	Time  0.083 ( 0.093)	Data  0.010 ( 0.011)	Loss 1.7353e+00 (2.2369e+00)	Acc@1  43.75 ( 23.84)	Acc@5  78.12 ( 72.53)
0: Epoch: [0][520/782]	Time  0.083 ( 0.093)	Data  0.010 ( 0.011)	Loss 1.7937e+00 (2.2325e+00)	Acc@
0: 1  28.12 ( 23.97)	Acc@5  84.38 ( 72.71)
0: Epoch: [0][530/782]	Time  0.083 ( 0.092)	Data  0.010 ( 0.011)	Loss 2.2599e+00 (2.2299e+00)	Acc@1  18.75 ( 23.99)	Acc@5  71.88 ( 72.85)
0: Epoch: [0][540/782]	Time  0.090 ( 0.092)	Data  0.010 ( 0.011)	Loss 1.8180e+00 (2.2250e+00)	Acc@1  34.38 ( 24.10)	Acc@5  90.62 ( 73.05)
0: Epoch: [0][550/782]	Time  0.083 ( 0.092)	Data  0.010 ( 0.011)	Loss 2.0666e+00 (2.2212e+00)	Acc@1  34.38 ( 24.22)	Acc@5  90.62 ( 73.25)
0: Epoch: [0][560/782]	Time  0.083 ( 0.092)	Data  0.010 ( 0.011)	Loss 1.9672e+00 (2.2168e+00)	Acc@1  34.38 ( 24.27)	Acc@5  81.25 ( 73.39)
0: Epoch: [0][570/782]	Time  0.089 ( 0.092)	Data  0.010 ( 0.011)	Loss 1.8996e+00 (2.2100e+00)	Acc@1  31.25 ( 24.47)	Acc@5  78.12 ( 73.59)
0: Epoch: [0][580/782]	Time  0.089 ( 0.092)	Data  0.010 ( 0.011)	Loss 2.3477e+00 (2.2070e+00)	Acc@1  21.88 ( 24.61)	Acc@5  78.12 ( 73.68)
0: Epoch: [0][590/782]	Time  0.088 ( 0.092)	Data  0.010 ( 0.011)	Loss 1.6280e+00 (2.2041e+00)	Acc@1  37.50 ( 24.69)	Acc@5  87.50 ( 73.80)
0: Epoch: [0][600/782]	Time  0.088 ( 0.092
0: )	Data  0.010 ( 0.011)	Loss 2.0151e+00 (2.2017e+00)	Acc@1  31.25 ( 24.69)	Acc@5  75.00 ( 73.87)
0: Use GPU: 1 for training
0: => creating model 'resnet50'
0: Epoch: [0][  0/782]	Time  2.652 ( 2.652)	Data  0.019 ( 0.019)	Loss 7.6458e+00 (7.6458e+00)	Acc@1   0.00 (  0.00)	Acc@5   0.00 (  0.00)
0: Epoch: [0][ 10/782]	Time  0.088 ( 0.319)	Data  0.009 ( 0.010)	Loss 2.6437e+00 (4.8307e+00)	Acc@1  12.50 (  7.39)	Acc@5  46.88 ( 33.81)
0: Epoch: [0][ 20/782]	Time  0.084 ( 0.208)	Data  0.010 ( 0.010)	Loss 2.8999e+00 (3.7730e+00)	Acc@1   6.25 (  9.52)	Acc@5  50.00 ( 43.30)
0: Epoch: [0][ 30/782]	Time  0.083 ( 0.168)	Data  0.009 ( 0.010)	Loss 2.6325e+00 (3.3782e+00)	Acc@1   9.38 ( 11.19)	Acc@5  43.75 ( 47.68)
0: Epoch: [0][ 40/782]	Time  0.090 ( 0.149)	Data  0.009 ( 0.010)	Loss 2.4545e+00 (3.1716e+00)	Acc@1   6.25 ( 11.59)	Acc@5  56.25 ( 49.62)
0: Epoch: [0][ 50/782]	Time  0.090 ( 0.138)	Data  0.009 ( 0.011)	Loss 2.5330e+00 (3.0226e+00)	Acc@1  18.75 ( 12.13)	Acc@5  53.12 ( 51.65)
0: Epoch: [0][ 60/782]	Time  0.090 ( 0.129)	Data  0.009 ( 0.011)	Loss 2.4071e+00 (2.9185e+00)	Acc@1   0.00 ( 12.60)	Acc@5  62.50 ( 53.02)
0: Epoch: [0][ 70/782]	Time  
0: 0.089 ( 0.124)	Data  0.009 ( 0.011)	Loss 2.5553e+00 (2.8434e+00)	Acc@1  15.62 ( 13.25)	Acc@5  56.25 ( 54.01)
0: Epoch: [0][ 80/782]	Time  0.089 ( 0.119)	Data  0.009 ( 0.011)	Loss 2.2394e+00 (2.7858e+00)	Acc@1  28.12 ( 13.31)	Acc@5  59.38 ( 55.32)
0: Epoch: [0][ 90/782]	Time  0.091 ( 0.117)	Data  0.009 ( 0.011)	Loss 2.3686e+00 (2.7421e+00)	Acc@1  15.62 ( 13.43)	Acc@5  53.12 ( 55.98)
0: Epoch: [0][100/782]	Time  0.091 ( 0.114)	Data  0.009 ( 0.011)	Loss 2.3590e+00 (2.7039e+00)	Acc@1  18.75 ( 14.05)	Acc@5  62.50 ( 57.12)
0: Epoch: [0][110/782]	Time  0.090 ( 0.112)	Data  0.009 ( 0.011)	Loss 2.1086e+00 (2.6642e+00)	Acc@1  18.75 ( 14.75)	Acc@5  78.12 ( 58.25)
0: Epoch: [0][120/782]	Time  0.088 ( 0.110)	Data  0.009 ( 0.011)	Loss 2.1694e+00 (2.6398e+00)	Acc@1  15.62 ( 14.88)	Acc@5  78.12 ( 58.86)
0: Epoch: [0][130/782]	Time  0.089 ( 0.109)	Data  0.009 ( 0.011)	Loss 1.6731e+00 (2.6029e+00)	Acc@1  31.25 ( 15.70)	Acc@5  90.62 ( 60.21)
0: Epoch: [0][140/782]	Time  0.081 ( 0.107)	Data  0.009 ( 0.011)	Loss 2.2942e+00 (2.5765e+00)	Acc@1  25.00 (
0:  15.87)	Acc@5  78.12 ( 61.17)
0: Epoch: [0][150/782]	Time  0.083 ( 0.106)	Data  0.009 ( 0.011)	Loss 2.4100e+00 (2.5539e+00)	Acc@1  18.75 ( 16.27)	Acc@5  62.50 ( 61.94)
0: Epoch: [0][160/782]	Time  0.081 ( 0.105)	Data  0.009 ( 0.011)	Loss 2.4958e+00 (2.5321e+00)	Acc@1  18.75 ( 16.75)	Acc@5  71.88 ( 62.58)
0: Epoch: [0][170/782]	Time  0.081 ( 0.104)	Data  0.009 ( 0.011)	Loss 2.1834e+00 (2.5154e+00)	Acc@1  28.12 ( 17.14)	Acc@5  78.12 ( 63.18)
0: Epoch: [0][180/782]	Time  0.080 ( 0.102)	Data  0.009 ( 0.011)	Loss 2.4159e+00 (2.5013e+00)	Acc@1  25.00 ( 17.37)	Acc@5  78.12 ( 63.76)
0: Epoch: [0][190/782]	Time  0.080 ( 0.102)	Data  0.009 ( 0.011)	Loss 2.4027e+00 (2.4883e+00)	Acc@1  28.12 ( 17.80)	Acc@5  68.75 ( 64.19)
0: Epoch: [0][200/782]	Time  0.088 ( 0.101)	Data  0.009 ( 0.011)	Loss 2.4533e+00 (2.4746e+00)	Acc@1  12.50 ( 18.21)	Acc@5  59.38 ( 64.63)
0: Epoch: [0][210/782]	Time  0.087 ( 0.100)	Data  0.009 ( 0.011)	Loss 1.9072e+00 (2.4614e+00)	Acc@1  37.50 ( 18.35)	Acc@5  84.38 ( 65.11)
0: Epoch: [0][220/782]	Time  0.087 ( 0.099)	Data  0.
0: 009 ( 0.011)	Loss 2.3444e+00 (2.4468e+00)	Acc@1  15.62 ( 18.51)	Acc@5  71.88 ( 65.82)
0: Epoch: [0][230/782]	Time  0.087 ( 0.099)	Data  0.009 ( 0.011)	Loss 2.2080e+00 (2.4402e+00)	Acc@1  28.12 ( 18.66)	Acc@5  87.50 ( 66.21)
0: Epoch: [0][240/782]	Time  0.087 ( 0.098)	Data  0.009 ( 0.011)	Loss 2.1590e+00 (2.4261e+00)	Acc@1  21.88 ( 18.89)	Acc@5  71.88 ( 66.73)
0: Epoch: [0][250/782]	Time  0.087 ( 0.098)	Data  0.009 ( 0.011)	Loss 2.2837e+00 (2.4204e+00)	Acc@1  21.88 ( 18.97)	Acc@5  75.00 ( 66.88)
0: Epoch: [0][260/782]	Time  0.085 ( 0.097)	Data  0.009 ( 0.011)	Loss 1.9997e+00 (2.4090e+00)	Acc@1  31.25 ( 19.25)	Acc@5  78.12 ( 67.27)
0: Epoch: [0][270/782]	Time  0.080 ( 0.097)	Data  0.009 ( 0.011)	Loss 2.0873e+00 (2.3993e+00)	Acc@1  31.25 ( 19.46)	Acc@5  78.12 ( 67.59)
0: Epoch: [0][280/782]	Time  0.084 ( 0.096)	Data  0.009 ( 0.011)	Loss 2.0008e+00 (2.3868e+00)	Acc@1  34.38 ( 19.86)	Acc@5  78.12 ( 68.02)
0: Epoch: [0][290/782]	Time  0.087 ( 0.096)	Data  0.009 ( 0.011)	Loss 2.1966e+00 (2.3793e+00)	Acc@1  21.88 ( 20.04)	Acc@5  75.00 ( 
0: 68.26)
0: Epoch: [0][300/782]	Time  0.087 ( 0.096)	Data  0.009 ( 0.011)	Loss 2.1919e+00 (2.3700e+00)	Acc@1  15.62 ( 20.19)	Acc@5  84.38 ( 68.59)
0: Epoch: [0][310/782]	Time  0.090 ( 0.095)	Data  0.009 ( 0.011)	Loss 2.2178e+00 (2.3662e+00)	Acc@1  21.88 ( 20.31)	Acc@5  68.75 ( 68.73)
0: Epoch: [0][320/782]	Time  0.090 ( 0.095)	Data  0.009 ( 0.011)	Loss 2.1667e+00 (2.3582e+00)	Acc@1  12.50 ( 20.37)	Acc@5  84.38 ( 69.01)
0: Epoch: [0][330/782]	Time  0.084 ( 0.095)	Data  0.009 ( 0.011)	Loss 2.5917e+00 (2.3531e+00)	Acc@1  12.50 ( 20.52)	Acc@5  75.00 ( 69.22)
0: Epoch: [0][340/782]	Time  0.083 ( 0.095)	Data  0.009 ( 0.011)	Loss 1.6272e+00 (2.3428e+00)	Acc@1  40.62 ( 20.81)	Acc@5  93.75 ( 69.57)
0: Epoch: [0][350/782]	Time  0.086 ( 0.095)	Data  0.009 ( 0.011)	Loss 2.2808e+00 (2.3387e+00)	Acc@1  18.75 ( 20.95)	Acc@5  68.75 ( 69.69)
0: Epoch: [0][360/782]	Time  0.090 ( 0.094)	Data  0.009 ( 0.011)	Loss 2.2964e+00 (2.3292e+00)	Acc@1  21.88 ( 21.19)	Acc@5  68.75 ( 69.96)
0: Epoch: [0][370/782]	Time  0.087 ( 0.094)	Data  0.009 ( 0.011)	Loss 2.040
0: 8e+00 (2.3236e+00)	Acc@1  34.38 ( 21.31)	Acc@5  81.25 ( 70.20)
0: Epoch: [0][380/782]	Time  0.089 ( 0.094)	Data  0.009 ( 0.011)	Loss 2.0748e+00 (2.3192e+00)	Acc@1  21.88 ( 21.40)	Acc@5  68.75 ( 70.23)
0: Epoch: [0][390/782]	Time  0.089 ( 0.094)	Data  0.009 ( 0.011)	Loss 2.2780e+00 (2.3151e+00)	Acc@1  15.62 ( 21.44)	Acc@5  75.00 ( 70.36)
0: Epoch: [0][400/782]	Time  0.089 ( 0.094)	Data  0.009 ( 0.011)	Loss 1.8317e+00 (2.3094e+00)	Acc@1  37.50 ( 21.64)	Acc@5  87.50 ( 70.67)
0: Epoch: [0][410/782]	Time  0.089 ( 0.094)	Data  0.009 ( 0.011)	Loss 2.0592e+00 (2.3031e+00)	Acc@1  21.88 ( 21.80)	Acc@5  75.00 ( 70.86)
0: Epoch: [0][420/782]	Time  0.089 ( 0.093)	Data  0.009 ( 0.011)	Loss 2.1127e+00 (2.2962e+00)	Acc@1  31.25 ( 21.99)	Acc@5  68.75 ( 71.04)
0: Epoch: [0][430/782]	Time  0.089 ( 0.093)	Data  0.009 ( 0.011)	Loss 1.9808e+00 (2.2904e+00)	Acc@1  34.38 ( 22.11)	Acc@5  81.25 ( 71.25)
0: Epoch: [0][440/782]	Time  0.089 ( 0.093)	Data  0.009 ( 0.011)	Loss 2.1068e+00 (2.2842e+00)	Acc@1  40.62 ( 22.31)	Acc@5  78.12 ( 71.42)
0: Epoch: [0][450/7
0: 82]	Time  0.089 ( 0.093)	Data  0.009 ( 0.011)	Loss 1.9941e+00 (2.2783e+00)	Acc@1  40.62 ( 22.45)	Acc@5  75.00 ( 71.59)
0: Epoch: [0][460/782]	Time  0.084 ( 0.093)	Data  0.009 ( 0.011)	Loss 2.0168e+00 (2.2705e+00)	Acc@1  25.00 ( 22.63)	Acc@5  75.00 ( 71.87)
0: Epoch: [0][470/782]	Time  0.084 ( 0.093)	Data  0.009 ( 0.011)	Loss 1.9543e+00 (2.2660e+00)	Acc@1  34.38 ( 22.75)	Acc@5  84.38 ( 71.99)
0: Epoch: [0][480/782]	Time  0.084 ( 0.093)	Data  0.009 ( 0.011)	Loss 2.2794e+00 (2.2621e+00)	Acc@1  21.88 ( 22.86)	Acc@5  81.25 ( 72.21)
0: Epoch: [0][490/782]	Time  0.083 ( 0.093)	Data  0.009 ( 0.011)	Loss 1.8866e+00 (2.2580e+00)	Acc@1  37.50 ( 22.94)	Acc@5  81.25 ( 72.37)
0: Epoch: [0][500/782]	Time  0.084 ( 0.093)	Data  0.009 ( 0.011)	Loss 2.1803e+00 (2.2514e+00)	Acc@1  34.38 ( 23.07)	Acc@5  78.12 ( 72.62)
0: Epoch: [0][510/782]	Time  0.086 ( 0.093)	Data  0.009 ( 0.011)	Loss 1.9404e+00 (2.2467e+00)	Acc@1  28.12 ( 23.19)	Acc@5  81.25 ( 72.76)
0: Epoch: [0][520/782]	Time  0.086 ( 0.092)	Data  0.009 ( 0.011)	Loss 1.8004e+00 (2.2418e+00)	Acc@
0: 1  31.25 ( 23.31)	Acc@5  90.62 ( 72.96)
0: Epoch: [0][530/782]	Time  0.086 ( 0.092)	Data  0.009 ( 0.011)	Loss 1.8255e+00 (2.2351e+00)	Acc@1  46.88 ( 23.56)	Acc@5  87.50 ( 73.16)
0: Epoch: [0][540/782]	Time  0.087 ( 0.092)	Data  0.009 ( 0.011)	Loss 2.0432e+00 (2.2314e+00)	Acc@1  21.88 ( 23.64)	Acc@5  78.12 ( 73.27)
0: Epoch: [0][550/782]	Time  0.087 ( 0.092)	Data  0.009 ( 0.011)	Loss 1.9136e+00 (2.2270e+00)	Acc@1  31.25 ( 23.79)	Acc@5  84.38 ( 73.42)
0: Epoch: [0][560/782]	Time  0.087 ( 0.092)	Data  0.009 ( 0.011)	Loss 1.7207e+00 (2.2230e+00)	Acc@1  46.88 ( 23.92)	Acc@5  81.25 ( 73.50)
0: Epoch: [0][570/782]	Time  0.083 ( 0.092)	Data  0.009 ( 0.011)	Loss 1.8703e+00 (2.2178e+00)	Acc@1  50.00 ( 24.09)	Acc@5  84.38 ( 73.67)
0: Epoch: [0][580/782]	Time  0.084 ( 0.092)	Data  0.009 ( 0.011)	Loss 2.0832e+00 (2.2132e+00)	Acc@1  28.12 ( 24.21)	Acc@5  78.12 ( 73.79)
0: Epoch: [0][590/782]	Time  0.089 ( 0.092)	Data  0.009 ( 0.011)	Loss 1.7532e+00 (2.2085e+00)	Acc@1  28.12 ( 24.28)	Acc@5  93.75 ( 73.96)
0: Epoch: [0][600/782]	Time  0.089 ( 0.092
0: )	Data  0.009 ( 0.011)	Loss 2.1859e+00 (2.2069e+00)	Acc@1  25.00 ( 24.29)	Acc@5  71.88 ( 74.00)
0: 
0: Epoch: [0][610/782]	Time  0.089 ( 0.092)	Data  0.009 ( 0.011)	Loss 1.8888e+00 (2.2010e+00)	Acc@1  31.25 ( 24.47)	Acc@5  81.25 ( 74.16)
0: Epoch: [0][620/782]	Time  0.089 ( 0.092)	Data  0.009 ( 0.011)	Loss 1.9856e+00 (2.1961e+00)	Acc@1  21.88 ( 24.53)	Acc@5  87.50 ( 74.35)
0: Epoch: [0][630/782]	Time  0.089 ( 0.092)	Data  0.009 ( 0.011)	Loss 1.8117e+00 (2.1911e+00)	Acc@1  40.62 ( 24.69)	Acc@5  84.38 ( 74.46)
0: Epoch: [0][640/782]	Time  0.087 ( 0.092)	Data  0.009 ( 0.011)	Loss 1.7444e+00 (2.1866e+00)	Acc@1  37.50 ( 24.82)	Acc@5  90.62 ( 74.61)
0: Epoch: [0][650/782]	Time  0.086 ( 0.092)	Data  0.009 ( 0.011)	Loss 2.1822e+00 (2.1811e+00)	Acc@1  31.25 ( 25.02)	Acc@5  71.88 ( 74.76)
0: Epoch: [0][660/782]	Time  0.090 ( 0.092)	Data  0.009 ( 0.011)	Loss 1.7590e+00 (2.1759e+00)	Acc@1  28.12 ( 25.17)	Acc@5  84.38 ( 74.92)
0: Epoch: [0][670/782]	Time  0.086 ( 0.091)	Data  0.009 ( 0.011)	Loss 1.9295e+00 (2.1716e+00)	Acc@1  37.50 ( 25.32)	Acc@5  84.38 ( 75.07)
0: Epoch: [0][680/782]	Time  0.083 ( 0.091)	Data  0.009 ( 0.011)	Loss 1.6305e+00 
0: (2.1680e+00)	Acc@1  46.88 ( 25.43)	Acc@5  90.62 ( 75.20)
0: Epoch: [0][690/782]	Time  0.084 ( 0.091)	Data  0.009 ( 0.011)	Loss 2.0636e+00 (2.1642e+00)	Acc@1  25.00 ( 25.51)	Acc@5  78.12 ( 75.31)
0: Epoch: [0][700/782]	Time  0.089 ( 0.091)	Data  0.009 ( 0.011)	Loss 2.2238e+00 (2.1619e+00)	Acc@1  28.12 ( 25.59)	Acc@5  78.12 ( 75.40)
0: Epoch: [0][710/782]	Time  0.089 ( 0.091)	Data  0.009 ( 0.011)	Loss 1.8288e+00 (2.1582e+00)	Acc@1  25.00 ( 25.67)	Acc@5  81.25 ( 75.55)
0: Epoch: [0][720/782]	Time  0.091 ( 0.091)	Data  0.009 ( 0.011)	Loss 2.1159e+00 (2.1563e+00)	Acc@1  31.25 ( 25.73)	Acc@5  87.50 ( 75.59)
0: Epoch: [0][730/782]	Time  0.086 ( 0.091)	Data  0.009 ( 0.011)	Loss 2.0048e+00 (2.1533e+00)	Acc@1  18.75 ( 25.78)	Acc@5  87.50 ( 75.73)
0: Epoch: [0][740/782]	Time  0.086 ( 0.091)	Data  0.009 ( 0.011)	Loss 1.6508e+00 (2.1504e+00)	Acc@1  34.38 ( 25.83)	Acc@5  90.62 ( 75.84)
0: Epoch: [0][750/782]	Time  0.086 ( 0.091)	Data  0.009 ( 0.011)	Loss 1.9476e+00 (2.1462e+00)	Acc@1  34.38 ( 25.95)	Acc@5  84.38 ( 75.94)
0: Epoch: [0][760/782]	Ti
0: me  0.086 ( 0.091)	Data  0.009 ( 0.011)	Loss 1.7556e+00 (2.1431e+00)	Acc@1  31.25 ( 26.00)	Acc@5  93.75 ( 76.05)
0: Epoch: [0][770/782]	Time  0.087 ( 0.091)	Data  0.009 ( 0.011)	Loss 1.8223e+00 (2.1400e+00)	Acc@1  31.25 ( 26.05)	Acc@5  87.50 ( 76.16)
0: Epoch: [0][780/782]	Time  0.087 ( 0.091)	Data  0.009 ( 0.011)	Loss 2.1560e+00 (2.1383e+00)	Acc@1  31.25 ( 26.12)	Acc@5  84.38 ( 76.24)
0: Test: [  0/313]	Time  0.047 ( 0.047)	Loss 1.9851e+00 (1.9851e+00)	Acc@1  50.00 ( 50.00)	Acc@5  90.62 ( 90.62)
0: Test: [ 10/313]	Time  0.027 ( 0.029)	Loss 1.7148e+00 (2.0160e+00)	Acc@1  25.00 ( 36.65)	Acc@5  87.50 ( 82.67)
0: Test: [ 20/313]	Time  0.027 ( 0.028)	Loss 1.8524e+00 (1.9212e+00)	Acc@1  40.62 ( 35.71)	Acc@5  84.38 ( 84.67)
0: Test: [ 30/313]	Time  0.027 ( 0.028)	Loss 1.8340e+00 (1.9035e+00)	Acc@1  34.38 ( 35.89)	Acc@5  87.50 ( 84.17)
0: Test: [ 40/313]	Time  0.027 ( 0.028)	Loss 1.8119e+00 (1.9104e+00)	Acc@1  25.00 ( 35.67)	Acc@5  93.75 ( 84.07)
0: Test: [ 50/313]	Time  0.027 ( 0.028)	Loss 2.2632e+00 (1.9190e+00)	Acc@1  28.12 ( 34.87)	Acc
0: @5  68.75 ( 83.88)
0: Test: [ 60/313]	Time  0.027 ( 0.028)	Loss 1.9711e+00 (1.9153e+00)	Acc@1  21.88 ( 35.14)	Acc@5  81.25 ( 83.81)
0: Test: [ 70/313]	Time  0.027 ( 0.028)	Loss 1.5739e+00 (1.9036e+00)	Acc@1  50.00 ( 34.90)	Acc@5  90.62 ( 84.07)
0: Test: [ 80/313]	Time  0.027 ( 0.028)	Loss 1.8420e+00 (1.9032e+00)	Acc@1  28.12 ( 34.84)	Acc@5  81.25 ( 83.91)
0: Test: [ 90/313]	Time  0.027 ( 0.028)	Loss 2.3360e+00 (1.9008e+00)	Acc@1  25.00 ( 34.72)	Acc@5  81.25 ( 84.00)
0: Test: [100/313]	Time  0.027 ( 0.028)	Loss 1.9724e+00 (1.8957e+00)	Acc@1  28.12 ( 34.90)	Acc@5  75.00 ( 83.88)
0: Test: [110/313]	Time  0.027 ( 0.028)	Loss 2.2754e+00 (1.9052e+00)	Acc@1  31.25 ( 34.85)	Acc@5  78.12 ( 83.61)
0: Test: [120/313]	Time  0.027 ( 0.028)	Loss 1.8257e+00 (1.9032e+00)	Acc@1  34.38 ( 34.89)	Acc@5  84.38 ( 83.70)
0: Test: [130/313]	Time  0.027 ( 0.028)	Loss 2.2284e+00 (1.9017e+00)	Acc@1  34.38 ( 34.64)	Acc@5  81.25 ( 83.85)
0: Test: [140/313]	Time  0.027 ( 0.028)	Loss 1.4652e+00 (1.8928e+00)	Acc@1  56.25 ( 34.84)	Acc@5  90.62 ( 84.11)
0: Test: [150/313]
0: 	Time  0.027 ( 0.027)	Loss 1.7018e+00 (1.8911e+00)	Acc@1  40.62 ( 34.87)	Acc@5  84.38 ( 84.31)
0: Test: [160/313]	Time  0.027 ( 0.027)	Loss 1.5730e+00 (1.8850e+00)	Acc@1  46.88 ( 34.94)	Acc@5  93.75 ( 84.49)
0: Test: [170/313]	Time  0.027 ( 0.027)	Loss 1.9684e+00 (1.8942e+00)	Acc@1  40.62 ( 34.63)	Acc@5  75.00 ( 84.25)
0: Test: [180/313]	Time  0.027 ( 0.027)	Loss 1.6488e+00 (1.8915e+00)	Acc@1  37.50 ( 34.60)	Acc@5  90.62 ( 84.25)
0: Test: [190/313]	Time  0.027 ( 0.027)	Loss 2.0961e+00 (1.8885e+00)	Acc@1  34.38 ( 34.67)	Acc@5  68.75 ( 84.28)
0: Test: [200/313]	Time  0.027 ( 0.027)	Loss 1.9779e+00 (1.8890e+00)	Acc@1  31.25 ( 34.64)	Acc@5  78.12 ( 84.27)
0: Test: [210/313]	Time  0.027 ( 0.027)	Loss 2.0312e+00 (1.8896e+00)	Acc@1  46.88 ( 34.55)	Acc@5  78.12 ( 84.38)
0: Test: [220/313]	Time  0.027 ( 0.027)	Loss 2.2460e+00 (1.8940e+00)	Acc@1  28.12 ( 34.45)	Acc@5  78.12 ( 84.33)
0: Test: [230/313]	Time  0.027 ( 0.027)	Loss 1.9976e+00 (1.8907e+00)	Acc@1  28.12 ( 34.44)	Acc@5  87.50 ( 84.48)
0: Test: [240/313]	Time  0.027 ( 0.027)	Loss 2.0025e
0: +00 (1.8938e+00)	Acc@1  43.75 ( 34.56)	Acc@5  81.25 ( 84.35)
0: Test: [250/313]	Time  0.027 ( 0.027)	Loss 2.0562e+00 (1.8996e+00)	Acc@1  25.00 ( 34.50)	Acc@5  78.12 ( 84.20)
0: Test: [260/313]	Time  0.027 ( 0.027)	Loss 1.6992e+00 (1.8967e+00)	Acc@1  46.88 ( 34.41)	Acc@5  81.25 ( 84.26)
0: Test: [270/313]	Time  0.027 ( 0.027)	Loss 2.3914e+00 (1.9006e+00)	Acc@1  37.50 ( 34.41)	Acc@5  75.00 ( 84.02)
0: Test: [280/313]	Time  0.027 ( 0.027)	Loss 1.8475e+00 (1.8997e+00)	Acc@1  46.88 ( 34.58)	Acc@5  78.12 ( 84.05)
0: Test: [290/313]	Time  0.027 ( 0.027)	Loss 1.8652e+00 (1.8975e+00)	Acc@1  34.38 ( 34.74)	Acc@5  87.50 ( 84.04)
0: Test: [300/313]	Time  0.027 ( 0.027)	Loss 1.6486e+00 (1.8982e+00)	Acc@1  50.00 ( 34.68)	Acc@5  87.50 ( 83.98)
0: Test: [310/313]	Time  0.027 ( 0.027)	Loss 2.1692e+00 (1.9014e+00)	Acc@1  28.12 ( 34.53)	Acc@5  84.38 ( 83.94)
0:  * Acc@1 34.450 Acc@5 83.950
0: Epoch 0/1 - 82.008s
0: Steps per epoch: 782
0: Validation steps per epoch: 313
0: Average time per epoch: 82.008 s
0: 
0: Epoch: [0][610/782]	Time  0.088 ( 0.092)	Data  0.010 ( 0.011)	Loss 1.8727e+00 (2.1975e+00)	Acc@1  31.25 ( 24.75)	Acc@5  87.50 ( 74.05)
0: Epoch: [0][620/782]	Time  0.088 ( 0.092)	Data  0.011 ( 0.011)	Loss 1.8907e+00 (2.1939e+00)	Acc@1  37.50 ( 24.83)	Acc@5  78.12 ( 74.12)
0: Epoch: [0][630/782]	Time  0.083 ( 0.092)	Data  0.011 ( 0.011)	Loss 1.8651e+00 (2.1887e+00)	Acc@1  34.38 ( 24.96)	Acc@5  84.38 ( 74.25)
0: Epoch: [0][640/782]	Time  0.083 ( 0.092)	Data  0.010 ( 0.011)	Loss 2.1364e+00 (2.1849e+00)	Acc@1  25.00 ( 25.06)	Acc@5  75.00 ( 74.36)
0: Epoch: [0][650/782]	Time  0.089 ( 0.092)	Data  0.010 ( 0.011)	Loss 2.0323e+00 (2.1793e+00)	Acc@1  37.50 ( 25.21)	Acc@5  87.50 ( 74.52)
0: Epoch: [0][660/782]	Time  0.093 ( 0.092)	Data  0.010 ( 0.011)	Loss 1.9820e+00 (2.1757e+00)	Acc@1  25.00 ( 25.32)	Acc@5  78.12 ( 74.64)
0: Epoch: [0][670/782]	Time  0.083 ( 0.092)	Data  0.010 ( 0.011)	Loss 1.9161e+00 (2.1726e+00)	Acc@1  37.50 ( 25.36)	Acc@5  81.25 ( 74.78)
0: Epoch: [0][680/782]	Time  0.089 ( 0.092)	Data  0.010 ( 0.011)	Loss 2.0134e+00 
0: (2.1690e+00)	Acc@1  25.00 ( 25.50)	Acc@5  81.25 ( 74.86)
0: Epoch: [0][690/782]	Time  0.089 ( 0.091)	Data  0.010 ( 0.011)	Loss 2.0055e+00 (2.1654e+00)	Acc@1  31.25 ( 25.62)	Acc@5  84.38 ( 75.00)
0: Epoch: [0][700/782]	Time  0.083 ( 0.091)	Data  0.010 ( 0.011)	Loss 2.1670e+00 (2.1621e+00)	Acc@1  37.50 ( 25.71)	Acc@5  81.25 ( 75.11)
0: Epoch: [0][710/782]	Time  0.089 ( 0.091)	Data  0.010 ( 0.011)	Loss 1.8709e+00 (2.1601e+00)	Acc@1  40.62 ( 25.82)	Acc@5  84.38 ( 75.18)
0: Epoch: [0][720/782]	Time  0.088 ( 0.091)	Data  0.010 ( 0.011)	Loss 1.8615e+00 (2.1586e+00)	Acc@1  34.38 ( 25.89)	Acc@5  93.75 ( 75.32)
0: Epoch: [0][730/782]	Time  0.082 ( 0.091)	Data  0.010 ( 0.011)	Loss 1.8692e+00 (2.1560e+00)	Acc@1  37.50 ( 25.97)	Acc@5  84.38 ( 75.39)
0: Epoch: [0][740/782]	Time  0.083 ( 0.091)	Data  0.010 ( 0.011)	Loss 2.3680e+00 (2.1543e+00)	Acc@1  18.75 ( 25.97)	Acc@5  75.00 ( 75.49)
0: Epoch: [0][750/782]	Time  0.083 ( 0.091)	Data  0.010 ( 0.011)	Loss 1.6892e+00 (2.1516e+00)	Acc@1  40.62 ( 26.03)	Acc@5  93.75 ( 75.58)
0: Epoch: [0][760/782]	Ti
0: me  0.083 ( 0.091)	Data  0.010 ( 0.011)	Loss 1.8930e+00 (2.1479e+00)	Acc@1  37.50 ( 26.12)	Acc@5  78.12 ( 75.67)
0: Epoch: [0][770/782]	Time  0.083 ( 0.091)	Data  0.010 ( 0.011)	Loss 2.0480e+00 (2.1444e+00)	Acc@1  37.50 ( 26.23)	Acc@5  75.00 ( 75.74)
0: Epoch: [0][780/782]	Time  0.083 ( 0.091)	Data  0.010 ( 0.011)	Loss 1.3757e+00 (2.1413e+00)	Acc@1  46.88 ( 26.32)	Acc@5  93.75 ( 75.83)
0: Test: [  0/313]	Time  0.033 ( 0.033)	Loss 1.9851e+00 (1.9851e+00)	Acc@1  50.00 ( 50.00)	Acc@5  90.62 ( 90.62)
0: Test: [ 10/313]	Time  0.030 ( 0.030)	Loss 1.7148e+00 (2.0160e+00)	Acc@1  25.00 ( 36.65)	Acc@5  87.50 ( 82.67)
0: Test: [ 20/313]	Time  0.030 ( 0.030)	Loss 1.8524e+00 (1.9212e+00)	Acc@1  40.62 ( 35.71)	Acc@5  84.38 ( 84.67)
0: Test: [ 30/313]	Time  0.030 ( 0.030)	Loss 1.8340e+00 (1.9035e+00)	Acc@1  34.38 ( 35.89)	Acc@5  87.50 ( 84.17)
0: Test: [ 40/313]	Time  0.030 ( 0.030)	Loss 1.8119e+00 (1.9104e+00)	Acc@1  25.00 ( 35.67)	Acc@5  93.75 ( 84.07)
0: Test: [ 50/313]	Time  0.027 ( 0.030)	Loss 2.2632e+00 (1.9190e+00)	Acc@1  28.12 ( 34.87)	Acc
0: @5  68.75 ( 83.88)
0: Test: [ 60/313]	Time  0.027 ( 0.029)	Loss 1.9711e+00 (1.9153e+00)	Acc@1  21.88 ( 35.14)	Acc@5  81.25 ( 83.81)
0: Test: [ 70/313]	Time  0.027 ( 0.029)	Loss 1.5739e+00 (1.9036e+00)	Acc@1  50.00 ( 34.90)	Acc@5  90.62 ( 84.07)
0: Test: [ 80/313]	Time  0.027 ( 0.029)	Loss 1.8420e+00 (1.9032e+00)	Acc@1  28.12 ( 34.84)	Acc@5  81.25 ( 83.91)
0: Test: [ 90/313]	Time  0.027 ( 0.029)	Loss 2.3360e+00 (1.9008e+00)	Acc@1  25.00 ( 34.72)	Acc@5  81.25 ( 84.00)
0: Test: [100/313]	Time  0.027 ( 0.029)	Loss 1.9724e+00 (1.8957e+00)	Acc@1  28.12 ( 34.90)	Acc@5  75.00 ( 83.88)
0: Test: [110/313]	Time  0.028 ( 0.028)	Loss 2.2754e+00 (1.9052e+00)	Acc@1  31.25 ( 34.85)	Acc@5  78.12 ( 83.61)
0: Test: [120/313]	Time  0.027 ( 0.028)	Loss 1.8257e+00 (1.9032e+00)	Acc@1  34.38 ( 34.89)	Acc@5  84.38 ( 83.70)
0: Test: [130/313]	Time  0.027 ( 0.028)	Loss 2.2284e+00 (1.9017e+00)	Acc@1  34.38 ( 34.64)	Acc@5  81.25 ( 83.85)
0: Test: [140/313]	Time  0.027 ( 0.028)	Loss 1.4652e+00 (1.8928e+00)	Acc@1  56.25 ( 34.84)	Acc@5  90.62 ( 84.11)
0: Test: [150/313]
0: 	Time  0.027 ( 0.028)	Loss 1.7018e+00 (1.8911e+00)	Acc@1  40.62 ( 34.87)	Acc@5  84.38 ( 84.31)
0: Test: [160/313]	Time  0.027 ( 0.028)	Loss 1.5730e+00 (1.8850e+00)	Acc@1  46.88 ( 34.94)	Acc@5  93.75 ( 84.49)
0: Test: [170/313]	Time  0.028 ( 0.028)	Loss 1.9684e+00 (1.8942e+00)	Acc@1  40.62 ( 34.63)	Acc@5  75.00 ( 84.25)
0: Test: [180/313]	Time  0.027 ( 0.028)	Loss 1.6488e+00 (1.8915e+00)	Acc@1  37.50 ( 34.60)	Acc@5  90.62 ( 84.25)
0: Test: [190/313]	Time  0.027 ( 0.028)	Loss 2.0961e+00 (1.8885e+00)	Acc@1  34.38 ( 34.67)	Acc@5  68.75 ( 84.28)
0: Test: [200/313]	Time  0.027 ( 0.028)	Loss 1.9779e+00 (1.8890e+00)	Acc@1  31.25 ( 34.64)	Acc@5  78.12 ( 84.27)
0: Test: [210/313]	Time  0.027 ( 0.028)	Loss 2.0312e+00 (1.8896e+00)	Acc@1  46.88 ( 34.55)	Acc@5  78.12 ( 84.38)
0: Test: [220/313]	Time  0.027 ( 0.028)	Loss 2.2460e+00 (1.8940e+00)	Acc@1  28.12 ( 34.45)	Acc@5  78.12 ( 84.33)
0: Test: [230/313]	Time  0.027 ( 0.028)	Loss 1.9976e+00 (1.8907e+00)	Acc@1  28.12 ( 34.44)	Acc@5  87.50 ( 84.48)
0: Test: [240/313]	Time  0.028 ( 0.028)	Loss 2.0025e
0: +00 (1.8938e+00)	Acc@1  43.75 ( 34.56)	Acc@5  81.25 ( 84.35)
0: Test: [250/313]	Time  0.027 ( 0.028)	Loss 2.0562e+00 (1.8996e+00)	Acc@1  25.00 ( 34.50)	Acc@5  78.12 ( 84.20)
0: Test: [260/313]	Time  0.027 ( 0.028)	Loss 1.6992e+00 (1.8967e+00)	Acc@1  46.88 ( 34.41)	Acc@5  81.25 ( 84.26)
0: Test: [270/313]	Time  0.027 ( 0.028)	Loss 2.3914e+00 (1.9006e+00)	Acc@1  37.50 ( 34.41)	Acc@5  75.00 ( 84.02)
0: Test: [280/313]	Time  0.027 ( 0.028)	Loss 1.8475e+00 (1.8997e+00)	Acc@1  46.88 ( 34.58)	Acc@5  78.12 ( 84.05)
0: Test: [290/313]	Time  0.027 ( 0.028)	Loss 1.8652e+00 (1.8975e+00)	Acc@1  34.38 ( 34.74)	Acc@5  87.50 ( 84.04)
0: Test: [300/313]	Time  0.027 ( 0.028)	Loss 1.6486e+00 (1.8982e+00)	Acc@1  50.00 ( 34.68)	Acc@5  87.50 ( 83.98)
0: Test: [310/313]	Time  0.027 ( 0.028)	Loss 2.1692e+00 (1.9014e+00)	Acc@1  28.12 ( 34.53)	Acc@5  84.38 ( 83.94)
0:  * Acc@1 34.450 Acc@5 83.950
0: Epoch 0/1 - 82.201s
0: Steps per epoch: 782
0: Validation steps per epoch: 313
0: Average time per epoch: 82.201 s
0: --- 86.91856551170349 seconds ---
ELAPSED: 88 seconds
End at Sat Feb  6 20:56:24 EET 2021
