WORKERS: "gpu04-ib:5555"
Start at Sat Feb  6 20:55:07 EET 2021
CUDA_VISIBLE_DEVICES: 0,1
Running on hosts: gpu04
Running on 1 nodes.
Running 1 tasks per node
Job id is 1089985
0: Number of devices per node: 2
0: Use GPU: 1 for training
0: => creating model 'resnet50'
0: Epoch: [0][  0/196]	Time  7.738 ( 7.738)	Data  0.486 ( 0.486)	Loss 7.0956e+00 (7.0956e+00)	Acc@1   0.00 (  0.00)	Acc@5   0.78 (  0.78)
0: Epoch: [0][ 10/196]	Time  0.150 ( 0.840)	Data  0.035 ( 0.076)	Loss 2.7249e+00 (4.8237e+00)	Acc@1  14.84 (  8.38)	Acc@5  51.56 ( 33.59)
0: Epoch: [0][ 20/196]	Time  0.149 ( 0.513)	Data  0.034 ( 0.058)	Loss 2.4591e+00 (3.7112e+00)	Acc@1  12.50 ( 10.19)	Acc@5  50.00 ( 43.45)
0: Epoch: [0][ 30/196]	Time  0.150 ( 0.396)	Data  0.035 ( 0.051)	Loss 2.5345e+00 (3.3018e+00)	Acc@1  12.50 ( 11.19)	Acc@5  45.31 ( 47.20)
0: Epoch: [0][ 40/196]	Time  0.149 ( 0.337)	Data  0.034 ( 0.048)	Loss 2.3863e+00 (3.0877e+00)	Acc@1  11.72 ( 11.28)	Acc@5  57.81 ( 49.60)
0: Epoch: [0][ 50/196]	Time  0.150 ( 0.301)	Data  0.035 ( 0.046)	Loss 2.3730e+00 (2.9475e+00)	Acc@1  21.09 ( 11.80)	Acc@5  55.47 ( 51.07)
0: Epoch: [0][ 60/196]	Time  0.149 ( 0.276)	Data  0.034 ( 0.044)	Loss 2.4098e+00 (2.8492e+00)	Acc@1  14.84 ( 12.12)	Acc@5  56.25 ( 52.70)
0: Epoch: [0][ 70/196]	Time  
0: 0.149 ( 0.259)	Data  0.034 ( 0.044)	Loss 2.3511e+00 (2.7791e+00)	Acc@1  12.50 ( 12.44)	Acc@5  59.38 ( 53.90)
0: Epoch: [0][ 80/196]	Time  0.149 ( 0.246)	Data  0.034 ( 0.043)	Loss 2.4010e+00 (2.7229e+00)	Acc@1   9.38 ( 12.72)	Acc@5  64.06 ( 54.95)
0: Epoch: [0][ 90/196]	Time  0.149 ( 0.236)	Data  0.034 ( 0.042)	Loss 2.2333e+00 (2.6708e+00)	Acc@1  23.44 ( 13.42)	Acc@5  66.41 ( 56.20)
0: Epoch: [0][100/196]	Time  0.149 ( 0.227)	Data  0.035 ( 0.042)	Loss 2.1456e+00 (2.6243e+00)	Acc@1  19.53 ( 13.88)	Acc@5  68.75 ( 57.53)
0: Epoch: [0][110/196]	Time  0.149 ( 0.221)	Data  0.034 ( 0.041)	Loss 2.2449e+00 (2.5888e+00)	Acc@1  18.75 ( 14.23)	Acc@5  69.53 ( 58.50)
0: Epoch: [0][120/196]	Time  0.149 ( 0.215)	Data  0.035 ( 0.041)	Loss 2.2158e+00 (2.5542e+00)	Acc@1  23.44 ( 14.79)	Acc@5  70.31 ( 59.47)
0: Epoch: [0][130/196]	Time  0.150 ( 0.210)	Data  0.034 ( 0.041)	Loss 2.1898e+00 (2.5234e+00)	Acc@1  17.19 ( 15.30)	Acc@5  69.53 ( 60.52)
0: Epoch: [0][140/196]	Time  0.150 ( 0.206)	Data  0.035 ( 0.041)	Loss 2.0688e+00 (2.4958e+00)	Acc@1  27.34 (
0:  15.79)	Acc@5  76.56 ( 61.31)
0: Epoch: [0][150/196]	Time  0.150 ( 0.203)	Data  0.034 ( 0.040)	Loss 2.1560e+00 (2.4729e+00)	Acc@1  21.09 ( 16.08)	Acc@5  69.53 ( 62.10)
0: Epoch: [0][160/196]	Time  0.149 ( 0.199)	Data  0.034 ( 0.040)	Loss 1.9560e+00 (2.4472e+00)	Acc@1  24.22 ( 16.60)	Acc@5  82.81 ( 62.92)
0: Epoch: [0][170/196]	Time  0.149 ( 0.197)	Data  0.034 ( 0.040)	Loss 1.9931e+00 (2.4241e+00)	Acc@1  23.44 ( 17.12)	Acc@5  75.78 ( 63.72)
0: Epoch: [0][180/196]	Time  0.150 ( 0.194)	Data  0.035 ( 0.040)	Loss 1.9759e+00 (2.4037e+00)	Acc@1  24.22 ( 17.55)	Acc@5  76.56 ( 64.36)
0: Epoch: [0][190/196]	Time  0.149 ( 0.192)	Data  0.034 ( 0.040)	Loss 2.0328e+00 (2.3862e+00)	Acc@1  21.88 ( 17.86)	Acc@5  82.81 ( 64.95)
0: Test: [ 0/79]	Time  0.076 ( 0.076)	Loss 2.0266e+00 (2.0266e+00)	Acc@1  27.34 ( 27.34)	Acc@5  78.12 ( 78.12)
0: Test: [10/79]	Time  0.073 ( 0.074)	Loss 1.9903e+00 (2.0420e+00)	Acc@1  28.91 ( 26.85)	Acc@5  75.00 ( 76.14)
0: Test: [20/79]	Time  0.073 ( 0.074)	Loss 1.9919e+00 (2.0292e+00)	Acc@1  30.47 ( 26.79)	Acc@5  77.34 ( 77
0: .34)
0: Test: [30/79]	Time  0.073 ( 0.074)	Loss 2.0116e+00 (2.0416e+00)	Acc@1  21.88 ( 26.26)	Acc@5  78.12 ( 76.81)
0: Test: [40/79]	Time  0.073 ( 0.074)	Loss 1.9774e+00 (2.0334e+00)	Acc@1  23.44 ( 26.22)	Acc@5  82.03 ( 77.52)
0: Test: [50/79]	Time  0.073 ( 0.074)	Loss 2.0741e+00 (2.0407e+00)	Acc@1  28.12 ( 26.09)	Acc@5  74.22 ( 77.42)
0: Test: [60/79]	Time  0.074 ( 0.074)	Loss 1.9859e+00 (2.0409e+00)	Acc@1  31.25 ( 26.00)	Acc@5  80.47 ( 77.14)
0: Test: [70/79]	Time  0.073 ( 0.074)	Loss 1.9620e+00 (2.0498e+00)	Acc@1  25.78 ( 25.68)	Acc@5  78.91 ( 76.86)
0:  * Acc@1 25.780 Acc@5 76.730
0: Epoch 0/1 - 44.681s
0: Steps per epoch: 196
0: Validation steps per epoch: 79
0: Average time per epoch: 44.681 s
0: Use GPU: 0 for training
0: => creating model 'resnet50'
0: Epoch: [0][  0/196]	Time  7.729 ( 7.729)	Data  0.485 ( 0.485)	Loss 7.1658e+00 (7.1658e+00)	Acc@1   0.78 (  0.78)	Acc@5   2.34 (  2.34)
0: Epoch: [0][ 10/196]	Time  0.149 ( 0.839)	Data  0.034 ( 0.075)	Loss 2.7239e+00 (4.8377e+00)	Acc@1  10.16 (  6.53)	Acc@5  46.09 ( 31.18)
0: Epoch: [0][ 20/196]	Time  0.150 ( 0.512)	Data  0.034 ( 0.057)	Loss 2.3336e+00 (3.7257e+00)	Acc@1  21.88 (  8.93)	Acc@5  66.41 ( 42.63)
0: Epoch: [0][ 30/196]	Time  0.150 ( 0.396)	Data  0.034 ( 0.051)	Loss 2.4777e+00 (3.3140e+00)	Acc@1  13.28 ( 10.31)	Acc@5  50.78 ( 46.93)
0: Epoch: [0][ 40/196]	Time  0.149 ( 0.337)	Data  0.034 ( 0.048)	Loss 2.4993e+00 (3.0953e+00)	Acc@1  12.50 ( 11.05)	Acc@5  47.66 ( 49.60)
0: Epoch: [0][ 50/196]	Time  0.149 ( 0.301)	Data  0.034 ( 0.046)	Loss 2.3464e+00 (2.9514e+00)	Acc@1  17.19 ( 11.60)	Acc@5  53.91 ( 51.23)
0: Epoch: [0][ 60/196]	Time  0.149 ( 0.276)	Data  0.034 ( 0.044)	Loss 2.3066e+00 (2.8496e+00)	Acc@1  21.09 ( 12.09)	Acc@5  63.28 ( 52.88)
0: Epoch: [0][ 70/196]	Time  
0: 0.149 ( 0.259)	Data  0.034 ( 0.043)	Loss 2.3898e+00 (2.7784e+00)	Acc@1  12.50 ( 12.42)	Acc@5  51.56 ( 53.86)
0: Epoch: [0][ 80/196]	Time  0.150 ( 0.246)	Data  0.034 ( 0.043)	Loss 2.3132e+00 (2.7177e+00)	Acc@1  14.06 ( 12.69)	Acc@5  64.06 ( 55.18)
0: Epoch: [0][ 90/196]	Time  0.149 ( 0.236)	Data  0.034 ( 0.042)	Loss 2.2483e+00 (2.6698e+00)	Acc@1  16.41 ( 13.13)	Acc@5  68.75 ( 56.19)
0: Epoch: [0][100/196]	Time  0.149 ( 0.227)	Data  0.034 ( 0.042)	Loss 2.1652e+00 (2.6251e+00)	Acc@1  25.00 ( 13.82)	Acc@5  65.62 ( 57.20)
0: Epoch: [0][110/196]	Time  0.151 ( 0.221)	Data  0.034 ( 0.041)	Loss 2.2888e+00 (2.5873e+00)	Acc@1  14.06 ( 14.20)	Acc@5  66.41 ( 58.22)
0: Epoch: [0][120/196]	Time  0.149 ( 0.215)	Data  0.034 ( 0.041)	Loss 2.1236e+00 (2.5523e+00)	Acc@1  21.88 ( 14.84)	Acc@5  72.66 ( 59.25)
0: Epoch: [0][130/196]	Time  0.149 ( 0.210)	Data  0.034 ( 0.041)	Loss 2.2319e+00 (2.5236e+00)	Acc@1  17.97 ( 15.20)	Acc@5  69.53 ( 60.19)
0: Epoch: [0][140/196]	Time  0.149 ( 0.206)	Data  0.034 ( 0.040)	Loss 2.1888e+00 (2.4969e+00)	Acc@1  21.09 (
0:  15.76)	Acc@5  72.66 ( 61.14)
0: Epoch: [0][150/196]	Time  0.149 ( 0.203)	Data  0.034 ( 0.040)	Loss 2.0919e+00 (2.4713e+00)	Acc@1  21.09 ( 16.23)	Acc@5  75.78 ( 62.09)
0: Epoch: [0][160/196]	Time  0.150 ( 0.199)	Data  0.034 ( 0.040)	Loss 2.0711e+00 (2.4471e+00)	Acc@1  22.66 ( 16.71)	Acc@5  76.56 ( 62.90)
0: Epoch: [0][170/196]	Time  0.149 ( 0.197)	Data  0.034 ( 0.040)	Loss 1.9417e+00 (2.4254e+00)	Acc@1  28.12 ( 17.03)	Acc@5  78.12 ( 63.65)
0: Epoch: [0][180/196]	Time  0.154 ( 0.194)	Data  0.034 ( 0.040)	Loss 2.0147e+00 (2.4060e+00)	Acc@1  27.34 ( 17.42)	Acc@5  82.03 ( 64.34)
0: Epoch: [0][190/196]	Time  0.149 ( 0.192)	Data  0.034 ( 0.040)	Loss 2.0776e+00 (2.3877e+00)	Acc@1  17.19 ( 17.81)	Acc@5  79.69 ( 65.07)
0: Test: [ 0/79]	Time  0.076 ( 0.076)	Loss 2.0266e+00 (2.0266e+00)	Acc@1  27.34 ( 27.34)	Acc@5  78.12 ( 78.12)
0: Test: [10/79]	Time  0.074 ( 0.074)	Loss 1.9903e+00 (2.0420e+00)	Acc@1  28.91 ( 26.85)	Acc@5  75.00 ( 76.14)
0: Test: [20/79]	Time  0.074 ( 0.074)	Loss 1.9919e+00 (2.0292e+00)	Acc@1  30.47 ( 26.79)	Acc@5  77.34 ( 77
0: .34)
0: Test: [30/79]	Time  0.074 ( 0.074)	Loss 2.0116e+00 (2.0416e+00)	Acc@1  21.88 ( 26.26)	Acc@5  78.12 ( 76.81)
0: Test: [40/79]	Time  0.074 ( 0.074)	Loss 1.9774e+00 (2.0334e+00)	Acc@1  23.44 ( 26.22)	Acc@5  82.03 ( 77.52)
0: Test: [50/79]	Time  0.074 ( 0.074)	Loss 2.0741e+00 (2.0407e+00)	Acc@1  28.12 ( 26.09)	Acc@5  74.22 ( 77.42)
0: Test: [60/79]	Time  0.074 ( 0.074)	Loss 1.9859e+00 (2.0409e+00)	Acc@1  31.25 ( 26.00)	Acc@5  80.47 ( 77.14)
0: Test: [70/79]	Time  0.074 ( 0.074)	Loss 1.9620e+00 (2.0498e+00)	Acc@1  25.78 ( 25.68)	Acc@5  78.91 ( 76.86)
0:  * Acc@1 25.780 Acc@5 76.730
0: Epoch 0/1 - 44.691s
0: Steps per epoch: 196
0: Validation steps per epoch: 79
0: Average time per epoch: 44.691 s
0: --- 51.5556526184082 seconds ---
ELAPSED: 59 seconds
End at Sat Feb  6 20:56:06 EET 2021
