WORKERS: "gpu03-ib:5555"
Start at Sat Feb  6 20:45:58 EET 2021
CUDA_VISIBLE_DEVICES: 0
Running on hosts: gpu03
Running on 1 nodes.
Running 1 tasks per node
Job id is 1089975
0: Number of devices per node: 1
0: => creating model 'resnet50'
0: Epoch: [0][  0/196]	Time  8.202 ( 8.202)	Data  0.191 ( 0.191)	Loss 7.1703e+00 (7.1703e+00)	Acc@1   0.00 (  0.00)	Acc@5   0.00 (  0.00)
0: Epoch: [0][ 10/196]	Time  0.227 ( 0.949)	Data  0.070 ( 0.082)	Loss 2.7776e+00 (4.9716e+00)	Acc@1  12.89 (  7.56)	Acc@5  53.52 ( 32.78)
0: Epoch: [0][ 20/196]	Time  0.227 ( 0.608)	Data  0.070 ( 0.080)	Loss 2.5824e+00 (3.8043e+00)	Acc@1  10.16 (  9.82)	Acc@5  53.91 ( 43.47)
0: Epoch: [0][ 30/196]	Time  0.227 ( 0.487)	Data  0.070 ( 0.080)	Loss 2.3571e+00 (3.3522e+00)	Acc@1  14.45 ( 11.30)	Acc@5  59.38 ( 48.49)
0: Epoch: [0][ 40/196]	Time  0.227 ( 0.425)	Data  0.070 ( 0.080)	Loss 2.3181e+00 (3.1063e+00)	Acc@1  11.33 ( 12.15)	Acc@5  59.38 ( 51.61)
0: Epoch: [0][ 50/196]	Time  0.226 ( 0.387)	Data  0.070 ( 0.080)	Loss 2.1445e+00 (2.9449e+00)	Acc@1  21.48 ( 12.77)	Acc@5  74.61 ( 54.35)
0: Epoch: [0][ 60/196]	Time  0.227 ( 0.362)	Data  0.070 ( 0.080)	Loss 2.1486e+00 (2.8336e+00)	Acc@1  21.88 ( 13.52)	Acc@5  70.31 ( 56.38)
0: Epoch: [0][ 70/196]	
0: Time  0.227 ( 0.344)	Data  0.070 ( 0.080)	Loss 2.1782e+00 (2.7420e+00)	Acc@1  21.48 ( 14.46)	Acc@5  74.22 ( 58.31)
0: Epoch: [0][ 80/196]	Time  0.227 ( 0.330)	Data  0.070 ( 0.080)	Loss 2.2130e+00 (2.6760e+00)	Acc@1  18.75 ( 14.88)	Acc@5  67.19 ( 59.73)
0: Epoch: [0][ 90/196]	Time  0.226 ( 0.319)	Data  0.070 ( 0.080)	Loss 2.1071e+00 (2.6190e+00)	Acc@1  19.92 ( 15.47)	Acc@5  72.27 ( 61.08)
0: Epoch: [0][100/196]	Time  0.227 ( 0.311)	Data  0.070 ( 0.080)	Loss 2.2125e+00 (2.5737e+00)	Acc@1  19.53 ( 15.96)	Acc@5  71.09 ( 62.06)
0: Epoch: [0][110/196]	Time  0.227 ( 0.304)	Data  0.070 ( 0.080)	Loss 2.0725e+00 (2.5331e+00)	Acc@1  20.70 ( 16.39)	Acc@5  73.44 ( 63.08)
0: Epoch: [0][120/196]	Time  0.227 ( 0.298)	Data  0.070 ( 0.080)	Loss 2.0781e+00 (2.4984e+00)	Acc@1  23.44 ( 16.92)	Acc@5  77.34 ( 63.99)
0: Epoch: [0][130/196]	Time  0.227 ( 0.293)	Data  0.068 ( 0.080)	Loss 2.0705e+00 (2.4671e+00)	Acc@1  23.44 ( 17.46)	Acc@5  75.39 ( 64.79)
0: Epoch: [0][140/196]	Time  0.227 ( 0.288)	Data  0.068 ( 0.079)	Loss 2.1243e+00 (2.4411e+00)	Acc@1  2
0: 5.00 ( 17.81)	Acc@5  73.83 ( 65.49)
0: Epoch: [0][150/196]	Time  0.226 ( 0.285)	Data  0.068 ( 0.079)	Loss 1.9888e+00 (2.4159e+00)	Acc@1  27.73 ( 18.28)	Acc@5  77.73 ( 66.17)
0: Epoch: [0][160/196]	Time  0.226 ( 0.281)	Data  0.068 ( 0.079)	Loss 2.0234e+00 (2.3902e+00)	Acc@1  28.52 ( 18.83)	Acc@5  76.56 ( 66.96)
0: Epoch: [0][170/196]	Time  0.227 ( 0.279)	Data  0.068 ( 0.079)	Loss 1.9749e+00 (2.3659e+00)	Acc@1  28.52 ( 19.34)	Acc@5  82.03 ( 67.70)
0: Epoch: [0][180/196]	Time  0.227 ( 0.276)	Data  0.068 ( 0.079)	Loss 2.0296e+00 (2.3466e+00)	Acc@1  21.48 ( 19.72)	Acc@5  82.42 ( 68.26)
0: Epoch: [0][190/196]	Time  0.227 ( 0.274)	Data  0.068 ( 0.079)	Loss 2.0080e+00 (2.3260e+00)	Acc@1  25.00 ( 20.20)	Acc@5  79.69 ( 68.91)
0: Test: [ 0/40]	Time  0.140 ( 0.140)	Loss 2.0322e+00 (2.0322e+00)	Acc@1  31.64 ( 31.64)	Acc@5  80.08 ( 80.08)
0: Test: [10/40]	Time  0.139 ( 0.139)	Loss 1.9534e+00 (2.0069e+00)	Acc@1  29.69 ( 28.20)	Acc@5  81.64 ( 78.41)
0: Test: [20/40]	Time  0.139 ( 0.139)	Loss 2.0365e+00 (1.9928e+00)	Acc@1  27.73 ( 27.59)	Acc@5  75.7
0: 8 ( 78.89)
0: Test: [30/40]	Time  0.139 ( 0.139)	Loss 1.9312e+00 (1.9878e+00)	Acc@1  28.52 ( 27.63)	Acc@5  80.47 ( 78.88)
0:  * Acc@1 27.390 Acc@5 78.700
0: Epoch 0/1 - 62.395s
0: Steps per epoch: 196
0: Validation steps per epoch: 40
0: Average time per epoch: 62.395 s
0: --- 66.07377076148987 seconds ---
ELAPSED: 74 seconds
End at Sat Feb  6 20:47:12 EET 2021
