WORKERS: "gpu07-ib:5555"
Start at Sat Feb  6 20:40:38 EET 2021
CUDA_VISIBLE_DEVICES: 0
Running on hosts: gpu07
Running on 1 nodes.
Running 1 tasks per node
Job id is 1089971
0: Number of devices per node: 1
0: => creating model 'resnet50'
0: Epoch: [0][   0/1563]	Time  7.200 ( 7.200)	Data  0.354 ( 0.354)	Loss 7.3758e+00 (7.3758e+00)	Acc@1   0.00 (  0.00)	Acc@5   0.00 (  0.00)
0: Epoch: [0][  10/1563]	Time  0.071 ( 0.724)	Data  0.009 ( 0.040)	Loss 2.9043e+00 (5.1568e+00)	Acc@1   9.38 (  7.67)	Acc@5  46.88 ( 26.14)
0: Epoch: [0][  20/1563]	Time  0.079 ( 0.416)	Data  0.009 ( 0.026)	Loss 2.7038e+00 (4.0082e+00)	Acc@1   3.12 (  8.33)	Acc@5  50.00 ( 36.46)
0: Epoch: [0][  30/1563]	Time  0.072 ( 0.307)	Data  0.009 ( 0.021)	Loss 2.8363e+00 (3.5894e+00)	Acc@1  12.50 (  9.68)	Acc@5  46.88 ( 41.94)
0: Epoch: [0][  40/1563]	Time  0.079 ( 0.251)	Data  0.009 ( 0.019)	Loss 2.8212e+00 (3.3755e+00)	Acc@1   0.00 ( 10.59)	Acc@5  43.75 ( 46.11)
0: Epoch: [0][  50/1563]	Time  0.072 ( 0.217)	Data  0.009 ( 0.017)	Loss 2.6997e+00 (3.2342e+00)	Acc@1  15.62 ( 11.27)	Acc@5  50.00 ( 48.16)
0: Epoch: [0][  60/1563]	Time  0.079 ( 0.194)	Data  0.009 ( 0.016)	Loss 2.5861e+00 (3.1378e+00)	Acc@1  15.62 ( 11.42)	Acc@5  53.12 ( 49.28)
0: Epoch:
0:  [0][  70/1563]	Time  0.074 ( 0.178)	Data  0.009 ( 0.015)	Loss 2.7987e+00 (3.0764e+00)	Acc@1   9.38 ( 11.75)	Acc@5  59.38 ( 50.35)
0: Epoch: [0][  80/1563]	Time  0.077 ( 0.165)	Data  0.009 ( 0.015)	Loss 2.6628e+00 (3.0124e+00)	Acc@1   9.38 ( 12.27)	Acc@5  59.38 ( 51.70)
0: Epoch: [0][  90/1563]	Time  0.079 ( 0.156)	Data  0.009 ( 0.014)	Loss 2.4588e+00 (2.9478e+00)	Acc@1  15.62 ( 12.88)	Acc@5  65.62 ( 53.19)
0: Epoch: [0][ 100/1563]	Time  0.080 ( 0.148)	Data  0.009 ( 0.014)	Loss 2.0936e+00 (2.8975e+00)	Acc@1  31.25 ( 13.89)	Acc@5  84.38 ( 54.49)
0: Epoch: [0][ 110/1563]	Time  0.071 ( 0.142)	Data  0.009 ( 0.013)	Loss 2.5471e+00 (2.8532e+00)	Acc@1  15.62 ( 14.41)	Acc@5  65.62 ( 55.88)
0: Epoch: [0][ 120/1563]	Time  0.079 ( 0.136)	Data  0.009 ( 0.013)	Loss 2.7089e+00 (2.8225e+00)	Acc@1  12.50 ( 14.59)	Acc@5  59.38 ( 56.69)
0: Epoch: [0][ 130/1563]	Time  0.072 ( 0.132)	Data  0.009 ( 0.013)	Loss 2.1388e+00 (2.7930e+00)	Acc@1  31.25 ( 15.17)	Acc@5  78.12 ( 57.71)
0: Epoch: [0][ 140/1563]	Time  0.080 ( 0.128)	Data  0.009 ( 0.013)	Loss 2.
0: 5876e+00 (2.7673e+00)	Acc@1  28.12 ( 15.45)	Acc@5  65.62 ( 58.71)
0: Epoch: [0][ 150/1563]	Time  0.072 ( 0.125)	Data  0.009 ( 0.013)	Loss 2.7070e+00 (2.7529e+00)	Acc@1  15.62 ( 15.89)	Acc@5  68.75 ( 59.31)
0: Epoch: [0][ 160/1563]	Time  0.078 ( 0.122)	Data  0.009 ( 0.013)	Loss 3.0077e+00 (2.7460e+00)	Acc@1   9.38 ( 15.90)	Acc@5  68.75 ( 59.76)
0: Epoch: [0][ 170/1563]	Time  0.072 ( 0.119)	Data  0.009 ( 0.012)	Loss 2.4906e+00 (2.7411e+00)	Acc@1  25.00 ( 15.97)	Acc@5  68.75 ( 60.16)
0: Epoch: [0][ 180/1563]	Time  0.079 ( 0.117)	Data  0.009 ( 0.012)	Loss 2.4908e+00 (2.7315e+00)	Acc@1  21.88 ( 16.07)	Acc@5  68.75 ( 60.50)
0: Epoch: [0][ 190/1563]	Time  0.072 ( 0.115)	Data  0.009 ( 0.012)	Loss 2.5977e+00 (2.7176e+00)	Acc@1  21.88 ( 16.36)	Acc@5  65.62 ( 61.13)
0: Epoch: [0][ 200/1563]	Time  0.079 ( 0.113)	Data  0.009 ( 0.012)	Loss 2.5677e+00 (2.7133e+00)	Acc@1  25.00 ( 16.74)	Acc@5  68.75 ( 61.57)
0: Epoch: [0][ 210/1563]	Time  0.072 ( 0.111)	Data  0.009 ( 0.012)	Loss 2.4641e+00 (2.7031e+00)	Acc@1  18.75 ( 17.00)	Acc@5  68.75 ( 62.00)
0: 
0: Epoch: [0][ 220/1563]	Time  0.078 ( 0.110)	Data  0.009 ( 0.012)	Loss 2.2558e+00 (2.6886e+00)	Acc@1  37.50 ( 17.25)	Acc@5  84.38 ( 62.58)
0: Epoch: [0][ 230/1563]	Time  0.074 ( 0.108)	Data  0.009 ( 0.012)	Loss 2.0946e+00 (2.6632e+00)	Acc@1  18.75 ( 17.71)	Acc@5  78.12 ( 63.35)
0: Epoch: [0][ 240/1563]	Time  0.078 ( 0.107)	Data  0.009 ( 0.012)	Loss 2.6099e+00 (2.6520e+00)	Acc@1  28.12 ( 18.10)	Acc@5  78.12 ( 63.73)
0: Epoch: [0][ 250/1563]	Time  0.075 ( 0.106)	Data  0.009 ( 0.012)	Loss 2.4857e+00 (2.6469e+00)	Acc@1  31.25 ( 18.24)	Acc@5  71.88 ( 64.07)
0: Epoch: [0][ 260/1563]	Time  0.079 ( 0.105)	Data  0.009 ( 0.012)	Loss 2.5902e+00 (2.6377e+00)	Acc@1  25.00 ( 18.30)	Acc@5  75.00 ( 64.39)
0: Epoch: [0][ 270/1563]	Time  0.079 ( 0.104)	Data  0.009 ( 0.012)	Loss 2.5252e+00 (2.6262e+00)	Acc@1  31.25 ( 18.47)	Acc@5  75.00 ( 65.03)
0: Epoch: [0][ 280/1563]	Time  0.079 ( 0.103)	Data  0.009 ( 0.012)	Loss 2.9296e+00 (2.6205e+00)	Acc@1  18.75 ( 18.71)	Acc@5  65.62 ( 65.47)
0: Epoch: [0][ 290/1563]	Time  0.074 ( 0.102)	Data  0.009 ( 0.012)	
0: Loss 2.5768e+00 (2.6134e+00)	Acc@1  25.00 ( 18.87)	Acc@5  71.88 ( 65.87)
0: Epoch: [0][ 300/1563]	Time  0.079 ( 0.101)	Data  0.009 ( 0.012)	Loss 2.4794e+00 (2.6025e+00)	Acc@1  21.88 ( 18.96)	Acc@5  65.62 ( 66.12)
0: Epoch: [0][ 310/1563]	Time  0.074 ( 0.100)	Data  0.009 ( 0.012)	Loss 2.0976e+00 (2.5913e+00)	Acc@1  37.50 ( 19.13)	Acc@5  84.38 ( 66.43)
0: Epoch: [0][ 320/1563]	Time  0.078 ( 0.100)	Data  0.009 ( 0.011)	Loss 2.0890e+00 (2.5825e+00)	Acc@1  21.88 ( 19.28)	Acc@5  84.38 ( 66.65)
0: Epoch: [0][ 330/1563]	Time  0.075 ( 0.099)	Data  0.009 ( 0.011)	Loss 2.2775e+00 (2.5755e+00)	Acc@1  31.25 ( 19.35)	Acc@5  71.88 ( 66.85)
0: Epoch: [0][ 340/1563]	Time  0.077 ( 0.098)	Data  0.009 ( 0.011)	Loss 2.2580e+00 (2.5701e+00)	Acc@1  18.75 ( 19.40)	Acc@5  75.00 ( 67.05)
0: Epoch: [0][ 350/1563]	Time  0.080 ( 0.098)	Data  0.009 ( 0.011)	Loss 2.3867e+00 (2.5604e+00)	Acc@1  37.50 ( 19.57)	Acc@5  75.00 ( 67.42)
0: Epoch: [0][ 360/1563]	Time  0.077 ( 0.097)	Data  0.009 ( 0.011)	Loss 2.2592e+00 (2.5510e+00)	Acc@1  15.62 ( 19.64)	Acc@5  75.00 (
0:  67.63)
0: Epoch: [0][ 370/1563]	Time  0.079 ( 0.097)	Data  0.010 ( 0.011)	Loss 2.3410e+00 (2.5439e+00)	Acc@1  28.12 ( 19.85)	Acc@5  75.00 ( 67.88)
0: Epoch: [0][ 380/1563]	Time  0.076 ( 0.096)	Data  0.010 ( 0.011)	Loss 2.4277e+00 (2.5385e+00)	Acc@1  12.50 ( 19.88)	Acc@5  71.88 ( 68.04)
0: Epoch: [0][ 390/1563]	Time  0.079 ( 0.096)	Data  0.010 ( 0.011)	Loss 2.2600e+00 (2.5329e+00)	Acc@1  15.62 ( 19.92)	Acc@5  78.12 ( 68.25)
0: Epoch: [0][ 400/1563]	Time  0.077 ( 0.095)	Data  0.010 ( 0.011)	Loss 1.9020e+00 (2.5294e+00)	Acc@1  40.62 ( 20.00)	Acc@5  87.50 ( 68.34)
0: Epoch: [0][ 410/1563]	Time  0.079 ( 0.095)	Data  0.010 ( 0.011)	Loss 2.3472e+00 (2.5207e+00)	Acc@1  21.88 ( 20.16)	Acc@5  62.50 ( 68.51)
0: Epoch: [0][ 420/1563]	Time  0.079 ( 0.095)	Data  0.009 ( 0.011)	Loss 2.3174e+00 (2.5150e+00)	Acc@1  21.88 ( 20.33)	Acc@5  65.62 ( 68.65)
0: Epoch: [0][ 430/1563]	Time  0.077 ( 0.094)	Data  0.009 ( 0.011)	Loss 2.2995e+00 (2.5087e+00)	Acc@1  25.00 ( 20.40)	Acc@5  84.38 ( 68.82)
0: Epoch: [0][ 440/1563]	Time  0.079 ( 0.094)	Data  0.009 ( 
0: 0.011)	Loss 2.2467e+00 (2.4999e+00)	Acc@1  21.88 ( 20.60)	Acc@5  53.12 ( 68.97)
0: Epoch: [0][ 450/1563]	Time  0.072 ( 0.093)	Data  0.009 ( 0.011)	Loss 1.9495e+00 (2.4901e+00)	Acc@1  21.88 ( 20.69)	Acc@5  84.38 ( 69.25)
0: Epoch: [0][ 460/1563]	Time  0.079 ( 0.093)	Data  0.009 ( 0.011)	Loss 2.3991e+00 (2.4827e+00)	Acc@1  28.12 ( 20.93)	Acc@5  75.00 ( 69.48)
0: Epoch: [0][ 470/1563]	Time  0.080 ( 0.093)	Data  0.009 ( 0.011)	Loss 2.6695e+00 (2.4808e+00)	Acc@1  15.62 ( 20.96)	Acc@5  71.88 ( 69.61)
0: Epoch: [0][ 480/1563]	Time  0.079 ( 0.093)	Data  0.009 ( 0.011)	Loss 2.0232e+00 (2.4732e+00)	Acc@1  34.38 ( 21.11)	Acc@5  71.88 ( 69.82)
0: Epoch: [0][ 490/1563]	Time  0.075 ( 0.092)	Data  0.009 ( 0.011)	Loss 2.4673e+00 (2.4665e+00)	Acc@1  25.00 ( 21.18)	Acc@5  71.88 ( 69.97)
0: Epoch: [0][ 500/1563]	Time  0.079 ( 0.092)	Data  0.009 ( 0.011)	Loss 1.9864e+00 (2.4586e+00)	Acc@1  37.50 ( 21.29)	Acc@5  75.00 ( 70.12)
0: Epoch: [0][ 510/1563]	Time  0.075 ( 0.092)	Data  0.009 ( 0.011)	Loss 2.0179e+00 (2.4508e+00)	Acc@1  34.38 ( 21.47)	Acc@5  
0: 84.38 ( 70.32)
0: Epoch: [0][ 520/1563]	Time  0.079 ( 0.091)	Data  0.009 ( 0.011)	Loss 1.6111e+00 (2.4430e+00)	Acc@1  43.75 ( 21.54)	Acc@5  84.38 ( 70.53)
0: Epoch: [0][ 530/1563]	Time  0.079 ( 0.091)	Data  0.009 ( 0.011)	Loss 2.1467e+00 (2.4382e+00)	Acc@1  25.00 ( 21.60)	Acc@5  78.12 ( 70.68)
0: Epoch: [0][ 540/1563]	Time  0.076 ( 0.091)	Data  0.009 ( 0.011)	Loss 2.1173e+00 (2.4331e+00)	Acc@1  31.25 ( 21.70)	Acc@5  75.00 ( 70.82)
0: Epoch: [0][ 550/1563]	Time  0.075 ( 0.091)	Data  0.009 ( 0.011)	Loss 2.4487e+00 (2.4270e+00)	Acc@1  18.75 ( 21.80)	Acc@5  71.88 ( 71.00)
0: Epoch: [0][ 560/1563]	Time  0.079 ( 0.090)	Data  0.009 ( 0.011)	Loss 2.3853e+00 (2.4233e+00)	Acc@1  12.50 ( 21.89)	Acc@5  68.75 ( 71.08)
0: Epoch: [0][ 570/1563]	Time  0.075 ( 0.090)	Data  0.009 ( 0.011)	Loss 2.1056e+00 (2.4203e+00)	Acc@1   9.38 ( 21.94)	Acc@5  81.25 ( 71.20)
0: Epoch: [0][ 580/1563]	Time  0.079 ( 0.090)	Data  0.009 ( 0.011)	Loss 2.3024e+00 (2.4149e+00)	Acc@1  25.00 ( 22.11)	Acc@5  68.75 ( 71.36)
0: Epoch: [0][ 590/1563]	Time  0.079 ( 0.090)	Data  0
0: .009 ( 0.011)	Loss 2.4242e+00 (2.4094e+00)	Acc@1  25.00 ( 22.26)	Acc@5  75.00 ( 71.48)
0: 
0: Epoch: [0][ 600/1563]	Time  0.077 ( 0.090)	Data  0.009 ( 0.011)	Loss 2.1504e+00 (2.4050e+00)	Acc@1  31.25 ( 22.39)	Acc@5  68.75 ( 71.55)
0: Epoch: [0][ 610/1563]	Time  0.079 ( 0.089)	Data  0.009 ( 0.011)	Loss 2.7548e+00 (2.4024e+00)	Acc@1  25.00 ( 22.49)	Acc@5  65.62 ( 71.62)
0: Epoch: [0][ 620/1563]	Time  0.077 ( 0.089)	Data  0.009 ( 0.011)	Loss 2.5586e+00 (2.3997e+00)	Acc@1  18.75 ( 22.51)	Acc@5  78.12 ( 71.75)
0: Epoch: [0][ 630/1563]	Time  0.079 ( 0.089)	Data  0.009 ( 0.011)	Loss 2.5919e+00 (2.3967e+00)	Acc@1  18.75 ( 22.60)	Acc@5  75.00 ( 71.83)
0: Epoch: [0][ 640/1563]	Time  0.078 ( 0.089)	Data  0.009 ( 0.011)	Loss 2.5244e+00 (2.3929e+00)	Acc@1  21.88 ( 22.69)	Acc@5  71.88 ( 71.98)
0: Epoch: [0][ 650/1563]	Time  0.074 ( 0.089)	Data  0.009 ( 0.011)	Loss 2.2610e+00 (2.3897e+00)	Acc@1  21.88 ( 22.74)	Acc@5  75.00 ( 72.10)
0: Epoch: [0][ 660/1563]	Time  0.078 ( 0.088)	Data  0.009 ( 0.011)	Loss 1.9751e+00 (2.3843e+00)	Acc@1  28.12 ( 22.84)	Acc@5  87.50 ( 72.27)
0: Epoch: [0][ 670/1563]	Time  0.074 ( 0.088)	Data  0.009 ( 0.011)	
0: Loss 2.3963e+00 (2.3801e+00)	Acc@1  25.00 ( 22.97)	Acc@5  75.00 ( 72.39)
0: Epoch: [0][ 680/1563]	Time  0.078 ( 0.088)	Data  0.009 ( 0.011)	Loss 2.2308e+00 (2.3757e+00)	Acc@1  21.88 ( 23.04)	Acc@5  78.12 ( 72.47)
0: Epoch: [0][ 690/1563]	Time  0.078 ( 0.088)	Data  0.009 ( 0.011)	Loss 2.0230e+00 (2.3716e+00)	Acc@1  28.12 ( 23.09)	Acc@5  93.75 ( 72.58)
0: Epoch: [0][ 700/1563]	Time  0.077 ( 0.088)	Data  0.009 ( 0.011)	Loss 2.3079e+00 (2.3686e+00)	Acc@1  18.75 ( 23.13)	Acc@5  81.25 ( 72.70)
0: Epoch: [0][ 710/1563]	Time  0.074 ( 0.088)	Data  0.009 ( 0.011)	Loss 2.3377e+00 (2.3653e+00)	Acc@1  21.88 ( 23.18)	Acc@5  68.75 ( 72.77)
0: Epoch: [0][ 720/1563]	Time  0.079 ( 0.088)	Data  0.009 ( 0.011)	Loss 2.2437e+00 (2.3613e+00)	Acc@1  31.25 ( 23.22)	Acc@5  81.25 ( 72.87)
0: Epoch: [0][ 730/1563]	Time  0.074 ( 0.087)	Data  0.009 ( 0.011)	Loss 2.2419e+00 (2.3578e+00)	Acc@1  28.12 ( 23.28)	Acc@5  75.00 ( 72.96)
0: Epoch: [0][ 740/1563]	Time  0.076 ( 0.087)	Data  0.009 ( 0.011)	Loss 2.5335e+00 (2.3549e+00)	Acc@1  28.12 ( 23.33)	Acc@5  75.00 (
0:  73.05)
0: Epoch: [0][ 750/1563]	Time  0.074 ( 0.087)	Data  0.009 ( 0.011)	Loss 2.2232e+00 (2.3518e+00)	Acc@1  28.12 ( 23.44)	Acc@5  84.38 ( 73.16)
0: Epoch: [0][ 760/1563]	Time  0.079 ( 0.087)	Data  0.009 ( 0.011)	Loss 2.0809e+00 (2.3488e+00)	Acc@1  34.38 ( 23.46)	Acc@5  78.12 ( 73.27)
0: Epoch: [0][ 770/1563]	Time  0.079 ( 0.087)	Data  0.009 ( 0.011)	Loss 2.1332e+00 (2.3465e+00)	Acc@1  40.62 ( 23.51)	Acc@5  71.88 ( 73.38)
0: Epoch: [0][ 780/1563]	Time  0.076 ( 0.087)	Data  0.009 ( 0.011)	Loss 2.3614e+00 (2.3408e+00)	Acc@1  12.50 ( 23.66)	Acc@5  90.62 ( 73.52)
0: Epoch: [0][ 790/1563]	Time  0.074 ( 0.087)	Data  0.009 ( 0.011)	Loss 2.3441e+00 (2.3388e+00)	Acc@1  18.75 ( 23.68)	Acc@5  87.50 ( 73.63)
0: Epoch: [0][ 800/1563]	Time  0.084 ( 0.087)	Data  0.009 ( 0.011)	Loss 2.0712e+00 (2.3353e+00)	Acc@1  34.38 ( 23.79)	Acc@5  84.38 ( 73.72)
0: Epoch: [0][ 810/1563]	Time  0.079 ( 0.086)	Data  0.009 ( 0.011)	Loss 2.0007e+00 (2.3316e+00)	Acc@1  31.25 ( 23.89)	Acc@5  87.50 ( 73.82)
0: Epoch: [0][ 820/1563]	Time  0.076 ( 0.086)	Data  0.009 ( 
0: 0.011)	Loss 2.2869e+00 (2.3288e+00)	Acc@1  25.00 ( 23.96)	Acc@5  65.62 ( 73.88)
0: Epoch: [0][ 830/1563]	Time  0.078 ( 0.086)	Data  0.009 ( 0.011)	Loss 2.2253e+00 (2.3264e+00)	Acc@1  18.75 ( 23.99)	Acc@5  75.00 ( 73.97)
0: Epoch: [0][ 840/1563]	Time  0.076 ( 0.086)	Data  0.009 ( 0.011)	Loss 2.1523e+00 (2.3226e+00)	Acc@1  25.00 ( 24.07)	Acc@5  75.00 ( 74.06)
0: Epoch: [0][ 850/1563]	Time  0.079 ( 0.086)	Data  0.009 ( 0.011)	Loss 1.9480e+00 (2.3187e+00)	Acc@1  28.12 ( 24.17)	Acc@5  81.25 ( 74.14)
0: Epoch: [0][ 860/1563]	Time  0.077 ( 0.086)	Data  0.009 ( 0.011)	Loss 1.9169e+00 (2.3140e+00)	Acc@1  31.25 ( 24.28)	Acc@5  93.75 ( 74.28)
0: Epoch: [0][ 870/1563]	Time  0.079 ( 0.086)	Data  0.009 ( 0.011)	Loss 2.1395e+00 (2.3111e+00)	Acc@1  28.12 ( 24.38)	Acc@5  81.25 ( 74.36)
0: Epoch: [0][ 880/1563]	Time  0.072 ( 0.086)	Data  0.009 ( 0.011)	Loss 1.9331e+00 (2.3081e+00)	Acc@1  34.38 ( 24.44)	Acc@5  84.38 ( 74.46)
0: Epoch: [0][ 890/1563]	Time  0.079 ( 0.086)	Data  0.009 ( 0.011)	Loss 2.0161e+00 (2.3047e+00)	Acc@1  37.50 ( 24.54)	Acc@5  
0: 90.62 ( 74.55)
0: Epoch: [0][ 900/1563]	Time  0.071 ( 0.086)	Data  0.009 ( 0.011)	Loss 1.7857e+00 (2.3019e+00)	Acc@1  31.25 ( 24.59)	Acc@5  87.50 ( 74.63)
0: Epoch: [0][ 910/1563]	Time  0.079 ( 0.085)	Data  0.009 ( 0.011)	Loss 2.2325e+00 (2.2985e+00)	Acc@1  25.00 ( 24.66)	Acc@5  71.88 ( 74.70)
0: Epoch: [0][ 920/1563]	Time  0.072 ( 0.085)	Data  0.009 ( 0.011)	Loss 1.9655e+00 (2.2967e+00)	Acc@1  28.12 ( 24.71)	Acc@5  81.25 ( 74.75)
0: Epoch: [0][ 930/1563]	Time  0.079 ( 0.085)	Data  0.009 ( 0.011)	Loss 1.6932e+00 (2.2923e+00)	Acc@1  34.38 ( 24.83)	Acc@5  84.38 ( 74.85)
0: Epoch: [0][ 940/1563]	Time  0.074 ( 0.085)	Data  0.009 ( 0.011)	Loss 1.9057e+00 (2.2893e+00)	Acc@1  34.38 ( 24.90)	Acc@5  84.38 ( 74.93)
0: Epoch: [0][ 950/1563]	Time  0.079 ( 0.085)	Data  0.009 ( 0.011)	Loss 2.0308e+00 (2.2867e+00)	Acc@1  21.88 ( 24.96)	Acc@5  81.25 ( 75.00)
0: Epoch: [0][ 960/1563]	Time  0.074 ( 0.085)	Data  0.009 ( 0.011)	Loss 1.6588e+00 (2.2829e+00)	Acc@1  43.75 ( 25.07)	Acc@5  87.50 ( 75.10)
0: Epoch: [0][ 970/1563]	Time  0.079 ( 0.085)	Data  0
0: .009 ( 0.011)	Loss 1.7938e+00 (2.2807e+00)	Acc@1  34.38 ( 25.11)	Acc@5  84.38 ( 75.17)
0: Epoch: [0][ 980/1563]	Time  0.074 ( 0.085)	Data  0.009 ( 0.011)	Loss 2.2104e+00 (2.2793e+00)	Acc@1  25.00 ( 25.15)	Acc@5  68.75 ( 75.21)
0: Epoch: [0][ 990/1563]	Time  0.077 ( 0.085)	Data  0.009 ( 0.011)	Loss 1.8364e+00 (2.2766e+00)	Acc@1  34.38 ( 25.20)	Acc@5  84.38 ( 75.26)
0: Epoch: [0][1000/1563]	Time  0.079 ( 0.085)	Data  0.009 ( 0.011)	Loss 2.0313e+00 (2.2727e+00)	Acc@1  18.75 ( 25.27)	Acc@5  84.38 ( 75.38)
0: Epoch: [0][1010/1563]	Time  0.076 ( 0.085)	Data  0.009 ( 0.011)	Loss 1.5854e+00 (2.2693e+00)	Acc@1  37.50 ( 25.35)	Acc@5  87.50 ( 75.46)
0: Epoch: [0][1020/1563]	Time  0.079 ( 0.085)	Data  0.009 ( 0.011)	Loss 1.9288e+00 (2.2666e+00)	Acc@1  34.38 ( 25.40)	Acc@5  84.38 ( 75.54)
0: Epoch: [0][1030/1563]	Time  0.072 ( 0.085)	Data  0.009 ( 0.011)	Loss 1.7826e+00 (2.2634e+00)	Acc@1  40.62 ( 25.46)	Acc@5  84.38 ( 75.61)
0: Epoch: [0][1040/1563]	Time  0.079 ( 0.084)	Data  0.009 ( 0.011)	Loss 1.9476e+00 (2.2605e+00)	Acc@1  25.00 ( 25.50)	
0: Acc@5  87.50 ( 75.72)
0: Epoch: [0][1050/1563]	Time  0.075 ( 0.084)	Data  0.009 ( 0.011)	Loss 2.0238e+00 (2.2567e+00)	Acc@1  34.38 ( 25.62)	Acc@5  81.25 ( 75.81)
0: Epoch: [0][1060/1563]	Time  0.079 ( 0.084)	Data  0.009 ( 0.011)	Loss 1.9909e+00 (2.2525e+00)	Acc@1  25.00 ( 25.70)	Acc@5  84.38 ( 75.89)
0: Epoch: [0][1070/1563]	Time  0.072 ( 0.084)	Data  0.009 ( 0.011)	Loss 2.2622e+00 (2.2512e+00)	Acc@1  37.50 ( 25.70)	Acc@5  75.00 ( 75.96)
0: Epoch: [0][1080/1563]	Time  0.079 ( 0.084)	Data  0.009 ( 0.011)	Loss 2.1394e+00 (2.2487e+00)	Acc@1  28.12 ( 25.75)	Acc@5  81.25 ( 76.04)
0: Epoch: [0][1090/1563]	Time  0.072 ( 0.084)	Data  0.009 ( 0.011)	Loss 2.1286e+00 (2.2467e+00)	Acc@1  37.50 ( 25.82)	Acc@5  75.00 ( 76.09)
0: Epoch: [0][1100/1563]	Time  0.079 ( 0.084)	Data  0.009 ( 0.011)	Loss 1.9237e+00 (2.2439e+00)	Acc@1  25.00 ( 25.88)	Acc@5  90.62 ( 76.17)
0: Epoch: [0][1110/1563]	Time  0.072 ( 0.084)	Data  0.009 ( 0.011)	Loss 2.0909e+00 (2.2407e+00)	Acc@1  21.88 ( 25.93)	Acc@5  71.88 ( 76.25)
0: Epoch: [0][1120/1563]	Time  0.079 ( 0.084)	
0: Data  0.009 ( 0.011)	Loss 1.8190e+00 (2.2383e+00)	Acc@1  25.00 ( 25.93)	Acc@5  90.62 ( 76.30)
0: Epoch: [0][1130/1563]	Time  0.072 ( 0.084)	Data  0.009 ( 0.011)	Loss 1.7343e+00 (2.2359e+00)	Acc@1  43.75 ( 25.99)	Acc@5  90.62 ( 76.34)
0: Epoch: [0][1140/1563]	Time  0.079 ( 0.084)	Data  0.009 ( 0.011)	Loss 2.0396e+00 (2.2329e+00)	Acc@1  25.00 ( 26.06)	Acc@5  78.12 ( 76.39)
0: Epoch: [0][1150/1563]	Time  0.072 ( 0.084)	Data  0.009 ( 0.011)	Loss 1.9218e+00 (2.2303e+00)	Acc@1  40.62 ( 26.12)	Acc@5  78.12 ( 76.45)
0: Epoch: [0][1160/1563]	Time  0.079 ( 0.084)	Data  0.009 ( 0.011)	Loss 2.1410e+00 (2.2283e+00)	Acc@1  25.00 ( 26.20)	Acc@5  84.38 ( 76.51)
0: Epoch: [0][1170/1563]	Time  0.072 ( 0.084)	Data  0.009 ( 0.011)	Loss 2.5065e+00 (2.2260e+00)	Acc@1  28.12 ( 26.26)	Acc@5  68.75 ( 76.55)
0: Epoch: [0][1180/1563]	Time  0.079 ( 0.084)	Data  0.009 ( 0.011)	Loss 1.8498e+00 (2.2242e+00)	Acc@1  37.50 ( 26.31)	Acc@5  78.12 ( 76.61)
0: Epoch: [0][1190/1563]	Time  0.076 ( 0.084)	Data  0.009 ( 0.011)	Loss 2.2392e+00 (2.2213e+00)	Acc@1  31.25 ( 
0: 26.37)	Acc@5  78.12 ( 76.67)
0: 
0: Epoch: [0][1200/1563]	Time  0.079 ( 0.084)	Data  0.009 ( 0.011)	Loss 1.8530e+00 (2.2193e+00)	Acc@1  34.38 ( 26.42)	Acc@5  84.38 ( 76.74)
0: Epoch: [0][1210/1563]	Time  0.072 ( 0.083)	Data  0.009 ( 0.011)	Loss 1.6541e+00 (2.2169e+00)	Acc@1  40.62 ( 26.46)	Acc@5  93.75 ( 76.80)
0: Epoch: [0][1220/1563]	Time  0.079 ( 0.083)	Data  0.009 ( 0.011)	Loss 1.7722e+00 (2.2147e+00)	Acc@1  31.25 ( 26.55)	Acc@5  87.50 ( 76.87)
0: Epoch: [0][1230/1563]	Time  0.079 ( 0.083)	Data  0.009 ( 0.011)	Loss 2.2739e+00 (2.2119e+00)	Acc@1  25.00 ( 26.62)	Acc@5  78.12 ( 76.94)
0: Epoch: [0][1240/1563]	Time  0.071 ( 0.083)	Data  0.009 ( 0.011)	Loss 2.1311e+00 (2.2085e+00)	Acc@1  34.38 ( 26.72)	Acc@5  90.62 ( 77.02)
0: Epoch: [0][1250/1563]	Time  0.077 ( 0.083)	Data  0.009 ( 0.011)	Loss 1.9096e+00 (2.2059e+00)	Acc@1  25.00 ( 26.75)	Acc@5  87.50 ( 77.05)
0: Epoch: [0][1260/1563]	Time  0.080 ( 0.083)	Data  0.009 ( 0.011)	Loss 1.9314e+00 (2.2035e+00)	Acc@1  40.62 ( 26.79)	Acc@5  81.25 ( 77.11)
0: Epoch: [0][1270/1563]	Time  0.072 ( 0.083)	Data  0.009 ( 0.011)	
0: Loss 1.5749e+00 (2.2009e+00)	Acc@1  53.12 ( 26.87)	Acc@5  90.62 ( 77.18)
0: Epoch: [0][1280/1563]	Time  0.079 ( 0.083)	Data  0.009 ( 0.011)	Loss 2.0699e+00 (2.1978e+00)	Acc@1  34.38 ( 26.95)	Acc@5  84.38 ( 77.24)
0: Epoch: [0][1290/1563]	Time  0.079 ( 0.083)	Data  0.009 ( 0.011)	Loss 2.0406e+00 (2.1953e+00)	Acc@1  37.50 ( 27.03)	Acc@5  81.25 ( 77.29)
0: Epoch: [0][1300/1563]	Time  0.071 ( 0.083)	Data  0.009 ( 0.011)	Loss 2.0056e+00 (2.1930e+00)	Acc@1  43.75 ( 27.09)	Acc@5  87.50 ( 77.36)
0: Epoch: [0][1310/1563]	Time  0.072 ( 0.083)	Data  0.009 ( 0.011)	Loss 2.0862e+00 (2.1908e+00)	Acc@1  21.88 ( 27.14)	Acc@5  75.00 ( 77.40)
0: Epoch: [0][1320/1563]	Time  0.079 ( 0.083)	Data  0.009 ( 0.011)	Loss 1.8034e+00 (2.1887e+00)	Acc@1  31.25 ( 27.18)	Acc@5  90.62 ( 77.45)
0: Epoch: [0][1330/1563]	Time  0.071 ( 0.083)	Data  0.009 ( 0.011)	Loss 1.7639e+00 (2.1861e+00)	Acc@1  34.38 ( 27.25)	Acc@5  93.75 ( 77.52)
0: Epoch: [0][1340/1563]	Time  0.079 ( 0.083)	Data  0.009 ( 0.011)	Loss 1.6496e+00 (2.1843e+00)	Acc@1  46.88 ( 27.27)	Acc@5  87.50 (
0:  77.58)
0: Epoch: [0][1350/1563]	Time  0.079 ( 0.083)	Data  0.009 ( 0.011)	Loss 2.0002e+00 (2.1824e+00)	Acc@1  28.12 ( 27.34)	Acc@5  84.38 ( 77.62)
0: Epoch: [0][1360/1563]	Time  0.072 ( 0.083)	Data  0.009 ( 0.011)	Loss 2.3576e+00 (2.1801e+00)	Acc@1  18.75 ( 27.39)	Acc@5  75.00 ( 77.66)
0: Epoch: [0][1370/1563]	Time  0.078 ( 0.083)	Data  0.009 ( 0.011)	Loss 1.7829e+00 (2.1782e+00)	Acc@1  43.75 ( 27.43)	Acc@5  87.50 ( 77.72)
0: Epoch: [0][1380/1563]	Time  0.079 ( 0.083)	Data  0.009 ( 0.011)	Loss 1.8912e+00 (2.1769e+00)	Acc@1  25.00 ( 27.48)	Acc@5  90.62 ( 77.75)
0: Epoch: [0][1390/1563]	Time  0.072 ( 0.083)	Data  0.009 ( 0.011)	Loss 1.7290e+00 (2.1757e+00)	Acc@1  37.50 ( 27.53)	Acc@5  87.50 ( 77.83)
0: Epoch: [0][1400/1563]	Time  0.079 ( 0.083)	Data  0.009 ( 0.011)	Loss 1.8501e+00 (2.1725e+00)	Acc@1  37.50 ( 27.60)	Acc@5  87.50 ( 77.90)
0: Epoch: [0][1410/1563]	Time  0.075 ( 0.083)	Data  0.009 ( 0.011)	Loss 1.8318e+00 (2.1703e+00)	Acc@1  37.50 ( 27.66)	Acc@5  90.62 ( 77.98)
0: Epoch: [0][1420/1563]	Time  0.079 ( 0.083)	Data  0.009 ( 
0: 0.011)	Loss 1.8240e+00 (2.1675e+00)	Acc@1  40.62 ( 27.73)	Acc@5  84.38 ( 78.05)
0: Epoch: [0][1430/1563]	Time  0.079 ( 0.083)	Data  0.009 ( 0.011)	Loss 2.0545e+00 (2.1647e+00)	Acc@1  34.38 ( 27.80)	Acc@5  84.38 ( 78.11)
0: Epoch: [0][1440/1563]	Time  0.079 ( 0.083)	Data  0.009 ( 0.011)	Loss 1.4766e+00 (2.1617e+00)	Acc@1  43.75 ( 27.88)	Acc@5  87.50 ( 78.16)
0: Epoch: [0][1450/1563]	Time  0.073 ( 0.083)	Data  0.009 ( 0.011)	Loss 1.5174e+00 (2.1591e+00)	Acc@1  34.38 ( 27.92)	Acc@5  96.88 ( 78.23)
0: Epoch: [0][1460/1563]	Time  0.079 ( 0.082)	Data  0.009 ( 0.011)	Loss 1.6426e+00 (2.1564e+00)	Acc@1  40.62 ( 27.98)	Acc@5  84.38 ( 78.29)
0: Epoch: [0][1470/1563]	Time  0.074 ( 0.082)	Data  0.009 ( 0.011)	Loss 2.0012e+00 (2.1551e+00)	Acc@1  28.12 ( 28.01)	Acc@5  78.12 ( 78.31)
0: Epoch: [0][1480/1563]	Time  0.079 ( 0.082)	Data  0.009 ( 0.011)	Loss 2.0041e+00 (2.1531e+00)	Acc@1  31.25 ( 28.06)	Acc@5  81.25 ( 78.36)
0: Epoch: [0][1490/1563]	Time  0.079 ( 0.082)	Data  0.009 ( 0.011)	Loss 1.8662e+00 (2.1506e+00)	Acc@1  28.12 ( 28.12)	Acc@5  
0: 90.62 ( 78.43)
0: Epoch: [0][1500/1563]	Time  0.078 ( 0.082)	Data  0.009 ( 0.011)	Loss 1.6778e+00 (2.1485e+00)	Acc@1  37.50 ( 28.16)	Acc@5  96.88 ( 78.50)
0: Epoch: [0][1510/1563]	Time  0.074 ( 0.082)	Data  0.009 ( 0.011)	Loss 1.7963e+00 (2.1465e+00)	Acc@1  43.75 ( 28.22)	Acc@5  78.12 ( 78.53)
0: Epoch: [0][1520/1563]	Time  0.077 ( 0.082)	Data  0.009 ( 0.011)	Loss 1.9943e+00 (2.1439e+00)	Acc@1  43.75 ( 28.28)	Acc@5  81.25 ( 78.58)
0: Epoch: [0][1530/1563]	Time  0.079 ( 0.082)	Data  0.009 ( 0.011)	Loss 1.6304e+00 (2.1413e+00)	Acc@1  40.62 ( 28.37)	Acc@5  93.75 ( 78.64)
0: Epoch: [0][1540/1563]	Time  0.079 ( 0.082)	Data  0.009 ( 0.011)	Loss 1.9781e+00 (2.1397e+00)	Acc@1  37.50 ( 28.40)	Acc@5  84.38 ( 78.67)
0: Epoch: [0][1550/1563]	Time  0.079 ( 0.082)	Data  0.009 ( 0.011)	Loss 2.4724e+00 (2.1382e+00)	Acc@1  18.75 ( 28.42)	Acc@5  65.62 ( 78.70)
0: Epoch: [0][1560/1563]	Time  0.077 ( 0.082)	Data  0.009 ( 0.011)	Loss 1.7022e+00 (2.1366e+00)	Acc@1  46.88 ( 28.48)	Acc@5  84.38 ( 78.73)
0: Test: [  0/313]	Time  0.030 ( 0.030)	Loss 1.6654e+
0: 00 (1.6654e+00)	Acc@1  40.62 ( 40.62)	Acc@5 100.00 (100.00)
0: Test: [ 10/313]	Time  0.029 ( 0.029)	Loss 1.5495e+00 (1.7756e+00)	Acc@1  34.38 ( 36.65)	Acc@5  90.62 ( 90.34)
0: Test: [ 20/313]	Time  0.029 ( 0.029)	Loss 1.5880e+00 (1.9019e+00)	Acc@1  40.62 ( 36.61)	Acc@5  96.88 ( 90.33)
0: Test: [ 30/313]	Time  0.029 ( 0.029)	Loss 1.6859e+00 (1.8666e+00)	Acc@1  43.75 ( 37.80)	Acc@5  87.50 ( 89.31)
0: Test: [ 40/313]	Time  0.029 ( 0.029)	Loss 1.8310e+00 (1.9009e+00)	Acc@1  40.62 ( 36.97)	Acc@5  84.38 ( 88.41)
0: Test: [ 50/313]	Time  0.029 ( 0.029)	Loss 3.2545e+00 (1.9198e+00)	Acc@1  31.25 ( 37.44)	Acc@5  81.25 ( 88.48)
0: Test: [ 60/313]	Time  0.029 ( 0.029)	Loss 1.8355e+00 (1.9231e+00)	Acc@1  31.25 ( 37.50)	Acc@5  84.38 ( 88.63)
0: Test: [ 70/313]	Time  0.029 ( 0.029)	Loss 1.4853e+00 (1.9066e+00)	Acc@1  46.88 ( 38.16)	Acc@5  90.62 ( 88.42)
0: Test: [ 80/313]	Time  0.029 ( 0.029)	Loss 1.8333e+00 (1.9006e+00)	Acc@1  25.00 ( 37.38)	Acc@5  93.75 ( 88.73)
0: Test: [ 90/313]	Time  0.029 ( 0.029)	Loss 2.2530e+00 (1.9069e+00)	Acc@1  31.25 ( 37.
0: 29)	Acc@5  71.88 ( 88.26)
0: Test: [100/313]	Time  0.029 ( 0.029)	Loss 2.1195e+00 (1.8875e+00)	Acc@1  31.25 ( 37.41)	Acc@5  81.25 ( 88.30)
0: Test: [110/313]	Time  0.029 ( 0.029)	Loss 2.1729e+00 (1.8806e+00)	Acc@1  37.50 ( 37.89)	Acc@5  87.50 ( 88.32)
0: Test: [120/313]	Time  0.029 ( 0.029)	Loss 1.5865e+00 (1.8706e+00)	Acc@1  34.38 ( 37.78)	Acc@5  93.75 ( 88.38)
0: Test: [130/313]	Time  0.029 ( 0.029)	Loss 1.8077e+00 (1.8638e+00)	Acc@1  31.25 ( 37.67)	Acc@5  81.25 ( 88.33)
0: Test: [140/313]	Time  0.029 ( 0.029)	Loss 1.5380e+00 (1.8642e+00)	Acc@1  37.50 ( 37.92)	Acc@5  93.75 ( 88.54)
0: Test: [150/313]	Time  0.029 ( 0.029)	Loss 1.7172e+00 (1.8633e+00)	Acc@1  31.25 ( 38.14)	Acc@5  90.62 ( 88.60)
0: Test: [160/313]	Time  0.029 ( 0.029)	Loss 1.7582e+00 (1.8594e+00)	Acc@1  34.38 ( 38.00)	Acc@5  93.75 ( 88.66)
0: Test: [170/313]	Time  0.029 ( 0.029)	Loss 1.8345e+00 (1.8572e+00)	Acc@1  37.50 ( 37.96)	Acc@5  90.62 ( 88.61)
0: Test: [180/313]	Time  0.029 ( 0.029)	Loss 1.2996e+00 (1.8528e+00)	Acc@1  62.50 ( 37.90)	Acc@5  96.88 ( 88.66)
0: Test: [1
0: 90/313]	Time  0.029 ( 0.029)	Loss 2.8845e+00 (1.8521e+00)	Acc@1  43.75 ( 37.79)	Acc@5  87.50 ( 88.79)
0: Test: [200/313]	Time  0.029 ( 0.029)	Loss 1.7010e+00 (1.8448e+00)	Acc@1  37.50 ( 37.94)	Acc@5  81.25 ( 88.81)
0: Test: [210/313]	Time  0.029 ( 0.029)	Loss 1.5801e+00 (1.8419e+00)	Acc@1  37.50 ( 37.97)	Acc@5  93.75 ( 88.80)
0: Test: [220/313]	Time  0.029 ( 0.029)	Loss 1.8137e+00 (1.8426e+00)	Acc@1  31.25 ( 37.83)	Acc@5  90.62 ( 88.76)
0: Test: [230/313]	Time  0.029 ( 0.029)	Loss 2.0626e+00 (1.8419e+00)	Acc@1  34.38 ( 37.95)	Acc@5  84.38 ( 88.83)
0: Test: [240/313]	Time  0.029 ( 0.029)	Loss 1.7096e+00 (1.8406e+00)	Acc@1  43.75 ( 37.90)	Acc@5  90.62 ( 88.77)
0: Test: [250/313]	Time  0.029 ( 0.029)	Loss 1.6608e+00 (1.8418e+00)	Acc@1  40.62 ( 37.96)	Acc@5  84.38 ( 88.83)
0: Test: [260/313]	Time  0.029 ( 0.029)	Loss 1.8006e+00 (1.8423e+00)	Acc@1  34.38 ( 37.81)	Acc@5  84.38 ( 88.67)
0: Test: [270/313]	Time  0.029 ( 0.029)	Loss 2.1881e+00 (1.8379e+00)	Acc@1  28.12 ( 37.60)	Acc@5  87.50 ( 88.80)
0: Test: [280/313]	Time  0.029 ( 0.029)	Loss 
0: 2.0159e+00 (1.8368e+00)	Acc@1  34.38 ( 37.57)	Acc@5  84.38 ( 88.76)
0: 
0: Test: [290/313]	Time  0.029 ( 0.029)	Loss 1.7502e+00 (1.8335e+00)	Acc@1  40.62 ( 37.60)	Acc@5  87.50 ( 88.83)
0: Test: [300/313]	Time  0.029 ( 0.029)	Loss 1.6208e+00 (1.8299e+00)	Acc@1  37.50 ( 37.48)	Acc@5  87.50 ( 88.81)
0: Test: [310/313]	Time  0.029 ( 0.029)	Loss 2.2357e+00 (1.8300e+00)	Acc@1  34.38 ( 37.37)	Acc@5  90.62 ( 88.80)
0:  * Acc@1 37.370 Acc@5 88.820
0: Epoch 0/1 - 139.331s
0: Steps per epoch: 1563
0: Validation steps per epoch: 313
0: Average time per epoch: 139.331 s
0: --- 144.86354804039001 seconds ---
ELAPSED: 164 seconds
End at Sat Feb  6 20:43:22 EET 2021
