Start at Sat Feb  6 21:38:10 EET 2021
CUDA_VISIBLE_DEVICES: 0,1
Running on hosts: gpu15
Running on 1 nodes.
Running 1 tasks per node
Job id is 1090008
0: mirrored batch_size= 16
0: MirroredStratgy
0: 2021-02-06 21:38:34,435 INFO Using MirroredStrategy with devices ('/job:localhost/replica:0/task:0/device:GPU:0', '/job:localhost/replica:0/task:0/device:GPU:1')
0: Number of devices: 2
0: 2021-02-06 21:38:34,863 INFO Reduce to /job:localhost/replica:0/task:0/device:CPU:0 then broadcast to ('/job:localhost/replica:0/task:0/device:CPU:0',).
0: 2021-02-06 21:38:34,867 INFO Reduce to /job:localhost/replica:0/task:0/device:CPU:0 then broadcast to ('/job:localhost/replica:0/task:0/device:CPU:0',).
0: 2021-02-06 21:38:34,873 INFO Reduce to /job:localhost/replica:0/task:0/device:CPU:0 then broadcast to ('/job:localhost/replica:0/task:0/device:CPU:0',).
0: 2021-02-06 21:38:34,877 INFO Reduce to /job:localhost/replica:0/task:0/device:CPU:0 then broadcast to ('/job:localhost/replica:0/task:0/device:CPU:0',).
0: 2021-02-06 21:38:34,892 INFO Reduce to /job:localhost/replica:0/task:0/device:CPU:0 then broadcast to ('/job:localhost/replica:0/task:0/device:CPU:0',).
0: 2021-02-06 21:38:34,897 INFO Reduce to /job:localhost/replica:0/task:0/device:CPU:0 then broadcast to ('/job:localhost/replica:0/task:0/device:CPU:0',).
0: 2021-02-06 21:38:34,941 INFO Reduce to /job:localhost/replica:0/task:0/device:CPU:0 then broadcast to ('/job:localhost/replica:0/task:0/device:CPU:0',).
0: 2021-02-06 21:38:34,946 INFO Reduce to /job:localhost/replica:0/task:0/device:CPU:0 then broadcast to ('/job:localhost/replica:0/task:0/device:CPU:0',).
0: 2021-02-06 21:38:34,951 INFO Reduce to /job:localhost/replica:0/task:0/device:CPU:0 then broadcast to ('/job:localhost/replica:0/task:0/device:CPU:0',).
0: 2021-02-06 21:38:34,955 INFO Reduce to /job:localhost/replica:0/task:0/device:CPU:0 then broadcast to ('/job:localhost/replica:0/task:0/device:CPU:0',).
0: 2021-02-06 21:38:40,725 WARNING From /apps/applications/tensorflow/2.3.0/gpu/lib/python3.8/site-packages/tensorflow/python/data/ops/multi_device_iterator_ops.py:601: get_next_as_optional (from tensorflow.python.data.ops.iterator_ops) is deprecated and will be removed in a future version.
0: Instructions for updating:
0: Use `tf.data.Iterator.get_next_as_optional()` instead.
0: 2021-02-06 21:38:49,661 INFO batch_all_reduce: 214 all-reduces with algorithm = nccl, num_packs = 1
0: 2021-02-06 21:39:02,992 INFO batch_all_reduce: 214 all-reduces with algorithm = nccl, num_packs = 1
0: 3125/3125 - 310s - loss: 3.0541 - accuracy: 0.2045 - val_loss: 6.6812 - val_accuracy: 0.2840
0: Steps per epoch: 3125
0: Validation steps per epoch: 625
0: Best validation accuracy: 0.284
0: Average time per epoch: 348.228 s
0: --- 358.87884640693665 seconds ---
ELAPSED: 383 seconds
End at Sat Feb  6 21:44:33 EET 2021
