Start at Sat Feb  6 21:37:56 EET 2021
CUDA_VISIBLE_DEVICES: 0,1
Running on hosts: gpu13
Running on 1 nodes.
Running 1 tasks per node
Job id is 1090006
0: mirrored batch_size= 512
0: MirroredStratgy
0: 2021-02-06 21:38:15,580 INFO Using MirroredStrategy with devices ('/job:localhost/replica:0/task:0/device:GPU:0', '/job:localhost/replica:0/task:0/device:GPU:1')
0: Number of devices: 2
0: 2021-02-06 21:38:16,164 INFO Reduce to /job:localhost/replica:0/task:0/device:CPU:0 then broadcast to ('/job:localhost/replica:0/task:0/device:CPU:0',).
0: 2021-02-06 21:38:16,168 INFO Reduce to /job:localhost/replica:0/task:0/device:CPU:0 then broadcast to ('/job:localhost/replica:0/task:0/device:CPU:0',).
0: 2021-02-06 21:38:16,174 INFO Reduce to /job:localhost/replica:0/task:0/device:CPU:0 then broadcast to ('/job:localhost/replica:0/task:0/device:CPU:0',).
0: 2021-02-06 21:38:16,178 INFO Reduce to /job:localhost/replica:0/task:0/device:CPU:0 then broadcast to ('/job:localhost/replica:0/task:0/device:CPU:0',).
0: 2021-02-06 21:38:16,194 INFO Reduce to /job:localhost/replica:0/task:0/device:CPU:0 then broadcast to ('/job:localhost/replica:0/task:0/device:CPU:0',).
0: 2021-02-06 21:38:16,198 INFO Reduce to /job:localhost/replica:0/task:0/device:CPU:0 then broadcast to ('/job:localhost/replica:0/task:0/device:CPU:0',).
0: 2021-02-06 21:38:16,243 INFO Reduce to /job:localhost/replica:0/task:0/device:CPU:0 then broadcast to ('/job:localhost/replica:0/task:0/device:CPU:0',).
0: 2021-02-06 21:38:16,247 INFO Reduce to /job:localhost/replica:0/task:0/device:CPU:0 then broadcast to ('/job:localhost/replica:0/task:0/device:CPU:0',).
0: 2021-02-06 21:38:16,253 INFO Reduce to /job:localhost/replica:0/task:0/device:CPU:0 then broadcast to ('/job:localhost/replica:0/task:0/device:CPU:0',).
0: 2021-02-06 21:38:16,257 INFO Reduce to /job:localhost/replica:0/task:0/device:CPU:0 then broadcast to ('/job:localhost/replica:0/task:0/device:CPU:0',).
0: 2021-02-06 21:38:22,093 WARNING From /apps/applications/tensorflow/2.3.0/gpu/lib/python3.8/site-packages/tensorflow/python/data/ops/multi_device_iterator_ops.py:601: get_next_as_optional (from tensorflow.python.data.ops.iterator_ops) is deprecated and will be removed in a future version.
0: Instructions for updating:
0: Use `tf.data.Iterator.get_next_as_optional()` instead.
0: 2021-02-06 21:38:31,226 INFO batch_all_reduce: 214 all-reduces with algorithm = nccl, num_packs = 1
0: 2021-02-06 21:38:43,278 INFO batch_all_reduce: 214 all-reduces with algorithm = nccl, num_packs = 1
0: 98/98 - 31s - loss: 2.5672 - accuracy: 0.1684 - val_loss: 2.4724 - val_accuracy: 0.1144
0: Steps per epoch: 98
0: Validation steps per epoch: 20
0: Best validation accuracy: 0.114
0: Average time per epoch: 69.189 s
0: --- 81.15308213233948 seconds ---
ELAPSED: 99 seconds
End at Sat Feb  6 21:39:35 EET 2021
