WORKERS: "gpu26-ib:5555","gpu27-ib:5555"
Start at Mon Feb  1 00:16:27 EET 2021
CUDA_VISIBLE_DEVICES: 0,1
Running on hosts: gpu[26-27]
Running on 2 nodes.
Running 1 tasks per node
Job id is 1085639
srun -w gpu26 -N 1 -n 1 -l python -u train.pytorch.imagenet.py --config=configs/pytorch_imagenet_resnet.B512.yaml --dist-url 'tcp://gpu26-ib:5555' --dist-backend 'nccl' --multiprocessing-distributed --world-size 2 --rank 0 & 
srun -w gpu27 -N 1 -n 1 -l python -u train.pytorch.imagenet.py --config=configs/pytorch_imagenet_resnet.B512.yaml --dist-url 'tcp://gpu26-ib:5555' --dist-backend 'nccl' --multiprocessing-distributed --world-size 2 --rank 1 & 
0: Number of devices per node: 2
0: Number of devices per node: 2
0: Use GPU: 0 for training
0: => creating model 'resnet50'
0: Use GPU: 1 for training
0: => creating model 'resnet50'
0: Use GPU: 1 for training
0: => creating model 'resnet50'
0: Use GPU: 0 for training
0: => creating model 'resnet50'
0: Epoch: [0][ 0/49]	Time 11.223 (11.223)	Data  4.609 ( 4.609)	Loss 7.4274e+00 (7.4274e+00)	Acc@1   0.00 (  0.00)	Acc@5   0.00 (  0.00)
0: Epoch: [0][10/49]	Time  0.245 ( 1.240)	Data  0.000 ( 0.421)	Loss 2.6152e+00 (4.9879e+00)	Acc@1   9.38 (  6.11)	Acc@5  58.59 ( 30.75)
0: Epoch: [0][20/49]	Time  0.246 ( 0.766)	Data  0.000 ( 0.223)	Loss 2.4170e+00 (3.8031e+00)	Acc@1  11.72 (  8.37)	Acc@5  53.52 ( 41.28)
0: Epoch: [0][30/49]	Time  0.246 ( 0.597)	Data  0.000 ( 0.153)	Loss 2.4208e+00 (3.3629e+00)	Acc@1   8.98 (  9.29)	Acc@5  57.03 ( 45.53)
0: Epoch: [0][40/49]	Time  0.245 ( 0.511)	Data  0.000 ( 0.117)	Loss 2.3588e+00 (3.1303e+00)	Acc@1  14.45 ( 10.13)	Acc@5  57.81 ( 47.86)
0: Epoch: [0][ 0/49]	Time 11.232 (11.232)	Data  4.654 ( 4.654)	Loss 7.4732e+00 (7.4732e+00)	Acc@1   0.00 (  0.00)	Acc@5   0.00 (  0.00)
0: Epoch: [0][10/49]	Time  0.245 ( 1.241)	Data  0.000 ( 0.425)	Loss 2.5905e+00 (4.9625e+00)	Acc@1  12.50 (  6.92)	Acc@5  58.20 ( 31.29)
0: Epoch: [0][20/49]	Time  0.246 ( 0.766)	Data  0.000 ( 0.225)	Loss 2.4028e+00 (3.7803e+00)	Acc@1  13.67 (  9.45)	Acc@5  53.52 ( 41.56)
0: Epoch: [0][30/49]	Time  0.245 ( 0.598)	Data  0.000 ( 0.154)	Loss 2.4211e+00 (3.3466e+00)	Acc@1  16.02 ( 10.33)	Acc@5  57.42 ( 45.74)
0: Epoch: [0][40/49]	Time  0.246 ( 0.511)	Data  0.000 ( 0.118)	Loss 2.3958e+00 (3.1135e+00)	Acc@1  16.41 ( 11.14)	Acc@5  54.69 ( 48.39)
0: Epoch: [0][ 0/49]	Time 11.223 (11.223)	Data  4.614 ( 4.614)	Loss 7.3894e+00 (7.3894e+00)	Acc@1   0.39 (  0.39)	Acc@5   1.17 (  1.17)
0: Epoch: [0][10/49]	Time  0.246 ( 1.241)	Data  0.000 ( 0.422)	Loss 2.6796e+00 (4.9715e+00)	Acc@1  10.16 (  5.89)	Acc@5  50.78 ( 30.93)
0: Epoch: [0][20/49]	Time  0.245 ( 0.766)	Data  0.000 ( 0.223)	Loss 2.4311e+00 (3.7904e+00)	Acc@1  12.89 (  8.43)	Acc@5  53.12 ( 41.52)
0: Epoch: [0][30/49]	Time  0.246 ( 0.597)	Data  0.000 ( 0.153)	Loss 2.4756e+00 (3.3509e+00)	Acc@1  10.16 (  9.65)	Acc@5  55.86 ( 45.85)
0: Epoch: [0][40/49]	Time  0.246 ( 0.511)	Data  0.000 ( 0.117)	Loss 2.4162e+00 (3.1198e+00)	Acc@1  13.28 ( 10.40)	Acc@5  54.69 ( 48.30)
0: Epoch: [0][ 0/49]	Time 11.261 (11.261)	Data  4.652 ( 4.652)	Loss 7.3418e+00 (7.3418e+00)	Acc@1   0.39 (  0.39)	Acc@5   0.39 (  0.39)
0: Epoch: [0][10/49]	Time  0.245 ( 1.241)	Data  0.000 ( 0.423)	Loss 2.6336e+00 (4.9662e+00)	Acc@1  11.72 (  6.36)	Acc@5  49.61 ( 29.94)
0: Epoch: [0][20/49]	Time  0.245 ( 0.766)	Data  0.000 ( 0.224)	Loss 2.4224e+00 (3.7850e+00)	Acc@1  16.80 (  9.15)	Acc@5  53.12 ( 40.55)
0: Epoch: [0][30/49]	Time  0.246 ( 0.598)	Data  0.000 ( 0.153)	Loss 2.3944e+00 (3.3470e+00)	Acc@1  14.06 ( 10.27)	Acc@5  57.42 ( 45.09)
0: Epoch: [0][40/49]	Time  0.246 ( 0.511)	Data  0.000 ( 0.117)	Loss 2.3670e+00 (3.1171e+00)	Acc@1  15.23 ( 10.99)	Acc@5  56.25 ( 47.52)
0: Test: [ 0/40]	Time  2.484 ( 2.484)	Loss 2.5097e+00 (2.5097e+00)	Acc@1  12.50 ( 12.50)	Acc@5  58.59 ( 58.59)
0: Test: [10/40]	Time  0.067 ( 0.287)	Loss 2.3897e+00 (2.4082e+00)	Acc@1  13.28 ( 14.35)	Acc@5  65.62 ( 60.01)
0: Test: [20/40]	Time  0.068 ( 0.183)	Loss 2.4071e+00 (2.4036e+00)	Acc@1  15.23 ( 14.14)	Acc@5  57.03 ( 58.50)
0: Test: [30/40]	Time  0.067 ( 0.145)	Loss 2.4605e+00 (2.3885e+00)	Acc@1  14.06 ( 14.38)	Acc@5  57.03 ( 59.02)
0: 0: Test: [ 0/40]	Time  2.481 ( 2.481)	Loss 2.5097e+00 (2.5097e+00)	Acc@1  12.50 ( 12.50)	Acc@5  58.59 ( 58.59)
 * Acc@1 14.640 Acc@5 59.140
0: 0: Test: [10/40]	Time  0.068 ( 0.287)	Loss 2.3897e+00 (2.4082e+00)	Acc@1  13.28 ( 14.35)	Acc@5  65.62 ( 60.01)
Epoch 0/3 - 33.791s
0: Test: [20/40]	Time  0.068 ( 0.182)	Loss 2.4071e+00 (2.4036e+00)	Acc@1  15.23 ( 14.14)	Acc@5  57.03 ( 58.50)
0: Test: [30/40]	Time  0.067 ( 0.145)	Loss 2.4605e+00 (2.3885e+00)	Acc@1  14.06 ( 14.38)	Acc@5  57.03 ( 59.02)
0:  * Acc@1 14.640 Acc@5 59.140
0: Epoch 0/3 - 33.786s
0: Test: [ 0/40]	Time  2.468 ( 2.468)	Loss 2.5097e+00 (2.5097e+00)	Acc@1  12.50 ( 12.50)	Acc@5  58.59 ( 58.59)
0: Test: [10/40]	Time  0.068 ( 0.286)	Loss 2.3897e+00 (2.4082e+00)	Acc@1  13.28 ( 14.35)	Acc@5  65.62 ( 60.01)
0: Test: [20/40]	Time  0.068 ( 0.182)	Loss 2.4071e+00 (2.4036e+00)	Acc@1  15.23 ( 14.14)	Acc@5  57.03 ( 58.50)
0: Test: [30/40]	Time  0.068 ( 0.145)	Loss 2.4605e+00 (2.3885e+00)	Acc@1  14.06 ( 14.38)	Acc@5  57.03 ( 59.02)
0:  * Acc@1 14.640 Acc@5 59.140
0: Epoch 0/3 - 33.803s
0: Test: [ 0/40]	Time  2.441 ( 2.441)	Loss 2.5097e+00 (2.5097e+00)	Acc@1  12.50 ( 12.50)	Acc@5  58.59 ( 58.59)
0: Test: [10/40]	Time  0.068 ( 0.284)	Loss 2.3897e+00 (2.4082e+00)	Acc@1  13.28 ( 14.35)	Acc@5  65.62 ( 60.01)
0: Test: [20/40]	Time  0.069 ( 0.181)	Loss 2.4071e+00 (2.4036e+00)	Acc@1  15.23 ( 14.14)	Acc@5  57.03 ( 58.50)
0: Test: [30/40]	Time  0.068 ( 0.145)	Loss 2.4605e+00 (2.3885e+00)	Acc@1  14.06 ( 14.38)	Acc@5  57.03 ( 59.02)
0:  * Acc@1 14.640 Acc@5 59.140
0: Epoch 0/3 - 33.835s
0: Epoch: [1][ 0/49]	Time  4.833 ( 4.833)	Data  4.652 ( 4.652)	Loss 2.3749e+00 (2.3749e+00)	Acc@1  11.33 ( 11.33)	Acc@5  56.64 ( 56.64)
0: Epoch: [1][10/49]	Time  0.245 ( 0.663)	Data  0.000 ( 0.427)	Loss 2.3258e+00 (2.3349e+00)	Acc@1  14.45 ( 14.42)	Acc@5  57.81 ( 58.20)
0: Epoch: [1][20/49]	Time  0.246 ( 0.464)	Data  0.000 ( 0.226)	Loss 2.2877e+00 (2.3232e+00)	Acc@1  17.19 ( 14.53)	Acc@5  58.59 ( 58.95)
0: Epoch: [1][30/49]	Time  0.246 ( 0.393)	Data  0.000 ( 0.155)	Loss 2.2566e+00 (2.3111e+00)	Acc@1  20.31 ( 15.12)	Acc@5  64.06 ( 60.19)
0: Epoch: [1][40/49]	Time  0.246 ( 0.357)	Data  0.000 ( 0.118)	Loss 2.2066e+00 (2.2983e+00)	Acc@1  17.19 ( 15.65)	Acc@5  68.75 ( 60.60)
0: Epoch: [1][ 0/49]	Time  4.853 ( 4.853)	Data  4.672 ( 4.672)	Loss 2.3779e+00 (2.3779e+00)	Acc@1  12.50 ( 12.50)	Acc@5  58.59 ( 58.59)
0: Epoch: [1][10/49]	Time  0.247 ( 0.665)	Data  0.000 ( 0.430)	Loss 2.3791e+00 (2.3374e+00)	Acc@1  11.72 ( 13.85)	Acc@5  56.25 ( 58.24)
0: Epoch: [1][20/49]	Time  0.245 ( 0.465)	Data  0.000 ( 0.227)	Loss 2.3488e+00 (2.3360e+00)	Acc@1  14.06 ( 14.49)	Acc@5  59.38 ( 58.58)
0: Epoch: [1][30/49]	Time  0.246 ( 0.394)	Data  0.000 ( 0.156)	Loss 2.2233e+00 (2.3266e+00)	Acc@1  21.09 ( 14.91)	Acc@5  67.19 ( 59.84)
0: Epoch: [1][40/49]	Time  0.245 ( 0.357)	Data  0.000 ( 0.119)	Loss 2.2616e+00 (2.3134e+00)	Acc@1  19.14 ( 15.17)	Acc@5  62.11 ( 60.96)
0: Epoch: [1][ 0/49]	Time  4.831 ( 4.831)	Data  4.650 ( 4.650)	Loss 2.3558e+00 (2.3558e+00)	Acc@1  13.28 ( 13.28)	Acc@5  55.86 ( 55.86)
0: Epoch: [1][10/49]	Time  0.247 ( 0.666)	Data  0.000 ( 0.431)	Loss 2.3278e+00 (2.3523e+00)	Acc@1  16.80 ( 14.28)	Acc@5  60.16 ( 58.10)
0: Epoch: [1][20/49]	Time  0.245 ( 0.466)	Data  0.000 ( 0.228)	Loss 2.3116e+00 (2.3351e+00)	Acc@1  15.62 ( 14.73)	Acc@5  60.55 ( 59.24)
0: Epoch: [1][30/49]	Time  0.246 ( 0.394)	Data  0.000 ( 0.156)	Loss 2.2173e+00 (2.3133e+00)	Acc@1  19.92 ( 15.55)	Acc@5  62.11 ( 60.35)
0: Epoch: [1][40/49]	Time  0.246 ( 0.358)	Data  0.000 ( 0.119)	Loss 2.2652e+00 (2.2970e+00)	Acc@1  18.36 ( 15.95)	Acc@5  58.98 ( 61.56)
0: Epoch: [1][ 0/49]	Time  4.838 ( 4.838)	Data  4.657 ( 4.657)	Loss 2.3737e+00 (2.3737e+00)	Acc@1  13.67 ( 13.67)	Acc@5  57.42 ( 57.42)
0: Epoch: [1][10/49]	Time  0.247 ( 0.666)	Data  0.000 ( 0.431)	Loss 2.3214e+00 (2.3424e+00)	Acc@1  13.28 ( 14.42)	Acc@5  59.77 ( 58.88)
0: Epoch: [1][20/49]	Time  0.246 ( 0.466)	Data  0.000 ( 0.228)	Loss 2.3265e+00 (2.3228e+00)	Acc@1  15.23 ( 15.16)	Acc@5  62.11 ( 60.29)
0: Epoch: [1][30/49]	Time  0.247 ( 0.394)	Data  0.000 ( 0.156)	Loss 2.3670e+00 (2.3249e+00)	Acc@1  17.97 ( 15.12)	Acc@5  56.25 ( 60.18)
0: Epoch: [1][40/49]	Time  0.246 ( 0.358)	Data  0.000 ( 0.119)	Loss 2.1929e+00 (2.3042e+00)	Acc@1  16.80 ( 15.77)	Acc@5  69.53 ( 61.58)
0: Test: [ 0/40]	Time  2.467 ( 2.467)	Loss 2.4276e+00 (2.4276e+00)	Acc@1  13.67 ( 13.67)	Acc@5  60.55 ( 60.55)
0: Test: [10/40]	Time  0.067 ( 0.286)	Loss 2.2331e+00 (2.2783e+00)	Acc@1  16.02 ( 17.37)	Acc@5  73.83 ( 67.44)
0: Test: [20/40]	Time  0.067 ( 0.182)	Loss 2.2679e+00 (2.2596e+00)	Acc@1  16.80 ( 17.71)	Acc@5  67.19 ( 67.67)
0: Test: [30/40]	Time  0.068 ( 0.145)	Loss 2.2528e+00 (2.2594e+00)	Acc@1  17.58 ( 17.29)	Acc@5  66.41 ( 67.53)
0:  * Acc@1 17.480 Acc@5 67.140
0: Epoch 1/3 - 21.870s
0: Test: [ 0/40]	Time  2.480 ( 2.480)	Loss 2.4276e+00 (2.4276e+00)	Acc@1  13.67 ( 13.67)	Acc@5  60.55 ( 60.55)
0: Test: [10/40]	Time  0.068 ( 0.287)	Loss 2.2331e+00 (2.2783e+00)	Acc@1  16.02 ( 17.37)	Acc@5  73.83 ( 67.44)
0: Test: [20/40]	Time  0.067 ( 0.182)	Loss 2.2679e+00 (2.2596e+00)	Acc@1  16.80 ( 17.71)	Acc@5  67.19 ( 67.67)
0: Test: [30/40]	Time  0.067 ( 0.145)	Loss 2.2528e+00 (2.2594e+00)	Acc@1  17.58 ( 17.29)	Acc@5  66.41 ( 67.53)
0:  * Acc@1 17.480 Acc@5 67.140
0: Epoch 1/3 - 21.889s
0: Test: [ 0/40]	Time  2.479 ( 2.479)	Loss 2.4276e+00 (2.4276e+00)	Acc@1  13.67 ( 13.67)	Acc@5  60.55 ( 60.55)
0: Test: [10/40]	Time  0.068 ( 0.287)	Loss 2.2331e+00 (2.2783e+00)	Acc@1  16.02 ( 17.37)	Acc@5  73.83 ( 67.44)
0: Test: [20/40]	Time  0.068 ( 0.183)	Loss 2.2679e+00 (2.2596e+00)	Acc@1  16.80 ( 17.71)	Acc@5  67.19 ( 67.67)
0: Test: [30/40]	Time  0.068 ( 0.146)	Loss 2.2528e+00 (2.2594e+00)	Acc@1  17.58 ( 17.29)	Acc@5  66.41 ( 67.53)
0:  * Acc@1 17.480 Acc@5 67.140
0: Epoch 1/3 - 21.890s
0: Test: [ 0/40]	Time  2.495 ( 2.495)	Loss 2.4276e+00 (2.4276e+00)	Acc@1  13.67 ( 13.67)	Acc@5  60.55 ( 60.55)
0: Test: [10/40]	Time  0.068 ( 0.289)	Loss 2.2331e+00 (2.2783e+00)	Acc@1  16.02 ( 17.37)	Acc@5  73.83 ( 67.44)
0: Test: [20/40]	Time  0.068 ( 0.184)	Loss 2.2679e+00 (2.2596e+00)	Acc@1  16.80 ( 17.71)	Acc@5  67.19 ( 67.67)
0: Test: [30/40]	Time  0.068 ( 0.147)	Loss 2.2528e+00 (2.2594e+00)	Acc@1  17.58 ( 17.29)	Acc@5  66.41 ( 67.53)
0:  * Acc@1 17.480 Acc@5 67.140
0: Epoch 1/3 - 21.885s
0: Epoch: [2][ 0/49]	Time  4.871 ( 4.871)	Data  4.689 ( 4.689)	Loss 2.1982e+00 (2.1982e+00)	Acc@1  19.53 ( 19.53)	Acc@5  66.41 ( 66.41)
0: Epoch: [2][10/49]	Time  0.245 ( 0.669)	Data  0.000 ( 0.435)	Loss 2.1740e+00 (2.1987e+00)	Acc@1  19.92 ( 18.18)	Acc@5  72.27 ( 69.46)
0: Epoch: [2][20/49]	Time  0.246 ( 0.467)	Data  0.000 ( 0.230)	Loss 2.2609e+00 (2.1953e+00)	Acc@1  16.80 ( 18.71)	Acc@5  67.19 ( 69.81)
0: Epoch: [2][30/49]	Time  0.246 ( 0.395)	Data  0.000 ( 0.158)	Loss 2.1267e+00 (2.1825e+00)	Acc@1  17.58 ( 19.00)	Acc@5  74.22 ( 70.14)
0: Epoch: [2][40/49]	Time  0.245 ( 0.358)	Data  0.000 ( 0.121)	Loss 2.1690e+00 (2.1817e+00)	Acc@1  19.53 ( 19.15)	Acc@5  66.02 ( 70.12)
0: Epoch: [2][ 0/49]	Time  4.833 ( 4.833)	Data  4.625 ( 4.625)	Loss 2.2384e+00 (2.2384e+00)	Acc@1  14.45 ( 14.45)	Acc@5  66.02 ( 66.02)
0: Epoch: [2][10/49]	Time  0.245 ( 0.666)	Data  0.000 ( 0.430)	Loss 2.2017e+00 (2.2059e+00)	Acc@1  17.58 ( 17.86)	Acc@5  70.70 ( 69.39)
0: Epoch: [2][20/49]	Time  0.246 ( 0.465)	Data  0.000 ( 0.227)	Loss 2.1491e+00 (2.2029e+00)	Acc@1  24.61 ( 18.36)	Acc@5  70.70 ( 68.82)
0: Epoch: [2][30/49]	Time  0.246 ( 0.394)	Data  0.000 ( 0.156)	Loss 2.1724e+00 (2.1952e+00)	Acc@1  18.75 ( 18.85)	Acc@5  72.27 ( 69.32)
0: Epoch: [2][40/49]	Time  0.246 ( 0.357)	Data  0.000 ( 0.119)	Loss 2.1409e+00 (2.1798e+00)	Acc@1  23.05 ( 19.27)	Acc@5  72.27 ( 69.98)
0: Epoch: [2][ 0/49]	Time  4.863 ( 4.863)	Data  4.684 ( 4.684)	Loss 2.1739e+00 (2.1739e+00)	Acc@1  17.58 ( 17.58)	Acc@5  75.39 ( 75.39)
0: Epoch: [2][10/49]	Time  0.246 ( 0.664)	Data  0.000 ( 0.430)	Loss 2.2159e+00 (2.2107e+00)	Acc@1  16.02 ( 18.68)	Acc@5  66.80 ( 67.33)
0: Epoch: [2][20/49]	Time  0.246 ( 0.464)	Data  0.000 ( 0.228)	Loss 2.2455e+00 (2.2010e+00)	Acc@1  18.36 ( 19.23)	Acc@5  67.19 ( 68.21)
0: Epoch: [2][30/49]	Time  0.247 ( 0.393)	Data  0.000 ( 0.156)	Loss 2.1755e+00 (2.1906e+00)	Acc@1  21.48 ( 19.67)	Acc@5  64.84 ( 68.64)
0: Epoch: [2][40/49]	Time  0.246 ( 0.357)	Data  0.000 ( 0.119)	Loss 2.1240e+00 (2.1764e+00)	Acc@1  22.66 ( 20.18)	Acc@5  71.09 ( 69.25)
0: Epoch: [2][ 0/49]	Time  4.850 ( 4.850)	Data  4.627 ( 4.627)	Loss 2.1927e+00 (2.1927e+00)	Acc@1  17.19 ( 17.19)	Acc@5  69.53 ( 69.53)
0: Epoch: [2][10/49]	Time  0.246 ( 0.667)	Data  0.000 ( 0.430)	Loss 2.1993e+00 (2.2289e+00)	Acc@1  18.36 ( 18.50)	Acc@5  76.17 ( 68.61)
0: Epoch: [2][20/49]	Time  0.247 ( 0.466)	Data  0.000 ( 0.228)	Loss 2.1925e+00 (2.2127e+00)	Acc@1  20.70 ( 18.69)	Acc@5  68.36 ( 68.75)
0: Epoch: [2][30/49]	Time  0.247 ( 0.394)	Data  0.000 ( 0.156)	Loss 2.1742e+00 (2.1996e+00)	Acc@1  21.48 ( 18.85)	Acc@5  73.83 ( 69.41)
0: Epoch: [2][40/49]	Time  0.246 ( 0.358)	Data  0.000 ( 0.119)	Loss 2.1444e+00 (2.1858e+00)	Acc@1  21.88 ( 19.16)	Acc@5  69.92 ( 70.13)
0: Test: [ 0/40]	Time  2.465 ( 2.465)	Loss 2.2428e+00 (2.2428e+00)	Acc@1  18.36 ( 18.36)	Acc@5  73.05 ( 73.05)
0: Test: [10/40]	Time  0.067 ( 0.285)	Loss 2.0825e+00 (2.1765e+00)	Acc@1  25.78 ( 20.38)	Acc@5  77.73 ( 73.83)
0: Test: [20/40]	Time  0.067 ( 0.182)	Loss 2.1804e+00 (2.1580e+00)	Acc@1  19.14 ( 21.19)	Acc@5  73.83 ( 73.85)
0: Test: [30/40]	Time  0.067 ( 0.145)	Loss 2.1180e+00 (2.1575e+00)	Acc@1  21.48 ( 21.02)	Acc@5  73.83 ( 73.15)
0:  * Acc@1 20.970 Acc@5 72.860
0: Epoch 2/3 - 21.911s
0: Steps per epoch: 49
0: Validation steps per epoch: 40
0: Average time per epoch: 25.856 s
0: Test: [ 0/40]	Time  2.467 ( 2.467)	Loss 2.2428e+00 (2.2428e+00)	Acc@1  18.36 ( 18.36)	Acc@5  73.05 ( 73.05)
0: Test: [10/40]	Time  0.068 ( 0.286)	Loss 2.0825e+00 (2.1765e+00)	Acc@1  25.78 ( 20.38)	Acc@5  77.73 ( 73.83)
0: Test: [20/40]	Time  0.068 ( 0.182)	Loss 2.1804e+00 (2.1580e+00)	Acc@1  19.14 ( 21.19)	Acc@5  73.83 ( 73.85)
0: Test: [30/40]	Time  0.068 ( 0.145)	Loss 2.1180e+00 (2.1575e+00)	Acc@1  21.48 ( 21.02)	Acc@5  73.83 ( 73.15)
0:  * Acc@1 20.970 Acc@5 72.860
0: Epoch 2/3 - 21.886s
0: Steps per epoch: 49
0: Validation steps per epoch: 40
0: Average time per epoch: 25.860 s
0: Test: [ 0/40]	Time  2.468 ( 2.468)	Loss 2.2428e+00 (2.2428e+00)	Acc@1  18.36 ( 18.36)	Acc@5  73.05 ( 73.05)
0: Test: [10/40]	Time  0.067 ( 0.286)	Loss 2.0825e+00 (2.1765e+00)	Acc@1  25.78 ( 20.38)	Acc@5  77.73 ( 73.83)
0: Test: [20/40]	Time  0.067 ( 0.182)	Loss 2.1804e+00 (2.1580e+00)	Acc@1  19.14 ( 21.19)	Acc@5  73.83 ( 73.85)
0: Test: [30/40]	Time  0.068 ( 0.145)	Loss 2.1180e+00 (2.1575e+00)	Acc@1  21.48 ( 21.02)	Acc@5  73.83 ( 73.15)
0:  * Acc@1 20.970 Acc@5 72.860
0: Epoch 2/3 - 21.908s
0: Steps per epoch: 49
0: Validation steps per epoch: 40
0: Average time per epoch: 25.863 s
0: Test: [ 0/40]	Time  2.475 ( 2.475)	Loss 2.2428e+00 (2.2428e+00)	Acc@1  18.36 ( 18.36)	Acc@5  73.05 ( 73.05)
0: Test: [10/40]	Time  0.068 ( 0.287)	Loss 2.0825e+00 (2.1765e+00)	Acc@1  25.78 ( 20.38)	Acc@5  77.73 ( 73.83)
0: Test: [20/40]	Time  0.069 ( 0.183)	Loss 2.1804e+00 (2.1580e+00)	Acc@1  19.14 ( 21.19)	Acc@5  73.83 ( 73.85)
0: Test: [30/40]	Time  0.068 ( 0.146)	Loss 2.1180e+00 (2.1575e+00)	Acc@1  21.48 ( 21.02)	Acc@5  73.83 ( 73.15)
0:  * Acc@1 20.970 Acc@5 72.860
0: Epoch 2/3 - 21.910s
0: Steps per epoch: 49
0: Validation steps per epoch: 40
0: Average time per epoch: 25.877 s
0: --- 82.34239912033081 seconds ---
0: --- 82.35679125785828 seconds ---
ELAPSED: 84 seconds
End at Mon Feb  1 00:17:51 EET 2021
