WORKERS: "gpu24-ib:5555"
Start at Mon Feb  1 00:22:10 EET 2021
CUDA_VISIBLE_DEVICES: 0,1
Running on hosts: gpu24
Running on 1 nodes.
Running 1 tasks per node
Job id is 1085632
srun -w gpu24 -N 1 -n 1 -l python -u train.pytorch.imagenet.py --config=configs/pytorch_imagenet_resnet.B512.yaml --dist-url 'tcp://gpu24-ib:5555' --dist-backend 'nccl' --multiprocessing-distributed --world-size 1 --rank 0 & 
0: Number of devices per node: 2
0: Use GPU: 0 for training
0: => creating model 'resnet50'
0: Use GPU: 1 for training
0: => creating model 'resnet50'
0: Epoch: [0][ 0/98]	Time 11.206 (11.206)	Data  4.606 ( 4.606)	Loss 7.5187e+00 (7.5187e+00)	Acc@1   0.00 (  0.00)	Acc@5   0.00 (  0.00)
0: Epoch: [0][10/98]	Time  0.243 ( 1.234)	Data  0.000 ( 0.419)	Loss 2.6965e+00 (5.0150e+00)	Acc@1  11.33 (  6.68)	Acc@5  46.88 ( 29.05)
0: Epoch: [0][20/98]	Time  0.243 ( 0.761)	Data  0.000 ( 0.222)	Loss 2.4196e+00 (3.8087e+00)	Acc@1  12.11 (  9.13)	Acc@5  55.47 ( 41.07)
0: Epoch: [0][30/98]	Time  0.243 ( 0.594)	Data  0.000 ( 0.152)	Loss 2.3991e+00 (3.3538e+00)	Acc@1  16.80 ( 10.24)	Acc@5  53.52 ( 46.37)
0: Epoch: [0][40/98]	Time  0.244 ( 0.508)	Data  0.000 ( 0.116)	Loss 2.3465e+00 (3.1081e+00)	Acc@1  15.62 ( 11.31)	Acc@5  57.81 ( 49.29)
0: Epoch: [0][50/98]	Time  0.244 ( 0.456)	Data  0.000 ( 0.094)	Loss 2.3464e+00 (2.9580e+00)	Acc@1  16.41 ( 11.93)	Acc@5  61.33 ( 51.37)
0: Epoch: [0][60/98]	Time  0.244 ( 0.421)	Data  0.000 ( 0.079)	Loss 2.2797e+00 (2.8500e+00)	Acc@1  15.23 ( 12.56)	Acc@5  62.89 ( 53.19)
0: Epoch: [0][70/98]	Time  0.245 ( 0.396)	Data  0.000 ( 0.069)	Loss 2.3313e+00 (2.7690e+00)	Acc@
0: 1  15.23 ( 13.11)	Acc@5  63.28 ( 54.80)
0: Epoch: [0][80/98]	Time  0.245 ( 0.377)	Data  0.000 ( 0.061)	Loss 2.2400e+00 (2.7051e+00)	Acc@1  18.75 ( 13.70)	Acc@5  66.80 ( 56.26)
0: Epoch: [0][90/98]	Time  0.244 ( 0.362)	Data  0.000 ( 0.055)	Loss 2.2213e+00 (2.6536e+00)	Acc@1  14.06 ( 14.02)	Acc@5  70.31 ( 57.43)
0: Epoch: [0][ 0/98]	Time 11.194 (11.194)	Data  4.605 ( 4.605)	Loss 7.4857e+00 (7.4857e+00)	Acc@1   0.00 (  0.00)	Acc@5   0.00 (  0.00)
0: Epoch: [0][10/98]	Time  0.243 ( 1.234)	Data  0.000 ( 0.419)	Loss 2.6708e+00 (4.9948e+00)	Acc@1   9.77 (  6.00)	Acc@5  49.61 ( 28.84)
0: Epoch: [0][20/98]	Time  0.243 ( 0.761)	Data  0.000 ( 0.222)	Loss 2.4580e+00 (3.7905e+00)	Acc@1  10.16 (  8.33)	Acc@5  53.52 ( 41.37)
0: Epoch: [0][30/98]	Time  0.244 ( 0.594)	Data  0.000 ( 0.152)	Loss 2.4347e+00 (3.3423e+00)	Acc@1  11.33 (  9.74)	Acc@5  51.17 ( 46.18)
0: Epoch: [0][40/98]	Time  0.243 ( 0.508)	Data  0.000 ( 0.116)	Loss 2.3466e+00 (3.1083e+00)	Acc@1  12.50 ( 10.59)	Acc@5  57.03 ( 48.88)
0: Epoch: [0][50/98]	Time  0.245 ( 0.456)	Data  0.000 ( 0.094)	Loss 2.3288e+00 (2.9587e+00)	Acc@1  15.23 ( 11.42)	Acc@5  58.20 ( 50.83)
0: Epoch: [0][60/98]	Time  0.245 ( 0.421)	Data  0.000 ( 0.079)	Loss 2.2694e+00 (2.8503e+00)	Acc@1  17.58 ( 12.12)	Acc@5  69.14 ( 52.77)
0: Epoch: [0][70/98]	Time  0.244 ( 0.396)	Data  0.000 ( 0.069)	Loss 2.2142e+00 (2.7701e+00)	Acc@
0: 1  17.58 ( 12.64)	Acc@5  67.19 ( 54.47)
0: Epoch: [0][80/98]	Time  0.245 ( 0.377)	Data  0.000 ( 0.061)	Loss 2.1954e+00 (2.7050e+00)	Acc@1  19.53 ( 13.23)	Acc@5  65.62 ( 55.87)
0: Epoch: [0][90/98]	Time  0.244 ( 0.362)	Data  0.000 ( 0.055)	Loss 2.2277e+00 (2.6533e+00)	Acc@1  21.09 ( 13.78)	Acc@5  64.84 ( 56.99)
0: Test: [ 0/40]	Time  2.460 ( 2.460)	Loss 2.2318e+00 (2.2318e+00)	Acc@1  19.14 ( 19.14)	Acc@5  70.70 ( 70.70)
0: Test: [10/40]	Time  0.068 ( 0.285)	Loss 2.1884e+00 (2.2138e+00)	Acc@1  19.14 ( 18.57)	Acc@5  74.22 ( 70.45)
0: Test: [20/40]	Time  0.068 ( 0.182)	Loss 2.2375e+00 (2.2177e+00)	Acc@1  17.97 ( 18.79)	Acc@5  67.19 ( 69.92)
0: Test: [30/40]	Time  0.068 ( 0.145)	Loss 2.2051e+00 (2.2131e+00)	Acc@1  18.75 ( 19.09)	Acc@5  69.53 ( 69.92)
0:  * Acc@1 19.000 Acc@5 69.680
0: Epoch 0/3 - 44.551s
0: Test: [ 0/40]	Time  2.462 ( 2.462)	Loss 2.2318e+00 (2.2318e+00)	Acc@1  19.14 ( 19.14)	Acc@5  70.70 ( 70.70)
0: Test: [10/40]	Time  0.069 ( 0.286)	Loss 2.1884e+00 (2.2138e+00)	Acc@1  19.14 ( 18.57)	Acc@5  74.22 ( 70.45)
0: Test: [20/40]	Time  0.068 ( 0.182)	Loss 2.2375e+00 (2.2177e+00)	Acc@1  17.97 ( 18.79)	Acc@5  67.19 ( 69.92)
0: Test: [30/40]	Time  0.068 ( 0.145)	Loss 2.2051e+00 (2.2131e+00)	Acc@1  18.75 ( 19.09)	Acc@5  69.53 ( 69.92)
0:  * Acc@1 19.000 Acc@5 69.680
0: Epoch 0/3 - 44.572s
0: Epoch: [1][ 0/98]	Time  4.833 ( 4.833)	Data  4.657 ( 4.657)	Loss 2.1580e+00 (2.1580e+00)	Acc@1  18.36 ( 18.36)	Acc@5  72.66 ( 72.66)
0: Epoch: [1][10/98]	Time  0.244 ( 0.659)	Data  0.000 ( 0.428)	Loss 2.1642e+00 (2.1647e+00)	Acc@1  19.53 ( 19.42)	Acc@5  72.27 ( 71.56)
0: Epoch: [1][20/98]	Time  0.245 ( 0.460)	Data  0.000 ( 0.226)	Loss 2.2374e+00 (2.1522e+00)	Acc@1  17.58 ( 20.50)	Acc@5  69.53 ( 72.02)
0: Epoch: [1][30/98]	Time  0.243 ( 0.390)	Data  0.000 ( 0.155)	Loss 2.2051e+00 (2.1443e+00)	Acc@1  19.53 ( 20.87)	Acc@5  67.97 ( 72.43)
0: Epoch: [1][40/98]	Time  0.243 ( 0.354)	Data  0.000 ( 0.118)	Loss 2.0461e+00 (2.1388e+00)	Acc@1  25.00 ( 21.18)	Acc@5  76.56 ( 72.65)
0: Epoch: [1][50/98]	Time  0.244 ( 0.332)	Data  0.000 ( 0.096)	Loss 2.1221e+00 (2.1326e+00)	Acc@1  23.05 ( 21.53)	Acc@5  73.05 ( 72.91)
0: Epoch: [1][60/98]	Time  0.243 ( 0.317)	Data  0.000 ( 0.081)	Loss 2.0581e+00 (2.1261e+00)	Acc@1  26.95 ( 21.75)	Acc@5  74.22 ( 73.03)
0: Epoch: [1][70/98]	Time  0.243 ( 0.306)	Data  0.000 ( 0.070)	Loss 2.1609e+00 (2.1218e+00)	Acc@
0: 1  17.97 ( 21.88)	Acc@5  73.83 ( 73.27)
0: Epoch: [1][80/98]	Time  0.246 ( 0.299)	Data  0.000 ( 0.062)	Loss 2.0541e+00 (2.1148e+00)	Acc@1  25.39 ( 22.24)	Acc@5  75.00 ( 73.51)
0: Epoch: [1][90/98]	Time  0.244 ( 0.292)	Data  0.000 ( 0.056)	Loss 1.9563e+00 (2.1066e+00)	Acc@1  28.12 ( 22.44)	Acc@5  77.73 ( 73.85)
0: Epoch: [1][ 0/98]	Time  4.816 ( 4.816)	Data  4.638 ( 4.638)	Loss 2.2264e+00 (2.2264e+00)	Acc@1  17.58 ( 17.58)	Acc@5  69.53 ( 69.53)
0: Epoch: [1][10/98]	Time  0.243 ( 0.658)	Data  0.000 ( 0.426)	Loss 2.1363e+00 (2.1792e+00)	Acc@1  19.53 ( 20.45)	Acc@5  72.27 ( 70.70)
0: Epoch: [1][20/98]	Time  0.243 ( 0.460)	Data  0.000 ( 0.225)	Loss 2.1309e+00 (2.1662e+00)	Acc@1  20.31 ( 20.59)	Acc@5  74.22 ( 71.08)
0: Epoch: [1][30/98]	Time  0.244 ( 0.389)	Data  0.000 ( 0.154)	Loss 2.1946e+00 (2.1458e+00)	Acc@1  19.14 ( 21.06)	Acc@5  71.88 ( 72.13)
0: Epoch: [1][40/98]	Time  0.244 ( 0.353)	Data  0.000 ( 0.118)	Loss 2.0907e+00 (2.1346e+00)	Acc@1  23.05 ( 21.68)	Acc@5  71.48 ( 72.30)
0: Epoch: [1][50/98]	Time  0.244 ( 0.331)	Data  0.000 ( 0.096)	Loss 2.0321e+00 (2.1249e+00)	Acc@1  24.61 ( 22.15)	Acc@5  76.17 ( 72.69)
0: Epoch: [1][60/98]	Time  0.244 ( 0.317)	Data  0.000 ( 0.081)	Loss 2.2020e+00 (2.1196e+00)	Acc@1  20.31 ( 22.21)	Acc@5  69.14 ( 72.98)
0: Epoch: [1][70/98]	Time  0.243 ( 0.306)	Data  0.000 ( 0.070)	Loss 2.0463e+00 (2.1137e+00)	Acc@
0: 1  21.48 ( 22.37)	Acc@5  77.34 ( 73.44)
0: Epoch: [1][80/98]	Time  0.244 ( 0.298)	Data  0.000 ( 0.062)	Loss 2.0670e+00 (2.1073e+00)	Acc@1  25.00 ( 22.62)	Acc@5  76.56 ( 73.64)
0: Epoch: [1][90/98]	Time  0.244 ( 0.292)	Data  0.000 ( 0.056)	Loss 2.1022e+00 (2.0974e+00)	Acc@1  23.83 ( 23.12)	Acc@5  73.05 ( 74.09)
0: Test: [ 0/40]	Time  2.443 ( 2.443)	Loss 2.0528e+00 (2.0528e+00)	Acc@1  23.44 ( 23.44)	Acc@5  78.12 ( 78.12)
0: Test: [10/40]	Time  0.068 ( 0.284)	Loss 2.0406e+00 (2.0322e+00)	Acc@1  21.88 ( 25.00)	Acc@5  77.73 ( 77.49)
0: Test: [20/40]	Time  0.068 ( 0.181)	Loss 2.0622e+00 (2.0286e+00)	Acc@1  25.78 ( 25.47)	Acc@5  74.22 ( 77.66)
0: Test: [30/40]	Time  0.068 ( 0.145)	Loss 2.0382e+00 (2.0311e+00)	Acc@1  24.61 ( 25.37)	Acc@5  76.17 ( 77.76)
0:  * Acc@1 25.440 Acc@5 77.610
0: Epoch 1/3 - 33.524s
0: Test: [ 0/40]	Time  2.466 ( 2.466)	Loss 2.0528e+00 (2.0528e+00)	Acc@1  23.44 ( 23.44)	Acc@5  78.12 ( 78.12)
0: Test: [10/40]	Time  0.067 ( 0.286)	Loss 2.0406e+00 (2.0322e+00)	Acc@1  21.88 ( 25.00)	Acc@5  77.73 ( 77.49)
0: Test: [20/40]	Time  0.068 ( 0.182)	Loss 2.0622e+00 (2.0286e+00)	Acc@1  25.78 ( 25.47)	Acc@5  74.22 ( 77.66)
0: Test: [30/40]	Time  0.067 ( 0.145)	Loss 2.0382e+00 (2.0311e+00)	Acc@1  24.61 ( 25.37)	Acc@5  76.17 ( 77.76)
0:  * Acc@1 25.440 Acc@5 77.610
0: Epoch 1/3 - 33.542s
0: Epoch: [2][ 0/98]	Time  4.858 ( 4.858)	Data  4.677 ( 4.677)	Loss 1.9369e+00 (1.9369e+00)	Acc@1  28.52 ( 28.52)	Acc@5  78.12 ( 78.12)
0: Epoch: [2][10/98]	Time  0.245 ( 0.663)	Data  0.000 ( 0.429)	Loss 1.9825e+00 (1.9905e+00)	Acc@1  30.86 ( 27.49)	Acc@5  78.91 ( 78.48)
0: Epoch: [2][20/98]	Time  0.245 ( 0.464)	Data  0.000 ( 0.227)	Loss 1.9722e+00 (1.9928e+00)	Acc@1  28.52 ( 26.92)	Acc@5  78.52 ( 78.85)
0: Epoch: [2][30/98]	Time  0.243 ( 0.392)	Data  0.000 ( 0.155)	Loss 1.9676e+00 (1.9900e+00)	Acc@1  32.03 ( 27.43)	Acc@5  76.17 ( 78.69)
0: Epoch: [2][40/98]	Time  0.245 ( 0.356)	Data  0.000 ( 0.119)	Loss 1.9794e+00 (1.9807e+00)	Acc@1  26.56 ( 27.32)	Acc@5  78.52 ( 79.33)
0: Epoch: [2][50/98]	Time  0.244 ( 0.334)	Data  0.000 ( 0.096)	Loss 1.8800e+00 (1.9708e+00)	Acc@1  34.38 ( 27.71)	Acc@5  80.47 ( 79.76)
0: Epoch: [2][60/98]	Time  0.244 ( 0.319)	Data  0.000 ( 0.081)	Loss 1.8791e+00 (1.9655e+00)	Acc@1  28.91 ( 28.05)	Acc@5  82.03 ( 79.96)
0: Epoch: [2][70/98]	Time  0.244 ( 0.308)	Data  0.000 ( 0.071)	Loss 1.8670e+00 (1.9628e+00)	Acc@
0: 1  30.47 ( 28.14)	Acc@5  82.42 ( 79.89)
0: Epoch: [2][80/98]	Time  0.245 ( 0.300)	Data  0.000 ( 0.062)	Loss 2.0078e+00 (1.9593e+00)	Acc@1  28.52 ( 28.43)	Acc@5  77.34 ( 79.98)
0: Epoch: [2][90/98]	Time  0.244 ( 0.293)	Data  0.000 ( 0.056)	Loss 1.9228e+00 (1.9551e+00)	Acc@1  33.20 ( 28.52)	Acc@5  79.69 ( 80.05)
0: Epoch: [2][ 0/98]	Time  4.816 ( 4.816)	Data  4.636 ( 4.636)	Loss 1.9800e+00 (1.9800e+00)	Acc@1  25.00 ( 25.00)	Acc@5  80.08 ( 80.08)
0: Epoch: [2][10/98]	Time  0.245 ( 0.663)	Data  0.000 ( 0.429)	Loss 1.9616e+00 (2.0118e+00)	Acc@1  26.95 ( 25.50)	Acc@5  78.52 ( 79.33)
0: Epoch: [2][20/98]	Time  0.246 ( 0.463)	Data  0.000 ( 0.227)	Loss 1.8748e+00 (2.0060e+00)	Acc@1  33.59 ( 26.66)	Acc@5  82.81 ( 78.94)
0: Epoch: [2][30/98]	Time  0.244 ( 0.392)	Data  0.000 ( 0.156)	Loss 1.8398e+00 (1.9970e+00)	Acc@1  35.94 ( 27.08)	Acc@5  83.59 ( 79.18)
0: Epoch: [2][40/98]	Time  0.245 ( 0.356)	Data  0.000 ( 0.119)	Loss 1.9672e+00 (1.9920e+00)	Acc@1  29.69 ( 27.20)	Acc@5  78.91 ( 79.38)
0: Epoch: [2][50/98]	Time  0.243 ( 0.334)	Data  0.000 ( 0.096)	Loss 1.9951e+00 (1.9873e+00)	Acc@1  27.73 ( 27.24)	Acc@5  78.91 ( 79.35)
0: Epoch: [2][60/98]	Time  0.245 ( 0.319)	Data  0.000 ( 0.081)	Loss 1.8118e+00 (1.9819e+00)	Acc@1  30.47 ( 27.48)	Acc@5  87.89 ( 79.45)
0: Epoch: [2][70/98]	Time  0.247 ( 0.308)	Data  0.000 ( 0.071)	Loss 1.9037e+00 (1.9732e+00)	Acc@
0: 1  32.03 ( 27.74)	Acc@5  81.25 ( 79.67)
0: Epoch: [2][80/98]	Time  0.244 ( 0.300)	Data  0.000 ( 0.062)	Loss 1.8962e+00 (1.9668e+00)	Acc@1  29.69 ( 27.99)	Acc@5  81.25 ( 79.92)
0: Epoch: [2][90/98]	Time  0.245 ( 0.293)	Data  0.000 ( 0.056)	Loss 1.9625e+00 (1.9631e+00)	Acc@1  28.12 ( 28.06)	Acc@5  80.86 ( 80.08)
0: Test: [ 0/40]	Time  2.451 ( 2.451)	Loss 1.9386e+00 (1.9386e+00)	Acc@1  30.47 ( 30.47)	Acc@5  82.81 ( 82.81)
0: Test: [10/40]	Time  0.068 ( 0.285)	Loss 1.8535e+00 (1.8901e+00)	Acc@1  31.25 ( 31.68)	Acc@5  85.55 ( 82.49)
0: Test: [20/40]	Time  0.068 ( 0.181)	Loss 2.0186e+00 (1.9012e+00)	Acc@1  25.78 ( 30.28)	Acc@5  80.86 ( 83.18)
0: Test: [30/40]	Time  0.068 ( 0.145)	Loss 1.9169e+00 (1.8971e+00)	Acc@1  28.91 ( 30.57)	Acc@5  81.64 ( 82.83)
0:  * Acc@1 30.520 Acc@5 82.520
0: Epoch 2/3 - 33.697s
0: Steps per epoch: 98
0: Validation steps per epoch: 40
0: Average time per epoch: 37.264 s
0: Test: [ 0/40]	Time  2.465 ( 2.465)	Loss 1.9386e+00 (1.9386e+00)	Acc@1  30.47 ( 30.47)	Acc@5  82.81 ( 82.81)
0: Test: [10/40]	Time  0.067 ( 0.286)	Loss 1.8535e+00 (1.8901e+00)	Acc@1  31.25 ( 31.68)	Acc@5  85.55 ( 82.49)
0: Test: [20/40]	Time  0.067 ( 0.182)	Loss 2.0186e+00 (1.9012e+00)	Acc@1  25.78 ( 30.28)	Acc@5  80.86 ( 83.18)
0: Test: [30/40]	Time  0.068 ( 0.145)	Loss 1.9169e+00 (1.8971e+00)	Acc@1  28.91 ( 30.57)	Acc@5  81.64 ( 82.83)
0:  * Acc@1 30.520 Acc@5 82.520
0: Epoch 2/3 - 33.699s
0: Steps per epoch: 98
0: Validation steps per epoch: 40
0: Average time per epoch: 37.264 s
0: --- 116.33713173866272 seconds ---
ELAPSED: 118 seconds
End at Mon Feb  1 00:24:08 EET 2021
