WORKERS: "gpu24-ib:5555"
Start at Mon Feb  1 12:31:44 EET 2021
CUDA_VISIBLE_DEVICES: 0,1
Running on hosts: gpu24
Running on 1 nodes.
Running 1 tasks per node
Job id is 1085799
srun -w gpu24 -N 1 -n 1 -l python -u train.pytorch.cifar10.py --config=configs/pytorch_cifar10_resnet.B64.yaml --dist-url 'tcp://gpu24-ib:5555' --dist-backend 'nccl' --multiprocessing-distributed --world-size 1 --rank 0 & 
0: Number of devices per node: 2
0: Use GPU: 0 for training
0: => creating model 'resnet50'
0: Use GPU: 1 for training
0: => creating model 'resnet50'
0: Epoch: [0][  0/782]	Time  7.214 ( 7.214)	Data  4.562 ( 4.562)	Loss 7.3862e+00 (7.3862e+00)	Acc@1   0.00 (  0.00)	Acc@5   0.00 (  0.00)
0: Epoch: [0][ 10/782]	Time  0.083 ( 0.732)	Data  0.000 ( 0.415)	Loss 2.5146e+00 (4.8681e+00)	Acc@1  12.50 (  8.52)	Acc@5  56.25 ( 31.53)
0: Epoch: [0][ 20/782]	Time  0.087 ( 0.425)	Data  0.000 ( 0.218)	Loss 2.6508e+00 (3.7429e+00)	Acc@1   9.38 ( 10.86)	Acc@5  50.00 ( 43.45)
0: Epoch: [0][ 30/782]	Time  0.086 ( 0.316)	Data  0.000 ( 0.148)	Loss 2.6049e+00 (3.3612e+00)	Acc@1  15.62 ( 10.89)	Acc@5  53.12 ( 46.98)
0: Epoch: [0][ 40/782]	Time  0.089 ( 0.260)	Data  0.000 ( 0.113)	Loss 2.6438e+00 (3.1618e+00)	Acc@1   9.38 ( 11.89)	Acc@5  53.12 ( 49.39)
0: Epoch: [0][ 50/782]	Time  0.085 ( 0.226)	Data  0.000 ( 0.091)	Loss 2.3568e+00 (3.0240e+00)	Acc@1  15.62 ( 12.32)	Acc@5  65.62 ( 50.98)
0: Epoch: [0][ 60/782]	Time  0.090 ( 0.203)	Data  0.000 ( 0.076)	Loss 2.3621e+00 (2.9201e+00)	Acc@1  21.88 ( 12.76)	Acc@5  59.38 ( 52.82)
0: Epoch: [0][ 70/782]	Time  0.083 ( 0.186)	Data  0.000 ( 0.066)	Loss 2.3851e+00 (
0: 2.8366e+00)	Acc@1  12.50 ( 13.42)	Acc@5  65.62 ( 54.67)
0: Epoch: [0][ 80/782]	Time  0.083 ( 0.173)	Data  0.000 ( 0.058)	Loss 2.5659e+00 (2.7790e+00)	Acc@1   9.38 ( 13.70)	Acc@5  59.38 ( 55.79)
0: Epoch: [0][ 90/782]	Time  0.086 ( 0.164)	Data  0.000 ( 0.052)	Loss 2.3781e+00 (2.7394e+00)	Acc@1  12.50 ( 13.84)	Acc@5  56.25 ( 56.46)
0: Epoch: [0][100/782]	Time  0.084 ( 0.156)	Data  0.000 ( 0.047)	Loss 2.2201e+00 (2.7013e+00)	Acc@1  25.00 ( 14.26)	Acc@5  53.12 ( 57.15)
0: Epoch: [0][110/782]	Time  0.082 ( 0.149)	Data  0.000 ( 0.043)	Loss 2.0097e+00 (2.6647e+00)	Acc@1  21.88 ( 14.53)	Acc@5  81.25 ( 58.16)
0: Epoch: [0][120/782]	Time  0.087 ( 0.144)	Data  0.000 ( 0.039)	Loss 2.4058e+00 (2.6385e+00)	Acc@1  18.75 ( 14.85)	Acc@5  59.38 ( 58.57)
0: Epoch: [0][130/782]	Time  0.085 ( 0.140)	Data  0.000 ( 0.036)	Loss 1.9423e+00 (2.6018e+00)	Acc@1  28.12 ( 15.46)	Acc@5  81.25 ( 59.61)
0: Epoch: [0][140/782]	Time  0.082 ( 0.136)	Data  0.000 ( 0.034)	Loss 2.2160e+00 (2.5760e+00)	Acc@1  31.25 ( 15.96)	Acc@5  71.88 ( 60.44)
0: Epoch: [0][150/782]	Tim
0: e  0.083 ( 0.132)	Data  0.000 ( 0.032)	Loss 2.5792e+00 (2.5549e+00)	Acc@1  25.00 ( 16.47)	Acc@5  62.50 ( 61.13)
0: Epoch: [0][160/782]	Time  0.085 ( 0.129)	Data  0.000 ( 0.030)	Loss 2.3769e+00 (2.5355e+00)	Acc@1  18.75 ( 16.60)	Acc@5  68.75 ( 61.70)
0: Epoch: [0][170/782]	Time  0.088 ( 0.127)	Data  0.000 ( 0.028)	Loss 2.0972e+00 (2.5220e+00)	Acc@1  34.38 ( 16.81)	Acc@5  75.00 ( 62.21)
0: Epoch: [0][180/782]	Time  0.086 ( 0.124)	Data  0.000 ( 0.027)	Loss 2.4415e+00 (2.5086e+00)	Acc@1  15.62 ( 16.99)	Acc@5  62.50 ( 62.67)
0: Epoch: [0][190/782]	Time  0.084 ( 0.122)	Data  0.000 ( 0.026)	Loss 2.3844e+00 (2.4953e+00)	Acc@1  21.88 ( 17.31)	Acc@5  65.62 ( 63.25)
0: Epoch: [0][200/782]	Time  0.084 ( 0.120)	Data  0.000 ( 0.024)	Loss 2.3679e+00 (2.4840e+00)	Acc@1  25.00 ( 17.57)	Acc@5  65.62 ( 63.73)
0: Epoch: [0][210/782]	Time  0.086 ( 0.119)	Data  0.000 ( 0.023)	Loss 2.0216e+00 (2.4721e+00)	Acc@1  28.12 ( 17.64)	Acc@5  84.38 ( 64.34)
0: Epoch: [0][220/782]	Time  0.087 ( 0.117)	Data  0.000 ( 0.022)	Loss 2.3247e+00 (2.4559e+00)	Acc@1  21.8
0: 8 ( 17.92)	Acc@5  75.00 ( 64.88)
0: Epoch: [0][230/782]	Time  0.084 ( 0.116)	Data  0.000 ( 0.021)	Loss 2.1678e+00 (2.4458e+00)	Acc@1  28.12 ( 18.18)	Acc@5  78.12 ( 65.15)
0: Epoch: [0][240/782]	Time  0.085 ( 0.115)	Data  0.000 ( 0.021)	Loss 1.9488e+00 (2.4343e+00)	Acc@1  31.25 ( 18.45)	Acc@5  78.12 ( 65.59)
0: Epoch: [0][250/782]	Time  0.087 ( 0.113)	Data  0.000 ( 0.020)	Loss 2.5474e+00 (2.4276e+00)	Acc@1  18.75 ( 18.48)	Acc@5  62.50 ( 65.87)
0: Epoch: [0][260/782]	Time  0.084 ( 0.112)	Data  0.000 ( 0.019)	Loss 2.2136e+00 (2.4188e+00)	Acc@1  31.25 ( 18.75)	Acc@5  71.88 ( 66.22)
0: Epoch: [0][270/782]	Time  0.085 ( 0.111)	Data  0.000 ( 0.019)	Loss 2.0503e+00 (2.4101e+00)	Acc@1  40.62 ( 18.93)	Acc@5  71.88 ( 66.52)
0: Epoch: [0][280/782]	Time  0.088 ( 0.110)	Data  0.000 ( 0.018)	Loss 2.2356e+00 (2.4004e+00)	Acc@1  34.38 ( 19.19)	Acc@5  78.12 ( 66.99)
0: Epoch: [0][290/782]	Time  0.085 ( 0.109)	Data  0.000 ( 0.017)	Loss 2.3008e+00 (2.3934e+00)	Acc@1  12.50 ( 19.24)	Acc@5  78.12 ( 67.39)
0: Epoch: [0][300/782]	Time  0.082 ( 0.109)	Data 
0:  0.000 ( 0.017)	Loss 2.3128e+00 (2.3860e+00)	Acc@1  15.62 ( 19.34)	Acc@5  68.75 ( 67.75)
0: Epoch: [0][310/782]	Time  0.086 ( 0.108)	Data  0.000 ( 0.016)	Loss 2.0962e+00 (2.3802e+00)	Acc@1  31.25 ( 19.52)	Acc@5  68.75 ( 67.94)
0: Epoch: [0][320/782]	Time  0.084 ( 0.107)	Data  0.000 ( 0.016)	Loss 2.2452e+00 (2.3735e+00)	Acc@1  25.00 ( 19.65)	Acc@5  75.00 ( 68.24)
0: Epoch: [0][330/782]	Time  0.083 ( 0.106)	Data  0.000 ( 0.016)	Loss 2.2960e+00 (2.3694e+00)	Acc@1  28.12 ( 19.64)	Acc@5  78.12 ( 68.38)
0: Epoch: [0][340/782]	Time  0.085 ( 0.106)	Data  0.000 ( 0.015)	Loss 1.9516e+00 (2.3624e+00)	Acc@1  28.12 ( 19.77)	Acc@5  87.50 ( 68.62)
0: Epoch: [0][350/782]	Time  0.087 ( 0.105)	Data  0.000 ( 0.015)	Loss 2.0884e+00 (2.3569e+00)	Acc@1  25.00 ( 19.89)	Acc@5  78.12 ( 68.76)
0: Epoch: [0][360/782]	Time  0.083 ( 0.105)	Data  0.000 ( 0.014)	Loss 2.4473e+00 (2.3471e+00)	Acc@1  18.75 ( 20.17)	Acc@5  65.62 ( 69.12)
0: Epoch: [0][370/782]	Time  0.082 ( 0.104)	Data  0.000 ( 0.014)	Loss 2.2185e+00 (2.3407e+00)	Acc@1  40.62 ( 20.36)	Acc@5  75.00
0:  ( 69.36)
0: Epoch: [0][380/782]	Time  0.088 ( 0.104)	Data  0.000 ( 0.014)	Loss 2.1593e+00 (2.3363e+00)	Acc@1  15.62 ( 20.42)	Acc@5  78.12 ( 69.50)
0: Epoch: [0][390/782]	Time  0.078 ( 0.103)	Data  0.000 ( 0.013)	Loss 2.2891e+00 (2.3332e+00)	Acc@1  18.75 ( 20.48)	Acc@5  75.00 ( 69.63)
0: Epoch: [0][400/782]	Time  0.084 ( 0.103)	Data  0.000 ( 0.013)	Loss 1.9132e+00 (2.3273e+00)	Acc@1  31.25 ( 20.69)	Acc@5  87.50 ( 69.91)
0: Epoch: [0][410/782]	Time  0.083 ( 0.102)	Data  0.000 ( 0.013)	Loss 1.9051e+00 (2.3203e+00)	Acc@1  31.25 ( 20.89)	Acc@5  93.75 ( 70.14)
0: Epoch: [0][420/782]	Time  0.086 ( 0.102)	Data  0.000 ( 0.013)	Loss 2.0145e+00 (2.3138e+00)	Acc@1  37.50 ( 21.04)	Acc@5  75.00 ( 70.41)
0: Epoch: [0][430/782]	Time  0.085 ( 0.101)	Data  0.000 ( 0.012)	Loss 2.0620e+00 (2.3081e+00)	Acc@1  37.50 ( 21.18)	Acc@5  81.25 ( 70.61)
0: Epoch: [0][440/782]	Time  0.082 ( 0.101)	Data  0.000 ( 0.012)	Loss 2.1676e+00 (2.3023e+00)	Acc@1  28.12 ( 21.36)	Acc@5  84.38 ( 70.81)
0: Epoch: [0][450/782]	Time  0.086 ( 0.101)	Data  0.000 ( 0.012)	Loss 1.
0: 8589e+00 (2.2954e+00)	Acc@1  37.50 ( 21.54)	Acc@5  81.25 ( 71.00)
0: Epoch: [0][460/782]	Time  0.088 ( 0.100)	Data  0.000 ( 0.012)	Loss 1.9110e+00 (2.2878e+00)	Acc@1  31.25 ( 21.76)	Acc@5  84.38 ( 71.22)
0: Epoch: [0][470/782]	Time  0.088 ( 0.100)	Data  0.000 ( 0.011)	Loss 1.9148e+00 (2.2839e+00)	Acc@1  31.25 ( 21.86)	Acc@5  81.25 ( 71.34)
0: Epoch: [0][480/782]	Time  0.086 ( 0.100)	Data  0.000 ( 0.011)	Loss 2.2648e+00 (2.2806e+00)	Acc@1  21.88 ( 21.93)	Acc@5  81.25 ( 71.52)
0: Epoch: [0][490/782]	Time  0.084 ( 0.100)	Data  0.000 ( 0.011)	Loss 1.9629e+00 (2.2767e+00)	Acc@1  28.12 ( 22.07)	Acc@5  84.38 ( 71.65)
0: Epoch: [0][500/782]	Time  0.082 ( 0.099)	Data  0.000 ( 0.011)	Loss 2.1096e+00 (2.2703e+00)	Acc@1  34.38 ( 22.26)	Acc@5  81.25 ( 71.89)
0: Epoch: [0][510/782]	Time  0.086 ( 0.099)	Data  0.000 ( 0.011)	Loss 1.6541e+00 (2.2645e+00)	Acc@1  43.75 ( 22.43)	Acc@5  93.75 ( 72.10)
0: Epoch: [0][520/782]	Time  0.084 ( 0.099)	Data  0.000 ( 0.011)	Loss 1.7501e+00 (2.2597e+00)	Acc@1  43.75 ( 22.61)	Acc@5  87.50 ( 72.25)
0: Epoch: [0][53
0: 0/782]	Time  0.089 ( 0.098)	Data  0.000 ( 0.010)	Loss 1.9573e+00 (2.2541e+00)	Acc@1  37.50 ( 22.70)	Acc@5  81.25 ( 72.40)
0: Epoch: [0][540/782]	Time  0.083 ( 0.098)	Data  0.000 ( 0.010)	Loss 2.2126e+00 (2.2503e+00)	Acc@1  21.88 ( 22.78)	Acc@5  75.00 ( 72.51)
0: Epoch: [0][550/782]	Time  0.085 ( 0.098)	Data  0.000 ( 0.010)	Loss 1.9273e+00 (2.2457e+00)	Acc@1  31.25 ( 22.99)	Acc@5  81.25 ( 72.61)
0: Epoch: [0][560/782]	Time  0.085 ( 0.098)	Data  0.000 ( 0.010)	Loss 1.9133e+00 (2.2417e+00)	Acc@1  34.38 ( 23.12)	Acc@5  81.25 ( 72.72)
0: Epoch: [0][570/782]	Time  0.084 ( 0.098)	Data  0.000 ( 0.010)	Loss 1.8656e+00 (2.2371e+00)	Acc@1  43.75 ( 23.29)	Acc@5  84.38 ( 72.89)
0: Epoch: [0][580/782]	Time  0.082 ( 0.097)	Data  0.000 ( 0.010)	Loss 2.2120e+00 (2.2315e+00)	Acc@1  18.75 ( 23.47)	Acc@5  81.25 ( 73.07)
0: Epoch: [0][590/782]	Time  0.087 ( 0.097)	Data  0.000 ( 0.010)	Loss 1.9648e+00 (2.2268e+00)	Acc@1  18.75 ( 23.60)	Acc@5  87.50 ( 73.25)
0: Epoch: [0][600/782]	Time  0.086 ( 0.097)	Data  0.000 ( 0.009)	Loss 2.0853e+00 (2.2246e+00)	A
0: cc@1  34.38 ( 23.63)	Acc@5  71.88 ( 73.29)
0: Epoch: [0][  0/782]	Time  7.221 ( 7.221)	Data  4.574 ( 4.574)	Loss 7.2368e+00 (7.2368e+00)	Acc@1   0.00 (  0.00)	Acc@5   0.00 (  0.00)
0: Epoch: [0][ 10/782]	Time  0.083 ( 0.733)	Data  0.000 ( 0.416)	Loss 2.7094e+00 (4.8987e+00)	Acc@1   9.38 (  6.82)	Acc@5  43.75 ( 30.40)
0: Epoch: [0][ 20/782]	Time  0.087 ( 0.425)	Data  0.000 ( 0.219)	Loss 2.6562e+00 (3.7439e+00)	Acc@1   3.12 (  8.78)	Acc@5  53.12 ( 42.86)
0: Epoch: [0][ 30/782]	Time  0.089 ( 0.316)	Data  0.000 ( 0.149)	Loss 2.3072e+00 (3.3620e+00)	Acc@1  18.75 (  9.78)	Acc@5  53.12 ( 45.16)
0: Epoch: [0][ 40/782]	Time  0.087 ( 0.260)	Data  0.000 ( 0.113)	Loss 2.1448e+00 (3.1488e+00)	Acc@1  25.00 ( 10.75)	Acc@5  78.12 ( 48.17)
0: Epoch: [0][ 50/782]	Time  0.084 ( 0.226)	Data  0.000 ( 0.091)	Loss 2.6640e+00 (3.0270e+00)	Acc@1  12.50 ( 10.91)	Acc@5  50.00 ( 49.14)
0: Epoch: [0][ 60/782]	Time  0.088 ( 0.203)	Data  0.000 ( 0.076)	Loss 2.4522e+00 (2.9355e+00)	Acc@1  18.75 ( 11.17)	Acc@5  56.25 ( 50.77)
0: Epoch: [0][ 70/782]	Time  0.081 ( 0.186)	Data  0.000 ( 0.066)	Loss 2.3560e+00 (
0: 2.8547e+00)	Acc@1  15.62 ( 12.02)	Acc@5  68.75 ( 52.64)
0: Epoch: [0][ 80/782]	Time  0.081 ( 0.174)	Data  0.000 ( 0.058)	Loss 2.2340e+00 (2.7871e+00)	Acc@1  25.00 ( 13.00)	Acc@5  78.12 ( 54.09)
0: Epoch: [0][ 90/782]	Time  0.088 ( 0.164)	Data  0.000 ( 0.052)	Loss 2.4064e+00 (2.7380e+00)	Acc@1  15.62 ( 13.39)	Acc@5  65.62 ( 55.29)
0: Epoch: [0][100/782]	Time  0.084 ( 0.156)	Data  0.000 ( 0.047)	Loss 2.3911e+00 (2.6955e+00)	Acc@1  21.88 ( 13.89)	Acc@5  62.50 ( 56.16)
0: Epoch: [0][110/782]	Time  0.082 ( 0.149)	Data  0.000 ( 0.043)	Loss 2.2202e+00 (2.6626e+00)	Acc@1  18.75 ( 14.39)	Acc@5  71.88 ( 56.90)
0: Epoch: [0][120/782]	Time  0.086 ( 0.144)	Data  0.000 ( 0.039)	Loss 2.4632e+00 (2.6421e+00)	Acc@1  12.50 ( 14.46)	Acc@5  59.38 ( 57.46)
0: Epoch: [0][130/782]	Time  0.085 ( 0.140)	Data  0.000 ( 0.036)	Loss 2.2758e+00 (2.6146e+00)	Acc@1  18.75 ( 14.91)	Acc@5  68.75 ( 58.18)
0: Epoch: [0][140/782]	Time  0.082 ( 0.136)	Data  0.000 ( 0.034)	Loss 2.6185e+00 (2.5930e+00)	Acc@1  15.62 ( 15.18)	Acc@5  71.88 ( 59.13)
0: Epoch: [0][150/782]	Tim
0: e  0.083 ( 0.132)	Data  0.000 ( 0.032)	Loss 2.4047e+00 (2.5696e+00)	Acc@1  21.88 ( 15.65)	Acc@5  71.88 ( 60.14)
0: Epoch: [0][160/782]	Time  0.086 ( 0.129)	Data  0.000 ( 0.030)	Loss 2.5304e+00 (2.5477e+00)	Acc@1  12.50 ( 15.99)	Acc@5  46.88 ( 60.89)
0: Epoch: [0][170/782]	Time  0.087 ( 0.127)	Data  0.000 ( 0.028)	Loss 2.1028e+00 (2.5261e+00)	Acc@1  34.38 ( 16.52)	Acc@5  71.88 ( 61.37)
0: Epoch: [0][180/782]	Time  0.086 ( 0.124)	Data  0.000 ( 0.027)	Loss 2.4861e+00 (2.5064e+00)	Acc@1   6.25 ( 16.95)	Acc@5  68.75 ( 62.07)
0: Epoch: [0][190/782]	Time  0.084 ( 0.122)	Data  0.000 ( 0.026)	Loss 2.3586e+00 (2.4895e+00)	Acc@1  21.88 ( 17.20)	Acc@5  71.88 ( 62.86)
0: Epoch: [0][200/782]	Time  0.084 ( 0.121)	Data  0.000 ( 0.024)	Loss 2.1216e+00 (2.4761e+00)	Acc@1  21.88 ( 17.43)	Acc@5  78.12 ( 63.36)
0: Epoch: [0][210/782]	Time  0.085 ( 0.119)	Data  0.000 ( 0.023)	Loss 2.3722e+00 (2.4655e+00)	Acc@1  21.88 ( 17.59)	Acc@5  65.62 ( 63.71)
0: Epoch: [0][220/782]	Time  0.087 ( 0.117)	Data  0.000 ( 0.022)	Loss 2.0498e+00 (2.4526e+00)	Acc@1  34.3
0: 8 ( 18.04)	Acc@5  78.12 ( 63.98)
0: Epoch: [0][230/782]	Time  0.084 ( 0.116)	Data  0.000 ( 0.021)	Loss 2.3994e+00 (2.4370e+00)	Acc@1  12.50 ( 18.44)	Acc@5  68.75 ( 64.52)
0: Epoch: [0][240/782]	Time  0.084 ( 0.115)	Data  0.000 ( 0.021)	Loss 1.9322e+00 (2.4249e+00)	Acc@1  43.75 ( 18.57)	Acc@5  75.00 ( 65.04)
0: Epoch: [0][250/782]	Time  0.087 ( 0.113)	Data  0.000 ( 0.020)	Loss 1.8177e+00 (2.4117e+00)	Acc@1  34.38 ( 18.87)	Acc@5  84.38 ( 65.59)
0: Epoch: [0][260/782]	Time  0.083 ( 0.112)	Data  0.000 ( 0.019)	Loss 1.8978e+00 (2.4051e+00)	Acc@1  34.38 ( 19.12)	Acc@5  78.12 ( 65.89)
0: Epoch: [0][270/782]	Time  0.085 ( 0.111)	Data  0.000 ( 0.019)	Loss 2.2060e+00 (2.3959e+00)	Acc@1  21.88 ( 19.38)	Acc@5  84.38 ( 66.31)
0: Epoch: [0][280/782]	Time  0.087 ( 0.110)	Data  0.000 ( 0.018)	Loss 2.1490e+00 (2.3885e+00)	Acc@1  21.88 ( 19.51)	Acc@5  84.38 ( 66.74)
0: Epoch: [0][290/782]	Time  0.084 ( 0.109)	Data  0.000 ( 0.017)	Loss 1.9492e+00 (2.3800e+00)	Acc@1  25.00 ( 19.72)	Acc@5  84.38 ( 66.96)
0: Epoch: [0][300/782]	Time  0.082 ( 0.109)	Data 
0:  0.000 ( 0.017)	Loss 2.0467e+00 (2.3688e+00)	Acc@1  31.25 ( 20.06)	Acc@5  78.12 ( 67.39)
0: Epoch: [0][310/782]	Time  0.086 ( 0.108)	Data  0.000 ( 0.016)	Loss 2.1473e+00 (2.3646e+00)	Acc@1  28.12 ( 20.18)	Acc@5  84.38 ( 67.69)
0: Epoch: [0][320/782]	Time  0.084 ( 0.107)	Data  0.000 ( 0.016)	Loss 1.8357e+00 (2.3520e+00)	Acc@1  40.62 ( 20.42)	Acc@5  81.25 ( 68.14)
0: Epoch: [0][330/782]	Time  0.082 ( 0.106)	Data  0.000 ( 0.016)	Loss 2.4847e+00 (2.3445e+00)	Acc@1  21.88 ( 20.72)	Acc@5  68.75 ( 68.48)
0: Epoch: [0][340/782]	Time  0.086 ( 0.106)	Data  0.000 ( 0.015)	Loss 1.9704e+00 (2.3357e+00)	Acc@1  31.25 ( 20.92)	Acc@5  87.50 ( 68.76)
0: Epoch: [0][350/782]	Time  0.087 ( 0.105)	Data  0.000 ( 0.015)	Loss 1.8794e+00 (2.3316e+00)	Acc@1  25.00 ( 21.01)	Acc@5  84.38 ( 68.92)
0: Epoch: [0][360/782]	Time  0.083 ( 0.105)	Data  0.000 ( 0.014)	Loss 1.8111e+00 (2.3229e+00)	Acc@1  40.62 ( 21.21)	Acc@5  78.12 ( 69.16)
0: Epoch: [0][370/782]	Time  0.086 ( 0.104)	Data  0.000 ( 0.014)	Loss 2.2183e+00 (2.3183e+00)	Acc@1  21.88 ( 21.27)	Acc@5  81.25
0:  ( 69.41)
0: Epoch: [0][380/782]	Time  0.087 ( 0.104)	Data  0.000 ( 0.014)	Loss 2.5709e+00 (2.3130e+00)	Acc@1  18.75 ( 21.37)	Acc@5  56.25 ( 69.64)
0: Epoch: [0][390/782]	Time  0.084 ( 0.103)	Data  0.000 ( 0.013)	Loss 2.3636e+00 (2.3067e+00)	Acc@1  25.00 ( 21.59)	Acc@5  75.00 ( 69.92)
0: Epoch: [0][400/782]	Time  0.085 ( 0.103)	Data  0.000 ( 0.013)	Loss 2.0960e+00 (2.3008e+00)	Acc@1  18.75 ( 21.73)	Acc@5  84.38 ( 70.18)
0: Epoch: [0][410/782]	Time  0.082 ( 0.102)	Data  0.000 ( 0.013)	Loss 1.9991e+00 (2.2968e+00)	Acc@1  28.12 ( 21.91)	Acc@5  71.88 ( 70.26)
0: Epoch: [0][420/782]	Time  0.087 ( 0.102)	Data  0.000 ( 0.013)	Loss 2.0517e+00 (2.2913e+00)	Acc@1  31.25 ( 22.02)	Acc@5  84.38 ( 70.48)
0: Epoch: [0][430/782]	Time  0.084 ( 0.101)	Data  0.000 ( 0.012)	Loss 2.2649e+00 (2.2854e+00)	Acc@1  18.75 ( 22.21)	Acc@5  71.88 ( 70.66)
0: Epoch: [0][440/782]	Time  0.081 ( 0.101)	Data  0.000 ( 0.012)	Loss 2.3879e+00 (2.2826e+00)	Acc@1  12.50 ( 22.29)	Acc@5  81.25 ( 70.80)
0: Epoch: [0][450/782]	Time  0.086 ( 0.101)	Data  0.000 ( 0.012)	Loss 1.
0: 7876e+00 (2.2763e+00)	Acc@1  31.25 ( 22.42)	Acc@5  87.50 ( 70.97)
0: Epoch: [0][460/782]	Time  0.085 ( 0.100)	Data  0.000 ( 0.012)	Loss 2.4789e+00 (2.2717e+00)	Acc@1  12.50 ( 22.44)	Acc@5  71.88 ( 71.15)
0: Epoch: [0][470/782]	Time  0.087 ( 0.100)	Data  0.000 ( 0.011)	Loss 2.0126e+00 (2.2675e+00)	Acc@1  25.00 ( 22.53)	Acc@5  81.25 ( 71.26)
0: Epoch: [0][480/782]	Time  0.086 ( 0.100)	Data  0.000 ( 0.011)	Loss 1.8130e+00 (2.2645e+00)	Acc@1  43.75 ( 22.73)	Acc@5  93.75 ( 71.45)
0: Epoch: [0][490/782]	Time  0.085 ( 0.100)	Data  0.000 ( 0.011)	Loss 1.9892e+00 (2.2597e+00)	Acc@1  34.38 ( 22.90)	Acc@5  84.38 ( 71.57)
0: Epoch: [0][500/782]	Time  0.082 ( 0.099)	Data  0.000 ( 0.011)	Loss 2.3815e+00 (2.2555e+00)	Acc@1  25.00 ( 23.04)	Acc@5  75.00 ( 71.76)
0: Epoch: [0][510/782]	Time  0.085 ( 0.099)	Data  0.000 ( 0.011)	Loss 1.8883e+00 (2.2527e+00)	Acc@1  31.25 ( 23.04)	Acc@5  84.38 ( 71.91)
0: Epoch: [0][520/782]	Time  0.084 ( 0.099)	Data  0.000 ( 0.011)	Loss 1.9739e+00 (2.2500e+00)	Acc@1  18.75 ( 23.12)	Acc@5  81.25 ( 72.07)
0: Epoch: [0][53
0: 0/782]	Time  0.085 ( 0.098)	Data  0.000 ( 0.010)	Loss 2.1689e+00 (2.2469e+00)	Acc@1  25.00 ( 23.12)	Acc@5  81.25 ( 72.21)
0: Epoch: [0][540/782]	Time  0.086 ( 0.098)	Data  0.000 ( 0.010)	Loss 1.7659e+00 (2.2415e+00)	Acc@1  28.12 ( 23.26)	Acc@5  78.12 ( 72.37)
0: Epoch: [0][550/782]	Time  0.086 ( 0.098)	Data  0.000 ( 0.010)	Loss 2.3602e+00 (2.2373e+00)	Acc@1  28.12 ( 23.38)	Acc@5  71.88 ( 72.47)
0: Epoch: [0][560/782]	Time  0.086 ( 0.098)	Data  0.000 ( 0.010)	Loss 1.9260e+00 (2.2332e+00)	Acc@1  31.25 ( 23.46)	Acc@5  81.25 ( 72.63)
0: Epoch: [0][570/782]	Time  0.084 ( 0.098)	Data  0.000 ( 0.010)	Loss 2.2527e+00 (2.2271e+00)	Acc@1  37.50 ( 23.67)	Acc@5  71.88 ( 72.83)
0: Epoch: [0][580/782]	Time  0.082 ( 0.097)	Data  0.000 ( 0.010)	Loss 2.2458e+00 (2.2241e+00)	Acc@1  25.00 ( 23.80)	Acc@5  71.88 ( 72.91)
0: Epoch: [0][590/782]	Time  0.090 ( 0.097)	Data  0.000 ( 0.010)	Loss 1.9808e+00 (2.2213e+00)	Acc@1  28.12 ( 23.87)	Acc@5  78.12 ( 73.01)
0: Epoch: [0][600/782]	Time  0.089 ( 0.097)	Data  0.000 ( 0.009)	Loss 2.0595e+00 (2.2183e+00)	A
0: cc@1  34.38 ( 23.95)	Acc@5  78.12 ( 73.15)
0: 
0: Epoch: [0][610/782]	Time  0.089 ( 0.097)	Data  0.000 ( 0.009)	Loss 1.7379e+00 (2.2191e+00)	Acc@1  46.88 ( 23.82)	Acc@5  90.62 ( 73.46)
0: Epoch: [0][620/782]	Time  0.084 ( 0.097)	Data  0.000 ( 0.009)	Loss 2.0386e+00 (2.2153e+00)	Acc@1  21.88 ( 23.89)	Acc@5  81.25 ( 73.60)
0: Epoch: [0][630/782]	Time  0.083 ( 0.096)	Data  0.000 ( 0.009)	Loss 1.7623e+00 (2.2102e+00)	Acc@1  31.25 ( 23.99)	Acc@5  81.25 ( 73.75)
0: Epoch: [0][640/782]	Time  0.088 ( 0.096)	Data  0.000 ( 0.009)	Loss 1.6932e+00 (2.2053e+00)	Acc@1  43.75 ( 24.13)	Acc@5  90.62 ( 73.88)
0: Epoch: [0][650/782]	Time  0.086 ( 0.096)	Data  0.000 ( 0.009)	Loss 1.8417e+00 (2.1996e+00)	Acc@1  34.38 ( 24.29)	Acc@5  81.25 ( 74.04)
0: Epoch: [0][660/782]	Time  0.084 ( 0.096)	Data  0.000 ( 0.009)	Loss 1.6681e+00 (2.1949e+00)	Acc@1  40.62 ( 24.38)	Acc@5  90.62 ( 74.21)
0: Epoch: [0][670/782]	Time  0.082 ( 0.096)	Data  0.000 ( 0.009)	Loss 1.9614e+00 (2.1924e+00)	Acc@1  40.62 ( 24.52)	Acc@5  78.12 ( 74.26)
0: Epoch: [0][680/782]	Time  0.086 ( 0.096)	Data  0.000 ( 0.009)	Loss 1.7243e+00 
0: (2.1882e+00)	Acc@1  25.00 ( 24.63)	Acc@5  90.62 ( 74.41)
0: Epoch: [0][690/782]	Time  0.087 ( 0.095)	Data  0.000 ( 0.008)	Loss 2.0661e+00 (2.1848e+00)	Acc@1  15.62 ( 24.69)	Acc@5  90.62 ( 74.51)
0: Epoch: [0][700/782]	Time  0.087 ( 0.095)	Data  0.000 ( 0.008)	Loss 2.2118e+00 (2.1826e+00)	Acc@1  25.00 ( 24.75)	Acc@5  81.25 ( 74.58)
0: Epoch: [0][710/782]	Time  0.085 ( 0.095)	Data  0.000 ( 0.008)	Loss 1.7929e+00 (2.1793e+00)	Acc@1  28.12 ( 24.85)	Acc@5  93.75 ( 74.68)
0: Epoch: [0][720/782]	Time  0.087 ( 0.095)	Data  0.000 ( 0.008)	Loss 1.9439e+00 (2.1767e+00)	Acc@1  40.62 ( 24.97)	Acc@5  87.50 ( 74.77)
0: Epoch: [0][730/782]	Time  0.087 ( 0.095)	Data  0.000 ( 0.008)	Loss 2.0132e+00 (2.1719e+00)	Acc@1  25.00 ( 25.14)	Acc@5  75.00 ( 74.89)
0: Epoch: [0][740/782]	Time  0.087 ( 0.095)	Data  0.000 ( 0.008)	Loss 1.5891e+00 (2.1687e+00)	Acc@1  37.50 ( 25.23)	Acc@5  90.62 ( 74.99)
0: Epoch: [0][750/782]	Time  0.087 ( 0.095)	Data  0.000 ( 0.008)	Loss 1.9764e+00 (2.1649e+00)	Acc@1  37.50 ( 25.36)	Acc@5  84.38 ( 75.12)
0: Epoch: [0][760/782]	Ti
0: me  0.085 ( 0.095)	Data  0.000 ( 0.008)	Loss 1.7613e+00 (2.1630e+00)	Acc@1  28.12 ( 25.43)	Acc@5  87.50 ( 75.20)
0: Epoch: [0][770/782]	Time  0.077 ( 0.094)	Data  0.000 ( 0.008)	Loss 2.1109e+00 (2.1608e+00)	Acc@1  25.00 ( 25.49)	Acc@5  87.50 ( 75.32)
0: Epoch: [0][780/782]	Time  0.084 ( 0.094)	Data  0.000 ( 0.008)	Loss 2.3691e+00 (2.1593e+00)	Acc@1  28.12 ( 25.55)	Acc@5  84.38 ( 75.42)
0: 
0: Epoch: [0][610/782]	Time  0.079 ( 0.097)	Data  0.000 ( 0.009)	Loss 1.7199e+00 (2.2155e+00)	Acc@1  43.75 ( 23.99)	Acc@5  87.50 ( 73.32)
0: Epoch: [0][620/782]	Time  0.084 ( 0.097)	Data  0.000 ( 0.009)	Loss 1.8230e+00 (2.2108e+00)	Acc@1  31.25 ( 24.07)	Acc@5  81.25 ( 73.47)
0: Epoch: [0][630/782]	Time  0.083 ( 0.096)	Data  0.000 ( 0.009)	Loss 2.0011e+00 (2.2057e+00)	Acc@1  21.88 ( 24.21)	Acc@5  81.25 ( 73.61)
0: Epoch: [0][640/782]	Time  0.082 ( 0.096)	Data  0.000 ( 0.009)	Loss 2.2937e+00 (2.2037e+00)	Acc@1  18.75 ( 24.27)	Acc@5  65.62 ( 73.65)
0: Epoch: [0][650/782]	Time  0.086 ( 0.096)	Data  0.000 ( 0.009)	Loss 2.1398e+00 (2.1984e+00)	Acc@1  34.38 ( 24.38)	Acc@5  87.50 ( 73.85)
0: Epoch: [0][660/782]	Time  0.085 ( 0.096)	Data  0.000 ( 0.009)	Loss 2.2128e+00 (2.1957e+00)	Acc@1  28.12 ( 24.43)	Acc@5  75.00 ( 73.92)
0: Epoch: [0][670/782]	Time  0.089 ( 0.096)	Data  0.000 ( 0.009)	Loss 1.8081e+00 (2.1936e+00)	Acc@1  31.25 ( 24.48)	Acc@5  90.62 ( 74.03)
0: Epoch: [0][680/782]	Time  0.089 ( 0.096)	Data  0.000 ( 0.008)	Loss 1.9569e+00 
0: (2.1901e+00)	Acc@1  40.62 ( 24.60)	Acc@5  81.25 ( 74.14)
0: Epoch: [0][690/782]	Time  0.082 ( 0.095)	Data  0.000 ( 0.008)	Loss 1.9273e+00 (2.1869e+00)	Acc@1  28.12 ( 24.67)	Acc@5  90.62 ( 74.24)
0: Epoch: [0][700/782]	Time  0.088 ( 0.095)	Data  0.000 ( 0.008)	Loss 2.2745e+00 (2.1836e+00)	Acc@1  31.25 ( 24.75)	Acc@5  78.12 ( 74.35)
0: Epoch: [0][710/782]	Time  0.085 ( 0.095)	Data  0.000 ( 0.008)	Loss 1.8746e+00 (2.1811e+00)	Acc@1  28.12 ( 24.85)	Acc@5  90.62 ( 74.47)
0: Epoch: [0][720/782]	Time  0.086 ( 0.095)	Data  0.000 ( 0.008)	Loss 1.7447e+00 (2.1794e+00)	Acc@1  50.00 ( 24.90)	Acc@5  93.75 ( 74.56)
0: Epoch: [0][730/782]	Time  0.087 ( 0.095)	Data  0.000 ( 0.008)	Loss 1.8071e+00 (2.1770e+00)	Acc@1  40.62 ( 24.95)	Acc@5  81.25 ( 74.65)
0: Epoch: [0][740/782]	Time  0.087 ( 0.095)	Data  0.000 ( 0.008)	Loss 2.0830e+00 (2.1751e+00)	Acc@1  28.12 ( 25.00)	Acc@5  84.38 ( 74.74)
0: Epoch: [0][750/782]	Time  0.083 ( 0.095)	Data  0.000 ( 0.008)	Loss 1.6646e+00 (2.1719e+00)	Acc@1  43.75 ( 25.09)	Acc@5  87.50 ( 74.81)
0: Epoch: [0][760/782]	Ti
0: me  0.085 ( 0.095)	Data  0.000 ( 0.008)	Loss 2.0748e+00 (2.1687e+00)	Acc@1  28.12 ( 25.19)	Acc@5  78.12 ( 74.91)
0: Epoch: [0][770/782]	Time  0.085 ( 0.094)	Data  0.000 ( 0.008)	Loss 2.3309e+00 (2.1667e+00)	Acc@1  25.00 ( 25.27)	Acc@5  71.88 ( 74.98)
0: Epoch: [0][780/782]	Time  0.083 ( 0.094)	Data  0.000 ( 0.008)	Loss 1.4588e+00 (2.1640e+00)	Acc@1  40.62 ( 25.35)	Acc@5  96.88 ( 75.05)
0: Test: [  0/313]	Time  2.361 ( 2.361)	Loss 1.7963e+00 (1.7963e+00)	Acc@1  56.25 ( 56.25)	Acc@5  93.75 ( 93.75)
0: Test: [ 10/313]	Time  0.019 ( 0.232)	Loss 1.7831e+00 (2.0233e+00)	Acc@1  34.38 ( 36.08)	Acc@5  84.38 ( 83.24)
0: Test: [ 20/313]	Time  0.019 ( 0.131)	Loss 1.6585e+00 (1.9595e+00)	Acc@1  43.75 ( 34.67)	Acc@5  84.38 ( 83.93)
0: Test: [ 30/313]	Time  0.019 ( 0.095)	Loss 1.8525e+00 (1.9377e+00)	Acc@1  28.12 ( 34.07)	Acc@5  84.38 ( 83.87)
0: Test: [ 40/313]	Time  0.019 ( 0.076)	Loss 1.9757e+00 (1.9282e+00)	Acc@1  31.25 ( 34.38)	Acc@5  87.50 ( 84.15)
0: Test: [ 50/313]	Time  0.019 ( 0.065)	Loss 2.2038e+00 (1.9301e+00)	Acc@1  34.38 ( 34.50)	Acc@5  75.00 ( 83.82)
0: Test: [ 60/313]	Time  0.019 ( 0.057)	Loss 1.8816e+00 (1.9271e+00)	Acc@1  28.12 ( 34.68)	Acc@5  81.25 ( 83.40)
0: Test: [ 70/313]	Time  0.022 ( 0.052)	Loss 1.7291e+00 (1.9124e+00)	Acc@1  28.12 ( 34.68)	Acc@5  81.25 ( 83.36)
0: Test: [ 80/313]	Time  0.019 ( 0.048)	Loss 1.8304e+00 (1.9142e+00)	Acc@1  31.25 ( 34.80)	Acc@5  78.12 ( 82.87)
0: Test: [ 90/313]	Time  0.019 ( 0.04
0: 5)	Loss 2.4397e+00 (1.9235e+00)	Acc@1  21.88 ( 33.96)	Acc@5  78.12 ( 82.62)
0: Test: [100/313]	Time  0.019 ( 0.042)	Loss 2.0667e+00 (1.9124e+00)	Acc@1  21.88 ( 34.38)	Acc@5  71.88 ( 82.86)
0: Test: [110/313]	Time  0.019 ( 0.040)	Loss 2.5243e+00 (1.9244e+00)	Acc@1  25.00 ( 34.35)	Acc@5  75.00 ( 82.80)
0: Test: [120/313]	Time  0.019 ( 0.038)	Loss 1.6795e+00 (1.9157e+00)	Acc@1  31.25 ( 34.66)	Acc@5  90.62 ( 82.90)
0: Test: [130/313]	Time  0.019 ( 0.037)	Loss 2.2149e+00 (1.9154e+00)	Acc@1  25.00 ( 34.38)	Acc@5  71.88 ( 82.94)
0: Test: [140/313]	Time  0.019 ( 0.036)	Loss 1.4486e+00 (1.9025e+00)	Acc@1  46.88 ( 34.73)	Acc@5 100.00 ( 83.29)
0: Test: [150/313]	Time  0.019 ( 0.034)	Loss 1.7738e+00 (1.8976e+00)	Acc@1  31.25 ( 34.87)	Acc@5  84.38 ( 83.40)
0: Test: [160/313]	Time  0.019 ( 0.033)	Loss 1.8638e+00 (1.8957e+00)	Acc@1  28.12 ( 34.80)	Acc@5  78.12 ( 83.54)
0: Test: [170/313]	Time  0.019 ( 0.033)	Loss 2.0106e+00 (1.9013e+00)	Acc@1  25.00 ( 34.61)	Acc@5  84.38 ( 83.57)
0: Test: [180/313]	Time  0.019 ( 0.032)	Loss 1.7036e+00 (1.9033e+00)	Ac
0: c@1  25.00 ( 34.41)	Acc@5  84.38 ( 83.56)
0: Test: [190/313]	Time  0.019 ( 0.031)	Loss 2.1571e+00 (1.9010e+00)	Acc@1  31.25 ( 34.33)	Acc@5  75.00 ( 83.59)
0: Test: [200/313]	Time  0.019 ( 0.031)	Loss 1.9638e+00 (1.9010e+00)	Acc@1  28.12 ( 34.31)	Acc@5  71.88 ( 83.50)
0: Test: [210/313]	Time  0.019 ( 0.030)	Loss 1.7378e+00 (1.9017e+00)	Acc@1  40.62 ( 34.40)	Acc@5  87.50 ( 83.52)
0: Test: [220/313]	Time  0.019 ( 0.030)	Loss 2.1067e+00 (1.9027e+00)	Acc@1  31.25 ( 34.46)	Acc@5  78.12 ( 83.44)
0: Test: [230/313]	Time  0.019 ( 0.029)	Loss 1.7123e+00 (1.9009e+00)	Acc@1  37.50 ( 34.54)	Acc@5  84.38 ( 83.55)
0: Test: [240/313]	Time  0.019 ( 0.029)	Loss 1.8689e+00 (1.9003e+00)	Acc@1  37.50 ( 34.60)	Acc@5  78.12 ( 83.43)
0: Test: [250/313]	Time  0.019 ( 0.028)	Loss 1.9312e+00 (1.9053e+00)	Acc@1  34.38 ( 34.49)	Acc@5  84.38 ( 83.29)
0: Test: [260/313]	Time  0.019 ( 0.028)	Loss 1.6284e+00 (1.9033e+00)	Acc@1  46.88 ( 34.43)	Acc@5  87.50 ( 83.31)
0: Test: [270/313]	Time  0.019 ( 0.028)	Loss 2.4760e+00 (1.9070e+00)	Acc@1  31.25 ( 34.29)	Acc@5  65.62 (
0:  83.23)
0: Test: [280/313]	Time  0.019 ( 0.027)	Loss 1.9638e+00 (1.9062e+00)	Acc@1  25.00 ( 34.36)	Acc@5  81.25 ( 83.26)
0: Test: [290/313]	Time  0.019 ( 0.027)	Loss 1.9559e+00 (1.9036e+00)	Acc@1  18.75 ( 34.40)	Acc@5  81.25 ( 83.33)
0: Test: [300/313]	Time  0.019 ( 0.027)	Loss 1.6963e+00 (1.9026e+00)	Acc@1  56.25 ( 34.40)	Acc@5  78.12 ( 83.28)
0: Test: [310/313]	Time  0.019 ( 0.026)	Loss 2.0953e+00 (1.9032e+00)	Acc@1  43.75 ( 34.30)	Acc@5  84.38 ( 83.37)
0:  * Acc@1 34.300 Acc@5 83.370
0: Epoch 0/3 - 84.497s
0: Test: [  0/313]	Time  2.352 ( 2.352)	Loss 1.7963e+00 (1.7963e+00)	Acc@1  56.25 ( 56.25)	Acc@5  93.75 ( 93.75)
0: Test: [ 10/313]	Time  0.019 ( 0.231)	Loss 1.7831e+00 (2.0233e+00)	Acc@1  34.38 ( 36.08)	Acc@5  84.38 ( 83.24)
0: Test: [ 20/313]	Time  0.019 ( 0.130)	Loss 1.6585e+00 (1.9595e+00)	Acc@1  43.75 ( 34.67)	Acc@5  84.38 ( 83.93)
0: Test: [ 30/313]	Time  0.019 ( 0.094)	Loss 1.8525e+00 (1.9377e+00)	Acc@1  28.12 ( 34.07)	Acc@5  84.38 ( 83.87)
0: Test: [ 40/313]	Time  0.019 ( 0.076)	Loss 1.9757e+00 (1.9282e+00)	Acc@1  31.25 ( 34.38)	Acc@5  87.50 ( 84.15)
0: Test: [ 50/313]	Time  0.019 ( 0.065)	Loss 2.2038e+00 (1.9301e+00)	Acc@1  34.38 ( 34.50)	Acc@5  75.00 ( 83.82)
0: Test: [ 60/313]	Time  0.019 ( 0.057)	Loss 1.8816e+00 (1.9271e+00)	Acc@1  28.12 ( 34.68)	Acc@5  81.25 ( 83.40)
0: Test: [ 70/313]	Time  0.019 ( 0.052)	Loss 1.7291e+00 (1.9124e+00)	Acc@1  28.12 ( 34.68)	Acc@5  81.25 ( 83.36)
0: Test: [ 80/313]	Time  0.019 ( 0.048)	Loss 1.8304e+00 (1.9142e+00)	Acc@1  31.25 ( 34.80)	Acc@5  78.12 ( 82.87)
0: Test: [ 90/313]	Time  0.019 ( 0.04
0: 5)	Loss 2.4397e+00 (1.9235e+00)	Acc@1  21.88 ( 33.96)	Acc@5  78.12 ( 82.62)
0: Test: [100/313]	Time  0.020 ( 0.042)	Loss 2.0667e+00 (1.9124e+00)	Acc@1  21.88 ( 34.38)	Acc@5  71.88 ( 82.86)
0: Test: [110/313]	Time  0.020 ( 0.040)	Loss 2.5243e+00 (1.9244e+00)	Acc@1  25.00 ( 34.35)	Acc@5  75.00 ( 82.80)
0: Test: [120/313]	Time  0.020 ( 0.039)	Loss 1.6795e+00 (1.9157e+00)	Acc@1  31.25 ( 34.66)	Acc@5  90.62 ( 82.90)
0: Test: [130/313]	Time  0.020 ( 0.037)	Loss 2.2149e+00 (1.9154e+00)	Acc@1  25.00 ( 34.38)	Acc@5  71.88 ( 82.94)
0: Test: [140/313]	Time  0.020 ( 0.036)	Loss 1.4486e+00 (1.9025e+00)	Acc@1  46.88 ( 34.73)	Acc@5 100.00 ( 83.29)
0: Test: [150/313]	Time  0.019 ( 0.035)	Loss 1.7738e+00 (1.8976e+00)	Acc@1  31.25 ( 34.87)	Acc@5  84.38 ( 83.40)
0: Test: [160/313]	Time  0.019 ( 0.034)	Loss 1.8638e+00 (1.8957e+00)	Acc@1  28.12 ( 34.80)	Acc@5  78.12 ( 83.54)
0: Test: [170/313]	Time  0.019 ( 0.033)	Loss 2.0106e+00 (1.9013e+00)	Acc@1  25.00 ( 34.61)	Acc@5  84.38 ( 83.57)
0: Test: [180/313]	Time  0.019 ( 0.032)	Loss 1.7036e+00 (1.9033e+00)	Ac
0: c@1  25.00 ( 34.41)	Acc@5  84.38 ( 83.56)
0: Test: [190/313]	Time  0.019 ( 0.032)	Loss 2.1571e+00 (1.9010e+00)	Acc@1  31.25 ( 34.33)	Acc@5  75.00 ( 83.59)
0: Test: [200/313]	Time  0.019 ( 0.031)	Loss 1.9638e+00 (1.9010e+00)	Acc@1  28.12 ( 34.31)	Acc@5  71.88 ( 83.50)
0: Test: [210/313]	Time  0.019 ( 0.030)	Loss 1.7378e+00 (1.9017e+00)	Acc@1  40.62 ( 34.40)	Acc@5  87.50 ( 83.52)
0: Test: [220/313]	Time  0.019 ( 0.030)	Loss 2.1067e+00 (1.9027e+00)	Acc@1  31.25 ( 34.46)	Acc@5  78.12 ( 83.44)
0: Test: [230/313]	Time  0.019 ( 0.029)	Loss 1.7123e+00 (1.9009e+00)	Acc@1  37.50 ( 34.54)	Acc@5  84.38 ( 83.55)
0: Test: [240/313]	Time  0.019 ( 0.029)	Loss 1.8689e+00 (1.9003e+00)	Acc@1  37.50 ( 34.60)	Acc@5  78.12 ( 83.43)
0: Test: [250/313]	Time  0.019 ( 0.028)	Loss 1.9312e+00 (1.9053e+00)	Acc@1  34.38 ( 34.49)	Acc@5  84.38 ( 83.29)
0: Test: [260/313]	Time  0.019 ( 0.028)	Loss 1.6284e+00 (1.9033e+00)	Acc@1  46.88 ( 34.43)	Acc@5  87.50 ( 83.31)
0: Test: [270/313]	Time  0.019 ( 0.028)	Loss 2.4760e+00 (1.9070e+00)	Acc@1  31.25 ( 34.29)	Acc@5  65.62 (
0:  83.23)
0: Test: [280/313]	Time  0.019 ( 0.027)	Loss 1.9638e+00 (1.9062e+00)	Acc@1  25.00 ( 34.36)	Acc@5  81.25 ( 83.26)
0: Test: [290/313]	Time  0.019 ( 0.027)	Loss 1.9559e+00 (1.9036e+00)	Acc@1  18.75 ( 34.40)	Acc@5  81.25 ( 83.33)
0: Test: [300/313]	Time  0.019 ( 0.027)	Loss 1.6963e+00 (1.9026e+00)	Acc@1  56.25 ( 34.40)	Acc@5  78.12 ( 83.28)
0: Test: [310/313]	Time  0.019 ( 0.027)	Loss 2.0953e+00 (1.9032e+00)	Acc@1  43.75 ( 34.30)	Acc@5  84.38 ( 83.37)
0:  * Acc@1 34.300 Acc@5 83.370
0: Epoch 0/3 - 84.556s
0: Epoch: [1][  0/782]	Time  4.669 ( 4.669)	Data  4.571 ( 4.571)	Loss 2.1054e+00 (2.1054e+00)	Acc@1  40.62 ( 40.62)	Acc@5  71.88 ( 71.88)
0: Epoch: [1][ 10/782]	Time  0.088 ( 0.504)	Data  0.000 ( 0.418)	Loss 2.1849e+00 (1.9432e+00)	Acc@1  15.62 ( 30.68)	Acc@5  81.25 ( 81.82)
0: Epoch: [1][ 20/782]	Time  0.089 ( 0.306)	Data  0.000 ( 0.220)	Loss 2.0028e+00 (1.9391e+00)	Acc@1  34.38 ( 33.33)	Acc@5  81.25 ( 81.55)
0: Epoch: [1][ 30/782]	Time  0.089 ( 0.235)	Data  0.000 ( 0.149)	Loss 2.2016e+00 (1.9303e+00)	Acc@1  18.75 ( 33.87)	Acc@5  71.88 ( 82.26)
0: Epoch: [1][ 40/782]	Time  0.082 ( 0.199)	Data  0.000 ( 0.113)	Loss 1.7782e+00 (1.9151e+00)	Acc@1  34.38 ( 33.61)	Acc@5  87.50 ( 82.93)
0: Epoch: [1][ 50/782]	Time  0.086 ( 0.177)	Data  0.000 ( 0.091)	Loss 1.4328e+00 (1.8958e+00)	Acc@1  40.62 ( 33.70)	Acc@5  90.62 ( 83.52)
0: Epoch: [1][ 60/782]	Time  0.084 ( 0.162)	Data  0.000 ( 0.077)	Loss 2.0137e+00 (1.8939e+00)	Acc@1  37.50 ( 33.86)	Acc@5  81.25 ( 83.25)
0: Epoch: [1][ 70/782]	Time  0.085 ( 0.151)	Data  0.000 ( 0.066)	Loss 2.0637e+00 (
0: 1.8878e+00)	Acc@1  31.25 ( 34.02)	Acc@5  75.00 ( 83.41)
0: Epoch: [1][ 80/782]	Time  0.084 ( 0.143)	Data  0.000 ( 0.058)	Loss 1.5492e+00 (1.8787e+00)	Acc@1  43.75 ( 34.07)	Acc@5  90.62 ( 83.76)
0: Epoch: [1][ 90/782]	Time  0.085 ( 0.137)	Data  0.000 ( 0.052)	Loss 2.0655e+00 (1.8824e+00)	Acc@1  25.00 ( 33.96)	Acc@5  84.38 ( 83.76)
0: Epoch: [1][100/782]	Time  0.082 ( 0.132)	Data  0.000 ( 0.047)	Loss 1.6980e+00 (1.8761e+00)	Acc@1  40.62 ( 34.00)	Acc@5  81.25 ( 83.82)
0: Epoch: [1][110/782]	Time  0.086 ( 0.127)	Data  0.000 ( 0.043)	Loss 1.9806e+00 (1.8825e+00)	Acc@1  21.88 ( 33.67)	Acc@5  75.00 ( 83.67)
0: Epoch: [1][120/782]	Time  0.084 ( 0.124)	Data  0.000 ( 0.040)	Loss 1.6179e+00 (1.8744e+00)	Acc@1  34.38 ( 33.83)	Acc@5 100.00 ( 84.04)
0: Epoch: [1][130/782]	Time  0.083 ( 0.121)	Data  0.000 ( 0.037)	Loss 1.6387e+00 (1.8753e+00)	Acc@1  46.88 ( 33.83)	Acc@5  84.38 ( 84.11)
0: Epoch: [1][140/782]	Time  0.086 ( 0.118)	Data  0.000 ( 0.034)	Loss 1.6024e+00 (1.8718e+00)	Acc@1  46.88 ( 34.11)	Acc@5  87.50 ( 84.24)
0: Epoch: [1][150/782]	Tim
0: e  0.088 ( 0.116)	Data  0.000 ( 0.032)	Loss 1.8967e+00 (1.8760e+00)	Acc@1  40.62 ( 34.15)	Acc@5  87.50 ( 84.15)
0: Epoch: [1][160/782]	Time  0.086 ( 0.114)	Data  0.000 ( 0.030)	Loss 1.8939e+00 (1.8743e+00)	Acc@1  28.12 ( 34.06)	Acc@5  87.50 ( 84.16)
0: Epoch: [1][170/782]	Time  0.091 ( 0.113)	Data  0.000 ( 0.029)	Loss 1.8426e+00 (1.8684e+00)	Acc@1  28.12 ( 33.99)	Acc@5  87.50 ( 84.47)
0: Epoch: [1][180/782]	Time  0.087 ( 0.111)	Data  0.000 ( 0.027)	Loss 1.6575e+00 (1.8669e+00)	Acc@1  40.62 ( 33.89)	Acc@5  87.50 ( 84.43)
0: Epoch: [1][190/782]	Time  0.085 ( 0.110)	Data  0.000 ( 0.026)	Loss 1.8412e+00 (1.8599e+00)	Acc@1  43.75 ( 34.11)	Acc@5  84.38 ( 84.52)
0: Epoch: [1][200/782]	Time  0.085 ( 0.109)	Data  0.000 ( 0.025)	Loss 1.8666e+00 (1.8639e+00)	Acc@1  31.25 ( 34.22)	Acc@5  81.25 ( 84.58)
0: Epoch: [1][210/782]	Time  0.087 ( 0.107)	Data  0.000 ( 0.023)	Loss 2.1187e+00 (1.8681e+00)	Acc@1  31.25 ( 34.18)	Acc@5  81.25 ( 84.49)
0: Epoch: [1][220/782]	Time  0.086 ( 0.106)	Data  0.000 ( 0.023)	Loss 2.1861e+00 (1.8703e+00)	Acc@1  21.8
0: 8 ( 34.05)	Acc@5  81.25 ( 84.57)
0: Epoch: [1][230/782]	Time  0.084 ( 0.106)	Data  0.000 ( 0.022)	Loss 1.9991e+00 (1.8658e+00)	Acc@1  31.25 ( 34.20)	Acc@5  81.25 ( 84.69)
0: Epoch: [1][240/782]	Time  0.085 ( 0.105)	Data  0.000 ( 0.021)	Loss 1.7955e+00 (1.8664e+00)	Acc@1  34.38 ( 34.10)	Acc@5  81.25 ( 84.70)
0: Epoch: [1][250/782]	Time  0.086 ( 0.104)	Data  0.000 ( 0.020)	Loss 2.1578e+00 (1.8691e+00)	Acc@1  25.00 ( 34.13)	Acc@5  84.38 ( 84.65)
0: Epoch: [1][260/782]	Time  0.084 ( 0.103)	Data  0.000 ( 0.019)	Loss 1.6726e+00 (1.8652e+00)	Acc@1  34.38 ( 34.20)	Acc@5  87.50 ( 84.75)
0: Epoch: [1][270/782]	Time  0.086 ( 0.103)	Data  0.000 ( 0.019)	Loss 1.6336e+00 (1.8617e+00)	Acc@1  40.62 ( 34.31)	Acc@5  96.88 ( 84.84)
0: Epoch: [1][280/782]	Time  0.089 ( 0.102)	Data  0.000 ( 0.018)	Loss 1.4900e+00 (1.8594e+00)	Acc@1  53.12 ( 34.32)	Acc@5  93.75 ( 84.86)
0: Epoch: [1][290/782]	Time  0.089 ( 0.101)	Data  0.000 ( 0.018)	Loss 1.8704e+00 (1.8596e+00)	Acc@1  46.88 ( 34.39)	Acc@5  81.25 ( 84.83)
0: Epoch: [1][300/782]	Time  0.085 ( 0.101)	Data 
0:  0.000 ( 0.017)	Loss 1.7190e+00 (1.8621e+00)	Acc@1  37.50 ( 34.39)	Acc@5  84.38 ( 84.78)
0: Epoch: [1][310/782]	Time  0.084 ( 0.100)	Data  0.000 ( 0.016)	Loss 1.9474e+00 (1.8612e+00)	Acc@1  46.88 ( 34.39)	Acc@5  78.12 ( 84.89)
0: Epoch: [1][320/782]	Time  0.082 ( 0.100)	Data  0.000 ( 0.016)	Loss 2.1710e+00 (1.8592e+00)	Acc@1  28.12 ( 34.45)	Acc@5  81.25 ( 84.93)
0: Epoch: [1][330/782]	Time  0.085 ( 0.099)	Data  0.000 ( 0.016)	Loss 1.8822e+00 (1.8603e+00)	Acc@1  43.75 ( 34.50)	Acc@5  75.00 ( 84.88)
0: Epoch: [1][340/782]	Time  0.086 ( 0.099)	Data  0.000 ( 0.015)	Loss 2.0228e+00 (1.8567e+00)	Acc@1  31.25 ( 34.61)	Acc@5  84.38 ( 84.96)
0: Epoch: [1][350/782]	Time  0.084 ( 0.099)	Data  0.000 ( 0.015)	Loss 2.1605e+00 (1.8589e+00)	Acc@1  18.75 ( 34.56)	Acc@5  75.00 ( 84.85)
0: Epoch: [1][360/782]	Time  0.084 ( 0.098)	Data  0.000 ( 0.014)	Loss 1.5351e+00 (1.8578e+00)	Acc@1  43.75 ( 34.60)	Acc@5  90.62 ( 84.83)
0: Epoch: [1][370/782]	Time  0.085 ( 0.098)	Data  0.000 ( 0.014)	Loss 1.4268e+00 (1.8553e+00)	Acc@1  46.88 ( 34.68)	Acc@5  87.50
0:  ( 84.85)
0: Epoch: [1][380/782]	Time  0.085 ( 0.098)	Data  0.000 ( 0.014)	Loss 1.4555e+00 (1.8528e+00)	Acc@1  50.00 ( 34.80)	Acc@5  87.50 ( 84.91)
0: Epoch: [1][390/782]	Time  0.093 ( 0.097)	Data  0.000 ( 0.014)	Loss 1.9911e+00 (1.8500e+00)	Acc@1  40.62 ( 34.89)	Acc@5  84.38 ( 84.97)
0: Epoch: [1][400/782]	Time  0.083 ( 0.097)	Data  0.000 ( 0.013)	Loss 2.1904e+00 (1.8491e+00)	Acc@1  15.62 ( 34.90)	Acc@5  75.00 ( 84.98)
0: Epoch: [1][410/782]	Time  0.085 ( 0.097)	Data  0.000 ( 0.013)	Loss 1.6819e+00 (1.8467e+00)	Acc@1  40.62 ( 34.98)	Acc@5  87.50 ( 84.98)
0: Epoch: [1][420/782]	Time  0.086 ( 0.096)	Data  0.000 ( 0.013)	Loss 1.8938e+00 (1.8455e+00)	Acc@1  34.38 ( 34.94)	Acc@5  81.25 ( 85.06)
0: Epoch: [1][430/782]	Time  0.084 ( 0.096)	Data  0.000 ( 0.012)	Loss 1.5440e+00 (1.8432e+00)	Acc@1  37.50 ( 34.98)	Acc@5  90.62 ( 85.09)
0: Epoch: [1][440/782]	Time  0.085 ( 0.096)	Data  0.000 ( 0.012)	Loss 1.7158e+00 (1.8419e+00)	Acc@1  40.62 ( 34.98)	Acc@5  81.25 ( 85.06)
0: Epoch: [1][450/782]	Time  0.085 ( 0.096)	Data  0.000 ( 0.012)	Loss 1.
0: 7532e+00 (1.8407e+00)	Acc@1  43.75 ( 35.01)	Acc@5  87.50 ( 85.05)
0: Epoch: [1][460/782]	Time  0.087 ( 0.095)	Data  0.000 ( 0.012)	Loss 1.7621e+00 (1.8416e+00)	Acc@1  37.50 ( 34.98)	Acc@5  87.50 ( 85.03)
0: Epoch: [1][470/782]	Time  0.084 ( 0.095)	Data  0.000 ( 0.012)	Loss 1.7163e+00 (1.8416e+00)	Acc@1  40.62 ( 35.03)	Acc@5  84.38 ( 85.01)
0: Epoch: [1][480/782]	Time  0.085 ( 0.095)	Data  0.000 ( 0.011)	Loss 1.7688e+00 (1.8415e+00)	Acc@1  37.50 ( 35.03)	Acc@5  78.12 ( 84.97)
0: Epoch: [1][490/782]	Time  0.087 ( 0.095)	Data  0.000 ( 0.011)	Loss 1.8867e+00 (1.8398e+00)	Acc@1  43.75 ( 35.17)	Acc@5  78.12 ( 84.97)
0: Epoch: [1][500/782]	Time  0.082 ( 0.095)	Data  0.000 ( 0.011)	Loss 1.4294e+00 (1.8390e+00)	Acc@1  56.25 ( 35.24)	Acc@5  90.62 ( 84.97)
0: Epoch: [1][510/782]	Time  0.083 ( 0.095)	Data  0.000 ( 0.011)	Loss 1.6699e+00 (1.8391e+00)	Acc@1  25.00 ( 35.21)	Acc@5  93.75 ( 85.00)
0: Epoch: [1][520/782]	Time  0.084 ( 0.094)	Data  0.000 ( 0.011)	Loss 1.4164e+00 (1.8382e+00)	Acc@1  53.12 ( 35.18)	Acc@5  84.38 ( 85.02)
0: Epoch: [1][53
0: 0/782]	Time  0.085 ( 0.094)	Data  0.000 ( 0.010)	Loss 1.3252e+00 (1.8343e+00)	Acc@1  53.12 ( 35.32)	Acc@5  93.75 ( 85.11)
0: Epoch: [1][540/782]	Time  0.085 ( 0.094)	Data  0.000 ( 0.010)	Loss 1.6685e+00 (1.8349e+00)	Acc@1  37.50 ( 35.33)	Acc@5  81.25 ( 85.13)
0: Epoch: [1][550/782]	Time  0.085 ( 0.094)	Data  0.000 ( 0.010)	Loss 1.6874e+00 (1.8334e+00)	Acc@1  46.88 ( 35.45)	Acc@5  96.88 ( 85.21)
0: Epoch: [1][560/782]	Time  0.077 ( 0.094)	Data  0.000 ( 0.010)	Loss 1.5080e+00 (1.8351e+00)	Acc@1  43.75 ( 35.47)	Acc@5  87.50 ( 85.18)
0: Epoch: [1][570/782]	Time  0.087 ( 0.094)	Data  0.000 ( 0.010)	Loss 1.7497e+00 (1.8349e+00)	Acc@1  28.12 ( 35.52)	Acc@5  90.62 ( 85.15)
0: Epoch: [1][580/782]	Time  0.084 ( 0.093)	Data  0.000 ( 0.010)	Loss 1.6095e+00 (1.8323e+00)	Acc@1  34.38 ( 35.57)	Acc@5  93.75 ( 85.20)
0: Epoch: [1][590/782]	Time  0.084 ( 0.093)	Data  0.000 ( 0.010)	Loss 2.0574e+00 (1.8314e+00)	Acc@1  21.88 ( 35.62)	Acc@5  78.12 ( 85.22)
0: Epoch: [1][600/782]	Time  0.089 ( 0.093)	Data  0.000 ( 0.009)	Loss 1.7461e+00 (1.8313e+00)	A
0: cc@1  34.38 ( 35.59)	Acc@5  81.25 ( 85.21)
0: Epoch: [1][  0/782]	Time  4.618 ( 4.618)	Data  4.518 ( 4.518)	Loss 2.0282e+00 (2.0282e+00)	Acc@1  28.12 ( 28.12)	Acc@5  81.25 ( 81.25)
0: Epoch: [1][ 10/782]	Time  0.085 ( 0.497)	Data  0.000 ( 0.412)	Loss 2.2286e+00 (1.9443e+00)	Acc@1  25.00 ( 33.24)	Acc@5  75.00 ( 81.82)
0: Epoch: [1][ 20/782]	Time  0.087 ( 0.302)	Data  0.000 ( 0.217)	Loss 1.4190e+00 (1.8951e+00)	Acc@1  53.12 ( 34.38)	Acc@5  90.62 ( 82.89)
0: Epoch: [1][ 30/782]	Time  0.086 ( 0.233)	Data  0.000 ( 0.147)	Loss 1.5576e+00 (1.8849e+00)	Acc@1  50.00 ( 34.58)	Acc@5  96.88 ( 82.86)
0: Epoch: [1][ 40/782]	Time  0.087 ( 0.197)	Data  0.000 ( 0.112)	Loss 1.7438e+00 (1.8841e+00)	Acc@1  31.25 ( 34.98)	Acc@5  75.00 ( 82.55)
0: Epoch: [1][ 50/782]	Time  0.085 ( 0.176)	Data  0.000 ( 0.090)	Loss 1.8552e+00 (1.8810e+00)	Acc@1  37.50 ( 35.36)	Acc@5  84.38 ( 82.72)
0: Epoch: [1][ 60/782]	Time  0.083 ( 0.161)	Data  0.000 ( 0.076)	Loss 1.6808e+00 (1.8657e+00)	Acc@1  37.50 ( 35.35)	Acc@5  87.50 ( 83.04)
0: Epoch: [1][ 70/782]	Time  0.085 ( 0.150)	Data  0.000 ( 0.065)	Loss 1.7159e+00 (
0: 1.8646e+00)	Acc@1  46.88 ( 35.43)	Acc@5  93.75 ( 83.32)
0: Epoch: [1][ 80/782]	Time  0.082 ( 0.142)	Data  0.000 ( 0.058)	Loss 2.2882e+00 (1.8759e+00)	Acc@1  31.25 ( 34.99)	Acc@5  78.12 ( 83.29)
0: Epoch: [1][ 90/782]	Time  0.084 ( 0.136)	Data  0.000 ( 0.051)	Loss 1.8149e+00 (1.8703e+00)	Acc@1  28.12 ( 34.79)	Acc@5  84.38 ( 83.45)
0: Epoch: [1][100/782]	Time  0.077 ( 0.131)	Data  0.000 ( 0.047)	Loss 1.8008e+00 (1.8569e+00)	Acc@1  43.75 ( 35.30)	Acc@5  81.25 ( 83.79)
0: Epoch: [1][110/782]	Time  0.086 ( 0.127)	Data  0.000 ( 0.043)	Loss 1.5469e+00 (1.8380e+00)	Acc@1  46.88 ( 35.64)	Acc@5  93.75 ( 84.29)
0: Epoch: [1][120/782]	Time  0.084 ( 0.123)	Data  0.000 ( 0.039)	Loss 1.8215e+00 (1.8468e+00)	Acc@1  43.75 ( 35.80)	Acc@5  81.25 ( 84.27)
0: Epoch: [1][130/782]	Time  0.082 ( 0.120)	Data  0.000 ( 0.036)	Loss 1.7793e+00 (1.8521e+00)	Acc@1  37.50 ( 35.64)	Acc@5  81.25 ( 84.21)
0: Epoch: [1][140/782]	Time  0.086 ( 0.118)	Data  0.000 ( 0.034)	Loss 2.2245e+00 (1.8529e+00)	Acc@1  25.00 ( 35.68)	Acc@5  78.12 ( 84.06)
0: Epoch: [1][150/782]	Tim
0: e  0.089 ( 0.116)	Data  0.000 ( 0.032)	Loss 2.1457e+00 (1.8566e+00)	Acc@1  15.62 ( 35.29)	Acc@5  75.00 ( 84.00)
0: Epoch: [1][160/782]	Time  0.089 ( 0.114)	Data  0.000 ( 0.030)	Loss 1.9221e+00 (1.8480e+00)	Acc@1  25.00 ( 35.60)	Acc@5  84.38 ( 84.16)
0: Epoch: [1][170/782]	Time  0.084 ( 0.112)	Data  0.000 ( 0.028)	Loss 1.7826e+00 (1.8541e+00)	Acc@1  43.75 ( 35.43)	Acc@5  78.12 ( 84.17)
0: Epoch: [1][180/782]	Time  0.087 ( 0.111)	Data  0.000 ( 0.027)	Loss 1.8350e+00 (1.8529e+00)	Acc@1  28.12 ( 35.34)	Acc@5  84.38 ( 84.13)
0: Epoch: [1][190/782]	Time  0.086 ( 0.109)	Data  0.000 ( 0.025)	Loss 2.0139e+00 (1.8506e+00)	Acc@1  25.00 ( 35.29)	Acc@5  84.38 ( 84.20)
0: Epoch: [1][200/782]	Time  0.084 ( 0.108)	Data  0.000 ( 0.024)	Loss 1.9598e+00 (1.8517e+00)	Acc@1  28.12 ( 35.21)	Acc@5  78.12 ( 84.16)
0: Epoch: [1][210/782]	Time  0.087 ( 0.107)	Data  0.000 ( 0.023)	Loss 1.6787e+00 (1.8529e+00)	Acc@1  40.62 ( 35.07)	Acc@5  90.62 ( 84.24)
0: Epoch: [1][220/782]	Time  0.086 ( 0.106)	Data  0.000 ( 0.022)	Loss 1.5666e+00 (1.8478e+00)	Acc@1  43.7
0: 5 ( 35.14)	Acc@5  90.62 ( 84.36)
0: Epoch: [1][230/782]	Time  0.083 ( 0.105)	Data  0.000 ( 0.021)	Loss 2.2551e+00 (1.8475e+00)	Acc@1  25.00 ( 35.13)	Acc@5  78.12 ( 84.46)
0: Epoch: [1][240/782]	Time  0.085 ( 0.104)	Data  0.000 ( 0.021)	Loss 1.7577e+00 (1.8481e+00)	Acc@1  31.25 ( 35.10)	Acc@5  81.25 ( 84.50)
0: Epoch: [1][250/782]	Time  0.086 ( 0.104)	Data  0.000 ( 0.020)	Loss 1.9963e+00 (1.8508e+00)	Acc@1  28.12 ( 34.89)	Acc@5  75.00 ( 84.39)
0: Epoch: [1][260/782]	Time  0.084 ( 0.103)	Data  0.000 ( 0.019)	Loss 1.9708e+00 (1.8497e+00)	Acc@1  28.12 ( 34.93)	Acc@5  81.25 ( 84.43)
0: Epoch: [1][270/782]	Time  0.087 ( 0.102)	Data  0.000 ( 0.018)	Loss 2.2486e+00 (1.8486e+00)	Acc@1  18.75 ( 34.86)	Acc@5  81.25 ( 84.62)
0: Epoch: [1][280/782]	Time  0.088 ( 0.102)	Data  0.000 ( 0.018)	Loss 1.7964e+00 (1.8485e+00)	Acc@1  37.50 ( 34.89)	Acc@5  78.12 ( 84.63)
0: Epoch: [1][290/782]	Time  0.085 ( 0.101)	Data  0.000 ( 0.017)	Loss 1.7563e+00 (1.8489e+00)	Acc@1  40.62 ( 34.91)	Acc@5  78.12 ( 84.53)
0: Epoch: [1][300/782]	Time  0.079 ( 0.101)	Data 
0:  0.000 ( 0.017)	Loss 1.9514e+00 (1.8438e+00)	Acc@1  34.38 ( 35.07)	Acc@5  78.12 ( 84.70)
0: Epoch: [1][310/782]	Time  0.083 ( 0.100)	Data  0.000 ( 0.016)	Loss 1.5700e+00 (1.8419e+00)	Acc@1  37.50 ( 35.15)	Acc@5  93.75 ( 84.82)
0: Epoch: [1][320/782]	Time  0.082 ( 0.100)	Data  0.000 ( 0.016)	Loss 1.9412e+00 (1.8422e+00)	Acc@1  31.25 ( 35.22)	Acc@5  90.62 ( 84.83)
0: Epoch: [1][330/782]	Time  0.086 ( 0.099)	Data  0.000 ( 0.015)	Loss 2.1771e+00 (1.8420e+00)	Acc@1  28.12 ( 35.24)	Acc@5  75.00 ( 84.88)
0: Epoch: [1][340/782]	Time  0.087 ( 0.099)	Data  0.000 ( 0.015)	Loss 1.8424e+00 (1.8393e+00)	Acc@1  34.38 ( 35.28)	Acc@5  84.38 ( 84.90)
0: Epoch: [1][350/782]	Time  0.084 ( 0.098)	Data  0.000 ( 0.015)	Loss 1.8628e+00 (1.8397e+00)	Acc@1  37.50 ( 35.39)	Acc@5  81.25 ( 84.94)
0: Epoch: [1][360/782]	Time  0.084 ( 0.098)	Data  0.000 ( 0.014)	Loss 1.8577e+00 (1.8410e+00)	Acc@1  31.25 ( 35.41)	Acc@5  81.25 ( 84.91)
0: Epoch: [1][370/782]	Time  0.084 ( 0.098)	Data  0.000 ( 0.014)	Loss 1.8231e+00 (1.8383e+00)	Acc@1  28.12 ( 35.41)	Acc@5  84.38
0:  ( 84.95)
0: Epoch: [1][380/782]	Time  0.086 ( 0.097)	Data  0.000 ( 0.014)	Loss 2.0171e+00 (1.8366e+00)	Acc@1  31.25 ( 35.43)	Acc@5  78.12 ( 84.95)
0: Epoch: [1][390/782]	Time  0.087 ( 0.097)	Data  0.000 ( 0.013)	Loss 1.8903e+00 (1.8346e+00)	Acc@1  28.12 ( 35.48)	Acc@5  84.38 ( 85.05)
0: Epoch: [1][400/782]	Time  0.082 ( 0.097)	Data  0.000 ( 0.013)	Loss 1.9917e+00 (1.8354e+00)	Acc@1  28.12 ( 35.40)	Acc@5  81.25 ( 85.00)
0: Epoch: [1][410/782]	Time  0.085 ( 0.096)	Data  0.000 ( 0.013)	Loss 1.6491e+00 (1.8372e+00)	Acc@1  50.00 ( 35.39)	Acc@5  87.50 ( 84.92)
0: Epoch: [1][420/782]	Time  0.085 ( 0.096)	Data  0.000 ( 0.013)	Loss 1.9207e+00 (1.8355e+00)	Acc@1  31.25 ( 35.38)	Acc@5  87.50 ( 85.01)
0: Epoch: [1][430/782]	Time  0.084 ( 0.096)	Data  0.000 ( 0.012)	Loss 1.7893e+00 (1.8350e+00)	Acc@1  31.25 ( 35.35)	Acc@5  84.38 ( 85.00)
0: Epoch: [1][440/782]	Time  0.086 ( 0.096)	Data  0.000 ( 0.012)	Loss 1.8096e+00 (1.8347e+00)	Acc@1  37.50 ( 35.40)	Acc@5  87.50 ( 84.96)
0: Epoch: [1][450/782]	Time  0.084 ( 0.096)	Data  0.000 ( 0.012)	Loss 1.
0: 5918e+00 (1.8330e+00)	Acc@1  43.75 ( 35.45)	Acc@5  93.75 ( 85.03)
0: Epoch: [1][460/782]	Time  0.087 ( 0.095)	Data  0.000 ( 0.012)	Loss 1.7773e+00 (1.8323e+00)	Acc@1  31.25 ( 35.43)	Acc@5  87.50 ( 85.06)
0: Epoch: [1][470/782]	Time  0.085 ( 0.095)	Data  0.000 ( 0.011)	Loss 1.7478e+00 (1.8320e+00)	Acc@1  40.62 ( 35.40)	Acc@5  93.75 ( 85.10)
0: Epoch: [1][480/782]	Time  0.086 ( 0.095)	Data  0.000 ( 0.011)	Loss 1.7971e+00 (1.8317e+00)	Acc@1  31.25 ( 35.33)	Acc@5  87.50 ( 85.16)
0: Epoch: [1][490/782]	Time  0.089 ( 0.095)	Data  0.000 ( 0.011)	Loss 2.0936e+00 (1.8325e+00)	Acc@1  25.00 ( 35.23)	Acc@5  84.38 ( 85.14)
0: Epoch: [1][500/782]	Time  0.089 ( 0.095)	Data  0.000 ( 0.011)	Loss 1.8870e+00 (1.8311e+00)	Acc@1  21.88 ( 35.19)	Acc@5  87.50 ( 85.19)
0: Epoch: [1][510/782]	Time  0.081 ( 0.094)	Data  0.000 ( 0.011)	Loss 1.8713e+00 (1.8315e+00)	Acc@1  37.50 ( 35.27)	Acc@5  84.38 ( 85.16)
0: Epoch: [1][520/782]	Time  0.085 ( 0.094)	Data  0.000 ( 0.010)	Loss 1.5806e+00 (1.8305e+00)	Acc@1  43.75 ( 35.35)	Acc@5  93.75 ( 85.17)
0: Epoch: [1][53
0: 0/782]	Time  0.087 ( 0.094)	Data  0.000 ( 0.010)	Loss 1.6636e+00 (1.8285e+00)	Acc@1  37.50 ( 35.49)	Acc@5  90.62 ( 85.22)
0: Epoch: [1][540/782]	Time  0.083 ( 0.094)	Data  0.000 ( 0.010)	Loss 1.7266e+00 (1.8302e+00)	Acc@1  31.25 ( 35.44)	Acc@5  90.62 ( 85.19)
0: Epoch: [1][550/782]	Time  0.088 ( 0.094)	Data  0.000 ( 0.010)	Loss 1.7703e+00 (1.8331e+00)	Acc@1  34.38 ( 35.34)	Acc@5  84.38 ( 85.13)
0: Epoch: [1][560/782]	Time  0.082 ( 0.094)	Data  0.000 ( 0.010)	Loss 1.5125e+00 (1.8316e+00)	Acc@1  43.75 ( 35.46)	Acc@5  84.38 ( 85.15)
0: Epoch: [1][570/782]	Time  0.088 ( 0.093)	Data  0.000 ( 0.010)	Loss 1.4997e+00 (1.8318e+00)	Acc@1  46.88 ( 35.44)	Acc@5  90.62 ( 85.20)
0: Epoch: [1][580/782]	Time  0.082 ( 0.093)	Data  0.000 ( 0.010)	Loss 1.7532e+00 (1.8312e+00)	Acc@1  34.38 ( 35.49)	Acc@5  84.38 ( 85.20)
0: Epoch: [1][590/782]	Time  0.082 ( 0.093)	Data  0.000 ( 0.009)	Loss 1.7522e+00 (1.8312e+00)	Acc@1  37.50 ( 35.47)	Acc@5  90.62 ( 85.20)
0: Epoch: [1][600/782]	Time  0.085 ( 0.093)	Data  0.000 ( 0.009)	Loss 1.8259e+00 (1.8288e+00)	A
0: cc@1  28.12 ( 35.50)	Acc@5  84.38 ( 85.24)
0: 
0: Epoch: [1][610/782]	Time  0.091 ( 0.093)	Data  0.000 ( 0.009)	Loss 1.6583e+00 (1.8298e+00)	Acc@1  43.75 ( 35.64)	Acc@5  90.62 ( 85.23)
0: Epoch: [1][620/782]	Time  0.083 ( 0.093)	Data  0.000 ( 0.009)	Loss 1.7154e+00 (1.8269e+00)	Acc@1  40.62 ( 35.73)	Acc@5  81.25 ( 85.29)
0: Epoch: [1][630/782]	Time  0.084 ( 0.093)	Data  0.000 ( 0.009)	Loss 1.6953e+00 (1.8270e+00)	Acc@1  34.38 ( 35.71)	Acc@5  87.50 ( 85.26)
0: Epoch: [1][640/782]	Time  0.090 ( 0.093)	Data  0.000 ( 0.009)	Loss 1.8714e+00 (1.8255e+00)	Acc@1  34.38 ( 35.80)	Acc@5  84.38 ( 85.28)
0: Epoch: [1][650/782]	Time  0.082 ( 0.093)	Data  0.000 ( 0.009)	Loss 2.2556e+00 (1.8260e+00)	Acc@1  21.88 ( 35.83)	Acc@5  81.25 ( 85.27)
0: Epoch: [1][660/782]	Time  0.081 ( 0.092)	Data  0.000 ( 0.009)	Loss 1.8137e+00 (1.8243e+00)	Acc@1  34.38 ( 35.84)	Acc@5  84.38 ( 85.32)
0: Epoch: [1][670/782]	Time  0.081 ( 0.092)	Data  0.000 ( 0.009)	Loss 1.6522e+00 (1.8241e+00)	Acc@1  31.25 ( 35.86)	Acc@5  87.50 ( 85.33)
0: Epoch: [1][680/782]	Time  0.085 ( 0.092)	Data  0.000 ( 0.009)	Loss 1.8168e+00 
0: (1.8239e+00)	Acc@1  37.50 ( 35.88)	Acc@5  87.50 ( 85.35)
0: Epoch: [1][690/782]	Time  0.085 ( 0.092)	Data  0.000 ( 0.008)	Loss 1.6028e+00 (1.8223e+00)	Acc@1  37.50 ( 35.90)	Acc@5  96.88 ( 85.42)
0: Epoch: [1][700/782]	Time  0.085 ( 0.092)	Data  0.000 ( 0.008)	Loss 1.7641e+00 (1.8214e+00)	Acc@1  40.62 ( 35.99)	Acc@5  96.88 ( 85.41)
0: Epoch: [1][710/782]	Time  0.085 ( 0.092)	Data  0.000 ( 0.008)	Loss 1.7960e+00 (1.8214e+00)	Acc@1  31.25 ( 35.97)	Acc@5  84.38 ( 85.44)
0: Epoch: [1][720/782]	Time  0.083 ( 0.092)	Data  0.000 ( 0.008)	Loss 2.0679e+00 (1.8198e+00)	Acc@1  28.12 ( 36.02)	Acc@5  81.25 ( 85.48)
0: Epoch: [1][730/782]	Time  0.082 ( 0.092)	Data  0.000 ( 0.008)	Loss 1.5504e+00 (1.8179e+00)	Acc@1  50.00 ( 36.08)	Acc@5  93.75 ( 85.52)
0: Epoch: [1][740/782]	Time  0.082 ( 0.092)	Data  0.000 ( 0.008)	Loss 1.7821e+00 (1.8170e+00)	Acc@1  37.50 ( 36.08)	Acc@5  81.25 ( 85.56)
0: Epoch: [1][750/782]	Time  0.082 ( 0.092)	Data  0.000 ( 0.008)	Loss 1.7427e+00 (1.8163e+00)	Acc@1  40.62 ( 36.06)	Acc@5  87.50 ( 85.62)
0: Epoch: [1][760/782]	Ti
0: me  0.085 ( 0.092)	Data  0.000 ( 0.008)	Loss 1.8236e+00 (1.8148e+00)	Acc@1  34.38 ( 36.08)	Acc@5  90.62 ( 85.67)
0: Epoch: [1][770/782]	Time  0.082 ( 0.092)	Data  0.000 ( 0.008)	Loss 1.5031e+00 (1.8131e+00)	Acc@1  43.75 ( 36.10)	Acc@5  90.62 ( 85.70)
0: Epoch: [1][780/782]	Time  0.082 ( 0.091)	Data  0.000 ( 0.008)	Loss 1.8361e+00 (1.8117e+00)	Acc@1  25.00 ( 36.11)	Acc@5  81.25 ( 85.74)
0: 
0: Epoch: [1][610/782]	Time  0.082 ( 0.093)	Data  0.000 ( 0.009)	Loss 2.1893e+00 (1.8278e+00)	Acc@1  28.12 ( 35.51)	Acc@5  78.12 ( 85.26)
0: Epoch: [1][620/782]	Time  0.082 ( 0.093)	Data  0.000 ( 0.009)	Loss 1.9724e+00 (1.8264e+00)	Acc@1  37.50 ( 35.49)	Acc@5  75.00 ( 85.31)
0: Epoch: [1][630/782]	Time  0.084 ( 0.093)	Data  0.000 ( 0.009)	Loss 1.7878e+00 (1.8255e+00)	Acc@1  31.25 ( 35.51)	Acc@5  87.50 ( 85.37)
0: Epoch: [1][640/782]	Time  0.083 ( 0.093)	Data  0.000 ( 0.009)	Loss 1.7576e+00 (1.8252e+00)	Acc@1  28.12 ( 35.55)	Acc@5  87.50 ( 85.35)
0: Epoch: [1][650/782]	Time  0.086 ( 0.092)	Data  0.000 ( 0.009)	Loss 1.5902e+00 (1.8240e+00)	Acc@1  43.75 ( 35.56)	Acc@5  90.62 ( 85.41)
0: Epoch: [1][660/782]	Time  0.084 ( 0.092)	Data  0.000 ( 0.009)	Loss 2.0266e+00 (1.8240e+00)	Acc@1  34.38 ( 35.56)	Acc@5  87.50 ( 85.42)
0: Epoch: [1][670/782]	Time  0.087 ( 0.092)	Data  0.000 ( 0.009)	Loss 2.0992e+00 (1.8238e+00)	Acc@1  28.12 ( 35.50)	Acc@5  75.00 ( 85.46)
0: Epoch: [1][680/782]	Time  0.085 ( 0.092)	Data  0.000 ( 0.008)	Loss 1.8416e+00 
0: (1.8243e+00)	Acc@1  25.00 ( 35.53)	Acc@5  87.50 ( 85.44)
0: Epoch: [1][690/782]	Time  0.085 ( 0.092)	Data  0.000 ( 0.008)	Loss 1.5899e+00 (1.8233e+00)	Acc@1  28.12 ( 35.56)	Acc@5  90.62 ( 85.48)
0: Epoch: [1][700/782]	Time  0.087 ( 0.092)	Data  0.000 ( 0.008)	Loss 1.6888e+00 (1.8220e+00)	Acc@1  28.12 ( 35.55)	Acc@5  87.50 ( 85.51)
0: Epoch: [1][710/782]	Time  0.085 ( 0.092)	Data  0.000 ( 0.008)	Loss 1.4719e+00 (1.8205e+00)	Acc@1  43.75 ( 35.57)	Acc@5  93.75 ( 85.52)
0: Epoch: [1][720/782]	Time  0.082 ( 0.092)	Data  0.000 ( 0.008)	Loss 1.6648e+00 (1.8201e+00)	Acc@1  40.62 ( 35.61)	Acc@5  93.75 ( 85.51)
0: Epoch: [1][730/782]	Time  0.085 ( 0.092)	Data  0.000 ( 0.008)	Loss 1.3587e+00 (1.8181e+00)	Acc@1  37.50 ( 35.66)	Acc@5  93.75 ( 85.51)
0: Epoch: [1][740/782]	Time  0.085 ( 0.092)	Data  0.000 ( 0.008)	Loss 1.7752e+00 (1.8179e+00)	Acc@1  43.75 ( 35.69)	Acc@5  90.62 ( 85.51)
0: Epoch: [1][750/782]	Time  0.086 ( 0.092)	Data  0.000 ( 0.008)	Loss 1.5724e+00 (1.8181e+00)	Acc@1  43.75 ( 35.67)	Acc@5  93.75 ( 85.54)
0: Epoch: [1][760/782]	Ti
0: me  0.085 ( 0.091)	Data  0.000 ( 0.008)	Loss 2.0817e+00 (1.8161e+00)	Acc@1  25.00 ( 35.73)	Acc@5  75.00 ( 85.57)
0: Epoch: [1][770/782]	Time  0.086 ( 0.091)	Data  0.000 ( 0.008)	Loss 1.8564e+00 (1.8148e+00)	Acc@1  31.25 ( 35.73)	Acc@5  90.62 ( 85.61)
0: Epoch: [1][780/782]	Time  0.086 ( 0.091)	Data  0.000 ( 0.008)	Loss 1.7476e+00 (1.8133e+00)	Acc@1  40.62 ( 35.78)	Acc@5  87.50 ( 85.65)
0: Test: [  0/313]	Time  2.352 ( 2.352)	Loss 1.3416e+00 (1.3416e+00)	Acc@1  43.75 ( 43.75)	Acc@5  96.88 ( 96.88)
0: Test: [ 10/313]	Time  0.019 ( 0.231)	Loss 1.4403e+00 (1.7186e+00)	Acc@1  50.00 ( 40.06)	Acc@5  90.62 ( 89.49)
0: Test: [ 20/313]	Time  0.019 ( 0.130)	Loss 1.2405e+00 (1.6714e+00)	Acc@1  56.25 ( 40.77)	Acc@5  93.75 ( 89.14)
0: Test: [ 30/313]	Time  0.019 ( 0.094)	Loss 1.5344e+00 (1.6617e+00)	Acc@1  50.00 ( 41.03)	Acc@5  93.75 ( 89.11)
0: Test: [ 40/313]	Time  0.019 ( 0.076)	Loss 1.7254e+00 (1.6715e+00)	Acc@1  31.25 ( 40.17)	Acc@5  84.38 ( 88.57)
0: Test: [ 50/313]	Time  0.019 ( 0.065)	Loss 2.0936e+00 (1.6861e+00)	Acc@1  40.62 ( 39.71)	Acc@5  87.50 ( 88.17)
0: Test: [ 60/313]	Time  0.019 ( 0.057)	Loss 1.9240e+00 (1.6860e+00)	Acc@1  40.62 ( 39.29)	Acc@5  81.25 ( 87.86)
0: Test: [ 70/313]	Time  0.019 ( 0.052)	Loss 1.6619e+00 (1.6813e+00)	Acc@1  46.88 ( 39.30)	Acc@5  81.25 ( 87.94)
0: Test: [ 80/313]	Time  0.019 ( 0.048)	Loss 1.9467e+00 (1.6980e+00)	Acc@1  37.50 ( 38.97)	Acc@5  84.38 ( 87.69)
0: Test: [ 90/313]	Time  0.019 ( 0.04
0: 5)	Loss 2.1725e+00 (1.7060e+00)	Acc@1  15.62 ( 38.77)	Acc@5  81.25 ( 87.71)
0: Test: [100/313]	Time  0.019 ( 0.042)	Loss 1.9814e+00 (1.6954e+00)	Acc@1  28.12 ( 39.36)	Acc@5  81.25 ( 87.78)
0: Test: [110/313]	Time  0.019 ( 0.040)	Loss 1.5935e+00 (1.6868e+00)	Acc@1  46.88 ( 39.39)	Acc@5  84.38 ( 87.81)
0: Test: [120/313]	Time  0.019 ( 0.038)	Loss 1.6804e+00 (1.6873e+00)	Acc@1  37.50 ( 39.41)	Acc@5  90.62 ( 87.91)
0: Test: [130/313]	Time  0.019 ( 0.037)	Loss 1.9513e+00 (1.6903e+00)	Acc@1  31.25 ( 39.43)	Acc@5  84.38 ( 87.95)
0: Test: [140/313]	Time  0.019 ( 0.035)	Loss 1.2547e+00 (1.6860e+00)	Acc@1  50.00 ( 39.58)	Acc@5 100.00 ( 88.25)
0: Test: [150/313]	Time  0.019 ( 0.034)	Loss 1.4613e+00 (1.6817e+00)	Acc@1  43.75 ( 39.69)	Acc@5  87.50 ( 88.51)
0: Test: [160/313]	Time  0.019 ( 0.033)	Loss 1.6633e+00 (1.6803e+00)	Acc@1  37.50 ( 39.52)	Acc@5  90.62 ( 88.59)
0: Test: [170/313]	Time  0.019 ( 0.033)	Loss 1.9734e+00 (1.6826e+00)	Acc@1  28.12 ( 39.40)	Acc@5  81.25 ( 88.56)
0: Test: [180/313]	Time  0.019 ( 0.032)	Loss 1.6428e+00 (1.6832e+00)	Ac
0: c@1  31.25 ( 39.30)	Acc@5  87.50 ( 88.67)
0: Test: [190/313]	Time  0.019 ( 0.031)	Loss 1.4217e+00 (1.6773e+00)	Acc@1  59.38 ( 39.55)	Acc@5  96.88 ( 88.79)
0: Test: [200/313]	Time  0.019 ( 0.030)	Loss 1.6326e+00 (1.6745e+00)	Acc@1  34.38 ( 39.60)	Acc@5  93.75 ( 88.84)
0: Test: [210/313]	Time  0.019 ( 0.030)	Loss 1.7498e+00 (1.6766e+00)	Acc@1  34.38 ( 39.56)	Acc@5  84.38 ( 88.80)
0: Test: [220/313]	Time  0.019 ( 0.029)	Loss 1.9811e+00 (1.6794e+00)	Acc@1  34.38 ( 39.41)	Acc@5  87.50 ( 88.77)
0: Test: [230/313]	Time  0.019 ( 0.029)	Loss 1.4929e+00 (1.6749e+00)	Acc@1  53.12 ( 39.46)	Acc@5  90.62 ( 88.92)
0: Test: [240/313]	Time  0.019 ( 0.029)	Loss 1.4726e+00 (1.6737e+00)	Acc@1  53.12 ( 39.45)	Acc@5  93.75 ( 88.91)
0: Test: [250/313]	Time  0.019 ( 0.028)	Loss 1.6083e+00 (1.6727e+00)	Acc@1  43.75 ( 39.43)	Acc@5  90.62 ( 88.94)
0: Test: [260/313]	Time  0.019 ( 0.028)	Loss 1.7315e+00 (1.6746e+00)	Acc@1  37.50 ( 39.34)	Acc@5  84.38 ( 88.85)
0: Test: [270/313]	Time  0.019 ( 0.027)	Loss 1.7153e+00 (1.6770e+00)	Acc@1  40.62 ( 39.44)	Acc@5  84.38 (
0:  88.81)
0: Test: [280/313]	Time  0.019 ( 0.027)	Loss 2.0782e+00 (1.6755e+00)	Acc@1  25.00 ( 39.37)	Acc@5  84.38 ( 88.78)
0: Test: [290/313]	Time  0.019 ( 0.027)	Loss 1.8855e+00 (1.6741e+00)	Acc@1  21.88 ( 39.30)	Acc@5  87.50 ( 88.78)
0: Test: [300/313]	Time  0.018 ( 0.027)	Loss 1.6545e+00 (1.6737e+00)	Acc@1  43.75 ( 39.23)	Acc@5  90.62 ( 88.78)
0: Test: [310/313]	Time  0.018 ( 0.026)	Loss 1.7347e+00 (1.6747e+00)	Acc@1  43.75 ( 39.22)	Acc@5  93.75 ( 88.82)
0:  * Acc@1 39.230 Acc@5 88.850
0: Epoch 1/3 - 79.939s
0: Test: [  0/313]	Time  2.311 ( 2.311)	Loss 1.3416e+00 (1.3416e+00)	Acc@1  43.75 ( 43.75)	Acc@5  96.88 ( 96.88)
0: Test: [ 10/313]	Time  0.019 ( 0.227)	Loss 1.4403e+00 (1.7186e+00)	Acc@1  50.00 ( 40.06)	Acc@5  90.62 ( 89.49)
0: Test: [ 20/313]	Time  0.019 ( 0.128)	Loss 1.2405e+00 (1.6714e+00)	Acc@1  56.25 ( 40.77)	Acc@5  93.75 ( 89.14)
0: Test: [ 30/313]	Time  0.019 ( 0.093)	Loss 1.5344e+00 (1.6617e+00)	Acc@1  50.00 ( 41.03)	Acc@5  93.75 ( 89.11)
0: Test: [ 40/313]	Time  0.019 ( 0.075)	Loss 1.7254e+00 (1.6715e+00)	Acc@1  31.25 ( 40.17)	Acc@5  84.38 ( 88.57)
0: Test: [ 50/313]	Time  0.019 ( 0.064)	Loss 2.0936e+00 (1.6861e+00)	Acc@1  40.62 ( 39.71)	Acc@5  87.50 ( 88.17)
0: Test: [ 60/313]	Time  0.019 ( 0.057)	Loss 1.9240e+00 (1.6860e+00)	Acc@1  40.62 ( 39.29)	Acc@5  81.25 ( 87.86)
0: Test: [ 70/313]	Time  0.019 ( 0.051)	Loss 1.6619e+00 (1.6813e+00)	Acc@1  46.88 ( 39.30)	Acc@5  81.25 ( 87.94)
0: Test: [ 80/313]	Time  0.019 ( 0.047)	Loss 1.9467e+00 (1.6980e+00)	Acc@1  37.50 ( 38.97)	Acc@5  84.38 ( 87.69)
0: Test: [ 90/313]	Time  0.019 ( 0.04
0: 4)	Loss 2.1725e+00 (1.7060e+00)	Acc@1  15.62 ( 38.77)	Acc@5  81.25 ( 87.71)
0: Test: [100/313]	Time  0.019 ( 0.042)	Loss 1.9814e+00 (1.6954e+00)	Acc@1  28.12 ( 39.36)	Acc@5  81.25 ( 87.78)
0: Test: [110/313]	Time  0.019 ( 0.040)	Loss 1.5935e+00 (1.6868e+00)	Acc@1  46.88 ( 39.39)	Acc@5  84.38 ( 87.81)
0: Test: [120/313]	Time  0.019 ( 0.038)	Loss 1.6804e+00 (1.6873e+00)	Acc@1  37.50 ( 39.41)	Acc@5  90.62 ( 87.91)
0: Test: [130/313]	Time  0.019 ( 0.037)	Loss 1.9513e+00 (1.6903e+00)	Acc@1  31.25 ( 39.43)	Acc@5  84.38 ( 87.95)
0: Test: [140/313]	Time  0.019 ( 0.035)	Loss 1.2547e+00 (1.6860e+00)	Acc@1  50.00 ( 39.58)	Acc@5 100.00 ( 88.25)
0: Test: [150/313]	Time  0.019 ( 0.034)	Loss 1.4613e+00 (1.6817e+00)	Acc@1  43.75 ( 39.69)	Acc@5  87.50 ( 88.51)
0: Test: [160/313]	Time  0.019 ( 0.033)	Loss 1.6633e+00 (1.6803e+00)	Acc@1  37.50 ( 39.52)	Acc@5  90.62 ( 88.59)
0: Test: [170/313]	Time  0.019 ( 0.032)	Loss 1.9734e+00 (1.6826e+00)	Acc@1  28.12 ( 39.40)	Acc@5  81.25 ( 88.56)
0: Test: [180/313]	Time  0.019 ( 0.032)	Loss 1.6428e+00 (1.6832e+00)	Ac
0: c@1  31.25 ( 39.30)	Acc@5  87.50 ( 88.67)
0: Test: [190/313]	Time  0.019 ( 0.031)	Loss 1.4217e+00 (1.6773e+00)	Acc@1  59.38 ( 39.55)	Acc@5  96.88 ( 88.79)
0: Test: [200/313]	Time  0.019 ( 0.030)	Loss 1.6326e+00 (1.6745e+00)	Acc@1  34.38 ( 39.60)	Acc@5  93.75 ( 88.84)
0: Test: [210/313]	Time  0.019 ( 0.030)	Loss 1.7498e+00 (1.6766e+00)	Acc@1  34.38 ( 39.56)	Acc@5  84.38 ( 88.80)
0: Test: [220/313]	Time  0.019 ( 0.029)	Loss 1.9811e+00 (1.6794e+00)	Acc@1  34.38 ( 39.41)	Acc@5  87.50 ( 88.77)
0: Test: [230/313]	Time  0.019 ( 0.029)	Loss 1.4929e+00 (1.6749e+00)	Acc@1  53.12 ( 39.46)	Acc@5  90.62 ( 88.92)
0: Test: [240/313]	Time  0.019 ( 0.029)	Loss 1.4726e+00 (1.6737e+00)	Acc@1  53.12 ( 39.45)	Acc@5  93.75 ( 88.91)
0: Test: [250/313]	Time  0.019 ( 0.028)	Loss 1.6083e+00 (1.6727e+00)	Acc@1  43.75 ( 39.43)	Acc@5  90.62 ( 88.94)
0: Test: [260/313]	Time  0.019 ( 0.028)	Loss 1.7315e+00 (1.6746e+00)	Acc@1  37.50 ( 39.34)	Acc@5  84.38 ( 88.85)
0: Test: [270/313]	Time  0.019 ( 0.027)	Loss 1.7153e+00 (1.6770e+00)	Acc@1  40.62 ( 39.44)	Acc@5  84.38 (
0:  88.81)
0: Test: [280/313]	Time  0.019 ( 0.027)	Loss 2.0782e+00 (1.6755e+00)	Acc@1  25.00 ( 39.37)	Acc@5  84.38 ( 88.78)
0: Test: [290/313]	Time  0.019 ( 0.027)	Loss 1.8855e+00 (1.6741e+00)	Acc@1  21.88 ( 39.30)	Acc@5  87.50 ( 88.78)
0: Test: [300/313]	Time  0.019 ( 0.027)	Loss 1.6545e+00 (1.6737e+00)	Acc@1  43.75 ( 39.23)	Acc@5  90.62 ( 88.78)
0: Test: [310/313]	Time  0.019 ( 0.026)	Loss 1.7347e+00 (1.6747e+00)	Acc@1  43.75 ( 39.22)	Acc@5  93.75 ( 88.82)
0:  * Acc@1 39.230 Acc@5 88.850
0: Epoch 1/3 - 80.006s
0: Epoch: [2][  0/782]	Time  4.594 ( 4.594)	Data  4.515 ( 4.515)	Loss 1.8333e+00 (1.8333e+00)	Acc@1  28.12 ( 28.12)	Acc@5  90.62 ( 90.62)
0: Epoch: [2][ 10/782]	Time  0.086 ( 0.496)	Data  0.000 ( 0.412)	Loss 1.6168e+00 (1.6969e+00)	Acc@1  40.62 ( 40.34)	Acc@5  87.50 ( 86.08)
0: Epoch: [2][ 20/782]	Time  0.085 ( 0.300)	Data  0.000 ( 0.217)	Loss 1.5936e+00 (1.6607e+00)	Acc@1  46.88 ( 40.48)	Acc@5  90.62 ( 87.50)
0: Epoch: [2][ 30/782]	Time  0.084 ( 0.231)	Data  0.000 ( 0.147)	Loss 1.8611e+00 (1.6533e+00)	Acc@1  31.25 ( 40.73)	Acc@5  78.12 ( 88.21)
0: Epoch: [2][ 40/782]	Time  0.084 ( 0.196)	Data  0.000 ( 0.112)	Loss 1.7523e+00 (1.6508e+00)	Acc@1  34.38 ( 40.62)	Acc@5  87.50 ( 88.57)
0: Epoch: [2][ 50/782]	Time  0.082 ( 0.174)	Data  0.000 ( 0.090)	Loss 1.8727e+00 (1.6680e+00)	Acc@1  40.62 ( 40.32)	Acc@5  90.62 ( 88.36)
0: Epoch: [2][ 60/782]	Time  0.083 ( 0.159)	Data  0.000 ( 0.076)	Loss 1.6405e+00 (1.6643e+00)	Acc@1  31.25 ( 40.47)	Acc@5  90.62 ( 88.32)
0: Epoch: [2][ 70/782]	Time  0.086 ( 0.149)	Data  0.000 ( 0.065)	Loss 1.5855e+00 (
0: 1.6689e+00)	Acc@1  46.88 ( 40.40)	Acc@5  87.50 ( 88.56)
0: Epoch: [2][ 80/782]	Time  0.085 ( 0.141)	Data  0.000 ( 0.058)	Loss 1.4402e+00 (1.6749e+00)	Acc@1  40.62 ( 39.81)	Acc@5  90.62 ( 88.73)
0: Epoch: [2][ 90/782]	Time  0.085 ( 0.135)	Data  0.000 ( 0.051)	Loss 1.7016e+00 (1.6617e+00)	Acc@1  46.88 ( 40.38)	Acc@5  90.62 ( 89.22)
0: Epoch: [2][100/782]	Time  0.086 ( 0.130)	Data  0.000 ( 0.047)	Loss 1.8991e+00 (1.6714e+00)	Acc@1  25.00 ( 40.19)	Acc@5  93.75 ( 89.08)
0: Epoch: [2][110/782]	Time  0.080 ( 0.126)	Data  0.000 ( 0.043)	Loss 1.6743e+00 (1.6753e+00)	Acc@1  43.75 ( 40.06)	Acc@5  87.50 ( 89.02)
0: Epoch: [2][120/782]	Time  0.084 ( 0.123)	Data  0.000 ( 0.039)	Loss 1.6331e+00 (1.6747e+00)	Acc@1  46.88 ( 40.08)	Acc@5  90.62 ( 88.92)
0: Epoch: [2][130/782]	Time  0.087 ( 0.120)	Data  0.000 ( 0.036)	Loss 1.6279e+00 (1.6782e+00)	Acc@1  37.50 ( 40.10)	Acc@5  87.50 ( 88.93)
0: Epoch: [2][140/782]	Time  0.082 ( 0.117)	Data  0.000 ( 0.034)	Loss 1.5571e+00 (1.6742e+00)	Acc@1  37.50 ( 40.49)	Acc@5  87.50 ( 88.90)
0: Epoch: [2][150/782]	Tim
0: e  0.084 ( 0.115)	Data  0.000 ( 0.032)	Loss 1.7958e+00 (1.6845e+00)	Acc@1  37.50 ( 40.02)	Acc@5  87.50 ( 88.80)
0: Epoch: [2][160/782]	Time  0.084 ( 0.113)	Data  0.000 ( 0.030)	Loss 1.4834e+00 (1.6876e+00)	Acc@1  56.25 ( 40.04)	Acc@5  87.50 ( 88.74)
0: Epoch: [2][170/782]	Time  0.078 ( 0.112)	Data  0.000 ( 0.028)	Loss 1.5803e+00 (1.6869e+00)	Acc@1  43.75 ( 40.19)	Acc@5  90.62 ( 88.83)
0: Epoch: [2][180/782]	Time  0.082 ( 0.110)	Data  0.000 ( 0.027)	Loss 1.6196e+00 (1.6800e+00)	Acc@1  43.75 ( 40.40)	Acc@5  84.38 ( 88.88)
0: Epoch: [2][190/782]	Time  0.089 ( 0.109)	Data  0.000 ( 0.025)	Loss 1.7355e+00 (1.6834e+00)	Acc@1  31.25 ( 40.35)	Acc@5  90.62 ( 88.97)
0: Epoch: [2][200/782]	Time  0.084 ( 0.108)	Data  0.000 ( 0.024)	Loss 1.8358e+00 (1.6810e+00)	Acc@1  40.62 ( 40.52)	Acc@5  81.25 ( 88.98)
0: Epoch: [2][210/782]	Time  0.085 ( 0.107)	Data  0.000 ( 0.023)	Loss 1.5665e+00 (1.6730e+00)	Acc@1  40.62 ( 40.68)	Acc@5  93.75 ( 89.22)
0: Epoch: [2][220/782]	Time  0.088 ( 0.106)	Data  0.000 ( 0.022)	Loss 1.6680e+00 (1.6721e+00)	Acc@1  40.6
0: 2 ( 40.87)	Acc@5  87.50 ( 89.30)
0: Epoch: [2][230/782]	Time  0.083 ( 0.105)	Data  0.000 ( 0.021)	Loss 1.9516e+00 (1.6749e+00)	Acc@1  28.12 ( 40.72)	Acc@5  90.62 ( 89.37)
0: Epoch: [2][240/782]	Time  0.086 ( 0.104)	Data  0.000 ( 0.021)	Loss 1.8494e+00 (1.6737e+00)	Acc@1  28.12 ( 40.87)	Acc@5  93.75 ( 89.34)
0: Epoch: [2][250/782]	Time  0.084 ( 0.103)	Data  0.000 ( 0.020)	Loss 1.5287e+00 (1.6709e+00)	Acc@1  43.75 ( 40.96)	Acc@5  90.62 ( 89.42)
0: Epoch: [2][260/782]	Time  0.082 ( 0.102)	Data  0.000 ( 0.019)	Loss 1.7912e+00 (1.6755e+00)	Acc@1  40.62 ( 40.83)	Acc@5  84.38 ( 89.28)
0: Epoch: [2][270/782]	Time  0.087 ( 0.102)	Data  0.000 ( 0.018)	Loss 1.4529e+00 (1.6715e+00)	Acc@1  46.88 ( 40.94)	Acc@5  93.75 ( 89.44)
0: Epoch: [2][280/782]	Time  0.082 ( 0.101)	Data  0.000 ( 0.018)	Loss 1.5276e+00 (1.6697e+00)	Acc@1  53.12 ( 40.97)	Acc@5  90.62 ( 89.44)
0: Epoch: [2][290/782]	Time  0.083 ( 0.101)	Data  0.000 ( 0.017)	Loss 1.3242e+00 (1.6663e+00)	Acc@1  50.00 ( 41.01)	Acc@5  96.88 ( 89.51)
0: Epoch: [2][300/782]	Time  0.089 ( 0.100)	Data 
0:  0.000 ( 0.017)	Loss 1.5171e+00 (1.6654e+00)	Acc@1  43.75 ( 41.01)	Acc@5  93.75 ( 89.61)
0: Epoch: [2][310/782]	Time  0.082 ( 0.100)	Data  0.000 ( 0.016)	Loss 1.6420e+00 (1.6666e+00)	Acc@1  46.88 ( 41.05)	Acc@5  90.62 ( 89.57)
0: Epoch: [2][320/782]	Time  0.089 ( 0.099)	Data  0.000 ( 0.016)	Loss 1.5988e+00 (1.6667e+00)	Acc@1  34.38 ( 41.03)	Acc@5  90.62 ( 89.58)
0: Epoch: [2][330/782]	Time  0.087 ( 0.099)	Data  0.000 ( 0.015)	Loss 1.7169e+00 (1.6644e+00)	Acc@1  43.75 ( 41.10)	Acc@5  81.25 ( 89.57)
0: Epoch: [2][340/782]	Time  0.078 ( 0.098)	Data  0.000 ( 0.015)	Loss 1.8168e+00 (1.6678e+00)	Acc@1  34.38 ( 40.96)	Acc@5  84.38 ( 89.44)
0: Epoch: [2][350/782]	Time  0.086 ( 0.098)	Data  0.000 ( 0.015)	Loss 2.3105e+00 (1.6692e+00)	Acc@1  25.00 ( 41.01)	Acc@5  81.25 ( 89.39)
0: Epoch: [2][360/782]	Time  0.084 ( 0.098)	Data  0.000 ( 0.014)	Loss 1.9384e+00 (1.6708e+00)	Acc@1  31.25 ( 40.99)	Acc@5  84.38 ( 89.31)
0: Epoch: [2][370/782]	Time  0.089 ( 0.097)	Data  0.000 ( 0.014)	Loss 2.0130e+00 (1.6713e+00)	Acc@1  34.38 ( 40.87)	Acc@5  90.62
0:  ( 89.34)
0: Epoch: [2][380/782]	Time  0.082 ( 0.097)	Data  0.000 ( 0.014)	Loss 1.8798e+00 (1.6717e+00)	Acc@1  40.62 ( 40.74)	Acc@5  81.25 ( 89.34)
0: Epoch: [2][390/782]	Time  0.084 ( 0.097)	Data  0.000 ( 0.013)	Loss 1.8114e+00 (1.6719e+00)	Acc@1  43.75 ( 40.62)	Acc@5  90.62 ( 89.39)
0: Epoch: [2][400/782]	Time  0.083 ( 0.097)	Data  0.000 ( 0.013)	Loss 1.6356e+00 (1.6705e+00)	Acc@1  34.38 ( 40.69)	Acc@5  90.62 ( 89.43)
0: Epoch: [2][410/782]	Time  0.087 ( 0.096)	Data  0.000 ( 0.013)	Loss 1.6995e+00 (1.6692e+00)	Acc@1  25.00 ( 40.69)	Acc@5  96.88 ( 89.51)
0: Epoch: [2][420/782]	Time  0.083 ( 0.096)	Data  0.000 ( 0.012)	Loss 1.8493e+00 (1.6680e+00)	Acc@1  37.50 ( 40.75)	Acc@5  87.50 ( 89.53)
0: Epoch: [2][430/782]	Time  0.086 ( 0.096)	Data  0.000 ( 0.012)	Loss 1.3827e+00 (1.6658e+00)	Acc@1  59.38 ( 40.85)	Acc@5  93.75 ( 89.54)
0: Epoch: [2][440/782]	Time  0.084 ( 0.095)	Data  0.000 ( 0.012)	Loss 2.0648e+00 (1.6667e+00)	Acc@1  40.62 ( 40.83)	Acc@5  81.25 ( 89.53)
0: Epoch: [2][450/782]	Time  0.082 ( 0.095)	Data  0.000 ( 0.012)	Loss 1.
0: 5820e+00 (1.6683e+00)	Acc@1  53.12 ( 40.81)	Acc@5  87.50 ( 89.53)
0: Epoch: [2][460/782]	Time  0.089 ( 0.095)	Data  0.000 ( 0.012)	Loss 2.0615e+00 (1.6713e+00)	Acc@1  28.12 ( 40.69)	Acc@5  90.62 ( 89.49)
0: Epoch: [2][470/782]	Time  0.082 ( 0.095)	Data  0.000 ( 0.011)	Loss 1.3118e+00 (1.6699e+00)	Acc@1  40.62 ( 40.72)	Acc@5 100.00 ( 89.50)
0: Epoch: [2][480/782]	Time  0.089 ( 0.095)	Data  0.000 ( 0.011)	Loss 1.8064e+00 (1.6694e+00)	Acc@1  46.88 ( 40.74)	Acc@5  81.25 ( 89.48)
0: Epoch: [2][490/782]	Time  0.084 ( 0.094)	Data  0.000 ( 0.011)	Loss 1.4299e+00 (1.6668e+00)	Acc@1  50.00 ( 40.80)	Acc@5  90.62 ( 89.50)
0: Epoch: [2][500/782]	Time  0.082 ( 0.094)	Data  0.000 ( 0.011)	Loss 1.8345e+00 (1.6662e+00)	Acc@1  31.25 ( 40.79)	Acc@5  93.75 ( 89.50)
0: Epoch: [2][510/782]	Time  0.086 ( 0.094)	Data  0.000 ( 0.011)	Loss 1.8300e+00 (1.6664e+00)	Acc@1  46.88 ( 40.86)	Acc@5  84.38 ( 89.46)
0: Epoch: [2][520/782]	Time  0.089 ( 0.094)	Data  0.000 ( 0.010)	Loss 1.2850e+00 (1.6645e+00)	Acc@1  46.88 ( 40.89)	Acc@5  96.88 ( 89.50)
0: Epoch: [2][53
0: 0/782]	Time  0.089 ( 0.094)	Data  0.000 ( 0.010)	Loss 1.5473e+00 (1.6641e+00)	Acc@1  43.75 ( 40.86)	Acc@5  90.62 ( 89.52)
0: Epoch: [2][540/782]	Time  0.081 ( 0.094)	Data  0.000 ( 0.010)	Loss 1.5119e+00 (1.6635e+00)	Acc@1  50.00 ( 40.88)	Acc@5  96.88 ( 89.52)
0: Epoch: [2][550/782]	Time  0.086 ( 0.093)	Data  0.000 ( 0.010)	Loss 1.3226e+00 (1.6622e+00)	Acc@1  46.88 ( 40.95)	Acc@5 100.00 ( 89.52)
0: Epoch: [2][560/782]	Time  0.089 ( 0.093)	Data  0.000 ( 0.010)	Loss 1.6999e+00 (1.6631e+00)	Acc@1  31.25 ( 40.92)	Acc@5  93.75 ( 89.52)
0: Epoch: [2][570/782]	Time  0.081 ( 0.093)	Data  0.000 ( 0.010)	Loss 1.7940e+00 (1.6633e+00)	Acc@1  40.62 ( 40.92)	Acc@5  93.75 ( 89.50)
0: Epoch: [2][580/782]	Time  0.088 ( 0.093)	Data  0.000 ( 0.009)	Loss 1.8846e+00 (1.6637e+00)	Acc@1  34.38 ( 40.94)	Acc@5  90.62 ( 89.43)
0: Epoch: [2][590/782]	Time  0.085 ( 0.093)	Data  0.000 ( 0.009)	Loss 1.5404e+00 (1.6636e+00)	Acc@1  46.88 ( 40.95)	Acc@5  90.62 ( 89.44)
0: Epoch: [2][600/782]	Time  0.082 ( 0.093)	Data  0.000 ( 0.009)	Loss 1.4839e+00 (1.6616e+00)	A
0: cc@1  46.88 ( 40.96)	Acc@5  96.88 ( 89.48)
0: Epoch: [2][  0/782]	Time  4.589 ( 4.589)	Data  4.502 ( 4.502)	Loss 1.3874e+00 (1.3874e+00)	Acc@1  50.00 ( 50.00)	Acc@5  93.75 ( 93.75)
0: Epoch: [2][ 10/782]	Time  0.082 ( 0.496)	Data  0.000 ( 0.411)	Loss 1.8731e+00 (1.5210e+00)	Acc@1  37.50 ( 46.31)	Acc@5  75.00 ( 90.62)
0: Epoch: [2][ 20/782]	Time  0.085 ( 0.300)	Data  0.000 ( 0.216)	Loss 1.6891e+00 (1.6210e+00)	Acc@1  40.62 ( 42.26)	Acc@5  81.25 ( 89.29)
0: Epoch: [2][ 30/782]	Time  0.084 ( 0.231)	Data  0.000 ( 0.147)	Loss 1.4994e+00 (1.6277e+00)	Acc@1  37.50 ( 41.43)	Acc@5  90.62 ( 89.11)
0: Epoch: [2][ 40/782]	Time  0.084 ( 0.196)	Data  0.000 ( 0.112)	Loss 1.7051e+00 (1.6165e+00)	Acc@1  25.00 ( 41.62)	Acc@5  96.88 ( 89.71)
0: Epoch: [2][ 50/782]	Time  0.083 ( 0.174)	Data  0.000 ( 0.090)	Loss 1.5425e+00 (1.6194e+00)	Acc@1  53.12 ( 41.36)	Acc@5  87.50 ( 89.58)
0: Epoch: [2][ 60/782]	Time  0.083 ( 0.159)	Data  0.000 ( 0.076)	Loss 2.1055e+00 (1.6506e+00)	Acc@1  25.00 ( 40.37)	Acc@5  87.50 ( 89.29)
0: Epoch: [2][ 70/782]	Time  0.081 ( 0.149)	Data  0.000 ( 0.065)	Loss 1.8836e+00 (
0: 1.6655e+00)	Acc@1  34.38 ( 39.88)	Acc@5  81.25 ( 88.78)
0: Epoch: [2][ 80/782]	Time  0.085 ( 0.141)	Data  0.000 ( 0.057)	Loss 1.4559e+00 (1.6553e+00)	Acc@1  43.75 ( 40.39)	Acc@5  93.75 ( 89.00)
0: Epoch: [2][ 90/782]	Time  0.085 ( 0.135)	Data  0.000 ( 0.051)	Loss 2.1861e+00 (1.6577e+00)	Acc@1  34.38 ( 40.62)	Acc@5  84.38 ( 89.15)
0: Epoch: [2][100/782]	Time  0.086 ( 0.130)	Data  0.000 ( 0.046)	Loss 1.5283e+00 (1.6601e+00)	Acc@1  40.62 ( 40.44)	Acc@5  90.62 ( 88.95)
0: Epoch: [2][110/782]	Time  0.085 ( 0.126)	Data  0.000 ( 0.042)	Loss 1.8944e+00 (1.6640e+00)	Acc@1  37.50 ( 40.37)	Acc@5  90.62 ( 88.88)
0: Epoch: [2][120/782]	Time  0.085 ( 0.123)	Data  0.000 ( 0.039)	Loss 1.3254e+00 (1.6582e+00)	Acc@1  43.75 ( 40.50)	Acc@5 100.00 ( 88.92)
0: Epoch: [2][130/782]	Time  0.086 ( 0.120)	Data  0.000 ( 0.036)	Loss 1.5277e+00 (1.6612e+00)	Acc@1  46.88 ( 40.46)	Acc@5  96.88 ( 88.98)
0: Epoch: [2][140/782]	Time  0.086 ( 0.117)	Data  0.000 ( 0.034)	Loss 2.0711e+00 (1.6678e+00)	Acc@1  25.00 ( 40.16)	Acc@5  81.25 ( 88.90)
0: Epoch: [2][150/782]	Tim
0: e  0.085 ( 0.115)	Data  0.000 ( 0.032)	Loss 1.9807e+00 (1.6779e+00)	Acc@1  25.00 ( 39.90)	Acc@5  75.00 ( 88.53)
0: Epoch: [2][160/782]	Time  0.084 ( 0.113)	Data  0.000 ( 0.030)	Loss 1.5977e+00 (1.6818e+00)	Acc@1  43.75 ( 39.62)	Acc@5  84.38 ( 88.45)
0: Epoch: [2][170/782]	Time  0.078 ( 0.112)	Data  0.000 ( 0.028)	Loss 1.4807e+00 (1.6875e+00)	Acc@1  37.50 ( 39.40)	Acc@5  96.88 ( 88.41)
0: Epoch: [2][180/782]	Time  0.086 ( 0.110)	Data  0.000 ( 0.027)	Loss 1.9028e+00 (1.6847e+00)	Acc@1  31.25 ( 39.45)	Acc@5  90.62 ( 88.52)
0: Epoch: [2][190/782]	Time  0.086 ( 0.109)	Data  0.000 ( 0.025)	Loss 1.7656e+00 (1.6851e+00)	Acc@1  43.75 ( 39.45)	Acc@5  87.50 ( 88.51)
0: Epoch: [2][200/782]	Time  0.084 ( 0.108)	Data  0.000 ( 0.024)	Loss 1.6067e+00 (1.6821e+00)	Acc@1  40.62 ( 39.57)	Acc@5  90.62 ( 88.54)
0: Epoch: [2][210/782]	Time  0.091 ( 0.107)	Data  0.000 ( 0.023)	Loss 1.4399e+00 (1.6818e+00)	Acc@1  53.12 ( 39.57)	Acc@5  90.62 ( 88.57)
0: Epoch: [2][220/782]	Time  0.086 ( 0.106)	Data  0.000 ( 0.022)	Loss 1.3821e+00 (1.6822e+00)	Acc@1  53.1
0: 2 ( 39.54)	Acc@5  93.75 ( 88.62)
0: Epoch: [2][230/782]	Time  0.084 ( 0.105)	Data  0.000 ( 0.021)	Loss 1.5333e+00 (1.6798e+00)	Acc@1  53.12 ( 39.64)	Acc@5  90.62 ( 88.62)
0: Epoch: [2][240/782]	Time  0.085 ( 0.104)	Data  0.000 ( 0.021)	Loss 1.7123e+00 (1.6803e+00)	Acc@1  40.62 ( 39.74)	Acc@5  90.62 ( 88.62)
0: Epoch: [2][250/782]	Time  0.084 ( 0.103)	Data  0.000 ( 0.020)	Loss 1.4289e+00 (1.6777e+00)	Acc@1  40.62 ( 39.82)	Acc@5  90.62 ( 88.58)
0: Epoch: [2][260/782]	Time  0.083 ( 0.102)	Data  0.000 ( 0.019)	Loss 1.2905e+00 (1.6762e+00)	Acc@1  46.88 ( 39.95)	Acc@5  93.75 ( 88.70)
0: Epoch: [2][270/782]	Time  0.086 ( 0.102)	Data  0.000 ( 0.019)	Loss 1.7603e+00 (1.6726e+00)	Acc@1  37.50 ( 40.09)	Acc@5  87.50 ( 88.75)
0: Epoch: [2][280/782]	Time  0.086 ( 0.101)	Data  0.000 ( 0.018)	Loss 1.6872e+00 (1.6690e+00)	Acc@1  28.12 ( 40.17)	Acc@5  87.50 ( 88.80)
0: Epoch: [2][290/782]	Time  0.084 ( 0.101)	Data  0.000 ( 0.017)	Loss 1.5968e+00 (1.6685e+00)	Acc@1  37.50 ( 40.21)	Acc@5  93.75 ( 88.80)
0: Epoch: [2][300/782]	Time  0.088 ( 0.100)	Data 
0:  0.000 ( 0.017)	Loss 1.3121e+00 (1.6669e+00)	Acc@1  50.00 ( 40.22)	Acc@5  93.75 ( 88.74)
0: Epoch: [2][310/782]	Time  0.086 ( 0.100)	Data  0.000 ( 0.016)	Loss 1.7782e+00 (1.6684e+00)	Acc@1  34.38 ( 40.02)	Acc@5  90.62 ( 88.78)
0: Epoch: [2][320/782]	Time  0.087 ( 0.099)	Data  0.000 ( 0.016)	Loss 1.8357e+00 (1.6691e+00)	Acc@1  31.25 ( 39.97)	Acc@5  90.62 ( 88.80)
0: Epoch: [2][330/782]	Time  0.087 ( 0.099)	Data  0.000 ( 0.016)	Loss 1.7571e+00 (1.6687e+00)	Acc@1  40.62 ( 40.02)	Acc@5  81.25 ( 88.81)
0: Epoch: [2][340/782]	Time  0.083 ( 0.098)	Data  0.000 ( 0.015)	Loss 1.5372e+00 (1.6692e+00)	Acc@1  40.62 ( 39.97)	Acc@5  90.62 ( 88.77)
0: Epoch: [2][350/782]	Time  0.085 ( 0.098)	Data  0.000 ( 0.015)	Loss 1.4004e+00 (1.6698e+00)	Acc@1  43.75 ( 39.87)	Acc@5  93.75 ( 88.81)
0: Epoch: [2][360/782]	Time  0.084 ( 0.098)	Data  0.000 ( 0.014)	Loss 1.3431e+00 (1.6683e+00)	Acc@1  50.00 ( 39.98)	Acc@5  93.75 ( 88.77)
0: Epoch: [2][370/782]	Time  0.087 ( 0.097)	Data  0.000 ( 0.014)	Loss 1.6589e+00 (1.6662e+00)	Acc@1  40.62 ( 40.09)	Acc@5  84.38
0:  ( 88.76)
0: Epoch: [2][380/782]	Time  0.085 ( 0.097)	Data  0.000 ( 0.014)	Loss 1.9811e+00 (1.6666e+00)	Acc@1  31.25 ( 40.14)	Acc@5  87.50 ( 88.75)
0: Epoch: [2][390/782]	Time  0.085 ( 0.097)	Data  0.000 ( 0.013)	Loss 1.6279e+00 (1.6661e+00)	Acc@1  34.38 ( 40.10)	Acc@5  93.75 ( 88.70)
0: Epoch: [2][400/782]	Time  0.083 ( 0.097)	Data  0.000 ( 0.013)	Loss 1.6453e+00 (1.6637e+00)	Acc@1  40.62 ( 40.14)	Acc@5  81.25 ( 88.72)
0: Epoch: [2][410/782]	Time  0.086 ( 0.096)	Data  0.000 ( 0.013)	Loss 1.7575e+00 (1.6617e+00)	Acc@1  37.50 ( 40.25)	Acc@5  93.75 ( 88.75)
0: Epoch: [2][420/782]	Time  0.084 ( 0.096)	Data  0.000 ( 0.013)	Loss 1.9362e+00 (1.6613e+00)	Acc@1  46.88 ( 40.33)	Acc@5  81.25 ( 88.75)
0: Epoch: [2][430/782]	Time  0.085 ( 0.096)	Data  0.000 ( 0.012)	Loss 1.3422e+00 (1.6612e+00)	Acc@1  53.12 ( 40.32)	Acc@5  90.62 ( 88.75)
0: Epoch: [2][440/782]	Time  0.084 ( 0.095)	Data  0.000 ( 0.012)	Loss 1.7118e+00 (1.6599e+00)	Acc@1  34.38 ( 40.36)	Acc@5  96.88 ( 88.80)
0: Epoch: [2][450/782]	Time  0.085 ( 0.095)	Data  0.000 ( 0.012)	Loss 1.
0: 4639e+00 (1.6588e+00)	Acc@1  40.62 ( 40.33)	Acc@5  93.75 ( 88.83)
0: Epoch: [2][460/782]	Time  0.086 ( 0.095)	Data  0.000 ( 0.012)	Loss 1.5646e+00 (1.6592e+00)	Acc@1  40.62 ( 40.34)	Acc@5  90.62 ( 88.83)
0: Epoch: [2][470/782]	Time  0.085 ( 0.095)	Data  0.000 ( 0.011)	Loss 1.6361e+00 (1.6597e+00)	Acc@1  31.25 ( 40.35)	Acc@5  96.88 ( 88.82)
0: Epoch: [2][480/782]	Time  0.086 ( 0.095)	Data  0.000 ( 0.011)	Loss 1.5818e+00 (1.6608e+00)	Acc@1  43.75 ( 40.33)	Acc@5  90.62 ( 88.83)
0: Epoch: [2][490/782]	Time  0.084 ( 0.094)	Data  0.000 ( 0.011)	Loss 2.1882e+00 (1.6605e+00)	Acc@1  31.25 ( 40.42)	Acc@5  75.00 ( 88.82)
0: Epoch: [2][500/782]	Time  0.083 ( 0.094)	Data  0.000 ( 0.011)	Loss 1.7255e+00 (1.6621e+00)	Acc@1  40.62 ( 40.39)	Acc@5  87.50 ( 88.80)
0: Epoch: [2][510/782]	Time  0.085 ( 0.094)	Data  0.000 ( 0.011)	Loss 1.9993e+00 (1.6614e+00)	Acc@1  25.00 ( 40.44)	Acc@5  87.50 ( 88.81)
0: Epoch: [2][520/782]	Time  0.086 ( 0.094)	Data  0.000 ( 0.011)	Loss 1.4436e+00 (1.6596e+00)	Acc@1  50.00 ( 40.55)	Acc@5  93.75 ( 88.81)
0: Epoch: [2][53
0: 0/782]	Time  0.086 ( 0.094)	Data  0.000 ( 0.010)	Loss 1.8377e+00 (1.6598e+00)	Acc@1  28.12 ( 40.55)	Acc@5  87.50 ( 88.77)
0: Epoch: [2][540/782]	Time  0.084 ( 0.094)	Data  0.000 ( 0.010)	Loss 1.4759e+00 (1.6592e+00)	Acc@1  40.62 ( 40.54)	Acc@5 100.00 ( 88.82)
0: Epoch: [2][550/782]	Time  0.084 ( 0.093)	Data  0.000 ( 0.010)	Loss 1.4811e+00 (1.6598e+00)	Acc@1  53.12 ( 40.56)	Acc@5  96.88 ( 88.80)
0: Epoch: [2][560/782]	Time  0.085 ( 0.093)	Data  0.000 ( 0.010)	Loss 1.4518e+00 (1.6594e+00)	Acc@1  40.62 ( 40.52)	Acc@5  87.50 ( 88.81)
0: Epoch: [2][570/782]	Time  0.084 ( 0.093)	Data  0.000 ( 0.010)	Loss 1.7029e+00 (1.6586e+00)	Acc@1  43.75 ( 40.54)	Acc@5  84.38 ( 88.82)
0: Epoch: [2][580/782]	Time  0.085 ( 0.093)	Data  0.000 ( 0.010)	Loss 1.7975e+00 (1.6595e+00)	Acc@1  43.75 ( 40.54)	Acc@5  87.50 ( 88.77)
0: Epoch: [2][590/782]	Time  0.086 ( 0.093)	Data  0.000 ( 0.010)	Loss 1.7948e+00 (1.6615e+00)	Acc@1  34.38 ( 40.48)	Acc@5  81.25 ( 88.72)
0: Epoch: [2][600/782]	Time  0.083 ( 0.093)	Data  0.000 ( 0.009)	Loss 2.1005e+00 (1.6629e+00)	A
0: cc@1  28.12 ( 40.47)	Acc@5  75.00 ( 88.71)
0: 
0: Epoch: [2][610/782]	Time  0.081 ( 0.093)	Data  0.000 ( 0.009)	Loss 1.7687e+00 (1.6624e+00)	Acc@1  28.12 ( 40.48)	Acc@5  96.88 ( 88.75)
0: Epoch: [2][620/782]	Time  0.084 ( 0.092)	Data  0.000 ( 0.009)	Loss 1.9437e+00 (1.6630e+00)	Acc@1  34.38 ( 40.45)	Acc@5  78.12 ( 88.73)
0: Epoch: [2][630/782]	Time  0.085 ( 0.092)	Data  0.000 ( 0.009)	Loss 1.4437e+00 (1.6603e+00)	Acc@1  43.75 ( 40.51)	Acc@5  90.62 ( 88.78)
0: Epoch: [2][640/782]	Time  0.084 ( 0.092)	Data  0.000 ( 0.009)	Loss 1.2240e+00 (1.6580e+00)	Acc@1  59.38 ( 40.62)	Acc@5  90.62 ( 88.81)
0: Epoch: [2][650/782]	Time  0.085 ( 0.092)	Data  0.000 ( 0.009)	Loss 1.4210e+00 (1.6580e+00)	Acc@1  50.00 ( 40.64)	Acc@5  90.62 ( 88.78)
0: Epoch: [2][660/782]	Time  0.084 ( 0.092)	Data  0.000 ( 0.009)	Loss 1.5654e+00 (1.6562e+00)	Acc@1  46.88 ( 40.71)	Acc@5  81.25 ( 88.79)
0: Epoch: [2][670/782]	Time  0.088 ( 0.092)	Data  0.000 ( 0.009)	Loss 1.6543e+00 (1.6563e+00)	Acc@1  43.75 ( 40.68)	Acc@5  93.75 ( 88.81)
0: Epoch: [2][680/782]	Time  0.088 ( 0.092)	Data  0.000 ( 0.009)	Loss 1.9868e+00 
0: (1.6551e+00)	Acc@1  25.00 ( 40.65)	Acc@5  81.25 ( 88.84)
0: Epoch: [2][690/782]	Time  0.085 ( 0.092)	Data  0.000 ( 0.008)	Loss 1.7051e+00 (1.6550e+00)	Acc@1  37.50 ( 40.63)	Acc@5  93.75 ( 88.88)
0: Epoch: [2][700/782]	Time  0.085 ( 0.092)	Data  0.000 ( 0.008)	Loss 2.2152e+00 (1.6572e+00)	Acc@1  25.00 ( 40.58)	Acc@5  81.25 ( 88.82)
0: Epoch: [2][710/782]	Time  0.084 ( 0.091)	Data  0.000 ( 0.008)	Loss 1.5452e+00 (1.6565e+00)	Acc@1  56.25 ( 40.62)	Acc@5  84.38 ( 88.85)
0: Epoch: [2][720/782]	Time  0.084 ( 0.091)	Data  0.000 ( 0.008)	Loss 1.8366e+00 (1.6571e+00)	Acc@1  28.12 ( 40.59)	Acc@5  81.25 ( 88.83)
0: Epoch: [2][730/782]	Time  0.085 ( 0.091)	Data  0.000 ( 0.008)	Loss 1.5726e+00 (1.6587e+00)	Acc@1  37.50 ( 40.51)	Acc@5  90.62 ( 88.79)
0: Epoch: [2][740/782]	Time  0.085 ( 0.091)	Data  0.000 ( 0.008)	Loss 1.4341e+00 (1.6572e+00)	Acc@1  53.12 ( 40.57)	Acc@5  90.62 ( 88.81)
0: Epoch: [2][750/782]	Time  0.082 ( 0.091)	Data  0.000 ( 0.008)	Loss 1.5321e+00 (1.6567e+00)	Acc@1  43.75 ( 40.54)	Acc@5  93.75 ( 88.82)
0: Epoch: [2][760/782]	Ti
0: me  0.086 ( 0.091)	Data  0.000 ( 0.008)	Loss 1.6439e+00 (1.6556e+00)	Acc@1  43.75 ( 40.57)	Acc@5  84.38 ( 88.84)
0: Epoch: [2][770/782]	Time  0.084 ( 0.091)	Data  0.000 ( 0.008)	Loss 1.7271e+00 (1.6543e+00)	Acc@1  43.75 ( 40.64)	Acc@5  87.50 ( 88.87)
0: Epoch: [2][780/782]	Time  0.085 ( 0.091)	Data  0.000 ( 0.008)	Loss 1.4874e+00 (1.6532e+00)	Acc@1  46.88 ( 40.67)	Acc@5  90.62 ( 88.89)
0: 
0: Epoch: [2][610/782]	Time  0.088 ( 0.093)	Data  0.000 ( 0.009)	Loss 1.4535e+00 (1.6593e+00)	Acc@1  46.88 ( 41.05)	Acc@5  93.75 ( 89.48)
0: Epoch: [2][620/782]	Time  0.082 ( 0.092)	Data  0.000 ( 0.009)	Loss 1.2599e+00 (1.6587e+00)	Acc@1  53.12 ( 41.03)	Acc@5  96.88 ( 89.50)
0: Epoch: [2][630/782]	Time  0.088 ( 0.092)	Data  0.000 ( 0.009)	Loss 1.6670e+00 (1.6549e+00)	Acc@1  53.12 ( 41.18)	Acc@5  93.75 ( 89.56)
0: Epoch: [2][640/782]	Time  0.081 ( 0.092)	Data  0.000 ( 0.009)	Loss 1.4609e+00 (1.6544e+00)	Acc@1  46.88 ( 41.18)	Acc@5  93.75 ( 89.62)
0: Epoch: [2][650/782]	Time  0.088 ( 0.092)	Data  0.000 ( 0.009)	Loss 1.7638e+00 (1.6542e+00)	Acc@1  37.50 ( 41.16)	Acc@5  75.00 ( 89.58)
0: Epoch: [2][660/782]	Time  0.081 ( 0.092)	Data  0.000 ( 0.008)	Loss 1.5223e+00 (1.6551e+00)	Acc@1  40.62 ( 41.14)	Acc@5  93.75 ( 89.54)
0: Epoch: [2][670/782]	Time  0.088 ( 0.092)	Data  0.000 ( 0.008)	Loss 1.6174e+00 (1.6544e+00)	Acc@1  50.00 ( 41.15)	Acc@5  81.25 ( 89.54)
0: Epoch: [2][680/782]	Time  0.088 ( 0.092)	Data  0.000 ( 0.008)	Loss 1.1115e+00 
0: (1.6533e+00)	Acc@1  56.25 ( 41.20)	Acc@5 100.00 ( 89.55)
0: Epoch: [2][690/782]	Time  0.085 ( 0.092)	Data  0.000 ( 0.008)	Loss 1.7813e+00 (1.6533e+00)	Acc@1  46.88 ( 41.24)	Acc@5  87.50 ( 89.55)
0: Epoch: [2][700/782]	Time  0.084 ( 0.092)	Data  0.000 ( 0.008)	Loss 1.5647e+00 (1.6529e+00)	Acc@1  46.88 ( 41.30)	Acc@5  96.88 ( 89.54)
0: Epoch: [2][710/782]	Time  0.088 ( 0.091)	Data  0.000 ( 0.008)	Loss 1.5013e+00 (1.6524e+00)	Acc@1  37.50 ( 41.28)	Acc@5  96.88 ( 89.56)
0: Epoch: [2][720/782]	Time  0.084 ( 0.091)	Data  0.000 ( 0.008)	Loss 1.5472e+00 (1.6519e+00)	Acc@1  34.38 ( 41.30)	Acc@5  90.62 ( 89.53)
0: Epoch: [2][730/782]	Time  0.085 ( 0.091)	Data  0.000 ( 0.008)	Loss 1.4015e+00 (1.6506e+00)	Acc@1  53.12 ( 41.33)	Acc@5  90.62 ( 89.54)
0: Epoch: [2][740/782]	Time  0.085 ( 0.091)	Data  0.000 ( 0.008)	Loss 1.4441e+00 (1.6501e+00)	Acc@1  53.12 ( 41.32)	Acc@5  87.50 ( 89.53)
0: Epoch: [2][750/782]	Time  0.082 ( 0.091)	Data  0.000 ( 0.008)	Loss 1.5609e+00 (1.6484e+00)	Acc@1  46.88 ( 41.36)	Acc@5  87.50 ( 89.58)
0: Epoch: [2][760/782]	Ti
0: me  0.088 ( 0.091)	Data  0.000 ( 0.008)	Loss 1.3307e+00 (1.6479e+00)	Acc@1  62.50 ( 41.41)	Acc@5  96.88 ( 89.57)
0: Epoch: [2][770/782]	Time  0.084 ( 0.091)	Data  0.000 ( 0.007)	Loss 1.9228e+00 (1.6487e+00)	Acc@1  28.12 ( 41.36)	Acc@5  87.50 ( 89.58)
0: Epoch: [2][780/782]	Time  0.086 ( 0.091)	Data  0.000 ( 0.007)	Loss 1.8635e+00 (1.6489e+00)	Acc@1  40.62 ( 41.36)	Acc@5  87.50 ( 89.57)
0: Test: [  0/313]	Time  2.344 ( 2.344)	Loss 1.4183e+00 (1.4183e+00)	Acc@1  43.75 ( 43.75)	Acc@5  96.88 ( 96.88)
0: Test: [ 10/313]	Time  0.019 ( 0.230)	Loss 1.4527e+00 (1.5566e+00)	Acc@1  46.88 ( 45.45)	Acc@5  87.50 ( 90.06)
0: Test: [ 20/313]	Time  0.019 ( 0.130)	Loss 1.3628e+00 (1.5425e+00)	Acc@1  46.88 ( 47.32)	Acc@5  93.75 ( 90.92)
0: Test: [ 30/313]	Time  0.019 ( 0.094)	Loss 1.4506e+00 (1.5342e+00)	Acc@1  43.75 ( 46.37)	Acc@5  96.88 ( 90.73)
0: Test: [ 40/313]	Time  0.019 ( 0.076)	Loss 1.6192e+00 (1.5538e+00)	Acc@1  43.75 ( 46.34)	Acc@5  87.50 ( 90.62)
0: Test: [ 50/313]	Time  0.019 ( 0.064)	Loss 1.9939e+00 (1.5585e+00)	Acc@1  40.62 ( 46.38)	Acc@5  84.38 ( 90.56)
0: Test: [ 60/313]	Time  0.019 ( 0.057)	Loss 1.7265e+00 (1.5600e+00)	Acc@1  43.75 ( 45.80)	Acc@5  84.38 ( 90.27)
0: Test: [ 70/313]	Time  0.019 ( 0.052)	Loss 1.4675e+00 (1.5573e+00)	Acc@1  40.62 ( 45.69)	Acc@5  87.50 ( 90.18)
0: Test: [ 80/313]	Time  0.019 ( 0.047)	Loss 1.7215e+00 (1.5777e+00)	Acc@1  40.62 ( 44.87)	Acc@5  84.38 ( 90.08)
0: Test: [ 90/313]	Time  0.019 ( 0.04
0: 4)	Loss 2.0572e+00 (1.5876e+00)	Acc@1  28.12 ( 44.33)	Acc@5  81.25 ( 89.94)
0: Test: [100/313]	Time  0.019 ( 0.042)	Loss 1.7130e+00 (1.5780e+00)	Acc@1  43.75 ( 44.65)	Acc@5  87.50 ( 90.07)
0: Test: [110/313]	Time  0.019 ( 0.040)	Loss 1.4620e+00 (1.5690e+00)	Acc@1  50.00 ( 44.71)	Acc@5  87.50 ( 90.17)
0: Test: [120/313]	Time  0.019 ( 0.038)	Loss 1.4605e+00 (1.5656e+00)	Acc@1  43.75 ( 44.68)	Acc@5  93.75 ( 90.24)
0: Test: [130/313]	Time  0.019 ( 0.037)	Loss 1.5750e+00 (1.5655e+00)	Acc@1  43.75 ( 44.70)	Acc@5  93.75 ( 90.34)
0: Test: [140/313]	Time  0.019 ( 0.035)	Loss 1.3162e+00 (1.5593e+00)	Acc@1  59.38 ( 45.15)	Acc@5  90.62 ( 90.47)
0: Test: [150/313]	Time  0.019 ( 0.034)	Loss 1.6165e+00 (1.5567e+00)	Acc@1  40.62 ( 45.26)	Acc@5  90.62 ( 90.67)
0: Test: [160/313]	Time  0.019 ( 0.033)	Loss 1.5792e+00 (1.5570e+00)	Acc@1  43.75 ( 45.13)	Acc@5  90.62 ( 90.57)
0: Test: [170/313]	Time  0.019 ( 0.032)	Loss 1.7612e+00 (1.5620e+00)	Acc@1  46.88 ( 45.14)	Acc@5  81.25 ( 90.46)
0: Test: [180/313]	Time  0.019 ( 0.032)	Loss 1.3922e+00 (1.5630e+00)	Ac
0: c@1  50.00 ( 45.06)	Acc@5  90.62 ( 90.49)
0: Test: [190/313]	Time  0.019 ( 0.031)	Loss 1.7218e+00 (1.5610e+00)	Acc@1  40.62 ( 44.88)	Acc@5  96.88 ( 90.72)
0: Test: [200/313]	Time  0.019 ( 0.030)	Loss 1.5335e+00 (1.5606e+00)	Acc@1  46.88 ( 44.65)	Acc@5  90.62 ( 90.75)
0: Test: [210/313]	Time  0.019 ( 0.030)	Loss 1.4210e+00 (1.5598e+00)	Acc@1  53.12 ( 44.79)	Acc@5  90.62 ( 90.67)
0: Test: [220/313]	Time  0.019 ( 0.029)	Loss 1.8027e+00 (1.5621e+00)	Acc@1  40.62 ( 44.65)	Acc@5  87.50 ( 90.64)
0: Test: [230/313]	Time  0.019 ( 0.029)	Loss 1.5460e+00 (1.5586e+00)	Acc@1  40.62 ( 44.70)	Acc@5  84.38 ( 90.69)
0: Test: [240/313]	Time  0.019 ( 0.029)	Loss 1.2001e+00 (1.5537e+00)	Acc@1  65.62 ( 44.93)	Acc@5  93.75 ( 90.75)
0: Test: [250/313]	Time  0.019 ( 0.028)	Loss 1.3114e+00 (1.5541e+00)	Acc@1  59.38 ( 44.92)	Acc@5  93.75 ( 90.75)
0: Test: [260/313]	Time  0.019 ( 0.028)	Loss 1.6201e+00 (1.5563e+00)	Acc@1  46.88 ( 44.74)	Acc@5  87.50 ( 90.71)
0: Test: [270/313]	Time  0.019 ( 0.027)	Loss 1.5946e+00 (1.5580e+00)	Acc@1  34.38 ( 44.75)	Acc@5  93.75 (
0:  90.69)
0: Test: [280/313]	Time  0.019 ( 0.027)	Loss 1.6561e+00 (1.5561e+00)	Acc@1  40.62 ( 44.78)	Acc@5  87.50 ( 90.70)
0: Test: [290/313]	Time  0.019 ( 0.027)	Loss 1.6747e+00 (1.5518e+00)	Acc@1  34.38 ( 44.94)	Acc@5  84.38 ( 90.75)
0: Test: [300/313]	Time  0.019 ( 0.027)	Loss 1.3638e+00 (1.5514e+00)	Acc@1  53.12 ( 44.87)	Acc@5  87.50 ( 90.71)
0: Test: [310/313]	Time  0.018 ( 0.026)	Loss 1.6260e+00 (1.5520e+00)	Acc@1  43.75 ( 44.81)	Acc@5  96.88 ( 90.69)
0:  * Acc@1 44.780 Acc@5 90.700
0: Epoch 2/3 - 79.485s
0: Steps per epoch: 782
0: Validation steps per epoch: 313
0: Average time per epoch: 81.327 s
0: Test: [  0/313]	Time  2.338 ( 2.338)	Loss 1.4183e+00 (1.4183e+00)	Acc@1  43.75 ( 43.75)	Acc@5  96.88 ( 96.88)
0: Test: [ 10/313]	Time  0.019 ( 0.230)	Loss 1.4527e+00 (1.5566e+00)	Acc@1  46.88 ( 45.45)	Acc@5  87.50 ( 90.06)
0: Test: [ 20/313]	Time  0.019 ( 0.129)	Loss 1.3628e+00 (1.5425e+00)	Acc@1  46.88 ( 47.32)	Acc@5  93.75 ( 90.92)
0: Test: [ 30/313]	Time  0.019 ( 0.094)	Loss 1.4506e+00 (1.5342e+00)	Acc@1  43.75 ( 46.37)	Acc@5  96.88 ( 90.73)
0: Test: [ 40/313]	Time  0.019 ( 0.076)	Loss 1.6192e+00 (1.5538e+00)	Acc@1  43.75 ( 46.34)	Acc@5  87.50 ( 90.62)
0: Test: [ 50/313]	Time  0.019 ( 0.064)	Loss 1.9939e+00 (1.5585e+00)	Acc@1  40.62 ( 46.38)	Acc@5  84.38 ( 90.56)
0: Test: [ 60/313]	Time  0.019 ( 0.057)	Loss 1.7265e+00 (1.5600e+00)	Acc@1  43.75 ( 45.80)	Acc@5  84.38 ( 90.27)
0: Test: [ 70/313]	Time  0.019 ( 0.052)	Loss 1.4675e+00 (1.5573e+00)	Acc@1  40.62 ( 45.69)	Acc@5  87.50 ( 90.18)
0: Test: [ 80/313]	Time  0.019 ( 0.048)	Loss 1.7215e+00 (1.5777e+00)	Acc@1  40.62 ( 44.87)	Acc@5  84.38 ( 90.08)
0: Test: [ 90/313]	Time  0.019 ( 0.04
0: 4)	Loss 2.0572e+00 (1.5876e+00)	Acc@1  28.12 ( 44.33)	Acc@5  81.25 ( 89.94)
0: Test: [100/313]	Time  0.019 ( 0.042)	Loss 1.7130e+00 (1.5780e+00)	Acc@1  43.75 ( 44.65)	Acc@5  87.50 ( 90.07)
0: Test: [110/313]	Time  0.019 ( 0.040)	Loss 1.4620e+00 (1.5690e+00)	Acc@1  50.00 ( 44.71)	Acc@5  87.50 ( 90.17)
0: Test: [120/313]	Time  0.019 ( 0.038)	Loss 1.4605e+00 (1.5656e+00)	Acc@1  43.75 ( 44.68)	Acc@5  93.75 ( 90.24)
0: Test: [130/313]	Time  0.019 ( 0.037)	Loss 1.5750e+00 (1.5655e+00)	Acc@1  43.75 ( 44.70)	Acc@5  93.75 ( 90.34)
0: Test: [140/313]	Time  0.019 ( 0.035)	Loss 1.3162e+00 (1.5593e+00)	Acc@1  59.38 ( 45.15)	Acc@5  90.62 ( 90.47)
0: Test: [150/313]	Time  0.019 ( 0.034)	Loss 1.6165e+00 (1.5567e+00)	Acc@1  40.62 ( 45.26)	Acc@5  90.62 ( 90.67)
0: Test: [160/313]	Time  0.019 ( 0.033)	Loss 1.5792e+00 (1.5570e+00)	Acc@1  43.75 ( 45.13)	Acc@5  90.62 ( 90.57)
0: Test: [170/313]	Time  0.019 ( 0.032)	Loss 1.7612e+00 (1.5620e+00)	Acc@1  46.88 ( 45.14)	Acc@5  81.25 ( 90.46)
0: Test: [180/313]	Time  0.019 ( 0.032)	Loss 1.3922e+00 (1.5630e+00)	Ac
0: c@1  50.00 ( 45.06)	Acc@5  90.62 ( 90.49)
0: Test: [190/313]	Time  0.019 ( 0.031)	Loss 1.7218e+00 (1.5610e+00)	Acc@1  40.62 ( 44.88)	Acc@5  96.88 ( 90.72)
0: Test: [200/313]	Time  0.019 ( 0.030)	Loss 1.5335e+00 (1.5606e+00)	Acc@1  46.88 ( 44.65)	Acc@5  90.62 ( 90.75)
0: Test: [210/313]	Time  0.019 ( 0.030)	Loss 1.4210e+00 (1.5598e+00)	Acc@1  53.12 ( 44.79)	Acc@5  90.62 ( 90.67)
0: Test: [220/313]	Time  0.019 ( 0.029)	Loss 1.8027e+00 (1.5621e+00)	Acc@1  40.62 ( 44.65)	Acc@5  87.50 ( 90.64)
0: Test: [230/313]	Time  0.019 ( 0.029)	Loss 1.5460e+00 (1.5586e+00)	Acc@1  40.62 ( 44.70)	Acc@5  84.38 ( 90.69)
0: Test: [240/313]	Time  0.019 ( 0.029)	Loss 1.2001e+00 (1.5537e+00)	Acc@1  65.62 ( 44.93)	Acc@5  93.75 ( 90.75)
0: Test: [250/313]	Time  0.019 ( 0.028)	Loss 1.3114e+00 (1.5541e+00)	Acc@1  59.38 ( 44.92)	Acc@5  93.75 ( 90.75)
0: Test: [260/313]	Time  0.019 ( 0.028)	Loss 1.6201e+00 (1.5563e+00)	Acc@1  46.88 ( 44.74)	Acc@5  87.50 ( 90.71)
0: Test: [270/313]	Time  0.019 ( 0.028)	Loss 1.5946e+00 (1.5580e+00)	Acc@1  34.38 ( 44.75)	Acc@5  93.75 (
0:  90.69)
0: Test: [280/313]	Time  0.019 ( 0.027)	Loss 1.6561e+00 (1.5561e+00)	Acc@1  40.62 ( 44.78)	Acc@5  87.50 ( 90.70)
0: Test: [290/313]	Time  0.019 ( 0.027)	Loss 1.6747e+00 (1.5518e+00)	Acc@1  34.38 ( 44.94)	Acc@5  84.38 ( 90.75)
0: Test: [300/313]	Time  0.019 ( 0.027)	Loss 1.3638e+00 (1.5514e+00)	Acc@1  53.12 ( 44.87)	Acc@5  87.50 ( 90.71)
0: Test: [310/313]	Time  0.019 ( 0.026)	Loss 1.6260e+00 (1.5520e+00)	Acc@1  43.75 ( 44.81)	Acc@5  96.88 ( 90.69)
0:  * Acc@1 44.780 Acc@5 90.700
0: Epoch 2/3 - 79.545s
0: Steps per epoch: 782
0: Validation steps per epoch: 313
0: Average time per epoch: 81.349 s
0: --- 250.65931177139282 seconds ---
ELAPSED: 259 seconds
End at Mon Feb  1 12:36:03 EET 2021
