WORKERS: "gpu22-ib:5555","gpu23-ib:5555"
Start at Mon Feb  1 00:16:04 EET 2021
CUDA_VISIBLE_DEVICES: 0,1
Running on hosts: gpu[22-23]
Running on 2 nodes.
Running 1 tasks per node
Job id is 1085637
srun -w gpu22 -N 1 -n 1 -l python -u train.pytorch.imagenet.py --config=configs/pytorch_imagenet_resnet.B128.yaml --dist-url 'tcp://gpu22-ib:5555' --dist-backend 'nccl' --multiprocessing-distributed --world-size 2 --rank 0 & 
srun -w gpu23 -N 1 -n 1 -l python -u train.pytorch.imagenet.py --config=configs/pytorch_imagenet_resnet.B128.yaml --dist-url 'tcp://gpu22-ib:5555' --dist-backend 'nccl' --multiprocessing-distributed --world-size 2 --rank 1 & 
0: Number of devices per node: 2
0: Number of devices per node: 2
0: Use GPU: 0 for training
0: => creating model 'resnet50'
0: Use GPU: 1 for training
0: => creating model 'resnet50'
0: Use GPU: 1 for training
0: => creating model 'resnet50'
0: Use GPU: 0 for training
0: => creating model 'resnet50'
0: Epoch: [0][  0/196]	Time  7.875 ( 7.875)	Data  4.502 ( 4.502)	Loss 7.5328e+00 (7.5328e+00)	Acc@1   0.00 (  0.00)	Acc@5   0.00 (  0.00)
0: Epoch: [0][ 10/196]	Time  0.109 ( 0.814)	Data  0.000 ( 0.409)	Loss 2.7725e+00 (5.0074e+00)	Acc@1   7.81 (  6.11)	Acc@5  45.31 ( 30.82)
0: Epoch: [0][ 20/196]	Time  0.110 ( 0.478)	Data  0.000 ( 0.216)	Loss 2.4026e+00 (3.8135e+00)	Acc@1  17.19 (  9.08)	Acc@5  62.50 ( 42.34)
0: Epoch: [0][ 30/196]	Time  0.109 ( 0.359)	Data  0.000 ( 0.147)	Loss 2.5312e+00 (3.3636e+00)	Acc@1  17.19 (  9.98)	Acc@5  51.56 ( 47.08)
0: Epoch: [0][ 40/196]	Time  0.109 ( 0.298)	Data  0.000 ( 0.112)	Loss 2.3999e+00 (3.1237e+00)	Acc@1  12.50 ( 10.86)	Acc@5  51.56 ( 49.62)
0: Epoch: [0][ 50/196]	Time  0.108 ( 0.261)	Data  0.000 ( 0.090)	Loss 2.3215e+00 (2.9709e+00)	Acc@1  18.75 ( 11.21)	Acc@5  59.38 ( 51.87)
0: Epoch: [0][ 60/196]	Time  0.110 ( 0.236)	Data  0.000 ( 0.076)	Loss 2.2364e+00 (2.8625e+00)	Acc@1  17.19 ( 12.17)	Acc@5  64.06 ( 53.36)
0: Epoch: [0][ 70/196]	Time  0.109 ( 0.219)	Data  0.000 ( 0.066)	Loss 2.2747e+00 (
0: 2.7788e+00)	Acc@1  12.50 ( 12.81)	Acc@5  75.00 ( 55.04)
0: Epoch: [0][ 80/196]	Time  0.109 ( 0.205)	Data  0.000 ( 0.058)	Loss 2.2943e+00 (2.7197e+00)	Acc@1  25.00 ( 13.54)	Acc@5  64.06 ( 56.04)
0: Epoch: [0][ 90/196]	Time  0.110 ( 0.195)	Data  0.000 ( 0.052)	Loss 2.1802e+00 (2.6686e+00)	Acc@1  23.44 ( 13.98)	Acc@5  67.19 ( 57.14)
0: Epoch: [0][100/196]	Time  0.109 ( 0.186)	Data  0.000 ( 0.047)	Loss 2.1415e+00 (2.6220e+00)	Acc@1  15.62 ( 14.33)	Acc@5  67.19 ( 58.46)
0: Epoch: [0][110/196]	Time  0.109 ( 0.179)	Data  0.000 ( 0.043)	Loss 2.1989e+00 (2.5801e+00)	Acc@1  18.75 ( 14.72)	Acc@5  68.75 ( 59.59)
0: Epoch: [0][120/196]	Time  0.110 ( 0.173)	Data  0.000 ( 0.040)	Loss 2.1403e+00 (2.5462e+00)	Acc@1  25.00 ( 15.26)	Acc@5  64.06 ( 60.69)
0: Epoch: [0][130/196]	Time  0.109 ( 0.168)	Data  0.000 ( 0.037)	Loss 2.2348e+00 (2.5130e+00)	Acc@1  14.06 ( 15.76)	Acc@5  65.62 ( 61.68)
0: Epoch: [0][140/196]	Time  0.108 ( 0.164)	Data  0.000 ( 0.034)	Loss 2.2203e+00 (2.4841e+00)	Acc@1  18.75 ( 16.25)	Acc@5  78.12 ( 62.84)
0: Epoch: [0][150/196]	Tim
0: e  0.109 ( 0.161)	Data  0.000 ( 0.032)	Loss 2.1242e+00 (2.4593e+00)	Acc@1  18.75 ( 16.57)	Acc@5  68.75 ( 63.58)
0: Epoch: [0][160/196]	Time  0.109 ( 0.157)	Data  0.000 ( 0.030)	Loss 2.0959e+00 (2.4376e+00)	Acc@1  26.56 ( 17.02)	Acc@5  68.75 ( 64.24)
0: Epoch: [0][170/196]	Time  0.109 ( 0.154)	Data  0.000 ( 0.029)	Loss 2.1436e+00 (2.4162e+00)	Acc@1  25.00 ( 17.48)	Acc@5  68.75 ( 64.80)
0: Epoch: [0][180/196]	Time  0.108 ( 0.152)	Data  0.000 ( 0.027)	Loss 1.8642e+00 (2.3970e+00)	Acc@1  32.81 ( 17.87)	Acc@5  85.94 ( 65.49)
0: Epoch: [0][190/196]	Time  0.109 ( 0.150)	Data  0.000 ( 0.026)	Loss 2.2878e+00 (2.3813e+00)	Acc@1  15.62 ( 18.07)	Acc@5  70.31 ( 66.06)
0: Epoch: [0][  0/196]	Time  7.538 ( 7.538)	Data  4.558 ( 4.558)	Loss 7.5108e+00 (7.5108e+00)	Acc@1   0.00 (  0.00)	Acc@5   0.00 (  0.00)
0: Epoch: [0][ 10/196]	Time  0.109 ( 0.784)	Data  0.000 ( 0.414)	Loss 2.6505e+00 (5.0016e+00)	Acc@1  15.62 (  6.96)	Acc@5  57.81 ( 29.55)
0: Epoch: [0][ 20/196]	Time  0.110 ( 0.462)	Data  0.000 ( 0.218)	Loss 2.4289e+00 (3.7952e+00)	Acc@1  12.50 (  9.52)	Acc@5  54.69 ( 41.59)
0: Epoch: [0][ 30/196]	Time  0.109 ( 0.348)	Data  0.000 ( 0.149)	Loss 2.3653e+00 (3.3501e+00)	Acc@1  15.62 ( 12.10)	Acc@5  57.81 ( 46.82)
0: Epoch: [0][ 40/196]	Time  0.111 ( 0.290)	Data  0.000 ( 0.113)	Loss 2.2911e+00 (3.1014e+00)	Acc@1  28.12 ( 13.15)	Acc@5  59.38 ( 50.11)
0: Epoch: [0][ 50/196]	Time  0.109 ( 0.254)	Data  0.000 ( 0.091)	Loss 2.4205e+00 (2.9565e+00)	Acc@1   7.81 ( 13.33)	Acc@5  60.94 ( 52.21)
0: Epoch: [0][ 60/196]	Time  0.110 ( 0.231)	Data  0.000 ( 0.077)	Loss 2.3655e+00 (2.8529e+00)	Acc@1  17.19 ( 13.70)	Acc@5  68.75 ( 54.07)
0: Epoch: [0][ 70/196]	Time  0.109 ( 0.214)	Data  0.000 ( 0.066)	Loss 2.4455e+00 (
0: 2.7748e+00)	Acc@1  15.62 ( 14.17)	Acc@5  64.06 ( 55.35)
0: Epoch: [0][ 80/196]	Time  0.109 ( 0.201)	Data  0.000 ( 0.058)	Loss 2.2725e+00 (2.7117e+00)	Acc@1  14.06 ( 14.58)	Acc@5  65.62 ( 56.39)
0: Epoch: [0][ 90/196]	Time  0.110 ( 0.191)	Data  0.000 ( 0.052)	Loss 2.1136e+00 (2.6601e+00)	Acc@1  21.88 ( 15.20)	Acc@5  67.19 ( 57.14)
0: Epoch: [0][100/196]	Time  0.109 ( 0.183)	Data  0.000 ( 0.047)	Loss 2.1582e+00 (2.6188e+00)	Acc@1  23.44 ( 15.52)	Acc@5  75.00 ( 58.03)
0: Epoch: [0][110/196]	Time  0.109 ( 0.176)	Data  0.000 ( 0.043)	Loss 2.1623e+00 (2.5814e+00)	Acc@1  18.75 ( 15.82)	Acc@5  76.56 ( 58.99)
0: Epoch: [0][120/196]	Time  0.110 ( 0.171)	Data  0.000 ( 0.040)	Loss 2.1936e+00 (2.5467e+00)	Acc@1  18.75 ( 16.27)	Acc@5  75.00 ( 60.03)
0: Epoch: [0][130/196]	Time  0.109 ( 0.166)	Data  0.000 ( 0.037)	Loss 2.2830e+00 (2.5154e+00)	Acc@1  17.19 ( 16.87)	Acc@5  71.88 ( 61.02)
0: Epoch: [0][140/196]	Time  0.109 ( 0.162)	Data  0.000 ( 0.035)	Loss 2.1355e+00 (2.4848e+00)	Acc@1  31.25 ( 17.40)	Acc@5  71.88 ( 61.99)
0: Epoch: [0][150/196]	Tim
0: e  0.108 ( 0.158)	Data  0.000 ( 0.033)	Loss 2.1963e+00 (2.4593e+00)	Acc@1  21.88 ( 18.08)	Acc@5  65.62 ( 62.71)
0: Epoch: [0][160/196]	Time  0.108 ( 0.155)	Data  0.000 ( 0.031)	Loss 2.0612e+00 (2.4329e+00)	Acc@1  23.44 ( 18.56)	Acc@5  76.56 ( 63.63)
0: Epoch: [0][170/196]	Time  0.106 ( 0.153)	Data  0.000 ( 0.029)	Loss 2.0415e+00 (2.4149e+00)	Acc@1  31.25 ( 18.88)	Acc@5  75.00 ( 64.04)
0: Epoch: [0][180/196]	Time  0.109 ( 0.150)	Data  0.000 ( 0.028)	Loss 1.8234e+00 (2.3933e+00)	Acc@1  39.06 ( 19.39)	Acc@5  81.25 ( 64.86)
0: Epoch: [0][190/196]	Time  0.108 ( 0.148)	Data  0.000 ( 0.026)	Loss 2.1593e+00 (2.3777e+00)	Acc@1  23.44 ( 19.62)	Acc@5  68.75 ( 65.44)
0: Epoch: [0][  0/196]	Time  7.869 ( 7.869)	Data  4.504 ( 4.504)	Loss 7.4212e+00 (7.4212e+00)	Acc@1   0.00 (  0.00)	Acc@5   0.00 (  0.00)
0: Epoch: [0][ 10/196]	Time  0.108 ( 0.814)	Data  0.000 ( 0.410)	Loss 2.6261e+00 (5.0059e+00)	Acc@1   9.38 (  5.97)	Acc@5  62.50 ( 30.40)
0: Epoch: [0][ 20/196]	Time  0.110 ( 0.478)	Data  0.000 ( 0.216)	Loss 2.4538e+00 (3.7987e+00)	Acc@1   9.38 (  8.18)	Acc@5  57.81 ( 43.01)
0: Epoch: [0][ 30/196]	Time  0.108 ( 0.359)	Data  0.000 ( 0.147)	Loss 2.3597e+00 (3.3513e+00)	Acc@1  17.19 (  9.48)	Acc@5  53.12 ( 47.23)
0: Epoch: [0][ 40/196]	Time  0.109 ( 0.298)	Data  0.000 ( 0.112)	Loss 2.3723e+00 (3.1037e+00)	Acc@1  10.94 ( 10.79)	Acc@5  59.38 ( 50.00)
0: Epoch: [0][ 50/196]	Time  0.109 ( 0.261)	Data  0.000 ( 0.090)	Loss 2.1969e+00 (2.9506e+00)	Acc@1  12.50 ( 11.46)	Acc@5  68.75 ( 52.02)
0: Epoch: [0][ 60/196]	Time  0.110 ( 0.236)	Data  0.000 ( 0.076)	Loss 2.3727e+00 (2.8533e+00)	Acc@1  10.94 ( 11.86)	Acc@5  67.19 ( 53.56)
0: Epoch: [0][ 70/196]	Time  0.109 ( 0.218)	Data  0.000 ( 0.066)	Loss 2.4256e+00 (
0: 2.7782e+00)	Acc@1  15.62 ( 12.26)	Acc@5  65.62 ( 55.00)
0: Epoch: [0][ 80/196]	Time  0.109 ( 0.205)	Data  0.000 ( 0.058)	Loss 2.2853e+00 (2.7135e+00)	Acc@1  15.62 ( 13.00)	Acc@5  67.19 ( 56.27)
0: Epoch: [0][ 90/196]	Time  0.110 ( 0.194)	Data  0.000 ( 0.052)	Loss 1.9947e+00 (2.6575e+00)	Acc@1  29.69 ( 13.68)	Acc@5  78.12 ( 57.68)
0: Epoch: [0][100/196]	Time  0.109 ( 0.186)	Data  0.000 ( 0.047)	Loss 2.1755e+00 (2.6159e+00)	Acc@1  14.06 ( 14.08)	Acc@5  73.44 ( 58.69)
0: Epoch: [0][110/196]	Time  0.109 ( 0.179)	Data  0.000 ( 0.043)	Loss 2.2057e+00 (2.5777e+00)	Acc@1  20.31 ( 14.70)	Acc@5  67.19 ( 59.57)
0: Epoch: [0][120/196]	Time  0.110 ( 0.173)	Data  0.000 ( 0.040)	Loss 2.0566e+00 (2.5445e+00)	Acc@1  28.12 ( 15.12)	Acc@5  79.69 ( 60.55)
0: Epoch: [0][130/196]	Time  0.109 ( 0.168)	Data  0.000 ( 0.037)	Loss 2.2292e+00 (2.5141e+00)	Acc@1  17.19 ( 15.53)	Acc@5  73.44 ( 61.51)
0: Epoch: [0][140/196]	Time  0.109 ( 0.164)	Data  0.000 ( 0.034)	Loss 1.9344e+00 (2.4853e+00)	Acc@1  29.69 ( 16.20)	Acc@5  84.38 ( 62.32)
0: Epoch: [0][150/196]	Tim
0: e  0.109 ( 0.160)	Data  0.000 ( 0.032)	Loss 2.1420e+00 (2.4615e+00)	Acc@1  23.44 ( 16.63)	Acc@5  67.19 ( 62.97)
0: Epoch: [0][160/196]	Time  0.109 ( 0.157)	Data  0.000 ( 0.030)	Loss 2.0600e+00 (2.4397e+00)	Acc@1  17.19 ( 16.91)	Acc@5  75.00 ( 63.57)
0: Epoch: [0][170/196]	Time  0.109 ( 0.154)	Data  0.000 ( 0.029)	Loss 2.1293e+00 (2.4152e+00)	Acc@1  26.56 ( 17.51)	Acc@5  70.31 ( 64.46)
0: Epoch: [0][180/196]	Time  0.109 ( 0.152)	Data  0.000 ( 0.027)	Loss 2.1099e+00 (2.3957e+00)	Acc@1  23.44 ( 17.93)	Acc@5  76.56 ( 64.94)
0: Epoch: [0][190/196]	Time  0.109 ( 0.150)	Data  0.000 ( 0.026)	Loss 2.1576e+00 (2.3782e+00)	Acc@1  21.88 ( 18.21)	Acc@5  75.00 ( 65.54)
0: Epoch: [0][  0/196]	Time  7.538 ( 7.538)	Data  4.543 ( 4.543)	Loss 7.5891e+00 (7.5891e+00)	Acc@1   0.00 (  0.00)	Acc@5   0.00 (  0.00)
0: Epoch: [0][ 10/196]	Time  0.109 ( 0.783)	Data  0.000 ( 0.413)	Loss 2.7293e+00 (5.0126e+00)	Acc@1   6.25 (  6.68)	Acc@5  45.31 ( 28.69)
0: Epoch: [0][ 20/196]	Time  0.110 ( 0.462)	Data  0.000 ( 0.218)	Loss 2.3677e+00 (3.7893e+00)	Acc@1  17.19 (  8.56)	Acc@5  65.62 ( 42.34)
0: Epoch: [0][ 30/196]	Time  0.108 ( 0.348)	Data  0.000 ( 0.148)	Loss 2.1970e+00 (3.3331e+00)	Acc@1  18.75 (  9.98)	Acc@5  64.06 ( 47.23)
0: Epoch: [0][ 40/196]	Time  0.109 ( 0.290)	Data  0.000 ( 0.113)	Loss 2.2559e+00 (3.0923e+00)	Acc@1  18.75 ( 10.52)	Acc@5  59.38 ( 50.46)
0: Epoch: [0][ 50/196]	Time  0.108 ( 0.254)	Data  0.000 ( 0.091)	Loss 2.3627e+00 (2.9364e+00)	Acc@1  15.62 ( 11.34)	Acc@5  53.12 ( 53.12)
0: Epoch: [0][ 60/196]	Time  0.110 ( 0.231)	Data  0.000 ( 0.077)	Loss 2.1622e+00 (2.8296e+00)	Acc@1  21.88 ( 11.86)	Acc@5  71.88 ( 54.69)
0: Epoch: [0][ 70/196]	Time  0.110 ( 0.214)	Data  0.000 ( 0.066)	Loss 2.2242e+00 (
0: 2.7566e+00)	Acc@1  25.00 ( 12.48)	Acc@5  65.62 ( 55.92)
0: Epoch: [0][ 80/196]	Time  0.109 ( 0.201)	Data  0.000 ( 0.058)	Loss 2.1268e+00 (2.6913e+00)	Acc@1  21.88 ( 13.29)	Acc@5  71.88 ( 57.21)
0: Epoch: [0][ 90/196]	Time  0.110 ( 0.191)	Data  0.000 ( 0.052)	Loss 2.1347e+00 (2.6393e+00)	Acc@1  28.12 ( 13.93)	Acc@5  71.88 ( 58.55)
0: Epoch: [0][100/196]	Time  0.110 ( 0.183)	Data  0.000 ( 0.047)	Loss 2.1820e+00 (2.5962e+00)	Acc@1  15.62 ( 14.42)	Acc@5  67.19 ( 59.44)
0: Epoch: [0][110/196]	Time  0.108 ( 0.176)	Data  0.000 ( 0.043)	Loss 2.1032e+00 (2.5569e+00)	Acc@1  25.00 ( 15.05)	Acc@5  70.31 ( 60.37)
0: Epoch: [0][120/196]	Time  0.109 ( 0.171)	Data  0.000 ( 0.040)	Loss 2.0660e+00 (2.5218e+00)	Acc@1  29.69 ( 15.66)	Acc@5  78.12 ( 61.48)
0: Epoch: [0][130/196]	Time  0.109 ( 0.166)	Data  0.000 ( 0.037)	Loss 2.1664e+00 (2.4928e+00)	Acc@1  20.31 ( 16.08)	Acc@5  76.56 ( 62.45)
0: Epoch: [0][140/196]	Time  0.109 ( 0.162)	Data  0.000 ( 0.035)	Loss 2.1534e+00 (2.4662e+00)	Acc@1  21.88 ( 16.48)	Acc@5  73.44 ( 63.19)
0: Epoch: [0][150/196]	Tim
0: e  0.109 ( 0.158)	Data  0.000 ( 0.032)	Loss 2.2054e+00 (2.4444e+00)	Acc@1  17.19 ( 16.76)	Acc@5  76.56 ( 63.82)
0: Epoch: [0][160/196]	Time  0.108 ( 0.155)	Data  0.000 ( 0.031)	Loss 2.1658e+00 (2.4246e+00)	Acc@1  15.62 ( 17.03)	Acc@5  73.44 ( 64.36)
0: Epoch: [0][170/196]	Time  0.109 ( 0.153)	Data  0.000 ( 0.029)	Loss 2.1505e+00 (2.4058e+00)	Acc@1  21.88 ( 17.30)	Acc@5  79.69 ( 64.96)
0: Epoch: [0][180/196]	Time  0.108 ( 0.150)	Data  0.000 ( 0.028)	Loss 2.0265e+00 (2.3859e+00)	Acc@1  21.88 ( 17.61)	Acc@5  81.25 ( 65.69)
0: Epoch: [0][190/196]	Time  0.108 ( 0.148)	Data  0.000 ( 0.026)	Loss 2.0407e+00 (2.3671e+00)	Acc@1  20.31 ( 18.00)	Acc@5  71.88 ( 66.25)
0: Test: [  0/157]	Time  2.341 ( 2.341)	Loss 2.0358e+00 (2.0358e+00)	Acc@1  32.81 ( 32.81)	Acc@5  78.12 ( 78.12)
0: Test: [ 10/157]	Time  0.025 ( 0.236)	Loss 2.0970e+00 (2.1590e+00)	Acc@1  28.12 ( 25.71)	Acc@5  68.75 ( 76.56)
0: Test: [ 20/157]	Time  0.025 ( 0.135)	Loss 2.2387e+00 (2.1215e+00)	Acc@1  28.12 ( 26.26)	Acc@5  70.31 ( 76.41)
0: Test: [ 30/157]	Time  0.025 ( 0.100)	Loss 1.9806e+00 (2.0884e+00)	Acc@1  29.69 ( 26.81)	Acc@5  79.69 ( 77.22)
0: Test: [ 40/157]	Time  0.025 ( 0.081)	Loss 1.8989e+00 (2.0763e+00)	Acc@1  31.25 ( 26.07)	Acc@5  75.00 ( 77.55)
0: Test: [ 50/157]	Time  0.025 ( 0.070)	Loss 2.0098e+00 (2.0809e+00)	Acc@1  26.56 ( 26.29)	Acc@5  75.00 ( 77.36)
0: Test: [ 60/157]	Time  0.025 ( 0.063)	Loss 2.0755e+00 (2.0919e+00)	Acc@1  18.75 ( 25.85)	Acc@5  71.88 ( 77.61)
0: Test: [ 70/157]	Time  0.025 ( 0.058)	Loss 1.8212e+00 (2.0852e+00)	Acc@1  29.69 ( 26.06)	Acc@5  85.94 ( 77.75)
0: Test: [ 80/157]	Time  0.028 ( 0.054)	Loss 1.9586e+00 (2.0776e+00)	Acc@1  29.69 ( 25.95)	Acc@5  84.38 ( 78.32)
0: Test: [ 90/157]	Time  0.025 ( 0.05
0: 0)	Loss 2.0374e+00 (2.0828e+00)	Acc@1  25.00 ( 25.81)	Acc@5  78.12 ( 78.11)
0: Test: [100/157]	Time  0.025 ( 0.048)	Loss 2.2153e+00 (2.0832e+00)	Acc@1  21.88 ( 25.97)	Acc@5  68.75 ( 77.75)
0: Test: [110/157]	Time  0.025 ( 0.046)	Loss 1.8323e+00 (2.0799e+00)	Acc@1  39.06 ( 25.93)	Acc@5  87.50 ( 77.74)
0: Test: [120/157]	Time  0.025 ( 0.044)	Loss 1.9859e+00 (2.0800e+00)	Acc@1  23.44 ( 25.88)	Acc@5  82.81 ( 77.85)
0: Test: [130/157]	Time  0.025 ( 0.043)	Loss 1.8082e+00 (2.0833e+00)	Acc@1  37.50 ( 25.75)	Acc@5  87.50 ( 77.56)
0: Test: [140/157]	Time  0.025 ( 0.041)	Loss 2.1059e+00 (2.0860e+00)	Acc@1  21.88 ( 25.70)	Acc@5  78.12 ( 77.52)
0: Test: [150/157]	Time  0.025 ( 0.040)	Loss 2.0356e+00 (2.0836e+00)	Acc@1  25.00 ( 25.75)	Acc@5  84.38 ( 77.71)
0:  * Acc@1 25.750 Acc@5 77.650
0: Epoch 0/3 - 36.787s
0: Test: [  0/157]	Time  2.367 ( 2.367)	Loss 2.0358e+00 (2.0358e+00)	Acc@1  32.81 ( 32.81)	Acc@5  78.12 ( 78.12)
0: Test: [ 10/157]	Time  0.025 ( 0.238)	Loss 2.0970e+00 (2.1590e+00)	Acc@1  28.12 ( 25.71)	Acc@5  68.75 ( 76.56)
0: Test: [ 20/157]	Time  0.025 ( 0.137)	Loss 2.2387e+00 (2.1215e+00)	Acc@1  28.12 ( 26.26)	Acc@5  70.31 ( 76.41)
0: Test: [ 30/157]	Time  0.025 ( 0.101)	Loss 1.9806e+00 (2.0884e+00)	Acc@1  29.69 ( 26.81)	Acc@5  79.69 ( 77.22)
0: Test: [ 40/157]	Time  0.025 ( 0.082)	Loss 1.8989e+00 (2.0763e+00)	Acc@1  31.25 ( 26.07)	Acc@5  75.00 ( 77.55)
0: Test: [ 50/157]	Time  0.025 ( 0.071)	Loss 2.0098e+00 (2.0809e+00)	Acc@1  26.56 ( 26.29)	Acc@5  75.00 ( 77.36)
0: Test: [ 60/157]	Time  0.025 ( 0.063)	Loss 2.0755e+00 (2.0919e+00)	Acc@1  18.75 ( 25.85)	Acc@5  71.88 ( 77.61)
0: Test: [ 70/157]	Time  0.025 ( 0.058)	Loss 1.8212e+00 (2.0852e+00)	Acc@1  29.69 ( 26.06)	Acc@5  85.94 ( 77.75)
0: Test: [ 80/157]	Time  0.026 ( 0.054)	Loss 1.9586e+00 (2.0776e+00)	Acc@1  29.69 ( 25.95)	Acc@5  84.38 ( 78.32)
0: Test: [ 90/157]	Time  0.025 ( 0.05
0: 1)	Loss 2.0374e+00 (2.0828e+00)	Acc@1  25.00 ( 25.81)	Acc@5  78.12 ( 78.11)
0: Test: [100/157]	Time  0.025 ( 0.048)	Loss 2.2153e+00 (2.0832e+00)	Acc@1  21.88 ( 25.97)	Acc@5  68.75 ( 77.75)
0: Test: [110/157]	Time  0.025 ( 0.046)	Loss 1.8323e+00 (2.0799e+00)	Acc@1  39.06 ( 25.93)	Acc@5  87.50 ( 77.74)
0: Test: [120/157]	Time  0.025 ( 0.044)	Loss 1.9859e+00 (2.0800e+00)	Acc@1  23.44 ( 25.88)	Acc@5  82.81 ( 77.85)
0: Test: [130/157]	Time  0.025 ( 0.043)	Loss 1.8082e+00 (2.0833e+00)	Acc@1  37.50 ( 25.75)	Acc@5  87.50 ( 77.56)
0: Test: [140/157]	Time  0.025 ( 0.042)	Loss 2.1059e+00 (2.0860e+00)	Acc@1  21.88 ( 25.70)	Acc@5  78.12 ( 77.52)
0: Test: [150/157]	Time  0.025 ( 0.041)	Loss 2.0356e+00 (2.0836e+00)	Acc@1  25.00 ( 25.75)	Acc@5  84.38 ( 77.71)
0:  * Acc@1 25.750 Acc@5 77.650
0: Epoch 0/3 - 36.838s
0: Test: [  0/157]	Time  2.367 ( 2.367)	Loss 2.0358e+00 (2.0358e+00)	Acc@1  32.81 ( 32.81)	Acc@5  78.12 ( 78.12)
0: Test: [ 10/157]	Time  0.025 ( 0.238)	Loss 2.0970e+00 (2.1590e+00)	Acc@1  28.12 ( 25.71)	Acc@5  68.75 ( 76.56)
0: Test: [ 20/157]	Time  0.025 ( 0.136)	Loss 2.2387e+00 (2.1215e+00)	Acc@1  28.12 ( 26.26)	Acc@5  70.31 ( 76.41)
0: Test: [ 30/157]	Time  0.025 ( 0.101)	Loss 1.9806e+00 (2.0884e+00)	Acc@1  29.69 ( 26.81)	Acc@5  79.69 ( 77.22)
0: Test: [ 40/157]	Time  0.025 ( 0.082)	Loss 1.8989e+00 (2.0763e+00)	Acc@1  31.25 ( 26.07)	Acc@5  75.00 ( 77.55)
0: Test: [ 50/157]	Time  0.025 ( 0.071)	Loss 2.0098e+00 (2.0809e+00)	Acc@1  26.56 ( 26.29)	Acc@5  75.00 ( 77.36)
0: Test: [ 60/157]	Time  0.025 ( 0.063)	Loss 2.0755e+00 (2.0919e+00)	Acc@1  18.75 ( 25.85)	Acc@5  71.88 ( 77.61)
0: Test: [ 70/157]	Time  0.025 ( 0.058)	Loss 1.8212e+00 (2.0852e+00)	Acc@1  29.69 ( 26.06)	Acc@5  85.94 ( 77.75)
0: Test: [ 80/157]	Time  0.025 ( 0.054)	Loss 1.9586e+00 (2.0776e+00)	Acc@1  29.69 ( 25.95)	Acc@5  84.38 ( 78.32)
0: Test: [ 90/157]	Time  0.025 ( 0.05
0: 1)	Loss 2.0374e+00 (2.0828e+00)	Acc@1  25.00 ( 25.81)	Acc@5  78.12 ( 78.11)
0: Test: [100/157]	Time  0.025 ( 0.048)	Loss 2.2153e+00 (2.0832e+00)	Acc@1  21.88 ( 25.97)	Acc@5  68.75 ( 77.75)
0: Test: [110/157]	Time  0.025 ( 0.046)	Loss 1.8323e+00 (2.0799e+00)	Acc@1  39.06 ( 25.93)	Acc@5  87.50 ( 77.74)
0: Test: [120/157]	Time  0.025 ( 0.044)	Loss 1.9859e+00 (2.0800e+00)	Acc@1  23.44 ( 25.88)	Acc@5  82.81 ( 77.85)
0: Test: [130/157]	Time  0.026 ( 0.043)	Loss 1.8082e+00 (2.0833e+00)	Acc@1  37.50 ( 25.75)	Acc@5  87.50 ( 77.56)
0: Test: [140/157]	Time  0.025 ( 0.042)	Loss 2.1059e+00 (2.0860e+00)	Acc@1  21.88 ( 25.70)	Acc@5  78.12 ( 77.52)
0: Test: [150/157]	Time  0.025 ( 0.041)	Loss 2.0356e+00 (2.0836e+00)	Acc@1  25.00 ( 25.75)	Acc@5  84.38 ( 77.71)
0:  * Acc@1 25.750 Acc@5 77.650
0: Epoch 0/3 - 36.519s
0: Test: [  0/157]	Time  2.411 ( 2.411)	Loss 2.0358e+00 (2.0358e+00)	Acc@1  32.81 ( 32.81)	Acc@5  78.12 ( 78.12)
0: Test: [ 10/157]	Time  0.025 ( 0.242)	Loss 2.0970e+00 (2.1590e+00)	Acc@1  28.12 ( 25.71)	Acc@5  68.75 ( 76.56)
0: Test: [ 20/157]	Time  0.025 ( 0.139)	Loss 2.2387e+00 (2.1215e+00)	Acc@1  28.12 ( 26.26)	Acc@5  70.31 ( 76.41)
0: Test: [ 30/157]	Time  0.025 ( 0.102)	Loss 1.9806e+00 (2.0884e+00)	Acc@1  29.69 ( 26.81)	Acc@5  79.69 ( 77.22)
0: Test: [ 40/157]	Time  0.025 ( 0.083)	Loss 1.8989e+00 (2.0763e+00)	Acc@1  31.25 ( 26.07)	Acc@5  75.00 ( 77.55)
0: Test: [ 50/157]	Time  0.025 ( 0.072)	Loss 2.0098e+00 (2.0809e+00)	Acc@1  26.56 ( 26.29)	Acc@5  75.00 ( 77.36)
0: Test: [ 60/157]	Time  0.025 ( 0.064)	Loss 2.0755e+00 (2.0919e+00)	Acc@1  18.75 ( 25.85)	Acc@5  71.88 ( 77.61)
0: Test: [ 70/157]	Time  0.025 ( 0.059)	Loss 1.8212e+00 (2.0852e+00)	Acc@1  29.69 ( 26.06)	Acc@5  85.94 ( 77.75)
0: Test: [ 80/157]	Time  0.025 ( 0.055)	Loss 1.9586e+00 (2.0776e+00)	Acc@1  29.69 ( 25.95)	Acc@5  84.38 ( 78.32)
0: Test: [ 90/157]	Time  0.025 ( 0.05
0: 1)	Loss 2.0374e+00 (2.0828e+00)	Acc@1  25.00 ( 25.81)	Acc@5  78.12 ( 78.11)
0: Test: [100/157]	Time  0.025 ( 0.049)	Loss 2.2153e+00 (2.0832e+00)	Acc@1  21.88 ( 25.97)	Acc@5  68.75 ( 77.75)
0: Test: [110/157]	Time  0.025 ( 0.047)	Loss 1.8323e+00 (2.0799e+00)	Acc@1  39.06 ( 25.93)	Acc@5  87.50 ( 77.74)
0: Test: [120/157]	Time  0.025 ( 0.045)	Loss 1.9859e+00 (2.0800e+00)	Acc@1  23.44 ( 25.88)	Acc@5  82.81 ( 77.85)
0: Test: [130/157]	Time  0.025 ( 0.043)	Loss 1.8082e+00 (2.0833e+00)	Acc@1  37.50 ( 25.75)	Acc@5  87.50 ( 77.56)
0: Test: [140/157]	Time  0.025 ( 0.042)	Loss 2.1059e+00 (2.0860e+00)	Acc@1  21.88 ( 25.70)	Acc@5  78.12 ( 77.52)
0: Test: [150/157]	Time  0.025 ( 0.041)	Loss 2.0356e+00 (2.0836e+00)	Acc@1  25.00 ( 25.75)	Acc@5  84.38 ( 77.71)
0:  * Acc@1 25.750 Acc@5 77.650
0: Epoch 0/3 - 36.556s
0: Epoch: [1][  0/196]	Time  4.658 ( 4.658)	Data  4.555 ( 4.555)	Loss 2.0559e+00 (2.0559e+00)	Acc@1  29.69 ( 29.69)	Acc@5  73.44 ( 73.44)
0: Epoch: [1][ 10/196]	Time  0.111 ( 0.522)	Data  0.000 ( 0.416)	Loss 1.8502e+00 (2.0037e+00)	Acc@1  31.25 ( 27.27)	Acc@5  84.38 ( 79.40)
0: Epoch: [1][ 20/196]	Time  0.109 ( 0.325)	Data  0.000 ( 0.219)	Loss 2.2212e+00 (2.0367e+00)	Acc@1  20.31 ( 26.12)	Acc@5  65.62 ( 78.27)
0: Epoch: [1][ 30/196]	Time  0.109 ( 0.256)	Data  0.000 ( 0.149)	Loss 1.9239e+00 (2.0386e+00)	Acc@1  32.81 ( 25.96)	Acc@5  82.81 ( 78.23)
0: Epoch: [1][ 40/196]	Time  0.109 ( 0.220)	Data  0.000 ( 0.113)	Loss 2.2981e+00 (2.0327e+00)	Acc@1  10.94 ( 25.76)	Acc@5  65.62 ( 78.58)
0: Epoch: [1][ 50/196]	Time  0.109 ( 0.198)	Data  0.000 ( 0.092)	Loss 2.1196e+00 (2.0325e+00)	Acc@1  15.62 ( 25.52)	Acc@5  78.12 ( 78.71)
0: Epoch: [1][ 60/196]	Time  0.109 ( 0.183)	Data  0.000 ( 0.077)	Loss 2.0052e+00 (2.0154e+00)	Acc@1  25.00 ( 26.13)	Acc@5  79.69 ( 78.97)
0: Epoch: [1][ 70/196]	Time  0.109 ( 0.173)	Data  0.000 ( 0.067)	Loss 1.8849e+00 (
0: 2.0094e+00)	Acc@1  34.38 ( 26.47)	Acc@5  81.25 ( 79.23)
0: Epoch: [1][ 80/196]	Time  0.109 ( 0.165)	Data  0.000 ( 0.059)	Loss 2.1662e+00 (2.0052e+00)	Acc@1  26.56 ( 26.66)	Acc@5  75.00 ( 79.51)
0: Epoch: [1][ 90/196]	Time  0.109 ( 0.159)	Data  0.000 ( 0.052)	Loss 1.9299e+00 (1.9989e+00)	Acc@1  35.94 ( 27.25)	Acc@5  75.00 ( 79.70)
0: Epoch: [1][100/196]	Time  0.108 ( 0.154)	Data  0.000 ( 0.048)	Loss 2.0189e+00 (1.9961e+00)	Acc@1  21.88 ( 27.48)	Acc@5  71.88 ( 79.73)
0: Epoch: [1][110/196]	Time  0.110 ( 0.150)	Data  0.000 ( 0.043)	Loss 2.1608e+00 (1.9967e+00)	Acc@1  20.31 ( 27.42)	Acc@5  75.00 ( 79.60)
0: Epoch: [1][120/196]	Time  0.110 ( 0.147)	Data  0.000 ( 0.040)	Loss 1.9329e+00 (1.9830e+00)	Acc@1  32.81 ( 27.88)	Acc@5  79.69 ( 80.05)
0: Epoch: [1][130/196]	Time  0.110 ( 0.144)	Data  0.000 ( 0.037)	Loss 1.9364e+00 (1.9729e+00)	Acc@1  35.94 ( 28.09)	Acc@5  73.44 ( 80.37)
0: Epoch: [1][140/196]	Time  0.110 ( 0.141)	Data  0.000 ( 0.035)	Loss 1.8881e+00 (1.9676e+00)	Acc@1  17.19 ( 28.26)	Acc@5  82.81 ( 80.52)
0: Epoch: [1][150/196]	Tim
0: e  0.108 ( 0.139)	Data  0.000 ( 0.033)	Loss 1.9087e+00 (1.9634e+00)	Acc@1  25.00 ( 28.36)	Acc@5  84.38 ( 80.71)
0: Epoch: [1][160/196]	Time  0.109 ( 0.137)	Data  0.000 ( 0.031)	Loss 1.8141e+00 (1.9579e+00)	Acc@1  34.38 ( 28.69)	Acc@5  78.12 ( 80.82)
0: Epoch: [1][170/196]	Time  0.109 ( 0.136)	Data  0.000 ( 0.029)	Loss 1.8711e+00 (1.9528e+00)	Acc@1  25.00 ( 28.76)	Acc@5  81.25 ( 80.88)
0: Epoch: [1][180/196]	Time  0.108 ( 0.134)	Data  0.000 ( 0.028)	Loss 2.0452e+00 (1.9472e+00)	Acc@1  23.44 ( 28.95)	Acc@5  71.88 ( 81.02)
0: Epoch: [1][190/196]	Time  0.109 ( 0.133)	Data  0.000 ( 0.026)	Loss 1.7199e+00 (1.9410e+00)	Acc@1  35.94 ( 29.23)	Acc@5  87.50 ( 81.13)
0: Epoch: [1][  0/196]	Time  4.693 ( 4.693)	Data  4.505 ( 4.505)	Loss 2.0231e+00 (2.0231e+00)	Acc@1  25.00 ( 25.00)	Acc@5  84.38 ( 84.38)
0: Epoch: [1][ 10/196]	Time  0.109 ( 0.526)	Data  0.000 ( 0.412)	Loss 2.0293e+00 (2.0082e+00)	Acc@1  25.00 ( 26.28)	Acc@5  76.56 ( 77.70)
0: Epoch: [1][ 20/196]	Time  0.110 ( 0.328)	Data  0.000 ( 0.217)	Loss 1.9465e+00 (2.0071e+00)	Acc@1  31.25 ( 26.04)	Acc@5  78.12 ( 77.98)
0: Epoch: [1][ 30/196]	Time  0.109 ( 0.257)	Data  0.000 ( 0.148)	Loss 2.0535e+00 (2.0164e+00)	Acc@1  23.44 ( 25.71)	Acc@5  79.69 ( 77.72)
0: Epoch: [1][ 40/196]	Time  0.109 ( 0.221)	Data  0.000 ( 0.112)	Loss 1.9456e+00 (2.0111e+00)	Acc@1  32.81 ( 25.99)	Acc@5  78.12 ( 78.12)
0: Epoch: [1][ 50/196]	Time  0.108 ( 0.199)	Data  0.000 ( 0.091)	Loss 2.0904e+00 (2.0048e+00)	Acc@1  15.62 ( 26.01)	Acc@5  79.69 ( 78.71)
0: Epoch: [1][ 60/196]	Time  0.107 ( 0.184)	Data  0.000 ( 0.076)	Loss 2.0033e+00 (1.9894e+00)	Acc@1  35.94 ( 27.41)	Acc@5  79.69 ( 79.10)
0: Epoch: [1][ 70/196]	Time  0.109 ( 0.173)	Data  0.000 ( 0.066)	Loss 1.9476e+00 (
0: 1.9907e+00)	Acc@1  28.12 ( 27.27)	Acc@5  79.69 ( 79.09)
0: Epoch: [1][ 80/196]	Time  0.109 ( 0.165)	Data  0.000 ( 0.058)	Loss 2.0668e+00 (1.9884e+00)	Acc@1  29.69 ( 27.53)	Acc@5  75.00 ( 79.38)
0: Epoch: [1][ 90/196]	Time  0.108 ( 0.159)	Data  0.000 ( 0.052)	Loss 2.0763e+00 (1.9867e+00)	Acc@1  26.56 ( 27.56)	Acc@5  75.00 ( 79.40)
0: Epoch: [1][100/196]	Time  0.109 ( 0.154)	Data  0.000 ( 0.047)	Loss 1.9534e+00 (1.9799e+00)	Acc@1  29.69 ( 27.72)	Acc@5  82.81 ( 79.64)
0: Epoch: [1][110/196]	Time  0.109 ( 0.150)	Data  0.000 ( 0.043)	Loss 1.9063e+00 (1.9797e+00)	Acc@1  32.81 ( 28.04)	Acc@5  79.69 ( 79.59)
0: Epoch: [1][120/196]	Time  0.110 ( 0.147)	Data  0.000 ( 0.040)	Loss 1.8618e+00 (1.9767e+00)	Acc@1  34.38 ( 28.16)	Acc@5  82.81 ( 79.67)
0: Epoch: [1][130/196]	Time  0.110 ( 0.144)	Data  0.000 ( 0.037)	Loss 1.8017e+00 (1.9688e+00)	Acc@1  32.81 ( 28.40)	Acc@5  92.19 ( 80.08)
0: Epoch: [1][140/196]	Time  0.110 ( 0.142)	Data  0.000 ( 0.034)	Loss 1.8857e+00 (1.9638e+00)	Acc@1  26.56 ( 28.60)	Acc@5  85.94 ( 80.19)
0: Epoch: [1][150/196]	Tim
0: e  0.109 ( 0.140)	Data  0.000 ( 0.032)	Loss 1.7899e+00 (1.9597e+00)	Acc@1  34.38 ( 28.74)	Acc@5  89.06 ( 80.37)
0: Epoch: [1][160/196]	Time  0.109 ( 0.138)	Data  0.000 ( 0.031)	Loss 1.9700e+00 (1.9601e+00)	Acc@1  25.00 ( 28.81)	Acc@5  81.25 ( 80.40)
0: Epoch: [1][170/196]	Time  0.109 ( 0.136)	Data  0.000 ( 0.029)	Loss 1.8639e+00 (1.9530e+00)	Acc@1  34.38 ( 29.12)	Acc@5  87.50 ( 80.74)
0: Epoch: [1][180/196]	Time  0.109 ( 0.134)	Data  0.000 ( 0.027)	Loss 1.7872e+00 (1.9491e+00)	Acc@1  37.50 ( 29.24)	Acc@5  87.50 ( 80.81)
0: Epoch: [1][190/196]	Time  0.109 ( 0.133)	Data  0.000 ( 0.026)	Loss 2.0032e+00 (1.9470e+00)	Acc@1  31.25 ( 29.24)	Acc@5  79.69 ( 80.88)
0: Epoch: [1][  0/196]	Time  4.681 ( 4.681)	Data  4.583 ( 4.583)	Loss 2.1023e+00 (2.1023e+00)	Acc@1  18.75 ( 18.75)	Acc@5  81.25 ( 81.25)
0: Epoch: [1][ 10/196]	Time  0.109 ( 0.525)	Data  0.000 ( 0.419)	Loss 2.0182e+00 (2.0661e+00)	Acc@1  20.31 ( 23.01)	Acc@5  82.81 ( 77.13)
0: Epoch: [1][ 20/196]	Time  0.109 ( 0.327)	Data  0.000 ( 0.221)	Loss 2.0392e+00 (2.0408e+00)	Acc@1  21.88 ( 25.00)	Acc@5  76.56 ( 76.93)
0: Epoch: [1][ 30/196]	Time  0.109 ( 0.257)	Data  0.000 ( 0.151)	Loss 1.8296e+00 (2.0398e+00)	Acc@1  40.62 ( 25.35)	Acc@5  85.94 ( 77.32)
0: Epoch: [1][ 40/196]	Time  0.109 ( 0.221)	Data  0.000 ( 0.114)	Loss 1.8760e+00 (2.0198e+00)	Acc@1  29.69 ( 25.34)	Acc@5  85.94 ( 78.70)
0: Epoch: [1][ 50/196]	Time  0.108 ( 0.199)	Data  0.000 ( 0.092)	Loss 1.9154e+00 (2.0020e+00)	Acc@1  31.25 ( 26.35)	Acc@5  81.25 ( 79.07)
0: Epoch: [1][ 60/196]	Time  0.108 ( 0.184)	Data  0.000 ( 0.078)	Loss 2.2007e+00 (2.0011e+00)	Acc@1  31.25 ( 26.59)	Acc@5  73.44 ( 79.46)
0: Epoch: [1][ 70/196]	Time  0.109 ( 0.173)	Data  0.000 ( 0.067)	Loss 2.0966e+00 (
0: 1.9929e+00)	Acc@1  21.88 ( 27.29)	Acc@5  81.25 ( 79.75)
0: Epoch: [1][ 80/196]	Time  0.109 ( 0.165)	Data  0.000 ( 0.059)	Loss 1.9478e+00 (1.9878e+00)	Acc@1  28.12 ( 27.47)	Acc@5  81.25 ( 79.84)
0: Epoch: [1][ 90/196]	Time  0.109 ( 0.159)	Data  0.000 ( 0.053)	Loss 1.8194e+00 (1.9805e+00)	Acc@1  35.94 ( 27.61)	Acc@5  81.25 ( 79.95)
0: Epoch: [1][100/196]	Time  0.109 ( 0.154)	Data  0.000 ( 0.048)	Loss 1.8707e+00 (1.9715e+00)	Acc@1  29.69 ( 27.89)	Acc@5  90.62 ( 80.37)
0: Epoch: [1][110/196]	Time  0.109 ( 0.150)	Data  0.000 ( 0.044)	Loss 1.8724e+00 (1.9717e+00)	Acc@1  35.94 ( 28.00)	Acc@5  79.69 ( 80.35)
0: Epoch: [1][120/196]	Time  0.110 ( 0.147)	Data  0.000 ( 0.040)	Loss 2.1437e+00 (1.9679e+00)	Acc@1  21.88 ( 28.23)	Acc@5  75.00 ( 80.46)
0: Epoch: [1][130/196]	Time  0.110 ( 0.144)	Data  0.000 ( 0.038)	Loss 1.8423e+00 (1.9644e+00)	Acc@1  34.38 ( 28.44)	Acc@5  82.81 ( 80.61)
0: Epoch: [1][140/196]	Time  0.110 ( 0.142)	Data  0.000 ( 0.035)	Loss 1.8469e+00 (1.9608e+00)	Acc@1  26.56 ( 28.56)	Acc@5  90.62 ( 80.68)
0: Epoch: [1][150/196]	Tim
0: e  0.109 ( 0.140)	Data  0.000 ( 0.033)	Loss 2.0338e+00 (1.9584e+00)	Acc@1  23.44 ( 28.62)	Acc@5  81.25 ( 80.87)
0: Epoch: [1][160/196]	Time  0.108 ( 0.138)	Data  0.000 ( 0.031)	Loss 1.8708e+00 (1.9527e+00)	Acc@1  31.25 ( 28.80)	Acc@5  87.50 ( 81.06)
0: Epoch: [1][170/196]	Time  0.108 ( 0.136)	Data  0.000 ( 0.029)	Loss 1.7032e+00 (1.9484e+00)	Acc@1  40.62 ( 28.93)	Acc@5  90.62 ( 81.12)
0: Epoch: [1][180/196]	Time  0.108 ( 0.134)	Data  0.000 ( 0.028)	Loss 2.0277e+00 (1.9460e+00)	Acc@1  29.69 ( 29.05)	Acc@5  79.69 ( 81.18)
0: Epoch: [1][190/196]	Time  0.108 ( 0.133)	Data  0.000 ( 0.027)	Loss 2.0295e+00 (1.9410e+00)	Acc@1  20.31 ( 29.34)	Acc@5  81.25 ( 81.37)
0: Epoch: [1][  0/196]	Time  4.750 ( 4.750)	Data  4.551 ( 4.551)	Loss 2.0064e+00 (2.0064e+00)	Acc@1  37.50 ( 37.50)	Acc@5  75.00 ( 75.00)
0: Epoch: [1][ 10/196]	Time  0.109 ( 0.531)	Data  0.000 ( 0.417)	Loss 2.0153e+00 (2.0081e+00)	Acc@1  31.25 ( 26.99)	Acc@5  76.56 ( 79.26)
0: Epoch: [1][ 20/196]	Time  0.109 ( 0.330)	Data  0.000 ( 0.219)	Loss 1.8888e+00 (2.0037e+00)	Acc@1  31.25 ( 26.56)	Acc@5  87.50 ( 79.76)
0: Epoch: [1][ 30/196]	Time  0.109 ( 0.259)	Data  0.000 ( 0.149)	Loss 1.9094e+00 (2.0089e+00)	Acc@1  34.38 ( 26.86)	Acc@5  75.00 ( 79.39)
0: Epoch: [1][ 40/196]	Time  0.109 ( 0.222)	Data  0.000 ( 0.114)	Loss 1.9517e+00 (2.0130e+00)	Acc@1  25.00 ( 26.94)	Acc@5  78.12 ( 79.69)
0: Epoch: [1][ 50/196]	Time  0.108 ( 0.200)	Data  0.000 ( 0.092)	Loss 2.0337e+00 (1.9968e+00)	Acc@1  21.88 ( 27.76)	Acc@5  78.12 ( 79.87)
0: Epoch: [1][ 60/196]	Time  0.109 ( 0.185)	Data  0.000 ( 0.077)	Loss 1.9774e+00 (1.9994e+00)	Acc@1  23.44 ( 27.59)	Acc@5  79.69 ( 79.64)
0: Epoch: [1][ 70/196]	Time  0.109 ( 0.174)	Data  0.000 ( 0.067)	Loss 1.9744e+00 (
0: 1.9969e+00)	Acc@1  26.56 ( 27.31)	Acc@5  82.81 ( 80.04)
0: Epoch: [1][ 80/196]	Time  0.109 ( 0.166)	Data  0.000 ( 0.059)	Loss 2.1521e+00 (1.9969e+00)	Acc@1  26.56 ( 27.24)	Acc@5  78.12 ( 80.15)
0: Epoch: [1][ 90/196]	Time  0.109 ( 0.160)	Data  0.000 ( 0.053)	Loss 1.8231e+00 (1.9875e+00)	Acc@1  32.81 ( 27.82)	Acc@5  84.38 ( 80.20)
0: Epoch: [1][100/196]	Time  0.109 ( 0.155)	Data  0.000 ( 0.048)	Loss 1.8051e+00 (1.9821e+00)	Acc@1  34.38 ( 28.08)	Acc@5  85.94 ( 80.29)
0: Epoch: [1][110/196]	Time  0.109 ( 0.151)	Data  0.000 ( 0.044)	Loss 1.9332e+00 (1.9750e+00)	Acc@1  25.00 ( 28.21)	Acc@5  82.81 ( 80.48)
0: Epoch: [1][120/196]	Time  0.110 ( 0.147)	Data  0.000 ( 0.040)	Loss 1.8821e+00 (1.9706e+00)	Acc@1  34.38 ( 28.43)	Acc@5  79.69 ( 80.51)
0: Epoch: [1][130/196]	Time  0.110 ( 0.145)	Data  0.000 ( 0.037)	Loss 1.9529e+00 (1.9669e+00)	Acc@1  35.94 ( 28.54)	Acc@5  81.25 ( 80.67)
0: Epoch: [1][140/196]	Time  0.110 ( 0.142)	Data  0.000 ( 0.035)	Loss 2.1191e+00 (1.9687e+00)	Acc@1  32.81 ( 28.38)	Acc@5  68.75 ( 80.67)
0: Epoch: [1][150/196]	Tim
0: e  0.109 ( 0.140)	Data  0.000 ( 0.033)	Loss 1.9059e+00 (1.9639e+00)	Acc@1  29.69 ( 28.43)	Acc@5  84.38 ( 80.72)
0: Epoch: [1][160/196]	Time  0.109 ( 0.138)	Data  0.000 ( 0.031)	Loss 2.0582e+00 (1.9562e+00)	Acc@1  15.62 ( 28.49)	Acc@5  82.81 ( 80.97)
0: Epoch: [1][170/196]	Time  0.109 ( 0.136)	Data  0.000 ( 0.029)	Loss 1.9226e+00 (1.9533e+00)	Acc@1  25.00 ( 28.65)	Acc@5  81.25 ( 81.08)
0: Epoch: [1][180/196]	Time  0.110 ( 0.135)	Data  0.000 ( 0.028)	Loss 1.7841e+00 (1.9464e+00)	Acc@1  31.25 ( 28.95)	Acc@5  92.19 ( 81.26)
0: Epoch: [1][190/196]	Time  0.109 ( 0.133)	Data  0.000 ( 0.026)	Loss 1.9222e+00 (1.9405e+00)	Acc@1  29.69 ( 29.06)	Acc@5  85.94 ( 81.42)
0: Test: [  0/157]	Time  2.355 ( 2.355)	Loss 1.7027e+00 (1.7027e+00)	Acc@1  39.06 ( 39.06)	Acc@5  85.94 ( 85.94)
0: Test: [ 10/157]	Time  0.025 ( 0.237)	Loss 1.7790e+00 (1.8694e+00)	Acc@1  40.62 ( 35.65)	Acc@5  85.94 ( 83.52)
0: Test: [ 20/157]	Time  0.025 ( 0.136)	Loss 1.8610e+00 (1.8638e+00)	Acc@1  32.81 ( 35.12)	Acc@5  79.69 ( 83.04)
0: Test: [ 30/157]	Time  0.025 ( 0.100)	Loss 1.9269e+00 (1.8466e+00)	Acc@1  26.56 ( 35.18)	Acc@5  85.94 ( 83.77)
0: Test: [ 40/157]	Time  0.025 ( 0.082)	Loss 1.8448e+00 (1.8466e+00)	Acc@1  28.12 ( 34.76)	Acc@5  81.25 ( 83.99)
0: Test: [ 50/157]	Time  0.025 ( 0.071)	Loss 1.8902e+00 (1.8465e+00)	Acc@1  31.25 ( 34.41)	Acc@5  79.69 ( 84.22)
0: Test: [ 60/157]	Time  0.025 ( 0.063)	Loss 1.8835e+00 (1.8396e+00)	Acc@1  25.00 ( 34.14)	Acc@5  85.94 ( 84.04)
0: Test: [ 70/157]	Time  0.025 ( 0.058)	Loss 1.6756e+00 (1.8369e+00)	Acc@1  35.94 ( 34.15)	Acc@5  89.06 ( 84.07)
0: Test: [ 80/157]	Time  0.025 ( 0.054)	Loss 1.8427e+00 (1.8315e+00)	Acc@1  28.12 ( 34.01)	Acc@5  84.38 ( 84.22)
0: Test: [ 90/157]	Time  0.025 ( 0.05
0: 1)	Loss 1.8209e+00 (1.8358e+00)	Acc@1  29.69 ( 33.55)	Acc@5  84.38 ( 84.07)
0: Test: [100/157]	Time  0.025 ( 0.048)	Loss 1.9792e+00 (1.8365e+00)	Acc@1  25.00 ( 33.54)	Acc@5  78.12 ( 84.03)
0: Test: [110/157]	Time  0.025 ( 0.046)	Loss 1.7933e+00 (1.8361e+00)	Acc@1  29.69 ( 33.40)	Acc@5  87.50 ( 84.05)
0: Test: [120/157]	Time  0.025 ( 0.044)	Loss 1.7387e+00 (1.8280e+00)	Acc@1  35.94 ( 33.77)	Acc@5  85.94 ( 84.28)
0: Test: [130/157]	Time  0.025 ( 0.043)	Loss 1.7803e+00 (1.8290e+00)	Acc@1  37.50 ( 33.85)	Acc@5  81.25 ( 84.27)
0: Test: [140/157]	Time  0.025 ( 0.041)	Loss 1.9886e+00 (1.8300e+00)	Acc@1  29.69 ( 33.92)	Acc@5  78.12 ( 84.18)
0: Test: [150/157]	Time  0.025 ( 0.040)	Loss 1.6868e+00 (1.8299e+00)	Acc@1  34.38 ( 33.88)	Acc@5  82.81 ( 84.24)
0:  * Acc@1 33.750 Acc@5 84.190
0: Epoch 1/3 - 32.505s
0: Test: [  0/157]	Time  2.379 ( 2.379)	Loss 1.7027e+00 (1.7027e+00)	Acc@1  39.06 ( 39.06)	Acc@5  85.94 ( 85.94)
0: Test: [ 10/157]	Time  0.025 ( 0.239)	Loss 1.7790e+00 (1.8694e+00)	Acc@1  40.62 ( 35.65)	Acc@5  85.94 ( 83.52)
0: Test: [ 20/157]	Time  0.025 ( 0.137)	Loss 1.8610e+00 (1.8638e+00)	Acc@1  32.81 ( 35.12)	Acc@5  79.69 ( 83.04)
0: Test: [ 30/157]	Time  0.025 ( 0.101)	Loss 1.9269e+00 (1.8466e+00)	Acc@1  26.56 ( 35.18)	Acc@5  85.94 ( 83.77)
0: Test: [ 40/157]	Time  0.025 ( 0.082)	Loss 1.8448e+00 (1.8466e+00)	Acc@1  28.12 ( 34.76)	Acc@5  81.25 ( 83.99)
0: Test: [ 50/157]	Time  0.025 ( 0.071)	Loss 1.8902e+00 (1.8465e+00)	Acc@1  31.25 ( 34.41)	Acc@5  79.69 ( 84.22)
0: Test: [ 60/157]	Time  0.025 ( 0.064)	Loss 1.8835e+00 (1.8396e+00)	Acc@1  25.00 ( 34.14)	Acc@5  85.94 ( 84.04)
0: Test: [ 70/157]	Time  0.025 ( 0.058)	Loss 1.6756e+00 (1.8369e+00)	Acc@1  35.94 ( 34.15)	Acc@5  89.06 ( 84.07)
0: Test: [ 80/157]	Time  0.025 ( 0.054)	Loss 1.8427e+00 (1.8315e+00)	Acc@1  28.12 ( 34.01)	Acc@5  84.38 ( 84.22)
0: Test: [ 90/157]	Time  0.025 ( 0.05
0: 1)	Loss 1.8209e+00 (1.8358e+00)	Acc@1  29.69 ( 33.55)	Acc@5  84.38 ( 84.07)
0: Test: [100/157]	Time  0.025 ( 0.048)	Loss 1.9792e+00 (1.8365e+00)	Acc@1  25.00 ( 33.54)	Acc@5  78.12 ( 84.03)
0: Test: [110/157]	Time  0.025 ( 0.046)	Loss 1.7933e+00 (1.8361e+00)	Acc@1  29.69 ( 33.40)	Acc@5  87.50 ( 84.05)
0: Test: [120/157]	Time  0.025 ( 0.044)	Loss 1.7387e+00 (1.8280e+00)	Acc@1  35.94 ( 33.77)	Acc@5  85.94 ( 84.28)
0: Test: [130/157]	Time  0.025 ( 0.043)	Loss 1.7803e+00 (1.8290e+00)	Acc@1  37.50 ( 33.85)	Acc@5  81.25 ( 84.27)
0: Test: [140/157]	Time  0.025 ( 0.042)	Loss 1.9886e+00 (1.8300e+00)	Acc@1  29.69 ( 33.92)	Acc@5  78.12 ( 84.18)
0: Test: [150/157]	Time  0.025 ( 0.041)	Loss 1.6868e+00 (1.8299e+00)	Acc@1  34.38 ( 33.88)	Acc@5  82.81 ( 84.24)
0:  * Acc@1 33.750 Acc@5 84.190
0: Epoch 1/3 - 32.439s
0: Test: [  0/157]	Time  2.392 ( 2.392)	Loss 1.7027e+00 (1.7027e+00)	Acc@1  39.06 ( 39.06)	Acc@5  85.94 ( 85.94)
0: Test: [ 10/157]	Time  0.025 ( 0.240)	Loss 1.7790e+00 (1.8694e+00)	Acc@1  40.62 ( 35.65)	Acc@5  85.94 ( 83.52)
0: Test: [ 20/157]	Time  0.025 ( 0.138)	Loss 1.8610e+00 (1.8638e+00)	Acc@1  32.81 ( 35.12)	Acc@5  79.69 ( 83.04)
0: Test: [ 30/157]	Time  0.025 ( 0.101)	Loss 1.9269e+00 (1.8466e+00)	Acc@1  26.56 ( 35.18)	Acc@5  85.94 ( 83.77)
0: Test: [ 40/157]	Time  0.025 ( 0.083)	Loss 1.8448e+00 (1.8466e+00)	Acc@1  28.12 ( 34.76)	Acc@5  81.25 ( 83.99)
0: Test: [ 50/157]	Time  0.025 ( 0.071)	Loss 1.8902e+00 (1.8465e+00)	Acc@1  31.25 ( 34.41)	Acc@5  79.69 ( 84.22)
0: Test: [ 60/157]	Time  0.025 ( 0.064)	Loss 1.8835e+00 (1.8396e+00)	Acc@1  25.00 ( 34.14)	Acc@5  85.94 ( 84.04)
0: Test: [ 70/157]	Time  0.025 ( 0.058)	Loss 1.6756e+00 (1.8369e+00)	Acc@1  35.94 ( 34.15)	Acc@5  89.06 ( 84.07)
0: Test: [ 80/157]	Time  0.025 ( 0.054)	Loss 1.8427e+00 (1.8315e+00)	Acc@1  28.12 ( 34.01)	Acc@5  84.38 ( 84.22)
0: Test: [ 90/157]	Time  0.025 ( 0.05
0: 1)	Loss 1.8209e+00 (1.8358e+00)	Acc@1  29.69 ( 33.55)	Acc@5  84.38 ( 84.07)
0: Test: [100/157]	Time  0.025 ( 0.048)	Loss 1.9792e+00 (1.8365e+00)	Acc@1  25.00 ( 33.54)	Acc@5  78.12 ( 84.03)
0: Test: [110/157]	Time  0.025 ( 0.046)	Loss 1.7933e+00 (1.8361e+00)	Acc@1  29.69 ( 33.40)	Acc@5  87.50 ( 84.05)
0: Test: [120/157]	Time  0.025 ( 0.045)	Loss 1.7387e+00 (1.8280e+00)	Acc@1  35.94 ( 33.77)	Acc@5  85.94 ( 84.28)
0: Test: [130/157]	Time  0.025 ( 0.043)	Loss 1.7803e+00 (1.8290e+00)	Acc@1  37.50 ( 33.85)	Acc@5  81.25 ( 84.27)
0: Test: [140/157]	Time  0.025 ( 0.042)	Loss 1.9886e+00 (1.8300e+00)	Acc@1  29.69 ( 33.92)	Acc@5  78.12 ( 84.18)
0: Test: [150/157]	Time  0.025 ( 0.041)	Loss 1.6868e+00 (1.8299e+00)	Acc@1  34.38 ( 33.88)	Acc@5  82.81 ( 84.24)
0:  * Acc@1 33.750 Acc@5 84.190
0: Epoch 1/3 - 32.411s
0: Test: [  0/157]	Time  2.388 ( 2.388)	Loss 1.7027e+00 (1.7027e+00)	Acc@1  39.06 ( 39.06)	Acc@5  85.94 ( 85.94)
0: Test: [ 10/157]	Time  0.025 ( 0.240)	Loss 1.7790e+00 (1.8694e+00)	Acc@1  40.62 ( 35.65)	Acc@5  85.94 ( 83.52)
0: Test: [ 20/157]	Time  0.025 ( 0.137)	Loss 1.8610e+00 (1.8638e+00)	Acc@1  32.81 ( 35.12)	Acc@5  79.69 ( 83.04)
0: Test: [ 30/157]	Time  0.025 ( 0.101)	Loss 1.9269e+00 (1.8466e+00)	Acc@1  26.56 ( 35.18)	Acc@5  85.94 ( 83.77)
0: Test: [ 40/157]	Time  0.025 ( 0.083)	Loss 1.8448e+00 (1.8466e+00)	Acc@1  28.12 ( 34.76)	Acc@5  81.25 ( 83.99)
0: Test: [ 50/157]	Time  0.025 ( 0.071)	Loss 1.8902e+00 (1.8465e+00)	Acc@1  31.25 ( 34.41)	Acc@5  79.69 ( 84.22)
0: Test: [ 60/157]	Time  0.025 ( 0.064)	Loss 1.8835e+00 (1.8396e+00)	Acc@1  25.00 ( 34.14)	Acc@5  85.94 ( 84.04)
0: Test: [ 70/157]	Time  0.025 ( 0.058)	Loss 1.6756e+00 (1.8369e+00)	Acc@1  35.94 ( 34.15)	Acc@5  89.06 ( 84.07)
0: Test: [ 80/157]	Time  0.025 ( 0.054)	Loss 1.8427e+00 (1.8315e+00)	Acc@1  28.12 ( 34.01)	Acc@5  84.38 ( 84.22)
0: Test: [ 90/157]	Time  0.025 ( 0.05
0: 1)	Loss 1.8209e+00 (1.8358e+00)	Acc@1  29.69 ( 33.55)	Acc@5  84.38 ( 84.07)
0: Test: [100/157]	Time  0.025 ( 0.048)	Loss 1.9792e+00 (1.8365e+00)	Acc@1  25.00 ( 33.54)	Acc@5  78.12 ( 84.03)
0: Test: [110/157]	Time  0.025 ( 0.046)	Loss 1.7933e+00 (1.8361e+00)	Acc@1  29.69 ( 33.40)	Acc@5  87.50 ( 84.05)
0: Test: [120/157]	Time  0.025 ( 0.045)	Loss 1.7387e+00 (1.8280e+00)	Acc@1  35.94 ( 33.77)	Acc@5  85.94 ( 84.28)
0: Test: [130/157]	Time  0.025 ( 0.043)	Loss 1.7803e+00 (1.8290e+00)	Acc@1  37.50 ( 33.85)	Acc@5  81.25 ( 84.27)
0: Test: [140/157]	Time  0.025 ( 0.042)	Loss 1.9886e+00 (1.8300e+00)	Acc@1  29.69 ( 33.92)	Acc@5  78.12 ( 84.18)
0: Test: [150/157]	Time  0.025 ( 0.041)	Loss 1.6868e+00 (1.8299e+00)	Acc@1  34.38 ( 33.88)	Acc@5  82.81 ( 84.24)
0:  * Acc@1 33.750 Acc@5 84.190
0: Epoch 1/3 - 32.493s
0: Epoch: [2][  0/196]	Time  4.687 ( 4.687)	Data  4.573 ( 4.573)	Loss 1.9213e+00 (1.9213e+00)	Acc@1  25.00 ( 25.00)	Acc@5  79.69 ( 79.69)
0: Epoch: [2][ 10/196]	Time  0.110 ( 0.527)	Data  0.000 ( 0.418)	Loss 1.7038e+00 (1.8168e+00)	Acc@1  50.00 ( 33.24)	Acc@5  81.25 ( 85.37)
0: Epoch: [2][ 20/196]	Time  0.109 ( 0.329)	Data  0.000 ( 0.220)	Loss 1.7777e+00 (1.8214e+00)	Acc@1  37.50 ( 33.48)	Acc@5  82.81 ( 84.82)
0: Epoch: [2][ 30/196]	Time  0.110 ( 0.258)	Data  0.000 ( 0.150)	Loss 1.6346e+00 (1.8183e+00)	Acc@1  40.62 ( 34.73)	Acc@5  87.50 ( 84.88)
0: Epoch: [2][ 40/196]	Time  0.109 ( 0.222)	Data  0.000 ( 0.114)	Loss 1.7498e+00 (1.8285e+00)	Acc@1  29.69 ( 33.73)	Acc@5  89.06 ( 85.21)
0: Epoch: [2][ 50/196]	Time  0.109 ( 0.200)	Data  0.000 ( 0.092)	Loss 1.6687e+00 (1.8096e+00)	Acc@1  35.94 ( 34.19)	Acc@5  92.19 ( 85.60)
0: Epoch: [2][ 60/196]	Time  0.108 ( 0.185)	Data  0.000 ( 0.078)	Loss 1.5867e+00 (1.7993e+00)	Acc@1  34.38 ( 34.53)	Acc@5  92.19 ( 85.76)
0: Epoch: [2][ 70/196]	Time  0.108 ( 0.174)	Data  0.000 ( 0.067)	Loss 1.7021e+00 (
0: 1.8010e+00)	Acc@1  39.06 ( 34.53)	Acc@5  89.06 ( 85.81)
0: Epoch: [2][ 80/196]	Time  0.108 ( 0.166)	Data  0.000 ( 0.059)	Loss 1.7017e+00 (1.7949e+00)	Acc@1  35.94 ( 34.65)	Acc@5  87.50 ( 85.76)
0: Epoch: [2][ 90/196]	Time  0.109 ( 0.160)	Data  0.000 ( 0.053)	Loss 1.7034e+00 (1.7959e+00)	Acc@1  32.81 ( 34.48)	Acc@5  85.94 ( 85.73)
0: Epoch: [2][100/196]	Time  0.109 ( 0.155)	Data  0.000 ( 0.048)	Loss 1.6403e+00 (1.7912e+00)	Acc@1  35.94 ( 34.76)	Acc@5  95.31 ( 85.92)
0: Epoch: [2][110/196]	Time  0.109 ( 0.150)	Data  0.000 ( 0.044)	Loss 2.0271e+00 (1.7875e+00)	Acc@1  34.38 ( 34.97)	Acc@5  82.81 ( 85.97)
0: Epoch: [2][120/196]	Time  0.109 ( 0.147)	Data  0.000 ( 0.040)	Loss 1.6078e+00 (1.7834e+00)	Acc@1  48.44 ( 35.37)	Acc@5  89.06 ( 85.98)
0: Epoch: [2][130/196]	Time  0.110 ( 0.144)	Data  0.000 ( 0.037)	Loss 1.6740e+00 (1.7780e+00)	Acc@1  31.25 ( 35.51)	Acc@5  87.50 ( 86.14)
0: Epoch: [2][140/196]	Time  0.109 ( 0.142)	Data  0.000 ( 0.035)	Loss 1.9792e+00 (1.7791e+00)	Acc@1  29.69 ( 35.36)	Acc@5  85.94 ( 86.21)
0: Epoch: [2][150/196]	Tim
0: e  0.110 ( 0.140)	Data  0.000 ( 0.033)	Loss 1.8535e+00 (1.7791e+00)	Acc@1  29.69 ( 35.35)	Acc@5  82.81 ( 86.38)
0: Epoch: [2][160/196]	Time  0.109 ( 0.138)	Data  0.000 ( 0.031)	Loss 1.5212e+00 (1.7735e+00)	Acc@1  39.06 ( 35.50)	Acc@5  95.31 ( 86.53)
0: Epoch: [2][170/196]	Time  0.108 ( 0.136)	Data  0.000 ( 0.029)	Loss 1.6211e+00 (1.7735e+00)	Acc@1  40.62 ( 35.62)	Acc@5  87.50 ( 86.49)
0: Epoch: [2][180/196]	Time  0.109 ( 0.135)	Data  0.000 ( 0.028)	Loss 1.9060e+00 (1.7744e+00)	Acc@1  28.12 ( 35.51)	Acc@5  79.69 ( 86.43)
0: Epoch: [2][190/196]	Time  0.109 ( 0.133)	Data  0.000 ( 0.026)	Loss 1.6970e+00 (1.7695e+00)	Acc@1  37.50 ( 35.62)	Acc@5  95.31 ( 86.54)
0: Epoch: [2][  0/196]	Time  4.651 ( 4.651)	Data  4.538 ( 4.538)	Loss 1.6258e+00 (1.6258e+00)	Acc@1  42.19 ( 42.19)	Acc@5  85.94 ( 85.94)
0: Epoch: [2][ 10/196]	Time  0.110 ( 0.523)	Data  0.000 ( 0.415)	Loss 1.8437e+00 (1.7771e+00)	Acc@1  37.50 ( 36.08)	Acc@5  82.81 ( 83.81)
0: Epoch: [2][ 20/196]	Time  0.110 ( 0.327)	Data  0.000 ( 0.219)	Loss 1.6509e+00 (1.7765e+00)	Acc@1  43.75 ( 36.31)	Acc@5  85.94 ( 85.12)
0: Epoch: [2][ 30/196]	Time  0.109 ( 0.257)	Data  0.000 ( 0.149)	Loss 1.8835e+00 (1.8122e+00)	Acc@1  32.81 ( 34.98)	Acc@5  84.38 ( 84.48)
0: Epoch: [2][ 40/196]	Time  0.109 ( 0.221)	Data  0.000 ( 0.113)	Loss 1.7242e+00 (1.7988e+00)	Acc@1  32.81 ( 35.10)	Acc@5  87.50 ( 85.37)
0: Epoch: [2][ 50/196]	Time  0.109 ( 0.199)	Data  0.000 ( 0.091)	Loss 1.8887e+00 (1.7956e+00)	Acc@1  32.81 ( 35.36)	Acc@5  82.81 ( 85.45)
0: Epoch: [2][ 60/196]	Time  0.109 ( 0.184)	Data  0.000 ( 0.077)	Loss 1.8243e+00 (1.7885e+00)	Acc@1  31.25 ( 35.68)	Acc@5  89.06 ( 85.66)
0: Epoch: [2][ 70/196]	Time  0.108 ( 0.174)	Data  0.000 ( 0.066)	Loss 1.9760e+00 (
0: 1.7859e+00)	Acc@1  28.12 ( 35.61)	Acc@5  81.25 ( 85.83)
0: Epoch: [2][ 80/196]	Time  0.109 ( 0.166)	Data  0.000 ( 0.059)	Loss 1.6953e+00 (1.7867e+00)	Acc@1  39.06 ( 35.40)	Acc@5  85.94 ( 85.76)
0: Epoch: [2][ 90/196]	Time  0.108 ( 0.159)	Data  0.000 ( 0.052)	Loss 1.7504e+00 (1.7869e+00)	Acc@1  43.75 ( 35.47)	Acc@5  79.69 ( 85.68)
0: Epoch: [2][100/196]	Time  0.109 ( 0.154)	Data  0.000 ( 0.047)	Loss 1.7189e+00 (1.7863e+00)	Acc@1  37.50 ( 35.44)	Acc@5  82.81 ( 85.80)
0: Epoch: [2][110/196]	Time  0.108 ( 0.150)	Data  0.000 ( 0.043)	Loss 2.1101e+00 (1.7867e+00)	Acc@1  28.12 ( 35.47)	Acc@5  79.69 ( 85.64)
0: Epoch: [2][120/196]	Time  0.109 ( 0.147)	Data  0.000 ( 0.040)	Loss 1.7386e+00 (1.7869e+00)	Acc@1  40.62 ( 35.41)	Acc@5  87.50 ( 85.55)
0: Epoch: [2][130/196]	Time  0.110 ( 0.144)	Data  0.000 ( 0.037)	Loss 1.7849e+00 (1.7853e+00)	Acc@1  40.62 ( 35.40)	Acc@5  85.94 ( 85.52)
0: Epoch: [2][140/196]	Time  0.109 ( 0.141)	Data  0.000 ( 0.035)	Loss 1.7519e+00 (1.7837e+00)	Acc@1  34.38 ( 35.27)	Acc@5  95.31 ( 85.74)
0: Epoch: [2][150/196]	Tim
0: e  0.110 ( 0.139)	Data  0.000 ( 0.033)	Loss 1.5368e+00 (1.7806e+00)	Acc@1  45.31 ( 35.40)	Acc@5  87.50 ( 85.75)
0: Epoch: [2][160/196]	Time  0.109 ( 0.138)	Data  0.000 ( 0.031)	Loss 1.7984e+00 (1.7723e+00)	Acc@1  35.94 ( 35.74)	Acc@5  82.81 ( 85.88)
0: Epoch: [2][170/196]	Time  0.109 ( 0.136)	Data  0.000 ( 0.029)	Loss 1.5660e+00 (1.7676e+00)	Acc@1  43.75 ( 35.93)	Acc@5  96.88 ( 86.03)
0: Epoch: [2][180/196]	Time  0.108 ( 0.134)	Data  0.000 ( 0.028)	Loss 1.6591e+00 (1.7700e+00)	Acc@1  37.50 ( 35.81)	Acc@5  92.19 ( 86.02)
0: Epoch: [2][190/196]	Time  0.109 ( 0.133)	Data  0.000 ( 0.026)	Loss 2.0224e+00 (1.7694e+00)	Acc@1  31.25 ( 35.81)	Acc@5  81.25 ( 86.08)
0: Epoch: [2][  0/196]	Time  4.696 ( 4.696)	Data  4.592 ( 4.592)	Loss 1.7786e+00 (1.7786e+00)	Acc@1  35.94 ( 35.94)	Acc@5  87.50 ( 87.50)
0: Epoch: [2][ 10/196]	Time  0.110 ( 0.527)	Data  0.000 ( 0.420)	Loss 1.8176e+00 (1.7958e+00)	Acc@1  28.12 ( 34.80)	Acc@5  87.50 ( 85.80)
0: Epoch: [2][ 20/196]	Time  0.110 ( 0.329)	Data  0.000 ( 0.221)	Loss 1.7149e+00 (1.7916e+00)	Acc@1  31.25 ( 35.12)	Acc@5  90.62 ( 85.49)
0: Epoch: [2][ 30/196]	Time  0.110 ( 0.258)	Data  0.000 ( 0.151)	Loss 1.7681e+00 (1.8043e+00)	Acc@1  29.69 ( 34.22)	Acc@5  92.19 ( 85.13)
0: Epoch: [2][ 40/196]	Time  0.110 ( 0.222)	Data  0.000 ( 0.115)	Loss 1.5820e+00 (1.8046e+00)	Acc@1  39.06 ( 34.18)	Acc@5  87.50 ( 84.87)
0: Epoch: [2][ 50/196]	Time  0.109 ( 0.200)	Data  0.000 ( 0.093)	Loss 1.8882e+00 (1.8091e+00)	Acc@1  32.81 ( 34.34)	Acc@5  79.69 ( 84.80)
0: Epoch: [2][ 60/196]	Time  0.108 ( 0.185)	Data  0.000 ( 0.078)	Loss 1.7922e+00 (1.8060e+00)	Acc@1  39.06 ( 34.30)	Acc@5  84.38 ( 84.96)
0: Epoch: [2][ 70/196]	Time  0.109 ( 0.174)	Data  0.000 ( 0.067)	Loss 1.9164e+00 (
0: 1.8032e+00)	Acc@1  29.69 ( 34.46)	Acc@5  85.94 ( 85.23)
0: Epoch: [2][ 80/196]	Time  0.109 ( 0.166)	Data  0.000 ( 0.059)	Loss 1.8310e+00 (1.7974e+00)	Acc@1  35.94 ( 34.10)	Acc@5  85.94 ( 85.55)
0: Epoch: [2][ 90/196]	Time  0.109 ( 0.160)	Data  0.000 ( 0.053)	Loss 1.6607e+00 (1.7965e+00)	Acc@1  34.38 ( 34.53)	Acc@5  85.94 ( 85.42)
0: Epoch: [2][100/196]	Time  0.109 ( 0.155)	Data  0.000 ( 0.048)	Loss 1.6921e+00 (1.7898e+00)	Acc@1  42.19 ( 34.93)	Acc@5  89.06 ( 85.44)
0: Epoch: [2][110/196]	Time  0.108 ( 0.151)	Data  0.000 ( 0.044)	Loss 1.7929e+00 (1.7903e+00)	Acc@1  31.25 ( 34.83)	Acc@5  87.50 ( 85.54)
0: Epoch: [2][120/196]	Time  0.109 ( 0.147)	Data  0.000 ( 0.041)	Loss 1.5414e+00 (1.7826e+00)	Acc@1  45.31 ( 35.15)	Acc@5  95.31 ( 85.77)
0: Epoch: [2][130/196]	Time  0.110 ( 0.144)	Data  0.000 ( 0.038)	Loss 1.7813e+00 (1.7789e+00)	Acc@1  37.50 ( 35.45)	Acc@5  75.00 ( 85.62)
0: Epoch: [2][140/196]	Time  0.110 ( 0.142)	Data  0.000 ( 0.035)	Loss 1.7471e+00 (1.7795e+00)	Acc@1  35.94 ( 35.48)	Acc@5  90.62 ( 85.67)
0: Epoch: [2][150/196]	Tim
0: e  0.110 ( 0.140)	Data  0.000 ( 0.033)	Loss 1.7909e+00 (1.7822e+00)	Acc@1  32.81 ( 35.32)	Acc@5  85.94 ( 85.63)
0: Epoch: [2][160/196]	Time  0.109 ( 0.138)	Data  0.000 ( 0.031)	Loss 1.8965e+00 (1.7817e+00)	Acc@1  40.62 ( 35.37)	Acc@5  76.56 ( 85.58)
0: Epoch: [2][170/196]	Time  0.109 ( 0.136)	Data  0.000 ( 0.029)	Loss 1.8844e+00 (1.7754e+00)	Acc@1  29.69 ( 35.45)	Acc@5  87.50 ( 85.76)
0: Epoch: [2][180/196]	Time  0.109 ( 0.135)	Data  0.000 ( 0.028)	Loss 1.8524e+00 (1.7760e+00)	Acc@1  40.62 ( 35.59)	Acc@5  85.94 ( 85.75)
0: Epoch: [2][190/196]	Time  0.109 ( 0.133)	Data  0.000 ( 0.027)	Loss 1.7536e+00 (1.7751e+00)	Acc@1  39.06 ( 35.63)	Acc@5  85.94 ( 85.87)
0: Epoch: [2][  0/196]	Time  4.700 ( 4.700)	Data  4.599 ( 4.599)	Loss 1.7710e+00 (1.7710e+00)	Acc@1  32.81 ( 32.81)	Acc@5  89.06 ( 89.06)
0: Epoch: [2][ 10/196]	Time  0.109 ( 0.527)	Data  0.000 ( 0.420)	Loss 1.8551e+00 (1.7715e+00)	Acc@1  32.81 ( 35.09)	Acc@5  84.38 ( 85.51)
0: Epoch: [2][ 20/196]	Time  0.110 ( 0.329)	Data  0.000 ( 0.221)	Loss 1.8276e+00 (1.8042e+00)	Acc@1  29.69 ( 34.23)	Acc@5  81.25 ( 83.56)
0: Epoch: [2][ 30/196]	Time  0.110 ( 0.258)	Data  0.000 ( 0.151)	Loss 1.7128e+00 (1.7998e+00)	Acc@1  43.75 ( 33.97)	Acc@5  85.94 ( 84.22)
0: Epoch: [2][ 40/196]	Time  0.109 ( 0.222)	Data  0.000 ( 0.115)	Loss 1.8200e+00 (1.8128e+00)	Acc@1  42.19 ( 34.11)	Acc@5  89.06 ( 84.45)
0: Epoch: [2][ 50/196]	Time  0.109 ( 0.200)	Data  0.000 ( 0.093)	Loss 1.7075e+00 (1.8062e+00)	Acc@1  34.38 ( 34.01)	Acc@5  89.06 ( 84.96)
0: Epoch: [2][ 60/196]	Time  0.108 ( 0.185)	Data  0.000 ( 0.078)	Loss 1.8245e+00 (1.7999e+00)	Acc@1  34.38 ( 34.37)	Acc@5  87.50 ( 85.37)
0: Epoch: [2][ 70/196]	Time  0.109 ( 0.174)	Data  0.000 ( 0.067)	Loss 1.7118e+00 (
0: 1.7895e+00)	Acc@1  35.94 ( 34.84)	Acc@5  95.31 ( 85.94)
0: Epoch: [2][ 80/196]	Time  0.109 ( 0.166)	Data  0.000 ( 0.059)	Loss 1.8313e+00 (1.7916e+00)	Acc@1  31.25 ( 34.92)	Acc@5  85.94 ( 85.59)
0: Epoch: [2][ 90/196]	Time  0.108 ( 0.160)	Data  0.000 ( 0.053)	Loss 1.5907e+00 (1.7931e+00)	Acc@1  39.06 ( 34.58)	Acc@5  89.06 ( 85.56)
0: Epoch: [2][100/196]	Time  0.109 ( 0.155)	Data  0.000 ( 0.048)	Loss 1.7211e+00 (1.7885e+00)	Acc@1  29.69 ( 34.93)	Acc@5  84.38 ( 85.57)
0: Epoch: [2][110/196]	Time  0.109 ( 0.151)	Data  0.000 ( 0.044)	Loss 1.7393e+00 (1.7832e+00)	Acc@1  29.69 ( 35.04)	Acc@5  85.94 ( 85.68)
0: Epoch: [2][120/196]	Time  0.109 ( 0.147)	Data  0.000 ( 0.041)	Loss 1.9588e+00 (1.7861e+00)	Acc@1  39.06 ( 34.97)	Acc@5  75.00 ( 85.51)
0: Epoch: [2][130/196]	Time  0.110 ( 0.144)	Data  0.000 ( 0.038)	Loss 1.5914e+00 (1.7853e+00)	Acc@1  43.75 ( 35.08)	Acc@5  90.62 ( 85.50)
0: Epoch: [2][140/196]	Time  0.110 ( 0.142)	Data  0.000 ( 0.035)	Loss 1.6586e+00 (1.7829e+00)	Acc@1  40.62 ( 35.11)	Acc@5  90.62 ( 85.64)
0: Epoch: [2][150/196]	Tim
0: e  0.110 ( 0.140)	Data  0.000 ( 0.033)	Loss 1.7001e+00 (1.7778e+00)	Acc@1  39.06 ( 35.32)	Acc@5  87.50 ( 85.84)
0: Epoch: [2][160/196]	Time  0.109 ( 0.138)	Data  0.000 ( 0.031)	Loss 1.7911e+00 (1.7732e+00)	Acc@1  35.94 ( 35.53)	Acc@5  82.81 ( 85.93)
0: Epoch: [2][170/196]	Time  0.108 ( 0.136)	Data  0.000 ( 0.029)	Loss 1.6814e+00 (1.7696e+00)	Acc@1  37.50 ( 35.74)	Acc@5  87.50 ( 85.88)
0: Epoch: [2][180/196]	Time  0.109 ( 0.135)	Data  0.000 ( 0.028)	Loss 1.6733e+00 (1.7686e+00)	Acc@1  35.94 ( 35.70)	Acc@5  87.50 ( 86.02)
0: Epoch: [2][190/196]	Time  0.109 ( 0.133)	Data  0.000 ( 0.027)	Loss 1.6166e+00 (1.7660e+00)	Acc@1  50.00 ( 35.90)	Acc@5  93.75 ( 86.08)
0: Test: [  0/157]	Time  2.363 ( 2.363)	Loss 1.5316e+00 (1.5316e+00)	Acc@1  39.06 ( 39.06)	Acc@5  90.62 ( 90.62)
0: Test: [ 10/157]	Time  0.025 ( 0.238)	Loss 1.7033e+00 (1.7266e+00)	Acc@1  40.62 ( 39.77)	Acc@5  89.06 ( 87.22)
0: Test: [ 20/157]	Time  0.025 ( 0.136)	Loss 1.7674e+00 (1.7289e+00)	Acc@1  31.25 ( 39.73)	Acc@5  87.50 ( 87.50)
0: Test: [ 30/157]	Time  0.025 ( 0.100)	Loss 1.8340e+00 (1.7141e+00)	Acc@1  29.69 ( 38.81)	Acc@5  81.25 ( 87.30)
0: Test: [ 40/157]	Time  0.025 ( 0.082)	Loss 1.7313e+00 (1.7134e+00)	Acc@1  43.75 ( 38.99)	Acc@5  87.50 ( 87.69)
0: Test: [ 50/157]	Time  0.025 ( 0.071)	Loss 1.7525e+00 (1.7270e+00)	Acc@1  37.50 ( 38.51)	Acc@5  84.38 ( 87.59)
0: Test: [ 60/157]	Time  0.025 ( 0.063)	Loss 1.7383e+00 (1.7201e+00)	Acc@1  34.38 ( 38.68)	Acc@5  90.62 ( 87.60)
0: Test: [ 70/157]	Time  0.025 ( 0.058)	Loss 1.5130e+00 (1.7154e+00)	Acc@1  48.44 ( 38.73)	Acc@5  89.06 ( 87.59)
0: Test: [ 80/157]	Time  0.025 ( 0.054)	Loss 1.5943e+00 (1.7107e+00)	Acc@1  39.06 ( 38.75)	Acc@5  89.06 ( 87.83)
0: Test: [ 90/157]	Time  0.025 ( 0.05
0: 1)	Loss 1.5846e+00 (1.7140e+00)	Acc@1  39.06 ( 38.41)	Acc@5  85.94 ( 87.88)
0: Test: [100/157]	Time  0.025 ( 0.048)	Loss 1.7222e+00 (1.7129e+00)	Acc@1  32.81 ( 38.32)	Acc@5  89.06 ( 87.82)
0: Test: [110/157]	Time  0.027 ( 0.046)	Loss 1.6781e+00 (1.7123e+00)	Acc@1  35.94 ( 38.41)	Acc@5  90.62 ( 87.92)
0: Test: [120/157]	Time  0.025 ( 0.044)	Loss 1.6431e+00 (1.7068e+00)	Acc@1  39.06 ( 38.33)	Acc@5  87.50 ( 88.08)
0: Test: [130/157]	Time  0.025 ( 0.043)	Loss 1.6777e+00 (1.7115e+00)	Acc@1  34.38 ( 38.04)	Acc@5  85.94 ( 88.02)
0: Test: [140/157]	Time  0.025 ( 0.042)	Loss 1.7665e+00 (1.7101e+00)	Acc@1  37.50 ( 38.02)	Acc@5  84.38 ( 88.04)
0: Test: [150/157]	Time  0.025 ( 0.041)	Loss 1.5488e+00 (1.7067e+00)	Acc@1  50.00 ( 38.11)	Acc@5  89.06 ( 88.19)
0:  * Acc@1 37.940 Acc@5 88.250
0: Epoch 2/3 - 32.464s
0: Steps per epoch: 196
0: Validation steps per epoch: 157
0: Average time per epoch: 33.919 s
0: Test: [  0/157]	Time  2.383 ( 2.383)	Loss 1.5316e+00 (1.5316e+00)	Acc@1  39.06 ( 39.06)	Acc@5  90.62 ( 90.62)
0: Test: [ 10/157]	Time  0.025 ( 0.239)	Loss 1.7033e+00 (1.7266e+00)	Acc@1  40.62 ( 39.77)	Acc@5  89.06 ( 87.22)
0: Test: [ 20/157]	Time  0.025 ( 0.137)	Loss 1.7674e+00 (1.7289e+00)	Acc@1  31.25 ( 39.73)	Acc@5  87.50 ( 87.50)
0: Test: [ 30/157]	Time  0.025 ( 0.101)	Loss 1.8340e+00 (1.7141e+00)	Acc@1  29.69 ( 38.81)	Acc@5  81.25 ( 87.30)
0: Test: [ 40/157]	Time  0.025 ( 0.082)	Loss 1.7313e+00 (1.7134e+00)	Acc@1  43.75 ( 38.99)	Acc@5  87.50 ( 87.69)
0: Test: [ 50/157]	Time  0.025 ( 0.071)	Loss 1.7525e+00 (1.7270e+00)	Acc@1  37.50 ( 38.51)	Acc@5  84.38 ( 87.59)
0: Test: [ 60/157]	Time  0.025 ( 0.064)	Loss 1.7383e+00 (1.7201e+00)	Acc@1  34.38 ( 38.68)	Acc@5  90.62 ( 87.60)
0: Test: [ 70/157]	Time  0.025 ( 0.058)	Loss 1.5130e+00 (1.7154e+00)	Acc@1  48.44 ( 38.73)	Acc@5  89.06 ( 87.59)
0: Test: [ 80/157]	Time  0.025 ( 0.054)	Loss 1.5943e+00 (1.7107e+00)	Acc@1  39.06 ( 38.75)	Acc@5  89.06 ( 87.83)
0: Test: [ 90/157]	Time  0.025 ( 0.05
0: 1)	Loss 1.5846e+00 (1.7140e+00)	Acc@1  39.06 ( 38.41)	Acc@5  85.94 ( 87.88)
0: Test: [100/157]	Time  0.025 ( 0.048)	Loss 1.7222e+00 (1.7129e+00)	Acc@1  32.81 ( 38.32)	Acc@5  89.06 ( 87.82)
0: Test: [110/157]	Time  0.025 ( 0.046)	Loss 1.6781e+00 (1.7123e+00)	Acc@1  35.94 ( 38.41)	Acc@5  90.62 ( 87.92)
0: Test: [120/157]	Time  0.025 ( 0.044)	Loss 1.6431e+00 (1.7068e+00)	Acc@1  39.06 ( 38.33)	Acc@5  87.50 ( 88.08)
0: Test: [130/157]	Time  0.025 ( 0.043)	Loss 1.6777e+00 (1.7115e+00)	Acc@1  34.38 ( 38.04)	Acc@5  85.94 ( 88.02)
0: Test: [140/157]	Time  0.025 ( 0.042)	Loss 1.7665e+00 (1.7101e+00)	Acc@1  37.50 ( 38.02)	Acc@5  84.38 ( 88.04)
0: Test: [150/157]	Time  0.025 ( 0.041)	Loss 1.5488e+00 (1.7067e+00)	Acc@1  50.00 ( 38.11)	Acc@5  89.06 ( 88.19)
0:  * Acc@1 37.940 Acc@5 88.250
0: Epoch 2/3 - 32.424s
0: Steps per epoch: 196
0: Validation steps per epoch: 157
0: Average time per epoch: 33.918 s
0: Test: [  0/157]	Time  2.406 ( 2.406)	Loss 1.5316e+00 (1.5316e+00)	Acc@1  39.06 ( 39.06)	Acc@5  90.62 ( 90.62)
0: Test: [ 10/157]	Time  0.025 ( 0.241)	Loss 1.7033e+00 (1.7266e+00)	Acc@1  40.62 ( 39.77)	Acc@5  89.06 ( 87.22)
0: Test: [ 20/157]	Time  0.025 ( 0.138)	Loss 1.7674e+00 (1.7289e+00)	Acc@1  31.25 ( 39.73)	Acc@5  87.50 ( 87.50)
0: Test: [ 30/157]	Time  0.025 ( 0.102)	Loss 1.8340e+00 (1.7141e+00)	Acc@1  29.69 ( 38.81)	Acc@5  81.25 ( 87.30)
0: Test: [ 40/157]	Time  0.025 ( 0.083)	Loss 1.7313e+00 (1.7134e+00)	Acc@1  43.75 ( 38.99)	Acc@5  87.50 ( 87.69)
0: Test: [ 50/157]	Time  0.025 ( 0.072)	Loss 1.7525e+00 (1.7270e+00)	Acc@1  37.50 ( 38.51)	Acc@5  84.38 ( 87.59)
0: Test: [ 60/157]	Time  0.025 ( 0.064)	Loss 1.7383e+00 (1.7201e+00)	Acc@1  34.38 ( 38.68)	Acc@5  90.62 ( 87.60)
0: Test: [ 70/157]	Time  0.025 ( 0.058)	Loss 1.5130e+00 (1.7154e+00)	Acc@1  48.44 ( 38.73)	Acc@5  89.06 ( 87.59)
0: Test: [ 80/157]	Time  0.025 ( 0.054)	Loss 1.5943e+00 (1.7107e+00)	Acc@1  39.06 ( 38.75)	Acc@5  89.06 ( 87.83)
0: Test: [ 90/157]	Time  0.025 ( 0.05
0: 1)	Loss 1.5846e+00 (1.7140e+00)	Acc@1  39.06 ( 38.41)	Acc@5  85.94 ( 87.88)
0: Test: [100/157]	Time  0.025 ( 0.048)	Loss 1.7222e+00 (1.7129e+00)	Acc@1  32.81 ( 38.32)	Acc@5  89.06 ( 87.82)
0: Test: [110/157]	Time  0.025 ( 0.046)	Loss 1.6781e+00 (1.7123e+00)	Acc@1  35.94 ( 38.41)	Acc@5  90.62 ( 87.92)
0: Test: [120/157]	Time  0.025 ( 0.045)	Loss 1.6431e+00 (1.7068e+00)	Acc@1  39.06 ( 38.33)	Acc@5  87.50 ( 88.08)
0: Test: [130/157]	Time  0.025 ( 0.043)	Loss 1.6777e+00 (1.7115e+00)	Acc@1  34.38 ( 38.04)	Acc@5  85.94 ( 88.02)
0: Test: [140/157]	Time  0.025 ( 0.042)	Loss 1.7665e+00 (1.7101e+00)	Acc@1  37.50 ( 38.02)	Acc@5  84.38 ( 88.04)
0: Test: [150/157]	Time  0.025 ( 0.041)	Loss 1.5488e+00 (1.7067e+00)	Acc@1  50.00 ( 38.11)	Acc@5  89.06 ( 88.19)
0:  * Acc@1 37.940 Acc@5 88.250
0: Epoch 2/3 - 32.462s
0: Steps per epoch: 196
0: Validation steps per epoch: 157
0: Average time per epoch: 33.809 s
0: Test: [  0/157]	Time  2.382 ( 2.382)	Loss 1.5316e+00 (1.5316e+00)	Acc@1  39.06 ( 39.06)	Acc@5  90.62 ( 90.62)
0: Test: [ 10/157]	Time  0.025 ( 0.239)	Loss 1.7033e+00 (1.7266e+00)	Acc@1  40.62 ( 39.77)	Acc@5  89.06 ( 87.22)
0: Test: [ 20/157]	Time  0.025 ( 0.137)	Loss 1.7674e+00 (1.7289e+00)	Acc@1  31.25 ( 39.73)	Acc@5  87.50 ( 87.50)
0: Test: [ 30/157]	Time  0.028 ( 0.101)	Loss 1.8340e+00 (1.7141e+00)	Acc@1  29.69 ( 38.81)	Acc@5  81.25 ( 87.30)
0: Test: [ 40/157]	Time  0.025 ( 0.083)	Loss 1.7313e+00 (1.7134e+00)	Acc@1  43.75 ( 38.99)	Acc@5  87.50 ( 87.69)
0: Test: [ 50/157]	Time  0.025 ( 0.071)	Loss 1.7525e+00 (1.7270e+00)	Acc@1  37.50 ( 38.51)	Acc@5  84.38 ( 87.59)
0: Test: [ 60/157]	Time  0.025 ( 0.064)	Loss 1.7383e+00 (1.7201e+00)	Acc@1  34.38 ( 38.68)	Acc@5  90.62 ( 87.60)
0: Test: [ 70/157]	Time  0.025 ( 0.058)	Loss 1.5130e+00 (1.7154e+00)	Acc@1  48.44 ( 38.73)	Acc@5  89.06 ( 87.59)
0: Test: [ 80/157]	Time  0.025 ( 0.054)	Loss 1.5943e+00 (1.7107e+00)	Acc@1  39.06 ( 38.75)	Acc@5  89.06 ( 87.83)
0: Test: [ 90/157]	Time  0.025 ( 0.05
0: 1)	Loss 1.5846e+00 (1.7140e+00)	Acc@1  39.06 ( 38.41)	Acc@5  85.94 ( 87.88)
0: Test: [100/157]	Time  0.025 ( 0.048)	Loss 1.7222e+00 (1.7129e+00)	Acc@1  32.81 ( 38.32)	Acc@5  89.06 ( 87.82)
0: Test: [110/157]	Time  0.025 ( 0.046)	Loss 1.6781e+00 (1.7123e+00)	Acc@1  35.94 ( 38.41)	Acc@5  90.62 ( 87.92)
0: Test: [120/157]	Time  0.025 ( 0.045)	Loss 1.6431e+00 (1.7068e+00)	Acc@1  39.06 ( 38.33)	Acc@5  87.50 ( 88.08)
0: Test: [130/157]	Time  0.025 ( 0.043)	Loss 1.6777e+00 (1.7115e+00)	Acc@1  34.38 ( 38.04)	Acc@5  85.94 ( 88.02)
0: Test: [140/157]	Time  0.025 ( 0.042)	Loss 1.7665e+00 (1.7101e+00)	Acc@1  37.50 ( 38.02)	Acc@5  84.38 ( 88.04)
0: Test: [150/157]	Time  0.025 ( 0.041)	Loss 1.5488e+00 (1.7067e+00)	Acc@1  50.00 ( 38.11)	Acc@5  89.06 ( 88.19)
0:  * Acc@1 37.940 Acc@5 88.250
0: Epoch 2/3 - 32.487s
0: Steps per epoch: 196
0: Validation steps per epoch: 157
0: Average time per epoch: 33.815 s
0: --- 107.37735915184021 seconds ---
0: --- 107.37146186828613 seconds ---
ELAPSED: 108 seconds
End at Mon Feb  1 00:17:52 EET 2021
