WORKERS: "gpu25-ib:5555"
Start at Mon Feb  1 12:31:47 EET 2021
CUDA_VISIBLE_DEVICES: 0,1
Running on hosts: gpu25
Running on 1 nodes.
Running 1 tasks per node
Job id is 1085800
srun -w gpu25 -N 1 -n 1 -l python -u train.pytorch.cifar10.py --config=configs/pytorch_cifar10_resnet.B128.yaml --dist-url 'tcp://gpu25-ib:5555' --dist-backend 'nccl' --multiprocessing-distributed --world-size 1 --rank 0 & 
0: Number of devices per node: 2
0: Use GPU: 0 for training
0: => creating model 'resnet50'
0: Use GPU: 1 for training
0: => creating model 'resnet50'
0: Epoch: [0][  0/391]	Time  7.585 ( 7.585)	Data  4.612 ( 4.612)	Loss 7.2826e+00 (7.2826e+00)	Acc@1   0.00 (  0.00)	Acc@5   0.00 (  0.00)
0: Epoch: [0][ 10/391]	Time  0.109 ( 0.787)	Data  0.000 ( 0.419)	Loss 2.8853e+00 (4.9589e+00)	Acc@1   4.69 (  5.26)	Acc@5  43.75 ( 28.69)
0: Epoch: [0][ 20/391]	Time  0.107 ( 0.463)	Data  0.000 ( 0.221)	Loss 2.4208e+00 (3.7812e+00)	Acc@1  14.06 (  9.00)	Acc@5  59.38 ( 40.70)
0: Epoch: [0][ 30/391]	Time  0.108 ( 0.348)	Data  0.000 ( 0.150)	Loss 2.4970e+00 (3.3757e+00)	Acc@1   4.69 (  9.32)	Acc@5  51.56 ( 43.85)
0: Epoch: [0][ 40/391]	Time  0.107 ( 0.290)	Data  0.000 ( 0.114)	Loss 2.3792e+00 (3.1497e+00)	Acc@1  10.94 (  9.98)	Acc@5  57.81 ( 46.76)
0: Epoch: [0][ 50/391]	Time  0.107 ( 0.254)	Data  0.000 ( 0.092)	Loss 2.6136e+00 (3.0024e+00)	Acc@1   9.38 ( 10.51)	Acc@5  42.19 ( 48.68)
0: Epoch: [0][ 60/391]	Time  0.107 ( 0.230)	Data  0.000 ( 0.078)	Loss 2.4373e+00 (2.8952e+00)	Acc@1  10.94 ( 11.30)	Acc@5  60.94 ( 50.77)
0: Epoch: [0][ 70/391]	Time  0.107 ( 0.212)	Data  0.000 ( 0.067)	Loss 2.3556e+00 (
0: 2.8140e+00)	Acc@1  14.06 ( 11.99)	Acc@5  64.06 ( 52.66)
0: Epoch: [0][ 80/391]	Time  0.107 ( 0.199)	Data  0.000 ( 0.059)	Loss 2.5096e+00 (2.7482e+00)	Acc@1  12.50 ( 12.69)	Acc@5  59.38 ( 54.30)
0: Epoch: [0][ 90/391]	Time  0.107 ( 0.189)	Data  0.000 ( 0.053)	Loss 2.2765e+00 (2.6926e+00)	Acc@1  23.44 ( 13.38)	Acc@5  62.50 ( 55.41)
0: Epoch: [0][100/391]	Time  0.107 ( 0.181)	Data  0.000 ( 0.048)	Loss 2.1532e+00 (2.6415e+00)	Acc@1  23.44 ( 14.14)	Acc@5  68.75 ( 56.50)
0: Epoch: [0][110/391]	Time  0.107 ( 0.174)	Data  0.000 ( 0.044)	Loss 2.0802e+00 (2.6041e+00)	Acc@1  23.44 ( 14.65)	Acc@5  71.88 ( 57.60)
0: Epoch: [0][120/391]	Time  0.107 ( 0.169)	Data  0.000 ( 0.040)	Loss 2.1093e+00 (2.5729e+00)	Acc@1  23.44 ( 15.04)	Acc@5  75.00 ( 58.83)
0: Epoch: [0][130/391]	Time  0.107 ( 0.164)	Data  0.000 ( 0.037)	Loss 2.2771e+00 (2.5457e+00)	Acc@1  20.31 ( 15.65)	Acc@5  71.88 ( 59.84)
0: Epoch: [0][140/391]	Time  0.107 ( 0.160)	Data  0.000 ( 0.035)	Loss 1.8062e+00 (2.5208e+00)	Acc@1  37.50 ( 16.08)	Acc@5  85.94 ( 60.72)
0: Epoch: [0][150/391]	Tim
0: e  0.107 ( 0.156)	Data  0.000 ( 0.033)	Loss 2.0805e+00 (2.4929e+00)	Acc@1  25.00 ( 16.67)	Acc@5  71.88 ( 61.68)
0: Epoch: [0][160/391]	Time  0.107 ( 0.153)	Data  0.000 ( 0.031)	Loss 2.1415e+00 (2.4703e+00)	Acc@1  26.56 ( 17.00)	Acc@5  73.44 ( 62.59)
0: Epoch: [0][170/391]	Time  0.107 ( 0.151)	Data  0.000 ( 0.029)	Loss 2.0021e+00 (2.4502e+00)	Acc@1  28.12 ( 17.46)	Acc@5  84.38 ( 63.29)
0: Epoch: [0][180/391]	Time  0.107 ( 0.148)	Data  0.000 ( 0.028)	Loss 2.1028e+00 (2.4315e+00)	Acc@1  28.12 ( 17.72)	Acc@5  71.88 ( 63.94)
0: Epoch: [0][190/391]	Time  0.107 ( 0.146)	Data  0.000 ( 0.026)	Loss 2.0444e+00 (2.4144e+00)	Acc@1  26.56 ( 18.10)	Acc@5  76.56 ( 64.55)
0: Epoch: [0][200/391]	Time  0.107 ( 0.144)	Data  0.000 ( 0.025)	Loss 1.9244e+00 (2.3944e+00)	Acc@1  29.69 ( 18.62)	Acc@5  84.38 ( 65.28)
0: Epoch: [0][210/391]	Time  0.107 ( 0.142)	Data  0.000 ( 0.024)	Loss 1.8468e+00 (2.3773e+00)	Acc@1  20.31 ( 18.94)	Acc@5  87.50 ( 65.85)
0: Epoch: [0][220/391]	Time  0.107 ( 0.141)	Data  0.000 ( 0.023)	Loss 2.0940e+00 (2.3619e+00)	Acc@1  26.5
0: 6 ( 19.28)	Acc@5  76.56 ( 66.54)
0: Epoch: [0][230/391]	Time  0.107 ( 0.139)	Data  0.000 ( 0.022)	Loss 2.0171e+00 (2.3459e+00)	Acc@1  26.56 ( 19.64)	Acc@5  81.25 ( 67.06)
0: Epoch: [0][240/391]	Time  0.107 ( 0.138)	Data  0.000 ( 0.021)	Loss 1.9358e+00 (2.3338e+00)	Acc@1  25.00 ( 19.87)	Acc@5  82.81 ( 67.60)
0: Epoch: [0][250/391]	Time  0.107 ( 0.137)	Data  0.000 ( 0.021)	Loss 2.1638e+00 (2.3209e+00)	Acc@1  20.31 ( 20.21)	Acc@5  78.12 ( 68.10)
0: Epoch: [0][260/391]	Time  0.107 ( 0.136)	Data  0.000 ( 0.020)	Loss 2.1762e+00 (2.3095e+00)	Acc@1  23.44 ( 20.49)	Acc@5  73.44 ( 68.55)
0: Epoch: [0][270/391]	Time  0.107 ( 0.135)	Data  0.000 ( 0.019)	Loss 2.0177e+00 (2.2979e+00)	Acc@1  23.44 ( 20.73)	Acc@5  82.81 ( 68.99)
0: Epoch: [0][280/391]	Time  0.107 ( 0.134)	Data  0.000 ( 0.019)	Loss 2.0302e+00 (2.2884e+00)	Acc@1  32.81 ( 20.97)	Acc@5  79.69 ( 69.34)
0: Epoch: [0][290/391]	Time  0.107 ( 0.133)	Data  0.000 ( 0.018)	Loss 2.0003e+00 (2.2791e+00)	Acc@1  26.56 ( 21.30)	Acc@5  75.00 ( 69.61)
0: Epoch: [0][300/391]	Time  0.107 ( 0.132)	Data 
0:  0.000 ( 0.018)	Loss 1.9307e+00 (2.2692e+00)	Acc@1  34.38 ( 21.56)	Acc@5  82.81 ( 70.00)
0: Epoch: [0][310/391]	Time  0.107 ( 0.131)	Data  0.000 ( 0.017)	Loss 1.7965e+00 (2.2593e+00)	Acc@1  35.94 ( 21.77)	Acc@5  85.94 ( 70.33)
0: Epoch: [0][320/391]	Time  0.107 ( 0.130)	Data  0.000 ( 0.017)	Loss 1.8768e+00 (2.2502e+00)	Acc@1  32.81 ( 22.01)	Acc@5  79.69 ( 70.59)
0: Epoch: [0][330/391]	Time  0.107 ( 0.130)	Data  0.000 ( 0.016)	Loss 1.8942e+00 (2.2401e+00)	Acc@1  34.38 ( 22.33)	Acc@5  79.69 ( 70.88)
0: Epoch: [0][340/391]	Time  0.107 ( 0.129)	Data  0.000 ( 0.016)	Loss 1.9621e+00 (2.2331e+00)	Acc@1  25.00 ( 22.47)	Acc@5  81.25 ( 71.18)
0: Epoch: [0][350/391]	Time  0.107 ( 0.128)	Data  0.000 ( 0.015)	Loss 1.9207e+00 (2.2236e+00)	Acc@1  34.38 ( 22.77)	Acc@5  84.38 ( 71.49)
0: Epoch: [0][360/391]	Time  0.107 ( 0.128)	Data  0.000 ( 0.015)	Loss 1.6366e+00 (2.2183e+00)	Acc@1  34.38 ( 22.88)	Acc@5  92.19 ( 71.71)
0: Epoch: [0][370/391]	Time  0.107 ( 0.127)	Data  0.000 ( 0.015)	Loss 2.0924e+00 (2.2120e+00)	Acc@1  21.88 ( 23.09)	Acc@5  78.12
0:  ( 71.96)
0: Epoch: [0][380/391]	Time  0.107 ( 0.127)	Data  0.000 ( 0.014)	Loss 2.0840e+00 (2.2059e+00)	Acc@1  21.88 ( 23.27)	Acc@5  76.56 ( 72.21)
0: Epoch: [0][390/391]	Time  1.766 ( 0.130)	Data  0.000 ( 0.014)	Loss 1.7379e+00 (2.2006e+00)	Acc@1  37.50 ( 23.38)	Acc@5  87.50 ( 72.40)
0: Epoch: [0][  0/391]	Time  7.596 ( 7.596)	Data  4.572 ( 4.572)	Loss 7.3681e+00 (7.3681e+00)	Acc@1   0.00 (  0.00)	Acc@5   0.00 (  0.00)
0: Epoch: [0][ 10/391]	Time  0.108 ( 0.787)	Data  0.000 ( 0.416)	Loss 2.6091e+00 (4.8469e+00)	Acc@1   6.25 (  5.68)	Acc@5  53.12 ( 33.52)
0: Epoch: [0][ 20/391]	Time  0.107 ( 0.463)	Data  0.000 ( 0.219)	Loss 2.5527e+00 (3.7506e+00)	Acc@1  12.50 (  9.38)	Acc@5  42.19 ( 41.37)
0: Epoch: [0][ 30/391]	Time  0.107 ( 0.348)	Data  0.000 ( 0.149)	Loss 2.4957e+00 (3.3483e+00)	Acc@1   6.25 ( 10.18)	Acc@5  46.88 ( 45.06)
0: Epoch: [0][ 40/391]	Time  0.107 ( 0.289)	Data  0.000 ( 0.113)	Loss 2.3370e+00 (3.1285e+00)	Acc@1  10.94 ( 10.59)	Acc@5  59.38 ( 47.41)
0: Epoch: [0][ 50/391]	Time  0.107 ( 0.254)	Data  0.000 ( 0.092)	Loss 2.4659e+00 (2.9868e+00)	Acc@1  10.94 ( 10.97)	Acc@5  57.81 ( 49.30)
0: Epoch: [0][ 60/391]	Time  0.107 ( 0.230)	Data  0.000 ( 0.077)	Loss 2.3351e+00 (2.8811e+00)	Acc@1  14.06 ( 11.65)	Acc@5  64.06 ( 50.92)
0: Epoch: [0][ 70/391]	Time  0.107 ( 0.212)	Data  0.000 ( 0.067)	Loss 2.2969e+00 (
0: 2.7965e+00)	Acc@1  12.50 ( 12.59)	Acc@5  62.50 ( 52.86)
0: Epoch: [0][ 80/391]	Time  0.107 ( 0.199)	Data  0.000 ( 0.059)	Loss 2.2891e+00 (2.7302e+00)	Acc@1  18.75 ( 13.41)	Acc@5  64.06 ( 54.34)
0: Epoch: [0][ 90/391]	Time  0.107 ( 0.189)	Data  0.000 ( 0.053)	Loss 2.4605e+00 (2.6781e+00)	Acc@1  10.94 ( 13.94)	Acc@5  46.88 ( 55.56)
0: Epoch: [0][100/391]	Time  0.107 ( 0.181)	Data  0.000 ( 0.048)	Loss 2.3106e+00 (2.6349e+00)	Acc@1  20.31 ( 14.45)	Acc@5  60.94 ( 56.62)
0: Epoch: [0][110/391]	Time  0.107 ( 0.174)	Data  0.000 ( 0.044)	Loss 2.3165e+00 (2.6028e+00)	Acc@1  14.06 ( 14.71)	Acc@5  64.06 ( 57.67)
0: Epoch: [0][120/391]	Time  0.107 ( 0.169)	Data  0.000 ( 0.040)	Loss 2.4455e+00 (2.5732e+00)	Acc@1   9.38 ( 15.21)	Acc@5  70.31 ( 58.61)
0: Epoch: [0][130/391]	Time  0.107 ( 0.164)	Data  0.000 ( 0.037)	Loss 2.1859e+00 (2.5451e+00)	Acc@1  15.62 ( 15.66)	Acc@5  75.00 ( 59.60)
0: Epoch: [0][140/391]	Time  0.107 ( 0.160)	Data  0.000 ( 0.035)	Loss 2.1937e+00 (2.5152e+00)	Acc@1  31.25 ( 16.16)	Acc@5  67.19 ( 60.63)
0: Epoch: [0][150/391]	Tim
0: e  0.108 ( 0.156)	Data  0.000 ( 0.033)	Loss 2.1334e+00 (2.4907e+00)	Acc@1  21.88 ( 16.58)	Acc@5  79.69 ( 61.62)
0: Epoch: [0][160/391]	Time  0.107 ( 0.153)	Data  0.000 ( 0.031)	Loss 2.1997e+00 (2.4724e+00)	Acc@1  26.56 ( 16.91)	Acc@5  73.44 ( 62.43)
0: Epoch: [0][170/391]	Time  0.107 ( 0.151)	Data  0.000 ( 0.029)	Loss 2.1529e+00 (2.4513e+00)	Acc@1  25.00 ( 17.43)	Acc@5  71.88 ( 62.96)
0: Epoch: [0][180/391]	Time  0.106 ( 0.148)	Data  0.000 ( 0.028)	Loss 2.0197e+00 (2.4334e+00)	Acc@1  20.31 ( 17.70)	Acc@5  79.69 ( 63.60)
0: Epoch: [0][190/391]	Time  0.107 ( 0.146)	Data  0.000 ( 0.026)	Loss 2.0845e+00 (2.4153e+00)	Acc@1  21.88 ( 18.05)	Acc@5  79.69 ( 64.15)
0: Epoch: [0][200/391]	Time  0.108 ( 0.144)	Data  0.000 ( 0.025)	Loss 2.1546e+00 (2.3986e+00)	Acc@1  20.31 ( 18.31)	Acc@5  76.56 ( 64.89)
0: Epoch: [0][210/391]	Time  0.107 ( 0.142)	Data  0.000 ( 0.024)	Loss 2.0078e+00 (2.3811e+00)	Acc@1  29.69 ( 18.73)	Acc@5  81.25 ( 65.46)
0: Epoch: [0][220/391]	Time  0.107 ( 0.141)	Data  0.000 ( 0.023)	Loss 2.2739e+00 (2.3673e+00)	Acc@1  20.3
0: 1 ( 18.95)	Acc@5  70.31 ( 65.97)
0: Epoch: [0][230/391]	Time  0.106 ( 0.139)	Data  0.000 ( 0.022)	Loss 2.2581e+00 (2.3528e+00)	Acc@1  23.44 ( 19.31)	Acc@5  68.75 ( 66.48)
0: Epoch: [0][240/391]	Time  0.107 ( 0.138)	Data  0.000 ( 0.021)	Loss 2.1096e+00 (2.3405e+00)	Acc@1  28.12 ( 19.65)	Acc@5  68.75 ( 66.86)
0: Epoch: [0][250/391]	Time  0.107 ( 0.137)	Data  0.000 ( 0.021)	Loss 2.1542e+00 (2.3268e+00)	Acc@1  20.31 ( 19.95)	Acc@5  73.44 ( 67.38)
0: Epoch: [0][260/391]	Time  0.107 ( 0.136)	Data  0.000 ( 0.020)	Loss 2.0970e+00 (2.3150e+00)	Acc@1  23.44 ( 20.22)	Acc@5  81.25 ( 67.86)
0: Epoch: [0][270/391]	Time  0.107 ( 0.135)	Data  0.000 ( 0.019)	Loss 1.9184e+00 (2.3044e+00)	Acc@1  26.56 ( 20.48)	Acc@5  81.25 ( 68.29)
0: Epoch: [0][280/391]	Time  0.108 ( 0.134)	Data  0.000 ( 0.019)	Loss 1.8386e+00 (2.2948e+00)	Acc@1  39.06 ( 20.81)	Acc@5  78.12 ( 68.71)
0: Epoch: [0][290/391]	Time  0.107 ( 0.133)	Data  0.000 ( 0.018)	Loss 1.9123e+00 (2.2836e+00)	Acc@1  34.38 ( 21.15)	Acc@5  79.69 ( 69.16)
0: Epoch: [0][300/391]	Time  0.107 ( 0.132)	Data 
0:  0.000 ( 0.018)	Loss 2.1998e+00 (2.2759e+00)	Acc@1  28.12 ( 21.39)	Acc@5  70.31 ( 69.37)
0: Epoch: [0][310/391]	Time  0.107 ( 0.131)	Data  0.000 ( 0.017)	Loss 1.9686e+00 (2.2648e+00)	Acc@1  23.44 ( 21.67)	Acc@5  81.25 ( 69.76)
0: Epoch: [0][320/391]	Time  0.108 ( 0.130)	Data  0.000 ( 0.017)	Loss 1.8525e+00 (2.2529e+00)	Acc@1  35.94 ( 22.06)	Acc@5  87.50 ( 70.17)
0: Epoch: [0][330/391]	Time  0.106 ( 0.130)	Data  0.000 ( 0.016)	Loss 1.9276e+00 (2.2422e+00)	Acc@1  31.25 ( 22.35)	Acc@5  82.81 ( 70.53)
0: Epoch: [0][340/391]	Time  0.106 ( 0.129)	Data  0.000 ( 0.016)	Loss 1.7834e+00 (2.2331e+00)	Acc@1  29.69 ( 22.63)	Acc@5  85.94 ( 70.86)
0: Epoch: [0][350/391]	Time  0.108 ( 0.128)	Data  0.000 ( 0.016)	Loss 2.1313e+00 (2.2250e+00)	Acc@1  26.56 ( 22.84)	Acc@5  76.56 ( 71.12)
0: Epoch: [0][360/391]	Time  0.107 ( 0.128)	Data  0.000 ( 0.015)	Loss 1.9555e+00 (2.2166e+00)	Acc@1  35.94 ( 23.10)	Acc@5  87.50 ( 71.39)
0: Epoch: [0][370/391]	Time  0.107 ( 0.127)	Data  0.000 ( 0.015)	Loss 1.9069e+00 (2.2099e+00)	Acc@1  29.69 ( 23.27)	Acc@5  84.38
0:  ( 71.70)
0: Epoch: [0][380/391]	Time  0.107 ( 0.127)	Data  0.000 ( 0.015)	Loss 1.8611e+00 (2.2031e+00)	Acc@1  34.38 ( 23.49)	Acc@5  87.50 ( 71.98)
0: Epoch: [0][390/391]	Time  1.777 ( 0.130)	Data  0.000 ( 0.014)	Loss 2.0806e+00 (2.1974e+00)	Acc@1  27.50 ( 23.65)	Acc@5  72.50 ( 72.23)
0: Test: [  0/157]	Time  2.379 ( 2.379)	Loss 1.8133e+00 (1.8133e+00)	Acc@1  46.88 ( 46.88)	Acc@5  89.06 ( 89.06)
0: Test: [ 10/157]	Time  0.025 ( 0.239)	Loss 1.8781e+00 (1.9355e+00)	Acc@1  28.12 ( 32.67)	Acc@5  79.69 ( 83.24)
0: Test: [ 20/157]	Time  0.025 ( 0.137)	Loss 1.9545e+00 (1.9074e+00)	Acc@1  20.31 ( 33.71)	Acc@5  87.50 ( 83.26)
0: Test: [ 30/157]	Time  0.025 ( 0.101)	Loss 1.8572e+00 (1.9046e+00)	Acc@1  32.81 ( 33.92)	Acc@5  81.25 ( 82.81)
0: Test: [ 40/157]	Time  0.025 ( 0.082)	Loss 1.8846e+00 (1.8856e+00)	Acc@1  31.25 ( 34.45)	Acc@5  82.81 ( 83.08)
0: Test: [ 50/157]	Time  0.025 ( 0.071)	Loss 1.9678e+00 (1.8996e+00)	Acc@1  31.25 ( 33.73)	Acc@5  78.12 ( 82.94)
0: Test: [ 60/157]	Time  0.025 ( 0.064)	Loss 1.9505e+00 (1.8940e+00)	Acc@1  31.25 ( 33.53)	Acc@5  82.81 ( 83.32)
0: Test: [ 70/157]	Time  0.025 ( 0.058)	Loss 1.7402e+00 (1.8889e+00)	Acc@1  39.06 ( 33.65)	Acc@5  90.62 ( 83.27)
0: Test: [ 80/157]	Time  0.025 ( 0.054)	Loss 1.8279e+00 (1.8917e+00)	Acc@1  26.56 ( 33.24)	Acc@5  82.81 ( 83.41)
0: Test: [ 90/157]	Time  0.025 ( 0.05
0: 1)	Loss 1.8574e+00 (1.8974e+00)	Acc@1  32.81 ( 32.92)	Acc@5  81.25 ( 83.17)
0: Test: [100/157]	Time  0.025 ( 0.048)	Loss 1.9429e+00 (1.9019e+00)	Acc@1  23.44 ( 32.53)	Acc@5  84.38 ( 83.17)
0: Test: [110/157]	Time  0.025 ( 0.046)	Loss 1.6696e+00 (1.9017e+00)	Acc@1  40.62 ( 32.52)	Acc@5  89.06 ( 83.05)
0: Test: [120/157]	Time  0.025 ( 0.044)	Loss 1.7639e+00 (1.8989e+00)	Acc@1  39.06 ( 32.58)	Acc@5  82.81 ( 83.14)
0: Test: [130/157]	Time  0.025 ( 0.043)	Loss 1.9672e+00 (1.9064e+00)	Acc@1  31.25 ( 32.47)	Acc@5  76.56 ( 82.93)
0: Test: [140/157]	Time  0.025 ( 0.042)	Loss 1.8654e+00 (1.9088e+00)	Acc@1  32.81 ( 32.38)	Acc@5  89.06 ( 82.95)
0: Test: [150/157]	Time  0.025 ( 0.041)	Loss 1.8041e+00 (1.9098e+00)	Acc@1  23.44 ( 32.32)	Acc@5  85.94 ( 83.00)
0:  * Acc@1 32.170 Acc@5 82.860
0: Epoch 0/3 - 57.753s
0: Test: [  0/157]	Time  2.363 ( 2.363)	Loss 1.8133e+00 (1.8133e+00)	Acc@1  46.88 ( 46.88)	Acc@5  89.06 ( 89.06)
0: Test: [ 10/157]	Time  0.025 ( 0.238)	Loss 1.8781e+00 (1.9355e+00)	Acc@1  28.12 ( 32.67)	Acc@5  79.69 ( 83.24)
0: Test: [ 20/157]	Time  0.025 ( 0.137)	Loss 1.9545e+00 (1.9074e+00)	Acc@1  20.31 ( 33.71)	Acc@5  87.50 ( 83.26)
0: Test: [ 30/157]	Time  0.025 ( 0.101)	Loss 1.8572e+00 (1.9046e+00)	Acc@1  32.81 ( 33.92)	Acc@5  81.25 ( 82.81)
0: Test: [ 40/157]	Time  0.025 ( 0.082)	Loss 1.8846e+00 (1.8856e+00)	Acc@1  31.25 ( 34.45)	Acc@5  82.81 ( 83.08)
0: Test: [ 50/157]	Time  0.025 ( 0.071)	Loss 1.9678e+00 (1.8996e+00)	Acc@1  31.25 ( 33.73)	Acc@5  78.12 ( 82.94)
0: Test: [ 60/157]	Time  0.025 ( 0.063)	Loss 1.9505e+00 (1.8940e+00)	Acc@1  31.25 ( 33.53)	Acc@5  82.81 ( 83.32)
0: Test: [ 70/157]	Time  0.025 ( 0.058)	Loss 1.7402e+00 (1.8889e+00)	Acc@1  39.06 ( 33.65)	Acc@5  90.62 ( 83.27)
0: Test: [ 80/157]	Time  0.025 ( 0.054)	Loss 1.8279e+00 (1.8917e+00)	Acc@1  26.56 ( 33.24)	Acc@5  82.81 ( 83.41)
0: Test: [ 90/157]	Time  0.025 ( 0.05
0: 1)	Loss 1.8574e+00 (1.8974e+00)	Acc@1  32.81 ( 32.92)	Acc@5  81.25 ( 83.17)
0: Test: [100/157]	Time  0.025 ( 0.048)	Loss 1.9429e+00 (1.9019e+00)	Acc@1  23.44 ( 32.53)	Acc@5  84.38 ( 83.17)
0: Test: [110/157]	Time  0.025 ( 0.046)	Loss 1.6696e+00 (1.9017e+00)	Acc@1  40.62 ( 32.52)	Acc@5  89.06 ( 83.05)
0: Test: [120/157]	Time  0.025 ( 0.044)	Loss 1.7639e+00 (1.8989e+00)	Acc@1  39.06 ( 32.58)	Acc@5  82.81 ( 83.14)
0: Test: [130/157]	Time  0.025 ( 0.043)	Loss 1.9672e+00 (1.9064e+00)	Acc@1  31.25 ( 32.47)	Acc@5  76.56 ( 82.93)
0: Test: [140/157]	Time  0.025 ( 0.042)	Loss 1.8654e+00 (1.9088e+00)	Acc@1  32.81 ( 32.38)	Acc@5  89.06 ( 82.95)
0: Test: [150/157]	Time  0.025 ( 0.040)	Loss 1.8041e+00 (1.9098e+00)	Acc@1  23.44 ( 32.32)	Acc@5  85.94 ( 83.00)
0:  * Acc@1 32.170 Acc@5 82.860
0: Epoch 0/3 - 57.756s
0: Epoch: [1][  0/391]	Time  4.681 ( 4.681)	Data  4.580 ( 4.580)	Loss 2.0251e+00 (2.0251e+00)	Acc@1  26.56 ( 26.56)	Acc@5  78.12 ( 78.12)
0: Epoch: [1][ 10/391]	Time  0.108 ( 0.523)	Data  0.000 ( 0.419)	Loss 1.7846e+00 (1.9166e+00)	Acc@1  40.62 ( 33.24)	Acc@5  84.38 ( 81.25)
0: Epoch: [1][ 20/391]	Time  0.108 ( 0.325)	Data  0.000 ( 0.220)	Loss 1.9390e+00 (1.9003e+00)	Acc@1  37.50 ( 33.18)	Acc@5  78.12 ( 82.51)
0: Epoch: [1][ 30/391]	Time  0.107 ( 0.255)	Data  0.000 ( 0.150)	Loss 1.8848e+00 (1.9004e+00)	Acc@1  34.38 ( 32.71)	Acc@5  82.81 ( 82.66)
0: Epoch: [1][ 40/391]	Time  0.107 ( 0.219)	Data  0.000 ( 0.114)	Loss 1.9778e+00 (1.9009e+00)	Acc@1  32.81 ( 33.04)	Acc@5  89.06 ( 82.74)
0: Epoch: [1][ 50/391]	Time  0.107 ( 0.197)	Data  0.000 ( 0.092)	Loss 1.8494e+00 (1.9023e+00)	Acc@1  32.81 ( 32.60)	Acc@5  87.50 ( 82.87)
0: Epoch: [1][ 60/391]	Time  0.108 ( 0.182)	Data  0.000 ( 0.077)	Loss 1.7290e+00 (1.9010e+00)	Acc@1  37.50 ( 32.56)	Acc@5  85.94 ( 82.86)
0: Epoch: [1][ 70/391]	Time  0.107 ( 0.172)	Data  0.000 ( 0.067)	Loss 1.6063e+00 (
0: 1.8863e+00)	Acc@1  48.44 ( 33.21)	Acc@5  87.50 ( 83.14)
0: Epoch: [1][ 80/391]	Time  0.108 ( 0.164)	Data  0.000 ( 0.059)	Loss 1.6462e+00 (1.8757e+00)	Acc@1  37.50 ( 33.51)	Acc@5  87.50 ( 83.45)
0: Epoch: [1][ 90/391]	Time  0.107 ( 0.158)	Data  0.000 ( 0.053)	Loss 1.6979e+00 (1.8647e+00)	Acc@1  34.38 ( 33.62)	Acc@5  87.50 ( 83.72)
0: Epoch: [1][100/391]	Time  0.107 ( 0.153)	Data  0.000 ( 0.048)	Loss 1.5905e+00 (1.8569e+00)	Acc@1  43.75 ( 33.91)	Acc@5  89.06 ( 83.88)
0: Epoch: [1][110/391]	Time  0.107 ( 0.149)	Data  0.000 ( 0.044)	Loss 1.8859e+00 (1.8561e+00)	Acc@1  31.25 ( 33.77)	Acc@5  87.50 ( 84.02)
0: Epoch: [1][120/391]	Time  0.107 ( 0.145)	Data  0.000 ( 0.040)	Loss 1.8984e+00 (1.8518e+00)	Acc@1  32.81 ( 33.94)	Acc@5  78.12 ( 84.27)
0: Epoch: [1][130/391]	Time  0.108 ( 0.142)	Data  0.000 ( 0.037)	Loss 1.7683e+00 (1.8504e+00)	Acc@1  32.81 ( 33.83)	Acc@5  87.50 ( 84.30)
0: Epoch: [1][140/391]	Time  0.108 ( 0.140)	Data  0.000 ( 0.035)	Loss 1.7507e+00 (1.8481e+00)	Acc@1  39.06 ( 34.09)	Acc@5  87.50 ( 84.32)
0: Epoch: [1][150/391]	Tim
0: e  0.108 ( 0.138)	Data  0.000 ( 0.033)	Loss 1.8826e+00 (1.8481e+00)	Acc@1  26.56 ( 33.99)	Acc@5  85.94 ( 84.26)
0: Epoch: [1][160/391]	Time  0.108 ( 0.136)	Data  0.000 ( 0.031)	Loss 1.8911e+00 (1.8454e+00)	Acc@1  32.81 ( 34.19)	Acc@5  82.81 ( 84.33)
0: Epoch: [1][170/391]	Time  0.107 ( 0.134)	Data  0.000 ( 0.029)	Loss 1.7584e+00 (1.8403e+00)	Acc@1  42.19 ( 34.33)	Acc@5  89.06 ( 84.51)
0: Epoch: [1][180/391]	Time  0.108 ( 0.133)	Data  0.000 ( 0.028)	Loss 1.6620e+00 (1.8438e+00)	Acc@1  34.38 ( 34.18)	Acc@5  89.06 ( 84.44)
0: Epoch: [1][190/391]	Time  0.108 ( 0.131)	Data  0.000 ( 0.026)	Loss 1.6774e+00 (1.8392e+00)	Acc@1  45.31 ( 34.34)	Acc@5  85.94 ( 84.50)
0: Epoch: [1][200/391]	Time  0.107 ( 0.130)	Data  0.000 ( 0.025)	Loss 1.9691e+00 (1.8377e+00)	Acc@1  23.44 ( 34.42)	Acc@5  82.81 ( 84.49)
0: Epoch: [1][210/391]	Time  0.107 ( 0.129)	Data  0.000 ( 0.024)	Loss 1.8495e+00 (1.8380e+00)	Acc@1  37.50 ( 34.40)	Acc@5  82.81 ( 84.50)
0: Epoch: [1][220/391]	Time  0.107 ( 0.128)	Data  0.000 ( 0.023)	Loss 1.8703e+00 (1.8379e+00)	Acc@1  28.1
0: 2 ( 34.33)	Acc@5  85.94 ( 84.47)
0: Epoch: [1][230/391]	Time  0.108 ( 0.127)	Data  0.000 ( 0.022)	Loss 1.6413e+00 (1.8355e+00)	Acc@1  48.44 ( 34.58)	Acc@5  89.06 ( 84.50)
0: Epoch: [1][240/391]	Time  0.108 ( 0.126)	Data  0.000 ( 0.021)	Loss 1.7647e+00 (1.8341e+00)	Acc@1  45.31 ( 34.62)	Acc@5  82.81 ( 84.55)
0: Epoch: [1][250/391]	Time  0.109 ( 0.126)	Data  0.000 ( 0.021)	Loss 1.6674e+00 (1.8342e+00)	Acc@1  37.50 ( 34.57)	Acc@5  92.19 ( 84.57)
0: Epoch: [1][260/391]	Time  0.108 ( 0.125)	Data  0.000 ( 0.020)	Loss 1.5858e+00 (1.8310e+00)	Acc@1  48.44 ( 34.79)	Acc@5  82.81 ( 84.61)
0: Epoch: [1][270/391]	Time  0.107 ( 0.124)	Data  0.000 ( 0.019)	Loss 1.6308e+00 (1.8279e+00)	Acc@1  43.75 ( 34.91)	Acc@5  92.19 ( 84.75)
0: Epoch: [1][280/391]	Time  0.108 ( 0.124)	Data  0.000 ( 0.019)	Loss 1.7347e+00 (1.8277e+00)	Acc@1  51.56 ( 35.01)	Acc@5  82.81 ( 84.70)
0: Epoch: [1][290/391]	Time  0.109 ( 0.123)	Data  0.000 ( 0.018)	Loss 1.6816e+00 (1.8259e+00)	Acc@1  40.62 ( 35.04)	Acc@5  89.06 ( 84.80)
0: Epoch: [1][300/391]	Time  0.107 ( 0.123)	Data 
0:  0.000 ( 0.018)	Loss 1.9472e+00 (1.8257e+00)	Acc@1  37.50 ( 35.10)	Acc@5  79.69 ( 84.79)
0: Epoch: [1][310/391]	Time  0.107 ( 0.122)	Data  0.000 ( 0.017)	Loss 1.9210e+00 (1.8224e+00)	Acc@1  29.69 ( 35.20)	Acc@5  78.12 ( 84.86)
0: Epoch: [1][320/391]	Time  0.107 ( 0.122)	Data  0.000 ( 0.017)	Loss 1.9474e+00 (1.8188e+00)	Acc@1  34.38 ( 35.33)	Acc@5  82.81 ( 84.91)
0: Epoch: [1][330/391]	Time  0.107 ( 0.121)	Data  0.000 ( 0.016)	Loss 1.6258e+00 (1.8174e+00)	Acc@1  46.88 ( 35.41)	Acc@5  90.62 ( 84.94)
0: Epoch: [1][340/391]	Time  0.106 ( 0.121)	Data  0.000 ( 0.016)	Loss 1.8837e+00 (1.8149e+00)	Acc@1  34.38 ( 35.52)	Acc@5  81.25 ( 84.91)
0: Epoch: [1][350/391]	Time  0.108 ( 0.121)	Data  0.000 ( 0.015)	Loss 1.6255e+00 (1.8121e+00)	Acc@1  45.31 ( 35.61)	Acc@5  85.94 ( 84.96)
0: Epoch: [1][360/391]	Time  0.108 ( 0.120)	Data  0.000 ( 0.015)	Loss 1.7428e+00 (1.8115e+00)	Acc@1  39.06 ( 35.65)	Acc@5  89.06 ( 84.98)
0: Epoch: [1][370/391]	Time  0.109 ( 0.120)	Data  0.000 ( 0.015)	Loss 1.8786e+00 (1.8094e+00)	Acc@1  34.38 ( 35.71)	Acc@5  85.94
0:  ( 85.02)
0: Epoch: [1][380/391]	Time  0.108 ( 0.120)	Data  0.000 ( 0.014)	Loss 1.8796e+00 (1.8078e+00)	Acc@1  29.69 ( 35.79)	Acc@5  87.50 ( 85.06)
0: Epoch: [1][390/391]	Time  0.094 ( 0.119)	Data  0.000 ( 0.014)	Loss 1.8821e+00 (1.8047e+00)	Acc@1  30.00 ( 35.81)	Acc@5  80.00 ( 85.13)
0: Epoch: [1][  0/391]	Time  4.677 ( 4.677)	Data  4.581 ( 4.581)	Loss 1.7652e+00 (1.7652e+00)	Acc@1  39.06 ( 39.06)	Acc@5  85.94 ( 85.94)
0: Epoch: [1][ 10/391]	Time  0.108 ( 0.523)	Data  0.000 ( 0.419)	Loss 1.7078e+00 (1.8610e+00)	Acc@1  35.94 ( 32.53)	Acc@5  85.94 ( 85.51)
0: Epoch: [1][ 20/391]	Time  0.107 ( 0.325)	Data  0.000 ( 0.221)	Loss 1.9174e+00 (1.8827e+00)	Acc@1  32.81 ( 31.99)	Acc@5  81.25 ( 84.60)
0: Epoch: [1][ 30/391]	Time  0.107 ( 0.255)	Data  0.000 ( 0.150)	Loss 1.6927e+00 (1.8615e+00)	Acc@1  34.38 ( 32.66)	Acc@5  90.62 ( 85.03)
0: Epoch: [1][ 40/391]	Time  0.108 ( 0.219)	Data  0.000 ( 0.114)	Loss 2.1858e+00 (1.8788e+00)	Acc@1  25.00 ( 32.70)	Acc@5  78.12 ( 84.68)
0: Epoch: [1][ 50/391]	Time  0.107 ( 0.197)	Data  0.000 ( 0.092)	Loss 1.8182e+00 (1.8884e+00)	Acc@1  32.81 ( 32.60)	Acc@5  89.06 ( 84.47)
0: Epoch: [1][ 60/391]	Time  0.108 ( 0.182)	Data  0.000 ( 0.078)	Loss 2.0018e+00 (1.8864e+00)	Acc@1  26.56 ( 32.79)	Acc@5  82.81 ( 84.53)
0: Epoch: [1][ 70/391]	Time  0.107 ( 0.172)	Data  0.000 ( 0.067)	Loss 1.9819e+00 (
0: 1.8931e+00)	Acc@1  25.00 ( 32.64)	Acc@5  79.69 ( 84.26)
0: Epoch: [1][ 80/391]	Time  0.108 ( 0.164)	Data  0.000 ( 0.059)	Loss 1.8691e+00 (1.8854e+00)	Acc@1  37.50 ( 32.83)	Acc@5  87.50 ( 84.32)
0: Epoch: [1][ 90/391]	Time  0.108 ( 0.158)	Data  0.000 ( 0.053)	Loss 1.6061e+00 (1.8755e+00)	Acc@1  42.19 ( 33.10)	Acc@5  89.06 ( 84.48)
0: Epoch: [1][100/391]	Time  0.108 ( 0.153)	Data  0.000 ( 0.048)	Loss 1.8524e+00 (1.8660e+00)	Acc@1  34.38 ( 33.57)	Acc@5  84.38 ( 84.55)
0: Epoch: [1][110/391]	Time  0.108 ( 0.149)	Data  0.000 ( 0.044)	Loss 1.6255e+00 (1.8590e+00)	Acc@1  26.56 ( 33.59)	Acc@5  90.62 ( 84.56)
0: Epoch: [1][120/391]	Time  0.108 ( 0.145)	Data  0.000 ( 0.040)	Loss 1.8434e+00 (1.8559e+00)	Acc@1  31.25 ( 33.42)	Acc@5  84.38 ( 84.61)
0: Epoch: [1][130/391]	Time  0.108 ( 0.142)	Data  0.000 ( 0.038)	Loss 2.0808e+00 (1.8570e+00)	Acc@1  23.44 ( 33.36)	Acc@5  75.00 ( 84.55)
0: Epoch: [1][140/391]	Time  0.108 ( 0.140)	Data  0.000 ( 0.035)	Loss 1.9450e+00 (1.8624e+00)	Acc@1  37.50 ( 33.23)	Acc@5  76.56 ( 84.49)
0: Epoch: [1][150/391]	Tim
0: e  0.108 ( 0.138)	Data  0.000 ( 0.033)	Loss 1.8013e+00 (1.8573e+00)	Acc@1  29.69 ( 33.22)	Acc@5  79.69 ( 84.70)
0: Epoch: [1][160/391]	Time  0.108 ( 0.136)	Data  0.000 ( 0.031)	Loss 1.9269e+00 (1.8568e+00)	Acc@1  29.69 ( 33.29)	Acc@5  82.81 ( 84.62)
0: Epoch: [1][170/391]	Time  0.108 ( 0.134)	Data  0.000 ( 0.029)	Loss 1.7217e+00 (1.8500e+00)	Acc@1  34.38 ( 33.42)	Acc@5  87.50 ( 84.70)
0: Epoch: [1][180/391]	Time  0.107 ( 0.133)	Data  0.000 ( 0.028)	Loss 1.8865e+00 (1.8498e+00)	Acc@1  34.38 ( 33.47)	Acc@5  81.25 ( 84.68)
0: Epoch: [1][190/391]	Time  0.107 ( 0.131)	Data  0.000 ( 0.027)	Loss 1.9161e+00 (1.8463e+00)	Acc@1  28.12 ( 33.56)	Acc@5  82.81 ( 84.70)
0: Epoch: [1][200/391]	Time  0.107 ( 0.130)	Data  0.000 ( 0.025)	Loss 1.7586e+00 (1.8458e+00)	Acc@1  34.38 ( 33.55)	Acc@5  85.94 ( 84.71)
0: Epoch: [1][210/391]	Time  0.107 ( 0.129)	Data  0.000 ( 0.024)	Loss 1.7002e+00 (1.8452e+00)	Acc@1  28.12 ( 33.50)	Acc@5  89.06 ( 84.76)
0: Epoch: [1][220/391]	Time  0.107 ( 0.128)	Data  0.000 ( 0.023)	Loss 1.8273e+00 (1.8486e+00)	Acc@1  29.6
0: 9 ( 33.44)	Acc@5  82.81 ( 84.65)
0: Epoch: [1][230/391]	Time  0.107 ( 0.127)	Data  0.000 ( 0.022)	Loss 2.0002e+00 (1.8453e+00)	Acc@1  26.56 ( 33.59)	Acc@5  81.25 ( 84.80)
0: Epoch: [1][240/391]	Time  0.108 ( 0.126)	Data  0.000 ( 0.022)	Loss 1.7137e+00 (1.8421e+00)	Acc@1  31.25 ( 33.60)	Acc@5  87.50 ( 84.91)
0: Epoch: [1][250/391]	Time  0.109 ( 0.126)	Data  0.000 ( 0.021)	Loss 1.9217e+00 (1.8410e+00)	Acc@1  35.94 ( 33.60)	Acc@5  82.81 ( 84.92)
0: Epoch: [1][260/391]	Time  0.108 ( 0.125)	Data  0.000 ( 0.020)	Loss 1.6393e+00 (1.8379e+00)	Acc@1  40.62 ( 33.69)	Acc@5  93.75 ( 85.02)
0: Epoch: [1][270/391]	Time  0.107 ( 0.124)	Data  0.000 ( 0.020)	Loss 1.8800e+00 (1.8350e+00)	Acc@1  35.94 ( 33.83)	Acc@5  75.00 ( 85.00)
0: Epoch: [1][280/391]	Time  0.109 ( 0.124)	Data  0.000 ( 0.019)	Loss 1.7917e+00 (1.8335e+00)	Acc@1  37.50 ( 33.94)	Acc@5  85.94 ( 85.07)
0: Epoch: [1][290/391]	Time  0.109 ( 0.123)	Data  0.000 ( 0.018)	Loss 1.9186e+00 (1.8334e+00)	Acc@1  29.69 ( 33.93)	Acc@5  89.06 ( 85.04)
0: Epoch: [1][300/391]	Time  0.107 ( 0.123)	Data 
0:  0.000 ( 0.018)	Loss 1.7443e+00 (1.8292e+00)	Acc@1  39.06 ( 34.08)	Acc@5  85.94 ( 85.16)
0: Epoch: [1][310/391]	Time  0.106 ( 0.122)	Data  0.000 ( 0.017)	Loss 1.8354e+00 (1.8277e+00)	Acc@1  31.25 ( 34.10)	Acc@5  87.50 ( 85.20)
0: Epoch: [1][320/391]	Time  0.106 ( 0.122)	Data  0.000 ( 0.017)	Loss 1.8715e+00 (1.8272e+00)	Acc@1  25.00 ( 34.10)	Acc@5  82.81 ( 85.18)
0: Epoch: [1][330/391]	Time  0.107 ( 0.121)	Data  0.000 ( 0.016)	Loss 2.0670e+00 (1.8254e+00)	Acc@1  29.69 ( 34.23)	Acc@5  82.81 ( 85.26)
0: Epoch: [1][340/391]	Time  0.106 ( 0.121)	Data  0.000 ( 0.016)	Loss 1.9904e+00 (1.8247e+00)	Acc@1  25.00 ( 34.26)	Acc@5  82.81 ( 85.29)
0: Epoch: [1][350/391]	Time  0.108 ( 0.121)	Data  0.000 ( 0.016)	Loss 1.7250e+00 (1.8226e+00)	Acc@1  42.19 ( 34.31)	Acc@5  87.50 ( 85.33)
0: Epoch: [1][360/391]	Time  0.108 ( 0.120)	Data  0.000 ( 0.015)	Loss 1.5978e+00 (1.8189e+00)	Acc@1  42.19 ( 34.40)	Acc@5  90.62 ( 85.39)
0: Epoch: [1][370/391]	Time  0.109 ( 0.120)	Data  0.000 ( 0.015)	Loss 1.8156e+00 (1.8175e+00)	Acc@1  40.62 ( 34.50)	Acc@5  76.56
0:  ( 85.41)
0: Epoch: [1][380/391]	Time  0.108 ( 0.120)	Data  0.000 ( 0.015)	Loss 2.1164e+00 (1.8150e+00)	Acc@1  25.00 ( 34.53)	Acc@5  78.12 ( 85.47)
0: Epoch: [1][390/391]	Time  0.097 ( 0.119)	Data  0.000 ( 0.014)	Loss 1.6653e+00 (1.8110e+00)	Acc@1  35.00 ( 34.64)	Acc@5  87.50 ( 85.54)
0: Test: [  0/157]	Time  2.364 ( 2.364)	Loss 1.4131e+00 (1.4131e+00)	Acc@1  51.56 ( 51.56)	Acc@5  93.75 ( 93.75)
0: Test: [ 10/157]	Time  0.025 ( 0.238)	Loss 1.7145e+00 (1.6909e+00)	Acc@1  42.19 ( 39.63)	Acc@5  79.69 ( 88.21)
0: Test: [ 20/157]	Time  0.025 ( 0.137)	Loss 1.8155e+00 (1.6748e+00)	Acc@1  32.81 ( 39.06)	Acc@5  89.06 ( 88.54)
0: Test: [ 30/157]	Time  0.025 ( 0.101)	Loss 1.6568e+00 (1.6706e+00)	Acc@1  39.06 ( 39.72)	Acc@5  87.50 ( 88.46)
0: Test: [ 40/157]	Time  0.025 ( 0.082)	Loss 1.7359e+00 (1.6626e+00)	Acc@1  32.81 ( 39.90)	Acc@5  84.38 ( 88.61)
0: Test: [ 50/157]	Time  0.025 ( 0.071)	Loss 1.9514e+00 (1.6721e+00)	Acc@1  32.81 ( 39.95)	Acc@5  76.56 ( 88.27)
0: Test: [ 60/157]	Time  0.025 ( 0.063)	Loss 1.7854e+00 (1.6766e+00)	Acc@1  34.38 ( 39.45)	Acc@5  85.94 ( 87.99)
0: Test: [ 70/157]	Time  0.025 ( 0.058)	Loss 1.4365e+00 (1.6724e+00)	Acc@1  39.06 ( 39.55)	Acc@5  95.31 ( 88.25)
0: Test: [ 80/157]	Time  0.025 ( 0.054)	Loss 1.5216e+00 (1.6689e+00)	Acc@1  46.88 ( 39.56)	Acc@5  87.50 ( 88.52)
0: Test: [ 90/157]	Time  0.025 ( 0.05
0: 1)	Loss 1.5087e+00 (1.6727e+00)	Acc@1  43.75 ( 39.47)	Acc@5  87.50 ( 88.20)
0: Test: [100/157]	Time  0.025 ( 0.048)	Loss 1.6861e+00 (1.6762e+00)	Acc@1  39.06 ( 39.43)	Acc@5  90.62 ( 88.17)
0: Test: [110/157]	Time  0.025 ( 0.046)	Loss 1.5434e+00 (1.6766e+00)	Acc@1  40.62 ( 39.68)	Acc@5  93.75 ( 88.11)
0: Test: [120/157]	Time  0.025 ( 0.044)	Loss 1.5508e+00 (1.6731e+00)	Acc@1  43.75 ( 39.73)	Acc@5  90.62 ( 88.24)
0: Test: [130/157]	Time  0.025 ( 0.043)	Loss 1.6906e+00 (1.6758e+00)	Acc@1  42.19 ( 39.59)	Acc@5  87.50 ( 88.16)
0: Test: [140/157]	Time  0.025 ( 0.042)	Loss 1.7935e+00 (1.6825e+00)	Acc@1  40.62 ( 39.38)	Acc@5  85.94 ( 88.01)
0: Test: [150/157]	Time  0.025 ( 0.040)	Loss 1.6279e+00 (1.6783e+00)	Acc@1  39.06 ( 39.53)	Acc@5  89.06 ( 88.13)
0:  * Acc@1 39.310 Acc@5 88.150
0: Epoch 1/3 - 53.159s
0: Test: [  0/157]	Time  2.365 ( 2.365)	Loss 1.4131e+00 (1.4131e+00)	Acc@1  51.56 ( 51.56)	Acc@5  93.75 ( 93.75)
0: Test: [ 10/157]	Time  0.025 ( 0.238)	Loss 1.7145e+00 (1.6909e+00)	Acc@1  42.19 ( 39.63)	Acc@5  79.69 ( 88.21)
0: Test: [ 20/157]	Time  0.025 ( 0.137)	Loss 1.8155e+00 (1.6748e+00)	Acc@1  32.81 ( 39.06)	Acc@5  89.06 ( 88.54)
0: Test: [ 30/157]	Time  0.027 ( 0.101)	Loss 1.6568e+00 (1.6706e+00)	Acc@1  39.06 ( 39.72)	Acc@5  87.50 ( 88.46)
0: Test: [ 40/157]	Time  0.025 ( 0.082)	Loss 1.7359e+00 (1.6626e+00)	Acc@1  32.81 ( 39.90)	Acc@5  84.38 ( 88.61)
0: Test: [ 50/157]	Time  0.025 ( 0.071)	Loss 1.9514e+00 (1.6721e+00)	Acc@1  32.81 ( 39.95)	Acc@5  76.56 ( 88.27)
0: Test: [ 60/157]	Time  0.025 ( 0.064)	Loss 1.7854e+00 (1.6766e+00)	Acc@1  34.38 ( 39.45)	Acc@5  85.94 ( 87.99)
0: Test: [ 70/157]	Time  0.025 ( 0.058)	Loss 1.4365e+00 (1.6724e+00)	Acc@1  39.06 ( 39.55)	Acc@5  95.31 ( 88.25)
0: Test: [ 80/157]	Time  0.025 ( 0.054)	Loss 1.5216e+00 (1.6689e+00)	Acc@1  46.88 ( 39.56)	Acc@5  87.50 ( 88.52)
0: Test: [ 90/157]	Time  0.025 ( 0.05
0: 1)	Loss 1.5087e+00 (1.6727e+00)	Acc@1  43.75 ( 39.47)	Acc@5  87.50 ( 88.20)
0: Test: [100/157]	Time  0.025 ( 0.048)	Loss 1.6861e+00 (1.6762e+00)	Acc@1  39.06 ( 39.43)	Acc@5  90.62 ( 88.17)
0: Test: [110/157]	Time  0.025 ( 0.046)	Loss 1.5434e+00 (1.6766e+00)	Acc@1  40.62 ( 39.68)	Acc@5  93.75 ( 88.11)
0: Test: [120/157]	Time  0.025 ( 0.044)	Loss 1.5508e+00 (1.6731e+00)	Acc@1  43.75 ( 39.73)	Acc@5  90.62 ( 88.24)
0: Test: [130/157]	Time  0.025 ( 0.043)	Loss 1.6906e+00 (1.6758e+00)	Acc@1  42.19 ( 39.59)	Acc@5  87.50 ( 88.16)
0: Test: [140/157]	Time  0.025 ( 0.042)	Loss 1.7935e+00 (1.6825e+00)	Acc@1  40.62 ( 39.38)	Acc@5  85.94 ( 88.01)
0: Test: [150/157]	Time  0.025 ( 0.041)	Loss 1.6279e+00 (1.6783e+00)	Acc@1  39.06 ( 39.53)	Acc@5  89.06 ( 88.13)
0:  * Acc@1 39.310 Acc@5 88.150
0: Epoch 1/3 - 53.195s
0: Epoch: [2][  0/391]	Time  4.694 ( 4.694)	Data  4.604 ( 4.604)	Loss 1.6427e+00 (1.6427e+00)	Acc@1  37.50 ( 37.50)	Acc@5  87.50 ( 87.50)
0: Epoch: [2][ 10/391]	Time  0.106 ( 0.524)	Data  0.000 ( 0.421)	Loss 1.5909e+00 (1.6736e+00)	Acc@1  45.31 ( 40.06)	Acc@5  87.50 ( 88.07)
0: Epoch: [2][ 20/391]	Time  0.105 ( 0.325)	Data  0.000 ( 0.222)	Loss 1.5947e+00 (1.6692e+00)	Acc@1  42.19 ( 39.58)	Acc@5  85.94 ( 88.47)
0: Epoch: [2][ 30/391]	Time  0.108 ( 0.255)	Data  0.000 ( 0.151)	Loss 1.8347e+00 (1.6839e+00)	Acc@1  34.38 ( 38.96)	Acc@5  87.50 ( 88.21)
0: Epoch: [2][ 40/391]	Time  0.108 ( 0.219)	Data  0.000 ( 0.115)	Loss 1.4791e+00 (1.6918e+00)	Acc@1  54.69 ( 38.95)	Acc@5  93.75 ( 88.11)
0: Epoch: [2][ 50/391]	Time  0.108 ( 0.197)	Data  0.000 ( 0.093)	Loss 1.8096e+00 (1.6891e+00)	Acc@1  29.69 ( 38.91)	Acc@5  93.75 ( 88.54)
0: Epoch: [2][ 60/391]	Time  0.108 ( 0.183)	Data  0.000 ( 0.078)	Loss 1.6259e+00 (1.6876e+00)	Acc@1  32.81 ( 39.27)	Acc@5  92.19 ( 88.45)
0: Epoch: [2][ 70/391]	Time  0.107 ( 0.172)	Data  0.000 ( 0.067)	Loss 1.5585e+00 (
0: 1.6836e+00)	Acc@1  48.44 ( 39.74)	Acc@5  89.06 ( 88.47)
0: Epoch: [2][ 80/391]	Time  0.108 ( 0.164)	Data  0.000 ( 0.059)	Loss 1.7412e+00 (1.6845e+00)	Acc@1  34.38 ( 39.41)	Acc@5  92.19 ( 88.52)
0: Epoch: [2][ 90/391]	Time  0.108 ( 0.158)	Data  0.000 ( 0.053)	Loss 1.9209e+00 (1.6854e+00)	Acc@1  37.50 ( 39.47)	Acc@5  89.06 ( 88.50)
0: Epoch: [2][100/391]	Time  0.107 ( 0.153)	Data  0.000 ( 0.048)	Loss 1.6977e+00 (1.6846e+00)	Acc@1  37.50 ( 39.46)	Acc@5  90.62 ( 88.63)
0: Epoch: [2][110/391]	Time  0.107 ( 0.149)	Data  0.000 ( 0.044)	Loss 1.6086e+00 (1.6825e+00)	Acc@1  42.19 ( 39.46)	Acc@5  93.75 ( 88.80)
0: Epoch: [2][120/391]	Time  0.109 ( 0.145)	Data  0.000 ( 0.041)	Loss 1.7417e+00 (1.6839e+00)	Acc@1  39.06 ( 39.54)	Acc@5  92.19 ( 88.74)
0: Epoch: [2][130/391]	Time  0.107 ( 0.142)	Data  0.000 ( 0.038)	Loss 1.5722e+00 (1.6858e+00)	Acc@1  37.50 ( 39.49)	Acc@5  90.62 ( 88.72)
0: Epoch: [2][140/391]	Time  0.109 ( 0.140)	Data  0.000 ( 0.035)	Loss 1.8204e+00 (1.6770e+00)	Acc@1  35.94 ( 39.85)	Acc@5  82.81 ( 88.75)
0: Epoch: [2][150/391]	Tim
0: e  0.108 ( 0.138)	Data  0.000 ( 0.033)	Loss 1.6427e+00 (1.6724e+00)	Acc@1  45.31 ( 40.07)	Acc@5  89.06 ( 88.74)
0: Epoch: [2][160/391]	Time  0.109 ( 0.136)	Data  0.000 ( 0.031)	Loss 1.6612e+00 (1.6748e+00)	Acc@1  39.06 ( 39.98)	Acc@5  87.50 ( 88.79)
0: Epoch: [2][170/391]	Time  0.109 ( 0.135)	Data  0.000 ( 0.030)	Loss 1.9546e+00 (1.6828e+00)	Acc@1  31.25 ( 39.84)	Acc@5  81.25 ( 88.67)
0: Epoch: [2][180/391]	Time  0.107 ( 0.133)	Data  0.000 ( 0.028)	Loss 1.5708e+00 (1.6815e+00)	Acc@1  43.75 ( 39.86)	Acc@5  92.19 ( 88.60)
0: Epoch: [2][190/391]	Time  0.107 ( 0.132)	Data  0.000 ( 0.027)	Loss 1.7251e+00 (1.6781e+00)	Acc@1  35.94 ( 39.88)	Acc@5  84.38 ( 88.64)
0: Epoch: [2][200/391]	Time  0.107 ( 0.130)	Data  0.000 ( 0.026)	Loss 1.5980e+00 (1.6787e+00)	Acc@1  40.62 ( 39.86)	Acc@5  93.75 ( 88.61)
0: Epoch: [2][210/391]	Time  0.107 ( 0.129)	Data  0.000 ( 0.024)	Loss 1.6752e+00 (1.6747e+00)	Acc@1  39.06 ( 40.00)	Acc@5  85.94 ( 88.69)
0: Epoch: [2][220/391]	Time  0.107 ( 0.128)	Data  0.000 ( 0.023)	Loss 1.6958e+00 (1.6712e+00)	Acc@1  45.3
0: 1 ( 40.30)	Acc@5  90.62 ( 88.73)
0: Epoch: [2][230/391]	Time  0.107 ( 0.127)	Data  0.000 ( 0.023)	Loss 1.7541e+00 (1.6757e+00)	Acc@1  35.94 ( 40.22)	Acc@5  85.94 ( 88.63)
0: Epoch: [2][240/391]	Time  0.106 ( 0.126)	Data  0.000 ( 0.022)	Loss 1.5636e+00 (1.6719e+00)	Acc@1  50.00 ( 40.39)	Acc@5  90.62 ( 88.71)
0: Epoch: [2][250/391]	Time  0.107 ( 0.126)	Data  0.000 ( 0.021)	Loss 1.6640e+00 (1.6682e+00)	Acc@1  28.12 ( 40.53)	Acc@5  90.62 ( 88.73)
0: Epoch: [2][260/391]	Time  0.107 ( 0.125)	Data  0.000 ( 0.020)	Loss 1.5846e+00 (1.6666e+00)	Acc@1  39.06 ( 40.64)	Acc@5  89.06 ( 88.73)
0: Epoch: [2][270/391]	Time  0.107 ( 0.124)	Data  0.000 ( 0.020)	Loss 1.4525e+00 (1.6671e+00)	Acc@1  42.19 ( 40.57)	Acc@5  93.75 ( 88.73)
0: Epoch: [2][280/391]	Time  0.107 ( 0.124)	Data  0.000 ( 0.019)	Loss 1.5192e+00 (1.6689e+00)	Acc@1  39.06 ( 40.47)	Acc@5  93.75 ( 88.80)
0: Epoch: [2][290/391]	Time  0.107 ( 0.123)	Data  0.000 ( 0.018)	Loss 1.5007e+00 (1.6689e+00)	Acc@1  53.12 ( 40.52)	Acc@5  85.94 ( 88.80)
0: Epoch: [2][300/391]	Time  0.107 ( 0.123)	Data 
0:  0.000 ( 0.018)	Loss 1.4270e+00 (1.6660e+00)	Acc@1  46.88 ( 40.58)	Acc@5  96.88 ( 88.88)
0: Epoch: [2][310/391]	Time  0.107 ( 0.122)	Data  0.000 ( 0.017)	Loss 1.6042e+00 (1.6644e+00)	Acc@1  46.88 ( 40.62)	Acc@5  84.38 ( 88.88)
0: Epoch: [2][320/391]	Time  0.107 ( 0.122)	Data  0.000 ( 0.017)	Loss 1.5210e+00 (1.6625e+00)	Acc@1  46.88 ( 40.71)	Acc@5  87.50 ( 88.89)
0: Epoch: [2][330/391]	Time  0.106 ( 0.121)	Data  0.000 ( 0.017)	Loss 1.3114e+00 (1.6608e+00)	Acc@1  50.00 ( 40.76)	Acc@5  95.31 ( 88.92)
0: Epoch: [2][340/391]	Time  0.107 ( 0.121)	Data  0.000 ( 0.016)	Loss 1.2712e+00 (1.6591e+00)	Acc@1  59.38 ( 40.85)	Acc@5  95.31 ( 88.95)
0: Epoch: [2][350/391]	Time  0.107 ( 0.120)	Data  0.000 ( 0.016)	Loss 1.5263e+00 (1.6599e+00)	Acc@1  42.19 ( 40.81)	Acc@5  95.31 ( 88.92)
0: Epoch: [2][360/391]	Time  0.107 ( 0.120)	Data  0.000 ( 0.015)	Loss 1.6031e+00 (1.6614e+00)	Acc@1  45.31 ( 40.70)	Acc@5  90.62 ( 88.89)
0: Epoch: [2][370/391]	Time  0.109 ( 0.120)	Data  0.000 ( 0.015)	Loss 1.4555e+00 (1.6599e+00)	Acc@1  51.56 ( 40.69)	Acc@5  90.62
0:  ( 88.87)
0: Epoch: [2][380/391]	Time  0.109 ( 0.119)	Data  0.000 ( 0.015)	Loss 1.6609e+00 (1.6592e+00)	Acc@1  40.62 ( 40.67)	Acc@5  89.06 ( 88.89)
0: Epoch: [2][390/391]	Time  0.098 ( 0.119)	Data  0.000 ( 0.014)	Loss 1.7027e+00 (1.6589e+00)	Acc@1  47.50 ( 40.72)	Acc@5  95.00 ( 88.92)
0: Epoch: [2][  0/391]	Time  4.650 ( 4.650)	Data  4.549 ( 4.549)	Loss 1.6081e+00 (1.6081e+00)	Acc@1  43.75 ( 43.75)	Acc@5  89.06 ( 89.06)
0: Epoch: [2][ 10/391]	Time  0.107 ( 0.521)	Data  0.000 ( 0.417)	Loss 1.7785e+00 (1.6588e+00)	Acc@1  39.06 ( 41.90)	Acc@5  84.38 ( 88.64)
0: Epoch: [2][ 20/391]	Time  0.107 ( 0.324)	Data  0.000 ( 0.219)	Loss 1.8035e+00 (1.6536e+00)	Acc@1  29.69 ( 40.40)	Acc@5  84.38 ( 88.76)
0: Epoch: [2][ 30/391]	Time  0.108 ( 0.254)	Data  0.000 ( 0.149)	Loss 1.5371e+00 (1.6324e+00)	Acc@1  39.06 ( 40.98)	Acc@5  90.62 ( 88.76)
0: Epoch: [2][ 40/391]	Time  0.108 ( 0.218)	Data  0.000 ( 0.114)	Loss 1.5224e+00 (1.6440e+00)	Acc@1  39.06 ( 40.66)	Acc@5  87.50 ( 88.26)
0: Epoch: [2][ 50/391]	Time  0.108 ( 0.197)	Data  0.000 ( 0.092)	Loss 1.6791e+00 (1.6560e+00)	Acc@1  43.75 ( 39.95)	Acc@5  84.38 ( 88.14)
0: Epoch: [2][ 60/391]	Time  0.108 ( 0.182)	Data  0.000 ( 0.077)	Loss 1.5180e+00 (1.6555e+00)	Acc@1  42.19 ( 40.16)	Acc@5  92.19 ( 88.29)
0: Epoch: [2][ 70/391]	Time  0.107 ( 0.172)	Data  0.000 ( 0.067)	Loss 1.7273e+00 (
0: 1.6554e+00)	Acc@1  35.94 ( 40.05)	Acc@5  84.38 ( 88.25)
0: Epoch: [2][ 80/391]	Time  0.108 ( 0.164)	Data  0.000 ( 0.059)	Loss 1.6586e+00 (1.6590e+00)	Acc@1  39.06 ( 39.72)	Acc@5  90.62 ( 87.96)
0: Epoch: [2][ 90/391]	Time  0.108 ( 0.157)	Data  0.000 ( 0.052)	Loss 1.7382e+00 (1.6546e+00)	Acc@1  28.12 ( 40.02)	Acc@5  89.06 ( 88.17)
0: Epoch: [2][100/391]	Time  0.107 ( 0.153)	Data  0.000 ( 0.048)	Loss 1.8516e+00 (1.6612e+00)	Acc@1  35.94 ( 39.82)	Acc@5  89.06 ( 88.12)
0: Epoch: [2][110/391]	Time  0.107 ( 0.148)	Data  0.000 ( 0.043)	Loss 1.4987e+00 (1.6598e+00)	Acc@1  50.00 ( 40.06)	Acc@5  89.06 ( 88.25)
0: Epoch: [2][120/391]	Time  0.109 ( 0.145)	Data  0.000 ( 0.040)	Loss 1.6218e+00 (1.6557e+00)	Acc@1  48.44 ( 40.25)	Acc@5  89.06 ( 88.44)
0: Epoch: [2][130/391]	Time  0.107 ( 0.142)	Data  0.000 ( 0.037)	Loss 1.4418e+00 (1.6556e+00)	Acc@1  51.56 ( 40.29)	Acc@5  87.50 ( 88.54)
0: Epoch: [2][140/391]	Time  0.108 ( 0.140)	Data  0.000 ( 0.035)	Loss 1.5241e+00 (1.6508e+00)	Acc@1  43.75 ( 40.50)	Acc@5  93.75 ( 88.73)
0: Epoch: [2][150/391]	Tim
0: e  0.108 ( 0.138)	Data  0.000 ( 0.033)	Loss 1.4300e+00 (1.6497e+00)	Acc@1  43.75 ( 40.66)	Acc@5  93.75 ( 88.79)
0: Epoch: [2][160/391]	Time  0.109 ( 0.136)	Data  0.000 ( 0.031)	Loss 1.6247e+00 (1.6522e+00)	Acc@1  45.31 ( 40.52)	Acc@5  87.50 ( 88.71)
0: Epoch: [2][170/391]	Time  0.107 ( 0.134)	Data  0.000 ( 0.029)	Loss 1.8149e+00 (1.6563e+00)	Acc@1  35.94 ( 40.46)	Acc@5  89.06 ( 88.63)
0: Epoch: [2][180/391]	Time  0.107 ( 0.133)	Data  0.000 ( 0.028)	Loss 1.6564e+00 (1.6552e+00)	Acc@1  42.19 ( 40.51)	Acc@5  90.62 ( 88.65)
0: Epoch: [2][190/391]	Time  0.107 ( 0.131)	Data  0.000 ( 0.026)	Loss 1.5850e+00 (1.6542e+00)	Acc@1  50.00 ( 40.54)	Acc@5  89.06 ( 88.54)
0: Epoch: [2][200/391]	Time  0.107 ( 0.130)	Data  0.000 ( 0.025)	Loss 1.5464e+00 (1.6490e+00)	Acc@1  42.19 ( 40.88)	Acc@5  90.62 ( 88.56)
0: Epoch: [2][210/391]	Time  0.107 ( 0.129)	Data  0.000 ( 0.024)	Loss 1.5931e+00 (1.6458e+00)	Acc@1  45.31 ( 40.99)	Acc@5  89.06 ( 88.66)
0: Epoch: [2][220/391]	Time  0.107 ( 0.128)	Data  0.000 ( 0.023)	Loss 1.7400e+00 (1.6439e+00)	Acc@1  34.3
0: 8 ( 41.04)	Acc@5  90.62 ( 88.69)
0: Epoch: [2][230/391]	Time  0.107 ( 0.127)	Data  0.000 ( 0.022)	Loss 1.5619e+00 (1.6427e+00)	Acc@1  43.75 ( 41.08)	Acc@5  89.06 ( 88.65)
0: Epoch: [2][240/391]	Time  0.107 ( 0.126)	Data  0.000 ( 0.021)	Loss 1.4715e+00 (1.6424e+00)	Acc@1  42.19 ( 41.03)	Acc@5  95.31 ( 88.73)
0: Epoch: [2][250/391]	Time  0.107 ( 0.126)	Data  0.000 ( 0.021)	Loss 1.4191e+00 (1.6411e+00)	Acc@1  43.75 ( 41.11)	Acc@5  92.19 ( 88.76)
0: Epoch: [2][260/391]	Time  0.107 ( 0.125)	Data  0.000 ( 0.020)	Loss 1.2729e+00 (1.6388e+00)	Acc@1  57.81 ( 41.29)	Acc@5  93.75 ( 88.78)
0: Epoch: [2][270/391]	Time  0.107 ( 0.124)	Data  0.000 ( 0.019)	Loss 1.7032e+00 (1.6392e+00)	Acc@1  35.94 ( 41.33)	Acc@5  89.06 ( 88.77)
0: Epoch: [2][280/391]	Time  0.107 ( 0.124)	Data  0.000 ( 0.019)	Loss 1.6695e+00 (1.6378e+00)	Acc@1  34.38 ( 41.25)	Acc@5  89.06 ( 88.82)
0: Epoch: [2][290/391]	Time  0.107 ( 0.123)	Data  0.000 ( 0.018)	Loss 1.5677e+00 (1.6354e+00)	Acc@1  40.62 ( 41.27)	Acc@5  89.06 ( 88.85)
0: Epoch: [2][300/391]	Time  0.107 ( 0.122)	Data 
0:  0.000 ( 0.018)	Loss 1.7596e+00 (1.6373e+00)	Acc@1  42.19 ( 41.28)	Acc@5  89.06 ( 88.83)
0: Epoch: [2][310/391]	Time  0.107 ( 0.122)	Data  0.000 ( 0.017)	Loss 1.5551e+00 (1.6376e+00)	Acc@1  35.94 ( 41.21)	Acc@5  92.19 ( 88.85)
0: Epoch: [2][320/391]	Time  0.107 ( 0.122)	Data  0.000 ( 0.017)	Loss 1.4500e+00 (1.6343e+00)	Acc@1  46.88 ( 41.31)	Acc@5  92.19 ( 88.90)
0: Epoch: [2][330/391]	Time  0.107 ( 0.121)	Data  0.000 ( 0.016)	Loss 1.6812e+00 (1.6340e+00)	Acc@1  39.06 ( 41.34)	Acc@5  87.50 ( 88.90)
0: Epoch: [2][340/391]	Time  0.107 ( 0.121)	Data  0.000 ( 0.016)	Loss 1.7397e+00 (1.6336e+00)	Acc@1  37.50 ( 41.34)	Acc@5  87.50 ( 88.90)
0: Epoch: [2][350/391]	Time  0.107 ( 0.120)	Data  0.000 ( 0.015)	Loss 1.8686e+00 (1.6341e+00)	Acc@1  31.25 ( 41.30)	Acc@5  81.25 ( 88.89)
0: Epoch: [2][360/391]	Time  0.107 ( 0.120)	Data  0.000 ( 0.015)	Loss 1.7660e+00 (1.6356e+00)	Acc@1  39.06 ( 41.21)	Acc@5  85.94 ( 88.87)
0: Epoch: [2][370/391]	Time  0.109 ( 0.120)	Data  0.000 ( 0.015)	Loss 1.3227e+00 (1.6363e+00)	Acc@1  51.56 ( 41.21)	Acc@5  95.31
0:  ( 88.87)
0: Epoch: [2][380/391]	Time  0.108 ( 0.119)	Data  0.000 ( 0.014)	Loss 1.5907e+00 (1.6347e+00)	Acc@1  42.19 ( 41.19)	Acc@5  85.94 ( 88.90)
0: Epoch: [2][390/391]	Time  0.097 ( 0.119)	Data  0.000 ( 0.014)	Loss 1.5713e+00 (1.6337e+00)	Acc@1  45.00 ( 41.14)	Acc@5  90.00 ( 88.94)
0: Test: [  0/157]	Time  2.368 ( 2.368)	Loss 1.4774e+00 (1.4774e+00)	Acc@1  45.31 ( 45.31)	Acc@5  92.19 ( 92.19)
0: Test: [ 10/157]	Time  0.025 ( 0.238)	Loss 1.7819e+00 (1.5968e+00)	Acc@1  43.75 ( 45.60)	Acc@5  81.25 ( 90.48)
0: Test: [ 20/157]	Time  0.025 ( 0.136)	Loss 1.7110e+00 (1.6005e+00)	Acc@1  37.50 ( 43.97)	Acc@5  85.94 ( 89.36)
0: Test: [ 30/157]	Time  0.025 ( 0.101)	Loss 1.7523e+00 (1.6125e+00)	Acc@1  39.06 ( 42.44)	Acc@5  85.94 ( 89.26)
0: Test: [ 40/157]	Time  0.025 ( 0.082)	Loss 1.6643e+00 (1.6063e+00)	Acc@1  32.81 ( 42.53)	Acc@5  92.19 ( 89.60)
0: Test: [ 50/157]	Time  0.025 ( 0.071)	Loss 1.7196e+00 (1.6222e+00)	Acc@1  43.75 ( 42.59)	Acc@5  84.38 ( 89.28)
0: Test: [ 60/157]	Time  0.025 ( 0.063)	Loss 1.6097e+00 (1.6178e+00)	Acc@1  43.75 ( 42.57)	Acc@5  90.62 ( 89.45)
0: Test: [ 70/157]	Time  0.025 ( 0.058)	Loss 1.2594e+00 (1.6136e+00)	Acc@1  57.81 ( 42.89)	Acc@5  95.31 ( 89.50)
0: Test: [ 80/157]	Time  0.025 ( 0.054)	Loss 1.4233e+00 (1.6150e+00)	Acc@1  50.00 ( 42.80)	Acc@5  90.62 ( 89.60)
0: Test: [ 90/157]	Time  0.025 ( 0.05
0: 1)	Loss 1.4404e+00 (1.6159e+00)	Acc@1  45.31 ( 42.63)	Acc@5  87.50 ( 89.58)
0: Test: [100/157]	Time  0.025 ( 0.048)	Loss 1.6238e+00 (1.6211e+00)	Acc@1  32.81 ( 42.45)	Acc@5  92.19 ( 89.67)
0: Test: [110/157]	Time  0.025 ( 0.046)	Loss 1.5293e+00 (1.6194e+00)	Acc@1  43.75 ( 42.54)	Acc@5  90.62 ( 89.74)
0: Test: [120/157]	Time  0.025 ( 0.044)	Loss 1.4090e+00 (1.6153e+00)	Acc@1  56.25 ( 42.72)	Acc@5  87.50 ( 89.71)
0: Test: [130/157]	Time  0.025 ( 0.043)	Loss 1.6401e+00 (1.6189e+00)	Acc@1  40.62 ( 42.58)	Acc@5  87.50 ( 89.61)
0: Test: [140/157]	Time  0.025 ( 0.042)	Loss 1.6433e+00 (1.6260e+00)	Acc@1  45.31 ( 42.32)	Acc@5  89.06 ( 89.63)
0: Test: [150/157]	Time  0.025 ( 0.040)	Loss 1.5895e+00 (1.6254e+00)	Acc@1  37.50 ( 42.23)	Acc@5  89.06 ( 89.58)
0:  * Acc@1 42.060 Acc@5 89.600
0: Epoch 2/3 - 53.021s
0: Steps per epoch: 391
0: Validation steps per epoch: 157
0: Average time per epoch: 54.656 s
0: Test: [  0/157]	Time  2.365 ( 2.365)	Loss 1.4774e+00 (1.4774e+00)	Acc@1  45.31 ( 45.31)	Acc@5  92.19 ( 92.19)
0: Test: [ 10/157]	Time  0.025 ( 0.238)	Loss 1.7819e+00 (1.5968e+00)	Acc@1  43.75 ( 45.60)	Acc@5  81.25 ( 90.48)
0: Test: [ 20/157]	Time  0.025 ( 0.136)	Loss 1.7110e+00 (1.6005e+00)	Acc@1  37.50 ( 43.97)	Acc@5  85.94 ( 89.36)
0: Test: [ 30/157]	Time  0.025 ( 0.100)	Loss 1.7523e+00 (1.6125e+00)	Acc@1  39.06 ( 42.44)	Acc@5  85.94 ( 89.26)
0: Test: [ 40/157]	Time  0.025 ( 0.082)	Loss 1.6643e+00 (1.6063e+00)	Acc@1  32.81 ( 42.53)	Acc@5  92.19 ( 89.60)
0: Test: [ 50/157]	Time  0.025 ( 0.071)	Loss 1.7196e+00 (1.6222e+00)	Acc@1  43.75 ( 42.59)	Acc@5  84.38 ( 89.28)
0: Test: [ 60/157]	Time  0.025 ( 0.063)	Loss 1.6097e+00 (1.6178e+00)	Acc@1  43.75 ( 42.57)	Acc@5  90.62 ( 89.45)
0: Test: [ 70/157]	Time  0.025 ( 0.058)	Loss 1.2594e+00 (1.6136e+00)	Acc@1  57.81 ( 42.89)	Acc@5  95.31 ( 89.50)
0: Test: [ 80/157]	Time  0.025 ( 0.054)	Loss 1.4233e+00 (1.6150e+00)	Acc@1  50.00 ( 42.80)	Acc@5  90.62 ( 89.60)
0: Test: [ 90/157]	Time  0.025 ( 0.05
0: 1)	Loss 1.4404e+00 (1.6159e+00)	Acc@1  45.31 ( 42.63)	Acc@5  87.50 ( 89.58)
0: Test: [100/157]	Time  0.025 ( 0.048)	Loss 1.6238e+00 (1.6211e+00)	Acc@1  32.81 ( 42.45)	Acc@5  92.19 ( 89.67)
0: Test: [110/157]	Time  0.026 ( 0.046)	Loss 1.5293e+00 (1.6194e+00)	Acc@1  43.75 ( 42.54)	Acc@5  90.62 ( 89.74)
0: Test: [120/157]	Time  0.025 ( 0.044)	Loss 1.4090e+00 (1.6153e+00)	Acc@1  56.25 ( 42.72)	Acc@5  87.50 ( 89.71)
0: Test: [130/157]	Time  0.025 ( 0.043)	Loss 1.6401e+00 (1.6189e+00)	Acc@1  40.62 ( 42.58)	Acc@5  87.50 ( 89.61)
0: Test: [140/157]	Time  0.025 ( 0.042)	Loss 1.6433e+00 (1.6260e+00)	Acc@1  45.31 ( 42.32)	Acc@5  89.06 ( 89.63)
0: Test: [150/157]	Time  0.025 ( 0.040)	Loss 1.5895e+00 (1.6254e+00)	Acc@1  37.50 ( 42.23)	Acc@5  89.06 ( 89.58)
0:  * Acc@1 42.060 Acc@5 89.600
0: Epoch 2/3 - 53.071s
0: Steps per epoch: 391
0: Validation steps per epoch: 157
0: Average time per epoch: 54.662 s
0: --- 170.6445288658142 seconds ---
ELAPSED: 176 seconds
End at Mon Feb  1 12:34:43 EET 2021
