WORKERS: "gpu24-ib:5555","gpu25-ib:5555"
Start at Mon Feb  1 00:16:27 EET 2021
CUDA_VISIBLE_DEVICES: 0,1
Running on hosts: gpu[24-25]
Running on 2 nodes.
Running 1 tasks per node
Job id is 1085638
srun -w gpu24 -N 1 -n 1 -l python -u train.pytorch.imagenet.py --config=configs/pytorch_imagenet_resnet.B256.yaml --dist-url 'tcp://gpu24-ib:5555' --dist-backend 'nccl' --multiprocessing-distributed --world-size 2 --rank 0 & 
srun -w gpu25 -N 1 -n 1 -l python -u train.pytorch.imagenet.py --config=configs/pytorch_imagenet_resnet.B256.yaml --dist-url 'tcp://gpu24-ib:5555' --dist-backend 'nccl' --multiprocessing-distributed --world-size 2 --rank 1 & 
0: Number of devices per node: 2
0: Number of devices per node: 2
0: Use GPU: 0 for training
0: => creating model 'resnet50'
0: Use GPU: 0 for training
0: => creating model 'resnet50'
0: Use GPU: 1 for training
0: => creating model 'resnet50'
0: Use GPU: 1 for training
0: => creating model 'resnet50'
0: Epoch: [0][ 0/98]	Time  8.571 ( 8.571)	Data  4.563 ( 4.563)	Loss 7.2522e+00 (7.2522e+00)	Acc@1   0.00 (  0.00)	Acc@5   0.00 (  0.00)
0: Epoch: [0][10/98]	Time  0.166 ( 0.925)	Data  0.000 ( 0.415)	Loss 2.7161e+00 (4.9077e+00)	Acc@1   8.59 (  6.82)	Acc@5  49.22 ( 32.53)
0: Epoch: [0][20/98]	Time  0.166 ( 0.563)	Data  0.000 ( 0.220)	Loss 2.5081e+00 (3.7531e+00)	Acc@1  14.06 (  9.15)	Acc@5  53.91 ( 42.26)
0: Epoch: [0][30/98]	Time  0.166 ( 0.434)	Data  0.000 ( 0.150)	Loss 2.4493e+00 (3.3247e+00)	Acc@1  11.72 ( 10.11)	Acc@5  54.69 ( 46.60)
0: Epoch: [0][40/98]	Time  0.165 ( 0.368)	Data  0.000 ( 0.115)	Loss 2.3663e+00 (3.0975e+00)	Acc@1  12.50 ( 10.94)	Acc@5  53.12 ( 48.70)
0: Epoch: [0][50/98]	Time  0.166 ( 0.328)	Data  0.000 ( 0.093)	Loss 2.3344e+00 (2.9487e+00)	Acc@1  16.41 ( 11.84)	Acc@5  57.81 ( 50.57)
0: Epoch: [0][60/98]	Time  0.164 ( 0.301)	Data  0.000 ( 0.079)	Loss 2.2420e+00 (2.8466e+00)	Acc@1  19.53 ( 12.41)	Acc@5  67.97 ( 52.20)
0: Epoch: [0][70/98]	Time  0.166 ( 0.282)	Data  0.000 ( 0.068)	Loss 2.3184e+00 (2.7714e+00)	Acc@
0: 1  17.97 ( 12.93)	Acc@5  64.84 ( 53.29)
0: Epoch: [0][80/98]	Time  0.165 ( 0.267)	Data  0.000 ( 0.060)	Loss 2.4225e+00 (2.7151e+00)	Acc@1   9.38 ( 13.09)	Acc@5  53.91 ( 54.15)
0: Epoch: [0][90/98]	Time  0.166 ( 0.256)	Data  0.000 ( 0.054)	Loss 2.2783e+00 (2.6699e+00)	Acc@1  18.75 ( 13.36)	Acc@5  61.72 ( 55.02)
0: Epoch: [0][ 0/98]	Time  8.567 ( 8.567)	Data  4.555 ( 4.555)	Loss 7.1193e+00 (7.1193e+00)	Acc@1   0.00 (  0.00)	Acc@5   0.78 (  0.78)
0: Epoch: [0][10/98]	Time  0.166 ( 0.926)	Data  0.000 ( 0.414)	Loss 2.5328e+00 (4.8948e+00)	Acc@1  17.97 (  7.81)	Acc@5  54.69 ( 31.89)
0: Epoch: [0][20/98]	Time  0.166 ( 0.563)	Data  0.000 ( 0.219)	Loss 2.4587e+00 (3.7441e+00)	Acc@1   9.38 (  9.52)	Acc@5  49.22 ( 41.78)
0: Epoch: [0][30/98]	Time  0.166 ( 0.434)	Data  0.000 ( 0.149)	Loss 2.4149e+00 (3.3205e+00)	Acc@1   9.38 ( 10.38)	Acc@5  55.47 ( 46.50)
0: Epoch: [0][40/98]	Time  0.165 ( 0.368)	Data  0.000 ( 0.114)	Loss 2.3857e+00 (3.1028e+00)	Acc@1  12.50 ( 10.73)	Acc@5  57.03 ( 48.55)
0: Epoch: [0][50/98]	Time  0.166 ( 0.328)	Data  0.000 ( 0.092)	Loss 2.4030e+00 (2.9564e+00)	Acc@1  10.94 ( 11.08)	Acc@5  58.59 ( 50.61)
0: Epoch: [0][60/98]	Time  0.165 ( 0.301)	Data  0.000 ( 0.077)	Loss 2.3440e+00 (2.8541e+00)	Acc@1  17.97 ( 11.92)	Acc@5  55.47 ( 52.01)
0: Epoch: [0][70/98]	Time  0.166 ( 0.282)	Data  0.000 ( 0.067)	Loss 2.4099e+00 (2.7836e+00)	Acc@
0: 1  15.62 ( 12.14)	Acc@5  57.81 ( 53.06)
0: Epoch: [0][80/98]	Time  0.166 ( 0.267)	Data  0.000 ( 0.059)	Loss 2.3379e+00 (2.7252e+00)	Acc@1  14.84 ( 12.67)	Acc@5  60.16 ( 54.08)
0: Epoch: [0][90/98]	Time  0.165 ( 0.256)	Data  0.000 ( 0.053)	Loss 2.2240e+00 (2.6772e+00)	Acc@1  15.62 ( 12.94)	Acc@5  65.62 ( 55.10)
0: Epoch: [0][ 0/98]	Time  8.575 ( 8.575)	Data  4.664 ( 4.664)	Loss 7.2680e+00 (7.2680e+00)	Acc@1   0.00 (  0.00)	Acc@5   0.78 (  0.78)
0: Epoch: [0][10/98]	Time  0.166 ( 0.925)	Data  0.000 ( 0.424)	Loss 2.5905e+00 (4.9209e+00)	Acc@1  16.41 (  7.88)	Acc@5  56.25 ( 31.25)
0: Epoch: [0][20/98]	Time  0.166 ( 0.562)	Data  0.000 ( 0.224)	Loss 2.4155e+00 (3.7649e+00)	Acc@1  14.06 (  9.38)	Acc@5  56.25 ( 41.78)
0: Epoch: [0][30/98]	Time  0.166 ( 0.434)	Data  0.000 ( 0.154)	Loss 2.4860e+00 (3.3484e+00)	Acc@1  10.94 (  9.83)	Acc@5  51.56 ( 45.99)
0: Epoch: [0][40/98]	Time  0.165 ( 0.368)	Data  0.000 ( 0.117)	Loss 2.3248e+00 (3.1124e+00)	Acc@1  10.94 ( 10.50)	Acc@5  60.94 ( 48.63)
0: Epoch: [0][50/98]	Time  0.165 ( 0.328)	Data  0.000 ( 0.095)	Loss 2.3278e+00 (2.9664e+00)	Acc@1  17.19 ( 11.09)	Acc@5  52.34 ( 50.11)
0: Epoch: [0][60/98]	Time  0.166 ( 0.301)	Data  0.000 ( 0.080)	Loss 2.4110e+00 (2.8659e+00)	Acc@1  13.28 ( 11.51)	Acc@5  58.59 ( 51.47)
0: Epoch: [0][70/98]	Time  0.165 ( 0.282)	Data  0.000 ( 0.070)	Loss 2.2543e+00 (2.7917e+00)	Acc@
0: 1  17.19 ( 11.71)	Acc@5  61.72 ( 52.57)
0: Epoch: [0][80/98]	Time  0.166 ( 0.267)	Data  0.000 ( 0.062)	Loss 2.3091e+00 (2.7344e+00)	Acc@1  17.97 ( 12.04)	Acc@5  65.62 ( 53.34)
0: Epoch: [0][90/98]	Time  0.166 ( 0.256)	Data  0.000 ( 0.055)	Loss 2.3455e+00 (2.6831e+00)	Acc@1  14.84 ( 12.55)	Acc@5  60.16 ( 54.59)
0: Epoch: [0][ 0/98]	Time  8.569 ( 8.569)	Data  4.568 ( 4.568)	Loss 7.3227e+00 (7.3227e+00)	Acc@1   0.00 (  0.00)	Acc@5   0.00 (  0.00)
0: Epoch: [0][10/98]	Time  0.165 ( 0.924)	Data  0.000 ( 0.415)	Loss 2.6740e+00 (4.9620e+00)	Acc@1  14.84 (  5.97)	Acc@5  52.34 ( 29.47)
0: Epoch: [0][20/98]	Time  0.166 ( 0.562)	Data  0.000 ( 0.220)	Loss 2.3797e+00 (3.7890e+00)	Acc@1  10.16 (  9.19)	Acc@5  61.72 ( 40.51)
0: Epoch: [0][30/98]	Time  0.166 ( 0.434)	Data  0.000 ( 0.151)	Loss 2.5833e+00 (3.3647e+00)	Acc@1  10.16 (  9.78)	Acc@5  39.84 ( 44.20)
0: Epoch: [0][40/98]	Time  0.166 ( 0.368)	Data  0.000 ( 0.115)	Loss 2.3171e+00 (3.1285e+00)	Acc@1  12.50 ( 10.23)	Acc@5  57.81 ( 47.20)
0: Epoch: [0][50/98]	Time  0.165 ( 0.328)	Data  0.000 ( 0.093)	Loss 2.2780e+00 (2.9757e+00)	Acc@1  14.84 ( 11.03)	Acc@5  66.41 ( 49.30)
0: Epoch: [0][60/98]	Time  0.166 ( 0.301)	Data  0.000 ( 0.079)	Loss 2.2602e+00 (2.8673e+00)	Acc@1  16.41 ( 11.59)	Acc@5  60.94 ( 51.41)
0: Epoch: [0][70/98]	Time  0.165 ( 0.282)	Data  0.000 ( 0.068)	Loss 2.2779e+00 (2.7916e+00)	Acc@
0: 1  17.19 ( 12.11)	Acc@5  70.31 ( 52.74)
0: Epoch: [0][80/98]	Time  0.165 ( 0.267)	Data  0.000 ( 0.061)	Loss 2.3531e+00 (2.7330e+00)	Acc@1  11.72 ( 12.48)	Acc@5  60.16 ( 53.79)
0: Epoch: [0][90/98]	Time  0.166 ( 0.256)	Data  0.000 ( 0.055)	Loss 2.1743e+00 (2.6821e+00)	Acc@1  21.88 ( 12.83)	Acc@5  66.41 ( 54.76)
0: Test: [ 0/79]	Time  2.377 ( 2.377)	Loss 2.5433e+00 (2.5433e+00)	Acc@1  10.16 ( 10.16)	Acc@5  57.81 ( 57.81)
0: Test: [10/79]	Time  0.039 ( 0.252)	Loss 2.3957e+00 (2.3595e+00)	Acc@1  15.62 ( 15.62)	Acc@5  59.38 ( 62.29)
0: Test: [20/79]	Time  0.039 ( 0.150)	Loss 2.2867e+00 (2.3361e+00)	Acc@1  14.84 ( 15.81)	Acc@5  66.41 ( 63.21)
0: Test: [30/79]	Time  0.039 ( 0.115)	Loss 2.3457e+00 (2.3320e+00)	Acc@1  15.62 ( 15.93)	Acc@5  59.38 ( 62.83)
0: Test: [40/79]	Time  0.039 ( 0.096)	Loss 2.3655e+00 (2.3262e+00)	Acc@1  17.19 ( 15.89)	Acc@5  62.50 ( 63.11)
0: Test: [50/79]	Time  0.039 ( 0.085)	Loss 2.3444e+00 (2.3213e+00)	Acc@1  13.28 ( 16.07)	Acc@5  58.59 ( 63.16)
0: Test: [60/79]	Time  0.039 ( 0.077)	Loss 2.4112e+00 (2.3202e+00)	Acc@1  14.06 ( 16.18)	Acc@5  60.94 ( 63.26)
0: Test: [70/79]	Time  0.039 ( 0.072)	Loss 2.3180e+00 (2.3205e+00)	Acc@1  15.62 ( 16.15)	Acc@5  64.84 ( 62.94)
0:  * Acc@1 16.100 Acc@5 62.950
0: Epoch 0/3 - 32.196s
0: Test: [ 0/79]	Time  2.441 ( 2.441)	Loss 2.5433e+00 (2.5433e+00)	Acc@1  10.16 ( 10.16)	Acc@5  57.81 ( 57.81)
0: Test: [10/79]	Time  0.039 ( 0.257)	Loss 2.3957e+00 (2.3595e+00)	Acc@1  15.62 ( 15.62)	Acc@5  59.38 ( 62.29)
0: Test: [20/79]	Time  0.039 ( 0.153)	Loss 2.2867e+00 (2.3361e+00)	Acc@1  14.84 ( 15.81)	Acc@5  66.41 ( 63.21)
0: Test: [30/79]	Time  0.039 ( 0.117)	Loss 2.3457e+00 (2.3320e+00)	Acc@1  15.62 ( 15.93)	Acc@5  59.38 ( 62.83)
0: Test: [40/79]	Time  0.040 ( 0.098)	Loss 2.3655e+00 (2.3262e+00)	Acc@1  17.19 ( 15.89)	Acc@5  62.50 ( 63.11)
0: Test: [50/79]	Time  0.039 ( 0.086)	Loss 2.3444e+00 (2.3213e+00)	Acc@1  13.28 ( 16.07)	Acc@5  58.59 ( 63.16)
0: Test: [60/79]	Time  0.039 ( 0.078)	Loss 2.4112e+00 (2.3202e+00)	Acc@1  14.06 ( 16.18)	Acc@5  60.94 ( 63.26)
0: Test: [70/79]	Time  0.039 ( 0.073)	Loss 2.3180e+00 (2.3205e+00)	Acc@1  15.62 ( 16.15)	Acc@5  64.84 ( 62.94)
0:  * Acc@1 16.100 Acc@5 62.950
0: Epoch 0/3 - 32.241s
0: Test: [ 0/79]	Time  2.456 ( 2.456)	Loss 2.5433e+00 (2.5433e+00)	Acc@1  10.16 ( 10.16)	Acc@5  57.81 ( 57.81)
0: Test: [10/79]	Time  0.040 ( 0.259)	Loss 2.3957e+00 (2.3595e+00)	Acc@1  15.62 ( 15.62)	Acc@5  59.38 ( 62.29)
0: Test: [20/79]	Time  0.039 ( 0.155)	Loss 2.2867e+00 (2.3361e+00)	Acc@1  14.84 ( 15.81)	Acc@5  66.41 ( 63.21)
0: Test: [30/79]	Time  0.039 ( 0.117)	Loss 2.3457e+00 (2.3320e+00)	Acc@1  15.62 ( 15.93)	Acc@5  59.38 ( 62.83)
0: Test: [40/79]	Time  0.039 ( 0.098)	Loss 2.3655e+00 (2.3262e+00)	Acc@1  17.19 ( 15.89)	Acc@5  62.50 ( 63.11)
0: Test: [50/79]	Time  0.039 ( 0.087)	Loss 2.3444e+00 (2.3213e+00)	Acc@1  13.28 ( 16.07)	Acc@5  58.59 ( 63.16)
0: Test: [60/79]	Time  0.039 ( 0.079)	Loss 2.4112e+00 (2.3202e+00)	Acc@1  14.06 ( 16.18)	Acc@5  60.94 ( 63.26)
0: Test: [70/79]	Time  0.040 ( 0.073)	Loss 2.3180e+00 (2.3205e+00)	Acc@1  15.62 ( 16.15)	Acc@5  64.84 ( 62.94)
0:  * Acc@1 16.100 Acc@5 62.950
0: Epoch 0/3 - 32.274s
0: Test: [ 0/79]	Time  2.444 ( 2.444)	Loss 2.5433e+00 (2.5433e+00)	Acc@1  10.16 ( 10.16)	Acc@5  57.81 ( 57.81)
0: Test: [10/79]	Time  0.039 ( 0.258)	Loss 2.3957e+00 (2.3595e+00)	Acc@1  15.62 ( 15.62)	Acc@5  59.38 ( 62.29)
0: Test: [20/79]	Time  0.039 ( 0.154)	Loss 2.2867e+00 (2.3361e+00)	Acc@1  14.84 ( 15.81)	Acc@5  66.41 ( 63.21)
0: Test: [30/79]	Time  0.039 ( 0.117)	Loss 2.3457e+00 (2.3320e+00)	Acc@1  15.62 ( 15.93)	Acc@5  59.38 ( 62.83)
0: Test: [40/79]	Time  0.039 ( 0.098)	Loss 2.3655e+00 (2.3262e+00)	Acc@1  17.19 ( 15.89)	Acc@5  62.50 ( 63.11)
0: Test: [50/79]	Time  0.039 ( 0.087)	Loss 2.3444e+00 (2.3213e+00)	Acc@1  13.28 ( 16.07)	Acc@5  58.59 ( 63.16)
0: Test: [60/79]	Time  0.039 ( 0.079)	Loss 2.4112e+00 (2.3202e+00)	Acc@1  14.06 ( 16.18)	Acc@5  60.94 ( 63.26)
0: Test: [70/79]	Time  0.039 ( 0.073)	Loss 2.3180e+00 (2.3205e+00)	Acc@1  15.62 ( 16.15)	Acc@5  64.84 ( 62.94)
0:  * Acc@1 16.100 Acc@5 62.950
0: Epoch 0/3 - 32.285s
0: Epoch: [1][ 0/98]	Time  4.743 ( 4.743)	Data  4.581 ( 4.581)	Loss 2.3642e+00 (2.3642e+00)	Acc@1  12.50 ( 12.50)	Acc@5  56.25 ( 56.25)
0: Epoch: [1][10/98]	Time  0.167 ( 0.583)	Data  0.000 ( 0.422)	Loss 2.2126e+00 (2.2479e+00)	Acc@1  14.06 ( 15.77)	Acc@5  73.44 ( 64.70)
0: Epoch: [1][20/98]	Time  0.165 ( 0.383)	Data  0.000 ( 0.223)	Loss 2.2404e+00 (2.2233e+00)	Acc@1  15.62 ( 17.34)	Acc@5  64.84 ( 66.22)
0: Epoch: [1][30/98]	Time  0.166 ( 0.312)	Data  0.000 ( 0.153)	Loss 2.2205e+00 (2.2108e+00)	Acc@1  23.44 ( 18.22)	Acc@5  67.97 ( 67.52)
0: Epoch: [1][40/98]	Time  0.165 ( 0.276)	Data  0.000 ( 0.117)	Loss 2.1480e+00 (2.2036e+00)	Acc@1  19.53 ( 18.52)	Acc@5  71.88 ( 68.10)
0: Epoch: [1][50/98]	Time  0.165 ( 0.254)	Data  0.000 ( 0.095)	Loss 2.2274e+00 (2.2017e+00)	Acc@1  16.41 ( 18.84)	Acc@5  68.75 ( 68.17)
0: Epoch: [1][60/98]	Time  0.165 ( 0.239)	Data  0.000 ( 0.080)	Loss 2.0255e+00 (2.1939e+00)	Acc@1  25.00 ( 19.04)	Acc@5  74.22 ( 68.67)
0: Epoch: [1][70/98]	Time  0.165 ( 0.228)	Data  0.000 ( 0.069)	Loss 2.1215e+00 (2.1833e+00)	Acc@
0: 1  28.12 ( 19.48)	Acc@5  67.19 ( 69.26)
0: Epoch: [1][80/98]	Time  0.165 ( 0.220)	Data  0.000 ( 0.061)	Loss 2.0788e+00 (2.1778e+00)	Acc@1  17.97 ( 19.71)	Acc@5  77.34 ( 69.90)
0: Epoch: [1][90/98]	Time  0.165 ( 0.214)	Data  0.000 ( 0.055)	Loss 2.0082e+00 (2.1661e+00)	Acc@1  23.44 ( 20.16)	Acc@5  78.91 ( 70.48)
0: Epoch: [1][ 0/98]	Time  4.787 ( 4.787)	Data  4.614 ( 4.614)	Loss 2.2925e+00 (2.2925e+00)	Acc@1  14.06 ( 14.06)	Acc@5  66.41 ( 66.41)
0: Epoch: [1][10/98]	Time  0.166 ( 0.586)	Data  0.000 ( 0.425)	Loss 2.2061e+00 (2.2395e+00)	Acc@1  16.41 ( 17.47)	Acc@5  62.50 ( 63.99)
0: Epoch: [1][20/98]	Time  0.166 ( 0.385)	Data  0.000 ( 0.225)	Loss 2.1251e+00 (2.2330e+00)	Acc@1  23.44 ( 17.93)	Acc@5  75.00 ( 65.10)
0: Epoch: [1][30/98]	Time  0.165 ( 0.314)	Data  0.000 ( 0.154)	Loss 2.2532e+00 (2.2219e+00)	Acc@1  14.84 ( 18.30)	Acc@5  69.53 ( 65.70)
0: Epoch: [1][40/98]	Time  0.165 ( 0.277)	Data  0.000 ( 0.118)	Loss 2.2182e+00 (2.2112e+00)	Acc@1  16.41 ( 18.62)	Acc@5  66.41 ( 67.13)
0: Epoch: [1][50/98]	Time  0.165 ( 0.255)	Data  0.000 ( 0.096)	Loss 2.2446e+00 (2.2007e+00)	Acc@1  18.75 ( 19.16)	Acc@5  65.62 ( 67.97)
0: Epoch: [1][60/98]	Time  0.165 ( 0.240)	Data  0.000 ( 0.081)	Loss 2.1195e+00 (2.1888e+00)	Acc@1  21.09 ( 19.57)	Acc@5  75.78 ( 68.93)
0: Epoch: [1][70/98]	Time  0.165 ( 0.229)	Data  0.000 ( 0.070)	Loss 2.1030e+00 (2.1788e+00)	Acc@
0: 1  23.44 ( 19.88)	Acc@5  70.31 ( 69.54)
0: Epoch: [1][80/98]	Time  0.165 ( 0.221)	Data  0.000 ( 0.062)	Loss 2.1064e+00 (2.1688e+00)	Acc@1  19.53 ( 20.07)	Acc@5  78.12 ( 69.92)
0: Epoch: [1][90/98]	Time  0.164 ( 0.215)	Data  0.000 ( 0.056)	Loss 2.0396e+00 (2.1575e+00)	Acc@1  21.88 ( 20.53)	Acc@5  79.69 ( 70.53)
0: Epoch: [1][ 0/98]	Time  4.728 ( 4.728)	Data  4.604 ( 4.604)	Loss 2.2697e+00 (2.2697e+00)	Acc@1  14.84 ( 14.84)	Acc@5  67.97 ( 67.97)
0: Epoch: [1][10/98]	Time  0.166 ( 0.580)	Data  0.000 ( 0.423)	Loss 2.2110e+00 (2.2350e+00)	Acc@1  17.97 ( 17.76)	Acc@5  70.31 ( 66.83)
0: Epoch: [1][20/98]	Time  0.165 ( 0.382)	Data  0.000 ( 0.224)	Loss 2.2317e+00 (2.2206e+00)	Acc@1  19.53 ( 18.53)	Acc@5  70.31 ( 67.75)
0: Epoch: [1][30/98]	Time  0.165 ( 0.311)	Data  0.000 ( 0.153)	Loss 2.1548e+00 (2.2093e+00)	Acc@1  17.97 ( 18.62)	Acc@5  79.69 ( 69.05)
0: Epoch: [1][40/98]	Time  0.165 ( 0.275)	Data  0.000 ( 0.117)	Loss 2.0834e+00 (2.1990e+00)	Acc@1  17.97 ( 18.98)	Acc@5  76.56 ( 69.72)
0: Epoch: [1][50/98]	Time  0.164 ( 0.253)	Data  0.000 ( 0.095)	Loss 2.1662e+00 (2.1982e+00)	Acc@1  25.78 ( 19.18)	Acc@5  67.19 ( 69.50)
0: Epoch: [1][60/98]	Time  0.165 ( 0.239)	Data  0.000 ( 0.080)	Loss 2.3895e+00 (2.1960e+00)	Acc@1  10.16 ( 19.43)	Acc@5  64.84 ( 69.48)
0: Epoch: [1][70/98]	Time  0.165 ( 0.228)	Data  0.000 ( 0.070)	Loss 2.2124e+00 (2.1828e+00)	Acc@
0: 1  19.53 ( 19.75)	Acc@5  65.62 ( 69.89)
0: Epoch: [1][80/98]	Time  0.165 ( 0.220)	Data  0.000 ( 0.062)	Loss 2.0825e+00 (2.1760e+00)	Acc@1  22.66 ( 19.92)	Acc@5  73.44 ( 70.18)
0: Epoch: [1][90/98]	Time  0.164 ( 0.214)	Data  0.000 ( 0.055)	Loss 2.1417e+00 (2.1668e+00)	Acc@1  21.09 ( 20.27)	Acc@5  68.75 ( 70.71)
0: Epoch: [1][ 0/98]	Time  4.724 ( 4.724)	Data  4.597 ( 4.597)	Loss 2.2977e+00 (2.2977e+00)	Acc@1  21.09 ( 21.09)	Acc@5  63.28 ( 63.28)
0: Epoch: [1][10/98]	Time  0.167 ( 0.580)	Data  0.000 ( 0.421)	Loss 2.1771e+00 (2.2314e+00)	Acc@1  14.06 ( 18.11)	Acc@5  63.28 ( 67.05)
0: Epoch: [1][20/98]	Time  0.165 ( 0.381)	Data  0.000 ( 0.222)	Loss 2.2040e+00 (2.2316e+00)	Acc@1  22.66 ( 18.27)	Acc@5  74.22 ( 66.82)
0: Epoch: [1][30/98]	Time  0.165 ( 0.311)	Data  0.000 ( 0.151)	Loss 2.1881e+00 (2.2183e+00)	Acc@1  18.75 ( 18.65)	Acc@5  67.97 ( 67.44)
0: Epoch: [1][40/98]	Time  0.165 ( 0.275)	Data  0.000 ( 0.115)	Loss 2.1385e+00 (2.2152e+00)	Acc@1  21.88 ( 18.71)	Acc@5  72.66 ( 67.64)
0: Epoch: [1][50/98]	Time  0.165 ( 0.253)	Data  0.000 ( 0.093)	Loss 2.1664e+00 (2.2062e+00)	Acc@1  18.75 ( 19.13)	Acc@5  67.97 ( 67.97)
0: Epoch: [1][60/98]	Time  0.165 ( 0.238)	Data  0.000 ( 0.079)	Loss 2.1028e+00 (2.1933e+00)	Acc@1  25.78 ( 19.68)	Acc@5  77.34 ( 68.83)
0: Epoch: [1][70/98]	Time  0.165 ( 0.228)	Data  0.000 ( 0.068)	Loss 2.1869e+00 (2.1782e+00)	Acc@
0: 1  20.31 ( 20.32)	Acc@5  73.44 ( 69.77)
0: Epoch: [1][80/98]	Time  0.165 ( 0.220)	Data  0.000 ( 0.060)	Loss 2.0949e+00 (2.1642e+00)	Acc@1  21.88 ( 20.49)	Acc@5  78.12 ( 70.54)
0: Epoch: [1][90/98]	Time  0.165 ( 0.214)	Data  0.000 ( 0.054)	Loss 2.0772e+00 (2.1541e+00)	Acc@1  18.75 ( 20.80)	Acc@5  79.69 ( 71.15)
0: Test: [ 0/79]	Time  2.407 ( 2.407)	Loss 2.0150e+00 (2.0150e+00)	Acc@1  27.34 ( 27.34)	Acc@5  77.34 ( 77.34)
0: Test: [10/79]	Time  0.039 ( 0.254)	Loss 2.0312e+00 (2.0890e+00)	Acc@1  25.78 ( 24.22)	Acc@5  78.12 ( 76.92)
0: Test: [20/79]	Time  0.039 ( 0.152)	Loss 2.0437e+00 (2.0666e+00)	Acc@1  25.78 ( 24.44)	Acc@5  78.91 ( 76.75)
0: Test: [30/79]	Time  0.039 ( 0.115)	Loss 2.0692e+00 (2.0580e+00)	Acc@1  23.44 ( 25.35)	Acc@5  73.44 ( 76.81)
0: Test: [40/79]	Time  0.039 ( 0.097)	Loss 1.9548e+00 (2.0519e+00)	Acc@1  28.91 ( 25.46)	Acc@5  79.69 ( 77.32)
0: Test: [50/79]	Time  0.039 ( 0.085)	Loss 2.0910e+00 (2.0620e+00)	Acc@1  25.78 ( 25.09)	Acc@5  73.44 ( 76.61)
0: Test: [60/79]	Time  0.039 ( 0.078)	Loss 2.0909e+00 (2.0582e+00)	Acc@1  23.44 ( 25.24)	Acc@5  75.78 ( 76.79)
0: Test: [70/79]	Time  0.039 ( 0.072)	Loss 2.1008e+00 (2.0613e+00)	Acc@1  26.56 ( 25.26)	Acc@5  81.25 ( 76.86)
0:  * Acc@1 25.190 Acc@5 76.860
0: Epoch 1/3 - 26.254s
0: Test: [ 0/79]	Time  2.376 ( 2.376)	Loss 2.0150e+00 (2.0150e+00)	Acc@1  27.34 ( 27.34)	Acc@5  77.34 ( 77.34)
0: Test: [10/79]	Time  0.039 ( 0.252)	Loss 2.0312e+00 (2.0890e+00)	Acc@1  25.78 ( 24.22)	Acc@5  78.12 ( 76.92)
0: Test: [20/79]	Time  0.039 ( 0.151)	Loss 2.0437e+00 (2.0666e+00)	Acc@1  25.78 ( 24.44)	Acc@5  78.91 ( 76.75)
0: Test: [30/79]	Time  0.039 ( 0.115)	Loss 2.0692e+00 (2.0580e+00)	Acc@1  23.44 ( 25.35)	Acc@5  73.44 ( 76.81)
0: Test: [40/79]	Time  0.039 ( 0.096)	Loss 1.9548e+00 (2.0519e+00)	Acc@1  28.91 ( 25.46)	Acc@5  79.69 ( 77.32)
0: Test: [50/79]	Time  0.040 ( 0.085)	Loss 2.0910e+00 (2.0620e+00)	Acc@1  25.78 ( 25.09)	Acc@5  73.44 ( 76.61)
0: Test: [60/79]	Time  0.040 ( 0.078)	Loss 2.0909e+00 (2.0582e+00)	Acc@1  23.44 ( 25.24)	Acc@5  75.78 ( 76.79)
0: Test: [70/79]	Time  0.039 ( 0.072)	Loss 2.1008e+00 (2.0613e+00)	Acc@1  26.56 ( 25.26)	Acc@5  81.25 ( 76.86)
0:  * Acc@1 25.190 Acc@5 76.860
0: Epoch 1/3 - 26.235s
0: Test: [ 0/79]	Time  2.401 ( 2.401)	Loss 2.0150e+00 (2.0150e+00)	Acc@1  27.34 ( 27.34)	Acc@5  77.34 ( 77.34)
0: Test: [10/79]	Time  0.039 ( 0.254)	Loss 2.0312e+00 (2.0890e+00)	Acc@1  25.78 ( 24.22)	Acc@5  78.12 ( 76.92)
0: Test: [20/79]	Time  0.040 ( 0.152)	Loss 2.0437e+00 (2.0666e+00)	Acc@1  25.78 ( 24.44)	Acc@5  78.91 ( 76.75)
0: Test: [30/79]	Time  0.039 ( 0.115)	Loss 2.0692e+00 (2.0580e+00)	Acc@1  23.44 ( 25.35)	Acc@5  73.44 ( 76.81)
0: Test: [40/79]	Time  0.039 ( 0.097)	Loss 1.9548e+00 (2.0519e+00)	Acc@1  28.91 ( 25.46)	Acc@5  79.69 ( 77.32)
0: Test: [50/79]	Time  0.039 ( 0.086)	Loss 2.0910e+00 (2.0620e+00)	Acc@1  25.78 ( 25.09)	Acc@5  73.44 ( 76.61)
0: Test: [60/79]	Time  0.039 ( 0.078)	Loss 2.0909e+00 (2.0582e+00)	Acc@1  23.44 ( 25.24)	Acc@5  75.78 ( 76.79)
0: Test: [70/79]	Time  0.039 ( 0.073)	Loss 2.1008e+00 (2.0613e+00)	Acc@1  26.56 ( 25.26)	Acc@5  81.25 ( 76.86)
0:  * Acc@1 25.190 Acc@5 76.860
0: Epoch 1/3 - 26.323s
0: Test: [ 0/79]	Time  2.409 ( 2.409)	Loss 2.0150e+00 (2.0150e+00)	Acc@1  27.34 ( 27.34)	Acc@5  77.34 ( 77.34)
0: Test: [10/79]	Time  0.040 ( 0.255)	Loss 2.0312e+00 (2.0890e+00)	Acc@1  25.78 ( 24.22)	Acc@5  78.12 ( 76.92)
0: Test: [20/79]	Time  0.039 ( 0.152)	Loss 2.0437e+00 (2.0666e+00)	Acc@1  25.78 ( 24.44)	Acc@5  78.91 ( 76.75)
0: Test: [30/79]	Time  0.039 ( 0.116)	Loss 2.0692e+00 (2.0580e+00)	Acc@1  23.44 ( 25.35)	Acc@5  73.44 ( 76.81)
0: Test: [40/79]	Time  0.039 ( 0.097)	Loss 1.9548e+00 (2.0519e+00)	Acc@1  28.91 ( 25.46)	Acc@5  79.69 ( 77.32)
0: Test: [50/79]	Time  0.039 ( 0.086)	Loss 2.0910e+00 (2.0620e+00)	Acc@1  25.78 ( 25.09)	Acc@5  73.44 ( 76.61)
0: Test: [60/79]	Time  0.039 ( 0.078)	Loss 2.0909e+00 (2.0582e+00)	Acc@1  23.44 ( 25.24)	Acc@5  75.78 ( 76.79)
0: Test: [70/79]	Time  0.039 ( 0.073)	Loss 2.1008e+00 (2.0613e+00)	Acc@1  26.56 ( 25.26)	Acc@5  81.25 ( 76.86)
0:  * Acc@1 25.190 Acc@5 76.860
0: Epoch 1/3 - 26.273s
0: Epoch: [2][ 0/98]	Time  4.713 ( 4.713)	Data  4.562 ( 4.562)	Loss 2.0489e+00 (2.0489e+00)	Acc@1  26.56 ( 26.56)	Acc@5  80.47 ( 80.47)
0: Epoch: [2][10/98]	Time  0.165 ( 0.579)	Data  0.000 ( 0.420)	Loss 1.9230e+00 (2.0249e+00)	Acc@1  31.25 ( 25.21)	Acc@5  78.12 ( 76.92)
0: Epoch: [2][20/98]	Time  0.165 ( 0.381)	Data  0.000 ( 0.222)	Loss 1.9862e+00 (2.0275e+00)	Acc@1  28.91 ( 25.00)	Acc@5  77.34 ( 77.68)
0: Epoch: [2][30/98]	Time  0.167 ( 0.311)	Data  0.000 ( 0.152)	Loss 1.8908e+00 (2.0182e+00)	Acc@1  31.25 ( 25.55)	Acc@5  83.59 ( 78.45)
0: Epoch: [2][40/98]	Time  0.167 ( 0.275)	Data  0.000 ( 0.116)	Loss 1.9058e+00 (2.0145e+00)	Acc@1  32.81 ( 25.57)	Acc@5  82.81 ( 78.37)
0: Epoch: [2][50/98]	Time  0.165 ( 0.253)	Data  0.000 ( 0.094)	Loss 2.0925e+00 (2.0160e+00)	Acc@1  22.66 ( 25.86)	Acc@5  75.78 ( 78.31)
0: Epoch: [2][60/98]	Time  0.168 ( 0.239)	Data  0.000 ( 0.080)	Loss 1.8467e+00 (2.0148e+00)	Acc@1  32.03 ( 26.04)	Acc@5  82.03 ( 78.37)
0: Epoch: [2][70/98]	Time  0.165 ( 0.228)	Data  0.000 ( 0.069)	Loss 1.9202e+00 (2.0071e+00)	Acc@
0: 1  28.91 ( 26.35)	Acc@5  79.69 ( 78.76)
0: Epoch: [2][80/98]	Time  0.166 ( 0.220)	Data  0.000 ( 0.061)	Loss 1.8834e+00 (1.9933e+00)	Acc@1  29.69 ( 26.99)	Acc@5  82.03 ( 79.12)
0: Epoch: [2][90/98]	Time  0.168 ( 0.214)	Data  0.000 ( 0.055)	Loss 1.8823e+00 (1.9878e+00)	Acc@1  21.88 ( 27.15)	Acc@5  82.03 ( 79.27)
0: Epoch: [2][ 0/98]	Time  4.661 ( 4.661)	Data  4.544 ( 4.544)	Loss 2.0746e+00 (2.0746e+00)	Acc@1  21.88 ( 21.88)	Acc@5  77.34 ( 77.34)
0: Epoch: [2][10/98]	Time  0.165 ( 0.574)	Data  0.000 ( 0.417)	Loss 1.9914e+00 (2.0415e+00)	Acc@1  29.69 ( 24.15)	Acc@5  82.03 ( 77.98)
0: Epoch: [2][20/98]	Time  0.165 ( 0.378)	Data  0.000 ( 0.220)	Loss 1.9981e+00 (2.0467e+00)	Acc@1  30.47 ( 24.48)	Acc@5  80.47 ( 76.86)
0: Epoch: [2][30/98]	Time  0.166 ( 0.309)	Data  0.000 ( 0.150)	Loss 1.9440e+00 (2.0358e+00)	Acc@1  28.91 ( 24.90)	Acc@5  81.25 ( 78.02)
0: Epoch: [2][40/98]	Time  0.166 ( 0.274)	Data  0.000 ( 0.114)	Loss 2.0901e+00 (2.0276e+00)	Acc@1  24.22 ( 25.15)	Acc@5  74.22 ( 78.01)
0: Epoch: [2][50/98]	Time  0.166 ( 0.252)	Data  0.000 ( 0.093)	Loss 1.9413e+00 (2.0230e+00)	Acc@1  25.78 ( 25.34)	Acc@5  82.03 ( 78.20)
0: Epoch: [2][60/98]	Time  0.166 ( 0.238)	Data  0.000 ( 0.078)	Loss 1.9539e+00 (2.0171e+00)	Acc@1  27.34 ( 25.97)	Acc@5  85.16 ( 78.73)
0: Epoch: [2][70/98]	Time  0.166 ( 0.227)	Data  0.000 ( 0.067)	Loss 1.9818e+00 (2.0067e+00)	Acc@
0: 1  26.56 ( 26.39)	Acc@5  75.00 ( 79.02)
0: Epoch: [2][80/98]	Time  0.166 ( 0.220)	Data  0.000 ( 0.060)	Loss 1.9931e+00 (1.9999e+00)	Acc@1  26.56 ( 26.52)	Acc@5  81.25 ( 79.45)
0: Epoch: [2][90/98]	Time  0.168 ( 0.214)	Data  0.000 ( 0.053)	Loss 2.0620e+00 (1.9947e+00)	Acc@1  25.78 ( 26.73)	Acc@5  78.12 ( 79.49)
0: Epoch: [2][ 0/98]	Time  4.732 ( 4.732)	Data  4.610 ( 4.610)	Loss 2.0208e+00 (2.0208e+00)	Acc@1  19.53 ( 19.53)	Acc@5  78.12 ( 78.12)
0: Epoch: [2][10/98]	Time  0.165 ( 0.578)	Data  0.000 ( 0.422)	Loss 2.0901e+00 (2.0567e+00)	Acc@1  21.88 ( 22.66)	Acc@5  76.56 ( 77.27)
0: Epoch: [2][20/98]	Time  0.165 ( 0.381)	Data  0.000 ( 0.223)	Loss 2.1490e+00 (2.0440e+00)	Acc@1  21.09 ( 23.62)	Acc@5  73.44 ( 77.72)
0: Epoch: [2][30/98]	Time  0.166 ( 0.311)	Data  0.000 ( 0.153)	Loss 2.0786e+00 (2.0254e+00)	Acc@1  20.31 ( 24.72)	Acc@5  78.91 ( 78.38)
0: Epoch: [2][40/98]	Time  0.166 ( 0.275)	Data  0.000 ( 0.117)	Loss 1.9580e+00 (2.0123e+00)	Acc@1  31.25 ( 25.76)	Acc@5  82.03 ( 79.06)
0: Epoch: [2][50/98]	Time  0.165 ( 0.253)	Data  0.000 ( 0.095)	Loss 1.8618e+00 (2.0055e+00)	Acc@1  31.25 ( 26.13)	Acc@5  81.25 ( 79.24)
0: Epoch: [2][60/98]	Time  0.165 ( 0.239)	Data  0.000 ( 0.080)	Loss 2.0328e+00 (1.9998e+00)	Acc@1  22.66 ( 26.50)	Acc@5  76.56 ( 79.44)
0: Epoch: [2][70/98]	Time  0.166 ( 0.228)	Data  0.000 ( 0.069)	Loss 1.8936e+00 (1.9957e+00)	Acc@
0: 1  25.78 ( 26.62)	Acc@5  85.16 ( 79.60)
0: Epoch: [2][80/98]	Time  0.165 ( 0.220)	Data  0.000 ( 0.061)	Loss 2.0750e+00 (1.9902e+00)	Acc@1  29.69 ( 26.98)	Acc@5  74.22 ( 79.76)
0: Epoch: [2][90/98]	Time  0.167 ( 0.214)	Data  0.000 ( 0.055)	Loss 1.9613e+00 (1.9860e+00)	Acc@1  23.44 ( 26.89)	Acc@5  82.81 ( 79.98)
0: Epoch: [2][ 0/98]	Time  4.687 ( 4.687)	Data  4.550 ( 4.550)	Loss 1.9650e+00 (1.9650e+00)	Acc@1  28.12 ( 28.12)	Acc@5  79.69 ( 79.69)
0: Epoch: [2][10/98]	Time  0.165 ( 0.576)	Data  0.000 ( 0.419)	Loss 2.1176e+00 (2.0378e+00)	Acc@1  23.44 ( 25.78)	Acc@5  67.19 ( 77.27)
0: Epoch: [2][20/98]	Time  0.165 ( 0.380)	Data  0.000 ( 0.222)	Loss 1.9112e+00 (2.0321e+00)	Acc@1  25.78 ( 25.41)	Acc@5  78.91 ( 77.64)
0: Epoch: [2][30/98]	Time  0.166 ( 0.310)	Data  0.000 ( 0.152)	Loss 2.0772e+00 (2.0290e+00)	Acc@1  25.00 ( 25.66)	Acc@5  73.44 ( 77.62)
0: Epoch: [2][40/98]	Time  0.167 ( 0.275)	Data  0.000 ( 0.116)	Loss 2.0005e+00 (2.0152e+00)	Acc@1  23.44 ( 25.84)	Acc@5  78.91 ( 77.88)
0: Epoch: [2][50/98]	Time  0.166 ( 0.253)	Data  0.000 ( 0.094)	Loss 1.9929e+00 (2.0047e+00)	Acc@1  24.22 ( 26.62)	Acc@5  81.25 ( 78.19)
0: Epoch: [2][60/98]	Time  0.164 ( 0.238)	Data  0.000 ( 0.080)	Loss 1.8125e+00 (1.9977e+00)	Acc@1  37.50 ( 26.78)	Acc@5  85.16 ( 78.60)
0: Epoch: [2][70/98]	Time  0.166 ( 0.228)	Data  0.000 ( 0.069)	Loss 1.8846e+00 (1.9890e+00)	Acc@
0: 1  32.81 ( 27.05)	Acc@5  84.38 ( 78.93)
0: Epoch: [2][80/98]	Time  0.166 ( 0.220)	Data  0.000 ( 0.061)	Loss 1.9799e+00 (1.9878e+00)	Acc@1  28.12 ( 27.26)	Acc@5  79.69 ( 79.09)
0: Epoch: [2][90/98]	Time  0.167 ( 0.214)	Data  0.000 ( 0.055)	Loss 2.0733e+00 (1.9805e+00)	Acc@1  25.00 ( 27.48)	Acc@5  76.56 ( 79.31)
0: Test: [ 0/79]	Time  2.398 ( 2.398)	Loss 1.8803e+00 (1.8803e+00)	Acc@1  31.25 ( 31.25)	Acc@5  87.50 ( 87.50)
0: Test: [10/79]	Time  0.039 ( 0.253)	Loss 1.9834e+00 (1.9430e+00)	Acc@1  21.88 ( 28.69)	Acc@5  76.56 ( 81.04)
0: Test: [20/79]	Time  0.039 ( 0.151)	Loss 1.8619e+00 (1.9192e+00)	Acc@1  39.06 ( 29.99)	Acc@5  82.03 ( 81.62)
0: Test: [30/79]	Time  0.039 ( 0.115)	Loss 1.9346e+00 (1.9171e+00)	Acc@1  26.56 ( 30.04)	Acc@5  83.59 ( 82.08)
0: Test: [40/79]	Time  0.039 ( 0.097)	Loss 1.9699e+00 (1.9161e+00)	Acc@1  26.56 ( 29.95)	Acc@5  80.47 ( 82.39)
0: Test: [50/79]	Time  0.039 ( 0.085)	Loss 2.0086e+00 (1.9241e+00)	Acc@1  26.56 ( 29.86)	Acc@5  71.09 ( 81.89)
0: Test: [60/79]	Time  0.039 ( 0.078)	Loss 1.8358e+00 (1.9212e+00)	Acc@1  26.56 ( 29.97)	Acc@5  82.81 ( 81.99)
0: Test: [70/79]	Time  0.039 ( 0.072)	Loss 2.0219e+00 (1.9297e+00)	Acc@1  27.34 ( 29.60)	Acc@5  82.81 ( 81.65)
0:  * Acc@1 29.640 Acc@5 81.620
0: Epoch 2/3 - 26.300s
0: Steps per epoch: 98
0: Validation steps per epoch: 79
0: Average time per epoch: 28.265 s
0: Test: [ 0/79]	Time  2.376 ( 2.376)	Loss 1.8803e+00 (1.8803e+00)	Acc@1  31.25 ( 31.25)	Acc@5  87.50 ( 87.50)
0: Test: [10/79]	Time  0.039 ( 0.252)	Loss 1.9834e+00 (1.9430e+00)	Acc@1  21.88 ( 28.69)	Acc@5  76.56 ( 81.04)
0: Test: [20/79]	Time  0.039 ( 0.151)	Loss 1.8619e+00 (1.9192e+00)	Acc@1  39.06 ( 29.99)	Acc@5  82.03 ( 81.62)
0: Test: [30/79]	Time  0.039 ( 0.115)	Loss 1.9346e+00 (1.9171e+00)	Acc@1  26.56 ( 30.04)	Acc@5  83.59 ( 82.08)
0: Test: [40/79]	Time  0.039 ( 0.096)	Loss 1.9699e+00 (1.9161e+00)	Acc@1  26.56 ( 29.95)	Acc@5  80.47 ( 82.39)
0: Test: [50/79]	Time  0.039 ( 0.085)	Loss 2.0086e+00 (1.9241e+00)	Acc@1  26.56 ( 29.86)	Acc@5  71.09 ( 81.89)
0: Test: [60/79]	Time  0.039 ( 0.078)	Loss 1.8358e+00 (1.9212e+00)	Acc@1  26.56 ( 29.97)	Acc@5  82.81 ( 81.99)
0: Test: [70/79]	Time  0.039 ( 0.072)	Loss 2.0219e+00 (1.9297e+00)	Acc@1  27.34 ( 29.60)	Acc@5  82.81 ( 81.65)
0:  * Acc@1 29.640 Acc@5 81.620
0: Epoch 2/3 - 26.275s
0: Steps per epoch: 98
0: Validation steps per epoch: 79
0: Average time per epoch: 28.265 s
0: Test: [ 0/79]	Time  2.433 ( 2.433)	Loss 1.8803e+00 (1.8803e+00)	Acc@1  31.25 ( 31.25)	Acc@5  87.50 ( 87.50)
0: Test: [10/79]	Time  0.040 ( 0.257)	Loss 1.9834e+00 (1.9430e+00)	Acc@1  21.88 ( 28.69)	Acc@5  76.56 ( 81.04)
0: Test: [20/79]	Time  0.039 ( 0.153)	Loss 1.8619e+00 (1.9192e+00)	Acc@1  39.06 ( 29.99)	Acc@5  82.03 ( 81.62)
0: Test: [30/79]	Time  0.039 ( 0.117)	Loss 1.9346e+00 (1.9171e+00)	Acc@1  26.56 ( 30.04)	Acc@5  83.59 ( 82.08)
0: Test: [40/79]	Time  0.039 ( 0.098)	Loss 1.9699e+00 (1.9161e+00)	Acc@1  26.56 ( 29.95)	Acc@5  80.47 ( 82.39)
0: Test: [50/79]	Time  0.039 ( 0.086)	Loss 2.0086e+00 (1.9241e+00)	Acc@1  26.56 ( 29.86)	Acc@5  71.09 ( 81.89)
0: Test: [60/79]	Time  0.039 ( 0.079)	Loss 1.8358e+00 (1.9212e+00)	Acc@1  26.56 ( 29.97)	Acc@5  82.81 ( 81.99)
0: Test: [70/79]	Time  0.039 ( 0.073)	Loss 2.0219e+00 (1.9297e+00)	Acc@1  27.34 ( 29.60)	Acc@5  82.81 ( 81.65)
0:  * Acc@1 29.640 Acc@5 81.620
0: Epoch 2/3 - 26.347s
0: Steps per epoch: 98
0: Validation steps per epoch: 79
0: Average time per epoch: 28.285 s
0: Test: [ 0/79]	Time  2.443 ( 2.443)	Loss 1.8803e+00 (1.8803e+00)	Acc@1  31.25 ( 31.25)	Acc@5  87.50 ( 87.50)
0: Test: [10/79]	Time  0.039 ( 0.258)	Loss 1.9834e+00 (1.9430e+00)	Acc@1  21.88 ( 28.69)	Acc@5  76.56 ( 81.04)
0: Test: [20/79]	Time  0.039 ( 0.154)	Loss 1.8619e+00 (1.9192e+00)	Acc@1  39.06 ( 29.99)	Acc@5  82.03 ( 81.62)
0: Test: [30/79]	Time  0.039 ( 0.117)	Loss 1.9346e+00 (1.9171e+00)	Acc@1  26.56 ( 30.04)	Acc@5  83.59 ( 82.08)
0: Test: [40/79]	Time  0.039 ( 0.098)	Loss 1.9699e+00 (1.9161e+00)	Acc@1  26.56 ( 29.95)	Acc@5  80.47 ( 82.39)
0: Test: [50/79]	Time  0.039 ( 0.087)	Loss 2.0086e+00 (1.9241e+00)	Acc@1  26.56 ( 29.86)	Acc@5  71.09 ( 81.89)
0: Test: [60/79]	Time  0.039 ( 0.079)	Loss 1.8358e+00 (1.9212e+00)	Acc@1  26.56 ( 29.97)	Acc@5  82.81 ( 81.99)
0: Test: [70/79]	Time  0.039 ( 0.073)	Loss 2.0219e+00 (1.9297e+00)	Acc@1  27.34 ( 29.60)	Acc@5  82.81 ( 81.65)
0:  * Acc@1 29.640 Acc@5 81.620
0: Epoch 2/3 - 26.316s
0: Steps per epoch: 98
0: Validation steps per epoch: 79
0: Average time per epoch: 28.291 s
0: --- 90.43350553512573 seconds ---
0: --- 90.49481344223022 seconds ---
ELAPSED: 92 seconds
End at Mon Feb  1 00:17:59 EET 2021
