WORKERS: "gpu20-ib:5555"
Start at Mon Feb  1 00:20:36 EET 2021
CUDA_VISIBLE_DEVICES: 0,1
Running on hosts: gpu20
Running on 1 nodes.
Running 1 tasks per node
Job id is 1085630
srun -w gpu20 -N 1 -n 1 -l python -u train.pytorch.imagenet.py --config=configs/pytorch_imagenet_resnet.B128.yaml --dist-url 'tcp://gpu20-ib:5555' --dist-backend 'nccl' --multiprocessing-distributed --world-size 1 --rank 0 & 
0: Number of devices per node: 2
0: Use GPU: 1 for training
0: => creating model 'resnet50'
0: Use GPU: 0 for training
0: => creating model 'resnet50'
0: Epoch: [0][  0/391]	Time  7.583 ( 7.583)	Data  4.586 ( 4.586)	Loss 6.7944e+00 (6.7944e+00)	Acc@1   0.00 (  0.00)	Acc@5   0.00 (  0.00)
0: Epoch: [0][ 10/391]	Time  0.107 ( 0.787)	Data  0.000 ( 0.417)	Loss 2.7636e+00 (4.6955e+00)	Acc@1   7.81 (  7.67)	Acc@5  42.19 ( 31.25)
0: Epoch: [0][ 20/391]	Time  0.108 ( 0.463)	Data  0.000 ( 0.220)	Loss 2.5053e+00 (3.6515e+00)	Acc@1  10.94 ( 10.12)	Acc@5  50.00 ( 40.70)
0: Epoch: [0][ 30/391]	Time  0.108 ( 0.349)	Data  0.000 ( 0.150)	Loss 2.5106e+00 (3.2701e+00)	Acc@1  10.94 ( 10.79)	Acc@5  46.88 ( 45.51)
0: Epoch: [0][ 40/391]	Time  0.107 ( 0.290)	Data  0.000 ( 0.114)	Loss 2.2826e+00 (3.0622e+00)	Acc@1  21.88 ( 11.51)	Acc@5  60.94 ( 48.59)
0: Epoch: [0][ 50/391]	Time  0.108 ( 0.254)	Data  0.000 ( 0.092)	Loss 2.6122e+00 (2.9255e+00)	Acc@1   6.25 ( 11.86)	Acc@5  48.44 ( 50.89)
0: Epoch: [0][ 60/391]	Time  0.108 ( 0.230)	Data  0.000 ( 0.077)	Loss 2.3155e+00 (2.8302e+00)	Acc@1  14.06 ( 12.50)	Acc@5  59.38 ( 52.56)
0: Epoch: [0][ 70/391]	Time  0.107 ( 0.213)	Data  0.000 ( 0.067)	Loss 2.3002e+00 (
0: 2.7573e+00)	Acc@1  14.06 ( 12.85)	Acc@5  64.06 ( 54.20)
0: Epoch: [0][ 80/391]	Time  0.108 ( 0.200)	Data  0.000 ( 0.059)	Loss 2.2626e+00 (2.7001e+00)	Acc@1  10.94 ( 13.35)	Acc@5  64.06 ( 55.67)
0: Epoch: [0][ 90/391]	Time  0.108 ( 0.190)	Data  0.000 ( 0.053)	Loss 2.4689e+00 (2.6561e+00)	Acc@1  14.06 ( 13.87)	Acc@5  60.94 ( 56.64)
0: Epoch: [0][100/391]	Time  0.108 ( 0.181)	Data  0.000 ( 0.048)	Loss 2.3096e+00 (2.6174e+00)	Acc@1  17.19 ( 14.22)	Acc@5  62.50 ( 57.67)
0: Epoch: [0][110/391]	Time  0.108 ( 0.175)	Data  0.000 ( 0.044)	Loss 2.2136e+00 (2.5805e+00)	Acc@1  15.62 ( 14.78)	Acc@5  70.31 ( 58.61)
0: Epoch: [0][120/391]	Time  0.108 ( 0.169)	Data  0.000 ( 0.040)	Loss 2.0751e+00 (2.5505e+00)	Acc@1  23.44 ( 15.25)	Acc@5  76.56 ( 59.54)
0: Epoch: [0][130/391]	Time  0.107 ( 0.165)	Data  0.000 ( 0.037)	Loss 2.2905e+00 (2.5267e+00)	Acc@1  17.19 ( 15.68)	Acc@5  59.38 ( 60.02)
0: Epoch: [0][140/391]	Time  0.108 ( 0.160)	Data  0.000 ( 0.035)	Loss 2.1080e+00 (2.5082e+00)	Acc@1  25.00 ( 16.01)	Acc@5  81.25 ( 60.77)
0: Epoch: [0][150/391]	Tim
0: e  0.108 ( 0.157)	Data  0.000 ( 0.033)	Loss 2.2593e+00 (2.4863e+00)	Acc@1  31.25 ( 16.49)	Acc@5  67.19 ( 61.50)
0: Epoch: [0][160/391]	Time  0.109 ( 0.154)	Data  0.000 ( 0.031)	Loss 2.1272e+00 (2.4641e+00)	Acc@1  21.88 ( 16.91)	Acc@5  70.31 ( 62.20)
0: Epoch: [0][170/391]	Time  0.108 ( 0.151)	Data  0.000 ( 0.029)	Loss 2.1087e+00 (2.4430e+00)	Acc@1  18.75 ( 17.27)	Acc@5  76.56 ( 62.82)
0: Epoch: [0][180/391]	Time  0.108 ( 0.149)	Data  0.000 ( 0.028)	Loss 2.0706e+00 (2.4265e+00)	Acc@1  25.00 ( 17.53)	Acc@5  75.00 ( 63.40)
0: Epoch: [0][190/391]	Time  0.107 ( 0.147)	Data  0.000 ( 0.026)	Loss 2.0800e+00 (2.4084e+00)	Acc@1  21.88 ( 17.87)	Acc@5  79.69 ( 64.05)
0: Epoch: [0][200/391]	Time  0.108 ( 0.145)	Data  0.000 ( 0.025)	Loss 2.0920e+00 (2.3908e+00)	Acc@1  21.88 ( 18.21)	Acc@5  76.56 ( 64.69)
0: Epoch: [0][210/391]	Time  0.109 ( 0.143)	Data  0.000 ( 0.024)	Loss 1.8207e+00 (2.3744e+00)	Acc@1  31.25 ( 18.58)	Acc@5  85.94 ( 65.29)
0: Epoch: [0][220/391]	Time  0.108 ( 0.141)	Data  0.000 ( 0.023)	Loss 2.1192e+00 (2.3614e+00)	Acc@1  14.0
0: 6 ( 18.85)	Acc@5  76.56 ( 65.79)
0: Epoch: [0][230/391]	Time  0.108 ( 0.140)	Data  0.000 ( 0.022)	Loss 1.9525e+00 (2.3471e+00)	Acc@1  43.75 ( 19.19)	Acc@5  78.12 ( 66.35)
0: Epoch: [0][240/391]	Time  0.108 ( 0.139)	Data  0.000 ( 0.021)	Loss 2.0436e+00 (2.3357e+00)	Acc@1  25.00 ( 19.41)	Acc@5  81.25 ( 66.86)
0: Epoch: [0][250/391]	Time  0.108 ( 0.137)	Data  0.000 ( 0.021)	Loss 2.1879e+00 (2.3217e+00)	Acc@1  25.00 ( 19.79)	Acc@5  67.19 ( 67.36)
0: Epoch: [0][260/391]	Time  0.108 ( 0.136)	Data  0.000 ( 0.020)	Loss 2.1138e+00 (2.3104e+00)	Acc@1  15.62 ( 19.95)	Acc@5  71.88 ( 67.80)
0: Epoch: [0][270/391]	Time  0.107 ( 0.135)	Data  0.000 ( 0.019)	Loss 1.9574e+00 (2.2994e+00)	Acc@1  29.69 ( 20.25)	Acc@5  81.25 ( 68.24)
0: Epoch: [0][280/391]	Time  0.108 ( 0.134)	Data  0.000 ( 0.019)	Loss 2.0324e+00 (2.2890e+00)	Acc@1  26.56 ( 20.50)	Acc@5  78.12 ( 68.71)
0: Epoch: [0][290/391]	Time  0.108 ( 0.133)	Data  0.000 ( 0.018)	Loss 1.9825e+00 (2.2782e+00)	Acc@1  31.25 ( 20.82)	Acc@5  75.00 ( 69.10)
0: Epoch: [0][300/391]	Time  0.108 ( 0.133)	Data 
0:  0.000 ( 0.018)	Loss 2.0058e+00 (2.2674e+00)	Acc@1  32.81 ( 21.13)	Acc@5  82.81 ( 69.58)
0: Epoch: [0][310/391]	Time  0.109 ( 0.132)	Data  0.000 ( 0.017)	Loss 1.8122e+00 (2.2584e+00)	Acc@1  42.19 ( 21.38)	Acc@5  89.06 ( 69.89)
0: Epoch: [0][320/391]	Time  0.108 ( 0.131)	Data  0.000 ( 0.017)	Loss 2.0539e+00 (2.2502e+00)	Acc@1  29.69 ( 21.64)	Acc@5  78.12 ( 70.16)
0: Epoch: [0][330/391]	Time  0.109 ( 0.130)	Data  0.000 ( 0.016)	Loss 1.8561e+00 (2.2400e+00)	Acc@1  29.69 ( 21.93)	Acc@5  81.25 ( 70.52)
0: Epoch: [0][340/391]	Time  0.107 ( 0.130)	Data  0.000 ( 0.016)	Loss 2.0283e+00 (2.2331e+00)	Acc@1  25.00 ( 22.15)	Acc@5  78.12 ( 70.78)
0: Epoch: [0][350/391]	Time  0.108 ( 0.129)	Data  0.000 ( 0.015)	Loss 1.8472e+00 (2.2234e+00)	Acc@1  29.69 ( 22.41)	Acc@5  87.50 ( 71.15)
0: Epoch: [0][360/391]	Time  0.108 ( 0.128)	Data  0.000 ( 0.015)	Loss 1.7100e+00 (2.2172e+00)	Acc@1  37.50 ( 22.57)	Acc@5  95.31 ( 71.39)
0: Epoch: [0][370/391]	Time  0.108 ( 0.128)	Data  0.000 ( 0.015)	Loss 2.1473e+00 (2.2114e+00)	Acc@1  25.00 ( 22.80)	Acc@5  76.56
0:  ( 71.60)
0: Epoch: [0][380/391]	Time  0.108 ( 0.127)	Data  0.000 ( 0.014)	Loss 1.9192e+00 (2.2043e+00)	Acc@1  25.00 ( 22.94)	Acc@5  78.12 ( 71.81)
0: Epoch: [0][390/391]	Time  1.757 ( 0.131)	Data  0.000 ( 0.014)	Loss 1.8281e+00 (2.1989e+00)	Acc@1  32.50 ( 23.04)	Acc@5  87.50 ( 72.05)
0: Epoch: [0][  0/391]	Time  7.605 ( 7.605)	Data  4.528 ( 4.528)	Loss 7.0750e+00 (7.0750e+00)	Acc@1   0.00 (  0.00)	Acc@5   1.56 (  1.56)
0: Epoch: [0][ 10/391]	Time  0.107 ( 0.788)	Data  0.000 ( 0.412)	Loss 2.4744e+00 (4.6697e+00)	Acc@1  15.62 (  9.38)	Acc@5  56.25 ( 36.22)
0: Epoch: [0][ 20/391]	Time  0.108 ( 0.464)	Data  0.000 ( 0.217)	Loss 2.6239e+00 (3.6556e+00)	Acc@1  12.50 (  9.67)	Acc@5  40.62 ( 43.23)
0: Epoch: [0][ 30/391]	Time  0.107 ( 0.349)	Data  0.000 ( 0.148)	Loss 2.5009e+00 (3.2779e+00)	Acc@1   7.81 ( 10.53)	Acc@5  56.25 ( 46.93)
0: Epoch: [0][ 40/391]	Time  0.107 ( 0.290)	Data  0.000 ( 0.112)	Loss 2.4800e+00 (3.0735e+00)	Acc@1   7.81 ( 10.59)	Acc@5  53.12 ( 49.05)
0: Epoch: [0][ 50/391]	Time  0.108 ( 0.254)	Data  0.000 ( 0.091)	Loss 2.3657e+00 (2.9403e+00)	Acc@1  20.31 ( 11.18)	Acc@5  56.25 ( 51.07)
0: Epoch: [0][ 60/391]	Time  0.107 ( 0.230)	Data  0.000 ( 0.076)	Loss 2.3649e+00 (2.8443e+00)	Acc@1  14.06 ( 11.58)	Acc@5  59.38 ( 53.05)
0: Epoch: [0][ 70/391]	Time  0.107 ( 0.213)	Data  0.000 ( 0.066)	Loss 2.2333e+00 (
0: 2.7621e+00)	Acc@1  15.62 ( 12.28)	Acc@5  65.62 ( 54.80)
0: Epoch: [0][ 80/391]	Time  0.108 ( 0.200)	Data  0.000 ( 0.058)	Loss 2.4264e+00 (2.7096e+00)	Acc@1  12.50 ( 12.64)	Acc@5  57.81 ( 55.90)
0: Epoch: [0][ 90/391]	Time  0.108 ( 0.190)	Data  0.000 ( 0.052)	Loss 2.3841e+00 (2.6627e+00)	Acc@1  18.75 ( 13.29)	Acc@5  60.94 ( 56.78)
0: Epoch: [0][100/391]	Time  0.107 ( 0.182)	Data  0.000 ( 0.047)	Loss 2.2371e+00 (2.6228e+00)	Acc@1  23.44 ( 13.74)	Acc@5  64.06 ( 57.72)
0: Epoch: [0][110/391]	Time  0.108 ( 0.175)	Data  0.000 ( 0.043)	Loss 2.3046e+00 (2.5877e+00)	Acc@1  25.00 ( 14.34)	Acc@5  65.62 ( 58.69)
0: Epoch: [0][120/391]	Time  0.107 ( 0.169)	Data  0.000 ( 0.040)	Loss 2.2257e+00 (2.5577e+00)	Acc@1  17.19 ( 14.72)	Acc@5  68.75 ( 59.61)
0: Epoch: [0][130/391]	Time  0.108 ( 0.165)	Data  0.000 ( 0.037)	Loss 2.3722e+00 (2.5323e+00)	Acc@1  12.50 ( 15.28)	Acc@5  65.62 ( 60.20)
0: Epoch: [0][140/391]	Time  0.107 ( 0.161)	Data  0.000 ( 0.034)	Loss 2.0096e+00 (2.5108e+00)	Acc@1  26.56 ( 15.66)	Acc@5  76.56 ( 60.94)
0: Epoch: [0][150/391]	Tim
0: e  0.108 ( 0.157)	Data  0.000 ( 0.032)	Loss 2.1537e+00 (2.4905e+00)	Acc@1  26.56 ( 16.08)	Acc@5  71.88 ( 61.61)
0: Epoch: [0][160/391]	Time  0.109 ( 0.154)	Data  0.000 ( 0.030)	Loss 2.1361e+00 (2.4723e+00)	Acc@1  20.31 ( 16.36)	Acc@5  75.00 ( 62.16)
0: Epoch: [0][170/391]	Time  0.109 ( 0.151)	Data  0.000 ( 0.029)	Loss 2.0395e+00 (2.4505e+00)	Acc@1  23.44 ( 16.83)	Acc@5  81.25 ( 62.93)
0: Epoch: [0][180/391]	Time  0.107 ( 0.149)	Data  0.000 ( 0.027)	Loss 2.0766e+00 (2.4327e+00)	Acc@1  26.56 ( 17.27)	Acc@5  78.12 ( 63.42)
0: Epoch: [0][190/391]	Time  0.108 ( 0.147)	Data  0.000 ( 0.026)	Loss 2.1674e+00 (2.4169e+00)	Acc@1  17.19 ( 17.50)	Acc@5  76.56 ( 64.03)
0: Epoch: [0][200/391]	Time  0.108 ( 0.145)	Data  0.000 ( 0.025)	Loss 2.0941e+00 (2.4022e+00)	Acc@1  29.69 ( 17.83)	Acc@5  78.12 ( 64.57)
0: Epoch: [0][210/391]	Time  0.108 ( 0.143)	Data  0.000 ( 0.024)	Loss 1.9897e+00 (2.3852e+00)	Acc@1  31.25 ( 18.20)	Acc@5  82.81 ( 65.24)
0: Epoch: [0][220/391]	Time  0.108 ( 0.142)	Data  0.000 ( 0.023)	Loss 2.2436e+00 (2.3729e+00)	Acc@1  20.3
0: 1 ( 18.53)	Acc@5  70.31 ( 65.74)
0: Epoch: [0][230/391]	Time  0.108 ( 0.140)	Data  0.000 ( 0.022)	Loss 2.0628e+00 (2.3579e+00)	Acc@1  17.19 ( 18.84)	Acc@5  79.69 ( 66.27)
0: Epoch: [0][240/391]	Time  0.107 ( 0.139)	Data  0.000 ( 0.021)	Loss 2.1089e+00 (2.3459e+00)	Acc@1  28.12 ( 19.23)	Acc@5  79.69 ( 66.70)
0: Epoch: [0][250/391]	Time  0.108 ( 0.137)	Data  0.000 ( 0.020)	Loss 1.9740e+00 (2.3301e+00)	Acc@1  28.12 ( 19.57)	Acc@5  78.12 ( 67.24)
0: Epoch: [0][260/391]	Time  0.107 ( 0.136)	Data  0.000 ( 0.020)	Loss 1.8211e+00 (2.3174e+00)	Acc@1  34.38 ( 19.93)	Acc@5  89.06 ( 67.68)
0: Epoch: [0][270/391]	Time  0.107 ( 0.135)	Data  0.000 ( 0.019)	Loss 2.0536e+00 (2.3051e+00)	Acc@1  29.69 ( 20.26)	Acc@5  76.56 ( 68.11)
0: Epoch: [0][280/391]	Time  0.108 ( 0.134)	Data  0.000 ( 0.018)	Loss 1.9231e+00 (2.2929e+00)	Acc@1  37.50 ( 20.55)	Acc@5  79.69 ( 68.55)
0: Epoch: [0][290/391]	Time  0.109 ( 0.133)	Data  0.000 ( 0.018)	Loss 1.8519e+00 (2.2825e+00)	Acc@1  32.81 ( 20.84)	Acc@5  81.25 ( 68.91)
0: Epoch: [0][300/391]	Time  0.109 ( 0.133)	Data 
0:  0.000 ( 0.017)	Loss 2.1118e+00 (2.2748e+00)	Acc@1  31.25 ( 21.09)	Acc@5  76.56 ( 69.20)
0: Epoch: [0][310/391]	Time  0.108 ( 0.132)	Data  0.000 ( 0.017)	Loss 2.0204e+00 (2.2639e+00)	Acc@1  26.56 ( 21.36)	Acc@5  82.81 ( 69.59)
0: Epoch: [0][320/391]	Time  0.109 ( 0.131)	Data  0.000 ( 0.016)	Loss 1.8694e+00 (2.2529e+00)	Acc@1  34.38 ( 21.63)	Acc@5  81.25 ( 69.95)
0: Epoch: [0][330/391]	Time  0.109 ( 0.130)	Data  0.000 ( 0.016)	Loss 2.0611e+00 (2.2430e+00)	Acc@1  20.31 ( 21.91)	Acc@5  79.69 ( 70.34)
0: Epoch: [0][340/391]	Time  0.107 ( 0.130)	Data  0.000 ( 0.016)	Loss 1.7540e+00 (2.2352e+00)	Acc@1  34.38 ( 22.12)	Acc@5  90.62 ( 70.63)
0: Epoch: [0][350/391]	Time  0.108 ( 0.129)	Data  0.000 ( 0.015)	Loss 1.9011e+00 (2.2278e+00)	Acc@1  32.81 ( 22.32)	Acc@5  82.81 ( 70.90)
0: Epoch: [0][360/391]	Time  0.107 ( 0.129)	Data  0.000 ( 0.015)	Loss 2.1373e+00 (2.2209e+00)	Acc@1  21.88 ( 22.59)	Acc@5  85.94 ( 71.20)
0: Epoch: [0][370/391]	Time  0.108 ( 0.128)	Data  0.000 ( 0.015)	Loss 1.7631e+00 (2.2124e+00)	Acc@1  37.50 ( 22.82)	Acc@5  84.38
0:  ( 71.50)
0: Epoch: [0][380/391]	Time  0.109 ( 0.127)	Data  0.000 ( 0.014)	Loss 1.8608e+00 (2.2041e+00)	Acc@1  39.06 ( 23.09)	Acc@5  84.38 ( 71.72)
0: Epoch: [0][390/391]	Time  1.775 ( 0.131)	Data  0.000 ( 0.014)	Loss 2.0509e+00 (2.1983e+00)	Acc@1  30.00 ( 23.23)	Acc@5  85.00 ( 71.98)
0: Test: [  0/157]	Time  2.443 ( 2.443)	Loss 1.9119e+00 (1.9119e+00)	Acc@1  32.81 ( 32.81)	Acc@5  76.56 ( 76.56)
0: Test: [ 10/157]	Time  0.025 ( 0.245)	Loss 1.7655e+00 (1.9661e+00)	Acc@1  37.50 ( 32.67)	Acc@5  87.50 ( 83.95)
0: Test: [ 20/157]	Time  0.025 ( 0.140)	Loss 2.0261e+00 (1.9844e+00)	Acc@1  37.50 ( 31.92)	Acc@5  81.25 ( 82.29)
0: Test: [ 30/157]	Time  0.025 ( 0.103)	Loss 2.0010e+00 (1.9863e+00)	Acc@1  25.00 ( 31.91)	Acc@5  75.00 ( 82.26)
0: Test: [ 40/157]	Time  0.028 ( 0.084)	Loss 2.1050e+00 (1.9838e+00)	Acc@1  20.31 ( 31.25)	Acc@5  71.88 ( 82.09)
0: Test: [ 50/157]	Time  0.025 ( 0.073)	Loss 2.0048e+00 (1.9772e+00)	Acc@1  26.56 ( 31.07)	Acc@5  81.25 ( 82.08)
0: Test: [ 60/157]	Time  0.025 ( 0.065)	Loss 1.9125e+00 (1.9786e+00)	Acc@1  29.69 ( 31.07)	Acc@5  78.12 ( 82.25)
0: Test: [ 70/157]	Time  0.025 ( 0.059)	Loss 1.8778e+00 (1.9614e+00)	Acc@1  32.81 ( 31.51)	Acc@5  82.81 ( 82.48)
0: Test: [ 80/157]	Time  0.025 ( 0.055)	Loss 1.9205e+00 (1.9540e+00)	Acc@1  31.25 ( 31.50)	Acc@5  82.81 ( 83.01)
0: Test: [ 90/157]	Time  0.025 ( 0.05
0: 2)	Loss 1.7589e+00 (1.9552e+00)	Acc@1  46.88 ( 31.51)	Acc@5  85.94 ( 82.95)
0: Test: [100/157]	Time  0.025 ( 0.049)	Loss 2.1335e+00 (1.9561e+00)	Acc@1  28.12 ( 31.28)	Acc@5  75.00 ( 82.92)
0: Test: [110/157]	Time  0.025 ( 0.047)	Loss 1.8050e+00 (1.9518e+00)	Acc@1  45.31 ( 31.42)	Acc@5  82.81 ( 82.87)
0: Test: [120/157]	Time  0.025 ( 0.045)	Loss 1.7017e+00 (1.9490e+00)	Acc@1  43.75 ( 31.71)	Acc@5  85.94 ( 82.99)
0: Test: [130/157]	Time  0.025 ( 0.043)	Loss 1.7758e+00 (1.9534e+00)	Acc@1  34.38 ( 31.54)	Acc@5  89.06 ( 82.86)
0: Test: [140/157]	Time  0.025 ( 0.042)	Loss 2.0321e+00 (1.9543e+00)	Acc@1  34.38 ( 31.41)	Acc@5  81.25 ( 82.61)
0: Test: [150/157]	Time  0.025 ( 0.041)	Loss 1.8255e+00 (1.9541e+00)	Acc@1  32.81 ( 31.41)	Acc@5  87.50 ( 82.56)
0:  * Acc@1 31.320 Acc@5 82.550
0: Epoch 0/3 - 58.130s
0: Test: [  0/157]	Time  2.386 ( 2.386)	Loss 1.9119e+00 (1.9119e+00)	Acc@1  32.81 ( 32.81)	Acc@5  76.56 ( 76.56)
0: Test: [ 10/157]	Time  0.025 ( 0.240)	Loss 1.7655e+00 (1.9661e+00)	Acc@1  37.50 ( 32.67)	Acc@5  87.50 ( 83.95)
0: Test: [ 20/157]	Time  0.025 ( 0.138)	Loss 2.0261e+00 (1.9844e+00)	Acc@1  37.50 ( 31.92)	Acc@5  81.25 ( 82.29)
0: Test: [ 30/157]	Time  0.025 ( 0.101)	Loss 2.0010e+00 (1.9863e+00)	Acc@1  25.00 ( 31.91)	Acc@5  75.00 ( 82.26)
0: Test: [ 40/157]	Time  0.025 ( 0.083)	Loss 2.1050e+00 (1.9838e+00)	Acc@1  20.31 ( 31.25)	Acc@5  71.88 ( 82.09)
0: Test: [ 50/157]	Time  0.025 ( 0.072)	Loss 2.0048e+00 (1.9772e+00)	Acc@1  26.56 ( 31.07)	Acc@5  81.25 ( 82.08)
0: Test: [ 60/157]	Time  0.025 ( 0.064)	Loss 1.9125e+00 (1.9786e+00)	Acc@1  29.69 ( 31.07)	Acc@5  78.12 ( 82.25)
0: Test: [ 70/157]	Time  0.025 ( 0.058)	Loss 1.8778e+00 (1.9614e+00)	Acc@1  32.81 ( 31.51)	Acc@5  82.81 ( 82.48)
0: Test: [ 80/157]	Time  0.025 ( 0.054)	Loss 1.9205e+00 (1.9540e+00)	Acc@1  31.25 ( 31.50)	Acc@5  82.81 ( 83.01)
0: Test: [ 90/157]	Time  0.025 ( 0.05
0: 1)	Loss 1.7589e+00 (1.9552e+00)	Acc@1  46.88 ( 31.51)	Acc@5  85.94 ( 82.95)
0: Test: [100/157]	Time  0.025 ( 0.049)	Loss 2.1335e+00 (1.9561e+00)	Acc@1  28.12 ( 31.28)	Acc@5  75.00 ( 82.92)
0: Test: [110/157]	Time  0.025 ( 0.047)	Loss 1.8050e+00 (1.9518e+00)	Acc@1  45.31 ( 31.42)	Acc@5  82.81 ( 82.87)
0: Test: [120/157]	Time  0.025 ( 0.045)	Loss 1.7017e+00 (1.9490e+00)	Acc@1  43.75 ( 31.71)	Acc@5  85.94 ( 82.99)
0: Test: [130/157]	Time  0.025 ( 0.043)	Loss 1.7758e+00 (1.9534e+00)	Acc@1  34.38 ( 31.54)	Acc@5  89.06 ( 82.86)
0: Test: [140/157]	Time  0.025 ( 0.042)	Loss 2.0321e+00 (1.9543e+00)	Acc@1  34.38 ( 31.41)	Acc@5  81.25 ( 82.61)
0: Test: [150/157]	Time  0.025 ( 0.041)	Loss 1.8255e+00 (1.9541e+00)	Acc@1  32.81 ( 31.41)	Acc@5  87.50 ( 82.56)
0:  * Acc@1 31.320 Acc@5 82.550
0: Epoch 0/3 - 58.175s
0: Epoch: [1][  0/391]	Time  4.642 ( 4.642)	Data  4.534 ( 4.534)	Loss 1.8338e+00 (1.8338e+00)	Acc@1  37.50 ( 37.50)	Acc@5  84.38 ( 84.38)
0: Epoch: [1][ 10/391]	Time  0.109 ( 0.523)	Data  0.000 ( 0.415)	Loss 1.7811e+00 (1.8586e+00)	Acc@1  37.50 ( 33.81)	Acc@5  81.25 ( 82.24)
0: Epoch: [1][ 20/391]	Time  0.109 ( 0.326)	Data  0.000 ( 0.219)	Loss 1.8829e+00 (1.8776e+00)	Acc@1  40.62 ( 33.41)	Acc@5  82.81 ( 83.71)
0: Epoch: [1][ 30/391]	Time  0.109 ( 0.256)	Data  0.000 ( 0.149)	Loss 1.9369e+00 (1.8676e+00)	Acc@1  29.69 ( 33.17)	Acc@5  79.69 ( 83.57)
0: Epoch: [1][ 40/391]	Time  0.110 ( 0.220)	Data  0.000 ( 0.113)	Loss 1.9669e+00 (1.8812e+00)	Acc@1  29.69 ( 33.00)	Acc@5  87.50 ( 83.42)
0: Epoch: [1][ 50/391]	Time  0.109 ( 0.199)	Data  0.000 ( 0.091)	Loss 1.7965e+00 (1.8792e+00)	Acc@1  32.81 ( 32.72)	Acc@5  87.50 ( 83.55)
0: Epoch: [1][ 60/391]	Time  0.109 ( 0.184)	Data  0.000 ( 0.077)	Loss 1.9846e+00 (1.8811e+00)	Acc@1  23.44 ( 32.68)	Acc@5  84.38 ( 83.61)
0: Epoch: [1][ 70/391]	Time  0.109 ( 0.173)	Data  0.000 ( 0.066)	Loss 1.9399e+00 (
0: 1.8891e+00)	Acc@1  26.56 ( 32.61)	Acc@5  78.12 ( 83.49)
0: Epoch: [1][ 80/391]	Time  0.109 ( 0.166)	Data  0.000 ( 0.058)	Loss 1.8827e+00 (1.8893e+00)	Acc@1  20.31 ( 32.33)	Acc@5  89.06 ( 83.60)
0: Epoch: [1][ 90/391]	Time  0.108 ( 0.159)	Data  0.000 ( 0.052)	Loss 1.6856e+00 (1.8849e+00)	Acc@1  45.31 ( 32.64)	Acc@5  92.19 ( 83.62)
0: Epoch: [1][100/391]	Time  0.107 ( 0.154)	Data  0.000 ( 0.047)	Loss 1.8750e+00 (1.8781e+00)	Acc@1  31.25 ( 33.01)	Acc@5  82.81 ( 83.69)
0: Epoch: [1][110/391]	Time  0.107 ( 0.150)	Data  0.000 ( 0.043)	Loss 1.6314e+00 (1.8733e+00)	Acc@1  28.12 ( 33.08)	Acc@5  90.62 ( 83.70)
0: Epoch: [1][120/391]	Time  0.107 ( 0.146)	Data  0.000 ( 0.040)	Loss 2.0228e+00 (1.8713e+00)	Acc@1  25.00 ( 33.06)	Acc@5  82.81 ( 83.92)
0: Epoch: [1][130/391]	Time  0.107 ( 0.143)	Data  0.000 ( 0.037)	Loss 2.0933e+00 (1.8740e+00)	Acc@1  28.12 ( 33.05)	Acc@5  75.00 ( 83.91)
0: Epoch: [1][140/391]	Time  0.108 ( 0.141)	Data  0.000 ( 0.035)	Loss 1.8156e+00 (1.8763e+00)	Acc@1  34.38 ( 32.92)	Acc@5  87.50 ( 84.04)
0: Epoch: [1][150/391]	Tim
0: e  0.108 ( 0.139)	Data  0.000 ( 0.032)	Loss 1.7535e+00 (1.8705e+00)	Acc@1  42.19 ( 33.06)	Acc@5  79.69 ( 84.10)
0: Epoch: [1][160/391]	Time  0.107 ( 0.137)	Data  0.000 ( 0.031)	Loss 1.8273e+00 (1.8693e+00)	Acc@1  35.94 ( 32.97)	Acc@5  85.94 ( 84.06)
0: Epoch: [1][170/391]	Time  0.108 ( 0.135)	Data  0.000 ( 0.029)	Loss 1.7860e+00 (1.8627e+00)	Acc@1  35.94 ( 33.24)	Acc@5  85.94 ( 84.17)
0: Epoch: [1][180/391]	Time  0.107 ( 0.134)	Data  0.000 ( 0.027)	Loss 1.7099e+00 (1.8597e+00)	Acc@1  42.19 ( 33.36)	Acc@5  89.06 ( 84.25)
0: Epoch: [1][190/391]	Time  0.110 ( 0.132)	Data  0.000 ( 0.026)	Loss 1.9674e+00 (1.8576e+00)	Acc@1  29.69 ( 33.36)	Acc@5  82.81 ( 84.29)
0: Epoch: [1][200/391]	Time  0.109 ( 0.131)	Data  0.000 ( 0.025)	Loss 1.9162e+00 (1.8587e+00)	Acc@1  29.69 ( 33.25)	Acc@5  89.06 ( 84.29)
0: Epoch: [1][210/391]	Time  0.109 ( 0.130)	Data  0.000 ( 0.024)	Loss 1.7854e+00 (1.8600e+00)	Acc@1  39.06 ( 33.29)	Acc@5  84.38 ( 84.38)
0: Epoch: [1][220/391]	Time  0.109 ( 0.129)	Data  0.000 ( 0.023)	Loss 2.0038e+00 (1.8635e+00)	Acc@1  23.4
0: 4 ( 33.30)	Acc@5  84.38 ( 84.28)
0: Epoch: [1][230/391]	Time  0.109 ( 0.128)	Data  0.000 ( 0.022)	Loss 1.9732e+00 (1.8597e+00)	Acc@1  29.69 ( 33.40)	Acc@5  78.12 ( 84.45)
0: Epoch: [1][240/391]	Time  0.109 ( 0.127)	Data  0.000 ( 0.021)	Loss 1.7488e+00 (1.8558e+00)	Acc@1  35.94 ( 33.43)	Acc@5  85.94 ( 84.56)
0: Epoch: [1][250/391]	Time  0.109 ( 0.127)	Data  0.000 ( 0.020)	Loss 1.8930e+00 (1.8535e+00)	Acc@1  29.69 ( 33.47)	Acc@5  93.75 ( 84.63)
0: Epoch: [1][260/391]	Time  0.109 ( 0.126)	Data  0.000 ( 0.020)	Loss 1.5655e+00 (1.8512e+00)	Acc@1  48.44 ( 33.52)	Acc@5  89.06 ( 84.69)
0: Epoch: [1][270/391]	Time  0.109 ( 0.125)	Data  0.000 ( 0.019)	Loss 1.8603e+00 (1.8476e+00)	Acc@1  31.25 ( 33.71)	Acc@5  84.38 ( 84.73)
0: Epoch: [1][280/391]	Time  0.109 ( 0.125)	Data  0.000 ( 0.019)	Loss 1.6688e+00 (1.8434e+00)	Acc@1  35.94 ( 33.87)	Acc@5  92.19 ( 84.77)
0: Epoch: [1][290/391]	Time  0.109 ( 0.124)	Data  0.000 ( 0.018)	Loss 1.9664e+00 (1.8428e+00)	Acc@1  23.44 ( 33.84)	Acc@5  85.94 ( 84.80)
0: Epoch: [1][300/391]	Time  0.109 ( 0.124)	Data 
0:  0.000 ( 0.017)	Loss 1.7868e+00 (1.8397e+00)	Acc@1  28.12 ( 33.89)	Acc@5  90.62 ( 84.91)
0: Epoch: [1][310/391]	Time  0.108 ( 0.123)	Data  0.000 ( 0.017)	Loss 1.7996e+00 (1.8387e+00)	Acc@1  34.38 ( 33.87)	Acc@5  85.94 ( 84.93)
0: Epoch: [1][320/391]	Time  0.108 ( 0.123)	Data  0.000 ( 0.017)	Loss 1.9303e+00 (1.8393e+00)	Acc@1  20.31 ( 33.84)	Acc@5  92.19 ( 84.92)
0: Epoch: [1][330/391]	Time  0.108 ( 0.122)	Data  0.000 ( 0.016)	Loss 1.8545e+00 (1.8380e+00)	Acc@1  31.25 ( 33.95)	Acc@5  87.50 ( 84.94)
0: Epoch: [1][340/391]	Time  0.107 ( 0.122)	Data  0.000 ( 0.016)	Loss 1.8761e+00 (1.8373e+00)	Acc@1  28.12 ( 33.95)	Acc@5  87.50 ( 84.98)
0: Epoch: [1][350/391]	Time  0.107 ( 0.122)	Data  0.000 ( 0.015)	Loss 1.5732e+00 (1.8340e+00)	Acc@1  46.88 ( 34.06)	Acc@5  89.06 ( 85.01)
0: Epoch: [1][360/391]	Time  0.108 ( 0.121)	Data  0.000 ( 0.015)	Loss 1.6894e+00 (1.8323e+00)	Acc@1  35.94 ( 34.11)	Acc@5  87.50 ( 85.02)
0: Epoch: [1][370/391]	Time  0.107 ( 0.121)	Data  0.000 ( 0.015)	Loss 1.7850e+00 (1.8303e+00)	Acc@1  31.25 ( 34.16)	Acc@5  90.62
0:  ( 85.07)
0: Epoch: [1][380/391]	Time  0.107 ( 0.120)	Data  0.000 ( 0.014)	Loss 2.0907e+00 (1.8294e+00)	Acc@1  29.69 ( 34.19)	Acc@5  78.12 ( 85.05)
0: Epoch: [1][390/391]	Time  0.094 ( 0.120)	Data  0.000 ( 0.014)	Loss 1.7487e+00 (1.8254e+00)	Acc@1  35.00 ( 34.32)	Acc@5  82.50 ( 85.12)
0: Epoch: [1][  0/391]	Time  4.687 ( 4.687)	Data  4.591 ( 4.591)	Loss 1.9118e+00 (1.9118e+00)	Acc@1  32.81 ( 32.81)	Acc@5  81.25 ( 81.25)
0: Epoch: [1][ 10/391]	Time  0.109 ( 0.525)	Data  0.000 ( 0.420)	Loss 1.9546e+00 (1.9054e+00)	Acc@1  37.50 ( 32.24)	Acc@5  79.69 ( 81.96)
0: Epoch: [1][ 20/391]	Time  0.109 ( 0.327)	Data  0.000 ( 0.221)	Loss 1.7403e+00 (1.8880e+00)	Acc@1  34.38 ( 32.07)	Acc@5  92.19 ( 83.26)
0: Epoch: [1][ 30/391]	Time  0.109 ( 0.257)	Data  0.000 ( 0.151)	Loss 1.7702e+00 (1.8857e+00)	Acc@1  40.62 ( 32.26)	Acc@5  76.56 ( 82.96)
0: Epoch: [1][ 40/391]	Time  0.110 ( 0.221)	Data  0.000 ( 0.114)	Loss 1.7397e+00 (1.8827e+00)	Acc@1  37.50 ( 32.36)	Acc@5  82.81 ( 83.00)
0: Epoch: [1][ 50/391]	Time  0.109 ( 0.199)	Data  0.000 ( 0.093)	Loss 1.8933e+00 (1.8742e+00)	Acc@1  32.81 ( 32.41)	Acc@5  85.94 ( 83.58)
0: Epoch: [1][ 60/391]	Time  0.109 ( 0.184)	Data  0.000 ( 0.078)	Loss 1.7716e+00 (1.8705e+00)	Acc@1  39.06 ( 32.43)	Acc@5  87.50 ( 83.45)
0: Epoch: [1][ 70/391]	Time  0.109 ( 0.174)	Data  0.000 ( 0.067)	Loss 1.6604e+00 (
0: 1.8695e+00)	Acc@1  39.06 ( 32.44)	Acc@5  93.75 ( 83.58)
0: Epoch: [1][ 80/391]	Time  0.109 ( 0.166)	Data  0.000 ( 0.059)	Loss 1.7131e+00 (1.8678e+00)	Acc@1  37.50 ( 32.56)	Acc@5  87.50 ( 83.53)
0: Epoch: [1][ 90/391]	Time  0.108 ( 0.160)	Data  0.000 ( 0.053)	Loss 1.7546e+00 (1.8625e+00)	Acc@1  37.50 ( 32.86)	Acc@5  87.50 ( 83.67)
0: Epoch: [1][100/391]	Time  0.108 ( 0.155)	Data  0.000 ( 0.048)	Loss 1.6879e+00 (1.8582e+00)	Acc@1  42.19 ( 33.08)	Acc@5  85.94 ( 83.86)
0: Epoch: [1][110/391]	Time  0.107 ( 0.150)	Data  0.000 ( 0.044)	Loss 1.8292e+00 (1.8608e+00)	Acc@1  29.69 ( 32.84)	Acc@5  89.06 ( 83.78)
0: Epoch: [1][120/391]	Time  0.107 ( 0.147)	Data  0.000 ( 0.040)	Loss 2.0093e+00 (1.8602e+00)	Acc@1  34.38 ( 32.88)	Acc@5  82.81 ( 83.96)
0: Epoch: [1][130/391]	Time  0.107 ( 0.144)	Data  0.000 ( 0.038)	Loss 1.6789e+00 (1.8587e+00)	Acc@1  39.06 ( 32.86)	Acc@5  95.31 ( 84.06)
0: Epoch: [1][140/391]	Time  0.107 ( 0.141)	Data  0.000 ( 0.035)	Loss 1.7807e+00 (1.8544e+00)	Acc@1  37.50 ( 33.05)	Acc@5  89.06 ( 84.32)
0: Epoch: [1][150/391]	Tim
0: e  0.107 ( 0.139)	Data  0.000 ( 0.033)	Loss 1.8770e+00 (1.8537e+00)	Acc@1  29.69 ( 33.21)	Acc@5  85.94 ( 84.36)
0: Epoch: [1][160/391]	Time  0.108 ( 0.137)	Data  0.000 ( 0.031)	Loss 2.0925e+00 (1.8525e+00)	Acc@1  25.00 ( 33.24)	Acc@5  76.56 ( 84.37)
0: Epoch: [1][170/391]	Time  0.108 ( 0.135)	Data  0.000 ( 0.029)	Loss 1.7798e+00 (1.8474e+00)	Acc@1  34.38 ( 33.53)	Acc@5  89.06 ( 84.39)
0: Epoch: [1][180/391]	Time  0.107 ( 0.134)	Data  0.000 ( 0.028)	Loss 1.7198e+00 (1.8466e+00)	Acc@1  35.94 ( 33.49)	Acc@5  85.94 ( 84.43)
0: Epoch: [1][190/391]	Time  0.108 ( 0.132)	Data  0.000 ( 0.027)	Loss 1.5497e+00 (1.8417e+00)	Acc@1  42.19 ( 33.65)	Acc@5  93.75 ( 84.56)
0: Epoch: [1][200/391]	Time  0.109 ( 0.131)	Data  0.000 ( 0.025)	Loss 1.9619e+00 (1.8393e+00)	Acc@1  29.69 ( 33.76)	Acc@5  84.38 ( 84.61)
0: Epoch: [1][210/391]	Time  0.109 ( 0.130)	Data  0.000 ( 0.024)	Loss 1.8265e+00 (1.8408e+00)	Acc@1  32.81 ( 33.69)	Acc@5  81.25 ( 84.58)
0: Epoch: [1][220/391]	Time  0.110 ( 0.129)	Data  0.000 ( 0.023)	Loss 1.8176e+00 (1.8421e+00)	Acc@1  34.3
0: 8 ( 33.65)	Acc@5  84.38 ( 84.54)
0: Epoch: [1][230/391]	Time  0.109 ( 0.128)	Data  0.000 ( 0.022)	Loss 1.8022e+00 (1.8419e+00)	Acc@1  43.75 ( 33.81)	Acc@5  84.38 ( 84.55)
0: Epoch: [1][240/391]	Time  0.109 ( 0.128)	Data  0.000 ( 0.022)	Loss 1.7813e+00 (1.8400e+00)	Acc@1  42.19 ( 33.77)	Acc@5  79.69 ( 84.52)
0: Epoch: [1][250/391]	Time  0.109 ( 0.127)	Data  0.000 ( 0.021)	Loss 1.6357e+00 (1.8382e+00)	Acc@1  43.75 ( 33.80)	Acc@5  95.31 ( 84.61)
0: Epoch: [1][260/391]	Time  0.109 ( 0.126)	Data  0.000 ( 0.020)	Loss 1.7657e+00 (1.8336e+00)	Acc@1  42.19 ( 33.99)	Acc@5  85.94 ( 84.69)
0: Epoch: [1][270/391]	Time  0.109 ( 0.126)	Data  0.000 ( 0.019)	Loss 1.5856e+00 (1.8312e+00)	Acc@1  37.50 ( 34.03)	Acc@5  93.75 ( 84.77)
0: Epoch: [1][280/391]	Time  0.109 ( 0.125)	Data  0.000 ( 0.019)	Loss 1.7256e+00 (1.8294e+00)	Acc@1  40.62 ( 34.06)	Acc@5  90.62 ( 84.75)
0: Epoch: [1][290/391]	Time  0.109 ( 0.124)	Data  0.000 ( 0.018)	Loss 1.7898e+00 (1.8293e+00)	Acc@1  32.81 ( 34.05)	Acc@5  90.62 ( 84.77)
0: Epoch: [1][300/391]	Time  0.109 ( 0.124)	Data 
0:  0.000 ( 0.018)	Loss 2.0734e+00 (1.8293e+00)	Acc@1  18.75 ( 33.95)	Acc@5  81.25 ( 84.80)
0: Epoch: [1][310/391]	Time  0.108 ( 0.123)	Data  0.000 ( 0.017)	Loss 1.9369e+00 (1.8261e+00)	Acc@1  34.38 ( 34.08)	Acc@5  84.38 ( 84.89)
0: Epoch: [1][320/391]	Time  0.107 ( 0.123)	Data  0.000 ( 0.017)	Loss 1.9825e+00 (1.8246e+00)	Acc@1  37.50 ( 34.15)	Acc@5  84.38 ( 84.91)
0: Epoch: [1][330/391]	Time  0.108 ( 0.122)	Data  0.000 ( 0.016)	Loss 1.7390e+00 (1.8244e+00)	Acc@1  39.06 ( 34.17)	Acc@5  87.50 ( 84.88)
0: Epoch: [1][340/391]	Time  0.108 ( 0.122)	Data  0.000 ( 0.016)	Loss 1.8058e+00 (1.8239e+00)	Acc@1  37.50 ( 34.16)	Acc@5  82.81 ( 84.88)
0: Epoch: [1][350/391]	Time  0.108 ( 0.122)	Data  0.000 ( 0.016)	Loss 1.6734e+00 (1.8210e+00)	Acc@1  39.06 ( 34.32)	Acc@5  85.94 ( 84.91)
0: Epoch: [1][360/391]	Time  0.107 ( 0.121)	Data  0.000 ( 0.015)	Loss 1.7208e+00 (1.8192e+00)	Acc@1  42.19 ( 34.39)	Acc@5  85.94 ( 84.97)
0: Epoch: [1][370/391]	Time  0.107 ( 0.121)	Data  0.000 ( 0.015)	Loss 1.7878e+00 (1.8161e+00)	Acc@1  45.31 ( 34.50)	Acc@5  85.94
0:  ( 85.05)
0: Epoch: [1][380/391]	Time  0.108 ( 0.120)	Data  0.000 ( 0.015)	Loss 2.0006e+00 (1.8149e+00)	Acc@1  35.94 ( 34.59)	Acc@5  79.69 ( 85.11)
0: Epoch: [1][390/391]	Time  0.094 ( 0.120)	Data  0.000 ( 0.014)	Loss 1.9189e+00 (1.8130e+00)	Acc@1  30.00 ( 34.68)	Acc@5  80.00 ( 85.12)
0: Test: [  0/157]	Time  2.407 ( 2.407)	Loss 1.6112e+00 (1.6112e+00)	Acc@1  42.19 ( 42.19)	Acc@5  85.94 ( 85.94)
0: Test: [ 10/157]	Time  0.025 ( 0.242)	Loss 1.7149e+00 (1.7225e+00)	Acc@1  35.94 ( 40.06)	Acc@5  85.94 ( 87.22)
0: Test: [ 20/157]	Time  0.025 ( 0.139)	Loss 1.8025e+00 (1.7017e+00)	Acc@1  39.06 ( 40.10)	Acc@5  85.94 ( 87.43)
0: Test: [ 30/157]	Time  0.025 ( 0.102)	Loss 1.7010e+00 (1.6860e+00)	Acc@1  35.94 ( 40.93)	Acc@5  89.06 ( 87.20)
0: Test: [ 40/157]	Time  0.025 ( 0.083)	Loss 1.9110e+00 (1.6960e+00)	Acc@1  28.12 ( 40.17)	Acc@5  82.81 ( 87.42)
0: Test: [ 50/157]	Time  0.025 ( 0.072)	Loss 1.8227e+00 (1.7027e+00)	Acc@1  40.62 ( 39.77)	Acc@5  81.25 ( 87.38)
0: Test: [ 60/157]	Time  0.025 ( 0.064)	Loss 1.6770e+00 (1.7035e+00)	Acc@1  37.50 ( 39.60)	Acc@5  89.06 ( 87.22)
0: Test: [ 70/157]	Time  0.025 ( 0.059)	Loss 1.4730e+00 (1.6970e+00)	Acc@1  51.56 ( 39.46)	Acc@5  92.19 ( 87.50)
0: Test: [ 80/157]	Time  0.025 ( 0.054)	Loss 1.5489e+00 (1.6972e+00)	Acc@1  46.88 ( 39.37)	Acc@5  92.19 ( 87.75)
0: Test: [ 90/157]	Time  0.025 ( 0.05
0: 1)	Loss 1.6096e+00 (1.7024e+00)	Acc@1  39.06 ( 39.25)	Acc@5  85.94 ( 87.53)
0: Test: [100/157]	Time  0.025 ( 0.049)	Loss 1.8659e+00 (1.7056e+00)	Acc@1  42.19 ( 39.28)	Acc@5  79.69 ( 87.48)
0: Test: [110/157]	Time  0.025 ( 0.046)	Loss 1.6187e+00 (1.7029e+00)	Acc@1  45.31 ( 39.41)	Acc@5  87.50 ( 87.71)
0: Test: [120/157]	Time  0.025 ( 0.045)	Loss 1.5964e+00 (1.7000e+00)	Acc@1  37.50 ( 39.49)	Acc@5  87.50 ( 87.85)
0: Test: [130/157]	Time  0.025 ( 0.043)	Loss 1.6507e+00 (1.7010e+00)	Acc@1  37.50 ( 39.43)	Acc@5  85.94 ( 87.77)
0: Test: [140/157]	Time  0.025 ( 0.042)	Loss 1.8686e+00 (1.7019e+00)	Acc@1  42.19 ( 39.48)	Acc@5  82.81 ( 87.75)
0: Test: [150/157]	Time  0.025 ( 0.041)	Loss 1.6430e+00 (1.7012e+00)	Acc@1  40.62 ( 39.38)	Acc@5  90.62 ( 87.80)
0:  * Acc@1 39.210 Acc@5 87.730
0: Epoch 1/3 - 53.517s
0: Test: [  0/157]	Time  2.429 ( 2.429)	Loss 1.6112e+00 (1.6112e+00)	Acc@1  42.19 ( 42.19)	Acc@5  85.94 ( 85.94)
0: Test: [ 10/157]	Time  0.025 ( 0.244)	Loss 1.7149e+00 (1.7225e+00)	Acc@1  35.94 ( 40.06)	Acc@5  85.94 ( 87.22)
0: Test: [ 20/157]	Time  0.025 ( 0.140)	Loss 1.8025e+00 (1.7017e+00)	Acc@1  39.06 ( 40.10)	Acc@5  85.94 ( 87.43)
0: Test: [ 30/157]	Time  0.025 ( 0.103)	Loss 1.7010e+00 (1.6860e+00)	Acc@1  35.94 ( 40.93)	Acc@5  89.06 ( 87.20)
0: Test: [ 40/157]	Time  0.025 ( 0.084)	Loss 1.9110e+00 (1.6960e+00)	Acc@1  28.12 ( 40.17)	Acc@5  82.81 ( 87.42)
0: Test: [ 50/157]	Time  0.025 ( 0.073)	Loss 1.8227e+00 (1.7027e+00)	Acc@1  40.62 ( 39.77)	Acc@5  81.25 ( 87.38)
0: Test: [ 60/157]	Time  0.025 ( 0.065)	Loss 1.6770e+00 (1.7035e+00)	Acc@1  37.50 ( 39.60)	Acc@5  89.06 ( 87.22)
0: Test: [ 70/157]	Time  0.025 ( 0.059)	Loss 1.4730e+00 (1.6970e+00)	Acc@1  51.56 ( 39.46)	Acc@5  92.19 ( 87.50)
0: Test: [ 80/157]	Time  0.025 ( 0.055)	Loss 1.5489e+00 (1.6972e+00)	Acc@1  46.88 ( 39.37)	Acc@5  92.19 ( 87.75)
0: Test: [ 90/157]	Time  0.025 ( 0.05
0: 2)	Loss 1.6096e+00 (1.7024e+00)	Acc@1  39.06 ( 39.25)	Acc@5  85.94 ( 87.53)
0: Test: [100/157]	Time  0.025 ( 0.049)	Loss 1.8659e+00 (1.7056e+00)	Acc@1  42.19 ( 39.28)	Acc@5  79.69 ( 87.48)
0: Test: [110/157]	Time  0.025 ( 0.047)	Loss 1.6187e+00 (1.7029e+00)	Acc@1  45.31 ( 39.41)	Acc@5  87.50 ( 87.71)
0: Test: [120/157]	Time  0.026 ( 0.045)	Loss 1.5964e+00 (1.7000e+00)	Acc@1  37.50 ( 39.49)	Acc@5  87.50 ( 87.85)
0: Test: [130/157]	Time  0.025 ( 0.044)	Loss 1.6507e+00 (1.7010e+00)	Acc@1  37.50 ( 39.43)	Acc@5  85.94 ( 87.77)
0: Test: [140/157]	Time  0.026 ( 0.042)	Loss 1.8686e+00 (1.7019e+00)	Acc@1  42.19 ( 39.48)	Acc@5  82.81 ( 87.75)
0: Test: [150/157]	Time  0.025 ( 0.041)	Loss 1.6430e+00 (1.7012e+00)	Acc@1  40.62 ( 39.38)	Acc@5  90.62 ( 87.80)
0:  * Acc@1 39.210 Acc@5 87.730
0: Epoch 1/3 - 53.559s
0: Epoch: [2][  0/391]	Time  4.714 ( 4.714)	Data  4.620 ( 4.620)	Loss 1.7008e+00 (1.7008e+00)	Acc@1  43.75 ( 43.75)	Acc@5  87.50 ( 87.50)
0: Epoch: [2][ 10/391]	Time  0.108 ( 0.527)	Data  0.000 ( 0.423)	Loss 1.8184e+00 (1.6691e+00)	Acc@1  34.38 ( 43.32)	Acc@5  87.50 ( 87.93)
0: Epoch: [2][ 20/391]	Time  0.108 ( 0.327)	Data  0.000 ( 0.223)	Loss 1.6493e+00 (1.6609e+00)	Acc@1  32.81 ( 42.63)	Acc@5  93.75 ( 88.02)
0: Epoch: [2][ 30/391]	Time  0.107 ( 0.256)	Data  0.000 ( 0.152)	Loss 1.7190e+00 (1.6661e+00)	Acc@1  34.38 ( 41.99)	Acc@5  89.06 ( 87.95)
0: Epoch: [2][ 40/391]	Time  0.107 ( 0.220)	Data  0.000 ( 0.115)	Loss 1.7238e+00 (1.6703e+00)	Acc@1  35.94 ( 41.35)	Acc@5  85.94 ( 87.92)
0: Epoch: [2][ 50/391]	Time  0.107 ( 0.198)	Data  0.000 ( 0.093)	Loss 1.6868e+00 (1.6731e+00)	Acc@1  35.94 ( 40.59)	Acc@5  85.94 ( 87.84)
0: Epoch: [2][ 60/391]	Time  0.108 ( 0.183)	Data  0.000 ( 0.078)	Loss 1.3651e+00 (1.6757e+00)	Acc@1  57.81 ( 40.34)	Acc@5  92.19 ( 87.81)
0: Epoch: [2][ 70/391]	Time  0.108 ( 0.173)	Data  0.000 ( 0.068)	Loss 1.8164e+00 (
0: 1.6807e+00)	Acc@1  43.75 ( 39.90)	Acc@5  79.69 ( 87.61)
0: Epoch: [2][ 80/391]	Time  0.107 ( 0.164)	Data  0.000 ( 0.060)	Loss 1.8449e+00 (1.6819e+00)	Acc@1  39.06 ( 39.85)	Acc@5  82.81 ( 87.64)
0: Epoch: [2][ 90/391]	Time  0.108 ( 0.158)	Data  0.000 ( 0.053)	Loss 1.6352e+00 (1.6803e+00)	Acc@1  39.06 ( 39.73)	Acc@5  93.75 ( 87.55)
0: Epoch: [2][100/391]	Time  0.107 ( 0.153)	Data  0.000 ( 0.048)	Loss 1.9531e+00 (1.6785e+00)	Acc@1  32.81 ( 39.77)	Acc@5  89.06 ( 87.76)
0: Epoch: [2][110/391]	Time  0.108 ( 0.149)	Data  0.000 ( 0.044)	Loss 1.4804e+00 (1.6811e+00)	Acc@1  43.75 ( 39.75)	Acc@5  93.75 ( 87.75)
0: Epoch: [2][120/391]	Time  0.107 ( 0.146)	Data  0.000 ( 0.041)	Loss 1.7788e+00 (1.6810e+00)	Acc@1  42.19 ( 39.70)	Acc@5  87.50 ( 87.76)
0: Epoch: [2][130/391]	Time  0.107 ( 0.143)	Data  0.000 ( 0.038)	Loss 1.5999e+00 (1.6788e+00)	Acc@1  43.75 ( 39.89)	Acc@5  87.50 ( 87.82)
0: Epoch: [2][140/391]	Time  0.108 ( 0.140)	Data  0.000 ( 0.035)	Loss 1.4461e+00 (1.6730e+00)	Acc@1  46.88 ( 40.21)	Acc@5  93.75 ( 87.95)
0: Epoch: [2][150/391]	Tim
0: e  0.107 ( 0.138)	Data  0.000 ( 0.033)	Loss 1.5250e+00 (1.6720e+00)	Acc@1  37.50 ( 40.30)	Acc@5  90.62 ( 87.98)
0: Epoch: [2][160/391]	Time  0.108 ( 0.136)	Data  0.000 ( 0.031)	Loss 1.5769e+00 (1.6713e+00)	Acc@1  45.31 ( 40.26)	Acc@5  93.75 ( 88.11)
0: Epoch: [2][170/391]	Time  0.107 ( 0.134)	Data  0.000 ( 0.029)	Loss 1.7292e+00 (1.6736e+00)	Acc@1  34.38 ( 40.15)	Acc@5  89.06 ( 88.02)
0: Epoch: [2][180/391]	Time  0.107 ( 0.133)	Data  0.000 ( 0.028)	Loss 1.5350e+00 (1.6740e+00)	Acc@1  40.62 ( 40.00)	Acc@5  93.75 ( 88.04)
0: Epoch: [2][190/391]	Time  0.108 ( 0.132)	Data  0.000 ( 0.027)	Loss 1.8435e+00 (1.6725e+00)	Acc@1  39.06 ( 40.06)	Acc@5  85.94 ( 88.02)
0: Epoch: [2][200/391]	Time  0.108 ( 0.130)	Data  0.000 ( 0.025)	Loss 1.5053e+00 (1.6676e+00)	Acc@1  53.12 ( 40.22)	Acc@5  90.62 ( 88.05)
0: Epoch: [2][210/391]	Time  0.108 ( 0.129)	Data  0.000 ( 0.024)	Loss 1.8774e+00 (1.6678e+00)	Acc@1  39.06 ( 40.20)	Acc@5  79.69 ( 88.00)
0: Epoch: [2][220/391]	Time  0.107 ( 0.128)	Data  0.000 ( 0.023)	Loss 1.7650e+00 (1.6681e+00)	Acc@1  34.3
0: 8 ( 40.27)	Acc@5  89.06 ( 88.03)
0: Epoch: [2][230/391]	Time  0.107 ( 0.128)	Data  0.000 ( 0.022)	Loss 1.4857e+00 (1.6667e+00)	Acc@1  39.06 ( 40.18)	Acc@5  85.94 ( 88.01)
0: Epoch: [2][240/391]	Time  0.108 ( 0.127)	Data  0.000 ( 0.022)	Loss 1.5604e+00 (1.6664e+00)	Acc@1  39.06 ( 40.16)	Acc@5  93.75 ( 88.10)
0: Epoch: [2][250/391]	Time  0.108 ( 0.126)	Data  0.000 ( 0.021)	Loss 1.6625e+00 (1.6658e+00)	Acc@1  34.38 ( 40.15)	Acc@5  84.38 ( 88.07)
0: Epoch: [2][260/391]	Time  0.107 ( 0.125)	Data  0.000 ( 0.020)	Loss 1.2766e+00 (1.6631e+00)	Acc@1  51.56 ( 40.25)	Acc@5  98.44 ( 88.16)
0: Epoch: [2][270/391]	Time  0.108 ( 0.125)	Data  0.000 ( 0.020)	Loss 1.8712e+00 (1.6649e+00)	Acc@1  35.94 ( 40.22)	Acc@5  82.81 ( 88.09)
0: Epoch: [2][280/391]	Time  0.107 ( 0.124)	Data  0.000 ( 0.019)	Loss 1.6746e+00 (1.6651e+00)	Acc@1  37.50 ( 40.21)	Acc@5  92.19 ( 88.17)
0: Epoch: [2][290/391]	Time  0.107 ( 0.123)	Data  0.000 ( 0.018)	Loss 1.5009e+00 (1.6635e+00)	Acc@1  40.62 ( 40.24)	Acc@5  89.06 ( 88.20)
0: Epoch: [2][300/391]	Time  0.108 ( 0.123)	Data 
0:  0.000 ( 0.018)	Loss 1.7429e+00 (1.6663e+00)	Acc@1  46.88 ( 40.20)	Acc@5  89.06 ( 88.19)
0: Epoch: [2][310/391]	Time  0.107 ( 0.122)	Data  0.000 ( 0.017)	Loss 1.5651e+00 (1.6666e+00)	Acc@1  46.88 ( 40.12)	Acc@5  87.50 ( 88.18)
0: Epoch: [2][320/391]	Time  0.108 ( 0.122)	Data  0.000 ( 0.017)	Loss 1.3476e+00 (1.6631e+00)	Acc@1  53.12 ( 40.24)	Acc@5  95.31 ( 88.27)
0: Epoch: [2][330/391]	Time  0.108 ( 0.122)	Data  0.000 ( 0.016)	Loss 1.6307e+00 (1.6624e+00)	Acc@1  46.88 ( 40.30)	Acc@5  87.50 ( 88.27)
0: Epoch: [2][340/391]	Time  0.108 ( 0.121)	Data  0.000 ( 0.016)	Loss 1.8396e+00 (1.6631e+00)	Acc@1  26.56 ( 40.25)	Acc@5  85.94 ( 88.30)
0: Epoch: [2][350/391]	Time  0.108 ( 0.121)	Data  0.000 ( 0.016)	Loss 1.8775e+00 (1.6643e+00)	Acc@1  32.81 ( 40.21)	Acc@5  84.38 ( 88.30)
0: Epoch: [2][360/391]	Time  0.108 ( 0.120)	Data  0.000 ( 0.015)	Loss 1.8318e+00 (1.6652e+00)	Acc@1  37.50 ( 40.17)	Acc@5  82.81 ( 88.25)
0: Epoch: [2][370/391]	Time  0.108 ( 0.120)	Data  0.000 ( 0.015)	Loss 1.3414e+00 (1.6652e+00)	Acc@1  48.44 ( 40.17)	Acc@5  95.31
0:  ( 88.25)
0: Epoch: [2][380/391]	Time  0.108 ( 0.120)	Data  0.000 ( 0.015)	Loss 1.7234e+00 (1.6642e+00)	Acc@1  42.19 ( 40.23)	Acc@5  87.50 ( 88.28)
0: Epoch: [2][390/391]	Time  0.095 ( 0.119)	Data  0.000 ( 0.014)	Loss 1.6430e+00 (1.6618e+00)	Acc@1  47.50 ( 40.35)	Acc@5  87.50 ( 88.34)
0: Epoch: [2][  0/391]	Time  4.648 ( 4.648)	Data  4.559 ( 4.559)	Loss 1.7229e+00 (1.7229e+00)	Acc@1  40.62 ( 40.62)	Acc@5  85.94 ( 85.94)
0: Epoch: [2][ 10/391]	Time  0.107 ( 0.520)	Data  0.000 ( 0.417)	Loss 1.5458e+00 (1.6778e+00)	Acc@1  46.88 ( 40.77)	Acc@5  87.50 ( 87.50)
0: Epoch: [2][ 20/391]	Time  0.107 ( 0.324)	Data  0.000 ( 0.219)	Loss 1.5306e+00 (1.6626e+00)	Acc@1  45.31 ( 40.10)	Acc@5  90.62 ( 88.99)
0: Epoch: [2][ 30/391]	Time  0.107 ( 0.254)	Data  0.000 ( 0.149)	Loss 1.7273e+00 (1.6859e+00)	Acc@1  39.06 ( 39.01)	Acc@5  84.38 ( 88.21)
0: Epoch: [2][ 40/391]	Time  0.108 ( 0.218)	Data  0.000 ( 0.113)	Loss 1.4947e+00 (1.6760e+00)	Acc@1  56.25 ( 39.60)	Acc@5  89.06 ( 88.19)
0: Epoch: [2][ 50/391]	Time  0.108 ( 0.197)	Data  0.000 ( 0.092)	Loss 1.6919e+00 (1.6753e+00)	Acc@1  32.81 ( 39.31)	Acc@5  95.31 ( 88.24)
0: Epoch: [2][ 60/391]	Time  0.108 ( 0.182)	Data  0.000 ( 0.077)	Loss 1.6393e+00 (1.6826e+00)	Acc@1  40.62 ( 38.91)	Acc@5  92.19 ( 88.22)
0: Epoch: [2][ 70/391]	Time  0.107 ( 0.171)	Data  0.000 ( 0.067)	Loss 1.5036e+00 (
0: 1.6823e+00)	Acc@1  43.75 ( 39.17)	Acc@5  93.75 ( 88.20)
0: Epoch: [2][ 80/391]	Time  0.107 ( 0.164)	Data  0.000 ( 0.059)	Loss 1.7791e+00 (1.6828e+00)	Acc@1  34.38 ( 38.85)	Acc@5  87.50 ( 88.39)
0: Epoch: [2][ 90/391]	Time  0.108 ( 0.157)	Data  0.000 ( 0.052)	Loss 1.9067e+00 (1.6842e+00)	Acc@1  34.38 ( 38.98)	Acc@5  85.94 ( 88.03)
0: Epoch: [2][100/391]	Time  0.108 ( 0.152)	Data  0.000 ( 0.047)	Loss 1.8185e+00 (1.6845e+00)	Acc@1  37.50 ( 39.20)	Acc@5  85.94 ( 88.15)
0: Epoch: [2][110/391]	Time  0.107 ( 0.148)	Data  0.000 ( 0.043)	Loss 1.7207e+00 (1.6810e+00)	Acc@1  39.06 ( 39.26)	Acc@5  84.38 ( 88.20)
0: Epoch: [2][120/391]	Time  0.108 ( 0.145)	Data  0.000 ( 0.040)	Loss 1.6955e+00 (1.6868e+00)	Acc@1  39.06 ( 39.11)	Acc@5  90.62 ( 88.27)
0: Epoch: [2][130/391]	Time  0.108 ( 0.142)	Data  0.000 ( 0.037)	Loss 1.8121e+00 (1.6890e+00)	Acc@1  35.94 ( 39.18)	Acc@5  82.81 ( 88.05)
0: Epoch: [2][140/391]	Time  0.107 ( 0.140)	Data  0.000 ( 0.035)	Loss 1.9086e+00 (1.6860e+00)	Acc@1  37.50 ( 39.36)	Acc@5  78.12 ( 88.04)
0: Epoch: [2][150/391]	Tim
0: e  0.108 ( 0.138)	Data  0.000 ( 0.033)	Loss 1.7694e+00 (1.6822e+00)	Acc@1  35.94 ( 39.51)	Acc@5  87.50 ( 88.17)
0: Epoch: [2][160/391]	Time  0.107 ( 0.136)	Data  0.000 ( 0.031)	Loss 1.6663e+00 (1.6858e+00)	Acc@1  34.38 ( 39.23)	Acc@5  87.50 ( 88.08)
0: Epoch: [2][170/391]	Time  0.107 ( 0.134)	Data  0.000 ( 0.029)	Loss 1.9400e+00 (1.6900e+00)	Acc@1  29.69 ( 39.16)	Acc@5  82.81 ( 87.96)
0: Epoch: [2][180/391]	Time  0.108 ( 0.133)	Data  0.000 ( 0.028)	Loss 1.5412e+00 (1.6881e+00)	Acc@1  48.44 ( 39.26)	Acc@5  92.19 ( 88.01)
0: Epoch: [2][190/391]	Time  0.108 ( 0.131)	Data  0.000 ( 0.026)	Loss 1.7482e+00 (1.6884e+00)	Acc@1  35.94 ( 39.21)	Acc@5  81.25 ( 87.93)
0: Epoch: [2][200/391]	Time  0.107 ( 0.130)	Data  0.000 ( 0.025)	Loss 1.6521e+00 (1.6889e+00)	Acc@1  39.06 ( 39.26)	Acc@5  92.19 ( 88.01)
0: Epoch: [2][210/391]	Time  0.108 ( 0.129)	Data  0.000 ( 0.024)	Loss 1.8303e+00 (1.6843e+00)	Acc@1  39.06 ( 39.48)	Acc@5  79.69 ( 88.06)
0: Epoch: [2][220/391]	Time  0.108 ( 0.128)	Data  0.000 ( 0.023)	Loss 1.6910e+00 (1.6820e+00)	Acc@1  46.8
0: 8 ( 39.68)	Acc@5  90.62 ( 88.10)
0: Epoch: [2][230/391]	Time  0.108 ( 0.127)	Data  0.000 ( 0.022)	Loss 1.8497e+00 (1.6875e+00)	Acc@1  37.50 ( 39.59)	Acc@5  89.06 ( 87.97)
0: Epoch: [2][240/391]	Time  0.108 ( 0.126)	Data  0.000 ( 0.021)	Loss 1.6655e+00 (1.6839e+00)	Acc@1  42.19 ( 39.70)	Acc@5  85.94 ( 88.03)
0: Epoch: [2][250/391]	Time  0.108 ( 0.126)	Data  0.000 ( 0.021)	Loss 1.5145e+00 (1.6821e+00)	Acc@1  45.31 ( 39.74)	Acc@5  90.62 ( 88.02)
0: Epoch: [2][260/391]	Time  0.108 ( 0.125)	Data  0.000 ( 0.020)	Loss 1.4467e+00 (1.6786e+00)	Acc@1  42.19 ( 39.83)	Acc@5  93.75 ( 88.13)
0: Epoch: [2][270/391]	Time  0.108 ( 0.124)	Data  0.000 ( 0.019)	Loss 1.5261e+00 (1.6787e+00)	Acc@1  42.19 ( 39.83)	Acc@5  90.62 ( 88.11)
0: Epoch: [2][280/391]	Time  0.108 ( 0.124)	Data  0.000 ( 0.019)	Loss 1.5400e+00 (1.6793e+00)	Acc@1  43.75 ( 39.79)	Acc@5  90.62 ( 88.11)
0: Epoch: [2][290/391]	Time  0.108 ( 0.123)	Data  0.000 ( 0.018)	Loss 1.6709e+00 (1.6798e+00)	Acc@1  40.62 ( 39.81)	Acc@5  89.06 ( 88.10)
0: Epoch: [2][300/391]	Time  0.108 ( 0.123)	Data 
0:  0.000 ( 0.018)	Loss 1.6088e+00 (1.6776e+00)	Acc@1  48.44 ( 39.79)	Acc@5  92.19 ( 88.20)
0: Epoch: [2][310/391]	Time  0.108 ( 0.122)	Data  0.000 ( 0.017)	Loss 1.5079e+00 (1.6763e+00)	Acc@1  50.00 ( 39.82)	Acc@5  93.75 ( 88.23)
0: Epoch: [2][320/391]	Time  0.108 ( 0.122)	Data  0.000 ( 0.017)	Loss 1.5401e+00 (1.6753e+00)	Acc@1  48.44 ( 39.86)	Acc@5  87.50 ( 88.26)
0: Epoch: [2][330/391]	Time  0.108 ( 0.121)	Data  0.000 ( 0.016)	Loss 1.4647e+00 (1.6741e+00)	Acc@1  43.75 ( 39.93)	Acc@5  93.75 ( 88.28)
0: Epoch: [2][340/391]	Time  0.108 ( 0.121)	Data  0.000 ( 0.016)	Loss 1.4844e+00 (1.6724e+00)	Acc@1  45.31 ( 40.00)	Acc@5  95.31 ( 88.34)
0: Epoch: [2][350/391]	Time  0.108 ( 0.121)	Data  0.000 ( 0.015)	Loss 1.5560e+00 (1.6726e+00)	Acc@1  43.75 ( 40.00)	Acc@5  93.75 ( 88.35)
0: Epoch: [2][360/391]	Time  0.108 ( 0.120)	Data  0.000 ( 0.015)	Loss 1.4768e+00 (1.6733e+00)	Acc@1  45.31 ( 39.94)	Acc@5  93.75 ( 88.34)
0: Epoch: [2][370/391]	Time  0.107 ( 0.120)	Data  0.000 ( 0.015)	Loss 1.4943e+00 (1.6722e+00)	Acc@1  50.00 ( 39.94)	Acc@5  90.62
0:  ( 88.34)
0: Epoch: [2][380/391]	Time  0.108 ( 0.120)	Data  0.000 ( 0.014)	Loss 1.6301e+00 (1.6705e+00)	Acc@1  42.19 ( 39.99)	Acc@5  85.94 ( 88.37)
0: Epoch: [2][390/391]	Time  0.095 ( 0.119)	Data  0.000 ( 0.014)	Loss 1.8294e+00 (1.6693e+00)	Acc@1  25.00 ( 40.04)	Acc@5  95.00 ( 88.42)
0: Test: [  0/157]	Time  2.409 ( 2.409)	Loss 1.5297e+00 (1.5297e+00)	Acc@1  45.31 ( 45.31)	Acc@5  85.94 ( 85.94)
0: Test: [ 10/157]	Time  0.025 ( 0.242)	Loss 1.6267e+00 (1.6127e+00)	Acc@1  39.06 ( 43.04)	Acc@5  85.94 ( 88.64)
0: Test: [ 20/157]	Time  0.025 ( 0.139)	Loss 1.7928e+00 (1.6359e+00)	Acc@1  43.75 ( 42.86)	Acc@5  85.94 ( 88.24)
0: Test: [ 30/157]	Time  0.025 ( 0.102)	Loss 1.7009e+00 (1.6249e+00)	Acc@1  42.19 ( 43.30)	Acc@5  92.19 ( 88.36)
0: Test: [ 40/157]	Time  0.025 ( 0.083)	Loss 1.7029e+00 (1.6333e+00)	Acc@1  28.12 ( 42.34)	Acc@5  87.50 ( 88.57)
0: Test: [ 50/157]	Time  0.025 ( 0.072)	Loss 1.7711e+00 (1.6373e+00)	Acc@1  35.94 ( 42.28)	Acc@5  92.19 ( 88.63)
0: Test: [ 60/157]	Time  0.025 ( 0.064)	Loss 1.5463e+00 (1.6313e+00)	Acc@1  40.62 ( 42.24)	Acc@5  90.62 ( 88.93)
0: Test: [ 70/157]	Time  0.025 ( 0.059)	Loss 1.4754e+00 (1.6283e+00)	Acc@1  43.75 ( 42.56)	Acc@5  92.19 ( 88.89)
0: Test: [ 80/157]	Time  0.025 ( 0.054)	Loss 1.5250e+00 (1.6285e+00)	Acc@1  42.19 ( 42.40)	Acc@5  89.06 ( 89.00)
0: Test: [ 90/157]	Time  0.025 ( 0.05
0: 1)	Loss 1.4225e+00 (1.6276e+00)	Acc@1  50.00 ( 42.39)	Acc@5  89.06 ( 88.99)
0: Test: [100/157]	Time  0.025 ( 0.049)	Loss 1.6196e+00 (1.6273e+00)	Acc@1  45.31 ( 42.31)	Acc@5  84.38 ( 89.06)
0: Test: [110/157]	Time  0.025 ( 0.046)	Loss 1.5788e+00 (1.6284e+00)	Acc@1  46.88 ( 42.26)	Acc@5  89.06 ( 89.01)
0: Test: [120/157]	Time  0.025 ( 0.045)	Loss 1.4501e+00 (1.6253e+00)	Acc@1  57.81 ( 42.55)	Acc@5  82.81 ( 89.02)
0: Test: [130/157]	Time  0.025 ( 0.043)	Loss 1.5906e+00 (1.6269e+00)	Acc@1  46.88 ( 42.41)	Acc@5  89.06 ( 88.92)
0: Test: [140/157]	Time  0.025 ( 0.042)	Loss 1.7247e+00 (1.6322e+00)	Acc@1  46.88 ( 42.25)	Acc@5  87.50 ( 88.82)
0: Test: [150/157]	Time  0.025 ( 0.041)	Loss 1.6529e+00 (1.6294e+00)	Acc@1  39.06 ( 42.31)	Acc@5  84.38 ( 88.75)
0:  * Acc@1 42.240 Acc@5 88.850
0: Epoch 2/3 - 53.224s
0: Steps per epoch: 391
0: Validation steps per epoch: 157
0: Average time per epoch: 54.957 s
0: Test: [  0/157]	Time  2.391 ( 2.391)	Loss 1.5297e+00 (1.5297e+00)	Acc@1  45.31 ( 45.31)	Acc@5  85.94 ( 85.94)
0: Test: [ 10/157]	Time  0.026 ( 0.240)	Loss 1.6267e+00 (1.6127e+00)	Acc@1  39.06 ( 43.04)	Acc@5  85.94 ( 88.64)
0: Test: [ 20/157]	Time  0.025 ( 0.138)	Loss 1.7928e+00 (1.6359e+00)	Acc@1  43.75 ( 42.86)	Acc@5  85.94 ( 88.24)
0: Test: [ 30/157]	Time  0.028 ( 0.102)	Loss 1.7009e+00 (1.6249e+00)	Acc@1  42.19 ( 43.30)	Acc@5  92.19 ( 88.36)
0: Test: [ 40/157]	Time  0.025 ( 0.083)	Loss 1.7029e+00 (1.6333e+00)	Acc@1  28.12 ( 42.34)	Acc@5  87.50 ( 88.57)
0: Test: [ 50/157]	Time  0.025 ( 0.072)	Loss 1.7711e+00 (1.6373e+00)	Acc@1  35.94 ( 42.28)	Acc@5  92.19 ( 88.63)
0: Test: [ 60/157]	Time  0.025 ( 0.064)	Loss 1.5463e+00 (1.6313e+00)	Acc@1  40.62 ( 42.24)	Acc@5  90.62 ( 88.93)
0: Test: [ 70/157]	Time  0.025 ( 0.059)	Loss 1.4754e+00 (1.6283e+00)	Acc@1  43.75 ( 42.56)	Acc@5  92.19 ( 88.89)
0: Test: [ 80/157]	Time  0.025 ( 0.055)	Loss 1.5250e+00 (1.6285e+00)	Acc@1  42.19 ( 42.40)	Acc@5  89.06 ( 89.00)
0: Test: [ 90/157]	Time  0.025 ( 0.05
0: 1)	Loss 1.4225e+00 (1.6276e+00)	Acc@1  50.00 ( 42.39)	Acc@5  89.06 ( 88.99)
0: Test: [100/157]	Time  0.025 ( 0.049)	Loss 1.6196e+00 (1.6273e+00)	Acc@1  45.31 ( 42.31)	Acc@5  84.38 ( 89.06)
0: Test: [110/157]	Time  0.025 ( 0.047)	Loss 1.5788e+00 (1.6284e+00)	Acc@1  46.88 ( 42.26)	Acc@5  89.06 ( 89.01)
0: Test: [120/157]	Time  0.025 ( 0.045)	Loss 1.4501e+00 (1.6253e+00)	Acc@1  57.81 ( 42.55)	Acc@5  82.81 ( 89.02)
0: Test: [130/157]	Time  0.025 ( 0.043)	Loss 1.5906e+00 (1.6269e+00)	Acc@1  46.88 ( 42.41)	Acc@5  89.06 ( 88.92)
0: Test: [140/157]	Time  0.025 ( 0.042)	Loss 1.7247e+00 (1.6322e+00)	Acc@1  46.88 ( 42.25)	Acc@5  87.50 ( 88.82)
0: Test: [150/157]	Time  0.025 ( 0.041)	Loss 1.6529e+00 (1.6294e+00)	Acc@1  39.06 ( 42.31)	Acc@5  84.38 ( 88.75)
0:  * Acc@1 42.240 Acc@5 88.850
0: Epoch 2/3 - 53.204s
0: Steps per epoch: 391
0: Validation steps per epoch: 157
0: Average time per epoch: 54.979 s
0: --- 169.3069064617157 seconds ---
ELAPSED: 170 seconds
End at Mon Feb  1 00:23:26 EET 2021
