WORKERS: "gpu20-ib:5555","gpu21-ib:5555","gpu22-ib:5555","gpu23-ib:5555"
Start at Mon Feb  1 00:14:55 EET 2021
CUDA_VISIBLE_DEVICES: 0,1
Running on hosts: gpu[20-23]
Running on 4 nodes.
Running 1 tasks per node
Job id is 1085641
srun -w gpu20 -N 1 -n 1 -l python -u train.pytorch.imagenet.py --config=configs/pytorch_imagenet_resnet.B256.yaml --dist-url 'tcp://gpu20-ib:5555' --dist-backend 'nccl' --multiprocessing-distributed --world-size 4 --rank 0 & 
srun -w gpu21 -N 1 -n 1 -l python -u train.pytorch.imagenet.py --config=configs/pytorch_imagenet_resnet.B256.yaml --dist-url 'tcp://gpu20-ib:5555' --dist-backend 'nccl' --multiprocessing-distributed --world-size 4 --rank 1 & 
srun -w gpu22 -N 1 -n 1 -l python -u train.pytorch.imagenet.py --config=configs/pytorch_imagenet_resnet.B256.yaml --dist-url 'tcp://gpu20-ib:5555' --dist-backend 'nccl' --multiprocessing-distributed --world-size 4 --rank 2 & 
srun -w gpu23 -N 1 -n 1 -l python -u train.pytorch.imagenet.py --config=configs/pytorch_imagenet_resnet.B256.yaml --dist-url 'tcp://gpu20-ib:5555' --dist-backend 'nccl' --multiprocessing-distributed --world-size 4 --rank 3 & 
0: Number of devices per node: 2
0: Number of devices per node: 2
0: Number of devices per node: 2
0: Number of devices per node: 2
0: Use GPU: 1 for training
0: => creating model 'resnet50'
0: Use GPU: 1 for training
0: => creating model 'resnet50'
0: Use GPU: 0 for training
0: => creating model 'resnet50'
0: Use GPU: 0 for training
0: => creating model 'resnet50'
0: Use GPU: 1 for training
0: => creating model 'resnet50'
0: Use GPU: 0 for training
0: => creating model 'resnet50'
0: Use GPU: 1 for training
0: => creating model 'resnet50'
0: Use GPU: 0 for training
0: => creating model 'resnet50'
0: Epoch: [0][ 0/49]	Time  8.699 ( 8.699)	Data  4.613 ( 4.613)	Loss 7.2210e+00 (7.2210e+00)	Acc@1   0.78 (  0.78)	Acc@5   0.78 (  0.78)
0: Epoch: [0][10/49]	Time  0.167 ( 0.937)	Data  0.000 ( 0.420)	Loss 2.7245e+00 (4.9233e+00)	Acc@1  10.94 (  6.68)	Acc@5  52.34 ( 31.96)
0: Epoch: [0][20/49]	Time  0.164 ( 0.569)	Data  0.000 ( 0.222)	Loss 2.4316e+00 (3.7665e+00)	Acc@1  14.06 (  8.82)	Acc@5  53.12 ( 41.85)
0: Epoch: [0][30/49]	Time  0.163 ( 0.438)	Data  0.000 ( 0.152)	Loss 2.3479e+00 (3.3346e+00)	Acc@1  17.19 ( 10.01)	Acc@5  55.47 ( 45.97)
0: Epoch: [0][40/49]	Time  0.171 ( 0.371)	Data  0.000 ( 0.116)	Loss 2.4017e+00 (3.0913e+00)	Acc@1   9.38 ( 10.84)	Acc@5  59.38 ( 49.73)
0: Epoch: [0][ 0/49]	Time  8.589 ( 8.589)	Data  4.669 ( 4.669)	Loss 7.1527e+00 (7.1527e+00)	Acc@1   0.00 (  0.00)	Acc@5   0.00 (  0.00)
0: Epoch: [0][10/49]	Time  0.166 ( 0.928)	Data  0.000 ( 0.425)	Loss 2.7282e+00 (4.8767e+00)	Acc@1   7.81 (  8.10)	Acc@5  49.22 ( 30.61)
0: Epoch: [0][20/49]	Time  0.166 ( 0.564)	Data  0.000 ( 0.224)	Loss 2.3417e+00 (3.7351e+00)	Acc@1  11.72 ( 10.16)	Acc@5  55.47 ( 41.33)
0: Epoch: [0][30/49]	Time  0.164 ( 0.435)	Data  0.000 ( 0.153)	Loss 2.3731e+00 (3.3144e+00)	Acc@1  14.84 ( 10.69)	Acc@5  57.03 ( 46.47)
0: Epoch: [0][40/49]	Time  0.166 ( 0.368)	Data  0.000 ( 0.117)	Loss 2.3497e+00 (3.0825e+00)	Acc@1  14.06 ( 11.55)	Acc@5  58.59 ( 49.45)
0: Epoch: [0][ 0/49]	Time  8.704 ( 8.704)	Data  4.764 ( 4.764)	Loss 7.1014e+00 (7.1014e+00)	Acc@1   0.00 (  0.00)	Acc@5   0.00 (  0.00)
0: Epoch: [0][10/49]	Time  0.168 ( 0.937)	Data  0.000 ( 0.433)	Loss 2.6541e+00 (4.9218e+00)	Acc@1  10.94 (  6.18)	Acc@5  56.25 ( 31.04)
0: Epoch: [0][20/49]	Time  0.164 ( 0.569)	Data  0.000 ( 0.229)	Loss 2.4077e+00 (3.7694e+00)	Acc@1  13.28 (  8.97)	Acc@5  50.78 ( 40.85)
0: Epoch: [0][30/49]	Time  0.164 ( 0.438)	Data  0.000 ( 0.157)	Loss 2.4514e+00 (3.3222e+00)	Acc@1   7.81 ( 10.51)	Acc@5  53.12 ( 46.07)
0: Epoch: [0][40/49]	Time  0.172 ( 0.371)	Data  0.000 ( 0.120)	Loss 2.3136e+00 (3.0856e+00)	Acc@1  17.97 ( 11.57)	Acc@5  67.97 ( 49.09)
0: Epoch: [0][ 0/49]	Time  8.699 ( 8.699)	Data  4.617 ( 4.617)	Loss 7.1109e+00 (7.1109e+00)	Acc@1   0.00 (  0.00)	Acc@5   0.00 (  0.00)
0: Epoch: [0][10/49]	Time  0.168 ( 0.937)	Data  0.000 ( 0.420)	Loss 2.7197e+00 (4.9108e+00)	Acc@1  10.94 (  6.53)	Acc@5  53.91 ( 31.25)
0: Epoch: [0][20/49]	Time  0.164 ( 0.568)	Data  0.000 ( 0.222)	Loss 2.3691e+00 (3.7593e+00)	Acc@1  17.97 (  8.82)	Acc@5  60.16 ( 41.41)
0: Epoch: [0][30/49]	Time  0.164 ( 0.438)	Data  0.000 ( 0.152)	Loss 2.3523e+00 (3.3215e+00)	Acc@1  16.41 ( 10.58)	Acc@5  57.03 ( 46.45)
0: Epoch: [0][40/49]	Time  0.172 ( 0.371)	Data  0.000 ( 0.116)	Loss 2.4091e+00 (3.0878e+00)	Acc@1  11.72 ( 11.38)	Acc@5  56.25 ( 49.47)
0: Epoch: [0][ 0/49]	Time  8.593 ( 8.593)	Data  4.649 ( 4.649)	Loss 7.0266e+00 (7.0266e+00)	Acc@1   0.00 (  0.00)	Acc@5   1.56 (  1.56)
0: Epoch: [0][10/49]	Time  0.166 ( 0.928)	Data  0.000 ( 0.423)	Loss 2.6432e+00 (4.8569e+00)	Acc@1  13.28 (  7.39)	Acc@5  53.91 ( 32.39)
0: Epoch: [0][20/49]	Time  0.164 ( 0.564)	Data  0.000 ( 0.223)	Loss 2.3324e+00 (3.7253e+00)	Acc@1  17.19 (  9.38)	Acc@5  65.62 ( 43.08)
0: Epoch: [0][30/49]	Time  0.165 ( 0.434)	Data  0.000 ( 0.152)	Loss 2.3683e+00 (3.3068e+00)	Acc@1  10.94 ( 10.18)	Acc@5  60.16 ( 47.45)
0: Epoch: [0][40/49]	Time  0.166 ( 0.368)	Data  0.000 ( 0.116)	Loss 2.3367e+00 (3.0760e+00)	Acc@1  13.28 ( 11.03)	Acc@5  60.16 ( 50.40)
0: Epoch: [0][ 0/49]	Time  8.630 ( 8.630)	Data  4.694 ( 4.694)	Loss 7.1740e+00 (7.1740e+00)	Acc@1   0.00 (  0.00)	Acc@5   1.56 (  1.56)
0: Epoch: [0][10/49]	Time  0.167 ( 0.931)	Data  0.000 ( 0.427)	Loss 2.7284e+00 (4.9133e+00)	Acc@1  12.50 (  7.46)	Acc@5  49.22 ( 31.61)
0: Epoch: [0][20/49]	Time  0.163 ( 0.565)	Data  0.000 ( 0.226)	Loss 2.4222e+00 (3.7655e+00)	Acc@1  10.94 (  9.08)	Acc@5  53.12 ( 41.48)
0: Epoch: [0][30/49]	Time  0.163 ( 0.435)	Data  0.000 ( 0.155)	Loss 2.3631e+00 (3.3305e+00)	Acc@1  10.94 ( 10.31)	Acc@5  61.72 ( 46.55)
0: Epoch: [0][40/49]	Time  0.171 ( 0.369)	Data  0.000 ( 0.118)	Loss 2.3709e+00 (3.0911e+00)	Acc@1   9.38 ( 11.24)	Acc@5  56.25 ( 49.98)
0: Epoch: [0][ 0/49]	Time  8.721 ( 8.721)	Data  4.590 ( 4.590)	Loss 7.1502e+00 (7.1502e+00)	Acc@1   0.00 (  0.00)	Acc@5   0.78 (  0.78)
0: Epoch: [0][10/49]	Time  0.167 ( 0.938)	Data  0.000 ( 0.417)	Loss 2.6849e+00 (4.8834e+00)	Acc@1  17.19 (  7.24)	Acc@5  52.34 ( 31.61)
0: Epoch: [0][20/49]	Time  0.164 ( 0.569)	Data  0.000 ( 0.221)	Loss 2.4079e+00 (3.7567e+00)	Acc@1  11.72 (  8.97)	Acc@5  63.28 ( 41.44)
0: Epoch: [0][30/49]	Time  0.164 ( 0.438)	Data  0.000 ( 0.151)	Loss 2.4007e+00 (3.3269e+00)	Acc@1  11.72 (  9.78)	Acc@5  57.81 ( 46.30)
0: Epoch: [0][40/49]	Time  0.171 ( 0.371)	Data  0.000 ( 0.115)	Loss 2.3895e+00 (3.0891e+00)	Acc@1  14.06 ( 10.65)	Acc@5  56.25 ( 49.52)
0: Epoch: [0][ 0/49]	Time  8.631 ( 8.631)	Data  4.635 ( 4.635)	Loss 7.2023e+00 (7.2023e+00)	Acc@1   0.00 (  0.00)	Acc@5   0.78 (  0.78)
0: Epoch: [0][10/49]	Time  0.166 ( 0.932)	Data  0.000 ( 0.421)	Loss 2.7280e+00 (4.8908e+00)	Acc@1  11.72 (  7.74)	Acc@5  56.25 ( 34.02)
0: Epoch: [0][20/49]	Time  0.164 ( 0.566)	Data  0.000 ( 0.222)	Loss 2.3520e+00 (3.7496e+00)	Acc@1  20.31 ( 10.53)	Acc@5  56.25 ( 43.27)
0: Epoch: [0][30/49]	Time  0.164 ( 0.436)	Data  0.000 ( 0.152)	Loss 2.4159e+00 (3.3190e+00)	Acc@1  14.84 ( 11.47)	Acc@5  57.81 ( 47.43)
0: Epoch: [0][40/49]	Time  0.166 ( 0.369)	Data  0.000 ( 0.116)	Loss 2.3515e+00 (3.0857e+00)	Acc@1  16.41 ( 12.21)	Acc@5  57.81 ( 50.04)
0: Test: [ 0/79]	Time  2.409 ( 2.409)	Loss 2.4882e+00 (2.4882e+00)	Acc@1  17.97 ( 17.97)	Acc@5  57.03 ( 57.03)
0: Test: [10/79]	Time  0.039 ( 0.254)	Loss 2.3880e+00 (2.4080e+00)	Acc@1  14.06 ( 13.99)	Acc@5  63.28 ( 59.16)
0: Test: [20/79]	Time  0.039 ( 0.152)	Loss 2.3182e+00 (2.3877e+00)	Acc@1  12.50 ( 14.66)	Acc@5  67.19 ( 61.31)
0: Test: [30/79]	Time  0.039 ( 0.115)	Loss 2.3388e+00 (2.3730e+00)	Acc@1  16.41 ( 15.35)	Acc@5  63.28 ( 62.25)
0: Test: [40/79]	Time  0.039 ( 0.097)	Loss 2.3079e+00 (2.3659e+00)	Acc@1  17.19 ( 15.40)	Acc@5  60.94 ( 62.04)
0: Test: [50/79]	Time  0.039 ( 0.085)	Loss 2.3341e+00 (2.3677e+00)	Acc@1  15.62 ( 15.30)	Acc@5  60.94 ( 62.22)
0: Test: [60/79]	Time  0.039 ( 0.078)	Loss 2.4036e+00 (2.3676e+00)	Acc@1  14.06 ( 15.04)	Acc@5  58.59 ( 62.01)
0: Test: [70/79]	Time  0.040 ( 0.072)	Loss 2.3998e+00 (2.3700e+00)	Acc@1  13.28 ( 15.15)	Acc@5  64.84 ( 61.50)
0:  * Acc@1 14.920 Acc@5 61.690
0: Epoch 0/3 - 24.989s
0: Test: [ 0/79]	Time  2.387 ( 2.387)	Loss 2.4882e+00 (2.4882e+00)	Acc@1  17.97 ( 17.97)	Acc@5  57.03 ( 57.03)
0: Test: [10/79]	Time  0.039 ( 0.253)	Loss 2.3880e+00 (2.4080e+00)	Acc@1  14.06 ( 13.99)	Acc@5  63.28 ( 59.16)
0: Test: [20/79]	Time  0.040 ( 0.151)	Loss 2.3182e+00 (2.3877e+00)	Acc@1  12.50 ( 14.66)	Acc@5  67.19 ( 61.31)
0: Test: [30/79]	Time  0.039 ( 0.115)	Loss 2.3388e+00 (2.3730e+00)	Acc@1  16.41 ( 15.35)	Acc@5  63.28 ( 62.25)
0: Test: [40/79]	Time  0.039 ( 0.096)	Loss 2.3079e+00 (2.3659e+00)	Acc@1  17.19 ( 15.40)	Acc@5  60.94 ( 62.04)
0: Test: [50/79]	Time  0.039 ( 0.085)	Loss 2.3341e+00 (2.3677e+00)	Acc@1  15.62 ( 15.30)	Acc@5  60.94 ( 62.22)
0: Test: [60/79]	Time  0.039 ( 0.078)	Loss 2.4036e+00 (2.3676e+00)	Acc@1  14.06 ( 15.04)	Acc@5  58.59 ( 62.01)
0: Test: [70/79]	Time  0.039 ( 0.072)	Loss 2.3998e+00 (2.3700e+00)	Acc@1  13.28 ( 15.15)	Acc@5  64.84 ( 61.50)
0:  * Acc@1 14.920 Acc@5 61.690
0: Epoch 0/3 - 24.994s
0: Test: [ 0/79]	Time  2.396 ( 2.396)	Loss 2.4882e+00 (2.4882e+00)	Acc@1  17.97 ( 17.97)	Acc@5  57.03 ( 57.03)
0: Test: [10/79]	Time  0.039 ( 0.253)	Loss 2.3880e+00 (2.4080e+00)	Acc@1  14.06 ( 13.99)	Acc@5  63.28 ( 59.16)
0: Test: [20/79]	Time  0.039 ( 0.151)	Loss 2.3182e+00 (2.3877e+00)	Acc@1  12.50 ( 14.66)	Acc@5  67.19 ( 61.31)
0: Test: [30/79]	Time  0.039 ( 0.115)	Loss 2.3388e+00 (2.3730e+00)	Acc@1  16.41 ( 15.35)	Acc@5  63.28 ( 62.25)
0: Test: [40/79]	Time  0.039 ( 0.097)	Loss 2.3079e+00 (2.3659e+00)	Acc@1  17.19 ( 15.40)	Acc@5  60.94 ( 62.04)
0: Test: [50/79]	Time  0.039 ( 0.085)	Loss 2.3341e+00 (2.3677e+00)	Acc@1  15.62 ( 15.30)	Acc@5  60.94 ( 62.22)
0: Test: [60/79]	Time  0.039 ( 0.078)	Loss 2.4036e+00 (2.3676e+00)	Acc@1  14.06 ( 15.04)	Acc@5  58.59 ( 62.01)
0: Test: [70/79]	Time  0.039 ( 0.072)	Loss 2.3998e+00 (2.3700e+00)	Acc@1  13.28 ( 15.15)	Acc@5  64.84 ( 61.50)
0:  * Acc@1 14.920 Acc@5 61.690
0: Epoch 0/3 - 24.996s
0: Test: [ 0/79]	Time  2.400 ( 2.400)	Loss 2.4882e+00 (2.4882e+00)	Acc@1  17.97 ( 17.97)	Acc@5  57.03 ( 57.03)
0: Test: [10/79]	Time  0.039 ( 0.254)	Loss 2.3880e+00 (2.4080e+00)	Acc@1  14.06 ( 13.99)	Acc@5  63.28 ( 59.16)
0: Test: [20/79]	Time  0.039 ( 0.151)	Loss 2.3182e+00 (2.3877e+00)	Acc@1  12.50 ( 14.66)	Acc@5  67.19 ( 61.31)
0: Test: [30/79]	Time  0.039 ( 0.115)	Loss 2.3388e+00 (2.3730e+00)	Acc@1  16.41 ( 15.35)	Acc@5  63.28 ( 62.25)
0: Test: [40/79]	Time  0.039 ( 0.097)	Loss 2.3079e+00 (2.3659e+00)	Acc@1  17.19 ( 15.40)	Acc@5  60.94 ( 62.04)
0: Test: [50/79]	Time  0.040 ( 0.085)	Loss 2.3341e+00 (2.3677e+00)	Acc@1  15.62 ( 15.30)	Acc@5  60.94 ( 62.22)
0: Test: [60/79]	Time  0.039 ( 0.078)	Loss 2.4036e+00 (2.3676e+00)	Acc@1  14.06 ( 15.04)	Acc@5  58.59 ( 62.01)
0: Test: [70/79]	Time  0.039 ( 0.072)	Loss 2.3998e+00 (2.3700e+00)	Acc@1  13.28 ( 15.15)	Acc@5  64.84 ( 61.50)
0:  * Acc@1 14.920 Acc@5 61.690
0: Epoch 0/3 - 24.930s
0: Test: [ 0/79]	Time  2.403 ( 2.403)	Loss 2.4882e+00 (2.4882e+00)	Acc@1  17.97 ( 17.97)	Acc@5  57.03 ( 57.03)
0: Test: [10/79]	Time  0.039 ( 0.254)	Loss 2.3880e+00 (2.4080e+00)	Acc@1  14.06 ( 13.99)	Acc@5  63.28 ( 59.16)
0: Test: [20/79]	Time  0.039 ( 0.152)	Loss 2.3182e+00 (2.3877e+00)	Acc@1  12.50 ( 14.66)	Acc@5  67.19 ( 61.31)
0: Test: [30/79]	Time  0.039 ( 0.116)	Loss 2.3388e+00 (2.3730e+00)	Acc@1  16.41 ( 15.35)	Acc@5  63.28 ( 62.25)
0: Test: [40/79]	Time  0.039 ( 0.097)	Loss 2.3079e+00 (2.3659e+00)	Acc@1  17.19 ( 15.40)	Acc@5  60.94 ( 62.04)
0: Test: [50/79]	Time  0.039 ( 0.086)	Loss 2.3341e+00 (2.3677e+00)	Acc@1  15.62 ( 15.30)	Acc@5  60.94 ( 62.22)
0: Test: [60/79]	Time  0.039 ( 0.078)	Loss 2.4036e+00 (2.3676e+00)	Acc@1  14.06 ( 15.04)	Acc@5  58.59 ( 62.01)
0: Test: [70/79]	Time  0.039 ( 0.073)	Loss 2.3998e+00 (2.3700e+00)	Acc@1  13.28 ( 15.15)	Acc@5  64.84 ( 61.50)
0:  * Acc@1 14.920 Acc@5 61.690
0: Epoch 0/3 - 24.911s
0: Test: [ 0/79]	Time  2.416 ( 2.416)	Loss 2.4882e+00 (2.4882e+00)	Acc@1  17.97 ( 17.97)	Acc@5  57.03 ( 57.03)
0: Test: [10/79]	Time  0.039 ( 0.255)	Loss 2.3880e+00 (2.4080e+00)	Acc@1  14.06 ( 13.99)	Acc@5  63.28 ( 59.16)
0: Test: [20/79]	Time  0.040 ( 0.153)	Loss 2.3182e+00 (2.3877e+00)	Acc@1  12.50 ( 14.66)	Acc@5  67.19 ( 61.31)
0: Test: [30/79]	Time  0.039 ( 0.116)	Loss 2.3388e+00 (2.3730e+00)	Acc@1  16.41 ( 15.35)	Acc@5  63.28 ( 62.25)
0: Test: [40/79]	Time  0.039 ( 0.097)	Loss 2.3079e+00 (2.3659e+00)	Acc@1  17.19 ( 15.40)	Acc@5  60.94 ( 62.04)
0: Test: [50/79]	Time  0.039 ( 0.086)	Loss 2.3341e+00 (2.3677e+00)	Acc@1  15.62 ( 15.30)	Acc@5  60.94 ( 62.22)
0: Test: [60/79]	Time  0.039 ( 0.078)	Loss 2.4036e+00 (2.3676e+00)	Acc@1  14.06 ( 15.04)	Acc@5  58.59 ( 62.01)
0: Test: [70/79]	Time  0.039 ( 0.073)	Loss 2.3998e+00 (2.3700e+00)	Acc@1  13.28 ( 15.15)	Acc@5  64.84 ( 61.50)
0:  * Acc@1 14.920 Acc@5 61.690
0: Epoch 0/3 - 24.923s
0: Test: [ 0/79]	Time  2.398 ( 2.398)	Loss 2.4882e+00 (2.4882e+00)	Acc@1  17.97 ( 17.97)	Acc@5  57.03 ( 57.03)
0: Test: [10/79]	Time  0.039 ( 0.254)	Loss 2.3880e+00 (2.4080e+00)	Acc@1  14.06 ( 13.99)	Acc@5  63.28 ( 59.16)
0: Test: [20/79]	Time  0.039 ( 0.152)	Loss 2.3182e+00 (2.3877e+00)	Acc@1  12.50 ( 14.66)	Acc@5  67.19 ( 61.31)
0: Test: [30/79]	Time  0.039 ( 0.115)	Loss 2.3388e+00 (2.3730e+00)	Acc@1  16.41 ( 15.35)	Acc@5  63.28 ( 62.25)
0: Test: [40/79]	Time  0.039 ( 0.097)	Loss 2.3079e+00 (2.3659e+00)	Acc@1  17.19 ( 15.40)	Acc@5  60.94 ( 62.04)
0: Test: [50/79]	Time  0.039 ( 0.086)	Loss 2.3341e+00 (2.3677e+00)	Acc@1  15.62 ( 15.30)	Acc@5  60.94 ( 62.22)
0: Test: [60/79]	Time  0.039 ( 0.078)	Loss 2.4036e+00 (2.3676e+00)	Acc@1  14.06 ( 15.04)	Acc@5  58.59 ( 62.01)
0: Test: [70/79]	Time  0.039 ( 0.073)	Loss 2.3998e+00 (2.3700e+00)	Acc@1  13.28 ( 15.15)	Acc@5  64.84 ( 61.50)
0:  * Acc@1 14.920 Acc@5 61.690
0: Epoch 0/3 - 24.970s
0: Test: [ 0/79]	Time  2.366 ( 2.366)	Loss 2.4882e+00 (2.4882e+00)	Acc@1  17.97 ( 17.97)	Acc@5  57.03 ( 57.03)
0: Test: [10/79]	Time  0.040 ( 0.251)	Loss 2.3880e+00 (2.4080e+00)	Acc@1  14.06 ( 13.99)	Acc@5  63.28 ( 59.16)
0: Test: [20/79]	Time  0.040 ( 0.151)	Loss 2.3182e+00 (2.3877e+00)	Acc@1  12.50 ( 14.66)	Acc@5  67.19 ( 61.31)
0: Test: [30/79]	Time  0.040 ( 0.115)	Loss 2.3388e+00 (2.3730e+00)	Acc@1  16.41 ( 15.35)	Acc@5  63.28 ( 62.25)
0: Test: [40/79]	Time  0.040 ( 0.096)	Loss 2.3079e+00 (2.3659e+00)	Acc@1  17.19 ( 15.40)	Acc@5  60.94 ( 62.04)
0: Test: [50/79]	Time  0.040 ( 0.085)	Loss 2.3341e+00 (2.3677e+00)	Acc@1  15.62 ( 15.30)	Acc@5  60.94 ( 62.22)
0: Test: [60/79]	Time  0.040 ( 0.078)	Loss 2.4036e+00 (2.3676e+00)	Acc@1  14.06 ( 15.04)	Acc@5  58.59 ( 62.01)
0: Test: [70/79]	Time  0.040 ( 0.072)	Loss 2.3998e+00 (2.3700e+00)	Acc@1  13.28 ( 15.15)	Acc@5  64.84 ( 61.50)
0:  * Acc@1 14.920 Acc@5 61.690
0: Epoch 0/3 - 25.059s
0: Epoch: [1][ 0/49]	Time  4.676 ( 4.676)	Data  4.509 ( 4.509)	Loss 2.2775e+00 (2.2775e+00)	Acc@1  16.41 ( 16.41)	Acc@5  59.38 ( 59.38)
0: Epoch: [1][10/49]	Time  0.165 ( 0.576)	Data  0.000 ( 0.416)	Loss 2.3584e+00 (2.2770e+00)	Acc@1  16.41 ( 16.05)	Acc@5  60.94 ( 63.49)
0: Epoch: [1][20/49]	Time  0.166 ( 0.380)	Data  0.000 ( 0.219)	Loss 2.2956e+00 (2.2738e+00)	Acc@1  21.09 ( 16.52)	Acc@5  60.94 ( 63.73)
0: Epoch: [1][30/49]	Time  0.164 ( 0.310)	Data  0.000 ( 0.150)	Loss 2.1797e+00 (2.2575e+00)	Acc@1  17.19 ( 17.16)	Acc@5  65.62 ( 64.52)
0: Epoch: [1][40/49]	Time  0.164 ( 0.275)	Data  0.000 ( 0.114)	Loss 2.1214e+00 (2.2546e+00)	Acc@1  27.34 ( 16.96)	Acc@5  71.88 ( 65.15)
0: Epoch: [1][ 0/49]	Time  4.694 ( 4.694)	Data  4.568 ( 4.568)	Loss 2.2823e+00 (2.2823e+00)	Acc@1  14.06 ( 14.06)	Acc@5  62.50 ( 62.50)
0: Epoch: [1][10/49]	Time  0.164 ( 0.578)	Data  0.000 ( 0.421)	Loss 2.2409e+00 (2.2817e+00)	Acc@1  18.75 ( 14.63)	Acc@5  66.41 ( 64.56)
0: Epoch: [1][20/49]	Time  0.165 ( 0.381)	Data  0.000 ( 0.222)	Loss 2.2237e+00 (2.2652e+00)	Acc@1  17.97 ( 16.00)	Acc@5  65.62 ( 65.22)
0: Epoch: [1][30/49]	Time  0.165 ( 0.311)	Data  0.000 ( 0.152)	Loss 2.2255e+00 (2.2597e+00)	Acc@1  18.75 ( 16.43)	Acc@5  64.84 ( 65.40)
0: Epoch: [1][40/49]	Time  0.164 ( 0.275)	Data  0.000 ( 0.116)	Loss 2.2556e+00 (2.2487e+00)	Acc@1  14.84 ( 16.63)	Acc@5  62.50 ( 65.80)
0: Epoch: [1][ 0/49]	Time  4.718 ( 4.718)	Data  4.527 ( 4.527)	Loss 2.3138e+00 (2.3138e+00)	Acc@1  16.41 ( 16.41)	Acc@5  64.06 ( 64.06)
0: Epoch: [1][10/49]	Time  0.165 ( 0.579)	Data  0.000 ( 0.417)	Loss 2.3058e+00 (2.3039e+00)	Acc@1  16.41 ( 14.91)	Acc@5  59.38 ( 63.28)
0: Epoch: [1][20/49]	Time  0.166 ( 0.381)	Data  0.000 ( 0.221)	Loss 2.1937e+00 (2.2880e+00)	Acc@1  22.66 ( 15.33)	Acc@5  67.19 ( 63.39)
0: Epoch: [1][30/49]	Time  0.165 ( 0.311)	Data  0.000 ( 0.151)	Loss 2.1856e+00 (2.2684e+00)	Acc@1  17.97 ( 16.08)	Acc@5  73.44 ( 64.72)
0: Epoch: [1][40/49]	Time  0.165 ( 0.275)	Data  0.000 ( 0.115)	Loss 2.3620e+00 (2.2617e+00)	Acc@1  14.84 ( 16.50)	Acc@5  60.16 ( 65.03)
0: Epoch: [1][ 0/49]	Time  4.668 ( 4.668)	Data  4.543 ( 4.543)	Loss 2.3412e+00 (2.3412e+00)	Acc@1  12.50 ( 12.50)	Acc@5  66.41 ( 66.41)
0: Epoch: [1][10/49]	Time  0.164 ( 0.574)	Data  0.000 ( 0.419)	Loss 2.3174e+00 (2.2680e+00)	Acc@1  17.19 ( 16.34)	Acc@5  59.38 ( 65.98)
0: Epoch: [1][20/49]	Time  0.166 ( 0.379)	Data  0.000 ( 0.221)	Loss 2.1588e+00 (2.2635e+00)	Acc@1  18.75 ( 16.56)	Acc@5  76.56 ( 65.85)
0: Epoch: [1][30/49]	Time  0.164 ( 0.310)	Data  0.000 ( 0.152)	Loss 2.3100e+00 (2.2650e+00)	Acc@1  14.84 ( 16.76)	Acc@5  61.72 ( 65.93)
0: Epoch: [1][40/49]	Time  0.164 ( 0.274)	Data  0.000 ( 0.116)	Loss 2.1967e+00 (2.2562e+00)	Acc@1  21.09 ( 17.04)	Acc@5  65.62 ( 65.85)
0: Epoch: [1][ 0/49]	Time  4.711 ( 4.711)	Data  4.595 ( 4.595)	Loss 2.2837e+00 (2.2837e+00)	Acc@1  14.84 ( 14.84)	Acc@5  63.28 ( 63.28)
0: Epoch: [1][10/49]	Time  0.165 ( 0.577)	Data  0.000 ( 0.421)	Loss 2.3455e+00 (2.2898e+00)	Acc@1  11.72 ( 16.41)	Acc@5  58.59 ( 62.22)
0: Epoch: [1][20/49]	Time  0.166 ( 0.380)	Data  0.000 ( 0.222)	Loss 2.2893e+00 (2.2805e+00)	Acc@1  10.94 ( 16.48)	Acc@5  60.94 ( 63.47)
0: Epoch: [1][30/49]	Time  0.164 ( 0.310)	Data  0.000 ( 0.152)	Loss 2.2400e+00 (2.2737e+00)	Acc@1  21.09 ( 16.81)	Acc@5  60.16 ( 63.18)
0: Epoch: [1][40/49]	Time  0.165 ( 0.275)	Data  0.000 ( 0.116)	Loss 2.1594e+00 (2.2561e+00)	Acc@1  17.97 ( 17.59)	Acc@5  71.09 ( 64.41)
0: Epoch: [1][ 0/49]	Time  4.725 ( 4.725)	Data  4.553 ( 4.553)	Loss 2.3211e+00 (2.3211e+00)	Acc@1  17.97 ( 17.97)	Acc@5  60.16 ( 60.16)
0: Epoch: [1][10/49]	Time  0.164 ( 0.579)	Data  0.000 ( 0.420)	Loss 2.2985e+00 (2.2819e+00)	Acc@1  11.72 ( 16.48)	Acc@5  60.16 ( 62.64)
0: Epoch: [1][20/49]	Time  0.166 ( 0.382)	Data  0.000 ( 0.222)	Loss 2.2464e+00 (2.2688e+00)	Acc@1  15.62 ( 16.41)	Acc@5  73.44 ( 63.50)
0: Epoch: [1][30/49]	Time  0.164 ( 0.311)	Data  0.000 ( 0.152)	Loss 2.2754e+00 (2.2630e+00)	Acc@1  15.62 ( 16.58)	Acc@5  67.19 ( 64.34)
0: Epoch: [1][40/49]	Time  0.165 ( 0.275)	Data  0.000 ( 0.116)	Loss 2.2019e+00 (2.2568e+00)	Acc@1  15.62 ( 16.77)	Acc@5  67.97 ( 64.60)
0: Epoch: [1][ 0/49]	Time  4.729 ( 4.729)	Data  4.609 ( 4.609)	Loss 2.2999e+00 (2.2999e+00)	Acc@1  11.72 ( 11.72)	Acc@5  67.19 ( 67.19)
0: Epoch: [1][10/49]	Time  0.165 ( 0.580)	Data  0.000 ( 0.425)	Loss 2.1588e+00 (2.2760e+00)	Acc@1  18.75 ( 16.19)	Acc@5  64.84 ( 64.13)
0: Epoch: [1][20/49]	Time  0.166 ( 0.382)	Data  0.000 ( 0.225)	Loss 2.2903e+00 (2.2697e+00)	Acc@1  15.62 ( 16.41)	Acc@5  64.06 ( 64.84)
0: Epoch: [1][30/49]	Time  0.164 ( 0.312)	Data  0.000 ( 0.154)	Loss 2.2728e+00 (2.2672e+00)	Acc@1  21.09 ( 16.61)	Acc@5  68.75 ( 65.02)
0: Epoch: [1][40/49]	Time  0.164 ( 0.276)	Data  0.000 ( 0.118)	Loss 2.1440e+00 (2.2520e+00)	Acc@1  21.09 ( 17.23)	Acc@5  67.19 ( 65.76)
0: Epoch: [1][ 0/49]	Time  4.745 ( 4.745)	Data  4.621 ( 4.621)	Loss 2.2460e+00 (2.2460e+00)	Acc@1  15.62 ( 15.62)	Acc@5  58.59 ( 58.59)
0: Epoch: [1][10/49]	Time  0.165 ( 0.579)	Data  0.000 ( 0.424)	Loss 2.3792e+00 (2.2587e+00)	Acc@1   9.38 ( 16.90)	Acc@5  57.03 ( 63.78)
0: Epoch: [1][20/49]	Time  0.166 ( 0.382)	Data  0.000 ( 0.224)	Loss 2.2277e+00 (2.2559e+00)	Acc@1  17.97 ( 16.70)	Acc@5  67.97 ( 64.96)
0: Epoch: [1][30/49]	Time  0.164 ( 0.311)	Data  0.000 ( 0.153)	Loss 2.1815e+00 (2.2633e+00)	Acc@1  14.84 ( 15.95)	Acc@5  67.19 ( 64.82)
0: Epoch: [1][40/49]	Time  0.164 ( 0.275)	Data  0.000 ( 0.117)	Loss 2.2094e+00 (2.2549e+00)	Acc@1  14.06 ( 16.08)	Acc@5  65.62 ( 65.28)
0: Test: [ 0/79]	Time  2.420 ( 2.420)	Loss 2.2142e+00 (2.2142e+00)	Acc@1  21.09 ( 21.09)	Acc@5  71.09 ( 71.09)
0: Test: [10/79]	Time  0.039 ( 0.256)	Loss 2.2361e+00 (2.2443e+00)	Acc@1  18.75 ( 18.89)	Acc@5  72.66 ( 68.47)
0: Test: [20/79]	Time  0.039 ( 0.153)	Loss 2.2514e+00 (2.2146e+00)	Acc@1  16.41 ( 19.08)	Acc@5  63.28 ( 68.90)
0: Test: [30/79]	Time  0.039 ( 0.116)	Loss 2.1639e+00 (2.2100e+00)	Acc@1  27.34 ( 19.43)	Acc@5  67.19 ( 69.43)
0: Test: [40/79]	Time  0.039 ( 0.097)	Loss 2.0964e+00 (2.2014e+00)	Acc@1  17.19 ( 19.30)	Acc@5  75.00 ( 69.99)
0: Test: [50/79]	Time  0.039 ( 0.086)	Loss 2.2208e+00 (2.2034e+00)	Acc@1  18.75 ( 19.07)	Acc@5  66.41 ( 69.52)
0: Test: [60/79]	Time  0.039 ( 0.078)	Loss 2.1670e+00 (2.2039e+00)	Acc@1  24.22 ( 18.97)	Acc@5  71.09 ( 69.66)
0: Test: [70/79]	Time  0.039 ( 0.073)	Loss 2.2265e+00 (2.2071e+00)	Acc@1  14.84 ( 18.94)	Acc@5  67.97 ( 69.52)
0:  * Acc@1 18.960 Acc@5 69.400
0: Epoch 1/3 - 18.268s
0: Test: [ 0/79]	Time  2.453 ( 2.453)	Loss 2.2142e+00 (2.2142e+00)	Acc@1  21.09 ( 21.09)	Acc@5  71.09 ( 71.09)
0: Test: [10/79]	Time  0.039 ( 0.258)	Loss 2.2361e+00 (2.2443e+00)	Acc@1  18.75 ( 18.89)	Acc@5  72.66 ( 68.47)
0: Test: [20/79]	Time  0.039 ( 0.154)	Loss 2.2514e+00 (2.2146e+00)	Acc@1  16.41 ( 19.08)	Acc@5  63.28 ( 68.90)
0: Test: [30/79]	Time  0.039 ( 0.117)	Loss 2.1639e+00 (2.2100e+00)	Acc@1  27.34 ( 19.43)	Acc@5  67.19 ( 69.43)
0: Test: [40/79]	Time  0.039 ( 0.098)	Loss 2.0964e+00 (2.2014e+00)	Acc@1  17.19 ( 19.30)	Acc@5  75.00 ( 69.99)
0: Test: [50/79]	Time  0.039 ( 0.086)	Loss 2.2208e+00 (2.2034e+00)	Acc@1  18.75 ( 19.07)	Acc@5  66.41 ( 69.52)
0: Test: [60/79]	Time  0.039 ( 0.079)	Loss 2.1670e+00 (2.2039e+00)	Acc@1  24.22 ( 18.97)	Acc@5  71.09 ( 69.66)
0: Test: [70/79]	Time  0.039 ( 0.073)	Loss 2.2265e+00 (2.2071e+00)	Acc@1  14.84 ( 18.94)	Acc@5  67.97 ( 69.52)
0:  * Acc@1 18.960 Acc@5 69.400
0: Epoch 1/3 - 18.265s
0: Test: [ 0/79]	Time  2.402 ( 2.402)	Loss 2.2142e+00 (2.2142e+00)	Acc@1  21.09 ( 21.09)	Acc@5  71.09 ( 71.09)
0: Test: [10/79]	Time  0.039 ( 0.254)	Loss 2.2361e+00 (2.2443e+00)	Acc@1  18.75 ( 18.89)	Acc@5  72.66 ( 68.47)
0: Test: [20/79]	Time  0.039 ( 0.152)	Loss 2.2514e+00 (2.2146e+00)	Acc@1  16.41 ( 19.08)	Acc@5  63.28 ( 68.90)
0: Test: [30/79]	Time  0.039 ( 0.115)	Loss 2.1639e+00 (2.2100e+00)	Acc@1  27.34 ( 19.43)	Acc@5  67.19 ( 69.43)
0: Test: [40/79]	Time  0.039 ( 0.097)	Loss 2.0964e+00 (2.2014e+00)	Acc@1  17.19 ( 19.30)	Acc@5  75.00 ( 69.99)
0: Test: [50/79]	Time  0.039 ( 0.085)	Loss 2.2208e+00 (2.2034e+00)	Acc@1  18.75 ( 19.07)	Acc@5  66.41 ( 69.52)
0: Test: [60/79]	Time  0.039 ( 0.078)	Loss 2.1670e+00 (2.2039e+00)	Acc@1  24.22 ( 18.97)	Acc@5  71.09 ( 69.66)
0: Test: [70/79]	Time  0.039 ( 0.072)	Loss 2.2265e+00 (2.2071e+00)	Acc@1  14.84 ( 18.94)	Acc@5  67.97 ( 69.52)
0:  * Acc@1 18.960 Acc@5 69.400
0: Epoch 1/3 - 18.284s
0: Test: [ 0/79]	Time  2.430 ( 2.430)	Loss 2.2142e+00 (2.2142e+00)	Acc@1  21.09 ( 21.09)	Acc@5  71.09 ( 71.09)
0: Test: [10/79]	Time  0.039 ( 0.256)	Loss 2.2361e+00 (2.2443e+00)	Acc@1  18.75 ( 18.89)	Acc@5  72.66 ( 68.47)
0: Test: [20/79]	Time  0.039 ( 0.153)	Loss 2.2514e+00 (2.2146e+00)	Acc@1  16.41 ( 19.08)	Acc@5  63.28 ( 68.90)
0: Test: [30/79]	Time  0.039 ( 0.116)	Loss 2.1639e+00 (2.2100e+00)	Acc@1  27.34 ( 19.43)	Acc@5  67.19 ( 69.43)
0: Test: [40/79]	Time  0.039 ( 0.097)	Loss 2.0964e+00 (2.2014e+00)	Acc@1  17.19 ( 19.30)	Acc@5  75.00 ( 69.99)
0: Test: [50/79]	Time  0.039 ( 0.086)	Loss 2.2208e+00 (2.2034e+00)	Acc@1  18.75 ( 19.07)	Acc@5  66.41 ( 69.52)
0: Test: [60/79]	Time  0.039 ( 0.078)	Loss 2.1670e+00 (2.2039e+00)	Acc@1  24.22 ( 18.97)	Acc@5  71.09 ( 69.66)
0: Test: [70/79]	Time  0.039 ( 0.073)	Loss 2.2265e+00 (2.2071e+00)	Acc@1  14.84 ( 18.94)	Acc@5  67.97 ( 69.52)
0:  * Acc@1 18.960 Acc@5 69.400
0: Epoch 1/3 - 18.301s
0: Test: [ 0/79]	Time  2.461 ( 2.461)	Loss 2.2142e+00 (2.2142e+00)	Acc@1  21.09 ( 21.09)	Acc@5  71.09 ( 71.09)
0: Test: [10/79]	Time  0.039 ( 0.260)	Loss 2.2361e+00 (2.2443e+00)	Acc@1  18.75 ( 18.89)	Acc@5  72.66 ( 68.47)
0: Test: [20/79]	Time  0.039 ( 0.155)	Loss 2.2514e+00 (2.2146e+00)	Acc@1  16.41 ( 19.08)	Acc@5  63.28 ( 68.90)
0: Test: [30/79]	Time  0.040 ( 0.117)	Loss 2.1639e+00 (2.2100e+00)	Acc@1  27.34 ( 19.46)	Acc@5  67.19 ( 69.43)
0: Test: [40/79]	Time  0.039 ( 0.098)	Loss 2.0964e+00 (2.2014e+00)	Acc@1  17.19 ( 19.32)	Acc@5  75.00 ( 69.99)
0: Test: [50/79]	Time  0.039 ( 0.087)	Loss 2.2208e+00 (2.2034e+00)	Acc@1  18.75 ( 19.09)	Acc@5  66.41 ( 69.52)
0: Test: [60/79]	Time  0.039 ( 0.079)	Loss 2.1670e+00 (2.2039e+00)	Acc@1  24.22 ( 18.98)	Acc@5  71.09 ( 69.66)
0: Test: [70/79]	Time  0.039 ( 0.073)	Loss 2.2265e+00 (2.2071e+00)	Acc@1  14.84 ( 18.95)	Acc@5  67.97 ( 69.52)
0:  * Acc@1 18.970 Acc@5 69.400
0: Epoch 1/3 - 18.254s
0: Test: [ 0/79]	Time  2.453 ( 2.453)	Loss 2.2142e+00 (2.2142e+00)	Acc@1  21.09 ( 21.09)	Acc@5  71.09 ( 71.09)
0: Test: [10/79]	Time  0.039 ( 0.259)	Loss 2.2361e+00 (2.2443e+00)	Acc@1  18.75 ( 18.89)	Acc@5  72.66 ( 68.47)
0: Test: [20/79]	Time  0.039 ( 0.154)	Loss 2.2514e+00 (2.2146e+00)	Acc@1  16.41 ( 19.08)	Acc@5  63.28 ( 68.90)
0: Test: [30/79]	Time  0.039 ( 0.117)	Loss 2.1639e+00 (2.2100e+00)	Acc@1  27.34 ( 19.43)	Acc@5  67.19 ( 69.43)
0: Test: [40/79]	Time  0.039 ( 0.098)	Loss 2.0964e+00 (2.2014e+00)	Acc@1  17.19 ( 19.30)	Acc@5  75.00 ( 69.99)
0: Test: [50/79]	Time  0.039 ( 0.087)	Loss 2.2208e+00 (2.2034e+00)	Acc@1  18.75 ( 19.07)	Acc@5  66.41 ( 69.52)
0: Test: [60/79]	Time  0.039 ( 0.079)	Loss 2.1670e+00 (2.2039e+00)	Acc@1  24.22 ( 18.97)	Acc@5  71.09 ( 69.66)
0: Test: [70/79]	Time  0.039 ( 0.073)	Loss 2.2265e+00 (2.2071e+00)	Acc@1  14.84 ( 18.94)	Acc@5  67.97 ( 69.52)
0:  * Acc@1 18.960 Acc@5 69.400
0: Epoch 1/3 - 18.278s
0: Test: [ 0/79]	Time  2.426 ( 2.426)	Loss 2.2142e+00 (2.2142e+00)	Acc@1  21.09 ( 21.09)	Acc@5  71.09 ( 71.09)
0: Test: [10/79]	Time  0.040 ( 0.257)	Loss 2.2361e+00 (2.2443e+00)	Acc@1  18.75 ( 18.89)	Acc@5  72.66 ( 68.47)
0: Test: [20/79]	Time  0.040 ( 0.153)	Loss 2.2514e+00 (2.2146e+00)	Acc@1  16.41 ( 19.08)	Acc@5  63.28 ( 68.90)
0: Test: [30/79]	Time  0.040 ( 0.117)	Loss 2.1639e+00 (2.2100e+00)	Acc@1  27.34 ( 19.43)	Acc@5  67.19 ( 69.43)
0: Test: [40/79]	Time  0.040 ( 0.098)	Loss 2.0964e+00 (2.2014e+00)	Acc@1  17.19 ( 19.30)	Acc@5  75.00 ( 69.99)
0: Test: [50/79]	Time  0.040 ( 0.087)	Loss 2.2208e+00 (2.2034e+00)	Acc@1  18.75 ( 19.07)	Acc@5  66.41 ( 69.52)
0: Test: [60/79]	Time  0.040 ( 0.079)	Loss 2.1670e+00 (2.2039e+00)	Acc@1  24.22 ( 18.97)	Acc@5  71.09 ( 69.66)
0: Test: [70/79]	Time  0.040 ( 0.073)	Loss 2.2265e+00 (2.2071e+00)	Acc@1  14.84 ( 18.94)	Acc@5  67.97 ( 69.52)
0:  * Acc@1 18.960 Acc@5 69.400
0: Epoch 1/3 - 18.270s
0: Test: [ 0/79]	Time  2.444 ( 2.444)	Loss 2.2142e+00 (2.2142e+00)	Acc@1  21.09 ( 21.09)	Acc@5  71.09 ( 71.09)
0: Test: [10/79]	Time  0.039 ( 0.258)	Loss 2.2361e+00 (2.2443e+00)	Acc@1  18.75 ( 18.89)	Acc@5  72.66 ( 68.47)
0: Test: [20/79]	Time  0.040 ( 0.154)	Loss 2.2514e+00 (2.2146e+00)	Acc@1  16.41 ( 19.08)	Acc@5  63.28 ( 68.90)
0: Test: [30/79]	Time  0.039 ( 0.117)	Loss 2.1639e+00 (2.2100e+00)	Acc@1  27.34 ( 19.43)	Acc@5  67.19 ( 69.43)
0: Test: [40/79]	Time  0.039 ( 0.098)	Loss 2.0964e+00 (2.2014e+00)	Acc@1  17.19 ( 19.30)	Acc@5  75.00 ( 69.99)
0: Test: [50/79]	Time  0.039 ( 0.087)	Loss 2.2208e+00 (2.2034e+00)	Acc@1  18.75 ( 19.07)	Acc@5  66.41 ( 69.52)
0: Test: [60/79]	Time  0.039 ( 0.079)	Loss 2.1670e+00 (2.2039e+00)	Acc@1  24.22 ( 18.97)	Acc@5  71.09 ( 69.66)
0: Test: [70/79]	Time  0.039 ( 0.073)	Loss 2.2265e+00 (2.2071e+00)	Acc@1  14.84 ( 18.94)	Acc@5  67.97 ( 69.52)
0:  * Acc@1 18.960 Acc@5 69.400
0: Epoch 1/3 - 18.290s
0: Epoch: [2][ 0/49]	Time  4.798 ( 4.798)	Data  4.674 ( 4.674)	Loss 2.1880e+00 (2.1880e+00)	Acc@1  17.19 ( 17.19)	Acc@5  64.06 ( 64.06)
0: Epoch: [2][10/49]	Time  0.166 ( 0.587)	Data  0.000 ( 0.431)	Loss 2.1469e+00 (2.1991e+00)	Acc@1  24.22 ( 18.18)	Acc@5  70.31 ( 70.03)
0: Epoch: [2][20/49]	Time  0.165 ( 0.385)	Data  0.000 ( 0.228)	Loss 2.1826e+00 (2.1792e+00)	Acc@1  22.66 ( 18.82)	Acc@5  70.31 ( 70.76)
0: Epoch: [2][30/49]	Time  0.165 ( 0.314)	Data  0.000 ( 0.156)	Loss 2.0753e+00 (2.1750e+00)	Acc@1  25.00 ( 19.05)	Acc@5  72.66 ( 70.74)
0: Epoch: [2][40/49]	Time  0.165 ( 0.277)	Data  0.000 ( 0.119)	Loss 2.0343e+00 (2.1607e+00)	Acc@1  25.78 ( 19.74)	Acc@5  76.56 ( 71.07)
0: Epoch: [2][ 0/49]	Time  4.778 ( 4.778)	Data  4.616 ( 4.616)	Loss 2.1327e+00 (2.1327e+00)	Acc@1  17.97 ( 17.97)	Acc@5  72.66 ( 72.66)
0: Epoch: [2][10/49]	Time  0.166 ( 0.585)	Data  0.000 ( 0.425)	Loss 2.1141e+00 (2.1659e+00)	Acc@1  21.88 ( 17.83)	Acc@5  68.75 ( 69.18)
0: Epoch: [2][20/49]	Time  0.166 ( 0.384)	Data  0.000 ( 0.225)	Loss 2.2142e+00 (2.1558e+00)	Acc@1  20.31 ( 19.68)	Acc@5  66.41 ( 70.20)
0: Epoch: [2][30/49]	Time  0.165 ( 0.313)	Data  0.000 ( 0.154)	Loss 2.0889e+00 (2.1526e+00)	Acc@1  22.66 ( 20.29)	Acc@5  74.22 ( 70.31)
0: Epoch: [2][40/49]	Time  0.165 ( 0.277)	Data  0.000 ( 0.118)	Loss 2.1225e+00 (2.1425e+00)	Acc@1  28.12 ( 20.98)	Acc@5  67.97 ( 70.73)
0: Epoch: [2][ 0/49]	Time  4.769 ( 4.769)	Data  4.601 ( 4.601)	Loss 2.2351e+00 (2.2351e+00)	Acc@1  17.19 ( 17.19)	Acc@5  74.22 ( 74.22)
0: Epoch: [2][10/49]	Time  0.165 ( 0.584)	Data  0.000 ( 0.424)	Loss 2.2120e+00 (2.1904e+00)	Acc@1  15.62 ( 19.39)	Acc@5  70.31 ( 70.24)
0: Epoch: [2][20/49]	Time  0.165 ( 0.384)	Data  0.000 ( 0.224)	Loss 2.1022e+00 (2.1654e+00)	Acc@1  23.44 ( 20.39)	Acc@5  67.19 ( 70.54)
0: Epoch: [2][30/49]	Time  0.165 ( 0.313)	Data  0.000 ( 0.154)	Loss 2.1560e+00 (2.1655e+00)	Acc@1  19.53 ( 20.34)	Acc@5  74.22 ( 70.79)
0: Epoch: [2][40/49]	Time  0.166 ( 0.276)	Data  0.000 ( 0.117)	Loss 2.0251e+00 (2.1531e+00)	Acc@1  21.88 ( 20.52)	Acc@5  76.56 ( 71.07)
0: Epoch: [2][ 0/49]	Time  4.754 ( 4.754)	Data  4.622 ( 4.622)	Loss 2.1514e+00 (2.1514e+00)	Acc@1  18.75 ( 18.75)	Acc@5  67.97 ( 67.97)
0: Epoch: [2][10/49]	Time  0.165 ( 0.581)	Data  0.000 ( 0.425)	Loss 2.1683e+00 (2.1633e+00)	Acc@1  20.31 ( 20.24)	Acc@5  71.09 ( 70.17)
0: Epoch: [2][20/49]	Time  0.165 ( 0.382)	Data  0.000 ( 0.225)	Loss 2.0111e+00 (2.1525e+00)	Acc@1  26.56 ( 20.72)	Acc@5  80.47 ( 71.21)
0: Epoch: [2][30/49]	Time  0.165 ( 0.312)	Data  0.000 ( 0.154)	Loss 2.1027e+00 (2.1534e+00)	Acc@1  24.22 ( 20.77)	Acc@5  71.88 ( 70.92)
0: Epoch: [2][40/49]	Time  0.165 ( 0.276)	Data  0.000 ( 0.117)	Loss 2.0090e+00 (2.1386e+00)	Acc@1  22.66 ( 21.23)	Acc@5  77.34 ( 72.01)
0: Epoch: [2][ 0/49]	Time  4.735 ( 4.735)	Data  4.604 ( 4.604)	Loss 2.0257e+00 (2.0257e+00)	Acc@1  22.66 ( 22.66)	Acc@5  76.56 ( 76.56)
0: Epoch: [2][10/49]	Time  0.165 ( 0.582)	Data  0.000 ( 0.424)	Loss 2.1235e+00 (2.1636e+00)	Acc@1  16.41 ( 17.05)	Acc@5  79.69 ( 72.23)
0: Epoch: [2][20/49]	Time  0.165 ( 0.383)	Data  0.000 ( 0.224)	Loss 2.1826e+00 (2.1632e+00)	Acc@1  20.31 ( 17.89)	Acc@5  63.28 ( 71.35)
0: Epoch: [2][30/49]	Time  0.165 ( 0.312)	Data  0.000 ( 0.153)	Loss 2.0667e+00 (2.1486e+00)	Acc@1  24.22 ( 19.00)	Acc@5  77.34 ( 71.65)
0: Epoch: [2][40/49]	Time  0.165 ( 0.276)	Data  0.000 ( 0.117)	Loss 2.1107e+00 (2.1373e+00)	Acc@1  25.00 ( 19.80)	Acc@5  71.09 ( 72.03)
0: Epoch: [2][ 0/49]	Time  4.785 ( 4.785)	Data  4.668 ( 4.668)	Loss 2.2364e+00 (2.2364e+00)	Acc@1  17.97 ( 17.97)	Acc@5  66.41 ( 66.41)
0: Epoch: [2][10/49]	Time  0.165 ( 0.584)	Data  0.000 ( 0.427)	Loss 2.1890e+00 (2.1728e+00)	Acc@1  15.62 ( 19.67)	Acc@5  71.09 ( 71.16)
0: Epoch: [2][20/49]	Time  0.164 ( 0.384)	Data  0.000 ( 0.226)	Loss 2.0643e+00 (2.1470e+00)	Acc@1  25.78 ( 20.61)	Acc@5  72.66 ( 71.17)
0: Epoch: [2][30/49]	Time  0.165 ( 0.313)	Data  0.000 ( 0.154)	Loss 2.1885e+00 (2.1416e+00)	Acc@1  17.97 ( 20.56)	Acc@5  72.66 ( 71.80)
0: Epoch: [2][40/49]	Time  0.165 ( 0.276)	Data  0.000 ( 0.117)	Loss 2.0797e+00 (2.1306e+00)	Acc@1  27.34 ( 21.06)	Acc@5  73.44 ( 71.78)
0: Epoch: [2][ 0/49]	Time  4.793 ( 4.793)	Data  4.630 ( 4.630)	Loss 2.2285e+00 (2.2285e+00)	Acc@1  23.44 ( 23.44)	Acc@5  69.53 ( 69.53)
0: Epoch: [2][10/49]	Time  0.165 ( 0.586)	Data  0.000 ( 0.427)	Loss 2.1295e+00 (2.1547e+00)	Acc@1  22.66 ( 21.38)	Acc@5  73.44 ( 70.03)
0: Epoch: [2][20/49]	Time  0.165 ( 0.385)	Data  0.000 ( 0.226)	Loss 2.1180e+00 (2.1403e+00)	Acc@1  21.88 ( 21.54)	Acc@5  72.66 ( 70.46)
0: Epoch: [2][30/49]	Time  0.166 ( 0.313)	Data  0.000 ( 0.154)	Loss 2.1440e+00 (2.1330e+00)	Acc@1  19.53 ( 21.70)	Acc@5  68.75 ( 71.04)
0: Epoch: [2][40/49]	Time  0.165 ( 0.277)	Data  0.000 ( 0.118)	Loss 2.0055e+00 (2.1325e+00)	Acc@1  30.47 ( 21.72)	Acc@5  72.66 ( 71.04)
0: Epoch: [2][ 0/49]	Time  4.763 ( 4.763)	Data  4.607 ( 4.607)	Loss 2.2131e+00 (2.2131e+00)	Acc@1  16.41 ( 16.41)	Acc@5  65.62 ( 65.62)
0: Epoch: [2][10/49]	Time  0.165 ( 0.585)	Data  0.000 ( 0.425)	Loss 2.1900e+00 (2.1529e+00)	Acc@1  22.66 ( 20.53)	Acc@5  62.50 ( 70.17)
0: Epoch: [2][20/49]	Time  0.165 ( 0.384)	Data  0.000 ( 0.224)	Loss 2.0651e+00 (2.1488e+00)	Acc@1  22.66 ( 20.16)	Acc@5  69.53 ( 70.65)
0: Epoch: [2][30/49]	Time  0.165 ( 0.313)	Data  0.000 ( 0.153)	Loss 2.0743e+00 (2.1474e+00)	Acc@1  24.22 ( 20.16)	Acc@5  71.09 ( 70.87)
0: Epoch: [2][40/49]	Time  0.165 ( 0.277)	Data  0.000 ( 0.116)	Loss 2.0811e+00 (2.1302e+00)	Acc@1  25.00 ( 21.27)	Acc@5  73.44 ( 71.44)
0: Test: [ 0/79]	Time  2.413 ( 2.413)	Loss 2.1497e+00 (2.1497e+00)	Acc@1  20.31 ( 20.31)	Acc@5  75.78 ( 75.78)
0: Test: [10/79]	Time  0.039 ( 0.255)	Loss 2.2310e+00 (2.1578e+00)	Acc@1  19.53 ( 20.60)	Acc@5  75.00 ( 74.29)
0: Test: [20/79]	Time  0.039 ( 0.152)	Loss 2.1266e+00 (2.1228e+00)	Acc@1  21.88 ( 21.65)	Acc@5  75.78 ( 75.19)
0: Test: [30/79]	Time  0.039 ( 0.116)	Loss 2.1260e+00 (2.1194e+00)	Acc@1  18.75 ( 22.33)	Acc@5  73.44 ( 75.30)
0: Test: [40/79]	Time  0.039 ( 0.097)	Loss 1.9812e+00 (2.1151e+00)	Acc@1  32.81 ( 23.08)	Acc@5  76.56 ( 75.32)
0: Test: [50/79]	Time  0.039 ( 0.086)	Loss 2.1098e+00 (2.1195e+00)	Acc@1  17.19 ( 22.66)	Acc@5  72.66 ( 74.91)
0: Test: [60/79]	Time  0.039 ( 0.078)	Loss 2.0196e+00 (2.1163e+00)	Acc@1  32.81 ( 22.68)	Acc@5  76.56 ( 74.81)
0: Test: [70/79]	Time  0.039 ( 0.073)	Loss 2.1031e+00 (2.1171e+00)	Acc@1  22.66 ( 22.74)	Acc@5  76.56 ( 74.76)
0:  * Acc@1 22.570 Acc@5 74.730
0: Epoch 2/3 - 18.280s
0: Steps per epoch: 49
0: Validation steps per epoch: 79
0: Average time per epoch: 20.523 s
0: Test: [ 0/79]	Time  2.422 ( 2.422)	Loss 2.1497e+00 (2.1497e+00)	Acc@1  20.31 ( 20.31)	Acc@5  75.78 ( 75.78)
0: Test: [10/79]	Time  0.039 ( 0.256)	Loss 2.2310e+00 (2.1578e+00)	Acc@1  19.53 ( 20.60)	Acc@5  75.00 ( 74.29)
0: Test: [20/79]	Time  0.039 ( 0.153)	Loss 2.1266e+00 (2.1228e+00)	Acc@1  21.88 ( 21.65)	Acc@5  75.78 ( 75.19)
0: Test: [30/79]	Time  0.039 ( 0.116)	Loss 2.1260e+00 (2.1194e+00)	Acc@1  18.75 ( 22.33)	Acc@5  73.44 ( 75.30)
0: Test: [40/79]	Time  0.039 ( 0.097)	Loss 1.9812e+00 (2.1151e+00)	Acc@1  32.81 ( 23.08)	Acc@5  76.56 ( 75.32)
0: Test: [50/79]	Time  0.039 ( 0.086)	Loss 2.1098e+00 (2.1195e+00)	Acc@1  17.19 ( 22.66)	Acc@5  72.66 ( 74.91)
0: Test: [60/79]	Time  0.039 ( 0.078)	Loss 2.0196e+00 (2.1163e+00)	Acc@1  32.81 ( 22.68)	Acc@5  76.56 ( 74.81)
0: Test: [70/79]	Time  0.039 ( 0.073)	Loss 2.1031e+00 (2.1171e+00)	Acc@1  22.66 ( 22.74)	Acc@5  76.56 ( 74.76)
0:  * Acc@1 22.570 Acc@5 74.730
0: Epoch 2/3 - 18.325s
0: Steps per epoch: 49
0: Validation steps per epoch: 79
0: Average time per epoch: 20.529 s
0: Test: [ 0/79]	Time  2.415 ( 2.415)	Loss 2.1497e+00 (2.1497e+00)	Acc@1  20.31 ( 20.31)	Acc@5  75.78 ( 75.78)
0: Test: [10/79]	Time  0.039 ( 0.255)	Loss 2.2310e+00 (2.1578e+00)	Acc@1  19.53 ( 20.60)	Acc@5  75.00 ( 74.29)
0: Test: [20/79]	Time  0.039 ( 0.152)	Loss 2.1266e+00 (2.1228e+00)	Acc@1  21.88 ( 21.65)	Acc@5  75.78 ( 75.19)
0: Test: [30/79]	Time  0.039 ( 0.116)	Loss 2.1260e+00 (2.1194e+00)	Acc@1  18.75 ( 22.33)	Acc@5  73.44 ( 75.30)
0: Test: [40/79]	Time  0.039 ( 0.097)	Loss 1.9812e+00 (2.1151e+00)	Acc@1  32.81 ( 23.08)	Acc@5  76.56 ( 75.32)
0: Test: [50/79]	Time  0.039 ( 0.086)	Loss 2.1098e+00 (2.1195e+00)	Acc@1  17.19 ( 22.66)	Acc@5  72.66 ( 74.91)
0: Test: [60/79]	Time  0.039 ( 0.078)	Loss 2.0196e+00 (2.1163e+00)	Acc@1  32.81 ( 22.68)	Acc@5  76.56 ( 74.81)
0: Test: [70/79]	Time  0.039 ( 0.073)	Loss 2.1031e+00 (2.1171e+00)	Acc@1  22.66 ( 22.74)	Acc@5  76.56 ( 74.76)
0:  * Acc@1 22.570 Acc@5 74.730
0: Epoch 2/3 - 18.312s
0: Steps per epoch: 49
0: Validation steps per epoch: 79
0: Average time per epoch: 20.531 s
0: Test: [ 0/79]	Time  2.420 ( 2.420)	Loss 2.1497e+00 (2.1497e+00)	Acc@1  20.31 ( 20.31)	Acc@5  75.78 ( 75.78)
0: Test: [10/79]	Time  0.039 ( 0.255)	Loss 2.2310e+00 (2.1578e+00)	Acc@1  19.53 ( 20.60)	Acc@5  75.00 ( 74.29)
0: Test: [20/79]	Time  0.039 ( 0.152)	Loss 2.1266e+00 (2.1228e+00)	Acc@1  21.88 ( 21.65)	Acc@5  75.78 ( 75.19)
0: Test: [30/79]	Time  0.039 ( 0.116)	Loss 2.1260e+00 (2.1194e+00)	Acc@1  18.75 ( 22.33)	Acc@5  73.44 ( 75.30)
0: Test: [40/79]	Time  0.039 ( 0.097)	Loss 1.9812e+00 (2.1151e+00)	Acc@1  32.81 ( 23.08)	Acc@5  76.56 ( 75.32)
0: Test: [50/79]	Time  0.039 ( 0.086)	Loss 2.1098e+00 (2.1195e+00)	Acc@1  17.19 ( 22.66)	Acc@5  72.66 ( 74.91)
0: Test: [60/79]	Time  0.039 ( 0.078)	Loss 2.0196e+00 (2.1163e+00)	Acc@1  32.81 ( 22.68)	Acc@5  76.56 ( 74.81)
0: Test: [70/79]	Time  0.039 ( 0.073)	Loss 2.1031e+00 (2.1171e+00)	Acc@1  22.66 ( 22.74)	Acc@5  76.56 ( 74.76)
0:  * Acc@1 22.570 Acc@5 74.730
0: Epoch 2/3 - 18.347s
0: Steps per epoch: 49
0: Validation steps per epoch: 79
0: Average time per epoch: 20.514 s
0: Test: [ 0/79]	Time  2.410 ( 2.410)	Loss 2.1497e+00 (2.1497e+00)	Acc@1  20.31 ( 20.31)	Acc@5  75.78 ( 75.78)
0: Test: [10/79]	Time  0.040 ( 0.255)	Loss 2.2310e+00 (2.1578e+00)	Acc@1  19.53 ( 20.60)	Acc@5  75.00 ( 74.29)
0: Test: [20/79]	Time  0.040 ( 0.153)	Loss 2.1266e+00 (2.1228e+00)	Acc@1  21.88 ( 21.65)	Acc@5  75.78 ( 75.19)
0: Test: [30/79]	Time  0.040 ( 0.116)	Loss 2.1260e+00 (2.1194e+00)	Acc@1  18.75 ( 22.33)	Acc@5  73.44 ( 75.30)
0: Test: [40/79]	Time  0.040 ( 0.098)	Loss 1.9812e+00 (2.1151e+00)	Acc@1  32.81 ( 23.08)	Acc@5  76.56 ( 75.32)
0: Test: [50/79]	Time  0.040 ( 0.086)	Loss 2.1098e+00 (2.1195e+00)	Acc@1  17.19 ( 22.66)	Acc@5  72.66 ( 74.91)
0: Test: [60/79]	Time  0.040 ( 0.079)	Loss 2.0196e+00 (2.1163e+00)	Acc@1  32.81 ( 22.68)	Acc@5  76.56 ( 74.81)
0: Test: [70/79]	Time  0.040 ( 0.073)	Loss 2.1031e+00 (2.1171e+00)	Acc@1  22.66 ( 22.74)	Acc@5  76.56 ( 74.76)
0:  * Acc@1 22.570 Acc@5 74.730
0: Epoch 2/3 - 18.313s
0: Steps per epoch: 49
0: Validation steps per epoch: 79
0: Average time per epoch: 20.547 s
0: Test: [ 0/79]	Time  2.415 ( 2.415)	Loss 2.1497e+00 (2.1497e+00)	Acc@1  20.31 ( 20.31)	Acc@5  75.78 ( 75.78)
0: Test: [10/79]	Time  0.039 ( 0.255)	Loss 2.2310e+00 (2.1578e+00)	Acc@1  19.53 ( 20.60)	Acc@5  75.00 ( 74.29)
0: Test: [20/79]	Time  0.039 ( 0.153)	Loss 2.1266e+00 (2.1228e+00)	Acc@1  21.88 ( 21.65)	Acc@5  75.78 ( 75.22)
0: Test: [30/79]	Time  0.040 ( 0.116)	Loss 2.1260e+00 (2.1194e+00)	Acc@1  18.75 ( 22.33)	Acc@5  73.44 ( 75.33)
0: Test: [40/79]	Time  0.039 ( 0.097)	Loss 1.9812e+00 (2.1151e+00)	Acc@1  32.81 ( 23.08)	Acc@5  76.56 ( 75.34)
0: Test: [50/79]	Time  0.039 ( 0.086)	Loss 2.1098e+00 (2.1195e+00)	Acc@1  17.19 ( 22.66)	Acc@5  72.66 ( 74.92)
0: Test: [60/79]	Time  0.039 ( 0.078)	Loss 2.0196e+00 (2.1163e+00)	Acc@1  32.81 ( 22.68)	Acc@5  76.56 ( 74.83)
0: Test: [70/79]	Time  0.039 ( 0.073)	Loss 2.1031e+00 (2.1171e+00)	Acc@1  22.66 ( 22.74)	Acc@5  76.56 ( 74.78)
0:  * Acc@1 22.570 Acc@5 74.750
0: Epoch 2/3 - 18.351s
0: Steps per epoch: 49
0: Validation steps per epoch: 79
0: Average time per epoch: 20.525 s
0: Test: [ 0/79]	Time  2.432 ( 2.432)	Loss 2.1497e+00 (2.1497e+00)	Acc@1  20.31 ( 20.31)	Acc@5  75.78 ( 75.78)
0: Test: [10/79]	Time  0.039 ( 0.257)	Loss 2.2310e+00 (2.1578e+00)	Acc@1  19.53 ( 20.60)	Acc@5  75.00 ( 74.29)
0: Test: [20/79]	Time  0.039 ( 0.153)	Loss 2.1266e+00 (2.1228e+00)	Acc@1  21.88 ( 21.65)	Acc@5  75.78 ( 75.19)
0: Test: [30/79]	Time  0.040 ( 0.117)	Loss 2.1260e+00 (2.1194e+00)	Acc@1  18.75 ( 22.33)	Acc@5  73.44 ( 75.30)
0: Test: [40/79]	Time  0.039 ( 0.098)	Loss 1.9812e+00 (2.1151e+00)	Acc@1  32.81 ( 23.08)	Acc@5  76.56 ( 75.32)
0: Test: [50/79]	Time  0.039 ( 0.086)	Loss 2.1098e+00 (2.1195e+00)	Acc@1  17.19 ( 22.66)	Acc@5  72.66 ( 74.91)
0: Test: [60/79]	Time  0.039 ( 0.079)	Loss 2.0196e+00 (2.1163e+00)	Acc@1  32.81 ( 22.68)	Acc@5  76.56 ( 74.81)
0: Test: [70/79]	Time  0.039 ( 0.073)	Loss 2.1031e+00 (2.1171e+00)	Acc@1  22.66 ( 22.74)	Acc@5  76.56 ( 74.76)
0:  * Acc@1 22.570 Acc@5 74.730
0: Epoch 2/3 - 18.358s
0: Steps per epoch: 49
0: Validation steps per epoch: 79
0: Average time per epoch: 20.516 s
0: Test: [ 0/79]	Time  2.431 ( 2.431)	Loss 2.1497e+00 (2.1497e+00)	Acc@1  20.31 ( 20.31)	Acc@5  75.78 ( 75.78)
0: Test: [10/79]	Time  0.039 ( 0.257)	Loss 2.2310e+00 (2.1578e+00)	Acc@1  19.53 ( 20.60)	Acc@5  75.00 ( 74.29)
0: Test: [20/79]	Time  0.039 ( 0.153)	Loss 2.1266e+00 (2.1228e+00)	Acc@1  21.88 ( 21.65)	Acc@5  75.78 ( 75.19)
0: Test: [30/79]	Time  0.039 ( 0.117)	Loss 2.1260e+00 (2.1194e+00)	Acc@1  18.75 ( 22.33)	Acc@5  73.44 ( 75.30)
0: Test: [40/79]	Time  0.039 ( 0.098)	Loss 1.9812e+00 (2.1151e+00)	Acc@1  32.81 ( 23.08)	Acc@5  76.56 ( 75.32)
0: Test: [50/79]	Time  0.039 ( 0.086)	Loss 2.1098e+00 (2.1195e+00)	Acc@1  17.19 ( 22.66)	Acc@5  72.66 ( 74.91)
0: Test: [60/79]	Time  0.039 ( 0.079)	Loss 2.0196e+00 (2.1163e+00)	Acc@1  32.81 ( 22.68)	Acc@5  76.56 ( 74.81)
0: Test: [70/79]	Time  0.040 ( 0.073)	Loss 2.1031e+00 (2.1171e+00)	Acc@1  22.66 ( 22.74)	Acc@5  76.56 ( 74.76)
0:  * Acc@1 22.570 Acc@5 74.730
0: Epoch 2/3 - 18.344s
0: Steps per epoch: 49
0: Validation steps per epoch: 79
0: Average time per epoch: 20.519 s
0: --- 66.44952630996704 seconds ---
0: --- 66.4680688381195 seconds ---
0: --- 66.44187831878662 seconds ---
0: --- 66.53097200393677 seconds ---
ELAPSED: 68 seconds
End at Mon Feb  1 00:16:03 EET 2021
