WORKERS: "gpu25-ib:5555"
Start at Mon Feb  1 00:20:51 EET 2021
CUDA_VISIBLE_DEVICES: 0,1
Running on hosts: gpu25
Running on 1 nodes.
Running 1 tasks per node
Job id is 1085631
srun -w gpu25 -N 1 -n 1 -l python -u train.pytorch.imagenet.py --config=configs/pytorch_imagenet_resnet.B64.yaml --dist-url 'tcp://gpu25-ib:5555' --dist-backend 'nccl' --multiprocessing-distributed --world-size 1 --rank 0 & 
0: Number of devices per node: 2
0: Use GPU: 0 for training
0: => creating model 'resnet50'
0: Use GPU: 1 for training
0: => creating model 'resnet50'
0: Epoch: [0][  0/782]	Time  7.215 ( 7.215)	Data  4.533 ( 4.533)	Loss 7.1817e+00 (7.1817e+00)	Acc@1   0.00 (  0.00)	Acc@5   0.00 (  0.00)
0: Epoch: [0][ 10/782]	Time  0.085 ( 0.735)	Data  0.000 ( 0.412)	Loss 2.6970e+00 (4.9171e+00)	Acc@1   3.12 (  3.41)	Acc@5  43.75 ( 29.83)
0: Epoch: [0][ 20/782]	Time  0.089 ( 0.427)	Data  0.000 ( 0.217)	Loss 2.5691e+00 (3.7928e+00)	Acc@1   3.12 (  7.74)	Acc@5  59.38 ( 41.22)
0: Epoch: [0][ 30/782]	Time  0.089 ( 0.317)	Data  0.000 ( 0.148)	Loss 2.5802e+00 (3.4359e+00)	Acc@1   9.38 (  8.06)	Acc@5  46.88 ( 43.45)
0: Epoch: [0][ 40/782]	Time  0.088 ( 0.261)	Data  0.000 ( 0.112)	Loss 2.5453e+00 (3.2049e+00)	Acc@1  12.50 (  9.15)	Acc@5  59.38 ( 46.95)
0: Epoch: [0][ 50/782]	Time  0.086 ( 0.227)	Data  0.000 ( 0.090)	Loss 2.5602e+00 (3.0703e+00)	Acc@1  12.50 (  9.74)	Acc@5  46.88 ( 48.35)
0: Epoch: [0][ 60/782]	Time  0.085 ( 0.203)	Data  0.000 ( 0.076)	Loss 2.3895e+00 (2.9760e+00)	Acc@1  21.88 ( 10.45)	Acc@5  65.62 ( 49.39)
0: Epoch: [0][ 70/782]	Time  0.077 ( 0.187)	Data  0.000 ( 0.065)	Loss 2.4945e+00 (
0: 2.9124e+00)	Acc@1  18.75 ( 11.09)	Acc@5  56.25 ( 50.31)
0: Epoch: [0][ 80/782]	Time  0.086 ( 0.174)	Data  0.000 ( 0.058)	Loss 2.3448e+00 (2.8487e+00)	Acc@1  15.62 ( 11.61)	Acc@5  65.62 ( 51.50)
0: Epoch: [0][ 90/782]	Time  0.087 ( 0.165)	Data  0.000 ( 0.051)	Loss 2.3315e+00 (2.7999e+00)	Acc@1  15.62 ( 12.05)	Acc@5  68.75 ( 52.47)
0: Epoch: [0][100/782]	Time  0.083 ( 0.157)	Data  0.000 ( 0.047)	Loss 2.4607e+00 (2.7495e+00)	Acc@1   9.38 ( 12.44)	Acc@5  59.38 ( 53.71)
0: Epoch: [0][110/782]	Time  0.085 ( 0.150)	Data  0.000 ( 0.043)	Loss 2.1736e+00 (2.7095e+00)	Acc@1  18.75 ( 13.03)	Acc@5  68.75 ( 54.84)
0: Epoch: [0][120/782]	Time  0.087 ( 0.145)	Data  0.000 ( 0.039)	Loss 2.3652e+00 (2.6745e+00)	Acc@1  18.75 ( 13.51)	Acc@5  65.62 ( 55.81)
0: Epoch: [0][130/782]	Time  0.086 ( 0.141)	Data  0.000 ( 0.036)	Loss 2.3908e+00 (2.6403e+00)	Acc@1  21.88 ( 14.17)	Acc@5  62.50 ( 56.89)
0: Epoch: [0][140/782]	Time  0.081 ( 0.137)	Data  0.000 ( 0.034)	Loss 2.6048e+00 (2.6082e+00)	Acc@1  15.62 ( 14.87)	Acc@5  56.25 ( 57.91)
0: Epoch: [0][150/782]	Tim
0: e  0.083 ( 0.133)	Data  0.000 ( 0.032)	Loss 2.3441e+00 (2.5806e+00)	Acc@1  18.75 ( 15.50)	Acc@5  71.88 ( 59.17)
0: Epoch: [0][160/782]	Time  0.087 ( 0.130)	Data  0.000 ( 0.030)	Loss 2.3236e+00 (2.5552e+00)	Acc@1  15.62 ( 15.95)	Acc@5  56.25 ( 60.02)
0: Epoch: [0][170/782]	Time  0.087 ( 0.128)	Data  0.000 ( 0.028)	Loss 2.0794e+00 (2.5276e+00)	Acc@1  28.12 ( 16.52)	Acc@5  75.00 ( 60.91)
0: Epoch: [0][180/782]	Time  0.083 ( 0.125)	Data  0.000 ( 0.027)	Loss 2.6659e+00 (2.5061e+00)	Acc@1   9.38 ( 16.99)	Acc@5  62.50 ( 61.83)
0: Epoch: [0][190/782]	Time  0.088 ( 0.123)	Data  0.000 ( 0.026)	Loss 2.2270e+00 (2.4849e+00)	Acc@1  21.88 ( 17.46)	Acc@5  84.38 ( 62.66)
0: Epoch: [0][200/782]	Time  0.095 ( 0.122)	Data  0.000 ( 0.024)	Loss 2.0378e+00 (2.4688e+00)	Acc@1  28.12 ( 17.83)	Acc@5  75.00 ( 63.26)
0: Epoch: [0][210/782]	Time  0.089 ( 0.120)	Data  0.000 ( 0.023)	Loss 2.4545e+00 (2.4563e+00)	Acc@1  25.00 ( 18.11)	Acc@5  62.50 ( 63.74)
0: Epoch: [0][220/782]	Time  0.089 ( 0.119)	Data  0.000 ( 0.022)	Loss 2.1871e+00 (2.4452e+00)	Acc@1  25.0
0: 0 ( 18.38)	Acc@5  78.12 ( 64.27)
0: Epoch: [0][230/782]	Time  0.089 ( 0.117)	Data  0.000 ( 0.021)	Loss 2.2122e+00 (2.4266e+00)	Acc@1  28.12 ( 18.83)	Acc@5  81.25 ( 65.03)
0: Epoch: [0][240/782]	Time  0.088 ( 0.116)	Data  0.000 ( 0.021)	Loss 1.7934e+00 (2.4157e+00)	Acc@1  37.50 ( 19.02)	Acc@5  87.50 ( 65.55)
0: Epoch: [0][250/782]	Time  0.089 ( 0.115)	Data  0.000 ( 0.020)	Loss 2.0609e+00 (2.4019e+00)	Acc@1  28.12 ( 19.31)	Acc@5  90.62 ( 66.04)
0: Epoch: [0][260/782]	Time  0.086 ( 0.114)	Data  0.000 ( 0.019)	Loss 1.8989e+00 (2.3904e+00)	Acc@1  40.62 ( 19.68)	Acc@5  75.00 ( 66.43)
0: Epoch: [0][270/782]	Time  0.089 ( 0.113)	Data  0.000 ( 0.019)	Loss 2.0797e+00 (2.3794e+00)	Acc@1  25.00 ( 19.97)	Acc@5  90.62 ( 66.82)
0: Epoch: [0][280/782]	Time  0.089 ( 0.112)	Data  0.000 ( 0.018)	Loss 2.0604e+00 (2.3725e+00)	Acc@1  46.88 ( 20.24)	Acc@5  84.38 ( 67.06)
0: Epoch: [0][290/782]	Time  0.090 ( 0.111)	Data  0.000 ( 0.017)	Loss 2.0408e+00 (2.3638e+00)	Acc@1  34.38 ( 20.45)	Acc@5  84.38 ( 67.44)
0: Epoch: [0][300/782]	Time  0.089 ( 0.110)	Data 
0:  0.000 ( 0.017)	Loss 1.9445e+00 (2.3520e+00)	Acc@1  31.25 ( 20.69)	Acc@5  78.12 ( 67.86)
0: Epoch: [0][310/782]	Time  0.083 ( 0.110)	Data  0.000 ( 0.016)	Loss 2.4622e+00 (2.3475e+00)	Acc@1  28.12 ( 20.87)	Acc@5  68.75 ( 68.16)
0: Epoch: [0][320/782]	Time  0.082 ( 0.109)	Data  0.000 ( 0.016)	Loss 1.9935e+00 (2.3387e+00)	Acc@1  25.00 ( 21.09)	Acc@5  84.38 ( 68.57)
0: Epoch: [0][330/782]	Time  0.086 ( 0.108)	Data  0.000 ( 0.016)	Loss 2.6780e+00 (2.3330e+00)	Acc@1  15.62 ( 21.33)	Acc@5  65.62 ( 68.88)
0: Epoch: [0][340/782]	Time  0.083 ( 0.108)	Data  0.000 ( 0.015)	Loss 1.9390e+00 (2.3251e+00)	Acc@1  21.88 ( 21.56)	Acc@5  84.38 ( 69.11)
0: Epoch: [0][350/782]	Time  0.082 ( 0.107)	Data  0.000 ( 0.015)	Loss 1.8406e+00 (2.3203e+00)	Acc@1  34.38 ( 21.71)	Acc@5  81.25 ( 69.28)
0: Epoch: [0][360/782]	Time  0.084 ( 0.106)	Data  0.000 ( 0.014)	Loss 1.6762e+00 (2.3113e+00)	Acc@1  34.38 ( 21.89)	Acc@5  90.62 ( 69.58)
0: Epoch: [0][370/782]	Time  0.086 ( 0.106)	Data  0.000 ( 0.014)	Loss 2.2330e+00 (2.3047e+00)	Acc@1  21.88 ( 22.02)	Acc@5  81.25
0:  ( 69.75)
0: Epoch: [0][380/782]	Time  0.082 ( 0.105)	Data  0.000 ( 0.014)	Loss 2.3608e+00 (2.2988e+00)	Acc@1  15.62 ( 22.10)	Acc@5  68.75 ( 70.01)
0: Epoch: [0][390/782]	Time  0.082 ( 0.105)	Data  0.000 ( 0.013)	Loss 2.3734e+00 (2.2921e+00)	Acc@1  25.00 ( 22.21)	Acc@5  81.25 ( 70.24)
0: Epoch: [0][400/782]	Time  0.082 ( 0.104)	Data  0.000 ( 0.013)	Loss 1.7504e+00 (2.2832e+00)	Acc@1  43.75 ( 22.58)	Acc@5  81.25 ( 70.52)
0: Epoch: [0][410/782]	Time  0.081 ( 0.104)	Data  0.000 ( 0.013)	Loss 2.0047e+00 (2.2776e+00)	Acc@1  34.38 ( 22.76)	Acc@5  78.12 ( 70.74)
0: Epoch: [0][420/782]	Time  0.083 ( 0.103)	Data  0.000 ( 0.013)	Loss 2.0685e+00 (2.2706e+00)	Acc@1  31.25 ( 23.01)	Acc@5  81.25 ( 71.03)
0: Epoch: [0][430/782]	Time  0.082 ( 0.103)	Data  0.000 ( 0.012)	Loss 2.1258e+00 (2.2650e+00)	Acc@1  28.12 ( 23.19)	Acc@5  81.25 ( 71.30)
0: Epoch: [0][440/782]	Time  0.082 ( 0.103)	Data  0.000 ( 0.012)	Loss 2.3642e+00 (2.2598e+00)	Acc@1  15.62 ( 23.33)	Acc@5  65.62 ( 71.48)
0: Epoch: [0][450/782]	Time  0.084 ( 0.102)	Data  0.000 ( 0.012)	Loss 1.
0: 7241e+00 (2.2535e+00)	Acc@1  37.50 ( 23.47)	Acc@5  87.50 ( 71.69)
0: Epoch: [0][460/782]	Time  0.087 ( 0.102)	Data  0.000 ( 0.012)	Loss 1.9177e+00 (2.2456e+00)	Acc@1  25.00 ( 23.64)	Acc@5  87.50 ( 71.92)
0: Epoch: [0][470/782]	Time  0.087 ( 0.101)	Data  0.000 ( 0.011)	Loss 2.2833e+00 (2.2409e+00)	Acc@1  21.88 ( 23.85)	Acc@5  65.62 ( 72.10)
0: Epoch: [0][480/782]	Time  0.085 ( 0.101)	Data  0.000 ( 0.011)	Loss 1.9895e+00 (2.2365e+00)	Acc@1  25.00 ( 23.99)	Acc@5  81.25 ( 72.25)
0: Epoch: [0][490/782]	Time  0.082 ( 0.101)	Data  0.000 ( 0.011)	Loss 1.9057e+00 (2.2296e+00)	Acc@1  31.25 ( 24.19)	Acc@5  84.38 ( 72.43)
0: Epoch: [0][500/782]	Time  0.086 ( 0.100)	Data  0.000 ( 0.011)	Loss 2.2834e+00 (2.2242e+00)	Acc@1  21.88 ( 24.26)	Acc@5  75.00 ( 72.65)
0: Epoch: [0][510/782]	Time  0.086 ( 0.100)	Data  0.000 ( 0.011)	Loss 1.7122e+00 (2.2192e+00)	Acc@1  28.12 ( 24.35)	Acc@5  87.50 ( 72.84)
0: Epoch: [0][520/782]	Time  0.083 ( 0.100)	Data  0.000 ( 0.011)	Loss 1.9269e+00 (2.2149e+00)	Acc@1  25.00 ( 24.46)	Acc@5  90.62 ( 73.01)
0: Epoch: [0][53
0: 0/782]	Time  0.086 ( 0.100)	Data  0.000 ( 0.010)	Loss 2.5786e+00 (2.2127e+00)	Acc@1  21.88 ( 24.51)	Acc@5  59.38 ( 73.09)
0: Epoch: [0][540/782]	Time  0.089 ( 0.099)	Data  0.000 ( 0.010)	Loss 1.9168e+00 (2.2092e+00)	Acc@1  25.00 ( 24.63)	Acc@5  81.25 ( 73.25)
0: Epoch: [0][550/782]	Time  0.084 ( 0.099)	Data  0.000 ( 0.010)	Loss 1.9646e+00 (2.2037e+00)	Acc@1  28.12 ( 24.82)	Acc@5  87.50 ( 73.41)
0: Epoch: [0][560/782]	Time  0.084 ( 0.099)	Data  0.000 ( 0.010)	Loss 1.9896e+00 (2.1994e+00)	Acc@1  34.38 ( 24.92)	Acc@5  75.00 ( 73.57)
0: Epoch: [0][570/782]	Time  0.084 ( 0.099)	Data  0.000 ( 0.010)	Loss 2.0510e+00 (2.1931e+00)	Acc@1  34.38 ( 25.08)	Acc@5  84.38 ( 73.78)
0: Epoch: [0][580/782]	Time  0.086 ( 0.098)	Data  0.000 ( 0.010)	Loss 1.9409e+00 (2.1907e+00)	Acc@1  28.12 ( 25.17)	Acc@5  81.25 ( 73.89)
0: Epoch: [0][590/782]	Time  0.086 ( 0.098)	Data  0.000 ( 0.010)	Loss 1.7287e+00 (2.1848e+00)	Acc@1  37.50 ( 25.26)	Acc@5  84.38 ( 74.05)
0: Epoch: [0][600/782]	Time  0.086 ( 0.098)	Data  0.000 ( 0.009)	Loss 1.9533e+00 (2.1810e+00)	A
0: cc@1  31.25 ( 25.38)	Acc@5  84.38 ( 74.15)
0: Epoch: [0][  0/782]	Time  7.215 ( 7.215)	Data  4.555 ( 4.555)	Loss 7.7382e+00 (7.7382e+00)	Acc@1   0.00 (  0.00)	Acc@5   0.00 (  0.00)
0: Epoch: [0][ 10/782]	Time  0.084 ( 0.734)	Data  0.000 ( 0.414)	Loss 2.4748e+00 (4.8139e+00)	Acc@1  21.88 (  8.81)	Acc@5  56.25 ( 34.66)
0: Epoch: [0][ 20/782]	Time  0.089 ( 0.426)	Data  0.000 ( 0.218)	Loss 2.5374e+00 (3.7372e+00)	Acc@1  18.75 ( 10.27)	Acc@5  62.50 ( 44.64)
0: Epoch: [0][ 30/782]	Time  0.089 ( 0.317)	Data  0.000 ( 0.148)	Loss 2.4761e+00 (3.3589e+00)	Acc@1  12.50 ( 10.79)	Acc@5  50.00 ( 47.48)
0: Epoch: [0][ 40/782]	Time  0.089 ( 0.261)	Data  0.000 ( 0.112)	Loss 2.6195e+00 (3.1668e+00)	Acc@1   6.25 ( 10.82)	Acc@5  62.50 ( 48.86)
0: Epoch: [0][ 50/782]	Time  0.088 ( 0.226)	Data  0.000 ( 0.091)	Loss 2.4739e+00 (3.0267e+00)	Acc@1  12.50 ( 10.97)	Acc@5  65.62 ( 50.55)
0: Epoch: [0][ 60/782]	Time  0.086 ( 0.203)	Data  0.000 ( 0.076)	Loss 2.3211e+00 (2.9178e+00)	Acc@1  28.12 ( 11.89)	Acc@5  56.25 ( 51.90)
0: Epoch: [0][ 70/782]	Time  0.081 ( 0.187)	Data  0.000 ( 0.065)	Loss 2.6371e+00 (
0: 2.8505e+00)	Acc@1   9.38 ( 12.59)	Acc@5  56.25 ( 52.77)
0: Epoch: [0][ 80/782]	Time  0.084 ( 0.174)	Data  0.000 ( 0.058)	Loss 2.4999e+00 (2.7980e+00)	Acc@1  18.75 ( 12.77)	Acc@5  59.38 ( 54.01)
0: Epoch: [0][ 90/782]	Time  0.092 ( 0.165)	Data  0.000 ( 0.051)	Loss 2.4099e+00 (2.7478e+00)	Acc@1  18.75 ( 13.15)	Acc@5  56.25 ( 55.01)
0: Epoch: [0][100/782]	Time  0.082 ( 0.157)	Data  0.000 ( 0.046)	Loss 2.2896e+00 (2.7047e+00)	Acc@1  25.00 ( 13.40)	Acc@5  59.38 ( 55.79)
0: Epoch: [0][110/782]	Time  0.085 ( 0.150)	Data  0.000 ( 0.042)	Loss 2.1654e+00 (2.6696e+00)	Acc@1  21.88 ( 13.91)	Acc@5  68.75 ( 56.78)
0: Epoch: [0][120/782]	Time  0.088 ( 0.145)	Data  0.000 ( 0.039)	Loss 2.3919e+00 (2.6443e+00)	Acc@1  12.50 ( 14.08)	Acc@5  62.50 ( 57.31)
0: Epoch: [0][130/782]	Time  0.088 ( 0.140)	Data  0.000 ( 0.036)	Loss 2.0523e+00 (2.6108e+00)	Acc@1  25.00 ( 14.55)	Acc@5  81.25 ( 58.44)
0: Epoch: [0][140/782]	Time  0.089 ( 0.137)	Data  0.000 ( 0.034)	Loss 2.1552e+00 (2.5773e+00)	Acc@1  21.88 ( 15.05)	Acc@5  84.38 ( 59.73)
0: Epoch: [0][150/782]	Tim
0: e  0.082 ( 0.133)	Data  0.000 ( 0.032)	Loss 2.4205e+00 (2.5549e+00)	Acc@1  25.00 ( 15.71)	Acc@5  59.38 ( 60.62)
0: Epoch: [0][160/782]	Time  0.088 ( 0.130)	Data  0.000 ( 0.030)	Loss 2.2046e+00 (2.5283e+00)	Acc@1  28.12 ( 16.25)	Acc@5  84.38 ( 61.67)
0: Epoch: [0][170/782]	Time  0.088 ( 0.128)	Data  0.000 ( 0.028)	Loss 2.0285e+00 (2.5076e+00)	Acc@1  15.62 ( 16.54)	Acc@5  78.12 ( 62.59)
0: Epoch: [0][180/782]	Time  0.084 ( 0.125)	Data  0.000 ( 0.027)	Loss 2.2893e+00 (2.4873e+00)	Acc@1  28.12 ( 16.99)	Acc@5  68.75 ( 63.40)
0: Epoch: [0][190/782]	Time  0.089 ( 0.123)	Data  0.000 ( 0.025)	Loss 2.4662e+00 (2.4740e+00)	Acc@1  21.88 ( 17.29)	Acc@5  65.62 ( 63.83)
0: Epoch: [0][200/782]	Time  0.089 ( 0.122)	Data  0.000 ( 0.024)	Loss 2.2797e+00 (2.4604e+00)	Acc@1  25.00 ( 17.52)	Acc@5  68.75 ( 64.32)
0: Epoch: [0][210/782]	Time  0.089 ( 0.120)	Data  0.000 ( 0.023)	Loss 2.0128e+00 (2.4467e+00)	Acc@1  31.25 ( 17.82)	Acc@5  75.00 ( 64.87)
0: Epoch: [0][220/782]	Time  0.089 ( 0.119)	Data  0.000 ( 0.022)	Loss 2.4098e+00 (2.4333e+00)	Acc@1   6.2
0: 5 ( 18.01)	Acc@5  81.25 ( 65.50)
0: Epoch: [0][230/782]	Time  0.089 ( 0.117)	Data  0.000 ( 0.021)	Loss 1.9832e+00 (2.4252e+00)	Acc@1  34.38 ( 18.43)	Acc@5  78.12 ( 65.81)
0: Epoch: [0][240/782]	Time  0.090 ( 0.116)	Data  0.000 ( 0.020)	Loss 2.1813e+00 (2.4112e+00)	Acc@1  28.12 ( 18.88)	Acc@5  75.00 ( 66.30)
0: Epoch: [0][250/782]	Time  0.088 ( 0.115)	Data  0.000 ( 0.020)	Loss 2.3813e+00 (2.4054e+00)	Acc@1  18.75 ( 18.89)	Acc@5  68.75 ( 66.47)
0: Epoch: [0][260/782]	Time  0.082 ( 0.114)	Data  0.000 ( 0.019)	Loss 2.3484e+00 (2.3951e+00)	Acc@1  25.00 ( 19.18)	Acc@5  81.25 ( 66.91)
0: Epoch: [0][270/782]	Time  0.089 ( 0.113)	Data  0.000 ( 0.018)	Loss 1.9340e+00 (2.3848e+00)	Acc@1  34.38 ( 19.45)	Acc@5  68.75 ( 67.22)
0: Epoch: [0][280/782]	Time  0.089 ( 0.112)	Data  0.000 ( 0.018)	Loss 2.2089e+00 (2.3752e+00)	Acc@1  18.75 ( 19.68)	Acc@5  75.00 ( 67.63)
0: Epoch: [0][290/782]	Time  0.090 ( 0.111)	Data  0.000 ( 0.017)	Loss 1.9897e+00 (2.3679e+00)	Acc@1  43.75 ( 19.91)	Acc@5  71.88 ( 67.97)
0: Epoch: [0][300/782]	Time  0.089 ( 0.110)	Data 
0:  0.000 ( 0.017)	Loss 2.2822e+00 (2.3608e+00)	Acc@1  21.88 ( 20.04)	Acc@5  71.88 ( 68.23)
0: Epoch: [0][310/782]	Time  0.082 ( 0.110)	Data  0.000 ( 0.016)	Loss 2.0893e+00 (2.3543e+00)	Acc@1  28.12 ( 20.29)	Acc@5  65.62 ( 68.38)
0: Epoch: [0][320/782]	Time  0.089 ( 0.109)	Data  0.000 ( 0.016)	Loss 2.0073e+00 (2.3450e+00)	Acc@1  34.38 ( 20.49)	Acc@5  75.00 ( 68.62)
0: Epoch: [0][330/782]	Time  0.082 ( 0.108)	Data  0.000 ( 0.015)	Loss 2.4296e+00 (2.3418e+00)	Acc@1  28.12 ( 20.63)	Acc@5  75.00 ( 68.70)
0: Epoch: [0][340/782]	Time  0.082 ( 0.108)	Data  0.000 ( 0.015)	Loss 1.6694e+00 (2.3330e+00)	Acc@1  43.75 ( 20.97)	Acc@5  87.50 ( 69.00)
0: Epoch: [0][350/782]	Time  0.082 ( 0.107)	Data  0.000 ( 0.014)	Loss 2.0858e+00 (2.3266e+00)	Acc@1  28.12 ( 21.10)	Acc@5  68.75 ( 69.15)
0: Epoch: [0][360/782]	Time  0.089 ( 0.106)	Data  0.000 ( 0.014)	Loss 2.2083e+00 (2.3162e+00)	Acc@1  25.00 ( 21.44)	Acc@5  71.88 ( 69.44)
0: Epoch: [0][370/782]	Time  0.082 ( 0.106)	Data  0.000 ( 0.014)	Loss 2.1452e+00 (2.3100e+00)	Acc@1  34.38 ( 21.66)	Acc@5  75.00
0:  ( 69.66)
0: Epoch: [0][380/782]	Time  0.081 ( 0.105)	Data  0.000 ( 0.013)	Loss 1.9884e+00 (2.3040e+00)	Acc@1  31.25 ( 21.78)	Acc@5  71.88 ( 69.86)
0: Epoch: [0][390/782]	Time  0.082 ( 0.105)	Data  0.000 ( 0.013)	Loss 1.9860e+00 (2.3017e+00)	Acc@1  37.50 ( 21.84)	Acc@5  81.25 ( 69.96)
0: Epoch: [0][400/782]	Time  0.083 ( 0.104)	Data  0.000 ( 0.013)	Loss 1.9401e+00 (2.2960e+00)	Acc@1  31.25 ( 22.03)	Acc@5  81.25 ( 70.19)
0: Epoch: [0][410/782]	Time  0.082 ( 0.104)	Data  0.000 ( 0.013)	Loss 1.9852e+00 (2.2890e+00)	Acc@1  25.00 ( 22.22)	Acc@5  84.38 ( 70.46)
0: Epoch: [0][420/782]	Time  0.082 ( 0.103)	Data  0.000 ( 0.012)	Loss 1.9561e+00 (2.2815e+00)	Acc@1  28.12 ( 22.45)	Acc@5  78.12 ( 70.77)
0: Epoch: [0][430/782]	Time  0.082 ( 0.103)	Data  0.000 ( 0.012)	Loss 2.0909e+00 (2.2780e+00)	Acc@1  21.88 ( 22.58)	Acc@5  84.38 ( 70.95)
0: Epoch: [0][440/782]	Time  0.082 ( 0.102)	Data  0.000 ( 0.012)	Loss 2.0312e+00 (2.2697e+00)	Acc@1  37.50 ( 22.82)	Acc@5  81.25 ( 71.18)
0: Epoch: [0][450/782]	Time  0.089 ( 0.102)	Data  0.000 ( 0.012)	Loss 2.
0: 0654e+00 (2.2627e+00)	Acc@1  31.25 ( 23.01)	Acc@5  78.12 ( 71.41)
0: Epoch: [0][460/782]	Time  0.089 ( 0.102)	Data  0.000 ( 0.011)	Loss 1.8448e+00 (2.2546e+00)	Acc@1  40.62 ( 23.29)	Acc@5  84.38 ( 71.70)
0: Epoch: [0][470/782]	Time  0.094 ( 0.101)	Data  0.000 ( 0.011)	Loss 1.9373e+00 (2.2499e+00)	Acc@1  21.88 ( 23.45)	Acc@5  84.38 ( 71.88)
0: Epoch: [0][480/782]	Time  0.078 ( 0.101)	Data  0.000 ( 0.011)	Loss 2.2860e+00 (2.2463e+00)	Acc@1  15.62 ( 23.53)	Acc@5  81.25 ( 72.02)
0: Epoch: [0][490/782]	Time  0.081 ( 0.101)	Data  0.000 ( 0.011)	Loss 2.1432e+00 (2.2413e+00)	Acc@1  37.50 ( 23.75)	Acc@5  78.12 ( 72.19)
0: Epoch: [0][500/782]	Time  0.088 ( 0.100)	Data  0.000 ( 0.011)	Loss 1.8802e+00 (2.2345e+00)	Acc@1  40.62 ( 23.96)	Acc@5  71.88 ( 72.36)
0: Epoch: [0][510/782]	Time  0.081 ( 0.100)	Data  0.000 ( 0.010)	Loss 1.7007e+00 (2.2288e+00)	Acc@1  34.38 ( 24.09)	Acc@5  87.50 ( 72.55)
0: Epoch: [0][520/782]	Time  0.081 ( 0.100)	Data  0.000 ( 0.010)	Loss 1.6860e+00 (2.2243e+00)	Acc@1  40.62 ( 24.21)	Acc@5  93.75 ( 72.74)
0: Epoch: [0][53
0: 0/782]	Time  0.088 ( 0.099)	Data  0.000 ( 0.010)	Loss 1.8102e+00 (2.2191e+00)	Acc@1  34.38 ( 24.35)	Acc@5  93.75 ( 72.91)
0: Epoch: [0][540/782]	Time  0.089 ( 0.099)	Data  0.000 ( 0.010)	Loss 2.0061e+00 (2.2169e+00)	Acc@1  25.00 ( 24.43)	Acc@5  81.25 ( 73.00)
0: Epoch: [0][550/782]	Time  0.087 ( 0.099)	Data  0.000 ( 0.010)	Loss 1.9563e+00 (2.2114e+00)	Acc@1  37.50 ( 24.61)	Acc@5  81.25 ( 73.18)
0: Epoch: [0][560/782]	Time  0.083 ( 0.099)	Data  0.000 ( 0.010)	Loss 1.6428e+00 (2.2059e+00)	Acc@1  46.88 ( 24.83)	Acc@5  84.38 ( 73.28)
0: Epoch: [0][570/782]	Time  0.088 ( 0.099)	Data  0.000 ( 0.009)	Loss 1.6970e+00 (2.1997e+00)	Acc@1  40.62 ( 24.99)	Acc@5  87.50 ( 73.47)
0: Epoch: [0][580/782]	Time  0.086 ( 0.098)	Data  0.000 ( 0.009)	Loss 1.9191e+00 (2.1928e+00)	Acc@1  31.25 ( 25.23)	Acc@5  81.25 ( 73.66)
0: Epoch: [0][590/782]	Time  0.087 ( 0.098)	Data  0.000 ( 0.009)	Loss 1.8396e+00 (2.1884e+00)	Acc@1  31.25 ( 25.36)	Acc@5  84.38 ( 73.86)
0: Epoch: [0][600/782]	Time  0.087 ( 0.098)	Data  0.000 ( 0.009)	Loss 1.9949e+00 (2.1853e+00)	A
0: cc@1  34.38 ( 25.38)	Acc@5  75.00 ( 73.95)
0: 
0: Epoch: [0][610/782]	Time  0.086 ( 0.098)	Data  0.000 ( 0.009)	Loss 1.6940e+00 (2.1759e+00)	Acc@1  34.38 ( 25.47)	Acc@5  90.62 ( 74.32)
0: Epoch: [0][620/782]	Time  0.086 ( 0.097)	Data  0.000 ( 0.009)	Loss 1.6896e+00 (2.1702e+00)	Acc@1  40.62 ( 25.64)	Acc@5  87.50 ( 74.46)
0: Epoch: [0][630/782]	Time  0.087 ( 0.097)	Data  0.000 ( 0.009)	Loss 1.8284e+00 (2.1648e+00)	Acc@1  37.50 ( 25.81)	Acc@5  90.62 ( 74.60)
0: Epoch: [0][640/782]	Time  0.087 ( 0.097)	Data  0.000 ( 0.009)	Loss 2.1414e+00 (2.1622e+00)	Acc@1  28.12 ( 25.94)	Acc@5  81.25 ( 74.70)
0: Epoch: [0][650/782]	Time  0.088 ( 0.097)	Data  0.000 ( 0.009)	Loss 1.8614e+00 (2.1584e+00)	Acc@1  28.12 ( 26.00)	Acc@5  87.50 ( 74.89)
0: Epoch: [0][660/782]	Time  0.089 ( 0.097)	Data  0.000 ( 0.009)	Loss 2.0314e+00 (2.1547e+00)	Acc@1  25.00 ( 26.09)	Acc@5  87.50 ( 75.04)
0: Epoch: [0][670/782]	Time  0.084 ( 0.097)	Data  0.000 ( 0.009)	Loss 1.7505e+00 (2.1507e+00)	Acc@1  28.12 ( 26.15)	Acc@5  84.38 ( 75.17)
0: Epoch: [0][680/782]	Time  0.082 ( 0.096)	Data  0.000 ( 0.009)	Loss 1.6036e+00 
0: (2.1467e+00)	Acc@1  40.62 ( 26.32)	Acc@5  87.50 ( 75.32)
0: Epoch: [0][690/782]	Time  0.082 ( 0.096)	Data  0.000 ( 0.008)	Loss 1.9841e+00 (2.1416e+00)	Acc@1  28.12 ( 26.45)	Acc@5  84.38 ( 75.48)
0: Epoch: [0][700/782]	Time  0.081 ( 0.096)	Data  0.000 ( 0.008)	Loss 2.1493e+00 (2.1381e+00)	Acc@1  25.00 ( 26.54)	Acc@5  84.38 ( 75.62)
0: Epoch: [0][710/782]	Time  0.086 ( 0.096)	Data  0.000 ( 0.008)	Loss 2.0735e+00 (2.1350e+00)	Acc@1  50.00 ( 26.67)	Acc@5  81.25 ( 75.74)
0: Epoch: [0][720/782]	Time  0.085 ( 0.096)	Data  0.000 ( 0.008)	Loss 2.2756e+00 (2.1317e+00)	Acc@1  28.12 ( 26.78)	Acc@5  87.50 ( 75.86)
0: Epoch: [0][730/782]	Time  0.086 ( 0.096)	Data  0.000 ( 0.008)	Loss 1.7401e+00 (2.1292e+00)	Acc@1  31.25 ( 26.82)	Acc@5  84.38 ( 75.98)
0: Epoch: [0][740/782]	Time  0.085 ( 0.095)	Data  0.000 ( 0.008)	Loss 1.7025e+00 (2.1255e+00)	Acc@1  31.25 ( 26.94)	Acc@5  90.62 ( 76.11)
0: Epoch: [0][750/782]	Time  0.081 ( 0.095)	Data  0.000 ( 0.008)	Loss 1.7578e+00 (2.1227e+00)	Acc@1  31.25 ( 27.01)	Acc@5  87.50 ( 76.21)
0: Epoch: [0][760/782]	Ti
0: me  0.086 ( 0.095)	Data  0.000 ( 0.008)	Loss 1.9103e+00 (2.1190e+00)	Acc@1  40.62 ( 27.20)	Acc@5  81.25 ( 76.35)
0: Epoch: [0][770/782]	Time  0.086 ( 0.095)	Data  0.000 ( 0.008)	Loss 1.9225e+00 (2.1163e+00)	Acc@1  28.12 ( 27.31)	Acc@5  81.25 ( 76.46)
0: Epoch: [0][780/782]	Time  0.086 ( 0.095)	Data  0.000 ( 0.008)	Loss 1.6855e+00 (2.1134e+00)	Acc@1  43.75 ( 27.39)	Acc@5  90.62 ( 76.56)
0: 
0: Epoch: [0][610/782]	Time  0.086 ( 0.098)	Data  0.000 ( 0.009)	Loss 1.7349e+00 (2.1797e+00)	Acc@1  40.62 ( 25.52)	Acc@5  93.75 ( 74.14)
0: Epoch: [0][620/782]	Time  0.086 ( 0.097)	Data  0.000 ( 0.009)	Loss 1.8903e+00 (2.1743e+00)	Acc@1  25.00 ( 25.61)	Acc@5  81.25 ( 74.35)
0: Epoch: [0][630/782]	Time  0.087 ( 0.097)	Data  0.000 ( 0.009)	Loss 1.7651e+00 (2.1696e+00)	Acc@1  25.00 ( 25.67)	Acc@5  90.62 ( 74.52)
0: Epoch: [0][640/782]	Time  0.087 ( 0.097)	Data  0.000 ( 0.009)	Loss 1.6039e+00 (2.1644e+00)	Acc@1  43.75 ( 25.80)	Acc@5  93.75 ( 74.68)
0: Epoch: [0][650/782]	Time  0.088 ( 0.097)	Data  0.000 ( 0.008)	Loss 2.0566e+00 (2.1590e+00)	Acc@1  25.00 ( 25.99)	Acc@5  71.88 ( 74.81)
0: Epoch: [0][660/782]	Time  0.088 ( 0.097)	Data  0.000 ( 0.008)	Loss 1.6026e+00 (2.1542e+00)	Acc@1  46.88 ( 26.12)	Acc@5  96.88 ( 75.02)
0: Epoch: [0][670/782]	Time  0.084 ( 0.097)	Data  0.000 ( 0.008)	Loss 1.6855e+00 (2.1502e+00)	Acc@1  46.88 ( 26.22)	Acc@5  90.62 ( 75.17)
0: Epoch: [0][680/782]	Time  0.083 ( 0.096)	Data  0.000 ( 0.008)	Loss 1.5652e+00 
0: (2.1474e+00)	Acc@1  37.50 ( 26.29)	Acc@5  93.75 ( 75.30)
0: Epoch: [0][690/782]	Time  0.082 ( 0.096)	Data  0.000 ( 0.008)	Loss 2.0417e+00 (2.1421e+00)	Acc@1  28.12 ( 26.41)	Acc@5  81.25 ( 75.40)
0: Epoch: [0][700/782]	Time  0.081 ( 0.096)	Data  0.000 ( 0.008)	Loss 2.1329e+00 (2.1395e+00)	Acc@1  18.75 ( 26.44)	Acc@5  87.50 ( 75.54)
0: Epoch: [0][710/782]	Time  0.070 ( 0.096)	Data  0.000 ( 0.008)	Loss 1.5554e+00 (2.1351e+00)	Acc@1  46.88 ( 26.55)	Acc@5  84.38 ( 75.63)
0: Epoch: [0][720/782]	Time  0.085 ( 0.096)	Data  0.000 ( 0.008)	Loss 2.0000e+00 (2.1315e+00)	Acc@1  34.38 ( 26.72)	Acc@5  87.50 ( 75.76)
0: Epoch: [0][730/782]	Time  0.086 ( 0.096)	Data  0.000 ( 0.008)	Loss 2.0860e+00 (2.1277e+00)	Acc@1  21.88 ( 26.83)	Acc@5  87.50 ( 75.89)
0: Epoch: [0][740/782]	Time  0.086 ( 0.095)	Data  0.000 ( 0.008)	Loss 1.3578e+00 (2.1236e+00)	Acc@1  59.38 ( 26.94)	Acc@5  90.62 ( 76.02)
0: Epoch: [0][750/782]	Time  0.081 ( 0.095)	Data  0.000 ( 0.008)	Loss 1.7247e+00 (2.1184e+00)	Acc@1  46.88 ( 27.10)	Acc@5  84.38 ( 76.18)
0: Epoch: [0][760/782]	Ti
0: me  0.081 ( 0.095)	Data  0.000 ( 0.007)	Loss 1.9012e+00 (2.1159e+00)	Acc@1  43.75 ( 27.18)	Acc@5  90.62 ( 76.29)
0: Epoch: [0][770/782]	Time  0.085 ( 0.095)	Data  0.000 ( 0.007)	Loss 1.6789e+00 (2.1127e+00)	Acc@1  34.38 ( 27.32)	Acc@5  90.62 ( 76.41)
0: Epoch: [0][780/782]	Time  0.082 ( 0.095)	Data  0.000 ( 0.007)	Loss 2.0730e+00 (2.1113e+00)	Acc@1  28.12 ( 27.36)	Acc@5  78.12 ( 76.51)
0: Test: [  0/313]	Time  2.366 ( 2.366)	Loss 1.4599e+00 (1.4599e+00)	Acc@1  50.00 ( 50.00)	Acc@5  93.75 ( 93.75)
0: Test: [ 10/313]	Time  0.019 ( 0.232)	Loss 1.9255e+00 (1.7992e+00)	Acc@1  34.38 ( 37.22)	Acc@5  84.38 ( 85.23)
0: Test: [ 20/313]	Time  0.019 ( 0.131)	Loss 1.7613e+00 (1.7551e+00)	Acc@1  53.12 ( 38.99)	Acc@5  93.75 ( 86.31)
0: Test: [ 30/313]	Time  0.019 ( 0.095)	Loss 1.6179e+00 (1.8185e+00)	Acc@1  37.50 ( 37.20)	Acc@5  90.62 ( 85.79)
0: Test: [ 40/313]	Time  0.019 ( 0.076)	Loss 2.0753e+00 (1.8510e+00)	Acc@1  31.25 ( 37.20)	Acc@5  87.50 ( 85.59)
0: Test: [ 50/313]	Time  0.019 ( 0.065)	Loss 1.8973e+00 (1.8414e+00)	Acc@1  25.00 ( 37.01)	Acc@5  78.12 ( 85.23)
0: Test: [ 60/313]	Time  0.019 ( 0.057)	Loss 2.0175e+00 (1.8332e+00)	Acc@1  28.12 ( 37.24)	Acc@5  84.38 ( 85.35)
0: Test: [ 70/313]	Time  0.019 ( 0.052)	Loss 1.7313e+00 (1.8216e+00)	Acc@1  43.75 ( 37.28)	Acc@5  81.25 ( 85.74)
0: Test: [ 80/313]	Time  0.019 ( 0.048)	Loss 1.6702e+00 (1.8167e+00)	Acc@1  40.62 ( 37.23)	Acc@5  87.50 ( 85.84)
0: Test: [ 90/313]	Time  0.019 ( 0.04
0: 5)	Loss 2.2838e+00 (1.8201e+00)	Acc@1  31.25 ( 37.29)	Acc@5  84.38 ( 85.89)
0: Test: [100/313]	Time  0.019 ( 0.042)	Loss 1.9865e+00 (1.8201e+00)	Acc@1  34.38 ( 37.47)	Acc@5  78.12 ( 85.80)
0: Test: [110/313]	Time  0.019 ( 0.040)	Loss 1.7076e+00 (1.8229e+00)	Acc@1  43.75 ( 37.33)	Acc@5  87.50 ( 85.84)
0: Test: [120/313]	Time  0.019 ( 0.038)	Loss 1.9733e+00 (1.8192e+00)	Acc@1  31.25 ( 37.42)	Acc@5  90.62 ( 86.00)
0: Test: [130/313]	Time  0.019 ( 0.037)	Loss 1.8881e+00 (1.8183e+00)	Acc@1  31.25 ( 37.29)	Acc@5  78.12 ( 85.93)
0: Test: [140/313]	Time  0.019 ( 0.036)	Loss 1.4725e+00 (1.8170e+00)	Acc@1  46.88 ( 37.43)	Acc@5  93.75 ( 86.04)
0: Test: [150/313]	Time  0.019 ( 0.034)	Loss 1.7255e+00 (1.8129e+00)	Acc@1  31.25 ( 37.33)	Acc@5  81.25 ( 86.13)
0: Test: [160/313]	Time  0.019 ( 0.033)	Loss 1.5000e+00 (1.8059e+00)	Acc@1  43.75 ( 37.38)	Acc@5  90.62 ( 86.32)
0: Test: [170/313]	Time  0.019 ( 0.033)	Loss 1.7969e+00 (1.8099e+00)	Acc@1  50.00 ( 37.24)	Acc@5  84.38 ( 86.35)
0: Test: [180/313]	Time  0.019 ( 0.032)	Loss 1.5940e+00 (1.8123e+00)	Ac
0: c@1  40.62 ( 37.12)	Acc@5  93.75 ( 86.36)
0: Test: [190/313]	Time  0.019 ( 0.031)	Loss 1.6374e+00 (1.8064e+00)	Acc@1  40.62 ( 37.24)	Acc@5  87.50 ( 86.42)
0: Test: [200/313]	Time  0.019 ( 0.031)	Loss 1.7921e+00 (1.8073e+00)	Acc@1  37.50 ( 37.25)	Acc@5  87.50 ( 86.35)
0: Test: [210/313]	Time  0.019 ( 0.030)	Loss 1.8644e+00 (1.8070e+00)	Acc@1  37.50 ( 37.40)	Acc@5  87.50 ( 86.37)
0: Test: [220/313]	Time  0.019 ( 0.030)	Loss 1.7432e+00 (1.8079e+00)	Acc@1  40.62 ( 37.36)	Acc@5  84.38 ( 86.37)
0: Test: [230/313]	Time  0.019 ( 0.029)	Loss 1.7746e+00 (1.8038e+00)	Acc@1  46.88 ( 37.38)	Acc@5  81.25 ( 86.49)
0: Test: [240/313]	Time  0.019 ( 0.029)	Loss 1.5947e+00 (1.8106e+00)	Acc@1  40.62 ( 37.38)	Acc@5  87.50 ( 86.40)
0: Test: [250/313]	Time  0.019 ( 0.028)	Loss 1.7855e+00 (1.8104e+00)	Acc@1  28.12 ( 37.39)	Acc@5  90.62 ( 86.45)
0: Test: [260/313]	Time  0.019 ( 0.028)	Loss 1.8550e+00 (1.8140e+00)	Acc@1  31.25 ( 37.31)	Acc@5  78.12 ( 86.29)
0: Test: [270/313]	Time  0.019 ( 0.028)	Loss 1.9394e+00 (1.8162e+00)	Acc@1  31.25 ( 37.23)	Acc@5  84.38 (
0:  86.28)
0: Test: [280/313]	Time  0.019 ( 0.027)	Loss 1.8278e+00 (1.8175e+00)	Acc@1  34.38 ( 37.27)	Acc@5  84.38 ( 86.28)
0: Test: [290/313]	Time  0.019 ( 0.027)	Loss 1.9168e+00 (1.8159e+00)	Acc@1  31.25 ( 37.27)	Acc@5  81.25 ( 86.29)
0: Test: [300/313]	Time  0.019 ( 0.027)	Loss 1.6108e+00 (1.8149e+00)	Acc@1  46.88 ( 37.38)	Acc@5  84.38 ( 86.21)
0: Test: [310/313]	Time  0.019 ( 0.026)	Loss 1.7765e+00 (1.8175e+00)	Acc@1  43.75 ( 37.21)	Acc@5  78.12 ( 86.13)
0:  * Acc@1 37.210 Acc@5 86.140
0: Epoch 0/3 - 84.943s
0: Test: [  0/313]	Time  2.369 ( 2.369)	Loss 1.4599e+00 (1.4599e+00)	Acc@1  50.00 ( 50.00)	Acc@5  93.75 ( 93.75)
0: Test: [ 10/313]	Time  0.019 ( 0.233)	Loss 1.9255e+00 (1.7992e+00)	Acc@1  34.38 ( 37.22)	Acc@5  84.38 ( 85.23)
0: Test: [ 20/313]	Time  0.019 ( 0.131)	Loss 1.7613e+00 (1.7551e+00)	Acc@1  53.12 ( 38.99)	Acc@5  93.75 ( 86.31)
0: Test: [ 30/313]	Time  0.019 ( 0.095)	Loss 1.6179e+00 (1.8185e+00)	Acc@1  37.50 ( 37.20)	Acc@5  90.62 ( 85.79)
0: Test: [ 40/313]	Time  0.019 ( 0.076)	Loss 2.0753e+00 (1.8510e+00)	Acc@1  31.25 ( 37.20)	Acc@5  87.50 ( 85.59)
0: Test: [ 50/313]	Time  0.020 ( 0.065)	Loss 1.8973e+00 (1.8414e+00)	Acc@1  25.00 ( 37.01)	Acc@5  78.12 ( 85.23)
0: Test: [ 60/313]	Time  0.019 ( 0.058)	Loss 2.0175e+00 (1.8332e+00)	Acc@1  28.12 ( 37.24)	Acc@5  84.38 ( 85.35)
0: Test: [ 70/313]	Time  0.020 ( 0.052)	Loss 1.7313e+00 (1.8216e+00)	Acc@1  43.75 ( 37.28)	Acc@5  81.25 ( 85.74)
0: Test: [ 80/313]	Time  0.019 ( 0.048)	Loss 1.6702e+00 (1.8167e+00)	Acc@1  40.62 ( 37.23)	Acc@5  87.50 ( 85.84)
0: Test: [ 90/313]	Time  0.019 ( 0.04
0: 5)	Loss 2.2838e+00 (1.8201e+00)	Acc@1  31.25 ( 37.29)	Acc@5  84.38 ( 85.89)
0: Test: [100/313]	Time  0.020 ( 0.043)	Loss 1.9865e+00 (1.8201e+00)	Acc@1  34.38 ( 37.47)	Acc@5  78.12 ( 85.80)
0: Test: [110/313]	Time  0.019 ( 0.040)	Loss 1.7076e+00 (1.8229e+00)	Acc@1  43.75 ( 37.33)	Acc@5  87.50 ( 85.84)
0: Test: [120/313]	Time  0.019 ( 0.039)	Loss 1.9733e+00 (1.8192e+00)	Acc@1  31.25 ( 37.42)	Acc@5  90.62 ( 86.00)
0: Test: [130/313]	Time  0.019 ( 0.037)	Loss 1.8881e+00 (1.8183e+00)	Acc@1  31.25 ( 37.29)	Acc@5  78.12 ( 85.93)
0: Test: [140/313]	Time  0.019 ( 0.036)	Loss 1.4725e+00 (1.8170e+00)	Acc@1  46.88 ( 37.43)	Acc@5  93.75 ( 86.04)
0: Test: [150/313]	Time  0.019 ( 0.035)	Loss 1.7255e+00 (1.8129e+00)	Acc@1  31.25 ( 37.33)	Acc@5  81.25 ( 86.13)
0: Test: [160/313]	Time  0.019 ( 0.034)	Loss 1.5000e+00 (1.8059e+00)	Acc@1  43.75 ( 37.38)	Acc@5  90.62 ( 86.32)
0: Test: [170/313]	Time  0.019 ( 0.033)	Loss 1.7969e+00 (1.8099e+00)	Acc@1  50.00 ( 37.24)	Acc@5  84.38 ( 86.35)
0: Test: [180/313]	Time  0.019 ( 0.032)	Loss 1.5940e+00 (1.8123e+00)	Ac
0: c@1  40.62 ( 37.12)	Acc@5  93.75 ( 86.36)
0: Test: [190/313]	Time  0.019 ( 0.031)	Loss 1.6374e+00 (1.8064e+00)	Acc@1  40.62 ( 37.24)	Acc@5  87.50 ( 86.42)
0: Test: [200/313]	Time  0.020 ( 0.031)	Loss 1.7921e+00 (1.8073e+00)	Acc@1  37.50 ( 37.25)	Acc@5  87.50 ( 86.35)
0: Test: [210/313]	Time  0.019 ( 0.030)	Loss 1.8644e+00 (1.8070e+00)	Acc@1  37.50 ( 37.40)	Acc@5  87.50 ( 86.37)
0: Test: [220/313]	Time  0.019 ( 0.030)	Loss 1.7432e+00 (1.8079e+00)	Acc@1  40.62 ( 37.36)	Acc@5  84.38 ( 86.37)
0: Test: [230/313]	Time  0.019 ( 0.029)	Loss 1.7746e+00 (1.8038e+00)	Acc@1  46.88 ( 37.38)	Acc@5  81.25 ( 86.49)
0: Test: [240/313]	Time  0.019 ( 0.029)	Loss 1.5947e+00 (1.8106e+00)	Acc@1  40.62 ( 37.38)	Acc@5  87.50 ( 86.40)
0: Test: [250/313]	Time  0.019 ( 0.029)	Loss 1.7855e+00 (1.8104e+00)	Acc@1  28.12 ( 37.39)	Acc@5  90.62 ( 86.45)
0: Test: [260/313]	Time  0.019 ( 0.028)	Loss 1.8550e+00 (1.8140e+00)	Acc@1  31.25 ( 37.31)	Acc@5  78.12 ( 86.29)
0: Test: [270/313]	Time  0.019 ( 0.028)	Loss 1.9394e+00 (1.8162e+00)	Acc@1  31.25 ( 37.23)	Acc@5  84.38 (
0:  86.28)
0: Test: [280/313]	Time  0.019 ( 0.028)	Loss 1.8278e+00 (1.8175e+00)	Acc@1  34.38 ( 37.27)	Acc@5  84.38 ( 86.28)
0: Test: [290/313]	Time  0.021 ( 0.027)	Loss 1.9168e+00 (1.8159e+00)	Acc@1  31.25 ( 37.27)	Acc@5  81.25 ( 86.29)
0: Test: [300/313]	Time  0.019 ( 0.027)	Loss 1.6108e+00 (1.8149e+00)	Acc@1  46.88 ( 37.38)	Acc@5  84.38 ( 86.21)
0: Test: [310/313]	Time  0.019 ( 0.027)	Loss 1.7765e+00 (1.8175e+00)	Acc@1  43.75 ( 37.21)	Acc@5  78.12 ( 86.13)
0:  * Acc@1 37.210 Acc@5 86.140
0: Epoch 0/3 - 85.041s
0: Epoch: [1][  0/782]	Time  4.575 ( 4.575)	Data  4.485 ( 4.485)	Loss 2.0893e+00 (2.0893e+00)	Acc@1  28.12 ( 28.12)	Acc@5  68.75 ( 68.75)
0: Epoch: [1][ 10/782]	Time  0.086 ( 0.493)	Data  0.000 ( 0.409)	Loss 1.8365e+00 (1.9577e+00)	Acc@1  21.88 ( 27.56)	Acc@5  90.62 ( 83.52)
0: Epoch: [1][ 20/782]	Time  0.088 ( 0.299)	Data  0.000 ( 0.215)	Loss 1.8916e+00 (1.9293e+00)	Acc@1  34.38 ( 30.36)	Acc@5  87.50 ( 82.89)
0: Epoch: [1][ 30/782]	Time  0.089 ( 0.231)	Data  0.000 ( 0.146)	Loss 2.2546e+00 (1.8916e+00)	Acc@1  21.88 ( 32.66)	Acc@5  81.25 ( 85.08)
0: Epoch: [1][ 40/782]	Time  0.089 ( 0.195)	Data  0.000 ( 0.111)	Loss 1.5931e+00 (1.8835e+00)	Acc@1  37.50 ( 33.00)	Acc@5  90.62 ( 84.53)
0: Epoch: [1][ 50/782]	Time  0.089 ( 0.174)	Data  0.000 ( 0.090)	Loss 1.3732e+00 (1.8793e+00)	Acc@1  53.12 ( 33.70)	Acc@5  90.62 ( 84.74)
0: Epoch: [1][ 60/782]	Time  0.089 ( 0.159)	Data  0.000 ( 0.075)	Loss 1.9104e+00 (1.8766e+00)	Acc@1  43.75 ( 34.07)	Acc@5  75.00 ( 84.48)
0: Epoch: [1][ 70/782]	Time  0.084 ( 0.149)	Data  0.000 ( 0.065)	Loss 2.1071e+00 (
0: 1.8609e+00)	Acc@1  37.50 ( 34.86)	Acc@5  71.88 ( 84.55)
0: Epoch: [1][ 80/782]	Time  0.089 ( 0.141)	Data  0.000 ( 0.057)	Loss 1.6084e+00 (1.8538e+00)	Acc@1  46.88 ( 35.11)	Acc@5  84.38 ( 84.72)
0: Epoch: [1][ 90/782]	Time  0.083 ( 0.135)	Data  0.000 ( 0.051)	Loss 2.4817e+00 (1.8680e+00)	Acc@1  15.62 ( 34.58)	Acc@5  78.12 ( 84.51)
0: Epoch: [1][100/782]	Time  0.087 ( 0.130)	Data  0.000 ( 0.046)	Loss 1.4258e+00 (1.8501e+00)	Acc@1  56.25 ( 35.02)	Acc@5  87.50 ( 84.75)
0: Epoch: [1][110/782]	Time  0.088 ( 0.126)	Data  0.000 ( 0.042)	Loss 2.0557e+00 (1.8461e+00)	Acc@1  21.88 ( 34.77)	Acc@5  78.12 ( 84.88)
0: Epoch: [1][120/782]	Time  0.083 ( 0.123)	Data  0.000 ( 0.039)	Loss 1.5371e+00 (1.8304e+00)	Acc@1  53.12 ( 35.15)	Acc@5  87.50 ( 85.15)
0: Epoch: [1][130/782]	Time  0.086 ( 0.120)	Data  0.000 ( 0.036)	Loss 1.5388e+00 (1.8336e+00)	Acc@1  37.50 ( 35.04)	Acc@5  90.62 ( 85.28)
0: Epoch: [1][140/782]	Time  0.084 ( 0.118)	Data  0.000 ( 0.034)	Loss 1.5746e+00 (1.8323e+00)	Acc@1  46.88 ( 35.17)	Acc@5  90.62 ( 85.48)
0: Epoch: [1][150/782]	Tim
0: e  0.088 ( 0.115)	Data  0.000 ( 0.031)	Loss 1.6251e+00 (1.8353e+00)	Acc@1  34.38 ( 35.12)	Acc@5  84.38 ( 85.33)
0: Epoch: [1][160/782]	Time  0.087 ( 0.114)	Data  0.000 ( 0.030)	Loss 2.0763e+00 (1.8377e+00)	Acc@1  21.88 ( 34.94)	Acc@5  84.38 ( 85.35)
0: Epoch: [1][170/782]	Time  0.083 ( 0.112)	Data  0.000 ( 0.028)	Loss 1.7209e+00 (1.8387e+00)	Acc@1  34.38 ( 34.89)	Acc@5  87.50 ( 85.43)
0: Epoch: [1][180/782]	Time  0.085 ( 0.111)	Data  0.000 ( 0.027)	Loss 1.7191e+00 (1.8399e+00)	Acc@1  34.38 ( 34.96)	Acc@5  93.75 ( 85.48)
0: Epoch: [1][190/782]	Time  0.084 ( 0.109)	Data  0.000 ( 0.025)	Loss 1.7684e+00 (1.8344e+00)	Acc@1  31.25 ( 35.03)	Acc@5  93.75 ( 85.57)
0: Epoch: [1][200/782]	Time  0.085 ( 0.108)	Data  0.000 ( 0.024)	Loss 1.7731e+00 (1.8308e+00)	Acc@1  40.62 ( 35.18)	Acc@5  84.38 ( 85.67)
0: Epoch: [1][210/782]	Time  0.083 ( 0.107)	Data  0.000 ( 0.023)	Loss 1.8482e+00 (1.8328e+00)	Acc@1  37.50 ( 35.09)	Acc@5  81.25 ( 85.71)
0: Epoch: [1][220/782]	Time  0.088 ( 0.106)	Data  0.000 ( 0.022)	Loss 1.9249e+00 (1.8319e+00)	Acc@1  34.3
0: 8 ( 35.12)	Acc@5  87.50 ( 85.73)
0: Epoch: [1][230/782]	Time  0.087 ( 0.105)	Data  0.000 ( 0.021)	Loss 1.8350e+00 (1.8273e+00)	Acc@1  31.25 ( 35.27)	Acc@5  90.62 ( 85.85)
0: Epoch: [1][240/782]	Time  0.088 ( 0.104)	Data  0.000 ( 0.020)	Loss 1.6449e+00 (1.8239e+00)	Acc@1  50.00 ( 35.30)	Acc@5  87.50 ( 85.96)
0: Epoch: [1][250/782]	Time  0.083 ( 0.104)	Data  0.000 ( 0.020)	Loss 2.3021e+00 (1.8245e+00)	Acc@1  18.75 ( 35.33)	Acc@5  81.25 ( 85.91)
0: Epoch: [1][260/782]	Time  0.084 ( 0.103)	Data  0.000 ( 0.019)	Loss 1.5628e+00 (1.8194e+00)	Acc@1  43.75 ( 35.48)	Acc@5  90.62 ( 85.98)
0: Epoch: [1][270/782]	Time  0.085 ( 0.102)	Data  0.000 ( 0.018)	Loss 1.6031e+00 (1.8156e+00)	Acc@1  43.75 ( 35.68)	Acc@5  84.38 ( 86.04)
0: Epoch: [1][280/782]	Time  0.087 ( 0.102)	Data  0.000 ( 0.018)	Loss 1.5290e+00 (1.8124e+00)	Acc@1  40.62 ( 35.64)	Acc@5  90.62 ( 86.18)
0: Epoch: [1][290/782]	Time  0.088 ( 0.101)	Data  0.000 ( 0.017)	Loss 1.7382e+00 (1.8092e+00)	Acc@1  37.50 ( 35.79)	Acc@5  90.62 ( 86.16)
0: Epoch: [1][300/782]	Time  0.084 ( 0.101)	Data 
0:  0.000 ( 0.017)	Loss 1.5574e+00 (1.8116e+00)	Acc@1  43.75 ( 35.74)	Acc@5  87.50 ( 86.04)
0: Epoch: [1][310/782]	Time  0.084 ( 0.100)	Data  0.000 ( 0.016)	Loss 1.9057e+00 (1.8087e+00)	Acc@1  31.25 ( 35.82)	Acc@5  81.25 ( 86.15)
0: Epoch: [1][320/782]	Time  0.088 ( 0.100)	Data  0.000 ( 0.016)	Loss 2.0027e+00 (1.8047e+00)	Acc@1  37.50 ( 35.93)	Acc@5  78.12 ( 86.15)
0: Epoch: [1][330/782]	Time  0.088 ( 0.099)	Data  0.000 ( 0.015)	Loss 1.5571e+00 (1.8028e+00)	Acc@1  53.12 ( 36.08)	Acc@5  81.25 ( 86.20)
0: Epoch: [1][340/782]	Time  0.086 ( 0.099)	Data  0.000 ( 0.015)	Loss 1.9483e+00 (1.7989e+00)	Acc@1  34.38 ( 36.23)	Acc@5  81.25 ( 86.31)
0: Epoch: [1][350/782]	Time  0.086 ( 0.099)	Data  0.000 ( 0.015)	Loss 2.0265e+00 (1.7983e+00)	Acc@1  21.88 ( 36.16)	Acc@5  90.62 ( 86.32)
0: Epoch: [1][360/782]	Time  0.083 ( 0.098)	Data  0.000 ( 0.014)	Loss 1.4674e+00 (1.7987e+00)	Acc@1  62.50 ( 36.16)	Acc@5  84.38 ( 86.33)
0: Epoch: [1][370/782]	Time  0.091 ( 0.098)	Data  0.000 ( 0.014)	Loss 1.4423e+00 (1.7950e+00)	Acc@1  40.62 ( 36.16)	Acc@5  96.88
0:  ( 86.42)
0: Epoch: [1][380/782]	Time  0.087 ( 0.098)	Data  0.000 ( 0.014)	Loss 1.4050e+00 (1.7942e+00)	Acc@1  56.25 ( 36.23)	Acc@5  87.50 ( 86.45)
0: Epoch: [1][390/782]	Time  0.084 ( 0.097)	Data  0.000 ( 0.013)	Loss 1.7597e+00 (1.7915e+00)	Acc@1  43.75 ( 36.27)	Acc@5  87.50 ( 86.55)
0: Epoch: [1][400/782]	Time  0.084 ( 0.097)	Data  0.000 ( 0.013)	Loss 2.4771e+00 (1.7901e+00)	Acc@1  12.50 ( 36.29)	Acc@5  78.12 ( 86.61)
0: Epoch: [1][410/782]	Time  0.084 ( 0.097)	Data  0.000 ( 0.013)	Loss 1.5533e+00 (1.7872e+00)	Acc@1  43.75 ( 36.37)	Acc@5  93.75 ( 86.69)
0: Epoch: [1][420/782]	Time  0.086 ( 0.096)	Data  0.000 ( 0.012)	Loss 2.1600e+00 (1.7859e+00)	Acc@1  21.88 ( 36.48)	Acc@5  84.38 ( 86.75)
0: Epoch: [1][430/782]	Time  0.084 ( 0.096)	Data  0.000 ( 0.012)	Loss 1.7312e+00 (1.7850e+00)	Acc@1  37.50 ( 36.59)	Acc@5  87.50 ( 86.74)
0: Epoch: [1][440/782]	Time  0.089 ( 0.096)	Data  0.000 ( 0.012)	Loss 1.5134e+00 (1.7832e+00)	Acc@1  46.88 ( 36.63)	Acc@5  84.38 ( 86.78)
0: Epoch: [1][450/782]	Time  0.088 ( 0.096)	Data  0.000 ( 0.012)	Loss 1.
0: 7450e+00 (1.7820e+00)	Acc@1  40.62 ( 36.63)	Acc@5  90.62 ( 86.79)
0: Epoch: [1][460/782]	Time  0.087 ( 0.096)	Data  0.000 ( 0.012)	Loss 1.7415e+00 (1.7831e+00)	Acc@1  37.50 ( 36.64)	Acc@5  87.50 ( 86.77)
0: Epoch: [1][470/782]	Time  0.088 ( 0.095)	Data  0.000 ( 0.011)	Loss 1.6450e+00 (1.7829e+00)	Acc@1  43.75 ( 36.66)	Acc@5  87.50 ( 86.77)
0: Epoch: [1][480/782]	Time  0.086 ( 0.095)	Data  0.000 ( 0.011)	Loss 1.9413e+00 (1.7820e+00)	Acc@1  34.38 ( 36.63)	Acc@5  81.25 ( 86.80)
0: Epoch: [1][490/782]	Time  0.083 ( 0.095)	Data  0.000 ( 0.011)	Loss 1.6482e+00 (1.7819e+00)	Acc@1  46.88 ( 36.66)	Acc@5  87.50 ( 86.79)
0: Epoch: [1][500/782]	Time  0.083 ( 0.095)	Data  0.000 ( 0.011)	Loss 1.4724e+00 (1.7819e+00)	Acc@1  46.88 ( 36.67)	Acc@5  93.75 ( 86.80)
0: Epoch: [1][510/782]	Time  0.083 ( 0.095)	Data  0.000 ( 0.011)	Loss 1.4971e+00 (1.7806e+00)	Acc@1  43.75 ( 36.74)	Acc@5  96.88 ( 86.81)
0: Epoch: [1][520/782]	Time  0.084 ( 0.094)	Data  0.000 ( 0.010)	Loss 1.4863e+00 (1.7789e+00)	Acc@1  43.75 ( 36.80)	Acc@5  90.62 ( 86.79)
0: Epoch: [1][53
0: 0/782]	Time  0.084 ( 0.094)	Data  0.000 ( 0.010)	Loss 1.5120e+00 (1.7759e+00)	Acc@1  46.88 ( 36.92)	Acc@5  90.62 ( 86.82)
0: Epoch: [1][540/782]	Time  0.083 ( 0.094)	Data  0.000 ( 0.010)	Loss 1.4785e+00 (1.7743e+00)	Acc@1  46.88 ( 36.95)	Acc@5  90.62 ( 86.87)
0: Epoch: [1][550/782]	Time  0.087 ( 0.094)	Data  0.000 ( 0.010)	Loss 1.4054e+00 (1.7719e+00)	Acc@1  50.00 ( 37.00)	Acc@5  90.62 ( 86.90)
0: Epoch: [1][560/782]	Time  0.087 ( 0.094)	Data  0.000 ( 0.010)	Loss 1.5215e+00 (1.7724e+00)	Acc@1  43.75 ( 37.00)	Acc@5  87.50 ( 86.89)
0: Epoch: [1][570/782]	Time  0.088 ( 0.094)	Data  0.000 ( 0.010)	Loss 2.0013e+00 (1.7737e+00)	Acc@1  31.25 ( 36.98)	Acc@5  87.50 ( 86.89)
0: Epoch: [1][580/782]	Time  0.084 ( 0.094)	Data  0.000 ( 0.010)	Loss 1.3531e+00 (1.7723e+00)	Acc@1  53.12 ( 36.99)	Acc@5  90.62 ( 86.92)
0: Epoch: [1][590/782]	Time  0.083 ( 0.093)	Data  0.000 ( 0.009)	Loss 1.6568e+00 (1.7714e+00)	Acc@1  28.12 ( 37.06)	Acc@5  87.50 ( 86.93)
0: Epoch: [1][600/782]	Time  0.087 ( 0.093)	Data  0.000 ( 0.009)	Loss 1.6489e+00 (1.7705e+00)	A
0: cc@1  43.75 ( 37.11)	Acc@5  87.50 ( 86.94)
0: Epoch: [1][  0/782]	Time  4.650 ( 4.650)	Data  4.549 ( 4.549)	Loss 1.8259e+00 (1.8259e+00)	Acc@1  28.12 ( 28.12)	Acc@5  84.38 ( 84.38)
0: Epoch: [1][ 10/782]	Time  0.082 ( 0.501)	Data  0.000 ( 0.416)	Loss 1.7415e+00 (1.8394e+00)	Acc@1  34.38 ( 35.80)	Acc@5  81.25 ( 83.24)
0: Epoch: [1][ 20/782]	Time  0.087 ( 0.303)	Data  0.000 ( 0.219)	Loss 1.1860e+00 (1.7532e+00)	Acc@1  53.12 ( 38.39)	Acc@5  96.88 ( 86.46)
0: Epoch: [1][ 30/782]	Time  0.086 ( 0.233)	Data  0.000 ( 0.149)	Loss 1.4677e+00 (1.7808e+00)	Acc@1  37.50 ( 37.10)	Acc@5  87.50 ( 86.19)
0: Epoch: [1][ 40/782]	Time  0.088 ( 0.197)	Data  0.000 ( 0.113)	Loss 1.6402e+00 (1.7858e+00)	Acc@1  50.00 ( 37.42)	Acc@5  90.62 ( 85.98)
0: Epoch: [1][ 50/782]	Time  0.088 ( 0.176)	Data  0.000 ( 0.091)	Loss 2.0268e+00 (1.7800e+00)	Acc@1  25.00 ( 37.56)	Acc@5  87.50 ( 85.72)
0: Epoch: [1][ 60/782]	Time  0.087 ( 0.161)	Data  0.000 ( 0.076)	Loss 1.4907e+00 (1.7710e+00)	Acc@1  50.00 ( 37.19)	Acc@5  90.62 ( 85.91)
0: Epoch: [1][ 70/782]	Time  0.089 ( 0.150)	Data  0.000 ( 0.066)	Loss 1.9687e+00 (
0: 1.7715e+00)	Acc@1  31.25 ( 36.31)	Acc@5  78.12 ( 86.22)
0: Epoch: [1][ 80/782]	Time  0.088 ( 0.142)	Data  0.000 ( 0.058)	Loss 2.4872e+00 (1.7841e+00)	Acc@1  21.88 ( 36.11)	Acc@5  71.88 ( 86.11)
0: Epoch: [1][ 90/782]	Time  0.084 ( 0.136)	Data  0.000 ( 0.052)	Loss 1.9910e+00 (1.7875e+00)	Acc@1  25.00 ( 35.71)	Acc@5  87.50 ( 86.20)
0: Epoch: [1][100/782]	Time  0.086 ( 0.131)	Data  0.000 ( 0.047)	Loss 1.7629e+00 (1.7763e+00)	Acc@1  43.75 ( 36.45)	Acc@5  90.62 ( 86.14)
0: Epoch: [1][110/782]	Time  0.088 ( 0.127)	Data  0.000 ( 0.043)	Loss 1.3818e+00 (1.7653e+00)	Acc@1  56.25 ( 36.91)	Acc@5  93.75 ( 86.40)
0: Epoch: [1][120/782]	Time  0.084 ( 0.124)	Data  0.000 ( 0.039)	Loss 1.7853e+00 (1.7699e+00)	Acc@1  31.25 ( 36.60)	Acc@5  93.75 ( 86.36)
0: Epoch: [1][130/782]	Time  0.086 ( 0.121)	Data  0.000 ( 0.037)	Loss 1.8448e+00 (1.7752e+00)	Acc@1  37.50 ( 36.67)	Acc@5  71.88 ( 86.16)
0: Epoch: [1][140/782]	Time  0.088 ( 0.118)	Data  0.000 ( 0.034)	Loss 2.2139e+00 (1.7830e+00)	Acc@1  25.00 ( 36.37)	Acc@5  81.25 ( 86.17)
0: Epoch: [1][150/782]	Tim
0: e  0.087 ( 0.116)	Data  0.000 ( 0.032)	Loss 2.3165e+00 (1.7861e+00)	Acc@1  31.25 ( 36.42)	Acc@5  75.00 ( 85.97)
0: Epoch: [1][160/782]	Time  0.089 ( 0.114)	Data  0.000 ( 0.030)	Loss 2.2401e+00 (1.7824e+00)	Acc@1  40.62 ( 36.63)	Acc@5  81.25 ( 86.12)
0: Epoch: [1][170/782]	Time  0.083 ( 0.112)	Data  0.000 ( 0.028)	Loss 2.0763e+00 (1.7919e+00)	Acc@1  34.38 ( 36.42)	Acc@5  84.38 ( 86.07)
0: Epoch: [1][180/782]	Time  0.082 ( 0.111)	Data  0.000 ( 0.027)	Loss 1.7942e+00 (1.7950e+00)	Acc@1  31.25 ( 36.45)	Acc@5  90.62 ( 85.93)
0: Epoch: [1][190/782]	Time  0.085 ( 0.110)	Data  0.000 ( 0.026)	Loss 2.0765e+00 (1.7899e+00)	Acc@1  34.38 ( 36.68)	Acc@5  84.38 ( 86.03)
0: Epoch: [1][200/782]	Time  0.087 ( 0.108)	Data  0.000 ( 0.024)	Loss 1.8108e+00 (1.7885e+00)	Acc@1  37.50 ( 36.88)	Acc@5  87.50 ( 86.02)
0: Epoch: [1][210/782]	Time  0.083 ( 0.107)	Data  0.000 ( 0.023)	Loss 1.3927e+00 (1.7849e+00)	Acc@1  40.62 ( 36.76)	Acc@5  93.75 ( 86.18)
0: Epoch: [1][220/782]	Time  0.084 ( 0.106)	Data  0.000 ( 0.022)	Loss 1.6379e+00 (1.7776e+00)	Acc@1  37.5
0: 0 ( 36.89)	Acc@5  90.62 ( 86.26)
0: Epoch: [1][230/782]	Time  0.087 ( 0.106)	Data  0.000 ( 0.022)	Loss 2.1471e+00 (1.7801e+00)	Acc@1  21.88 ( 36.78)	Acc@5  81.25 ( 86.20)
0: Epoch: [1][240/782]	Time  0.091 ( 0.105)	Data  0.000 ( 0.021)	Loss 2.4205e+00 (1.7854e+00)	Acc@1  15.62 ( 36.76)	Acc@5  81.25 ( 86.22)
0: Epoch: [1][250/782]	Time  0.084 ( 0.104)	Data  0.000 ( 0.020)	Loss 1.8322e+00 (1.7846e+00)	Acc@1  34.38 ( 36.77)	Acc@5  84.38 ( 86.23)
0: Epoch: [1][260/782]	Time  0.086 ( 0.103)	Data  0.000 ( 0.019)	Loss 2.1501e+00 (1.7840e+00)	Acc@1  21.88 ( 36.81)	Acc@5  81.25 ( 86.30)
0: Epoch: [1][270/782]	Time  0.082 ( 0.103)	Data  0.000 ( 0.019)	Loss 2.0325e+00 (1.7839e+00)	Acc@1  37.50 ( 36.88)	Acc@5  78.12 ( 86.36)
0: Epoch: [1][280/782]	Time  0.087 ( 0.102)	Data  0.000 ( 0.018)	Loss 1.5700e+00 (1.7824e+00)	Acc@1  40.62 ( 36.89)	Acc@5  90.62 ( 86.37)
0: Epoch: [1][290/782]	Time  0.084 ( 0.101)	Data  0.000 ( 0.017)	Loss 1.7088e+00 (1.7814e+00)	Acc@1  37.50 ( 36.91)	Acc@5  84.38 ( 86.37)
0: Epoch: [1][300/782]	Time  0.084 ( 0.101)	Data 
0:  0.000 ( 0.017)	Loss 1.7472e+00 (1.7770e+00)	Acc@1  40.62 ( 36.96)	Acc@5  90.62 ( 86.52)
0: Epoch: [1][310/782]	Time  0.093 ( 0.100)	Data  0.000 ( 0.016)	Loss 1.8330e+00 (1.7770e+00)	Acc@1  28.12 ( 36.96)	Acc@5  90.62 ( 86.55)
0: Epoch: [1][320/782]	Time  0.087 ( 0.100)	Data  0.000 ( 0.016)	Loss 1.5277e+00 (1.7753e+00)	Acc@1  40.62 ( 37.06)	Acc@5  87.50 ( 86.58)
0: Epoch: [1][330/782]	Time  0.088 ( 0.100)	Data  0.000 ( 0.016)	Loss 1.9882e+00 (1.7755e+00)	Acc@1  28.12 ( 37.07)	Acc@5  75.00 ( 86.57)
0: Epoch: [1][340/782]	Time  0.090 ( 0.099)	Data  0.000 ( 0.015)	Loss 1.7248e+00 (1.7719e+00)	Acc@1  34.38 ( 37.09)	Acc@5  90.62 ( 86.65)
0: Epoch: [1][350/782]	Time  0.085 ( 0.099)	Data  0.000 ( 0.015)	Loss 1.5355e+00 (1.7704e+00)	Acc@1  40.62 ( 37.13)	Acc@5  93.75 ( 86.72)
0: Epoch: [1][360/782]	Time  0.083 ( 0.098)	Data  0.000 ( 0.014)	Loss 1.9422e+00 (1.7729e+00)	Acc@1  31.25 ( 37.06)	Acc@5  87.50 ( 86.69)
0: Epoch: [1][370/782]	Time  0.088 ( 0.098)	Data  0.000 ( 0.014)	Loss 1.7668e+00 (1.7680e+00)	Acc@1  34.38 ( 37.19)	Acc@5  93.75
0:  ( 86.75)
0: Epoch: [1][380/782]	Time  0.079 ( 0.098)	Data  0.000 ( 0.014)	Loss 2.2519e+00 (1.7682e+00)	Acc@1  15.62 ( 37.16)	Acc@5  75.00 ( 86.79)
0: Epoch: [1][390/782]	Time  0.085 ( 0.097)	Data  0.000 ( 0.013)	Loss 2.1691e+00 (1.7675e+00)	Acc@1  21.88 ( 37.09)	Acc@5  81.25 ( 86.88)
0: Epoch: [1][400/782]	Time  0.086 ( 0.097)	Data  0.000 ( 0.013)	Loss 1.8016e+00 (1.7685e+00)	Acc@1  31.25 ( 36.95)	Acc@5  84.38 ( 86.84)
0: Epoch: [1][410/782]	Time  0.082 ( 0.097)	Data  0.000 ( 0.013)	Loss 1.4768e+00 (1.7699e+00)	Acc@1  40.62 ( 36.94)	Acc@5  90.62 ( 86.88)
0: Epoch: [1][420/782]	Time  0.083 ( 0.097)	Data  0.000 ( 0.013)	Loss 1.8213e+00 (1.7698e+00)	Acc@1  31.25 ( 37.02)	Acc@5  81.25 ( 86.94)
0: Epoch: [1][430/782]	Time  0.087 ( 0.096)	Data  0.000 ( 0.012)	Loss 1.8629e+00 (1.7693e+00)	Acc@1  28.12 ( 36.99)	Acc@5  84.38 ( 86.92)
0: Epoch: [1][440/782]	Time  0.089 ( 0.096)	Data  0.000 ( 0.012)	Loss 1.7402e+00 (1.7692e+00)	Acc@1  28.12 ( 37.05)	Acc@5  87.50 ( 86.89)
0: Epoch: [1][450/782]	Time  0.085 ( 0.096)	Data  0.000 ( 0.012)	Loss 1.
0: 8129e+00 (1.7677e+00)	Acc@1  34.38 ( 37.14)	Acc@5  84.38 ( 86.91)
0: Epoch: [1][460/782]	Time  0.086 ( 0.096)	Data  0.000 ( 0.012)	Loss 1.7788e+00 (1.7661e+00)	Acc@1  40.62 ( 37.18)	Acc@5  84.38 ( 86.99)
0: Epoch: [1][470/782]	Time  0.088 ( 0.095)	Data  0.000 ( 0.011)	Loss 1.5833e+00 (1.7641e+00)	Acc@1  40.62 ( 37.27)	Acc@5  93.75 ( 87.07)
0: Epoch: [1][480/782]	Time  0.085 ( 0.095)	Data  0.000 ( 0.011)	Loss 1.6298e+00 (1.7629e+00)	Acc@1  43.75 ( 37.31)	Acc@5  78.12 ( 87.06)
0: Epoch: [1][490/782]	Time  0.084 ( 0.095)	Data  0.000 ( 0.011)	Loss 1.6804e+00 (1.7625e+00)	Acc@1  37.50 ( 37.31)	Acc@5  90.62 ( 87.05)
0: Epoch: [1][500/782]	Time  0.084 ( 0.095)	Data  0.000 ( 0.011)	Loss 1.8846e+00 (1.7616e+00)	Acc@1  34.38 ( 37.34)	Acc@5  93.75 ( 87.12)
0: Epoch: [1][510/782]	Time  0.083 ( 0.095)	Data  0.000 ( 0.011)	Loss 1.8960e+00 (1.7599e+00)	Acc@1  40.62 ( 37.39)	Acc@5  84.38 ( 87.19)
0: Epoch: [1][520/782]	Time  0.086 ( 0.095)	Data  0.000 ( 0.011)	Loss 1.3931e+00 (1.7594e+00)	Acc@1  50.00 ( 37.42)	Acc@5  96.88 ( 87.23)
0: Epoch: [1][53
0: 0/782]	Time  0.084 ( 0.094)	Data  0.000 ( 0.010)	Loss 1.7329e+00 (1.7576e+00)	Acc@1  37.50 ( 37.46)	Acc@5  81.25 ( 87.25)
0: Epoch: [1][540/782]	Time  0.083 ( 0.094)	Data  0.000 ( 0.010)	Loss 1.6156e+00 (1.7589e+00)	Acc@1  46.88 ( 37.50)	Acc@5  87.50 ( 87.21)
0: Epoch: [1][550/782]	Time  0.087 ( 0.094)	Data  0.000 ( 0.010)	Loss 1.5279e+00 (1.7591e+00)	Acc@1  34.38 ( 37.52)	Acc@5  96.88 ( 87.19)
0: Epoch: [1][560/782]	Time  0.086 ( 0.094)	Data  0.000 ( 0.010)	Loss 1.3902e+00 (1.7555e+00)	Acc@1  59.38 ( 37.68)	Acc@5  87.50 ( 87.27)
0: Epoch: [1][570/782]	Time  0.088 ( 0.094)	Data  0.000 ( 0.010)	Loss 1.4280e+00 (1.7566e+00)	Acc@1  40.62 ( 37.66)	Acc@5 100.00 ( 87.25)
0: Epoch: [1][580/782]	Time  0.085 ( 0.094)	Data  0.000 ( 0.010)	Loss 1.6451e+00 (1.7569e+00)	Acc@1  31.25 ( 37.67)	Acc@5  90.62 ( 87.25)
0: Epoch: [1][590/782]	Time  0.084 ( 0.094)	Data  0.000 ( 0.010)	Loss 1.8585e+00 (1.7573e+00)	Acc@1  37.50 ( 37.73)	Acc@5  90.62 ( 87.20)
0: Epoch: [1][600/782]	Time  0.086 ( 0.093)	Data  0.000 ( 0.009)	Loss 1.7226e+00 (1.7542e+00)	A
0: cc@1  37.50 ( 37.88)	Acc@5  87.50 ( 87.25)
0: 
0: Epoch: [1][610/782]	Time  0.083 ( 0.093)	Data  0.000 ( 0.009)	Loss 1.5003e+00 (1.7690e+00)	Acc@1  43.75 ( 37.22)	Acc@5  93.75 ( 86.96)
0: Epoch: [1][620/782]	Time  0.087 ( 0.093)	Data  0.000 ( 0.009)	Loss 1.9469e+00 (1.7673e+00)	Acc@1  28.12 ( 37.33)	Acc@5  87.50 ( 86.99)
0: Epoch: [1][630/782]	Time  0.087 ( 0.093)	Data  0.000 ( 0.009)	Loss 1.8059e+00 (1.7664e+00)	Acc@1  34.38 ( 37.33)	Acc@5  84.38 ( 87.01)
0: Epoch: [1][640/782]	Time  0.086 ( 0.093)	Data  0.000 ( 0.009)	Loss 1.9308e+00 (1.7638e+00)	Acc@1  28.12 ( 37.42)	Acc@5  81.25 ( 87.04)
0: Epoch: [1][650/782]	Time  0.082 ( 0.093)	Data  0.000 ( 0.009)	Loss 2.0523e+00 (1.7650e+00)	Acc@1  28.12 ( 37.46)	Acc@5  75.00 ( 87.03)
0: Epoch: [1][660/782]	Time  0.082 ( 0.093)	Data  0.000 ( 0.009)	Loss 1.6884e+00 (1.7634e+00)	Acc@1  28.12 ( 37.58)	Acc@5  90.62 ( 87.06)
0: Epoch: [1][670/782]	Time  0.089 ( 0.092)	Data  0.000 ( 0.009)	Loss 1.5943e+00 (1.7629e+00)	Acc@1  46.88 ( 37.64)	Acc@5  87.50 ( 87.08)
0: Epoch: [1][680/782]	Time  0.087 ( 0.092)	Data  0.000 ( 0.008)	Loss 1.8062e+00 
0: (1.7627e+00)	Acc@1  46.88 ( 37.69)	Acc@5  84.38 ( 87.08)
0: Epoch: [1][690/782]	Time  0.086 ( 0.092)	Data  0.000 ( 0.008)	Loss 1.4119e+00 (1.7594e+00)	Acc@1  46.88 ( 37.74)	Acc@5  90.62 ( 87.15)
0: Epoch: [1][700/782]	Time  0.083 ( 0.092)	Data  0.000 ( 0.008)	Loss 1.4195e+00 (1.7586e+00)	Acc@1  59.38 ( 37.80)	Acc@5  93.75 ( 87.16)
0: Epoch: [1][710/782]	Time  0.082 ( 0.092)	Data  0.000 ( 0.008)	Loss 1.6355e+00 (1.7589e+00)	Acc@1  43.75 ( 37.76)	Acc@5  87.50 ( 87.17)
0: Epoch: [1][720/782]	Time  0.087 ( 0.092)	Data  0.000 ( 0.008)	Loss 1.9148e+00 (1.7569e+00)	Acc@1  34.38 ( 37.87)	Acc@5  84.38 ( 87.21)
0: Epoch: [1][730/782]	Time  0.084 ( 0.092)	Data  0.000 ( 0.008)	Loss 1.6256e+00 (1.7552e+00)	Acc@1  43.75 ( 37.92)	Acc@5  90.62 ( 87.23)
0: Epoch: [1][740/782]	Time  0.085 ( 0.092)	Data  0.000 ( 0.008)	Loss 1.9715e+00 (1.7536e+00)	Acc@1  31.25 ( 37.96)	Acc@5  78.12 ( 87.27)
0: Epoch: [1][750/782]	Time  0.087 ( 0.092)	Data  0.000 ( 0.008)	Loss 1.7420e+00 (1.7533e+00)	Acc@1  37.50 ( 37.97)	Acc@5  87.50 ( 87.27)
0: Epoch: [1][760/782]	Ti
0: me  0.086 ( 0.092)	Data  0.000 ( 0.008)	Loss 1.9586e+00 (1.7512e+00)	Acc@1  28.12 ( 38.00)	Acc@5  90.62 ( 87.32)
0: Epoch: [1][770/782]	Time  0.082 ( 0.092)	Data  0.000 ( 0.008)	Loss 1.3908e+00 (1.7490e+00)	Acc@1  53.12 ( 38.06)	Acc@5  93.75 ( 87.38)
0: Epoch: [1][780/782]	Time  0.087 ( 0.092)	Data  0.000 ( 0.008)	Loss 1.7695e+00 (1.7487e+00)	Acc@1  43.75 ( 38.08)	Acc@5  81.25 ( 87.39)
0: 
0: Epoch: [1][610/782]	Time  0.082 ( 0.093)	Data  0.000 ( 0.009)	Loss 1.7914e+00 (1.7532e+00)	Acc@1  46.88 ( 37.87)	Acc@5  81.25 ( 87.26)
0: Epoch: [1][620/782]	Time  0.086 ( 0.093)	Data  0.000 ( 0.009)	Loss 1.7541e+00 (1.7507e+00)	Acc@1  34.38 ( 37.93)	Acc@5  87.50 ( 87.31)
0: Epoch: [1][630/782]	Time  0.085 ( 0.093)	Data  0.000 ( 0.009)	Loss 1.5839e+00 (1.7494e+00)	Acc@1  50.00 ( 38.01)	Acc@5  87.50 ( 87.32)
0: Epoch: [1][640/782]	Time  0.085 ( 0.093)	Data  0.000 ( 0.009)	Loss 1.5940e+00 (1.7485e+00)	Acc@1  31.25 ( 38.03)	Acc@5  93.75 ( 87.34)
0: Epoch: [1][650/782]	Time  0.082 ( 0.093)	Data  0.000 ( 0.009)	Loss 1.4979e+00 (1.7476e+00)	Acc@1  53.12 ( 38.10)	Acc@5  81.25 ( 87.36)
0: Epoch: [1][660/782]	Time  0.082 ( 0.093)	Data  0.000 ( 0.009)	Loss 1.9868e+00 (1.7484e+00)	Acc@1  18.75 ( 38.07)	Acc@5  87.50 ( 87.38)
0: Epoch: [1][670/782]	Time  0.088 ( 0.093)	Data  0.000 ( 0.009)	Loss 2.0346e+00 (1.7494e+00)	Acc@1  31.25 ( 38.01)	Acc@5  78.12 ( 87.38)
0: Epoch: [1][680/782]	Time  0.085 ( 0.092)	Data  0.000 ( 0.008)	Loss 1.8944e+00 
0: (1.7510e+00)	Acc@1  18.75 ( 37.94)	Acc@5  90.62 ( 87.38)
0: Epoch: [1][690/782]	Time  0.085 ( 0.092)	Data  0.000 ( 0.008)	Loss 1.7755e+00 (1.7497e+00)	Acc@1  37.50 ( 37.96)	Acc@5  90.62 ( 87.42)
0: Epoch: [1][700/782]	Time  0.084 ( 0.092)	Data  0.000 ( 0.008)	Loss 1.5433e+00 (1.7479e+00)	Acc@1  40.62 ( 37.99)	Acc@5  87.50 ( 87.43)
0: Epoch: [1][710/782]	Time  0.082 ( 0.092)	Data  0.000 ( 0.008)	Loss 1.5398e+00 (1.7461e+00)	Acc@1  40.62 ( 38.03)	Acc@5  93.75 ( 87.46)
0: Epoch: [1][720/782]	Time  0.086 ( 0.092)	Data  0.000 ( 0.008)	Loss 1.8156e+00 (1.7464e+00)	Acc@1  40.62 ( 38.01)	Acc@5  90.62 ( 87.47)
0: Epoch: [1][730/782]	Time  0.085 ( 0.092)	Data  0.000 ( 0.008)	Loss 1.2209e+00 (1.7448e+00)	Acc@1  65.62 ( 38.07)	Acc@5  96.88 ( 87.51)
0: Epoch: [1][740/782]	Time  0.084 ( 0.092)	Data  0.000 ( 0.008)	Loss 1.5759e+00 (1.7440e+00)	Acc@1  40.62 ( 38.09)	Acc@5  90.62 ( 87.53)
0: Epoch: [1][750/782]	Time  0.086 ( 0.092)	Data  0.000 ( 0.008)	Loss 1.5894e+00 (1.7436e+00)	Acc@1  40.62 ( 38.12)	Acc@5 100.00 ( 87.52)
0: Epoch: [1][760/782]	Ti
0: me  0.085 ( 0.092)	Data  0.000 ( 0.008)	Loss 2.0906e+00 (1.7420e+00)	Acc@1  31.25 ( 38.19)	Acc@5  84.38 ( 87.55)
0: Epoch: [1][770/782]	Time  0.082 ( 0.092)	Data  0.000 ( 0.008)	Loss 1.8347e+00 (1.7406e+00)	Acc@1  37.50 ( 38.21)	Acc@5  87.50 ( 87.59)
0: Epoch: [1][780/782]	Time  0.086 ( 0.092)	Data  0.000 ( 0.008)	Loss 1.5830e+00 (1.7390e+00)	Acc@1  37.50 ( 38.24)	Acc@5  96.88 ( 87.64)
0: Test: [  0/313]	Time  2.342 ( 2.342)	Loss 1.3547e+00 (1.3547e+00)	Acc@1  46.88 ( 46.88)	Acc@5  96.88 ( 96.88)
0: Test: [ 10/313]	Time  0.019 ( 0.230)	Loss 1.5888e+00 (1.5556e+00)	Acc@1  37.50 ( 43.47)	Acc@5  90.62 ( 90.62)
0: Test: [ 20/313]	Time  0.019 ( 0.130)	Loss 1.7340e+00 (1.5622e+00)	Acc@1  59.38 ( 45.39)	Acc@5  93.75 ( 91.37)
0: Test: [ 30/313]	Time  0.019 ( 0.094)	Loss 1.4918e+00 (1.6011e+00)	Acc@1  46.88 ( 44.25)	Acc@5  90.62 ( 90.62)
0: Test: [ 40/313]	Time  0.019 ( 0.076)	Loss 2.1866e+00 (1.6174e+00)	Acc@1  25.00 ( 45.05)	Acc@5  84.38 ( 90.40)
0: Test: [ 50/313]	Time  0.019 ( 0.064)	Loss 1.6246e+00 (1.6182e+00)	Acc@1  34.38 ( 44.36)	Acc@5  84.38 ( 90.01)
0: Test: [ 60/313]	Time  0.019 ( 0.057)	Loss 1.6753e+00 (1.6161e+00)	Acc@1  37.50 ( 44.31)	Acc@5  90.62 ( 89.60)
0: Test: [ 70/313]	Time  0.019 ( 0.052)	Loss 1.6769e+00 (1.6124e+00)	Acc@1  53.12 ( 44.32)	Acc@5  75.00 ( 89.57)
0: Test: [ 80/313]	Time  0.019 ( 0.048)	Loss 1.7201e+00 (1.6213e+00)	Acc@1  40.62 ( 43.87)	Acc@5  93.75 ( 89.43)
0: Test: [ 90/313]	Time  0.019 ( 0.04
0: 4)	Loss 2.0338e+00 (1.6208e+00)	Acc@1  34.38 ( 43.99)	Acc@5  81.25 ( 89.32)
0: Test: [100/313]	Time  0.019 ( 0.042)	Loss 1.9346e+00 (1.6176e+00)	Acc@1  25.00 ( 43.69)	Acc@5  87.50 ( 89.51)
0: Test: [110/313]	Time  0.019 ( 0.040)	Loss 1.5230e+00 (1.6137e+00)	Acc@1  43.75 ( 43.78)	Acc@5  84.38 ( 89.50)
0: Test: [120/313]	Time  0.023 ( 0.038)	Loss 1.6201e+00 (1.6102e+00)	Acc@1  34.38 ( 43.96)	Acc@5  96.88 ( 89.49)
0: Test: [130/313]	Time  0.019 ( 0.037)	Loss 1.5452e+00 (1.6107e+00)	Acc@1  37.50 ( 43.68)	Acc@5  87.50 ( 89.43)
0: Test: [140/313]	Time  0.019 ( 0.035)	Loss 1.4388e+00 (1.6027e+00)	Acc@1  46.88 ( 43.62)	Acc@5  96.88 ( 89.72)
0: Test: [150/313]	Time  0.019 ( 0.034)	Loss 1.4543e+00 (1.5954e+00)	Acc@1  43.75 ( 43.73)	Acc@5  90.62 ( 89.86)
0: Test: [160/313]	Time  0.019 ( 0.033)	Loss 1.4833e+00 (1.5917e+00)	Acc@1  56.25 ( 43.65)	Acc@5  87.50 ( 89.95)
0: Test: [170/313]	Time  0.019 ( 0.033)	Loss 1.9907e+00 (1.5995e+00)	Acc@1  34.38 ( 43.33)	Acc@5  75.00 ( 89.91)
0: Test: [180/313]	Time  0.019 ( 0.032)	Loss 1.3587e+00 (1.5974e+00)	Ac
0: c@1  40.62 ( 43.40)	Acc@5  96.88 ( 90.00)
0: Test: [190/313]	Time  0.019 ( 0.031)	Loss 1.3863e+00 (1.5960e+00)	Acc@1  46.88 ( 43.28)	Acc@5  93.75 ( 90.13)
0: Test: [200/313]	Time  0.019 ( 0.031)	Loss 1.5595e+00 (1.5970e+00)	Acc@1  34.38 ( 43.13)	Acc@5  96.88 ( 90.14)
0: Test: [210/313]	Time  0.019 ( 0.030)	Loss 1.5615e+00 (1.5950e+00)	Acc@1  53.12 ( 43.29)	Acc@5  87.50 ( 90.14)
0: Test: [220/313]	Time  0.019 ( 0.029)	Loss 1.8718e+00 (1.5984e+00)	Acc@1  40.62 ( 43.30)	Acc@5  81.25 ( 89.99)
0: Test: [230/313]	Time  0.019 ( 0.029)	Loss 1.4542e+00 (1.5944e+00)	Acc@1  43.75 ( 43.30)	Acc@5  90.62 ( 90.15)
0: Test: [240/313]	Time  0.019 ( 0.029)	Loss 1.3396e+00 (1.5959e+00)	Acc@1  56.25 ( 43.27)	Acc@5  96.88 ( 90.16)
0: Test: [250/313]	Time  0.019 ( 0.028)	Loss 1.5636e+00 (1.5972e+00)	Acc@1  46.88 ( 43.24)	Acc@5  90.62 ( 90.19)
0: Test: [260/313]	Time  0.019 ( 0.028)	Loss 1.5861e+00 (1.5970e+00)	Acc@1  46.88 ( 43.24)	Acc@5  84.38 ( 90.10)
0: Test: [270/313]	Time  0.019 ( 0.028)	Loss 1.7396e+00 (1.5952e+00)	Acc@1  37.50 ( 43.23)	Acc@5  96.88 (
0:  90.22)
0: Test: [280/313]	Time  0.019 ( 0.027)	Loss 1.7739e+00 (1.5942e+00)	Acc@1  28.12 ( 43.12)	Acc@5  87.50 ( 90.31)
0: Test: [290/313]	Time  0.019 ( 0.027)	Loss 1.7732e+00 (1.5925e+00)	Acc@1  37.50 ( 43.21)	Acc@5  87.50 ( 90.35)
0: Test: [300/313]	Time  0.020 ( 0.027)	Loss 1.4479e+00 (1.5908e+00)	Acc@1  56.25 ( 43.29)	Acc@5  90.62 ( 90.36)
0: Test: [310/313]	Time  0.019 ( 0.026)	Loss 1.5778e+00 (1.5926e+00)	Acc@1  37.50 ( 43.28)	Acc@5  90.62 ( 90.29)
0:  * Acc@1 43.280 Acc@5 90.270
0: Epoch 1/3 - 80.130s
0: Test: [  0/313]	Time  2.357 ( 2.357)	Loss 1.3547e+00 (1.3547e+00)	Acc@1  46.88 ( 46.88)	Acc@5  96.88 ( 96.88)
0: Test: [ 10/313]	Time  0.020 ( 0.232)	Loss 1.5888e+00 (1.5556e+00)	Acc@1  37.50 ( 43.47)	Acc@5  90.62 ( 90.62)
0: Test: [ 20/313]	Time  0.019 ( 0.131)	Loss 1.7340e+00 (1.5622e+00)	Acc@1  59.38 ( 45.39)	Acc@5  93.75 ( 91.37)
0: Test: [ 30/313]	Time  0.019 ( 0.095)	Loss 1.4918e+00 (1.6011e+00)	Acc@1  46.88 ( 44.25)	Acc@5  90.62 ( 90.62)
0: Test: [ 40/313]	Time  0.019 ( 0.076)	Loss 2.1866e+00 (1.6174e+00)	Acc@1  25.00 ( 45.05)	Acc@5  84.38 ( 90.40)
0: Test: [ 50/313]	Time  0.019 ( 0.065)	Loss 1.6246e+00 (1.6182e+00)	Acc@1  34.38 ( 44.36)	Acc@5  84.38 ( 90.01)
0: Test: [ 60/313]	Time  0.019 ( 0.057)	Loss 1.6753e+00 (1.6161e+00)	Acc@1  37.50 ( 44.31)	Acc@5  90.62 ( 89.60)
0: Test: [ 70/313]	Time  0.019 ( 0.052)	Loss 1.6769e+00 (1.6124e+00)	Acc@1  53.12 ( 44.32)	Acc@5  75.00 ( 89.57)
0: Test: [ 80/313]	Time  0.019 ( 0.048)	Loss 1.7201e+00 (1.6213e+00)	Acc@1  40.62 ( 43.87)	Acc@5  93.75 ( 89.43)
0: Test: [ 90/313]	Time  0.019 ( 0.04
0: 5)	Loss 2.0338e+00 (1.6208e+00)	Acc@1  34.38 ( 43.99)	Acc@5  81.25 ( 89.32)
0: Test: [100/313]	Time  0.019 ( 0.042)	Loss 1.9346e+00 (1.6176e+00)	Acc@1  25.00 ( 43.69)	Acc@5  87.50 ( 89.51)
0: Test: [110/313]	Time  0.019 ( 0.040)	Loss 1.5230e+00 (1.6137e+00)	Acc@1  43.75 ( 43.78)	Acc@5  84.38 ( 89.50)
0: Test: [120/313]	Time  0.019 ( 0.038)	Loss 1.6201e+00 (1.6102e+00)	Acc@1  34.38 ( 43.96)	Acc@5  96.88 ( 89.49)
0: Test: [130/313]	Time  0.019 ( 0.037)	Loss 1.5452e+00 (1.6107e+00)	Acc@1  37.50 ( 43.68)	Acc@5  87.50 ( 89.43)
0: Test: [140/313]	Time  0.019 ( 0.036)	Loss 1.4388e+00 (1.6027e+00)	Acc@1  46.88 ( 43.62)	Acc@5  96.88 ( 89.72)
0: Test: [150/313]	Time  0.019 ( 0.035)	Loss 1.4543e+00 (1.5954e+00)	Acc@1  43.75 ( 43.73)	Acc@5  90.62 ( 89.86)
0: Test: [160/313]	Time  0.019 ( 0.034)	Loss 1.4833e+00 (1.5917e+00)	Acc@1  56.25 ( 43.65)	Acc@5  87.50 ( 89.95)
0: Test: [170/313]	Time  0.019 ( 0.033)	Loss 1.9907e+00 (1.5995e+00)	Acc@1  34.38 ( 43.33)	Acc@5  75.00 ( 89.91)
0: Test: [180/313]	Time  0.019 ( 0.032)	Loss 1.3587e+00 (1.5974e+00)	Ac
0: c@1  40.62 ( 43.40)	Acc@5  96.88 ( 90.00)
0: Test: [190/313]	Time  0.019 ( 0.031)	Loss 1.3863e+00 (1.5960e+00)	Acc@1  46.88 ( 43.28)	Acc@5  93.75 ( 90.13)
0: Test: [200/313]	Time  0.020 ( 0.031)	Loss 1.5595e+00 (1.5970e+00)	Acc@1  34.38 ( 43.13)	Acc@5  96.88 ( 90.14)
0: Test: [210/313]	Time  0.019 ( 0.030)	Loss 1.5615e+00 (1.5950e+00)	Acc@1  53.12 ( 43.29)	Acc@5  87.50 ( 90.14)
0: Test: [220/313]	Time  0.019 ( 0.030)	Loss 1.8718e+00 (1.5984e+00)	Acc@1  40.62 ( 43.30)	Acc@5  81.25 ( 89.99)
0: Test: [230/313]	Time  0.019 ( 0.029)	Loss 1.4542e+00 (1.5944e+00)	Acc@1  43.75 ( 43.30)	Acc@5  90.62 ( 90.15)
0: Test: [240/313]	Time  0.019 ( 0.029)	Loss 1.3396e+00 (1.5959e+00)	Acc@1  56.25 ( 43.27)	Acc@5  96.88 ( 90.16)
0: Test: [250/313]	Time  0.019 ( 0.028)	Loss 1.5636e+00 (1.5972e+00)	Acc@1  46.88 ( 43.24)	Acc@5  90.62 ( 90.19)
0: Test: [260/313]	Time  0.019 ( 0.028)	Loss 1.5861e+00 (1.5970e+00)	Acc@1  46.88 ( 43.24)	Acc@5  84.38 ( 90.10)
0: Test: [270/313]	Time  0.019 ( 0.028)	Loss 1.7396e+00 (1.5952e+00)	Acc@1  37.50 ( 43.23)	Acc@5  96.88 (
0:  90.22)
0: Test: [280/313]	Time  0.019 ( 0.027)	Loss 1.7739e+00 (1.5942e+00)	Acc@1  28.12 ( 43.12)	Acc@5  87.50 ( 90.31)
0: Test: [290/313]	Time  0.019 ( 0.027)	Loss 1.7732e+00 (1.5925e+00)	Acc@1  37.50 ( 43.21)	Acc@5  87.50 ( 90.35)
0: Test: [300/313]	Time  0.019 ( 0.027)	Loss 1.4479e+00 (1.5908e+00)	Acc@1  56.25 ( 43.29)	Acc@5  90.62 ( 90.36)
0: Test: [310/313]	Time  0.019 ( 0.027)	Loss 1.5778e+00 (1.5926e+00)	Acc@1  37.50 ( 43.28)	Acc@5  90.62 ( 90.29)
0:  * Acc@1 43.280 Acc@5 90.270
0: Epoch 1/3 - 80.107s
0: Epoch: [2][  0/782]	Time  4.607 ( 4.607)	Data  4.520 ( 4.520)	Loss 1.3741e+00 (1.3741e+00)	Acc@1  56.25 ( 56.25)	Acc@5  90.62 ( 90.62)
0: Epoch: [2][ 10/782]	Time  0.079 ( 0.496)	Data  0.000 ( 0.412)	Loss 1.5741e+00 (1.4941e+00)	Acc@1  37.50 ( 49.72)	Acc@5  84.38 ( 90.34)
0: Epoch: [2][ 20/782]	Time  0.082 ( 0.301)	Data  0.000 ( 0.216)	Loss 1.7911e+00 (1.6019e+00)	Acc@1  31.25 ( 44.35)	Acc@5  87.50 ( 88.84)
0: Epoch: [2][ 30/782]	Time  0.084 ( 0.232)	Data  0.000 ( 0.147)	Loss 1.3169e+00 (1.6053e+00)	Acc@1  56.25 ( 44.35)	Acc@5  93.75 ( 89.31)
0: Epoch: [2][ 40/782]	Time  0.090 ( 0.197)	Data  0.000 ( 0.112)	Loss 1.4480e+00 (1.5572e+00)	Acc@1  43.75 ( 45.20)	Acc@5  93.75 ( 90.47)
0: Epoch: [2][ 50/782]	Time  0.085 ( 0.175)	Data  0.000 ( 0.090)	Loss 1.4213e+00 (1.5402e+00)	Acc@1  59.38 ( 45.16)	Acc@5  90.62 ( 90.69)
0: Epoch: [2][ 60/782]	Time  0.087 ( 0.161)	Data  0.000 ( 0.076)	Loss 1.9645e+00 (1.5612e+00)	Acc@1  31.25 ( 44.36)	Acc@5  84.38 ( 90.37)
0: Epoch: [2][ 70/782]	Time  0.084 ( 0.151)	Data  0.000 ( 0.065)	Loss 1.7223e+00 (
0: 1.5719e+00)	Acc@1  40.62 ( 44.23)	Acc@5  81.25 ( 90.32)
0: Epoch: [2][ 80/782]	Time  0.089 ( 0.143)	Data  0.000 ( 0.058)	Loss 1.6394e+00 (1.5653e+00)	Acc@1  37.50 ( 44.17)	Acc@5  84.38 ( 90.39)
0: Epoch: [2][ 90/782]	Time  0.089 ( 0.136)	Data  0.000 ( 0.051)	Loss 1.7777e+00 (1.5704e+00)	Acc@1  25.00 ( 43.96)	Acc@5  90.62 ( 90.38)
0: Epoch: [2][100/782]	Time  0.088 ( 0.132)	Data  0.000 ( 0.047)	Loss 1.5778e+00 (1.5736e+00)	Acc@1  37.50 ( 43.97)	Acc@5  93.75 ( 90.32)
0: Epoch: [2][110/782]	Time  0.084 ( 0.127)	Data  0.000 ( 0.042)	Loss 1.9112e+00 (1.5799e+00)	Acc@1  40.62 ( 43.64)	Acc@5  90.62 ( 90.37)
0: Epoch: [2][120/782]	Time  0.087 ( 0.124)	Data  0.000 ( 0.039)	Loss 1.1667e+00 (1.5786e+00)	Acc@1  56.25 ( 43.83)	Acc@5  90.62 ( 90.13)
0: Epoch: [2][130/782]	Time  0.089 ( 0.121)	Data  0.000 ( 0.036)	Loss 1.3535e+00 (1.5740e+00)	Acc@1  40.62 ( 43.87)	Acc@5  96.88 ( 90.20)
0: Epoch: [2][140/782]	Time  0.090 ( 0.119)	Data  0.000 ( 0.034)	Loss 1.6888e+00 (1.5780e+00)	Acc@1  40.62 ( 43.79)	Acc@5  90.62 ( 90.23)
0: Epoch: [2][150/782]	Tim
0: e  0.087 ( 0.117)	Data  0.000 ( 0.032)	Loss 1.5721e+00 (1.5823e+00)	Acc@1  40.62 ( 43.63)	Acc@5  90.62 ( 90.23)
0: Epoch: [2][160/782]	Time  0.089 ( 0.115)	Data  0.000 ( 0.030)	Loss 1.7820e+00 (1.5858e+00)	Acc@1  40.62 ( 43.58)	Acc@5  84.38 ( 90.14)
0: Epoch: [2][170/782]	Time  0.088 ( 0.113)	Data  0.000 ( 0.028)	Loss 1.3272e+00 (1.5868e+00)	Acc@1  59.38 ( 43.62)	Acc@5  90.62 ( 90.20)
0: Epoch: [2][180/782]	Time  0.088 ( 0.112)	Data  0.000 ( 0.027)	Loss 1.6240e+00 (1.5802e+00)	Acc@1  43.75 ( 43.82)	Acc@5  87.50 ( 90.37)
0: Epoch: [2][190/782]	Time  0.088 ( 0.110)	Data  0.000 ( 0.025)	Loss 1.7841e+00 (1.5819e+00)	Acc@1  40.62 ( 43.72)	Acc@5  87.50 ( 90.43)
0: Epoch: [2][200/782]	Time  0.085 ( 0.109)	Data  0.000 ( 0.024)	Loss 1.6510e+00 (1.5816e+00)	Acc@1  43.75 ( 43.87)	Acc@5  90.62 ( 90.45)
0: Epoch: [2][210/782]	Time  0.085 ( 0.108)	Data  0.000 ( 0.023)	Loss 1.6368e+00 (1.5815e+00)	Acc@1  40.62 ( 43.91)	Acc@5  87.50 ( 90.45)
0: Epoch: [2][220/782]	Time  0.089 ( 0.107)	Data  0.000 ( 0.022)	Loss 1.2031e+00 (1.5804e+00)	Acc@1  53.1
0: 2 ( 43.82)	Acc@5  96.88 ( 90.46)
0: Epoch: [2][230/782]	Time  0.084 ( 0.106)	Data  0.000 ( 0.021)	Loss 1.8170e+00 (1.5799e+00)	Acc@1  56.25 ( 43.90)	Acc@5  87.50 ( 90.44)
0: Epoch: [2][240/782]	Time  0.088 ( 0.105)	Data  0.000 ( 0.020)	Loss 1.5783e+00 (1.5820e+00)	Acc@1  31.25 ( 43.75)	Acc@5  87.50 ( 90.48)
0: Epoch: [2][250/782]	Time  0.086 ( 0.105)	Data  0.000 ( 0.020)	Loss 1.4304e+00 (1.5821e+00)	Acc@1  53.12 ( 43.86)	Acc@5  87.50 ( 90.45)
0: Epoch: [2][260/782]	Time  0.088 ( 0.104)	Data  0.000 ( 0.019)	Loss 1.3246e+00 (1.5802e+00)	Acc@1  31.25 ( 43.77)	Acc@5 100.00 ( 90.58)
0: Epoch: [2][270/782]	Time  0.087 ( 0.103)	Data  0.000 ( 0.018)	Loss 1.6154e+00 (1.5769e+00)	Acc@1  43.75 ( 43.88)	Acc@5  90.62 ( 90.60)
0: Epoch: [2][280/782]	Time  0.088 ( 0.103)	Data  0.000 ( 0.018)	Loss 1.7353e+00 (1.5747e+00)	Acc@1  21.88 ( 43.89)	Acc@5  90.62 ( 90.65)
0: Epoch: [2][290/782]	Time  0.087 ( 0.102)	Data  0.000 ( 0.017)	Loss 1.6226e+00 (1.5747e+00)	Acc@1  43.75 ( 43.96)	Acc@5  93.75 ( 90.65)
0: Epoch: [2][300/782]	Time  0.087 ( 0.102)	Data 
0:  0.000 ( 0.017)	Loss 1.4456e+00 (1.5744e+00)	Acc@1  50.00 ( 43.97)	Acc@5  93.75 ( 90.65)
0: Epoch: [2][310/782]	Time  0.087 ( 0.101)	Data  0.000 ( 0.016)	Loss 1.5283e+00 (1.5766e+00)	Acc@1  46.88 ( 43.93)	Acc@5  93.75 ( 90.65)
0: Epoch: [2][320/782]	Time  0.083 ( 0.101)	Data  0.000 ( 0.016)	Loss 1.6308e+00 (1.5772e+00)	Acc@1  40.62 ( 43.89)	Acc@5  90.62 ( 90.66)
0: Epoch: [2][330/782]	Time  0.083 ( 0.100)	Data  0.000 ( 0.015)	Loss 1.6451e+00 (1.5780e+00)	Acc@1  34.38 ( 43.88)	Acc@5  87.50 ( 90.62)
0: Epoch: [2][340/782]	Time  0.083 ( 0.100)	Data  0.000 ( 0.015)	Loss 1.5543e+00 (1.5787e+00)	Acc@1  40.62 ( 43.90)	Acc@5  90.62 ( 90.57)
0: Epoch: [2][350/782]	Time  0.084 ( 0.099)	Data  0.000 ( 0.015)	Loss 1.6289e+00 (1.5793e+00)	Acc@1  46.88 ( 43.96)	Acc@5  90.62 ( 90.56)
0: Epoch: [2][360/782]	Time  0.088 ( 0.099)	Data  0.000 ( 0.014)	Loss 1.4059e+00 (1.5774e+00)	Acc@1  50.00 ( 44.07)	Acc@5  87.50 ( 90.58)
0: Epoch: [2][370/782]	Time  0.086 ( 0.099)	Data  0.000 ( 0.014)	Loss 1.6285e+00 (1.5750e+00)	Acc@1  37.50 ( 44.10)	Acc@5  87.50
0:  ( 90.64)
0: Epoch: [2][380/782]	Time  0.083 ( 0.098)	Data  0.000 ( 0.014)	Loss 1.4791e+00 (1.5745e+00)	Acc@1  46.88 ( 44.14)	Acc@5  93.75 ( 90.66)
0: Epoch: [2][390/782]	Time  0.084 ( 0.098)	Data  0.000 ( 0.013)	Loss 1.2479e+00 (1.5741e+00)	Acc@1  56.25 ( 44.15)	Acc@5  96.88 ( 90.62)
0: Epoch: [2][400/782]	Time  0.085 ( 0.098)	Data  0.000 ( 0.013)	Loss 1.6180e+00 (1.5733e+00)	Acc@1  46.88 ( 44.26)	Acc@5  90.62 ( 90.60)
0: Epoch: [2][410/782]	Time  0.083 ( 0.097)	Data  0.000 ( 0.013)	Loss 1.7775e+00 (1.5729e+00)	Acc@1  40.62 ( 44.27)	Acc@5  84.38 ( 90.61)
0: Epoch: [2][420/782]	Time  0.084 ( 0.097)	Data  0.000 ( 0.012)	Loss 2.0399e+00 (1.5744e+00)	Acc@1  40.62 ( 44.28)	Acc@5  81.25 ( 90.60)
0: Epoch: [2][430/782]	Time  0.086 ( 0.097)	Data  0.000 ( 0.012)	Loss 1.5623e+00 (1.5767e+00)	Acc@1  50.00 ( 44.20)	Acc@5  93.75 ( 90.56)
0: Epoch: [2][440/782]	Time  0.089 ( 0.097)	Data  0.000 ( 0.012)	Loss 1.5623e+00 (1.5751e+00)	Acc@1  40.62 ( 44.22)	Acc@5  96.88 ( 90.62)
0: Epoch: [2][450/782]	Time  0.082 ( 0.096)	Data  0.000 ( 0.012)	Loss 1.
0: 2712e+00 (1.5739e+00)	Acc@1  59.38 ( 44.24)	Acc@5  93.75 ( 90.65)
0: Epoch: [2][460/782]	Time  0.089 ( 0.096)	Data  0.000 ( 0.011)	Loss 1.4008e+00 (1.5731e+00)	Acc@1  46.88 ( 44.30)	Acc@5  93.75 ( 90.68)
0: Epoch: [2][470/782]	Time  0.089 ( 0.096)	Data  0.000 ( 0.011)	Loss 1.3741e+00 (1.5735e+00)	Acc@1  40.62 ( 44.27)	Acc@5  93.75 ( 90.66)
0: Epoch: [2][480/782]	Time  0.086 ( 0.096)	Data  0.000 ( 0.011)	Loss 1.5458e+00 (1.5737e+00)	Acc@1  40.62 ( 44.25)	Acc@5  96.88 ( 90.70)
0: Epoch: [2][490/782]	Time  0.086 ( 0.096)	Data  0.000 ( 0.011)	Loss 1.9051e+00 (1.5734e+00)	Acc@1  43.75 ( 44.27)	Acc@5  87.50 ( 90.71)
0: Epoch: [2][500/782]	Time  0.082 ( 0.095)	Data  0.000 ( 0.011)	Loss 1.7463e+00 (1.5737e+00)	Acc@1  40.62 ( 44.25)	Acc@5  81.25 ( 90.66)
0: Epoch: [2][510/782]	Time  0.084 ( 0.095)	Data  0.000 ( 0.011)	Loss 1.7685e+00 (1.5725e+00)	Acc@1  34.38 ( 44.29)	Acc@5  84.38 ( 90.67)
0: Epoch: [2][520/782]	Time  0.088 ( 0.095)	Data  0.000 ( 0.010)	Loss 1.3143e+00 (1.5722e+00)	Acc@1  46.88 ( 44.30)	Acc@5  93.75 ( 90.65)
0: Epoch: [2][53
0: 0/782]	Time  0.089 ( 0.095)	Data  0.000 ( 0.010)	Loss 1.6247e+00 (1.5725e+00)	Acc@1  34.38 ( 44.26)	Acc@5  90.62 ( 90.62)
0: Epoch: [2][540/782]	Time  0.087 ( 0.095)	Data  0.000 ( 0.010)	Loss 1.3742e+00 (1.5718e+00)	Acc@1  50.00 ( 44.29)	Acc@5  96.88 ( 90.64)
0: Epoch: [2][550/782]	Time  0.083 ( 0.095)	Data  0.000 ( 0.010)	Loss 1.3936e+00 (1.5726e+00)	Acc@1  46.88 ( 44.21)	Acc@5  96.88 ( 90.62)
0: Epoch: [2][560/782]	Time  0.084 ( 0.094)	Data  0.000 ( 0.010)	Loss 1.3668e+00 (1.5720e+00)	Acc@1  59.38 ( 44.24)	Acc@5  96.88 ( 90.60)
0: Epoch: [2][570/782]	Time  0.088 ( 0.094)	Data  0.000 ( 0.010)	Loss 1.6802e+00 (1.5718e+00)	Acc@1  31.25 ( 44.21)	Acc@5  87.50 ( 90.63)
0: Epoch: [2][580/782]	Time  0.088 ( 0.094)	Data  0.000 ( 0.009)	Loss 1.9058e+00 (1.5738e+00)	Acc@1  28.12 ( 44.14)	Acc@5  84.38 ( 90.62)
0: Epoch: [2][590/782]	Time  0.083 ( 0.094)	Data  0.000 ( 0.009)	Loss 1.6872e+00 (1.5745e+00)	Acc@1  34.38 ( 44.08)	Acc@5  93.75 ( 90.62)
0: Epoch: [2][600/782]	Time  0.086 ( 0.094)	Data  0.000 ( 0.009)	Loss 1.8914e+00 (1.5756e+00)	A
0: cc@1  34.38 ( 44.00)	Acc@5  84.38 ( 90.58)
0: Epoch: [2][  0/782]	Time  4.662 ( 4.662)	Data  4.572 ( 4.572)	Loss 1.6852e+00 (1.6852e+00)	Acc@1  28.12 ( 28.12)	Acc@5 100.00 (100.00)
0: Epoch: [2][ 10/782]	Time  0.086 ( 0.502)	Data  0.000 ( 0.417)	Loss 1.8137e+00 (1.6760e+00)	Acc@1  34.38 ( 38.92)	Acc@5  90.62 ( 88.07)
0: Epoch: [2][ 20/782]	Time  0.083 ( 0.304)	Data  0.000 ( 0.219)	Loss 1.5501e+00 (1.6418e+00)	Acc@1  40.62 ( 41.82)	Acc@5  81.25 ( 88.69)
0: Epoch: [2][ 30/782]	Time  0.082 ( 0.234)	Data  0.000 ( 0.149)	Loss 1.6667e+00 (1.6273e+00)	Acc@1  37.50 ( 41.73)	Acc@5  84.38 ( 89.21)
0: Epoch: [2][ 40/782]	Time  0.090 ( 0.198)	Data  0.000 ( 0.113)	Loss 1.6054e+00 (1.6102e+00)	Acc@1  53.12 ( 42.07)	Acc@5  93.75 ( 89.86)
0: Epoch: [2][ 50/782]	Time  0.089 ( 0.177)	Data  0.000 ( 0.091)	Loss 1.6642e+00 (1.6230e+00)	Acc@1  34.38 ( 41.36)	Acc@5  87.50 ( 89.52)
0: Epoch: [2][ 60/782]	Time  0.089 ( 0.162)	Data  0.000 ( 0.076)	Loss 1.8203e+00 (1.6230e+00)	Acc@1  34.38 ( 41.80)	Acc@5  93.75 ( 89.55)
0: Epoch: [2][ 70/782]	Time  0.086 ( 0.151)	Data  0.000 ( 0.066)	Loss 1.7843e+00 (
0: 1.6333e+00)	Acc@1  43.75 ( 41.46)	Acc@5  90.62 ( 89.35)
0: Epoch: [2][ 80/782]	Time  0.088 ( 0.143)	Data  0.000 ( 0.058)	Loss 1.2029e+00 (1.6217e+00)	Acc@1  62.50 ( 41.86)	Acc@5  93.75 ( 89.62)
0: Epoch: [2][ 90/782]	Time  0.089 ( 0.137)	Data  0.000 ( 0.052)	Loss 1.7551e+00 (1.6159e+00)	Acc@1  43.75 ( 42.24)	Acc@5  90.62 ( 89.87)
0: Epoch: [2][100/782]	Time  0.085 ( 0.132)	Data  0.000 ( 0.047)	Loss 1.4748e+00 (1.6160e+00)	Acc@1  40.62 ( 41.96)	Acc@5  96.88 ( 90.04)
0: Epoch: [2][110/782]	Time  0.081 ( 0.128)	Data  0.000 ( 0.043)	Loss 1.6553e+00 (1.6204e+00)	Acc@1  43.75 ( 41.81)	Acc@5  90.62 ( 90.23)
0: Epoch: [2][120/782]	Time  0.086 ( 0.125)	Data  0.000 ( 0.039)	Loss 1.4531e+00 (1.6146e+00)	Acc@1  43.75 ( 41.97)	Acc@5 100.00 ( 90.34)
0: Epoch: [2][130/782]	Time  0.088 ( 0.122)	Data  0.000 ( 0.037)	Loss 1.5361e+00 (1.6194e+00)	Acc@1  43.75 ( 41.89)	Acc@5  93.75 ( 90.36)
0: Epoch: [2][140/782]	Time  0.086 ( 0.119)	Data  0.000 ( 0.034)	Loss 1.3339e+00 (1.6161e+00)	Acc@1  37.50 ( 41.91)	Acc@5 100.00 ( 90.34)
0: Epoch: [2][150/782]	Tim
0: e  0.088 ( 0.117)	Data  0.000 ( 0.032)	Loss 1.5480e+00 (1.6206e+00)	Acc@1  40.62 ( 41.62)	Acc@5  96.88 ( 90.40)
0: Epoch: [2][160/782]	Time  0.087 ( 0.115)	Data  0.000 ( 0.030)	Loss 1.4891e+00 (1.6175e+00)	Acc@1  40.62 ( 41.63)	Acc@5  87.50 ( 90.30)
0: Epoch: [2][170/782]	Time  0.087 ( 0.114)	Data  0.000 ( 0.028)	Loss 1.4041e+00 (1.6144e+00)	Acc@1  43.75 ( 41.83)	Acc@5  93.75 ( 90.28)
0: Epoch: [2][180/782]	Time  0.087 ( 0.112)	Data  0.000 ( 0.027)	Loss 1.3681e+00 (1.6074e+00)	Acc@1  40.62 ( 41.94)	Acc@5 100.00 ( 90.42)
0: Epoch: [2][190/782]	Time  0.087 ( 0.111)	Data  0.000 ( 0.026)	Loss 1.5061e+00 (1.6061e+00)	Acc@1  34.38 ( 42.00)	Acc@5  90.62 ( 90.43)
0: Epoch: [2][200/782]	Time  0.090 ( 0.110)	Data  0.000 ( 0.024)	Loss 1.8163e+00 (1.6017e+00)	Acc@1  43.75 ( 42.21)	Acc@5  84.38 ( 90.35)
0: Epoch: [2][210/782]	Time  0.088 ( 0.108)	Data  0.000 ( 0.023)	Loss 1.6115e+00 (1.5957e+00)	Acc@1  46.88 ( 42.57)	Acc@5  93.75 ( 90.36)
0: Epoch: [2][220/782]	Time  0.089 ( 0.108)	Data  0.000 ( 0.022)	Loss 1.5995e+00 (1.5955e+00)	Acc@1  40.6
0: 2 ( 42.72)	Acc@5  93.75 ( 90.34)
0: Epoch: [2][230/782]	Time  0.086 ( 0.107)	Data  0.000 ( 0.022)	Loss 1.6543e+00 (1.5988e+00)	Acc@1  46.88 ( 42.65)	Acc@5  93.75 ( 90.38)
0: Epoch: [2][240/782]	Time  0.087 ( 0.106)	Data  0.000 ( 0.021)	Loss 1.8617e+00 (1.5988e+00)	Acc@1  31.25 ( 42.73)	Acc@5  87.50 ( 90.33)
0: Epoch: [2][250/782]	Time  0.089 ( 0.105)	Data  0.000 ( 0.020)	Loss 1.5491e+00 (1.5936e+00)	Acc@1  53.12 ( 42.94)	Acc@5  87.50 ( 90.39)
0: Epoch: [2][260/782]	Time  0.081 ( 0.104)	Data  0.000 ( 0.019)	Loss 1.7572e+00 (1.5949e+00)	Acc@1  40.62 ( 42.90)	Acc@5  84.38 ( 90.36)
0: Epoch: [2][270/782]	Time  0.087 ( 0.104)	Data  0.000 ( 0.019)	Loss 1.5513e+00 (1.5915e+00)	Acc@1  50.00 ( 43.10)	Acc@5  93.75 ( 90.43)
0: Epoch: [2][280/782]	Time  0.087 ( 0.103)	Data  0.000 ( 0.018)	Loss 1.6003e+00 (1.5913e+00)	Acc@1  50.00 ( 43.26)	Acc@5  84.38 ( 90.46)
0: Epoch: [2][290/782]	Time  0.087 ( 0.102)	Data  0.000 ( 0.017)	Loss 1.3937e+00 (1.5922e+00)	Acc@1  43.75 ( 43.30)	Acc@5  93.75 ( 90.45)
0: Epoch: [2][300/782]	Time  0.089 ( 0.102)	Data 
0:  0.000 ( 0.017)	Loss 1.6219e+00 (1.5911e+00)	Acc@1  43.75 ( 43.38)	Acc@5  90.62 ( 90.54)
0: Epoch: [2][310/782]	Time  0.086 ( 0.101)	Data  0.000 ( 0.016)	Loss 1.5205e+00 (1.5938e+00)	Acc@1  53.12 ( 43.40)	Acc@5  87.50 ( 90.50)
0: Epoch: [2][320/782]	Time  0.084 ( 0.101)	Data  0.000 ( 0.016)	Loss 1.5888e+00 (1.5954e+00)	Acc@1  46.88 ( 43.29)	Acc@5  93.75 ( 90.52)
0: Epoch: [2][330/782]	Time  0.084 ( 0.100)	Data  0.000 ( 0.016)	Loss 1.5604e+00 (1.5946e+00)	Acc@1  56.25 ( 43.50)	Acc@5  81.25 ( 90.48)
0: Epoch: [2][340/782]	Time  0.084 ( 0.100)	Data  0.000 ( 0.015)	Loss 1.6006e+00 (1.5970e+00)	Acc@1  37.50 ( 43.51)	Acc@5  84.38 ( 90.41)
0: Epoch: [2][350/782]	Time  0.086 ( 0.100)	Data  0.000 ( 0.015)	Loss 1.9573e+00 (1.5983e+00)	Acc@1  37.50 ( 43.55)	Acc@5  81.25 ( 90.38)
0: Epoch: [2][360/782]	Time  0.088 ( 0.099)	Data  0.000 ( 0.014)	Loss 1.6286e+00 (1.5988e+00)	Acc@1  50.00 ( 43.59)	Acc@5  87.50 ( 90.34)
0: Epoch: [2][370/782]	Time  0.088 ( 0.099)	Data  0.000 ( 0.014)	Loss 1.9940e+00 (1.5984e+00)	Acc@1  34.38 ( 43.57)	Acc@5  81.25
0:  ( 90.31)
0: Epoch: [2][380/782]	Time  0.083 ( 0.098)	Data  0.000 ( 0.014)	Loss 1.9939e+00 (1.5983e+00)	Acc@1  40.62 ( 43.53)	Acc@5  78.12 ( 90.31)
0: Epoch: [2][390/782]	Time  0.086 ( 0.098)	Data  0.000 ( 0.013)	Loss 1.5873e+00 (1.5985e+00)	Acc@1  59.38 ( 43.59)	Acc@5  90.62 ( 90.30)
0: Epoch: [2][400/782]	Time  0.083 ( 0.098)	Data  0.000 ( 0.013)	Loss 1.5697e+00 (1.5966e+00)	Acc@1  37.50 ( 43.63)	Acc@5  87.50 ( 90.30)
0: Epoch: [2][410/782]	Time  0.083 ( 0.098)	Data  0.000 ( 0.013)	Loss 1.1705e+00 (1.5947e+00)	Acc@1  59.38 ( 43.77)	Acc@5  93.75 ( 90.33)
0: Epoch: [2][420/782]	Time  0.081 ( 0.097)	Data  0.000 ( 0.013)	Loss 2.0430e+00 (1.5930e+00)	Acc@1  34.38 ( 43.85)	Acc@5  81.25 ( 90.35)
0: Epoch: [2][430/782]	Time  0.089 ( 0.097)	Data  0.000 ( 0.012)	Loss 1.2273e+00 (1.5903e+00)	Acc@1  59.38 ( 43.97)	Acc@5  96.88 ( 90.34)
0: Epoch: [2][440/782]	Time  0.088 ( 0.097)	Data  0.000 ( 0.012)	Loss 1.7377e+00 (1.5899e+00)	Acc@1  65.62 ( 44.08)	Acc@5  84.38 ( 90.38)
0: Epoch: [2][450/782]	Time  0.086 ( 0.097)	Data  0.000 ( 0.012)	Loss 1.
0: 6191e+00 (1.5910e+00)	Acc@1  40.62 ( 44.03)	Acc@5  90.62 ( 90.40)
0: Epoch: [2][460/782]	Time  0.088 ( 0.096)	Data  0.000 ( 0.012)	Loss 1.9597e+00 (1.5937e+00)	Acc@1  31.25 ( 43.94)	Acc@5  87.50 ( 90.34)
0: Epoch: [2][470/782]	Time  0.089 ( 0.096)	Data  0.000 ( 0.011)	Loss 1.2923e+00 (1.5916e+00)	Acc@1  43.75 ( 43.90)	Acc@5 100.00 ( 90.40)
0: Epoch: [2][480/782]	Time  0.089 ( 0.096)	Data  0.000 ( 0.011)	Loss 1.5127e+00 (1.5910e+00)	Acc@1  56.25 ( 43.93)	Acc@5  87.50 ( 90.40)
0: Epoch: [2][490/782]	Time  0.085 ( 0.096)	Data  0.000 ( 0.011)	Loss 1.7104e+00 (1.5880e+00)	Acc@1  37.50 ( 43.99)	Acc@5  93.75 ( 90.44)
0: Epoch: [2][500/782]	Time  0.082 ( 0.096)	Data  0.000 ( 0.011)	Loss 1.6704e+00 (1.5878e+00)	Acc@1  37.50 ( 43.94)	Acc@5  93.75 ( 90.45)
0: Epoch: [2][510/782]	Time  0.086 ( 0.095)	Data  0.000 ( 0.011)	Loss 1.3756e+00 (1.5875e+00)	Acc@1  53.12 ( 44.04)	Acc@5  96.88 ( 90.44)
0: Epoch: [2][520/782]	Time  0.087 ( 0.095)	Data  0.000 ( 0.011)	Loss 1.4671e+00 (1.5850e+00)	Acc@1  56.25 ( 44.14)	Acc@5  96.88 ( 90.51)
0: Epoch: [2][53
0: 0/782]	Time  0.088 ( 0.095)	Data  0.000 ( 0.010)	Loss 1.4452e+00 (1.5840e+00)	Acc@1  50.00 ( 44.21)	Acc@5  87.50 ( 90.49)
0: Epoch: [2][540/782]	Time  0.087 ( 0.095)	Data  0.000 ( 0.010)	Loss 1.2673e+00 (1.5848e+00)	Acc@1  59.38 ( 44.26)	Acc@5 100.00 ( 90.46)
0: Epoch: [2][550/782]	Time  0.084 ( 0.095)	Data  0.000 ( 0.010)	Loss 1.1646e+00 (1.5832e+00)	Acc@1  65.62 ( 44.29)	Acc@5 100.00 ( 90.51)
0: Epoch: [2][560/782]	Time  0.084 ( 0.094)	Data  0.000 ( 0.010)	Loss 1.5778e+00 (1.5855e+00)	Acc@1  34.38 ( 44.14)	Acc@5  93.75 ( 90.46)
0: Epoch: [2][570/782]	Time  0.087 ( 0.094)	Data  0.000 ( 0.010)	Loss 1.8065e+00 (1.5845e+00)	Acc@1  43.75 ( 44.16)	Acc@5  90.62 ( 90.47)
0: Epoch: [2][580/782]	Time  0.088 ( 0.094)	Data  0.000 ( 0.010)	Loss 1.7090e+00 (1.5839e+00)	Acc@1  43.75 ( 44.16)	Acc@5  87.50 ( 90.50)
0: Epoch: [2][590/782]	Time  0.085 ( 0.094)	Data  0.000 ( 0.010)	Loss 1.5301e+00 (1.5832e+00)	Acc@1  40.62 ( 44.19)	Acc@5  93.75 ( 90.57)
0: Epoch: [2][600/782]	Time  0.084 ( 0.094)	Data  0.000 ( 0.009)	Loss 1.4690e+00 (1.5825e+00)	A
0: cc@1  40.62 ( 44.16)	Acc@5 100.00 ( 90.60)
0: 
0: Epoch: [2][610/782]	Time  0.082 ( 0.094)	Data  0.000 ( 0.009)	Loss 1.5617e+00 (1.5736e+00)	Acc@1  43.75 ( 44.07)	Acc@5  96.88 ( 90.65)
0: Epoch: [2][620/782]	Time  0.086 ( 0.094)	Data  0.000 ( 0.009)	Loss 1.6738e+00 (1.5742e+00)	Acc@1  46.88 ( 44.09)	Acc@5  90.62 ( 90.62)
0: Epoch: [2][630/782]	Time  0.087 ( 0.093)	Data  0.000 ( 0.009)	Loss 1.4863e+00 (1.5735e+00)	Acc@1  43.75 ( 44.12)	Acc@5  90.62 ( 90.65)
0: Epoch: [2][640/782]	Time  0.089 ( 0.093)	Data  0.000 ( 0.009)	Loss 1.3243e+00 (1.5726e+00)	Acc@1  50.00 ( 44.13)	Acc@5  96.88 ( 90.63)
0: Epoch: [2][650/782]	Time  0.089 ( 0.093)	Data  0.000 ( 0.009)	Loss 1.1311e+00 (1.5724e+00)	Acc@1  62.50 ( 44.15)	Acc@5  96.88 ( 90.61)
0: Epoch: [2][660/782]	Time  0.087 ( 0.093)	Data  0.000 ( 0.009)	Loss 1.3379e+00 (1.5700e+00)	Acc@1  59.38 ( 44.25)	Acc@5  84.38 ( 90.61)
0: Epoch: [2][670/782]	Time  0.084 ( 0.093)	Data  0.000 ( 0.008)	Loss 1.4427e+00 (1.5706e+00)	Acc@1  46.88 ( 44.21)	Acc@5  87.50 ( 90.60)
0: Epoch: [2][680/782]	Time  0.086 ( 0.093)	Data  0.000 ( 0.008)	Loss 1.6500e+00 
0: (1.5703e+00)	Acc@1  40.62 ( 44.20)	Acc@5  87.50 ( 90.60)
0: Epoch: [2][690/782]	Time  0.089 ( 0.093)	Data  0.000 ( 0.008)	Loss 1.6962e+00 (1.5698e+00)	Acc@1  43.75 ( 44.24)	Acc@5  87.50 ( 90.58)
0: Epoch: [2][700/782]	Time  0.088 ( 0.093)	Data  0.000 ( 0.008)	Loss 1.8704e+00 (1.5708e+00)	Acc@1  40.62 ( 44.24)	Acc@5  84.38 ( 90.57)
0: Epoch: [2][710/782]	Time  0.088 ( 0.093)	Data  0.000 ( 0.008)	Loss 1.4803e+00 (1.5700e+00)	Acc@1  40.62 ( 44.24)	Acc@5  90.62 ( 90.58)
0: Epoch: [2][720/782]	Time  0.088 ( 0.093)	Data  0.000 ( 0.008)	Loss 1.5646e+00 (1.5706e+00)	Acc@1  46.88 ( 44.16)	Acc@5  84.38 ( 90.56)
0: Epoch: [2][730/782]	Time  0.087 ( 0.092)	Data  0.000 ( 0.008)	Loss 1.6277e+00 (1.5710e+00)	Acc@1  43.75 ( 44.16)	Acc@5  87.50 ( 90.53)
0: Epoch: [2][740/782]	Time  0.088 ( 0.092)	Data  0.000 ( 0.008)	Loss 1.6088e+00 (1.5700e+00)	Acc@1  40.62 ( 44.16)	Acc@5  93.75 ( 90.58)
0: Epoch: [2][750/782]	Time  0.089 ( 0.092)	Data  0.000 ( 0.008)	Loss 1.3685e+00 (1.5700e+00)	Acc@1  59.38 ( 44.17)	Acc@5  93.75 ( 90.56)
0: Epoch: [2][760/782]	Ti
0: me  0.089 ( 0.092)	Data  0.000 ( 0.008)	Loss 1.6514e+00 (1.5692e+00)	Acc@1  46.88 ( 44.17)	Acc@5  87.50 ( 90.58)
0: Epoch: [2][770/782]	Time  0.088 ( 0.092)	Data  0.000 ( 0.008)	Loss 1.9146e+00 (1.5688e+00)	Acc@1  37.50 ( 44.19)	Acc@5  84.38 ( 90.60)
0: Epoch: [2][780/782]	Time  0.089 ( 0.092)	Data  0.000 ( 0.007)	Loss 1.3938e+00 (1.5683e+00)	Acc@1  53.12 ( 44.18)	Acc@5  90.62 ( 90.62)
0: 
0: Epoch: [2][610/782]	Time  0.084 ( 0.094)	Data  0.000 ( 0.009)	Loss 1.4093e+00 (1.5816e+00)	Acc@1  37.50 ( 44.15)	Acc@5  90.62 ( 90.62)
0: Epoch: [2][620/782]	Time  0.089 ( 0.094)	Data  0.000 ( 0.009)	Loss 1.2984e+00 (1.5808e+00)	Acc@1  53.12 ( 44.14)	Acc@5  90.62 ( 90.60)
0: Epoch: [2][630/782]	Time  0.089 ( 0.094)	Data  0.000 ( 0.009)	Loss 1.8765e+00 (1.5781e+00)	Acc@1  37.50 ( 44.25)	Acc@5  84.38 ( 90.63)
0: Epoch: [2][640/782]	Time  0.088 ( 0.093)	Data  0.000 ( 0.009)	Loss 1.3331e+00 (1.5772e+00)	Acc@1  62.50 ( 44.28)	Acc@5  96.88 ( 90.66)
0: Epoch: [2][650/782]	Time  0.089 ( 0.093)	Data  0.000 ( 0.009)	Loss 1.6324e+00 (1.5772e+00)	Acc@1  40.62 ( 44.27)	Acc@5  84.38 ( 90.66)
0: Epoch: [2][660/782]	Time  0.089 ( 0.093)	Data  0.000 ( 0.009)	Loss 1.5020e+00 (1.5760e+00)	Acc@1  50.00 ( 44.30)	Acc@5  96.88 ( 90.65)
0: Epoch: [2][670/782]	Time  0.084 ( 0.093)	Data  0.000 ( 0.009)	Loss 1.7485e+00 (1.5757e+00)	Acc@1  43.75 ( 44.34)	Acc@5  87.50 ( 90.66)
0: Epoch: [2][680/782]	Time  0.086 ( 0.093)	Data  0.000 ( 0.008)	Loss 1.1663e+00 
0: (1.5748e+00)	Acc@1  59.38 ( 44.41)	Acc@5  96.88 ( 90.64)
0: Epoch: [2][690/782]	Time  0.088 ( 0.093)	Data  0.000 ( 0.008)	Loss 1.6589e+00 (1.5737e+00)	Acc@1  53.12 ( 44.51)	Acc@5  90.62 ( 90.68)
0: Epoch: [2][700/782]	Time  0.088 ( 0.093)	Data  0.000 ( 0.008)	Loss 1.4575e+00 (1.5750e+00)	Acc@1  43.75 ( 44.50)	Acc@5  90.62 ( 90.64)
0: Epoch: [2][710/782]	Time  0.087 ( 0.093)	Data  0.000 ( 0.008)	Loss 1.2623e+00 (1.5734e+00)	Acc@1  53.12 ( 44.53)	Acc@5  96.88 ( 90.66)
0: Epoch: [2][720/782]	Time  0.087 ( 0.093)	Data  0.000 ( 0.008)	Loss 1.2150e+00 (1.5730e+00)	Acc@1  56.25 ( 44.53)	Acc@5 100.00 ( 90.66)
0: Epoch: [2][730/782]	Time  0.089 ( 0.093)	Data  0.000 ( 0.008)	Loss 1.6628e+00 (1.5719e+00)	Acc@1  43.75 ( 44.55)	Acc@5  96.88 ( 90.71)
0: Epoch: [2][740/782]	Time  0.087 ( 0.092)	Data  0.000 ( 0.008)	Loss 1.3937e+00 (1.5725e+00)	Acc@1  56.25 ( 44.53)	Acc@5  90.62 ( 90.66)
0: Epoch: [2][750/782]	Time  0.089 ( 0.092)	Data  0.000 ( 0.008)	Loss 1.4479e+00 (1.5716e+00)	Acc@1  59.38 ( 44.55)	Acc@5  87.50 ( 90.66)
0: Epoch: [2][760/782]	Ti
0: me  0.084 ( 0.092)	Data  0.000 ( 0.008)	Loss 1.5465e+00 (1.5709e+00)	Acc@1  50.00 ( 44.61)	Acc@5  93.75 ( 90.67)
0: Epoch: [2][770/782]	Time  0.089 ( 0.092)	Data  0.000 ( 0.008)	Loss 1.6307e+00 (1.5723e+00)	Acc@1  37.50 ( 44.58)	Acc@5  87.50 ( 90.64)
0: Epoch: [2][780/782]	Time  0.089 ( 0.092)	Data  0.000 ( 0.008)	Loss 1.7130e+00 (1.5726e+00)	Acc@1  40.62 ( 44.55)	Acc@5  96.88 ( 90.67)
0: Test: [  0/313]	Time  2.346 ( 2.346)	Loss 1.2762e+00 (1.2762e+00)	Acc@1  50.00 ( 50.00)	Acc@5 100.00 (100.00)
0: Test: [ 10/313]	Time  0.019 ( 0.231)	Loss 1.4776e+00 (1.4837e+00)	Acc@1  46.88 ( 47.44)	Acc@5  90.62 ( 92.05)
0: Test: [ 20/313]	Time  0.020 ( 0.130)	Loss 1.4543e+00 (1.4615e+00)	Acc@1  53.12 ( 48.21)	Acc@5  96.88 ( 92.56)
0: Test: [ 30/313]	Time  0.019 ( 0.094)	Loss 1.3470e+00 (1.4961e+00)	Acc@1  53.12 ( 47.08)	Acc@5  90.62 ( 92.84)
0: Test: [ 40/313]	Time  0.019 ( 0.076)	Loss 1.9504e+00 (1.5364e+00)	Acc@1  31.25 ( 46.72)	Acc@5  90.62 ( 92.68)
0: Test: [ 50/313]	Time  0.019 ( 0.065)	Loss 1.6540e+00 (1.5209e+00)	Acc@1  34.38 ( 46.57)	Acc@5  93.75 ( 92.89)
0: Test: [ 60/313]	Time  0.019 ( 0.057)	Loss 1.5219e+00 (1.5313e+00)	Acc@1  34.38 ( 45.80)	Acc@5  90.62 ( 92.57)
0: Test: [ 70/313]	Time  0.019 ( 0.052)	Loss 1.8444e+00 (1.5371e+00)	Acc@1  37.50 ( 45.55)	Acc@5  87.50 ( 92.61)
0: Test: [ 80/313]	Time  0.019 ( 0.048)	Loss 1.6975e+00 (1.5417e+00)	Acc@1  46.88 ( 45.29)	Acc@5  90.62 ( 92.40)
0: Test: [ 90/313]	Time  0.019 ( 0.04
0: 5)	Loss 1.9597e+00 (1.5397e+00)	Acc@1  40.62 ( 45.57)	Acc@5  81.25 ( 92.14)
0: Test: [100/313]	Time  0.019 ( 0.042)	Loss 1.7769e+00 (1.5347e+00)	Acc@1  34.38 ( 45.76)	Acc@5  87.50 ( 92.05)
0: Test: [110/313]	Time  0.020 ( 0.040)	Loss 1.4861e+00 (1.5267e+00)	Acc@1  50.00 ( 45.86)	Acc@5  93.75 ( 92.06)
0: Test: [120/313]	Time  0.019 ( 0.038)	Loss 1.6452e+00 (1.5213e+00)	Acc@1  40.62 ( 45.82)	Acc@5  96.88 ( 92.02)
0: Test: [130/313]	Time  0.019 ( 0.037)	Loss 1.3755e+00 (1.5215e+00)	Acc@1  53.12 ( 45.56)	Acc@5  87.50 ( 91.96)
0: Test: [140/313]	Time  0.019 ( 0.036)	Loss 1.3868e+00 (1.5178e+00)	Acc@1  53.12 ( 45.86)	Acc@5  96.88 ( 92.13)
0: Test: [150/313]	Time  0.019 ( 0.034)	Loss 1.3997e+00 (1.5135e+00)	Acc@1  56.25 ( 46.01)	Acc@5  96.88 ( 92.28)
0: Test: [160/313]	Time  0.019 ( 0.034)	Loss 1.4915e+00 (1.5070e+00)	Acc@1  40.62 ( 46.06)	Acc@5  90.62 ( 92.33)
0: Test: [170/313]	Time  0.019 ( 0.033)	Loss 1.7400e+00 (1.5071e+00)	Acc@1  40.62 ( 46.07)	Acc@5  84.38 ( 92.29)
0: Test: [180/313]	Time  0.019 ( 0.032)	Loss 1.1173e+00 (1.5051e+00)	Ac
0: c@1  53.12 ( 46.08)	Acc@5  96.88 ( 92.42)
0: Test: [190/313]	Time  0.019 ( 0.031)	Loss 1.1976e+00 (1.5035e+00)	Acc@1  50.00 ( 46.04)	Acc@5 100.00 ( 92.51)
0: Test: [200/313]	Time  0.019 ( 0.031)	Loss 1.5352e+00 (1.5064e+00)	Acc@1  43.75 ( 45.97)	Acc@5  90.62 ( 92.41)
0: Test: [210/313]	Time  0.019 ( 0.030)	Loss 1.7259e+00 (1.5070e+00)	Acc@1  46.88 ( 46.00)	Acc@5  87.50 ( 92.19)
0: Test: [220/313]	Time  0.019 ( 0.030)	Loss 1.6164e+00 (1.5086e+00)	Acc@1  34.38 ( 45.81)	Acc@5  87.50 ( 92.19)
0: Test: [230/313]	Time  0.019 ( 0.029)	Loss 1.3128e+00 (1.5032e+00)	Acc@1  65.62 ( 46.02)	Acc@5  90.62 ( 92.29)
0: Test: [240/313]	Time  0.019 ( 0.029)	Loss 1.1320e+00 (1.5048e+00)	Acc@1  59.38 ( 46.03)	Acc@5  87.50 ( 92.28)
0: Test: [250/313]	Time  0.019 ( 0.028)	Loss 1.4079e+00 (1.5064e+00)	Acc@1  43.75 ( 46.02)	Acc@5  93.75 ( 92.23)
0: Test: [260/313]	Time  0.019 ( 0.028)	Loss 1.5966e+00 (1.5103e+00)	Acc@1  50.00 ( 45.82)	Acc@5  93.75 ( 92.12)
0: Test: [270/313]	Time  0.019 ( 0.028)	Loss 1.5770e+00 (1.5107e+00)	Acc@1  46.88 ( 45.83)	Acc@5  93.75 (
0:  92.17)
0: Test: [280/313]	Time  0.019 ( 0.027)	Loss 1.4594e+00 (1.5111e+00)	Acc@1  56.25 ( 45.89)	Acc@5  90.62 ( 92.14)
0: Test: [290/313]	Time  0.019 ( 0.027)	Loss 1.8474e+00 (1.5092e+00)	Acc@1  28.12 ( 45.91)	Acc@5  81.25 ( 92.12)
0: Test: [300/313]	Time  0.019 ( 0.027)	Loss 1.5224e+00 (1.5095e+00)	Acc@1  37.50 ( 45.92)	Acc@5  90.62 ( 92.06)
0: Test: [310/313]	Time  0.019 ( 0.027)	Loss 1.5631e+00 (1.5126e+00)	Acc@1  43.75 ( 45.98)	Acc@5  93.75 ( 92.07)
0:  * Acc@1 46.000 Acc@5 92.080
0: Epoch 2/3 - 80.526s
0: Steps per epoch: 782
0: Validation steps per epoch: 313
0: Average time per epoch: 81.867 s
0: Test: [  0/313]	Time  2.356 ( 2.356)	Loss 1.2762e+00 (1.2762e+00)	Acc@1  50.00 ( 50.00)	Acc@5 100.00 (100.00)
0: Test: [ 10/313]	Time  0.019 ( 0.231)	Loss 1.4776e+00 (1.4837e+00)	Acc@1  46.88 ( 47.44)	Acc@5  90.62 ( 92.05)
0: Test: [ 20/313]	Time  0.019 ( 0.130)	Loss 1.4543e+00 (1.4615e+00)	Acc@1  53.12 ( 48.21)	Acc@5  96.88 ( 92.56)
0: Test: [ 30/313]	Time  0.019 ( 0.094)	Loss 1.3470e+00 (1.4961e+00)	Acc@1  53.12 ( 47.08)	Acc@5  90.62 ( 92.84)
0: Test: [ 40/313]	Time  0.019 ( 0.076)	Loss 1.9504e+00 (1.5364e+00)	Acc@1  31.25 ( 46.72)	Acc@5  90.62 ( 92.68)
0: Test: [ 50/313]	Time  0.019 ( 0.065)	Loss 1.6540e+00 (1.5209e+00)	Acc@1  34.38 ( 46.57)	Acc@5  93.75 ( 92.89)
0: Test: [ 60/313]	Time  0.019 ( 0.057)	Loss 1.5219e+00 (1.5313e+00)	Acc@1  34.38 ( 45.80)	Acc@5  90.62 ( 92.57)
0: Test: [ 70/313]	Time  0.020 ( 0.052)	Loss 1.8444e+00 (1.5371e+00)	Acc@1  37.50 ( 45.55)	Acc@5  87.50 ( 92.61)
0: Test: [ 80/313]	Time  0.019 ( 0.048)	Loss 1.6975e+00 (1.5417e+00)	Acc@1  46.88 ( 45.29)	Acc@5  90.62 ( 92.40)
0: Test: [ 90/313]	Time  0.019 ( 0.04
0: 5)	Loss 1.9597e+00 (1.5397e+00)	Acc@1  40.62 ( 45.57)	Acc@5  81.25 ( 92.14)
0: Test: [100/313]	Time  0.019 ( 0.042)	Loss 1.7769e+00 (1.5347e+00)	Acc@1  34.38 ( 45.76)	Acc@5  87.50 ( 92.05)
0: Test: [110/313]	Time  0.019 ( 0.040)	Loss 1.4861e+00 (1.5267e+00)	Acc@1  50.00 ( 45.86)	Acc@5  93.75 ( 92.06)
0: Test: [120/313]	Time  0.019 ( 0.038)	Loss 1.6452e+00 (1.5213e+00)	Acc@1  40.62 ( 45.82)	Acc@5  96.88 ( 92.02)
0: Test: [130/313]	Time  0.019 ( 0.037)	Loss 1.3755e+00 (1.5215e+00)	Acc@1  53.12 ( 45.56)	Acc@5  87.50 ( 91.96)
0: Test: [140/313]	Time  0.020 ( 0.036)	Loss 1.3868e+00 (1.5178e+00)	Acc@1  53.12 ( 45.86)	Acc@5  96.88 ( 92.13)
0: Test: [150/313]	Time  0.019 ( 0.034)	Loss 1.3997e+00 (1.5135e+00)	Acc@1  56.25 ( 46.01)	Acc@5  96.88 ( 92.28)
0: Test: [160/313]	Time  0.019 ( 0.034)	Loss 1.4915e+00 (1.5070e+00)	Acc@1  40.62 ( 46.06)	Acc@5  90.62 ( 92.33)
0: Test: [170/313]	Time  0.019 ( 0.033)	Loss 1.7400e+00 (1.5071e+00)	Acc@1  40.62 ( 46.07)	Acc@5  84.38 ( 92.29)
0: Test: [180/313]	Time  0.019 ( 0.032)	Loss 1.1173e+00 (1.5051e+00)	Ac
0: c@1  53.12 ( 46.08)	Acc@5  96.88 ( 92.42)
0: Test: [190/313]	Time  0.020 ( 0.031)	Loss 1.1976e+00 (1.5035e+00)	Acc@1  50.00 ( 46.04)	Acc@5 100.00 ( 92.51)
0: Test: [200/313]	Time  0.019 ( 0.031)	Loss 1.5352e+00 (1.5064e+00)	Acc@1  43.75 ( 45.97)	Acc@5  90.62 ( 92.41)
0: Test: [210/313]	Time  0.019 ( 0.030)	Loss 1.7259e+00 (1.5070e+00)	Acc@1  46.88 ( 46.00)	Acc@5  87.50 ( 92.19)
0: Test: [220/313]	Time  0.019 ( 0.030)	Loss 1.6164e+00 (1.5086e+00)	Acc@1  34.38 ( 45.81)	Acc@5  87.50 ( 92.19)
0: Test: [230/313]	Time  0.019 ( 0.029)	Loss 1.3128e+00 (1.5032e+00)	Acc@1  65.62 ( 46.02)	Acc@5  90.62 ( 92.29)
0: Test: [240/313]	Time  0.019 ( 0.029)	Loss 1.1320e+00 (1.5048e+00)	Acc@1  59.38 ( 46.03)	Acc@5  87.50 ( 92.28)
0: Test: [250/313]	Time  0.019 ( 0.028)	Loss 1.4079e+00 (1.5064e+00)	Acc@1  43.75 ( 46.02)	Acc@5  93.75 ( 92.23)
0: Test: [260/313]	Time  0.019 ( 0.028)	Loss 1.5966e+00 (1.5103e+00)	Acc@1  50.00 ( 45.82)	Acc@5  93.75 ( 92.12)
0: Test: [270/313]	Time  0.019 ( 0.028)	Loss 1.5770e+00 (1.5107e+00)	Acc@1  46.88 ( 45.83)	Acc@5  93.75 (
0:  92.17)
0: Test: [280/313]	Time  0.019 ( 0.028)	Loss 1.4594e+00 (1.5111e+00)	Acc@1  56.25 ( 45.89)	Acc@5  90.62 ( 92.14)
0: Test: [290/313]	Time  0.019 ( 0.027)	Loss 1.8474e+00 (1.5092e+00)	Acc@1  28.12 ( 45.91)	Acc@5  81.25 ( 92.12)
0: Test: [300/313]	Time  0.020 ( 0.027)	Loss 1.5224e+00 (1.5095e+00)	Acc@1  37.50 ( 45.92)	Acc@5  90.62 ( 92.06)
0: Test: [310/313]	Time  0.019 ( 0.027)	Loss 1.5631e+00 (1.5126e+00)	Acc@1  43.75 ( 45.98)	Acc@5  93.75 ( 92.07)
0:  * Acc@1 46.000 Acc@5 92.080
0: Epoch 2/3 - 80.525s
0: Steps per epoch: 782
0: Validation steps per epoch: 313
0: Average time per epoch: 81.891 s
0: --- 251.06071090698242 seconds ---
ELAPSED: 253 seconds
End at Mon Feb  1 00:25:04 EET 2021
