WORKERS: "gpu26-ib:5555"
Start at Mon Feb  1 12:31:56 EET 2021
CUDA_VISIBLE_DEVICES: 0,1
Running on hosts: gpu26
Running on 1 nodes.
Running 1 tasks per node
Job id is 1085801
0: Number of devices per node: 2
0: Use GPU: 0 for training
0: => creating model 'resnet50'
0: Use GPU: 1 for training
0: => creating model 'resnet50'
0: Epoch: [0][  0/196]	Time  8.514 ( 8.514)	Data  4.622 ( 4.622)	Loss 7.2427e+00 (7.2427e+00)	Acc@1   0.00 (  0.00)	Acc@5   0.00 (  0.00)
0: Epoch: [0][ 10/196]	Time  0.148 ( 0.906)	Data  0.000 ( 0.420)	Loss 2.7516e+00 (4.9774e+00)	Acc@1  14.84 (  7.53)	Acc@5  53.12 ( 32.67)
0: Epoch: [0][ 20/196]	Time  0.149 ( 0.545)	Data  0.000 ( 0.222)	Loss 2.5104e+00 (3.8120e+00)	Acc@1  12.50 (  9.19)	Acc@5  53.12 ( 42.49)
0: Epoch: [0][ 30/196]	Time  0.148 ( 0.417)	Data  0.000 ( 0.151)	Loss 2.4593e+00 (3.3798e+00)	Acc@1  12.50 ( 10.21)	Acc@5  51.56 ( 45.84)
0: Epoch: [0][ 40/196]	Time  0.148 ( 0.351)	Data  0.000 ( 0.115)	Loss 2.4718e+00 (3.1537e+00)	Acc@1  11.72 ( 10.40)	Acc@5  52.34 ( 47.94)
0: Epoch: [0][ 50/196]	Time  0.148 ( 0.312)	Data  0.000 ( 0.093)	Loss 2.3010e+00 (3.0029e+00)	Acc@1  16.41 ( 11.06)	Acc@5  60.94 ( 49.36)
0: Epoch: [0][ 60/196]	Time  0.148 ( 0.285)	Data  0.000 ( 0.078)	Loss 2.3749e+00 (2.8950e+00)	Acc@1  11.72 ( 11.67)	Acc@5  57.81 ( 50.99)
0: Epoch: [0][ 70/196]	Time  0.148 ( 0.266)	Data  0.000 ( 0.068)	Loss 2.3212e+00 (
0: 2.8143e+00)	Acc@1  14.06 ( 12.13)	Acc@5  63.28 ( 52.61)
0: Epoch: [0][ 80/196]	Time  0.149 ( 0.251)	Data  0.000 ( 0.060)	Loss 2.2336e+00 (2.7502e+00)	Acc@1  14.06 ( 12.55)	Acc@5  63.28 ( 53.80)
0: Epoch: [0][ 90/196]	Time  0.148 ( 0.240)	Data  0.000 ( 0.054)	Loss 2.1539e+00 (2.6944e+00)	Acc@1  23.44 ( 13.09)	Acc@5  69.53 ( 55.22)
0: Epoch: [0][100/196]	Time  0.148 ( 0.231)	Data  0.000 ( 0.049)	Loss 2.1974e+00 (2.6473e+00)	Acc@1  16.41 ( 13.60)	Acc@5  69.53 ( 56.62)
0: Epoch: [0][110/196]	Time  0.148 ( 0.223)	Data  0.000 ( 0.045)	Loss 2.2781e+00 (2.6088e+00)	Acc@1  17.97 ( 13.99)	Acc@5  62.50 ( 57.66)
0: Epoch: [0][120/196]	Time  0.149 ( 0.217)	Data  0.000 ( 0.041)	Loss 2.1431e+00 (2.5738e+00)	Acc@1  24.22 ( 14.47)	Acc@5  75.78 ( 58.68)
0: Epoch: [0][130/196]	Time  0.148 ( 0.212)	Data  0.000 ( 0.038)	Loss 2.1833e+00 (2.5419e+00)	Acc@1  18.75 ( 14.96)	Acc@5  71.88 ( 59.64)
0: Epoch: [0][140/196]	Time  0.149 ( 0.207)	Data  0.000 ( 0.036)	Loss 2.0713e+00 (2.5141e+00)	Acc@1  27.34 ( 15.56)	Acc@5  75.78 ( 60.48)
0: Epoch: [0][150/196]	Tim
0: e  0.148 ( 0.203)	Data  0.000 ( 0.034)	Loss 2.1247e+00 (2.4881e+00)	Acc@1  27.34 ( 16.08)	Acc@5  69.53 ( 61.24)
0: Epoch: [0][160/196]	Time  0.148 ( 0.200)	Data  0.000 ( 0.032)	Loss 2.0895e+00 (2.4633e+00)	Acc@1  28.91 ( 16.48)	Acc@5  77.34 ( 62.15)
0: Epoch: [0][170/196]	Time  0.149 ( 0.197)	Data  0.000 ( 0.030)	Loss 1.9993e+00 (2.4412e+00)	Acc@1  26.56 ( 16.92)	Acc@5  82.81 ( 62.92)
0: Epoch: [0][180/196]	Time  0.149 ( 0.194)	Data  0.000 ( 0.029)	Loss 1.9585e+00 (2.4204e+00)	Acc@1  26.56 ( 17.33)	Acc@5  79.69 ( 63.62)
0: Epoch: [0][190/196]	Time  0.148 ( 0.192)	Data  0.000 ( 0.027)	Loss 2.0742e+00 (2.4038e+00)	Acc@1  24.22 ( 17.63)	Acc@5  80.47 ( 64.23)
0: Epoch: [0][  0/196]	Time  8.524 ( 8.524)	Data  4.622 ( 4.622)	Loss 7.3555e+00 (7.3555e+00)	Acc@1   0.00 (  0.00)	Acc@5   0.00 (  0.00)
0: Epoch: [0][ 10/196]	Time  0.148 ( 0.907)	Data  0.000 ( 0.420)	Loss 2.8159e+00 (4.9722e+00)	Acc@1   7.81 (  6.89)	Acc@5  53.12 ( 31.53)
0: Epoch: [0][ 20/196]	Time  0.148 ( 0.545)	Data  0.000 ( 0.222)	Loss 2.5879e+00 (3.8127e+00)	Acc@1   7.81 (  8.67)	Acc@5  47.66 ( 42.08)
0: Epoch: [0][ 30/196]	Time  0.148 ( 0.417)	Data  0.000 ( 0.151)	Loss 2.4982e+00 (3.3873e+00)	Acc@1  11.72 (  9.30)	Acc@5  50.78 ( 46.09)
0: Epoch: [0][ 40/196]	Time  0.149 ( 0.352)	Data  0.000 ( 0.115)	Loss 2.3873e+00 (3.1558e+00)	Acc@1   7.81 ( 10.00)	Acc@5  53.12 ( 47.98)
0: Epoch: [0][ 50/196]	Time  0.148 ( 0.312)	Data  0.000 ( 0.093)	Loss 2.3936e+00 (3.0001e+00)	Acc@1  16.41 ( 10.71)	Acc@5  57.81 ( 50.08)
0: Epoch: [0][ 60/196]	Time  0.149 ( 0.285)	Data  0.000 ( 0.078)	Loss 2.2160e+00 (2.8955e+00)	Acc@1  14.06 ( 11.21)	Acc@5  69.53 ( 51.60)
0: Epoch: [0][ 70/196]	Time  0.148 ( 0.266)	Data  0.000 ( 0.068)	Loss 2.3214e+00 (
0: 2.8158e+00)	Acc@1  14.06 ( 11.71)	Acc@5  62.50 ( 52.94)
0: Epoch: [0][ 80/196]	Time  0.148 ( 0.251)	Data  0.000 ( 0.060)	Loss 2.2166e+00 (2.7493e+00)	Acc@1  21.09 ( 12.38)	Acc@5  64.84 ( 54.23)
0: Epoch: [0][ 90/196]	Time  0.149 ( 0.240)	Data  0.000 ( 0.054)	Loss 2.2694e+00 (2.6963e+00)	Acc@1  16.41 ( 12.89)	Acc@5  64.84 ( 55.33)
0: Epoch: [0][100/196]	Time  0.148 ( 0.231)	Data  0.000 ( 0.049)	Loss 2.1282e+00 (2.6456e+00)	Acc@1  23.44 ( 13.64)	Acc@5  70.31 ( 56.76)
0: Epoch: [0][110/196]	Time  0.148 ( 0.223)	Data  0.000 ( 0.045)	Loss 2.2290e+00 (2.6061e+00)	Acc@1  15.62 ( 14.20)	Acc@5  70.31 ( 57.81)
0: Epoch: [0][120/196]	Time  0.148 ( 0.217)	Data  0.000 ( 0.041)	Loss 2.1689e+00 (2.5686e+00)	Acc@1  24.22 ( 14.73)	Acc@5  64.06 ( 58.83)
0: Epoch: [0][130/196]	Time  0.147 ( 0.212)	Data  0.000 ( 0.038)	Loss 2.2016e+00 (2.5370e+00)	Acc@1  17.97 ( 15.33)	Acc@5  63.28 ( 59.71)
0: Epoch: [0][140/196]	Time  0.148 ( 0.207)	Data  0.000 ( 0.036)	Loss 2.1438e+00 (2.5074e+00)	Acc@1  21.09 ( 15.87)	Acc@5  76.56 ( 60.77)
0: Epoch: [0][150/196]	Tim
0: e  0.148 ( 0.203)	Data  0.000 ( 0.034)	Loss 2.1302e+00 (2.4811e+00)	Acc@1  19.53 ( 16.36)	Acc@5  72.66 ( 61.60)
0: Epoch: [0][160/196]	Time  0.149 ( 0.200)	Data  0.000 ( 0.032)	Loss 2.1671e+00 (2.4587e+00)	Acc@1  24.22 ( 16.70)	Acc@5  73.44 ( 62.36)
0: Epoch: [0][170/196]	Time  0.148 ( 0.197)	Data  0.000 ( 0.030)	Loss 2.0252e+00 (2.4361e+00)	Acc@1  20.31 ( 17.12)	Acc@5  75.78 ( 63.12)
0: Epoch: [0][180/196]	Time  0.149 ( 0.194)	Data  0.000 ( 0.029)	Loss 2.0752e+00 (2.4176e+00)	Acc@1  25.00 ( 17.51)	Acc@5  75.00 ( 63.69)
0: Epoch: [0][190/196]	Time  0.148 ( 0.192)	Data  0.000 ( 0.027)	Loss 2.1426e+00 (2.4010e+00)	Acc@1  25.78 ( 17.93)	Acc@5  77.34 ( 64.28)
0: Test: [ 0/79]	Time  2.398 ( 2.398)	Loss 2.0382e+00 (2.0382e+00)	Acc@1  28.91 ( 28.91)	Acc@5  79.69 ( 79.69)
0: Test: [10/79]	Time  0.039 ( 0.253)	Loss 2.0964e+00 (2.0764e+00)	Acc@1  24.22 ( 23.93)	Acc@5  75.78 ( 77.27)
0: Test: [20/79]	Time  0.039 ( 0.151)	Loss 2.0562e+00 (2.0602e+00)	Acc@1  22.66 ( 24.44)	Acc@5  81.25 ( 77.34)
0: Test: [30/79]	Time  0.039 ( 0.115)	Loss 1.9083e+00 (2.0643e+00)	Acc@1  29.69 ( 24.70)	Acc@5  83.59 ( 77.22)
0: Test: [40/79]	Time  0.039 ( 0.097)	Loss 2.1166e+00 (2.0572e+00)	Acc@1  23.44 ( 24.54)	Acc@5  73.44 ( 77.38)
0: Test: [50/79]	Time  0.039 ( 0.085)	Loss 2.1079e+00 (2.0668e+00)	Acc@1  22.66 ( 24.39)	Acc@5  76.56 ( 76.72)
0: Test: [60/79]	Time  0.039 ( 0.078)	Loss 2.1045e+00 (2.0648e+00)	Acc@1  25.00 ( 24.63)	Acc@5  77.34 ( 76.78)
0: Test: [70/79]	Time  0.039 ( 0.072)	Loss 2.0985e+00 (2.0670e+00)	Acc@1  21.88 ( 24.33)	Acc@5  76.56 ( 76.91)
0:  * Acc@1 24.480 Acc@5 76.770
0: Epoch 0/3 - 44.504s
0: Test: [ 0/79]	Time  2.415 ( 2.415)	Loss 2.0382e+00 (2.0382e+00)	Acc@1  28.91 ( 28.91)	Acc@5  79.69 ( 79.69)
0: Test: [10/79]	Time  0.039 ( 0.255)	Loss 2.0964e+00 (2.0764e+00)	Acc@1  24.22 ( 23.93)	Acc@5  75.78 ( 77.27)
0: Test: [20/79]	Time  0.039 ( 0.152)	Loss 2.0562e+00 (2.0602e+00)	Acc@1  22.66 ( 24.44)	Acc@5  81.25 ( 77.34)
0: Test: [30/79]	Time  0.039 ( 0.116)	Loss 1.9083e+00 (2.0643e+00)	Acc@1  29.69 ( 24.70)	Acc@5  83.59 ( 77.22)
0: Test: [40/79]	Time  0.039 ( 0.097)	Loss 2.1166e+00 (2.0572e+00)	Acc@1  23.44 ( 24.54)	Acc@5  73.44 ( 77.38)
0: Test: [50/79]	Time  0.039 ( 0.086)	Loss 2.1079e+00 (2.0668e+00)	Acc@1  22.66 ( 24.39)	Acc@5  76.56 ( 76.72)
0: Test: [60/79]	Time  0.039 ( 0.078)	Loss 2.1045e+00 (2.0648e+00)	Acc@1  25.00 ( 24.63)	Acc@5  77.34 ( 76.78)
0: Test: [70/79]	Time  0.039 ( 0.073)	Loss 2.0985e+00 (2.0670e+00)	Acc@1  21.88 ( 24.33)	Acc@5  76.56 ( 76.91)
0:  * Acc@1 24.480 Acc@5 76.770
0: Epoch 0/3 - 44.509s
0: Epoch: [1][  0/196]	Time  4.736 ( 4.736)	Data  4.619 ( 4.619)	Loss 2.0234e+00 (2.0234e+00)	Acc@1  25.00 ( 25.00)	Acc@5  77.34 ( 77.34)
0: Epoch: [1][ 10/196]	Time  0.149 ( 0.566)	Data  0.000 ( 0.423)	Loss 1.8730e+00 (2.0061e+00)	Acc@1  32.81 ( 26.42)	Acc@5  80.47 ( 78.12)
0: Epoch: [1][ 20/196]	Time  0.148 ( 0.367)	Data  0.000 ( 0.223)	Loss 1.9250e+00 (2.0010e+00)	Acc@1  25.78 ( 27.23)	Acc@5  84.38 ( 78.16)
0: Epoch: [1][ 30/196]	Time  0.147 ( 0.297)	Data  0.000 ( 0.152)	Loss 2.0023e+00 (2.0033e+00)	Acc@1  28.91 ( 27.17)	Acc@5  77.34 ( 78.20)
0: Epoch: [1][ 40/196]	Time  0.148 ( 0.260)	Data  0.000 ( 0.116)	Loss 1.9727e+00 (1.9975e+00)	Acc@1  28.12 ( 27.19)	Acc@5  82.03 ( 78.54)
0: Epoch: [1][ 50/196]	Time  0.148 ( 0.239)	Data  0.000 ( 0.094)	Loss 1.9429e+00 (1.9833e+00)	Acc@1  28.91 ( 27.56)	Acc@5  81.25 ( 79.21)
0: Epoch: [1][ 60/196]	Time  0.148 ( 0.224)	Data  0.000 ( 0.079)	Loss 2.0859e+00 (1.9827e+00)	Acc@1  27.34 ( 27.73)	Acc@5  75.00 ( 79.32)
0: Epoch: [1][ 70/196]	Time  0.148 ( 0.213)	Data  0.000 ( 0.068)	Loss 1.9159e+00 (
0: 1.9726e+00)	Acc@1  25.00 ( 27.92)	Acc@5  82.03 ( 79.70)
0: Epoch: [1][ 80/196]	Time  0.148 ( 0.205)	Data  0.000 ( 0.060)	Loss 2.0288e+00 (1.9716e+00)	Acc@1  26.56 ( 27.97)	Acc@5  74.22 ( 79.70)
0: Epoch: [1][ 90/196]	Time  0.148 ( 0.199)	Data  0.000 ( 0.054)	Loss 1.9061e+00 (1.9673e+00)	Acc@1  28.91 ( 28.10)	Acc@5  83.59 ( 79.83)
0: Epoch: [1][100/196]	Time  0.148 ( 0.194)	Data  0.000 ( 0.049)	Loss 1.9626e+00 (1.9612e+00)	Acc@1  35.16 ( 28.50)	Acc@5  78.12 ( 80.02)
0: Epoch: [1][110/196]	Time  0.152 ( 0.190)	Data  0.000 ( 0.045)	Loss 1.8760e+00 (1.9592e+00)	Acc@1  32.03 ( 28.70)	Acc@5  81.25 ( 79.99)
0: Epoch: [1][120/196]	Time  0.149 ( 0.186)	Data  0.000 ( 0.041)	Loss 1.8719e+00 (1.9549e+00)	Acc@1  32.03 ( 28.82)	Acc@5  86.72 ( 80.22)
0: Epoch: [1][130/196]	Time  0.150 ( 0.183)	Data  0.000 ( 0.039)	Loss 1.8930e+00 (1.9521e+00)	Acc@1  31.25 ( 28.94)	Acc@5  78.91 ( 80.29)
0: Epoch: [1][140/196]	Time  0.149 ( 0.181)	Data  0.000 ( 0.036)	Loss 1.9455e+00 (1.9467e+00)	Acc@1  30.47 ( 29.12)	Acc@5  82.03 ( 80.39)
0: Epoch: [1][150/196]	Tim
0: e  0.149 ( 0.179)	Data  0.000 ( 0.034)	Loss 1.9075e+00 (1.9433e+00)	Acc@1  28.12 ( 29.30)	Acc@5  83.59 ( 80.52)
0: Epoch: [1][160/196]	Time  0.149 ( 0.177)	Data  0.000 ( 0.032)	Loss 2.0420e+00 (1.9387e+00)	Acc@1  26.56 ( 29.43)	Acc@5  78.91 ( 80.74)
0: Epoch: [1][170/196]	Time  0.149 ( 0.175)	Data  0.000 ( 0.030)	Loss 1.8320e+00 (1.9357e+00)	Acc@1  32.03 ( 29.47)	Acc@5  83.59 ( 80.83)
0: Epoch: [1][180/196]	Time  0.150 ( 0.174)	Data  0.000 ( 0.029)	Loss 1.9792e+00 (1.9339e+00)	Acc@1  28.91 ( 29.57)	Acc@5  76.56 ( 80.91)
0: Epoch: [1][190/196]	Time  0.148 ( 0.173)	Data  0.000 ( 0.028)	Loss 1.9968e+00 (1.9306e+00)	Acc@1  35.16 ( 29.72)	Acc@5  82.81 ( 81.05)
0: Epoch: [1][  0/196]	Time  4.732 ( 4.732)	Data  4.604 ( 4.604)	Loss 2.0259e+00 (2.0259e+00)	Acc@1  27.34 ( 27.34)	Acc@5  78.12 ( 78.12)
0: Epoch: [1][ 10/196]	Time  0.149 ( 0.565)	Data  0.000 ( 0.422)	Loss 2.0682e+00 (2.0394e+00)	Acc@1  28.91 ( 26.70)	Acc@5  76.56 ( 77.63)
0: Epoch: [1][ 20/196]	Time  0.149 ( 0.367)	Data  0.000 ( 0.222)	Loss 1.9926e+00 (2.0335e+00)	Acc@1  25.00 ( 26.04)	Acc@5  84.38 ( 77.79)
0: Epoch: [1][ 30/196]	Time  0.149 ( 0.296)	Data  0.000 ( 0.152)	Loss 1.9479e+00 (2.0207e+00)	Acc@1  28.91 ( 25.96)	Acc@5  82.03 ( 78.55)
0: Epoch: [1][ 40/196]	Time  0.148 ( 0.260)	Data  0.000 ( 0.115)	Loss 2.1202e+00 (2.0208e+00)	Acc@1  25.00 ( 25.95)	Acc@5  72.66 ( 78.33)
0: Epoch: [1][ 50/196]	Time  0.148 ( 0.238)	Data  0.000 ( 0.093)	Loss 2.1034e+00 (2.0112e+00)	Acc@1  28.12 ( 26.69)	Acc@5  80.47 ( 78.97)
0: Epoch: [1][ 60/196]	Time  0.148 ( 0.223)	Data  0.000 ( 0.079)	Loss 1.9170e+00 (1.9938e+00)	Acc@1  29.69 ( 27.19)	Acc@5  83.59 ( 79.52)
0: Epoch: [1][ 70/196]	Time  0.148 ( 0.213)	Data  0.000 ( 0.068)	Loss 1.8407e+00 (
0: 1.9956e+00)	Acc@1  36.72 ( 27.30)	Acc@5  80.47 ( 79.49)
0: Epoch: [1][ 80/196]	Time  0.148 ( 0.205)	Data  0.000 ( 0.060)	Loss 2.0368e+00 (1.9944e+00)	Acc@1  28.91 ( 27.37)	Acc@5  79.69 ( 79.54)
0: Epoch: [1][ 90/196]	Time  0.148 ( 0.199)	Data  0.000 ( 0.054)	Loss 1.9793e+00 (1.9900e+00)	Acc@1  32.81 ( 27.68)	Acc@5  76.56 ( 79.56)
0: Epoch: [1][100/196]	Time  0.148 ( 0.193)	Data  0.000 ( 0.049)	Loss 1.9696e+00 (1.9846e+00)	Acc@1  33.59 ( 27.89)	Acc@5  75.78 ( 79.77)
0: Epoch: [1][110/196]	Time  0.148 ( 0.189)	Data  0.000 ( 0.045)	Loss 1.9052e+00 (1.9814e+00)	Acc@1  28.91 ( 28.08)	Acc@5  82.03 ( 79.81)
0: Epoch: [1][120/196]	Time  0.150 ( 0.186)	Data  0.000 ( 0.041)	Loss 1.9806e+00 (1.9753e+00)	Acc@1  27.34 ( 28.16)	Acc@5  86.72 ( 79.97)
0: Epoch: [1][130/196]	Time  0.148 ( 0.183)	Data  0.000 ( 0.038)	Loss 1.8762e+00 (1.9669e+00)	Acc@1  33.59 ( 28.41)	Acc@5  81.25 ( 80.10)
0: Epoch: [1][140/196]	Time  0.149 ( 0.181)	Data  0.000 ( 0.036)	Loss 1.9246e+00 (1.9626e+00)	Acc@1  26.56 ( 28.51)	Acc@5  81.25 ( 80.21)
0: Epoch: [1][150/196]	Tim
0: e  0.149 ( 0.179)	Data  0.000 ( 0.034)	Loss 1.7554e+00 (1.9580e+00)	Acc@1  36.72 ( 28.67)	Acc@5  82.81 ( 80.33)
0: Epoch: [1][160/196]	Time  0.150 ( 0.177)	Data  0.000 ( 0.032)	Loss 1.9386e+00 (1.9547e+00)	Acc@1  35.16 ( 28.82)	Acc@5  80.47 ( 80.42)
0: Epoch: [1][170/196]	Time  0.147 ( 0.175)	Data  0.000 ( 0.030)	Loss 1.8725e+00 (1.9499e+00)	Acc@1  32.81 ( 28.99)	Acc@5  81.25 ( 80.50)
0: Epoch: [1][180/196]	Time  0.148 ( 0.174)	Data  0.000 ( 0.029)	Loss 1.8247e+00 (1.9448e+00)	Acc@1  33.59 ( 29.19)	Acc@5  81.25 ( 80.65)
0: Epoch: [1][190/196]	Time  0.148 ( 0.172)	Data  0.000 ( 0.027)	Loss 1.8326e+00 (1.9418e+00)	Acc@1  32.81 ( 29.31)	Acc@5  84.38 ( 80.75)
0: Test: [ 0/79]	Time  2.397 ( 2.397)	Loss 1.9100e+00 (1.9100e+00)	Acc@1  32.03 ( 32.03)	Acc@5  85.16 ( 85.16)
0: Test: [10/79]	Time  0.039 ( 0.253)	Loss 1.9440e+00 (1.8912e+00)	Acc@1  31.25 ( 33.52)	Acc@5  82.03 ( 82.60)
0: Test: [20/79]	Time  0.039 ( 0.151)	Loss 1.8955e+00 (1.8700e+00)	Acc@1  32.81 ( 33.59)	Acc@5  77.34 ( 82.81)
0: Test: [30/79]	Time  0.039 ( 0.115)	Loss 1.7422e+00 (1.8682e+00)	Acc@1  36.72 ( 33.82)	Acc@5  85.94 ( 83.29)
0: Test: [40/79]	Time  0.039 ( 0.097)	Loss 1.8802e+00 (1.8567e+00)	Acc@1  26.56 ( 33.96)	Acc@5  89.06 ( 83.84)
0: Test: [50/79]	Time  0.039 ( 0.085)	Loss 1.9181e+00 (1.8637e+00)	Acc@1  32.03 ( 33.32)	Acc@5  75.00 ( 83.39)
0: Test: [60/79]	Time  0.039 ( 0.078)	Loss 1.7933e+00 (1.8584e+00)	Acc@1  38.28 ( 33.48)	Acc@5  83.59 ( 83.53)
0: Test: [70/79]	Time  0.039 ( 0.072)	Loss 1.9096e+00 (1.8604e+00)	Acc@1  28.12 ( 33.30)	Acc@5  85.94 ( 83.78)
0:  * Acc@1 33.450 Acc@5 83.850
0: Epoch 1/3 - 39.320s
0: Test: [ 0/79]	Time  2.402 ( 2.402)	Loss 1.9100e+00 (1.9100e+00)	Acc@1  32.03 ( 32.03)	Acc@5  85.16 ( 85.16)
0: Test: [10/79]	Time  0.039 ( 0.254)	Loss 1.9440e+00 (1.8912e+00)	Acc@1  31.25 ( 33.52)	Acc@5  82.03 ( 82.60)
0: Test: [20/79]	Time  0.039 ( 0.152)	Loss 1.8955e+00 (1.8700e+00)	Acc@1  32.81 ( 33.59)	Acc@5  77.34 ( 82.81)
0: Test: [30/79]	Time  0.039 ( 0.115)	Loss 1.7422e+00 (1.8682e+00)	Acc@1  36.72 ( 33.82)	Acc@5  85.94 ( 83.29)
0: Test: [40/79]	Time  0.039 ( 0.097)	Loss 1.8802e+00 (1.8567e+00)	Acc@1  26.56 ( 33.96)	Acc@5  89.06 ( 83.84)
0: Test: [50/79]	Time  0.040 ( 0.086)	Loss 1.9181e+00 (1.8637e+00)	Acc@1  32.03 ( 33.32)	Acc@5  75.00 ( 83.39)
0: Test: [60/79]	Time  0.039 ( 0.078)	Loss 1.7933e+00 (1.8584e+00)	Acc@1  38.28 ( 33.48)	Acc@5  83.59 ( 83.53)
0: Test: [70/79]	Time  0.039 ( 0.072)	Loss 1.9096e+00 (1.8604e+00)	Acc@1  28.12 ( 33.30)	Acc@5  85.94 ( 83.78)
0:  * Acc@1 33.450 Acc@5 83.850
0: Epoch 1/3 - 39.329s
0: Epoch: [2][  0/196]	Time  4.727 ( 4.727)	Data  4.603 ( 4.603)	Loss 1.8686e+00 (1.8686e+00)	Acc@1  36.72 ( 36.72)	Acc@5  82.81 ( 82.81)
0: Epoch: [2][ 10/196]	Time  0.149 ( 0.565)	Data  0.000 ( 0.421)	Loss 1.7979e+00 (1.8138e+00)	Acc@1  36.72 ( 33.95)	Acc@5  86.72 ( 85.16)
0: Epoch: [2][ 20/196]	Time  0.149 ( 0.367)	Data  0.000 ( 0.222)	Loss 1.7096e+00 (1.8104e+00)	Acc@1  35.16 ( 33.59)	Acc@5  83.59 ( 85.04)
0: Epoch: [2][ 30/196]	Time  0.149 ( 0.296)	Data  0.000 ( 0.152)	Loss 1.8643e+00 (1.8258e+00)	Acc@1  35.94 ( 33.67)	Acc@5  85.16 ( 85.03)
0: Epoch: [2][ 40/196]	Time  0.149 ( 0.260)	Data  0.000 ( 0.115)	Loss 1.7861e+00 (1.8180e+00)	Acc@1  32.03 ( 33.75)	Acc@5  85.16 ( 85.40)
0: Epoch: [2][ 50/196]	Time  0.148 ( 0.239)	Data  0.000 ( 0.093)	Loss 1.7353e+00 (1.8116e+00)	Acc@1  33.59 ( 33.96)	Acc@5  89.06 ( 85.57)
0: Epoch: [2][ 60/196]	Time  0.149 ( 0.224)	Data  0.000 ( 0.079)	Loss 1.6410e+00 (1.8095e+00)	Acc@1  38.28 ( 34.44)	Acc@5  89.06 ( 85.51)
0: Epoch: [2][ 70/196]	Time  0.148 ( 0.213)	Data  0.000 ( 0.068)	Loss 1.8556e+00 (
0: 1.8053e+00)	Acc@1  31.25 ( 34.77)	Acc@5  82.81 ( 85.48)
0: Epoch: [2][ 80/196]	Time  0.148 ( 0.205)	Data  0.000 ( 0.060)	Loss 1.6594e+00 (1.8025e+00)	Acc@1  32.81 ( 34.48)	Acc@5  88.28 ( 85.48)
0: Epoch: [2][ 90/196]	Time  0.148 ( 0.199)	Data  0.000 ( 0.054)	Loss 1.6356e+00 (1.8006e+00)	Acc@1  40.62 ( 34.51)	Acc@5  86.72 ( 85.54)
0: Epoch: [2][100/196]	Time  0.148 ( 0.194)	Data  0.000 ( 0.049)	Loss 1.7813e+00 (1.7980e+00)	Acc@1  37.50 ( 34.65)	Acc@5  85.94 ( 85.60)
0: Epoch: [2][110/196]	Time  0.148 ( 0.190)	Data  0.000 ( 0.045)	Loss 2.0141e+00 (1.7940e+00)	Acc@1  35.16 ( 34.80)	Acc@5  78.91 ( 85.70)
0: Epoch: [2][120/196]	Time  0.148 ( 0.186)	Data  0.000 ( 0.041)	Loss 1.6619e+00 (1.7894e+00)	Acc@1  43.75 ( 34.83)	Acc@5  86.72 ( 85.69)
0: Epoch: [2][130/196]	Time  0.148 ( 0.183)	Data  0.000 ( 0.038)	Loss 1.7790e+00 (1.7866e+00)	Acc@1  32.03 ( 35.00)	Acc@5  84.38 ( 85.76)
0: Epoch: [2][140/196]	Time  0.150 ( 0.181)	Data  0.000 ( 0.036)	Loss 1.7870e+00 (1.7868e+00)	Acc@1  32.81 ( 34.97)	Acc@5  86.72 ( 85.81)
0: Epoch: [2][150/196]	Tim
0: e  0.149 ( 0.179)	Data  0.000 ( 0.034)	Loss 1.7025e+00 (1.7849e+00)	Acc@1  38.28 ( 35.08)	Acc@5  89.06 ( 85.77)
0: Epoch: [2][160/196]	Time  0.150 ( 0.177)	Data  0.000 ( 0.032)	Loss 1.6435e+00 (1.7798e+00)	Acc@1  41.41 ( 35.24)	Acc@5  86.72 ( 85.87)
0: Epoch: [2][170/196]	Time  0.149 ( 0.175)	Data  0.000 ( 0.030)	Loss 1.6543e+00 (1.7783e+00)	Acc@1  37.50 ( 35.27)	Acc@5  87.50 ( 85.90)
0: Epoch: [2][180/196]	Time  0.148 ( 0.174)	Data  0.000 ( 0.029)	Loss 1.6598e+00 (1.7768e+00)	Acc@1  42.97 ( 35.32)	Acc@5  90.62 ( 85.94)
0: Epoch: [2][190/196]	Time  0.148 ( 0.172)	Data  0.000 ( 0.027)	Loss 1.7652e+00 (1.7732e+00)	Acc@1  44.53 ( 35.48)	Acc@5  83.59 ( 85.97)
0: Epoch: [2][  0/196]	Time  4.728 ( 4.728)	Data  4.603 ( 4.603)	Loss 1.8240e+00 (1.8240e+00)	Acc@1  32.03 ( 32.03)	Acc@5  84.38 ( 84.38)
0: Epoch: [2][ 10/196]	Time  0.149 ( 0.567)	Data  0.000 ( 0.423)	Loss 1.8590e+00 (1.7925e+00)	Acc@1  32.81 ( 34.45)	Acc@5  83.59 ( 85.80)
0: Epoch: [2][ 20/196]	Time  0.149 ( 0.368)	Data  0.000 ( 0.223)	Loss 1.7749e+00 (1.8057e+00)	Acc@1  36.72 ( 34.60)	Acc@5  86.72 ( 84.93)
0: Epoch: [2][ 30/196]	Time  0.149 ( 0.297)	Data  0.000 ( 0.152)	Loss 1.6979e+00 (1.7998e+00)	Acc@1  38.28 ( 34.60)	Acc@5  90.62 ( 85.36)
0: Epoch: [2][ 40/196]	Time  0.149 ( 0.261)	Data  0.000 ( 0.116)	Loss 1.7772e+00 (1.7962e+00)	Acc@1  38.28 ( 35.18)	Acc@5  83.59 ( 85.38)
0: Epoch: [2][ 50/196]	Time  0.148 ( 0.239)	Data  0.000 ( 0.094)	Loss 1.7884e+00 (1.7999e+00)	Acc@1  31.25 ( 35.00)	Acc@5  85.94 ( 85.51)
0: Epoch: [2][ 60/196]	Time  0.149 ( 0.224)	Data  0.000 ( 0.079)	Loss 1.7851e+00 (1.7930e+00)	Acc@1  32.81 ( 35.18)	Acc@5  86.72 ( 85.66)
0: Epoch: [2][ 70/196]	Time  0.148 ( 0.213)	Data  0.000 ( 0.068)	Loss 1.8011e+00 (
0: 1.7848e+00)	Acc@1  32.81 ( 35.40)	Acc@5  86.72 ( 85.70)
0: Epoch: [2][ 80/196]	Time  0.148 ( 0.205)	Data  0.000 ( 0.060)	Loss 1.8084e+00 (1.7877e+00)	Acc@1  32.81 ( 35.12)	Acc@5  85.16 ( 85.73)
0: Epoch: [2][ 90/196]	Time  0.148 ( 0.199)	Data  0.000 ( 0.054)	Loss 1.6785e+00 (1.7881e+00)	Acc@1  39.06 ( 35.20)	Acc@5  86.72 ( 85.68)
0: Epoch: [2][100/196]	Time  0.148 ( 0.194)	Data  0.000 ( 0.049)	Loss 1.7603e+00 (1.7822e+00)	Acc@1  36.72 ( 35.53)	Acc@5  83.59 ( 85.71)
0: Epoch: [2][110/196]	Time  0.148 ( 0.190)	Data  0.000 ( 0.045)	Loss 1.7677e+00 (1.7779e+00)	Acc@1  34.38 ( 35.64)	Acc@5  87.50 ( 85.82)
0: Epoch: [2][120/196]	Time  0.147 ( 0.186)	Data  0.000 ( 0.041)	Loss 1.6318e+00 (1.7759e+00)	Acc@1  37.50 ( 35.76)	Acc@5  92.19 ( 85.87)
0: Epoch: [2][130/196]	Time  0.148 ( 0.183)	Data  0.000 ( 0.039)	Loss 1.6460e+00 (1.7716e+00)	Acc@1  37.50 ( 35.96)	Acc@5  88.28 ( 85.97)
0: Epoch: [2][140/196]	Time  0.150 ( 0.181)	Data  0.000 ( 0.036)	Loss 1.7302e+00 (1.7717e+00)	Acc@1  40.62 ( 35.97)	Acc@5  91.41 ( 86.07)
0: Epoch: [2][150/196]	Tim
0: e  0.148 ( 0.179)	Data  0.000 ( 0.034)	Loss 1.7556e+00 (1.7705e+00)	Acc@1  37.50 ( 35.98)	Acc@5  83.59 ( 86.11)
0: Epoch: [2][160/196]	Time  0.148 ( 0.177)	Data  0.000 ( 0.032)	Loss 1.7374e+00 (1.7671e+00)	Acc@1  41.41 ( 35.93)	Acc@5  85.94 ( 86.24)
0: Epoch: [2][170/196]	Time  0.149 ( 0.175)	Data  0.000 ( 0.030)	Loss 1.7382e+00 (1.7636e+00)	Acc@1  37.50 ( 36.12)	Acc@5  87.50 ( 86.25)
0: Epoch: [2][180/196]	Time  0.148 ( 0.174)	Data  0.000 ( 0.029)	Loss 1.7348e+00 (1.7635e+00)	Acc@1  35.16 ( 36.10)	Acc@5  86.72 ( 86.30)
0: Epoch: [2][190/196]	Time  0.147 ( 0.172)	Data  0.000 ( 0.027)	Loss 1.7313e+00 (1.7621e+00)	Acc@1  39.06 ( 36.21)	Acc@5  84.38 ( 86.30)
0: Test: [ 0/79]	Time  2.409 ( 2.409)	Loss 1.6340e+00 (1.6340e+00)	Acc@1  39.06 ( 39.06)	Acc@5  89.84 ( 89.84)
0: Test: [10/79]	Time  0.039 ( 0.254)	Loss 1.8817e+00 (1.7677e+00)	Acc@1  31.25 ( 38.28)	Acc@5  83.59 ( 86.43)
0: Test: [20/79]	Time  0.039 ( 0.152)	Loss 1.8170e+00 (1.7473e+00)	Acc@1  38.28 ( 39.03)	Acc@5  86.72 ( 87.09)
0: Test: [30/79]	Time  0.039 ( 0.116)	Loss 1.7107e+00 (1.7443e+00)	Acc@1  39.84 ( 38.61)	Acc@5  88.28 ( 86.95)
0: Test: [40/79]	Time  0.039 ( 0.097)	Loss 1.7702e+00 (1.7455e+00)	Acc@1  32.81 ( 38.07)	Acc@5  85.16 ( 87.37)
0: Test: [50/79]	Time  0.039 ( 0.086)	Loss 1.8051e+00 (1.7461e+00)	Acc@1  32.81 ( 37.81)	Acc@5  82.03 ( 87.03)
0: Test: [60/79]	Time  0.039 ( 0.078)	Loss 1.5972e+00 (1.7368e+00)	Acc@1  37.50 ( 37.85)	Acc@5  88.28 ( 87.06)
0: Test: [70/79]	Time  0.039 ( 0.072)	Loss 1.7121e+00 (1.7389e+00)	Acc@1  38.28 ( 37.58)	Acc@5  89.06 ( 87.10)
0:  * Acc@1 37.700 Acc@5 87.250
0: Epoch 2/3 - 39.310s
0: Steps per epoch: 196
0: Validation steps per epoch: 79
0: Average time per epoch: 41.044 s
0: Test: [ 0/79]	Time  2.412 ( 2.412)	Loss 1.6340e+00 (1.6340e+00)	Acc@1  39.06 ( 39.06)	Acc@5  89.84 ( 89.84)
0: Test: [10/79]	Time  0.039 ( 0.255)	Loss 1.8817e+00 (1.7677e+00)	Acc@1  31.25 ( 38.28)	Acc@5  83.59 ( 86.43)
0: Test: [20/79]	Time  0.039 ( 0.152)	Loss 1.8170e+00 (1.7473e+00)	Acc@1  38.28 ( 39.03)	Acc@5  86.72 ( 87.09)
0: Test: [30/79]	Time  0.039 ( 0.116)	Loss 1.7107e+00 (1.7443e+00)	Acc@1  39.84 ( 38.61)	Acc@5  88.28 ( 86.95)
0: Test: [40/79]	Time  0.039 ( 0.097)	Loss 1.7702e+00 (1.7455e+00)	Acc@1  32.81 ( 38.07)	Acc@5  85.16 ( 87.37)
0: Test: [50/79]	Time  0.039 ( 0.086)	Loss 1.8051e+00 (1.7461e+00)	Acc@1  32.81 ( 37.81)	Acc@5  82.03 ( 87.03)
0: Test: [60/79]	Time  0.039 ( 0.078)	Loss 1.5972e+00 (1.7368e+00)	Acc@1  37.50 ( 37.85)	Acc@5  88.28 ( 87.06)
0: Test: [70/79]	Time  0.040 ( 0.073)	Loss 1.7121e+00 (1.7389e+00)	Acc@1  38.28 ( 37.58)	Acc@5  89.06 ( 87.10)
0:  * Acc@1 37.700 Acc@5 87.250
0: Epoch 2/3 - 39.293s
0: Steps per epoch: 196
0: Validation steps per epoch: 79
0: Average time per epoch: 41.043 s
0: --- 129.1617136001587 seconds ---
ELAPSED: 132 seconds
End at Mon Feb  1 12:34:08 EET 2021
