WORKERS: "gpu24-ib:5555","gpu25-ib:5555","gpu26-ib:5555","gpu27-ib:5555"
Start at Mon Feb  1 00:15:21 EET 2021
CUDA_VISIBLE_DEVICES: 0,1
Running on hosts: gpu[24-27]
Running on 4 nodes.
Running 1 tasks per node
Job id is 1085642
srun -w gpu24 -N 1 -n 1 -l python -u train.pytorch.imagenet.py --config=configs/pytorch_imagenet_resnet.B512.yaml --dist-url 'tcp://gpu24-ib:5555' --dist-backend 'nccl' --multiprocessing-distributed --world-size 4 --rank 0 & 
srun -w gpu25 -N 1 -n 1 -l python -u train.pytorch.imagenet.py --config=configs/pytorch_imagenet_resnet.B512.yaml --dist-url 'tcp://gpu24-ib:5555' --dist-backend 'nccl' --multiprocessing-distributed --world-size 4 --rank 1 & 
srun -w gpu26 -N 1 -n 1 -l python -u train.pytorch.imagenet.py --config=configs/pytorch_imagenet_resnet.B512.yaml --dist-url 'tcp://gpu24-ib:5555' --dist-backend 'nccl' --multiprocessing-distributed --world-size 4 --rank 2 & 
srun -w gpu27 -N 1 -n 1 -l python -u train.pytorch.imagenet.py --config=configs/pytorch_imagenet_resnet.B512.yaml --dist-url 'tcp://gpu24-ib:5555' --dist-backend 'nccl' --multiprocessing-distributed --world-size 4 --rank 3 & 
0: Number of devices per node: 2
0: Number of devices per node: 2
0: Number of devices per node: 2
0: Number of devices per node: 2
0: Use GPU: 0 for training
0: => creating model 'resnet50'
0: Use GPU: 1 for training
0: => creating model 'resnet50'
0: Use GPU: 0 for training
0: => creating model 'resnet50'
0: Use GPU: 1 for training
0: => creating model 'resnet50'
0: Use GPU: 1 for training
0: => creating model 'resnet50'
0: Use GPU: 0 for training
0: => creating model 'resnet50'
0: Use GPU: 0 for training
0: => creating model 'resnet50'
0: Use GPU: 1 for training
0: => creating model 'resnet50'
0: Epoch: [0][ 0/25]	Time 11.305 (11.305)	Data  4.640 ( 4.640)	Loss 7.2212e+00 (7.2212e+00)	Acc@1   0.00 (  0.00)	Acc@5   0.00 (  0.00)
0: Epoch: [0][10/25]	Time  0.246 ( 1.248)	Data  0.000 ( 0.423)	Loss 2.6811e+00 (4.9079e+00)	Acc@1   9.38 (  7.32)	Acc@5  49.61 ( 31.39)
0: Epoch: [0][20/25]	Time  0.245 ( 0.770)	Data  0.000 ( 0.224)	Loss 2.4527e+00 (3.7532e+00)	Acc@1  16.02 (  9.06)	Acc@5  54.30 ( 42.02)
0: Epoch: [0][ 0/25]	Time 11.250 (11.250)	Data  4.643 ( 4.643)	Loss 7.2900e+00 (7.2900e+00)	Acc@1   0.00 (  0.00)	Acc@5   0.39 (  0.39)
0: Epoch: [0][10/25]	Time  0.246 ( 1.241)	Data  0.000 ( 0.422)	Loss 2.6199e+00 (4.9016e+00)	Acc@1  10.94 (  7.14)	Acc@5  54.69 ( 32.74)
0: Epoch: [0][20/25]	Time  0.245 ( 0.767)	Data  0.000 ( 0.224)	Loss 2.4652e+00 (3.7432e+00)	Acc@1  12.89 (  9.71)	Acc@5  53.52 ( 43.08)
0: Epoch: [0][ 0/25]	Time 11.353 (11.353)	Data  4.636 ( 4.636)	Loss 7.2677e+00 (7.2677e+00)	Acc@1   0.39 (  0.39)	Acc@5   0.39 (  0.39)
0: Epoch: [0][10/25]	Time  0.247 ( 1.252)	Data  0.000 ( 0.422)	Loss 2.6840e+00 (4.9379e+00)	Acc@1   8.20 (  6.78)	Acc@5  54.69 ( 30.36)
0: Epoch: [0][20/25]	Time  0.246 ( 0.772)	Data  0.000 ( 0.224)	Loss 2.3902e+00 (3.7573e+00)	Acc@1  13.28 (  9.11)	Acc@5  58.98 ( 42.15)
0: Epoch: [0][ 0/25]	Time 11.305 (11.305)	Data  4.645 ( 4.645)	Loss 7.1237e+00 (7.1237e+00)	Acc@1   0.00 (  0.00)	Acc@5   0.78 (  0.78)
0: Epoch: [0][10/25]	Time  0.247 ( 1.248)	Data  0.000 ( 0.423)	Loss 2.6397e+00 (4.9260e+00)	Acc@1  10.94 (  6.61)	Acc@5  51.56 ( 30.65)
0: Epoch: [0][20/25]	Time  0.246 ( 0.770)	Data  0.000 ( 0.224)	Loss 2.3650e+00 (3.7621e+00)	Acc@1  17.97 (  9.32)	Acc@5  59.77 ( 41.85)
0: Epoch: [0][ 0/25]	Time 11.353 (11.353)	Data  4.636 ( 4.636)	Loss 7.2702e+00 (7.2702e+00)	Acc@1   0.00 (  0.00)	Acc@5   0.00 (  0.00)
0: Epoch: [0][10/25]	Time  0.246 ( 1.252)	Data  0.000 ( 0.422)	Loss 2.6520e+00 (4.9037e+00)	Acc@1  12.11 (  7.39)	Acc@5  51.56 ( 31.82)
0: Epoch: [0][20/25]	Time  0.244 ( 0.772)	Data  0.000 ( 0.224)	Loss 2.5063e+00 (3.7563e+00)	Acc@1  12.89 (  9.08)	Acc@5  55.47 ( 42.41)
0: Epoch: [0][ 0/25]	Time 11.229 (11.229)	Data  4.639 ( 4.639)	Loss 7.2151e+00 (7.2151e+00)	Acc@1   0.00 (  0.00)	Acc@5   1.17 (  1.17)
0: Epoch: [0][10/25]	Time  0.246 ( 1.241)	Data  0.000 ( 0.423)	Loss 2.7158e+00 (4.9079e+00)	Acc@1   8.98 (  6.96)	Acc@5  47.66 ( 31.29)
0: Epoch: [0][20/25]	Time  0.245 ( 0.767)	Data  0.000 ( 0.224)	Loss 2.4888e+00 (3.7561e+00)	Acc@1  10.94 (  9.51)	Acc@5  55.08 ( 41.42)
0: Epoch: [0][ 0/25]	Time 11.251 (11.251)	Data  4.583 ( 4.583)	Loss 7.1897e+00 (7.1897e+00)	Acc@1   0.00 (  0.00)	Acc@5   0.39 (  0.39)
0: Epoch: [0][10/25]	Time  0.246 ( 1.243)	Data  0.000 ( 0.418)	Loss 2.6523e+00 (4.8853e+00)	Acc@1   9.77 (  6.92)	Acc@5  51.17 ( 31.75)
0: Epoch: [0][20/25]	Time  0.246 ( 0.768)	Data  0.000 ( 0.221)	Loss 2.4107e+00 (3.7391e+00)	Acc@1  17.19 (  9.30)	Acc@5  58.59 ( 42.75)
0: Epoch: [0][ 0/25]	Time 11.257 (11.257)	Data  4.617 ( 4.617)	Loss 7.3453e+00 (7.3453e+00)	Acc@1   0.00 (  0.00)	Acc@5   0.00 (  0.00)
0: Epoch: [0][10/25]	Time  0.247 ( 1.243)	Data  0.000 ( 0.420)	Loss 2.5773e+00 (4.9166e+00)	Acc@1  11.33 (  7.32)	Acc@5  57.03 ( 33.24)
0: Epoch: [0][20/25]	Time  0.245 ( 0.768)	Data  0.000 ( 0.222)	Loss 2.4429e+00 (3.7468e+00)	Acc@1  13.67 (  9.67)	Acc@5  59.77 ( 43.81)
0: Test: [ 0/40]	Time  2.475 ( 2.475)	Loss 2.4502e+00 (2.4502e+00)	Acc@1   9.38 (  9.38)	Acc@5  49.22 ( 49.22)
0: Test: [10/40]	Time  0.067 ( 0.286)	Loss 2.3207e+00 (2.3910e+00)	Acc@1  15.62 ( 10.62)	Acc@5  59.38 ( 53.20)
0: Test: [20/40]	Time  0.067 ( 0.182)	Loss 2.4001e+00 (2.3990e+00)	Acc@1  10.16 ( 10.34)	Acc@5  48.83 ( 52.44)
0: Test: [30/40]	Time  0.068 ( 0.145)	Loss 2.4247e+00 (2.3957e+00)	Acc@1  11.33 ( 10.64)	Acc@5  46.88 ( 52.73)
0:  * Acc@1 10.710 Acc@5 52.310
0: Epoch 0/3 - 26.073s
0: Test: [ 0/40]	Time  2.494 ( 2.494)	Loss 2.4502e+00 (2.4502e+00)	Acc@1   9.38 (  9.38)	Acc@5  49.22 ( 49.22)
0: Test: [10/40]	Time  0.067 ( 0.288)	Loss 2.3207e+00 (2.3910e+00)	Acc@1  15.62 ( 10.62)	Acc@5  59.38 ( 53.20)
0: Test: [20/40]	Time  0.068 ( 0.183)	Loss 2.4001e+00 (2.3990e+00)	Acc@1  10.16 ( 10.34)	Acc@5  48.83 ( 52.44)
0: Test: [30/40]	Time  0.068 ( 0.146)	Loss 2.4247e+00 (2.3957e+00)	Acc@1  11.33 ( 10.64)	Acc@5  46.88 ( 52.73)
0:  * Acc@1 10.710 Acc@5 52.310
0: Epoch 0/3 - 26.177s
0: Test: [ 0/40]	Time  2.477 ( 2.477)	Loss 2.4502e+00 (2.4502e+00)	Acc@1   9.38 (  9.38)	Acc@5  49.22 ( 49.22)
0: Test: [10/40]	Time  0.068 ( 0.287)	Loss 2.3207e+00 (2.3910e+00)	Acc@1  15.62 ( 10.62)	Acc@5  59.38 ( 53.20)
0: Test: [20/40]	Time  0.068 ( 0.182)	Loss 2.4001e+00 (2.3990e+00)	Acc@1  10.16 ( 10.34)	Acc@5  48.83 ( 52.44)
0: Test: [30/40]	Time  0.068 ( 0.145)	Loss 2.4247e+00 (2.3957e+00)	Acc@1  11.33 ( 10.64)	Acc@5  46.88 ( 52.73)
0:  * Acc@1 10.710 Acc@5 52.310
0: Epoch 0/3 - 26.238s
0: Test: [ 0/40]	Time  2.474 ( 2.474)	Loss 2.4502e+00 (2.4502e+00)	Acc@1   9.38 (  9.38)	Acc@5  49.22 ( 49.22)
0: Test: [10/40]	Time  0.068 ( 0.287)	Loss 2.3207e+00 (2.3910e+00)	Acc@1  15.62 ( 10.62)	Acc@5  59.38 ( 53.20)
0: Test: [20/40]	Time  0.069 ( 0.183)	Loss 2.4001e+00 (2.3990e+00)	Acc@1  10.16 ( 10.34)	Acc@5  48.83 ( 52.44)
0: Test: [30/40]	Time  0.069 ( 0.146)	Loss 2.4247e+00 (2.3957e+00)	Acc@1  11.33 ( 10.64)	Acc@5  46.88 ( 52.73)
0:  * Acc@1 10.710 Acc@5 52.310
0: Epoch 0/3 - 26.140s
0: Test: [ 0/40]	Time  2.483 ( 2.483)	Loss 2.4502e+00 (2.4502e+00)	Acc@1   9.38 (  9.38)	Acc@5  49.22 ( 49.22)
0: Test: [10/40]	Time  0.068 ( 0.288)	Loss 2.3207e+00 (2.3910e+00)	Acc@1  15.62 ( 10.62)	Acc@5  59.38 ( 53.20)
0: Test: [20/40]	Time  0.068 ( 0.183)	Loss 2.4001e+00 (2.3990e+00)	Acc@1  10.16 ( 10.34)	Acc@5  48.83 ( 52.44)
0: Test: [30/40]	Time  0.068 ( 0.146)	Loss 2.4247e+00 (2.3957e+00)	Acc@1  11.33 ( 10.64)	Acc@5  46.88 ( 52.73)
0:  * Acc@1 10.710 Acc@5 52.310
0: Epoch 0/3 - 26.245s
0: Test: [ 0/40]	Time  2.478 ( 2.478)	Loss 2.4502e+00 (2.4502e+00)	Acc@1   9.38 (  9.38)	Acc@5  49.22 ( 49.22)
0: Test: [10/40]	Time  0.068 ( 0.287)	Loss 2.3207e+00 (2.3910e+00)	Acc@1  15.62 ( 10.62)	Acc@5  59.38 ( 53.20)
0: Test: [20/40]	Time  0.068 ( 0.183)	Loss 2.4001e+00 (2.3990e+00)	Acc@1  10.16 ( 10.34)	Acc@5  48.83 ( 52.44)
0: Test: [30/40]	Time  0.068 ( 0.146)	Loss 2.4247e+00 (2.3957e+00)	Acc@1  11.33 ( 10.64)	Acc@5  46.88 ( 52.73)
0:  * Acc@1 10.710 Acc@5 52.310
0: Epoch 0/3 - 26.200s
0: Test: [ 0/40]	Time  2.475 ( 2.475)	Loss 2.4502e+00 (2.4502e+00)	Acc@1   9.38 (  9.38)	Acc@5  49.22 ( 49.22)
0: Test: [10/40]	Time  0.068 ( 0.287)	Loss 2.3207e+00 (2.3910e+00)	Acc@1  15.62 ( 10.62)	Acc@5  59.38 ( 53.20)
0: Test: [20/40]	Time  0.068 ( 0.183)	Loss 2.4001e+00 (2.3990e+00)	Acc@1  10.16 ( 10.34)	Acc@5  48.83 ( 52.44)
0: Test: [30/40]	Time  0.068 ( 0.146)	Loss 2.4247e+00 (2.3957e+00)	Acc@1  11.33 ( 10.64)	Acc@5  46.88 ( 52.73)
0:  * Acc@1 10.710 Acc@5 52.310
0: Epoch 0/3 - 26.145s
0: Test: [ 0/40]	Time  2.493 ( 2.493)	Loss 2.4502e+00 (2.4502e+00)	Acc@1   9.38 (  9.38)	Acc@5  49.22 ( 49.22)
0: Test: [10/40]	Time  0.068 ( 0.288)	Loss 2.3207e+00 (2.3910e+00)	Acc@1  15.62 ( 10.62)	Acc@5  59.38 ( 53.20)
0: Test: [20/40]	Time  0.068 ( 0.183)	Loss 2.4001e+00 (2.3990e+00)	Acc@1  10.16 ( 10.34)	Acc@5  48.83 ( 52.44)
0: Test: [30/40]	Time  0.068 ( 0.146)	Loss 2.4247e+00 (2.3957e+00)	Acc@1  11.33 ( 10.64)	Acc@5  46.88 ( 52.73)
0:  * Acc@1 10.710 Acc@5 52.310
0: Epoch 0/3 - 26.152s
0: Epoch: [1][ 0/25]	Time  4.819 ( 4.819)	Data  4.618 ( 4.618)	Loss 2.4387e+00 (2.4387e+00)	Acc@1  11.33 ( 11.33)	Acc@5  58.98 ( 58.98)
0: Epoch: [1][10/25]	Time  0.247 ( 0.665)	Data  0.000 ( 0.429)	Loss 2.3776e+00 (2.4166e+00)	Acc@1  13.67 ( 12.57)	Acc@5  58.59 ( 56.29)
0: Epoch: [1][20/25]	Time  0.245 ( 0.465)	Data  0.000 ( 0.227)	Loss 2.3786e+00 (2.3887e+00)	Acc@1  13.67 ( 13.08)	Acc@5  52.73 ( 57.76)
0: Epoch: [1][ 0/25]	Time  4.831 ( 4.831)	Data  4.647 ( 4.647)	Loss 2.3630e+00 (2.3630e+00)	Acc@1  12.50 ( 12.50)	Acc@5  57.03 ( 57.03)
0: Epoch: [1][10/25]	Time  0.247 ( 0.665)	Data  0.000 ( 0.430)	Loss 2.4742e+00 (2.4040e+00)	Acc@1  11.72 ( 12.78)	Acc@5  49.61 ( 56.46)
0: Epoch: [1][20/25]	Time  0.245 ( 0.465)	Data  0.000 ( 0.228)	Loss 2.3927e+00 (2.3942e+00)	Acc@1  12.11 ( 12.91)	Acc@5  54.69 ( 56.25)
0: Epoch: [1][ 0/25]	Time  4.813 ( 4.813)	Data  4.611 ( 4.611)	Loss 2.4551e+00 (2.4551e+00)	Acc@1  11.72 ( 11.72)	Acc@5  55.86 ( 55.86)
0: Epoch: [1][10/25]	Time  0.246 ( 0.664)	Data  0.000 ( 0.428)	Loss 2.4538e+00 (2.4025e+00)	Acc@1  10.94 ( 12.75)	Acc@5  55.47 ( 56.82)
0: Epoch: [1][20/25]	Time  0.245 ( 0.465)	Data  0.000 ( 0.227)	Loss 2.3099e+00 (2.3743e+00)	Acc@1  14.06 ( 13.00)	Acc@5  59.38 ( 57.83)
0: Epoch: [1][ 0/25]	Time  4.885 ( 4.885)	Data  4.677 ( 4.677)	Loss 2.4556e+00 (2.4556e+00)	Acc@1  11.72 ( 11.72)	Acc@5  53.12 ( 53.12)
0: Epoch: [1][10/25]	Time  0.247 ( 0.671)	Data  0.000 ( 0.434)	Loss 2.4220e+00 (2.4151e+00)	Acc@1  14.45 ( 11.86)	Acc@5  55.47 ( 56.07)
0: Epoch: [1][20/25]	Time  0.246 ( 0.468)	Data  0.000 ( 0.230)	Loss 2.3594e+00 (2.3755e+00)	Acc@1  11.72 ( 13.73)	Acc@5  59.77 ( 57.51)
0: Epoch: [1][ 0/25]	Time  4.870 ( 4.870)	Data  4.692 ( 4.692)	Loss 2.4412e+00 (2.4412e+00)	Acc@1  12.11 ( 12.11)	Acc@5  52.73 ( 52.73)
0: Epoch: [1][10/25]	Time  0.247 ( 0.666)	Data  0.000 ( 0.432)	Loss 2.4494e+00 (2.4131e+00)	Acc@1  16.02 ( 13.10)	Acc@5  50.39 ( 55.97)
0: Epoch: [1][20/25]	Time  0.245 ( 0.466)	Data  0.000 ( 0.229)	Loss 2.3875e+00 (2.3900e+00)	Acc@1  10.94 ( 12.93)	Acc@5  62.11 ( 57.05)
0: Epoch: [1][ 0/25]	Time  4.857 ( 4.857)	Data  4.679 ( 4.679)	Loss 2.4108e+00 (2.4108e+00)	Acc@1  14.06 ( 14.06)	Acc@5  59.38 ( 59.38)
0: Epoch: [1][10/25]	Time  0.247 ( 0.664)	Data  0.000 ( 0.430)	Loss 2.4013e+00 (2.4105e+00)	Acc@1   9.38 ( 12.64)	Acc@5  60.55 ( 56.92)
0: Epoch: [1][20/25]	Time  0.245 ( 0.464)	Data  0.000 ( 0.228)	Loss 2.3098e+00 (2.3910e+00)	Acc@1  14.84 ( 13.28)	Acc@5  61.33 ( 57.61)
0: Epoch: [1][ 0/25]	Time  4.816 ( 4.816)	Data  4.632 ( 4.632)	Loss 2.3669e+00 (2.3669e+00)	Acc@1  13.28 ( 13.28)	Acc@5  58.59 ( 58.59)
0: Epoch: [1][10/25]	Time  0.247 ( 0.663)	Data  0.000 ( 0.428)	Loss 2.3883e+00 (2.4225e+00)	Acc@1  12.11 ( 11.93)	Acc@5  57.03 ( 56.00)
0: Epoch: [1][20/25]	Time  0.245 ( 0.464)	Data  0.000 ( 0.226)	Loss 2.3226e+00 (2.3940e+00)	Acc@1  16.41 ( 12.97)	Acc@5  57.81 ( 56.90)
0: Epoch: [1][ 0/25]	Time  4.829 ( 4.829)	Data  4.644 ( 4.644)	Loss 2.4205e+00 (2.4205e+00)	Acc@1  12.50 ( 12.50)	Acc@5  57.42 ( 57.42)
0: Epoch: [1][10/25]	Time  0.246 ( 0.662)	Data  0.000 ( 0.427)	Loss 2.3759e+00 (2.4139e+00)	Acc@1  14.06 ( 11.68)	Acc@5  57.42 ( 56.61)
0: Epoch: [1][20/25]	Time  0.244 ( 0.463)	Data  0.000 ( 0.226)	Loss 2.3049e+00 (2.3870e+00)	Acc@1  13.28 ( 12.91)	Acc@5  58.98 ( 56.64)
0: Test: [ 0/40]	Time  2.506 ( 2.506)	Loss 2.4087e+00 (2.4087e+00)	Acc@1  16.41 ( 16.41)	Acc@5  59.77 ( 59.77)
0: Test: [10/40]	Time  0.068 ( 0.289)	Loss 2.3476e+00 (2.4130e+00)	Acc@1  18.75 ( 15.06)	Acc@5  60.94 ( 60.48)
0: Test: [20/40]	Time  0.068 ( 0.184)	Loss 2.5109e+00 (2.4071e+00)	Acc@1  10.55 ( 14.86)	Acc@5  53.52 ( 59.88)
0: Test: [30/40]	Time  0.068 ( 0.146)	Loss 2.4062e+00 (2.3903e+00)	Acc@1  15.23 ( 14.71)	Acc@5  60.94 ( 60.36)
0:  * Acc@1 14.590 Acc@5 60.170
0: Epoch 1/3 - 15.960s
0: Test: [ 0/40]	Time  2.475 ( 2.475)	Loss 2.4087e+00 (2.4087e+00)	Acc@1  16.41 ( 16.41)	Acc@5  59.77 ( 59.77)
0: Test: [10/40]	Time  0.068 ( 0.287)	Loss 2.3476e+00 (2.4130e+00)	Acc@1  18.75 ( 15.06)	Acc@5  60.94 ( 60.48)
0: Test: [20/40]	Time  0.068 ( 0.182)	Loss 2.5109e+00 (2.4071e+00)	Acc@1  10.55 ( 14.86)	Acc@5  53.52 ( 59.88)
0: Test: [30/40]	Time  0.068 ( 0.146)	Loss 2.4062e+00 (2.3903e+00)	Acc@1  15.23 ( 14.71)	Acc@5  60.94 ( 60.36)
0:  * Acc@1 14.590 Acc@5 60.170
0: Epoch 1/3 - 15.948s
0: Test: [ 0/40]	Time  2.484 ( 2.484)	Loss 2.4087e+00 (2.4087e+00)	Acc@1  16.41 ( 16.41)	Acc@5  59.77 ( 59.77)
0: Test: [10/40]	Time  0.068 ( 0.288)	Loss 2.3476e+00 (2.4130e+00)	Acc@1  18.75 ( 15.06)	Acc@5  60.94 ( 60.48)
0: Test: [20/40]	Time  0.069 ( 0.183)	Loss 2.5109e+00 (2.4071e+00)	Acc@1  10.55 ( 14.86)	Acc@5  53.52 ( 59.88)
0: Test: [30/40]	Time  0.069 ( 0.146)	Loss 2.4062e+00 (2.3903e+00)	Acc@1  15.23 ( 14.71)	Acc@5  60.94 ( 60.36)
0:  * Acc@1 14.590 Acc@5 60.170
0: Epoch 1/3 - 15.955s
0: Test: [ 0/40]	Time  2.497 ( 2.497)	Loss 2.4087e+00 (2.4087e+00)	Acc@1  16.41 ( 16.41)	Acc@5  59.77 ( 59.77)
0: Test: [10/40]	Time  0.068 ( 0.288)	Loss 2.3476e+00 (2.4130e+00)	Acc@1  18.75 ( 15.06)	Acc@5  60.94 ( 60.48)
0: Test: [20/40]	Time  0.067 ( 0.183)	Loss 2.5109e+00 (2.4071e+00)	Acc@1  10.55 ( 14.86)	Acc@5  53.52 ( 59.88)
0: Test: [30/40]	Time  0.067 ( 0.146)	Loss 2.4062e+00 (2.3903e+00)	Acc@1  15.23 ( 14.71)	Acc@5  60.94 ( 60.36)
0:  * Acc@1 14.590 Acc@5 60.170
0: Epoch 1/3 - 16.038s
0: Test: [ 0/40]	Time  2.481 ( 2.481)	Loss 2.4087e+00 (2.4087e+00)	Acc@1  16.41 ( 16.41)	Acc@5  59.77 ( 59.77)
0: Test: [10/40]	Time  0.067 ( 0.287)	Loss 2.3476e+00 (2.4130e+00)	Acc@1  18.75 ( 15.06)	Acc@5  60.94 ( 60.48)
0: Test: [20/40]	Time  0.067 ( 0.183)	Loss 2.5109e+00 (2.4071e+00)	Acc@1  10.55 ( 14.86)	Acc@5  53.52 ( 59.88)
0: Test: [30/40]	Time  0.067 ( 0.145)	Loss 2.4062e+00 (2.3903e+00)	Acc@1  15.23 ( 14.71)	Acc@5  60.94 ( 60.36)
0:  * Acc@1 14.590 Acc@5 60.170
0: Epoch 1/3 - 15.988s
0: Test: [ 0/40]	Time  2.472 ( 2.472)	Loss 2.4087e+00 (2.4087e+00)	Acc@1  16.41 ( 16.41)	Acc@5  59.77 ( 59.77)
0: Test: [10/40]	Time  0.068 ( 0.287)	Loss 2.3476e+00 (2.4130e+00)	Acc@1  18.75 ( 15.06)	Acc@5  60.94 ( 60.48)
0: Test: [20/40]	Time  0.068 ( 0.183)	Loss 2.5109e+00 (2.4071e+00)	Acc@1  10.55 ( 14.86)	Acc@5  53.52 ( 59.88)
0: Test: [30/40]	Time  0.068 ( 0.146)	Loss 2.4062e+00 (2.3903e+00)	Acc@1  15.23 ( 14.71)	Acc@5  60.94 ( 60.36)
0:  * Acc@1 14.590 Acc@5 60.170
0: Epoch 1/3 - 15.956s
0: Test: [ 0/40]	Time  2.467 ( 2.467)	Loss 2.4087e+00 (2.4087e+00)	Acc@1  16.41 ( 16.41)	Acc@5  59.77 ( 59.77)
0: Test: [10/40]	Time  0.068 ( 0.286)	Loss 2.3476e+00 (2.4130e+00)	Acc@1  18.75 ( 15.06)	Acc@5  60.94 ( 60.48)
0: Test: [20/40]	Time  0.068 ( 0.182)	Loss 2.5109e+00 (2.4071e+00)	Acc@1  10.55 ( 14.86)	Acc@5  53.52 ( 59.88)
0: Test: [30/40]	Time  0.068 ( 0.145)	Loss 2.4062e+00 (2.3903e+00)	Acc@1  15.23 ( 14.71)	Acc@5  60.94 ( 60.36)
0:  * Acc@1 14.590 Acc@5 60.170
0: Epoch 1/3 - 15.952s
0: Test: [ 0/40]	Time  2.502 ( 2.502)	Loss 2.4087e+00 (2.4087e+00)	Acc@1  16.41 ( 16.41)	Acc@5  59.77 ( 59.77)
0: Test: [10/40]	Time  0.069 ( 0.290)	Loss 2.3476e+00 (2.4130e+00)	Acc@1  18.75 ( 15.06)	Acc@5  60.94 ( 60.48)
0: Test: [20/40]	Time  0.069 ( 0.184)	Loss 2.5109e+00 (2.4071e+00)	Acc@1  10.55 ( 14.86)	Acc@5  53.52 ( 59.88)
0: Test: [30/40]	Time  0.069 ( 0.147)	Loss 2.4062e+00 (2.3903e+00)	Acc@1  15.23 ( 14.71)	Acc@5  60.94 ( 60.36)
0:  * Acc@1 14.590 Acc@5 60.170
0: Epoch 1/3 - 16.018s
0: Epoch: [2][ 0/25]	Time  4.801 ( 4.801)	Data  4.621 ( 4.621)	Loss 2.3258e+00 (2.3258e+00)	Acc@1  11.72 ( 11.72)	Acc@5  59.38 ( 59.38)
0: Epoch: [2][10/25]	Time  0.247 ( 0.661)	Data  0.000 ( 0.426)	Loss 2.3311e+00 (2.3296e+00)	Acc@1  11.72 ( 13.88)	Acc@5  60.16 ( 60.12)
0: Epoch: [2][20/25]	Time  0.246 ( 0.463)	Data  0.000 ( 0.226)	Loss 2.2570e+00 (2.3097e+00)	Acc@1  13.67 ( 15.01)	Acc@5  65.62 ( 61.25)
0: Epoch: [2][ 0/25]	Time  4.798 ( 4.798)	Data  4.621 ( 4.621)	Loss 2.3362e+00 (2.3362e+00)	Acc@1  12.11 ( 12.11)	Acc@5  60.55 ( 60.55)
0: Epoch: [2][10/25]	Time  0.247 ( 0.660)	Data  0.000 ( 0.425)	Loss 2.3221e+00 (2.3082e+00)	Acc@1  13.28 ( 15.41)	Acc@5  61.72 ( 59.94)
0: Epoch: [2][20/25]	Time  0.246 ( 0.463)	Data  0.000 ( 0.225)	Loss 2.3043e+00 (2.3012e+00)	Acc@1  13.67 ( 15.64)	Acc@5  60.55 ( 60.73)
0: Epoch: [2][ 0/25]	Time  4.749 ( 4.749)	Data  4.566 ( 4.566)	Loss 2.3464e+00 (2.3464e+00)	Acc@1  12.11 ( 12.11)	Acc@5  58.98 ( 58.98)
0: Epoch: [2][10/25]	Time  0.247 ( 0.656)	Data  0.000 ( 0.420)	Loss 2.3313e+00 (2.3302e+00)	Acc@1  11.72 ( 13.67)	Acc@5  57.42 ( 59.69)
0: Epoch: [2][20/25]	Time  0.245 ( 0.460)	Data  0.000 ( 0.222)	Loss 2.2701e+00 (2.3068e+00)	Acc@1  16.80 ( 14.71)	Acc@5  63.67 ( 60.84)
0: Epoch: [2][ 0/25]	Time  4.818 ( 4.818)	Data  4.640 ( 4.640)	Loss 2.2832e+00 (2.2832e+00)	Acc@1  13.67 ( 13.67)	Acc@5  63.28 ( 63.28)
0: Epoch: [2][10/25]	Time  0.247 ( 0.661)	Data  0.000 ( 0.426)	Loss 2.2979e+00 (2.3058e+00)	Acc@1  15.23 ( 14.67)	Acc@5  61.72 ( 61.43)
0: Epoch: [2][20/25]	Time  0.246 ( 0.463)	Data  0.000 ( 0.226)	Loss 2.2485e+00 (2.2972e+00)	Acc@1  16.02 ( 15.22)	Acc@5  62.50 ( 61.61)
0: Epoch: [2][ 0/25]	Time  4.813 ( 4.813)	Data  4.635 ( 4.635)	Loss 2.3094e+00 (2.3094e+00)	Acc@1  14.84 ( 14.84)	Acc@5  62.11 ( 62.11)
0: Epoch: [2][10/25]	Time  0.247 ( 0.661)	Data  0.000 ( 0.426)	Loss 2.3347e+00 (2.3394e+00)	Acc@1  17.58 ( 14.28)	Acc@5  59.38 ( 59.27)
0: Epoch: [2][20/25]	Time  0.246 ( 0.463)	Data  0.000 ( 0.226)	Loss 2.2991e+00 (2.3210e+00)	Acc@1  12.89 ( 14.51)	Acc@5  61.33 ( 60.62)
0: Epoch: [2][ 0/25]	Time  4.769 ( 4.769)	Data  4.587 ( 4.587)	Loss 2.2964e+00 (2.2964e+00)	Acc@1  17.19 ( 17.19)	Acc@5  62.89 ( 62.89)
0: Epoch: [2][10/25]	Time  0.247 ( 0.659)	Data  0.000 ( 0.424)	Loss 2.3899e+00 (2.3350e+00)	Acc@1  10.94 ( 14.52)	Acc@5  54.69 ( 59.20)
0: Epoch: [2][20/25]	Time  0.246 ( 0.462)	Data  0.000 ( 0.224)	Loss 2.3745e+00 (2.3146e+00)	Acc@1  15.23 ( 15.40)	Acc@5  52.34 ( 60.44)
0: Epoch: [2][ 0/25]	Time  4.768 ( 4.768)	Data  4.584 ( 4.584)	Loss 2.3483e+00 (2.3483e+00)	Acc@1  12.89 ( 12.89)	Acc@5  60.94 ( 60.94)
0: Epoch: [2][10/25]	Time  0.246 ( 0.659)	Data  0.000 ( 0.423)	Loss 2.3014e+00 (2.3153e+00)	Acc@1  14.84 ( 15.06)	Acc@5  64.06 ( 60.26)
0: Epoch: [2][20/25]	Time  0.246 ( 0.462)	Data  0.000 ( 0.224)	Loss 2.2662e+00 (2.3104e+00)	Acc@1  16.80 ( 15.51)	Acc@5  64.45 ( 60.92)
0: Epoch: [2][ 0/25]	Time  4.794 ( 4.794)	Data  4.616 ( 4.616)	Loss 2.2816e+00 (2.2816e+00)	Acc@1  16.02 ( 16.02)	Acc@5  63.67 ( 63.67)
0: Epoch: [2][10/25]	Time  0.246 ( 0.660)	Data  0.000 ( 0.425)	Loss 2.3281e+00 (2.3212e+00)	Acc@1  15.62 ( 15.23)	Acc@5  62.11 ( 61.04)
0: Epoch: [2][20/25]	Time  0.246 ( 0.463)	Data  0.000 ( 0.225)	Loss 2.2646e+00 (2.2988e+00)	Acc@1  14.06 ( 15.27)	Acc@5  67.58 ( 62.09)
0: Test: [ 0/40]	Time  2.453 ( 2.453)	Loss 2.1954e+00 (2.1954e+00)	Acc@1  17.58 ( 17.58)	Acc@5  68.36 ( 68.36)
0: Test: [10/40]	Time  0.068 ( 0.285)	Loss 2.2119e+00 (2.3076e+00)	Acc@1  18.75 ( 15.94)	Acc@5  76.56 ( 65.06)
0: Test: [20/40]	Time  0.068 ( 0.181)	Loss 2.3737e+00 (2.3040e+00)	Acc@1  14.06 ( 15.62)	Acc@5  58.20 ( 64.25)
0: Test: [30/40]	Time  0.068 ( 0.145)	Loss 2.2865e+00 (2.2987e+00)	Acc@1  16.02 ( 16.17)	Acc@5  66.41 ( 64.39)
0:  * Acc@1 16.300 Acc@5 64.190
0: Epoch 2/3 - 15.911s
0: Steps per epoch: 25
0: Validation steps per epoch: 40
0: Average time per epoch: 19.370 s
0: Test: [ 0/40]	Time  2.464 ( 2.464)	Loss 2.1954e+00 (2.1954e+00)	Acc@1  17.58 ( 17.58)	Acc@5  68.36 ( 68.36)
0: Test: [10/40]	Time  0.068 ( 0.286)	Loss 2.2119e+00 (2.3076e+00)	Acc@1  18.75 ( 15.94)	Acc@5  76.56 ( 65.06)
0: Test: [20/40]	Time  0.068 ( 0.182)	Loss 2.3737e+00 (2.3040e+00)	Acc@1  14.06 ( 15.62)	Acc@5  58.20 ( 64.25)
0: Test: [30/40]	Time  0.068 ( 0.145)	Loss 2.2865e+00 (2.2987e+00)	Acc@1  16.02 ( 16.17)	Acc@5  66.41 ( 64.39)
0:  * Acc@1 16.300 Acc@5 64.190
0: Epoch 2/3 - 15.922s
0: Steps per epoch: 25
0: Validation steps per epoch: 40
0: Average time per epoch: 19.374 s
0: Test: [ 0/40]	Time  2.478 ( 2.478)	Loss 2.1954e+00 (2.1954e+00)	Acc@1  17.58 ( 17.58)	Acc@5  68.36 ( 68.36)
0: Test: [10/40]	Time  0.068 ( 0.287)	Loss 2.2119e+00 (2.3076e+00)	Acc@1  18.75 ( 15.94)	Acc@5  76.56 ( 65.06)
0: Test: [20/40]	Time  0.068 ( 0.182)	Loss 2.3737e+00 (2.3040e+00)	Acc@1  14.06 ( 15.62)	Acc@5  58.20 ( 64.25)
0: Test: [30/40]	Time  0.068 ( 0.145)	Loss 2.2865e+00 (2.2987e+00)	Acc@1  16.02 ( 16.17)	Acc@5  66.41 ( 64.39)
0:  * Acc@1 16.300 Acc@5 64.190
0: Epoch 2/3 - 15.937s
0: Steps per epoch: 25
0: Validation steps per epoch: 40
0: Average time per epoch: 19.349 s
0: Test: [ 0/40]	Time  2.511 ( 2.511)	Loss 2.1954e+00 (2.1954e+00)	Acc@1  17.58 ( 17.58)	Acc@5  68.36 ( 68.36)
0: Test: [10/40]	Time  0.067 ( 0.290)	Loss 2.2119e+00 (2.3076e+00)	Acc@1  18.75 ( 15.94)	Acc@5  76.56 ( 65.06)
0: Test: [20/40]	Time  0.068 ( 0.184)	Loss 2.3737e+00 (2.3040e+00)	Acc@1  14.06 ( 15.62)	Acc@5  58.20 ( 64.25)
0: Test: [30/40]	Time  0.068 ( 0.146)	Loss 2.2865e+00 (2.2987e+00)	Acc@1  16.02 ( 16.17)	Acc@5  66.41 ( 64.39)
0:  * Acc@1 16.300 Acc@5 64.190
0: Epoch 2/3 - 15.937s
0: Steps per epoch: 25
0: Validation steps per epoch: 40
0: Average time per epoch: 19.367 s
0: Test: [ 0/40]	Time  2.488 ( 2.488)	Loss 2.1954e+00 (2.1954e+00)	Acc@1  17.58 ( 17.58)	Acc@5  68.36 ( 68.36)
0: Test: [10/40]	Time  0.068 ( 0.288)	Loss 2.2119e+00 (2.3076e+00)	Acc@1  18.75 ( 15.94)	Acc@5  76.56 ( 65.06)
0: Test: [20/40]	Time  0.068 ( 0.183)	Loss 2.3737e+00 (2.3040e+00)	Acc@1  14.06 ( 15.62)	Acc@5  58.20 ( 64.25)
0: Test: [30/40]	Time  0.068 ( 0.146)	Loss 2.2865e+00 (2.2987e+00)	Acc@1  16.02 ( 16.17)	Acc@5  66.41 ( 64.39)
0:  * Acc@1 16.300 Acc@5 64.190
0: Epoch 2/3 - 15.932s
0: Steps per epoch: 25
0: Validation steps per epoch: 40
0: Average time per epoch: 19.344 s
0: Test: [ 0/40]	Time  2.499 ( 2.499)	Loss 2.1954e+00 (2.1954e+00)	Acc@1  17.58 ( 17.58)	Acc@5  68.36 ( 68.36)
0: Test: [10/40]	Time  0.068 ( 0.289)	Loss 2.2119e+00 (2.3076e+00)	Acc@1  18.75 ( 15.94)	Acc@5  76.56 ( 65.06)
0: Test: [20/40]	Time  0.068 ( 0.184)	Loss 2.3737e+00 (2.3040e+00)	Acc@1  14.06 ( 15.62)	Acc@5  58.20 ( 64.25)
0: Test: [30/40]	Time  0.068 ( 0.146)	Loss 2.2865e+00 (2.2987e+00)	Acc@1  16.02 ( 16.17)	Acc@5  66.41 ( 64.39)
0:  * Acc@1 16.300 Acc@5 64.190
0: Epoch 2/3 - 15.966s
0: Steps per epoch: 25
0: Validation steps per epoch: 40
0: Average time per epoch: 19.371 s
0: Test: [ 0/40]	Time  2.486 ( 2.486)	Loss 2.1954e+00 (2.1954e+00)	Acc@1  17.58 ( 17.58)	Acc@5  68.36 ( 68.36)
0: Test: [10/40]	Time  0.068 ( 0.288)	Loss 2.2119e+00 (2.3076e+00)	Acc@1  18.75 ( 15.94)	Acc@5  76.56 ( 65.06)
0: Test: [20/40]	Time  0.068 ( 0.183)	Loss 2.3737e+00 (2.3040e+00)	Acc@1  14.06 ( 15.62)	Acc@5  58.20 ( 64.25)
0: Test: [30/40]	Time  0.068 ( 0.146)	Loss 2.2865e+00 (2.2987e+00)	Acc@1  16.02 ( 16.17)	Acc@5  66.41 ( 64.39)
0:  * Acc@1 16.300 Acc@5 64.190
0: Epoch 2/3 - 15.943s
0: Steps per epoch: 25
0: Validation steps per epoch: 40
0: Average time per epoch: 19.349 s
0: Test: [ 0/40]	Time  2.507 ( 2.507)	Loss 2.1954e+00 (2.1954e+00)	Acc@1  17.58 ( 17.58)	Acc@5  68.36 ( 68.36)
0: Test: [10/40]	Time  0.068 ( 0.290)	Loss 2.2119e+00 (2.3076e+00)	Acc@1  18.75 ( 15.94)	Acc@5  76.56 ( 65.06)
0: Test: [20/40]	Time  0.069 ( 0.185)	Loss 2.3737e+00 (2.3040e+00)	Acc@1  14.06 ( 15.62)	Acc@5  58.20 ( 64.25)
0: Test: [30/40]	Time  0.068 ( 0.147)	Loss 2.2865e+00 (2.2987e+00)	Acc@1  16.02 ( 16.17)	Acc@5  66.41 ( 64.39)
0:  * Acc@1 16.300 Acc@5 64.190
0: Epoch 2/3 - 15.929s
0: Steps per epoch: 25
0: Validation steps per epoch: 40
0: Average time per epoch: 19.362 s
0: --- 64.01495337486267 seconds ---
0: --- 64.03390693664551 seconds ---
0: --- 64.05611038208008 seconds ---
0: --- 64.05968737602234 seconds ---
ELAPSED: 65 seconds
End at Mon Feb  1 00:16:26 EET 2021
