WORKERS: "gpu27-ib:5555"
Start at Mon Feb  1 12:32:38 EET 2021
CUDA_VISIBLE_DEVICES: 0,1
Running on hosts: gpu27
Running on 1 nodes.
Running 1 tasks per node
Job id is 1085802
srun -w gpu27 -N 1 -n 1 -l python -u train.pytorch.cifar10.py --config=configs/pytorch_cifar10_resnet.B512.yaml --dist-url 'tcp://gpu27-ib:5555' --dist-backend 'nccl' --multiprocessing-distributed --world-size 1 --rank 0 & 
0: Number of devices per node: 2
0: Use GPU: 0 for training
0: => creating model 'resnet50'
0: Use GPU: 1 for training
0: => creating model 'resnet50'
0: Epoch: [0][ 0/98]	Time 11.224 (11.224)	Data  4.649 ( 4.649)	Loss 7.3646e+00 (7.3646e+00)	Acc@1   0.00 (  0.00)	Acc@5   0.39 (  0.39)
0: Epoch: [0][10/98]	Time  0.245 ( 1.237)	Data  0.000 ( 0.423)	Loss 2.6827e+00 (4.9837e+00)	Acc@1   8.59 (  6.43)	Acc@5  53.91 ( 30.89)
0: Epoch: [0][20/98]	Time  0.245 ( 0.763)	Data  0.000 ( 0.224)	Loss 2.4917e+00 (3.8113e+00)	Acc@1  10.55 (  8.65)	Acc@5  56.64 ( 41.18)
0: Epoch: [0][30/98]	Time  0.245 ( 0.595)	Data  0.000 ( 0.153)	Loss 2.3170e+00 (3.3600e+00)	Acc@1  14.45 ( 10.04)	Acc@5  66.02 ( 46.48)
0: Epoch: [0][40/98]	Time  0.244 ( 0.509)	Data  0.000 ( 0.117)	Loss 2.3968e+00 (3.1217e+00)	Acc@1  13.28 ( 10.48)	Acc@5  55.47 ( 49.10)
0: Epoch: [0][50/98]	Time  0.246 ( 0.457)	Data  0.000 ( 0.095)	Loss 2.3479e+00 (2.9732e+00)	Acc@1  16.02 ( 11.22)	Acc@5  58.59 ( 50.95)
0: Epoch: [0][60/98]	Time  0.245 ( 0.422)	Data  0.000 ( 0.080)	Loss 2.2942e+00 (2.8635e+00)	Acc@1  15.62 ( 11.98)	Acc@5  62.11 ( 52.87)
0: Epoch: [0][70/98]	Time  0.244 ( 0.397)	Data  0.000 ( 0.070)	Loss 2.2458e+00 (2.7820e+00)	Acc@
0: 1  16.41 ( 12.60)	Acc@5  67.58 ( 54.43)
0: Epoch: [0][80/98]	Time  0.245 ( 0.378)	Data  0.000 ( 0.062)	Loss 2.2157e+00 (2.7180e+00)	Acc@1  21.09 ( 13.25)	Acc@5  69.53 ( 55.80)
0: Epoch: [0][90/98]	Time  0.245 ( 0.363)	Data  0.000 ( 0.055)	Loss 2.1998e+00 (2.6626e+00)	Acc@1  17.19 ( 13.85)	Acc@5  67.97 ( 57.11)
0: Epoch: [0][ 0/98]	Time 11.232 (11.232)	Data  4.662 ( 4.662)	Loss 7.3699e+00 (7.3699e+00)	Acc@1   0.00 (  0.00)	Acc@5   0.00 (  0.00)
0: Epoch: [0][10/98]	Time  0.244 ( 1.238)	Data  0.000 ( 0.424)	Loss 2.7519e+00 (4.9934e+00)	Acc@1   9.77 (  6.57)	Acc@5  50.00 ( 30.65)
0: Epoch: [0][20/98]	Time  0.245 ( 0.764)	Data  0.000 ( 0.224)	Loss 2.4545e+00 (3.7914e+00)	Acc@1  14.06 (  9.52)	Acc@5  54.69 ( 42.69)
0: Epoch: [0][30/98]	Time  0.245 ( 0.596)	Data  0.000 ( 0.153)	Loss 2.4606e+00 (3.3483e+00)	Acc@1  10.16 ( 10.61)	Acc@5  53.91 ( 46.86)
0: Epoch: [0][40/98]	Time  0.245 ( 0.510)	Data  0.000 ( 0.117)	Loss 2.4181e+00 (3.1153e+00)	Acc@1   9.38 ( 11.20)	Acc@5  56.64 ( 49.29)
0: Epoch: [0][50/98]	Time  0.245 ( 0.457)	Data  0.000 ( 0.095)	Loss 2.3430e+00 (2.9645e+00)	Acc@1  14.84 ( 11.87)	Acc@5  55.47 ( 51.13)
0: Epoch: [0][60/98]	Time  0.244 ( 0.422)	Data  0.000 ( 0.080)	Loss 2.2854e+00 (2.8542e+00)	Acc@1  14.84 ( 12.50)	Acc@5  62.89 ( 53.01)
0: Epoch: [0][70/98]	Time  0.244 ( 0.397)	Data  0.000 ( 0.070)	Loss 2.2604e+00 (2.7740e+00)	Acc@
0: 1  17.97 ( 13.20)	Acc@5  64.06 ( 54.42)
0: Epoch: [0][80/98]	Time  0.245 ( 0.378)	Data  0.000 ( 0.062)	Loss 2.2660e+00 (2.7108e+00)	Acc@1  16.41 ( 13.70)	Acc@5  61.72 ( 55.67)
0: Epoch: [0][90/98]	Time  0.245 ( 0.363)	Data  0.000 ( 0.055)	Loss 2.1194e+00 (2.6561e+00)	Acc@1  23.44 ( 14.32)	Acc@5  70.31 ( 57.04)
0: Test: [ 0/40]	Time  2.493 ( 2.493)	Loss 2.2303e+00 (2.2303e+00)	Acc@1  20.70 ( 20.70)	Acc@5  71.88 ( 71.88)
0: Test: [10/40]	Time  0.068 ( 0.288)	Loss 2.1763e+00 (2.2273e+00)	Acc@1  23.44 ( 19.42)	Acc@5  73.83 ( 69.96)
0: Test: [20/40]	Time  0.067 ( 0.183)	Loss 2.1766e+00 (2.2155e+00)	Acc@1  21.09 ( 20.09)	Acc@5  69.92 ( 70.01)
0: Test: [30/40]	Time  0.067 ( 0.146)	Loss 2.2349e+00 (2.2152e+00)	Acc@1  18.36 ( 20.22)	Acc@5  66.41 ( 70.07)
0:  * Acc@1 19.820 Acc@5 69.330
0: Epoch 0/3 - 44.655s
0: Test: [ 0/40]	Time  2.448 ( 2.448)	Loss 2.2303e+00 (2.2303e+00)	Acc@1  20.70 ( 20.70)	Acc@5  71.88 ( 71.88)
0: Test: [10/40]	Time  0.068 ( 0.285)	Loss 2.1763e+00 (2.2273e+00)	Acc@1  23.44 ( 19.42)	Acc@5  73.83 ( 69.96)
0: Test: [20/40]	Time  0.068 ( 0.182)	Loss 2.1766e+00 (2.2155e+00)	Acc@1  21.09 ( 20.09)	Acc@5  69.92 ( 70.01)
0: Test: [30/40]	Time  0.068 ( 0.145)	Loss 2.2349e+00 (2.2152e+00)	Acc@1  18.36 ( 20.22)	Acc@5  66.41 ( 70.07)
0:  * Acc@1 19.820 Acc@5 69.330
0: Epoch 0/3 - 44.704s
0: Epoch: [1][ 0/98]	Time  4.821 ( 4.821)	Data  4.635 ( 4.635)	Loss 2.2204e+00 (2.2204e+00)	Acc@1  20.70 ( 20.70)	Acc@5  67.58 ( 67.58)
0: Epoch: [1][10/98]	Time  0.245 ( 0.659)	Data  0.000 ( 0.426)	Loss 2.1703e+00 (2.1690e+00)	Acc@1  14.84 ( 19.35)	Acc@5  67.97 ( 69.53)
0: Epoch: [1][20/98]	Time  0.245 ( 0.461)	Data  0.000 ( 0.225)	Loss 2.1205e+00 (2.1718e+00)	Acc@1  24.61 ( 20.18)	Acc@5  74.61 ( 69.70)
0: Epoch: [1][30/98]	Time  0.245 ( 0.391)	Data  0.000 ( 0.154)	Loss 2.1227e+00 (2.1623e+00)	Acc@1  19.53 ( 20.14)	Acc@5  74.22 ( 70.48)
0: Epoch: [1][40/98]	Time  0.245 ( 0.355)	Data  0.000 ( 0.118)	Loss 2.0682e+00 (2.1495e+00)	Acc@1  23.44 ( 20.73)	Acc@5  78.52 ( 71.15)
0: Epoch: [1][50/98]	Time  0.246 ( 0.333)	Data  0.000 ( 0.095)	Loss 2.2132e+00 (2.1443e+00)	Acc@1  17.19 ( 21.06)	Acc@5  69.53 ( 71.20)
0: Epoch: [1][60/98]	Time  0.246 ( 0.318)	Data  0.000 ( 0.081)	Loss 2.1578e+00 (2.1363e+00)	Acc@1  23.44 ( 21.41)	Acc@5  75.00 ( 71.63)
0: Epoch: [1][70/98]	Time  0.245 ( 0.308)	Data  0.000 ( 0.070)	Loss 1.9800e+00 (2.1244e+00)	Acc@
0: 1  27.34 ( 21.83)	Acc@5  76.95 ( 72.34)
0: Epoch: [1][80/98]	Time  0.245 ( 0.300)	Data  0.000 ( 0.062)	Loss 2.0999e+00 (2.1192e+00)	Acc@1  22.27 ( 22.12)	Acc@5  73.05 ( 72.59)
0: Epoch: [1][90/98]	Time  0.247 ( 0.294)	Data  0.000 ( 0.056)	Loss 2.0913e+00 (2.1142e+00)	Acc@1  23.83 ( 22.41)	Acc@5  71.88 ( 72.79)
0: Epoch: [1][ 0/98]	Time  4.850 ( 4.850)	Data  4.671 ( 4.671)	Loss 2.2352e+00 (2.2352e+00)	Acc@1  19.14 ( 19.14)	Acc@5  66.02 ( 66.02)
0: Epoch: [1][10/98]	Time  0.245 ( 0.662)	Data  0.000 ( 0.430)	Loss 2.1479e+00 (2.1558e+00)	Acc@1  19.14 ( 21.34)	Acc@5  73.83 ( 70.28)
0: Epoch: [1][20/98]	Time  0.245 ( 0.463)	Data  0.000 ( 0.227)	Loss 2.2407e+00 (2.1507e+00)	Acc@1  16.41 ( 20.96)	Acc@5  67.97 ( 70.70)
0: Epoch: [1][30/98]	Time  0.246 ( 0.392)	Data  0.000 ( 0.156)	Loss 2.1386e+00 (2.1514e+00)	Acc@1  21.48 ( 21.06)	Acc@5  70.70 ( 70.60)
0: Epoch: [1][40/98]	Time  0.245 ( 0.356)	Data  0.000 ( 0.119)	Loss 2.0781e+00 (2.1498e+00)	Acc@1  23.05 ( 21.17)	Acc@5  79.69 ( 70.75)
0: Epoch: [1][50/98]	Time  0.245 ( 0.334)	Data  0.000 ( 0.097)	Loss 2.2178e+00 (2.1475e+00)	Acc@1  19.53 ( 21.33)	Acc@5  68.75 ( 71.18)
0: Epoch: [1][60/98]	Time  0.245 ( 0.319)	Data  0.000 ( 0.082)	Loss 2.0507e+00 (2.1392e+00)	Acc@1  23.83 ( 21.62)	Acc@5  76.95 ( 71.66)
0: Epoch: [1][70/98]	Time  0.246 ( 0.308)	Data  0.000 ( 0.071)	Loss 2.1199e+00 (2.1294e+00)	Acc@
0: 1  17.58 ( 21.83)	Acc@5  71.09 ( 72.15)
0: Epoch: [1][80/98]	Time  0.245 ( 0.300)	Data  0.000 ( 0.063)	Loss 2.0150e+00 (2.1218e+00)	Acc@1  25.39 ( 22.05)	Acc@5  76.56 ( 72.50)
0: Epoch: [1][90/98]	Time  0.247 ( 0.294)	Data  0.000 ( 0.056)	Loss 2.0072e+00 (2.1142e+00)	Acc@1  27.73 ( 22.40)	Acc@5  79.30 ( 72.81)
0: Test: [ 0/40]	Time  2.501 ( 2.501)	Loss 2.0325e+00 (2.0325e+00)	Acc@1  28.12 ( 28.12)	Acc@5  77.34 ( 77.34)
0: Test: [10/40]	Time  0.067 ( 0.289)	Loss 1.9933e+00 (2.0287e+00)	Acc@1  25.00 ( 25.99)	Acc@5  79.69 ( 77.20)
0: Test: [20/40]	Time  0.067 ( 0.183)	Loss 2.0691e+00 (2.0307e+00)	Acc@1  22.27 ( 25.43)	Acc@5  72.27 ( 77.03)
0: Test: [30/40]	Time  0.067 ( 0.146)	Loss 2.0418e+00 (2.0296e+00)	Acc@1  26.95 ( 25.54)	Acc@5  75.78 ( 76.85)
0:  * Acc@1 24.990 Acc@5 76.780
0: Epoch 1/3 - 33.783s
0: Test: [ 0/40]	Time  2.503 ( 2.503)	Loss 2.0325e+00 (2.0325e+00)	Acc@1  28.12 ( 28.12)	Acc@5  77.34 ( 77.34)
0: Test: [10/40]	Time  0.068 ( 0.290)	Loss 1.9933e+00 (2.0287e+00)	Acc@1  25.00 ( 25.99)	Acc@5  79.69 ( 77.20)
0: Test: [20/40]	Time  0.068 ( 0.184)	Loss 2.0691e+00 (2.0307e+00)	Acc@1  22.27 ( 25.43)	Acc@5  72.27 ( 77.03)
0: Test: [30/40]	Time  0.068 ( 0.147)	Loss 2.0418e+00 (2.0296e+00)	Acc@1  26.95 ( 25.54)	Acc@5  75.78 ( 76.85)
0:  * Acc@1 24.990 Acc@5 76.780
0: Epoch 1/3 - 33.777s
0: Epoch: [2][ 0/98]	Time  4.849 ( 4.849)	Data  4.669 ( 4.669)	Loss 2.0695e+00 (2.0695e+00)	Acc@1  26.17 ( 26.17)	Acc@5  74.61 ( 74.61)
0: Epoch: [2][10/98]	Time  0.245 ( 0.665)	Data  0.000 ( 0.432)	Loss 1.9468e+00 (2.0153e+00)	Acc@1  27.73 ( 25.89)	Acc@5  83.59 ( 78.30)
0: Epoch: [2][20/98]	Time  0.245 ( 0.464)	Data  0.000 ( 0.229)	Loss 1.9719e+00 (2.0216e+00)	Acc@1  27.73 ( 25.41)	Acc@5  77.34 ( 77.68)
0: Epoch: [2][30/98]	Time  0.246 ( 0.393)	Data  0.000 ( 0.157)	Loss 1.9027e+00 (2.0128e+00)	Acc@1  29.30 ( 25.83)	Acc@5  82.42 ( 77.91)
0: Epoch: [2][40/98]	Time  0.246 ( 0.357)	Data  0.000 ( 0.120)	Loss 2.0018e+00 (2.0108e+00)	Acc@1  28.12 ( 26.06)	Acc@5  77.73 ( 77.93)
0: Epoch: [2][50/98]	Time  0.245 ( 0.334)	Data  0.000 ( 0.097)	Loss 1.9192e+00 (2.0071e+00)	Acc@1  31.25 ( 26.22)	Acc@5  83.59 ( 78.26)
0: Epoch: [2][60/98]	Time  0.245 ( 0.319)	Data  0.000 ( 0.082)	Loss 1.8197e+00 (1.9993e+00)	Acc@1  32.81 ( 26.71)	Acc@5  83.59 ( 78.52)
0: Epoch: [2][70/98]	Time  0.246 ( 0.309)	Data  0.000 ( 0.071)	Loss 1.9459e+00 (1.9907e+00)	Acc@
0: 1  28.12 ( 27.07)	Acc@5  80.86 ( 78.85)
0: Epoch: [2][80/98]	Time  0.245 ( 0.301)	Data  0.000 ( 0.063)	Loss 1.8908e+00 (1.9818e+00)	Acc@1  35.16 ( 27.51)	Acc@5  79.69 ( 79.16)
0: Epoch: [2][90/98]	Time  0.245 ( 0.294)	Data  0.000 ( 0.057)	Loss 1.9559e+00 (1.9782e+00)	Acc@1  26.56 ( 27.62)	Acc@5  81.25 ( 79.28)
0: Epoch: [2][ 0/98]	Time  4.858 ( 4.858)	Data  4.680 ( 4.680)	Loss 1.9820e+00 (1.9820e+00)	Acc@1  28.12 ( 28.12)	Acc@5  78.12 ( 78.12)
0: Epoch: [2][10/98]	Time  0.245 ( 0.663)	Data  0.000 ( 0.430)	Loss 2.0328e+00 (2.0348e+00)	Acc@1  26.56 ( 25.36)	Acc@5  78.52 ( 76.74)
0: Epoch: [2][20/98]	Time  0.245 ( 0.463)	Data  0.000 ( 0.227)	Loss 1.9939e+00 (2.0260e+00)	Acc@1  29.69 ( 25.74)	Acc@5  76.56 ( 76.84)
0: Epoch: [2][30/98]	Time  0.245 ( 0.392)	Data  0.000 ( 0.156)	Loss 2.0263e+00 (2.0198e+00)	Acc@1  24.22 ( 25.88)	Acc@5  78.12 ( 77.07)
0: Epoch: [2][40/98]	Time  0.246 ( 0.356)	Data  0.000 ( 0.119)	Loss 2.0137e+00 (2.0121e+00)	Acc@1  31.64 ( 25.78)	Acc@5  76.56 ( 77.86)
0: Epoch: [2][50/98]	Time  0.245 ( 0.334)	Data  0.000 ( 0.096)	Loss 1.9215e+00 (2.0000e+00)	Acc@1  31.64 ( 26.50)	Acc@5  82.03 ( 78.18)
0: Epoch: [2][60/98]	Time  0.245 ( 0.319)	Data  0.000 ( 0.081)	Loss 1.8546e+00 (1.9927e+00)	Acc@1  30.86 ( 26.88)	Acc@5  84.77 ( 78.55)
0: Epoch: [2][70/98]	Time  0.246 ( 0.308)	Data  0.000 ( 0.071)	Loss 1.9137e+00 (1.9893e+00)	Acc@
0: 1  35.16 ( 27.10)	Acc@5  80.47 ( 78.68)
0: Epoch: [2][80/98]	Time  0.245 ( 0.300)	Data  0.000 ( 0.062)	Loss 2.0337e+00 (1.9847e+00)	Acc@1  26.17 ( 27.18)	Acc@5  76.95 ( 78.84)
0: Epoch: [2][90/98]	Time  0.245 ( 0.294)	Data  0.000 ( 0.056)	Loss 2.0281e+00 (1.9775e+00)	Acc@1  28.12 ( 27.70)	Acc@5  75.39 ( 78.97)
0: Test: [ 0/40]	Time  2.498 ( 2.498)	Loss 1.9794e+00 (1.9794e+00)	Acc@1  29.30 ( 29.30)	Acc@5  79.69 ( 79.69)
0: Test: [10/40]	Time  0.068 ( 0.288)	Loss 1.9257e+00 (1.9166e+00)	Acc@1  28.12 ( 30.82)	Acc@5  84.77 ( 82.17)
0: Test: [20/40]	Time  0.067 ( 0.183)	Loss 1.9401e+00 (1.9172e+00)	Acc@1  29.69 ( 30.39)	Acc@5  79.30 ( 81.94)
0: Test: [30/40]	Time  0.068 ( 0.146)	Loss 1.9067e+00 (1.9197e+00)	Acc@1  31.25 ( 30.04)	Acc@5  81.64 ( 81.97)
0:  * Acc@1 29.640 Acc@5 81.660
0: Epoch 2/3 - 33.791s
0: Steps per epoch: 98
0: Validation steps per epoch: 40
0: Average time per epoch: 37.410 s
0: Test: [ 0/40]	Time  2.498 ( 2.498)	Loss 1.9794e+00 (1.9794e+00)	Acc@1  29.30 ( 29.30)	Acc@5  79.69 ( 79.69)
0: Test: [10/40]	Time  0.069 ( 0.289)	Loss 1.9257e+00 (1.9166e+00)	Acc@1  28.12 ( 30.82)	Acc@5  84.77 ( 82.17)
0: Test: [20/40]	Time  0.069 ( 0.184)	Loss 1.9401e+00 (1.9172e+00)	Acc@1  29.69 ( 30.39)	Acc@5  79.30 ( 81.94)
0: Test: [30/40]	Time  0.068 ( 0.147)	Loss 1.9067e+00 (1.9197e+00)	Acc@1  31.25 ( 30.04)	Acc@5  81.64 ( 81.97)
0:  * Acc@1 29.640 Acc@5 81.660
0: Epoch 2/3 - 33.810s
0: Steps per epoch: 98
0: Validation steps per epoch: 40
0: Average time per epoch: 37.430 s
0: --- 117.05177640914917 seconds ---
ELAPSED: 124 seconds
End at Mon Feb  1 12:34:42 EET 2021
