WORKERS: "gpu24-ib:5555"
Start at Mon Feb  1 00:18:00 EET 2021
CUDA_VISIBLE_DEVICES: 0,1
Running on hosts: gpu24
Running on 1 nodes.
Running 1 tasks per node
Job id is 1085625
srun -w gpu24 -N 1 -n 1 -l python -u train.pytorch.imagenet.py --config=configs/pytorch_imagenet_resnet.B64.yaml --dist-url 'tcp://gpu24-ib:5555' --dist-backend 'nccl' --multiprocessing-distributed --world-size 1 --rank 0 & 
0: Number of devices per node: 2
0: Use GPU: 1 for training
0: => creating model 'resnet50'
0: Use GPU: 0 for training
0: => creating model 'resnet50'
0: Epoch: [0][  0/782]	Time  7.218 ( 7.218)	Data  4.546 ( 4.546)	Loss 7.4082e+00 (7.4082e+00)	Acc@1   0.00 (  0.00)	Acc@5   0.00 (  0.00)
0: Epoch: [0][ 10/782]	Time  0.082 ( 0.733)	Data  0.000 ( 0.413)	Loss 2.7420e+00 (4.8722e+00)	Acc@1   6.25 (  5.40)	Acc@5  43.75 ( 30.97)
0: Epoch: [0][ 20/782]	Time  0.086 ( 0.424)	Data  0.000 ( 0.217)	Loss 2.8570e+00 (3.7622e+00)	Acc@1   9.38 (  7.59)	Acc@5  46.88 ( 43.45)
0: Epoch: [0][ 30/782]	Time  0.084 ( 0.315)	Data  0.000 ( 0.148)	Loss 2.3189e+00 (3.3814e+00)	Acc@1  15.62 (  9.17)	Acc@5  65.62 ( 46.47)
0: Epoch: [0][ 40/782]	Time  0.103 ( 0.259)	Data  0.000 ( 0.112)	Loss 2.5694e+00 (3.1715e+00)	Acc@1   9.38 ( 10.59)	Acc@5  56.25 ( 49.16)
0: Epoch: [0][ 50/782]	Time  0.084 ( 0.225)	Data  0.000 ( 0.090)	Loss 2.3719e+00 (3.0377e+00)	Acc@1   9.38 ( 11.21)	Acc@5  53.12 ( 50.55)
0: Epoch: [0][ 60/782]	Time  0.082 ( 0.202)	Data  0.000 ( 0.076)	Loss 2.2992e+00 (2.9431e+00)	Acc@1  12.50 ( 11.27)	Acc@5  68.75 ( 51.69)
0: Epoch: [0][ 70/782]	Time  0.087 ( 0.185)	Data  0.000 ( 0.065)	Loss 2.5050e+00 (
0: 2.8768e+00)	Acc@1  15.62 ( 12.06)	Acc@5  62.50 ( 52.82)
0: Epoch: [0][ 80/782]	Time  0.083 ( 0.173)	Data  0.000 ( 0.058)	Loss 2.2632e+00 (2.8077e+00)	Acc@1  15.62 ( 12.38)	Acc@5  68.75 ( 54.32)
0: Epoch: [0][ 90/782]	Time  0.081 ( 0.163)	Data  0.000 ( 0.051)	Loss 2.2925e+00 (2.7625e+00)	Acc@1  28.12 ( 12.71)	Acc@5  65.62 ( 55.19)
0: Epoch: [0][100/782]	Time  0.081 ( 0.155)	Data  0.000 ( 0.047)	Loss 2.4117e+00 (2.7214e+00)	Acc@1  18.75 ( 13.15)	Acc@5  68.75 ( 56.03)
0: Epoch: [0][110/782]	Time  0.087 ( 0.149)	Data  0.000 ( 0.042)	Loss 2.1309e+00 (2.6784e+00)	Acc@1   9.38 ( 13.85)	Acc@5  68.75 ( 57.18)
0: Epoch: [0][120/782]	Time  0.084 ( 0.144)	Data  0.000 ( 0.039)	Loss 2.2699e+00 (2.6496e+00)	Acc@1  12.50 ( 14.10)	Acc@5  75.00 ( 57.88)
0: Epoch: [0][130/782]	Time  0.081 ( 0.139)	Data  0.000 ( 0.036)	Loss 1.8780e+00 (2.6122e+00)	Acc@1  21.88 ( 14.79)	Acc@5  75.00 ( 59.02)
0: Epoch: [0][140/782]	Time  0.088 ( 0.135)	Data  0.000 ( 0.034)	Loss 2.2596e+00 (2.5827e+00)	Acc@1  12.50 ( 15.31)	Acc@5  81.25 ( 60.13)
0: Epoch: [0][150/782]	Tim
0: e  0.087 ( 0.132)	Data  0.000 ( 0.032)	Loss 2.4021e+00 (2.5581e+00)	Acc@1  18.75 ( 15.83)	Acc@5  68.75 ( 61.20)
0: Epoch: [0][160/782]	Time  0.083 ( 0.129)	Data  0.000 ( 0.030)	Loss 2.2576e+00 (2.5369e+00)	Acc@1  18.75 ( 16.44)	Acc@5  71.88 ( 61.76)
0: Epoch: [0][170/782]	Time  0.081 ( 0.127)	Data  0.000 ( 0.028)	Loss 2.0428e+00 (2.5209e+00)	Acc@1  21.88 ( 16.67)	Acc@5  81.25 ( 62.50)
0: Epoch: [0][180/782]	Time  0.083 ( 0.124)	Data  0.000 ( 0.027)	Loss 2.3782e+00 (2.5014e+00)	Acc@1  18.75 ( 16.95)	Acc@5  68.75 ( 63.23)
0: Epoch: [0][190/782]	Time  0.083 ( 0.122)	Data  0.000 ( 0.025)	Loss 2.1942e+00 (2.4854e+00)	Acc@1  28.12 ( 17.38)	Acc@5  75.00 ( 63.79)
0: Epoch: [0][200/782]	Time  0.084 ( 0.120)	Data  0.000 ( 0.024)	Loss 2.4392e+00 (2.4750e+00)	Acc@1  15.62 ( 17.69)	Acc@5  71.88 ( 64.13)
0: Epoch: [0][210/782]	Time  0.082 ( 0.119)	Data  0.000 ( 0.023)	Loss 2.2319e+00 (2.4651e+00)	Acc@1  28.12 ( 17.91)	Acc@5  65.62 ( 64.63)
0: Epoch: [0][220/782]	Time  0.087 ( 0.117)	Data  0.000 ( 0.022)	Loss 2.3995e+00 (2.4488e+00)	Acc@1  25.0
0: 0 ( 18.26)	Acc@5  71.88 ( 65.23)
0: Epoch: [0][230/782]	Time  0.084 ( 0.116)	Data  0.000 ( 0.021)	Loss 2.0943e+00 (2.4359e+00)	Acc@1  21.88 ( 18.57)	Acc@5  81.25 ( 65.68)
0: Epoch: [0][240/782]	Time  0.084 ( 0.114)	Data  0.000 ( 0.021)	Loss 2.3002e+00 (2.4235e+00)	Acc@1  15.62 ( 18.97)	Acc@5  59.38 ( 66.07)
0: Epoch: [0][250/782]	Time  0.087 ( 0.113)	Data  0.000 ( 0.020)	Loss 2.5741e+00 (2.4157e+00)	Acc@1  12.50 ( 19.07)	Acc@5  65.62 ( 66.45)
0: Epoch: [0][260/782]	Time  0.084 ( 0.112)	Data  0.000 ( 0.019)	Loss 2.3642e+00 (2.4057e+00)	Acc@1  25.00 ( 19.24)	Acc@5  75.00 ( 66.79)
0: Epoch: [0][270/782]	Time  0.083 ( 0.111)	Data  0.000 ( 0.018)	Loss 1.7567e+00 (2.3939e+00)	Acc@1  37.50 ( 19.48)	Acc@5  84.38 ( 67.16)
0: Epoch: [0][280/782]	Time  0.087 ( 0.110)	Data  0.000 ( 0.018)	Loss 2.0700e+00 (2.3877e+00)	Acc@1  25.00 ( 19.52)	Acc@5  87.50 ( 67.53)
0: Epoch: [0][290/782]	Time  0.084 ( 0.109)	Data  0.000 ( 0.017)	Loss 2.2542e+00 (2.3819e+00)	Acc@1  28.12 ( 19.57)	Acc@5  68.75 ( 67.73)
0: Epoch: [0][300/782]	Time  0.082 ( 0.108)	Data 
0:  0.000 ( 0.017)	Loss 2.4080e+00 (2.3750e+00)	Acc@1  28.12 ( 19.80)	Acc@5  65.62 ( 67.92)
0: Epoch: [0][310/782]	Time  0.088 ( 0.108)	Data  0.000 ( 0.016)	Loss 2.3269e+00 (2.3690e+00)	Acc@1  18.75 ( 19.89)	Acc@5  68.75 ( 68.29)
0: Epoch: [0][320/782]	Time  0.087 ( 0.107)	Data  0.000 ( 0.016)	Loss 2.1888e+00 (2.3619e+00)	Acc@1  21.88 ( 20.05)	Acc@5  78.12 ( 68.58)
0: Epoch: [0][330/782]	Time  0.088 ( 0.106)	Data  0.000 ( 0.015)	Loss 2.2926e+00 (2.3539e+00)	Acc@1  12.50 ( 20.35)	Acc@5  71.88 ( 68.86)
0: Epoch: [0][340/782]	Time  0.087 ( 0.106)	Data  0.000 ( 0.015)	Loss 2.0477e+00 (2.3458e+00)	Acc@1  31.25 ( 20.67)	Acc@5  81.25 ( 69.15)
0: Epoch: [0][350/782]	Time  0.084 ( 0.105)	Data  0.000 ( 0.015)	Loss 2.2452e+00 (2.3413e+00)	Acc@1  25.00 ( 20.71)	Acc@5  75.00 ( 69.21)
0: Epoch: [0][360/782]	Time  0.081 ( 0.105)	Data  0.000 ( 0.014)	Loss 2.1492e+00 (2.3322e+00)	Acc@1  40.62 ( 21.01)	Acc@5  71.88 ( 69.49)
0: Epoch: [0][370/782]	Time  0.086 ( 0.104)	Data  0.000 ( 0.014)	Loss 1.8253e+00 (2.3274e+00)	Acc@1  40.62 ( 21.22)	Acc@5  84.38
0:  ( 69.68)
0: Epoch: [0][380/782]	Time  0.084 ( 0.104)	Data  0.000 ( 0.014)	Loss 2.2233e+00 (2.3221e+00)	Acc@1  21.88 ( 21.37)	Acc@5  65.62 ( 69.84)
0: Epoch: [0][390/782]	Time  0.082 ( 0.103)	Data  0.000 ( 0.013)	Loss 1.9971e+00 (2.3179e+00)	Acc@1  31.25 ( 21.44)	Acc@5  78.12 ( 70.00)
0: Epoch: [0][400/782]	Time  0.086 ( 0.103)	Data  0.000 ( 0.013)	Loss 2.1009e+00 (2.3108e+00)	Acc@1  15.62 ( 21.56)	Acc@5  81.25 ( 70.34)
0: Epoch: [0][410/782]	Time  0.086 ( 0.102)	Data  0.000 ( 0.013)	Loss 1.8427e+00 (2.3039e+00)	Acc@1  37.50 ( 21.74)	Acc@5  87.50 ( 70.53)
0: Epoch: [0][420/782]	Time  0.083 ( 0.102)	Data  0.000 ( 0.013)	Loss 2.1295e+00 (2.2975e+00)	Acc@1  43.75 ( 21.97)	Acc@5  65.62 ( 70.74)
0: Epoch: [0][430/782]	Time  0.081 ( 0.101)	Data  0.000 ( 0.012)	Loss 1.7072e+00 (2.2905e+00)	Acc@1  43.75 ( 22.13)	Acc@5  87.50 ( 70.95)
0: Epoch: [0][440/782]	Time  0.088 ( 0.101)	Data  0.000 ( 0.012)	Loss 1.9135e+00 (2.2846e+00)	Acc@1  37.50 ( 22.34)	Acc@5  87.50 ( 71.23)
0: Epoch: [0][450/782]	Time  0.088 ( 0.101)	Data  0.000 ( 0.012)	Loss 2.
0: 0017e+00 (2.2789e+00)	Acc@1  34.38 ( 22.44)	Acc@5  81.25 ( 71.41)
0: Epoch: [0][460/782]	Time  0.083 ( 0.100)	Data  0.000 ( 0.012)	Loss 2.0832e+00 (2.2724e+00)	Acc@1  28.12 ( 22.57)	Acc@5  68.75 ( 71.58)
0: Epoch: [0][470/782]	Time  0.082 ( 0.100)	Data  0.000 ( 0.011)	Loss 1.9271e+00 (2.2682e+00)	Acc@1  25.00 ( 22.72)	Acc@5  75.00 ( 71.70)
0: Epoch: [0][480/782]	Time  0.087 ( 0.100)	Data  0.000 ( 0.011)	Loss 2.2360e+00 (2.2622e+00)	Acc@1  15.62 ( 22.86)	Acc@5  84.38 ( 71.91)
0: Epoch: [0][490/782]	Time  0.086 ( 0.099)	Data  0.000 ( 0.011)	Loss 2.1771e+00 (2.2578e+00)	Acc@1  31.25 ( 22.96)	Acc@5  75.00 ( 72.05)
0: Epoch: [0][500/782]	Time  0.082 ( 0.099)	Data  0.000 ( 0.011)	Loss 2.0613e+00 (2.2512e+00)	Acc@1  34.38 ( 23.15)	Acc@5  78.12 ( 72.32)
0: Epoch: [0][510/782]	Time  0.086 ( 0.099)	Data  0.000 ( 0.011)	Loss 1.8109e+00 (2.2454e+00)	Acc@1  37.50 ( 23.25)	Acc@5  84.38 ( 72.48)
0: Epoch: [0][520/782]	Time  0.087 ( 0.099)	Data  0.000 ( 0.010)	Loss 1.8901e+00 (2.2414e+00)	Acc@1  40.62 ( 23.39)	Acc@5  81.25 ( 72.63)
0: Epoch: [0][53
0: 0/782]	Time  0.083 ( 0.098)	Data  0.000 ( 0.010)	Loss 2.1473e+00 (2.2371e+00)	Acc@1  34.38 ( 23.59)	Acc@5  84.38 ( 72.78)
0: Epoch: [0][540/782]	Time  0.081 ( 0.098)	Data  0.000 ( 0.010)	Loss 2.2543e+00 (2.2333e+00)	Acc@1  15.62 ( 23.64)	Acc@5  81.25 ( 72.90)
0: Epoch: [0][550/782]	Time  0.086 ( 0.098)	Data  0.000 ( 0.010)	Loss 1.6915e+00 (2.2280e+00)	Acc@1  43.75 ( 23.76)	Acc@5  87.50 ( 73.06)
0: Epoch: [0][560/782]	Time  0.088 ( 0.098)	Data  0.000 ( 0.010)	Loss 1.9320e+00 (2.2223e+00)	Acc@1  25.00 ( 23.88)	Acc@5  84.38 ( 73.20)
0: Epoch: [0][570/782]	Time  0.086 ( 0.097)	Data  0.000 ( 0.010)	Loss 1.8816e+00 (2.2166e+00)	Acc@1  43.75 ( 24.04)	Acc@5  87.50 ( 73.38)
0: Epoch: [0][580/782]	Time  0.083 ( 0.097)	Data  0.000 ( 0.010)	Loss 2.0824e+00 (2.2111e+00)	Acc@1  25.00 ( 24.24)	Acc@5  84.38 ( 73.57)
0: Epoch: [0][590/782]	Time  0.081 ( 0.097)	Data  0.000 ( 0.009)	Loss 1.6786e+00 (2.2071e+00)	Acc@1  28.12 ( 24.37)	Acc@5  87.50 ( 73.71)
0: Epoch: [0][600/782]	Time  0.086 ( 0.097)	Data  0.000 ( 0.009)	Loss 2.0281e+00 (2.2049e+00)	A
0: cc@1  34.38 ( 24.39)	Acc@5  68.75 ( 73.78)Epoch: [0][  0/782]	Time  7.221 ( 7.221)	Data  4.589 ( 4.589)	Loss 7.4448e+00 (7.4448e+00)	Acc@1   0.00 (  0.00)	Acc@5   0.00 (  0.00)
0: Epoch: [0][ 10/782]	Time  0.087 ( 0.734)	Data  0.000 ( 0.417)	Loss 2.5568e+00 (4.8200e+00)	Acc@1  15.62 (  8.52)	Acc@5  65.62 ( 32.67)
0: Epoch: [0][ 20/782]	Time  0.082 ( 0.424)	Data  0.000 ( 0.219)	Loss 2.4564e+00 (3.7496e+00)	Acc@1  12.50 ( 11.01)	Acc@5  62.50 ( 44.05)
0: Epoch: [0][ 30/782]	Time  0.084 ( 0.315)	Data  0.000 ( 0.149)	Loss 2.5413e+00 (3.3729e+00)	Acc@1  12.50 ( 11.19)	Acc@5  62.50 ( 48.69)
0: Epoch: [0][ 40/782]	Time  0.082 ( 0.259)	Data  0.000 ( 0.113)	Loss 2.2755e+00 (3.1508e+00)	Acc@1  18.75 ( 10.90)	Acc@5  65.62 ( 51.30)
0: Epoch: [0][ 50/782]	Time  0.088 ( 0.225)	Data  0.000 ( 0.091)	Loss 2.6850e+00 (3.0361e+00)	Acc@1   9.38 ( 10.66)	Acc@5  37.50 ( 51.59)
0: Epoch: [0][ 60/782]	Time  0.082 ( 0.202)	Data  0.000 ( 0.077)	Loss 2.5541e+00 (2.9432e+00)	Acc@1  15.62 ( 11.01)	Acc@5  59.38 ( 52.15)
0: Epoch: [0][ 70/782]	Time  0.086 ( 0.1
0: 85)	Data  0.000 ( 0.066)	Loss 2.5384e+00 (2.8834e+00)	Acc@1   3.12 ( 11.27)	Acc@5  68.75 ( 53.08)
0: Epoch: [0][ 80/782]	Time  0.084 ( 0.173)	Data  0.000 ( 0.058)	Loss 2.3409e+00 (2.8225e+00)	Acc@1  12.50 ( 11.54)	Acc@5  78.12 ( 54.48)
0: Epoch: [0][ 90/782]	Time  0.082 ( 0.163)	Data  0.000 ( 0.052)	Loss 2.3465e+00 (2.7720e+00)	Acc@1  15.62 ( 12.16)	Acc@5  78.12 ( 55.49)
0: Epoch: [0][100/782]	Time  0.082 ( 0.155)	Data  0.000 ( 0.047)	Loss 2.4364e+00 (2.7325e+00)	Acc@1  15.62 ( 12.53)	Acc@5  62.50 ( 56.19)
0: Epoch: [0][110/782]	Time  0.087 ( 0.149)	Data  0.000 ( 0.043)	Loss 2.1443e+00 (2.6953e+00)	Acc@1  18.75 ( 13.34)	Acc@5  78.12 ( 57.09)
0: Epoch: [0][120/782]	Time  0.084 ( 0.144)	Data  0.000 ( 0.040)	Loss 2.3702e+00 (2.6685e+00)	Acc@1  12.50 ( 13.89)	Acc@5  78.12 ( 57.77)
0: Epoch: [0][130/782]	Time  0.082 ( 0.139)	Data  0.000 ( 0.037)	Loss 2.2664e+00 (2.6340e+00)	Acc@1  25.00 ( 14.55)	Acc@5  68.75 ( 58.68)
0: Epoch: [0][140/782]	Time  0.086 ( 0.135)	Data  0.000 ( 0.034)	Loss 2.5883e+00 (2.6082e+00)	Acc@1   9.38 ( 14.83)	Acc
0: @5  56.25 ( 59.62)
0: Epoch: [0][150/782]	Time  0.086 ( 0.132)	Data  0.000 ( 0.032)	Loss 2.5428e+00 (2.5880e+00)	Acc@1   6.25 ( 14.76)	Acc@5  59.38 ( 60.47)
0: Epoch: [0][160/782]	Time  0.084 ( 0.129)	Data  0.000 ( 0.030)	Loss 2.3732e+00 (2.5670e+00)	Acc@1   9.38 ( 14.98)	Acc@5  68.75 ( 61.01)
0: Epoch: [0][170/782]	Time  0.082 ( 0.127)	Data  0.000 ( 0.029)	Loss 2.2455e+00 (2.5438e+00)	Acc@1  31.25 ( 15.62)	Acc@5  75.00 ( 61.57)
0: Epoch: [0][180/782]	Time  0.082 ( 0.124)	Data  0.000 ( 0.027)	Loss 2.6370e+00 (2.5288e+00)	Acc@1   9.38 ( 16.02)	Acc@5  56.25 ( 62.02)
0: Epoch: [0][190/782]	Time  0.085 ( 0.122)	Data  0.000 ( 0.026)	Loss 2.3187e+00 (2.5084e+00)	Acc@1  25.00 ( 16.56)	Acc@5  75.00 ( 62.88)
0: Epoch: [0][200/782]	Time  0.084 ( 0.120)	Data  0.000 ( 0.025)	Loss 2.0229e+00 (2.4947e+00)	Acc@1  28.12 ( 16.90)	Acc@5  84.38 ( 63.36)
0: Epoch: [0][210/782]	Time  0.083 ( 0.119)	Data  0.000 ( 0.023)	Loss 2.3419e+00 (2.4795e+00)	Acc@1  28.12 ( 17.18)	Acc@5  68.75 ( 63.94)
0: Epoch: [0][220/782]	Time  0.086 ( 0.117)	Data  0.000 ( 0.023
0: )	Loss 1.9815e+00 (2.4653e+00)	Acc@1  34.38 ( 17.34)	Acc@5  81.25 ( 64.49)
0: Epoch: [0][230/782]	Time  0.087 ( 0.116)	Data  0.000 ( 0.022)	Loss 2.1135e+00 (2.4488e+00)	Acc@1  25.00 ( 17.63)	Acc@5  81.25 ( 65.18)
0: Epoch: [0][240/782]	Time  0.082 ( 0.114)	Data  0.000 ( 0.021)	Loss 2.0151e+00 (2.4361e+00)	Acc@1  21.88 ( 17.87)	Acc@5  78.12 ( 65.57)
0: Epoch: [0][250/782]	Time  0.087 ( 0.113)	Data  0.000 ( 0.020)	Loss 1.9130e+00 (2.4224e+00)	Acc@1  25.00 ( 18.16)	Acc@5  84.38 ( 66.01)
0: Epoch: [0][260/782]	Time  0.084 ( 0.112)	Data  0.000 ( 0.019)	Loss 1.9267e+00 (2.4124e+00)	Acc@1  28.12 ( 18.40)	Acc@5  84.38 ( 66.46)
0: Epoch: [0][270/782]	Time  0.082 ( 0.111)	Data  0.000 ( 0.019)	Loss 2.2052e+00 (2.4010e+00)	Acc@1  37.50 ( 18.77)	Acc@5  75.00 ( 66.81)
0: Epoch: [0][280/782]	Time  0.085 ( 0.110)	Data  0.000 ( 0.018)	Loss 1.8131e+00 (2.3934e+00)	Acc@1  43.75 ( 18.95)	Acc@5  90.62 ( 67.16)
0: Epoch: [0][290/782]	Time  0.085 ( 0.109)	Data  0.000 ( 0.018)	Loss 2.0180e+00 (2.3842e+00)	Acc@1  28.12 ( 19.30)	Acc@5  87.50 ( 67.44)
0: Epoc
0: h: [0][300/782]	Time  0.082 ( 0.108)	Data  0.000 ( 0.017)	Loss 2.2545e+00 (2.3742e+00)	Acc@1  12.50 ( 19.61)	Acc@5  78.12 ( 67.78)
0: Epoch: [0][310/782]	Time  0.082 ( 0.108)	Data  0.000 ( 0.017)	Loss 2.3892e+00 (2.3685e+00)	Acc@1  34.38 ( 19.81)	Acc@5  75.00 ( 68.06)
0: Epoch: [0][320/782]	Time  0.096 ( 0.107)	Data  0.000 ( 0.016)	Loss 2.2250e+00 (2.3592e+00)	Acc@1  28.12 ( 20.17)	Acc@5  75.00 ( 68.31)
0: Epoch: [0][330/782]	Time  0.089 ( 0.106)	Data  0.000 ( 0.016)	Loss 2.7334e+00 (2.3540e+00)	Acc@1   6.25 ( 20.21)	Acc@5  62.50 ( 68.62)
0: Epoch: [0][340/782]	Time  0.086 ( 0.106)	Data  0.000 ( 0.015)	Loss 2.0864e+00 (2.3490e+00)	Acc@1  34.38 ( 20.47)	Acc@5  81.25 ( 68.80)
0: Epoch: [0][350/782]	Time  0.084 ( 0.105)	Data  0.000 ( 0.015)	Loss 1.9664e+00 (2.3452e+00)	Acc@1  28.12 ( 20.58)	Acc@5  81.25 ( 68.93)
0: Epoch: [0][360/782]	Time  0.081 ( 0.105)	Data  0.000 ( 0.014)	Loss 1.8778e+00 (2.3392e+00)	Acc@1  31.25 ( 20.61)	Acc@5  81.25 ( 69.01)
0: Epoch: [0][370/782]	Time  0.086 ( 0.104)	Data  0.000 ( 0.014)	Loss 2.1040e+00 (2.33
0: 41e+00)	Acc@1  15.62 ( 20.74)	Acc@5  75.00 ( 69.16)
0: Epoch: [0][380/782]	Time  0.084 ( 0.104)	Data  0.000 ( 0.014)	Loss 2.4911e+00 (2.3279e+00)	Acc@1  21.88 ( 20.84)	Acc@5  62.50 ( 69.50)
0: Epoch: [0][390/782]	Time  0.083 ( 0.103)	Data  0.000 ( 0.013)	Loss 2.2886e+00 (2.3192e+00)	Acc@1  18.75 ( 21.03)	Acc@5  65.62 ( 69.79)
0: Epoch: [0][400/782]	Time  0.086 ( 0.103)	Data  0.000 ( 0.013)	Loss 1.9445e+00 (2.3103e+00)	Acc@1  21.88 ( 21.16)	Acc@5  87.50 ( 70.09)
0: Epoch: [0][410/782]	Time  0.085 ( 0.102)	Data  0.000 ( 0.013)	Loss 2.0738e+00 (2.3017e+00)	Acc@1  21.88 ( 21.50)	Acc@5  81.25 ( 70.31)
0: Epoch: [0][420/782]	Time  0.087 ( 0.102)	Data  0.000 ( 0.013)	Loss 2.2161e+00 (2.2950e+00)	Acc@1  21.88 ( 21.70)	Acc@5  84.38 ( 70.50)
0: Epoch: [0][430/782]	Time  0.084 ( 0.101)	Data  0.000 ( 0.012)	Loss 2.1298e+00 (2.2878e+00)	Acc@1  31.25 ( 21.95)	Acc@5  71.88 ( 70.76)
0: Epoch: [0][440/782]	Time  0.087 ( 0.101)	Data  0.000 ( 0.012)	Loss 2.1445e+00 (2.2831e+00)	Acc@1  15.62 ( 22.10)	Acc@5  84.38 ( 70.96)
0: Epoch: [0][450/782]	Time  0
0: .084 ( 0.101)	Data  0.000 ( 0.012)	Loss 2.0222e+00 (2.2771e+00)	Acc@1  21.88 ( 22.22)	Acc@5  84.38 ( 71.17)
0: Epoch: [0][460/782]	Time  0.086 ( 0.100)	Data  0.000 ( 0.012)	Loss 2.0771e+00 (2.2705e+00)	Acc@1  18.75 ( 22.38)	Acc@5  78.12 ( 71.35)
0: Epoch: [0][470/782]	Time  0.092 ( 0.100)	Data  0.000 ( 0.011)	Loss 2.1405e+00 (2.2666e+00)	Acc@1  12.50 ( 22.49)	Acc@5  78.12 ( 71.45)
0: Epoch: [0][480/782]	Time  0.086 ( 0.100)	Data  0.000 ( 0.011)	Loss 1.7280e+00 (2.2627e+00)	Acc@1  40.62 ( 22.65)	Acc@5  90.62 ( 71.60)
0: Epoch: [0][490/782]	Time  0.080 ( 0.099)	Data  0.000 ( 0.011)	Loss 2.1251e+00 (2.2577e+00)	Acc@1  37.50 ( 22.86)	Acc@5  81.25 ( 71.76)
0: Epoch: [0][500/782]	Time  0.083 ( 0.099)	Data  0.000 ( 0.011)	Loss 2.3168e+00 (2.2524e+00)	Acc@1  15.62 ( 23.02)	Acc@5  71.88 ( 71.92)
0: Epoch: [0][510/782]	Time  0.085 ( 0.099)	Data  0.000 ( 0.011)	Loss 1.9460e+00 (2.2484e+00)	Acc@1  37.50 ( 23.15)	Acc@5  87.50 ( 72.06)
0: Epoch: [0][520/782]	Time  0.087 ( 0.099)	Data  0.000 ( 0.011)	Loss 2.0364e+00 (2.2441e+00)	Acc@1  34.38 ( 
0: 23.31)	Acc@5  84.38 ( 72.22)
0: Epoch: [0][530/782]	Time  0.084 ( 0.098)	Data  0.000 ( 0.010)	Loss 2.2340e+00 (2.2425e+00)	Acc@1  21.88 ( 23.35)	Acc@5  68.75 ( 72.28)
0: Epoch: [0][540/782]	Time  0.082 ( 0.098)	Data  0.000 ( 0.010)	Loss 1.5105e+00 (2.2372e+00)	Acc@1  40.62 ( 23.51)	Acc@5  93.75 ( 72.47)
0: Epoch: [0][550/782]	Time  0.086 ( 0.098)	Data  0.000 ( 0.010)	Loss 1.8185e+00 (2.2315e+00)	Acc@1  34.38 ( 23.63)	Acc@5  96.88 ( 72.71)
0: Epoch: [0][560/782]	Time  0.087 ( 0.098)	Data  0.000 ( 0.010)	Loss 1.8808e+00 (2.2257e+00)	Acc@1  25.00 ( 23.75)	Acc@5  75.00 ( 72.87)
0: Epoch: [0][570/782]	Time  0.086 ( 0.097)	Data  0.000 ( 0.010)	Loss 2.0392e+00 (2.2204e+00)	Acc@1  40.62 ( 23.89)	Acc@5  84.38 ( 73.09)
0: Epoch: [0][580/782]	Time  0.083 ( 0.097)	Data  0.000 ( 0.010)	Loss 2.1485e+00 (2.2169e+00)	Acc@1  25.00 ( 24.03)	Acc@5  75.00 ( 73.17)
0: Epoch: [0][590/782]	Time  0.082 ( 0.097)	Data  0.000 ( 0.010)	Loss 1.7143e+00 (2.2112e+00)	Acc@1  40.62 ( 24.16)	Acc@5  90.62 ( 73.34)
0: Epoch: [0][600/782]	Time  0.086 ( 0.097)	Data  0.0
0: 00 ( 0.009)	Loss 2.0734e+00 (2.2095e+00)	Acc@1  18.75 ( 24.23)	Acc@5  81.25 ( 73.38)
0: 
0: Epoch: [0][610/782]	Time  0.087 ( 0.097)	Data  0.000 ( 0.009)	Loss 1.8270e+00 (2.2059e+00)	Acc@1  28.12 ( 24.34)	Acc@5  81.25 ( 73.53)
0: Epoch: [0][620/782]	Time  0.084 ( 0.096)	Data  0.000 ( 0.009)	Loss 1.8412e+00 (2.2012e+00)	Acc@1  37.50 ( 24.52)	Acc@5  81.25 ( 73.65)
0: Epoch: [0][630/782]	Time  0.086 ( 0.096)	Data  0.000 ( 0.009)	Loss 1.8470e+00 (2.1953e+00)	Acc@1  34.38 ( 24.64)	Acc@5  84.38 ( 73.83)
0: Epoch: [0][640/782]	Time  0.083 ( 0.096)	Data  0.000 ( 0.009)	Loss 1.9186e+00 (2.1926e+00)	Acc@1  34.38 ( 24.79)	Acc@5  81.25 ( 73.91)
0: Epoch: [0][650/782]	Time  0.084 ( 0.096)	Data  0.000 ( 0.009)	Loss 1.8440e+00 (2.1880e+00)	Acc@1  37.50 ( 24.92)	Acc@5  81.25 ( 74.04)
0: Epoch: [0][660/782]	Time  0.086 ( 0.096)	Data  0.000 ( 0.009)	Loss 2.1313e+00 (2.1850e+00)	Acc@1  31.25 ( 25.06)	Acc@5  81.25 ( 74.16)
0: Epoch: [0][670/782]	Time  0.088 ( 0.095)	Data  0.000 ( 0.009)	Loss 1.8351e+00 (2.1825e+00)	Acc@1  34.38 ( 25.09)	Acc@5  81.25 ( 74.30)
0: Epoch: [0][680/782]	Time  0.084 ( 0.095)	Data  0.000 ( 0.009)	Loss 1.8505e+00 
0: (2.1793e+00)	Acc@1  18.75 ( 25.19)	Acc@5  87.50 ( 74.44)
0: Epoch: [0][690/782]	Time  0.082 ( 0.095)	Data  0.000 ( 0.008)	Loss 1.9815e+00 (2.1757e+00)	Acc@1  34.38 ( 25.32)	Acc@5  84.38 ( 74.59)
0: Epoch: [0][700/782]	Time  0.086 ( 0.095)	Data  0.000 ( 0.008)	Loss 2.1448e+00 (2.1727e+00)	Acc@1  34.38 ( 25.41)	Acc@5  84.38 ( 74.74)
0: Epoch: [0][710/782]	Time  0.087 ( 0.095)	Data  0.000 ( 0.008)	Loss 2.0692e+00 (2.1706e+00)	Acc@1  28.12 ( 25.45)	Acc@5  81.25 ( 74.82)
0: Epoch: [0][720/782]	Time  0.086 ( 0.095)	Data  0.000 ( 0.008)	Loss 1.7009e+00 (2.1676e+00)	Acc@1  43.75 ( 25.52)	Acc@5  84.38 ( 74.92)
0: Epoch: [0][730/782]	Time  0.083 ( 0.095)	Data  0.000 ( 0.008)	Loss 1.7939e+00 (2.1656e+00)	Acc@1  40.62 ( 25.61)	Acc@5  81.25 ( 74.99)
0: Epoch: [0][740/782]	Time  0.081 ( 0.094)	Data  0.000 ( 0.008)	Loss 2.0982e+00 (2.1633e+00)	Acc@1  37.50 ( 25.73)	Acc@5  78.12 ( 75.07)
0: Epoch: [0][750/782]	Time  0.084 ( 0.094)	Data  0.000 ( 0.008)	Loss 1.8744e+00 (2.1615e+00)	Acc@1  28.12 ( 25.77)	Acc@5  87.50 ( 75.17)
0: Epoch: [0][760/782]	Ti
0: me  0.088 ( 0.094)	Data  0.000 ( 0.008)	Loss 1.9565e+00 (2.1590e+00)	Acc@1  28.12 ( 25.83)	Acc@5  84.38 ( 75.24)
0: Epoch: [0][770/782]	Time  0.084 ( 0.094)	Data  0.000 ( 0.008)	Loss 1.8198e+00 (2.1561e+00)	Acc@1  46.88 ( 25.91)	Acc@5  84.38 ( 75.34)
0: Epoch: [0][780/782]	Time  0.082 ( 0.094)	Data  0.000 ( 0.008)	Loss 1.3585e+00 (2.1533e+00)	Acc@1  50.00 ( 25.99)	Acc@5  96.88 ( 75.44)
0: 
0: Epoch: [0][610/782]	Time  0.087 ( 0.097)	Data  0.000 ( 0.009)	Loss 1.8740e+00 (2.2011e+00)	Acc@1  37.50 ( 24.50)	Acc@5  87.50 ( 73.90)
0: Epoch: [0][620/782]	Time  0.084 ( 0.096)	Data  0.000 ( 0.009)	Loss 2.2605e+00 (2.1982e+00)	Acc@1  18.75 ( 24.60)	Acc@5  78.12 ( 74.01)
0: Epoch: [0][630/782]	Time  0.084 ( 0.096)	Data  0.000 ( 0.009)	Loss 1.8391e+00 (2.1943e+00)	Acc@1  34.38 ( 24.73)	Acc@5  84.38 ( 74.15)
0: Epoch: [0][640/782]	Time  0.083 ( 0.096)	Data  0.000 ( 0.009)	Loss 1.7570e+00 (2.1906e+00)	Acc@1  34.38 ( 24.83)	Acc@5  87.50 ( 74.25)
0: Epoch: [0][650/782]	Time  0.084 ( 0.096)	Data  0.000 ( 0.009)	Loss 2.0430e+00 (2.1850e+00)	Acc@1  37.50 ( 24.97)	Acc@5  71.88 ( 74.43)
0: Epoch: [0][660/782]	Time  0.087 ( 0.096)	Data  0.000 ( 0.009)	Loss 1.5584e+00 (2.1823e+00)	Acc@1  46.88 ( 25.06)	Acc@5  96.88 ( 74.54)
0: Epoch: [0][670/782]	Time  0.088 ( 0.095)	Data  0.000 ( 0.009)	Loss 2.0398e+00 (2.1800e+00)	Acc@1  28.12 ( 25.14)	Acc@5  84.38 ( 74.64)
0: Epoch: [0][680/782]	Time  0.084 ( 0.095)	Data  0.000 ( 0.008)	Loss 1.5838e+00 
0: (2.1761e+00)	Acc@1  43.75 ( 25.25)	Acc@5  90.62 ( 74.77)
0: Epoch: [0][690/782]	Time  0.082 ( 0.095)	Data  0.000 ( 0.008)	Loss 2.1056e+00 (2.1734e+00)	Acc@1  21.88 ( 25.32)	Acc@5  87.50 ( 74.91)
0: Epoch: [0][700/782]	Time  0.086 ( 0.095)	Data  0.000 ( 0.008)	Loss 2.0184e+00 (2.1721e+00)	Acc@1  37.50 ( 25.37)	Acc@5  78.12 ( 75.01)
0: Epoch: [0][710/782]	Time  0.087 ( 0.095)	Data  0.000 ( 0.008)	Loss 1.5648e+00 (2.1673e+00)	Acc@1  46.88 ( 25.52)	Acc@5  87.50 ( 75.14)
0: Epoch: [0][720/782]	Time  0.086 ( 0.095)	Data  0.000 ( 0.008)	Loss 2.0240e+00 (2.1648e+00)	Acc@1  25.00 ( 25.62)	Acc@5  84.38 ( 75.21)
0: Epoch: [0][730/782]	Time  0.083 ( 0.095)	Data  0.000 ( 0.008)	Loss 2.1339e+00 (2.1597e+00)	Acc@1  21.88 ( 25.72)	Acc@5  78.12 ( 75.36)
0: Epoch: [0][740/782]	Time  0.081 ( 0.094)	Data  0.000 ( 0.008)	Loss 1.7353e+00 (2.1566e+00)	Acc@1  40.62 ( 25.80)	Acc@5  87.50 ( 75.43)
0: Epoch: [0][750/782]	Time  0.086 ( 0.094)	Data  0.000 ( 0.008)	Loss 1.9860e+00 (2.1529e+00)	Acc@1  37.50 ( 25.94)	Acc@5  81.25 ( 75.53)
0: Epoch: [0][760/782]	Ti
0: me  0.088 ( 0.094)	Data  0.000 ( 0.008)	Loss 1.6303e+00 (2.1505e+00)	Acc@1  43.75 ( 26.05)	Acc@5  96.88 ( 75.62)
0: Epoch: [0][770/782]	Time  0.084 ( 0.094)	Data  0.000 ( 0.008)	Loss 1.8844e+00 (2.1477e+00)	Acc@1  28.12 ( 26.11)	Acc@5  96.88 ( 75.78)
0: Epoch: [0][780/782]	Time  0.082 ( 0.094)	Data  0.000 ( 0.008)	Loss 2.2391e+00 (2.1478e+00)	Acc@1  25.00 ( 26.12)	Acc@5  87.50 ( 75.82)
0: Test: [  0/313]	Time  2.369 ( 2.369)	Loss 2.1509e+00 (2.1509e+00)	Acc@1  28.12 ( 28.12)	Acc@5  84.38 ( 84.38)
0: Test: [ 10/313]	Time  0.019 ( 0.233)	Loss 1.8031e+00 (2.0327e+00)	Acc@1  28.12 ( 32.67)	Acc@5  87.50 ( 81.82)
0: Test: [ 20/313]	Time  0.019 ( 0.131)	Loss 1.5590e+00 (1.9728e+00)	Acc@1  43.75 ( 33.78)	Acc@5  90.62 ( 83.63)
0: Test: [ 30/313]	Time  0.019 ( 0.095)	Loss 1.7704e+00 (1.9581e+00)	Acc@1  37.50 ( 33.47)	Acc@5  87.50 ( 83.77)
0: Test: [ 40/313]	Time  0.019 ( 0.076)	Loss 1.8406e+00 (1.9547e+00)	Acc@1  40.62 ( 34.68)	Acc@5  84.38 ( 83.69)
0: Test: [ 50/313]	Time  0.019 ( 0.065)	Loss 2.3601e+00 (1.9356e+00)	Acc@1  18.75 ( 34.31)	Acc@5  71.88 ( 84.25)
0: Test: [ 60/313]	Time  0.019 ( 0.057)	Loss 2.2552e+00 (1.9470e+00)	Acc@1  12.50 ( 34.32)	Acc@5  68.75 ( 84.12)
0: Test: [ 70/313]	Time  0.019 ( 0.052)	Loss 1.8511e+00 (1.9314e+00)	Acc@1  37.50 ( 34.64)	Acc@5  84.38 ( 84.33)
0: Test: [ 80/313]	Time  0.019 ( 0.048)	Loss 1.8087e+00 (1.9432e+00)	Acc@1  31.25 ( 34.34)	Acc@5  90.62 ( 84.07)
0: Test: [ 90/313]	Time  0.019 ( 0.04
0: 5)	Loss 2.3123e+00 (1.9427e+00)	Acc@1  34.38 ( 34.07)	Acc@5  90.62 ( 84.44)
0: Test: [100/313]	Time  0.019 ( 0.042)	Loss 2.3024e+00 (1.9348e+00)	Acc@1  15.62 ( 34.07)	Acc@5  84.38 ( 84.62)
0: Test: [110/313]	Time  0.019 ( 0.040)	Loss 2.5653e+00 (1.9441e+00)	Acc@1  40.62 ( 33.98)	Acc@5  81.25 ( 84.29)
0: Test: [120/313]	Time  0.019 ( 0.038)	Loss 1.6167e+00 (1.9387e+00)	Acc@1  34.38 ( 34.14)	Acc@5  87.50 ( 84.30)
0: Test: [130/313]	Time  0.019 ( 0.037)	Loss 2.8015e+00 (1.9448e+00)	Acc@1  21.88 ( 33.99)	Acc@5  75.00 ( 84.26)
0: Test: [140/313]	Time  0.019 ( 0.036)	Loss 1.7018e+00 (1.9350e+00)	Acc@1  34.38 ( 34.26)	Acc@5  93.75 ( 84.64)
0: Test: [150/313]	Time  0.019 ( 0.034)	Loss 1.7305e+00 (1.9297e+00)	Acc@1  40.62 ( 34.33)	Acc@5  78.12 ( 84.64)
0: Test: [160/313]	Time  0.019 ( 0.033)	Loss 1.9455e+00 (1.9279e+00)	Acc@1  34.38 ( 34.30)	Acc@5  84.38 ( 84.88)
0: Test: [170/313]	Time  0.019 ( 0.033)	Loss 2.2887e+00 (1.9340e+00)	Acc@1  40.62 ( 34.08)	Acc@5  71.88 ( 84.59)
0: Test: [180/313]	Time  0.019 ( 0.032)	Loss 1.7218e+00 (1.9364e+00)	Ac
0: c@1  37.50 ( 33.91)	Acc@5  87.50 ( 84.44)
0: Test: [190/313]	Time  0.019 ( 0.031)	Loss 1.8818e+00 (1.9328e+00)	Acc@1  37.50 ( 33.85)	Acc@5  90.62 ( 84.67)
0: Test: [200/313]	Time  0.019 ( 0.031)	Loss 1.8732e+00 (1.9327e+00)	Acc@1  28.12 ( 33.94)	Acc@5  84.38 ( 84.56)
0: Test: [210/313]	Time  0.019 ( 0.030)	Loss 1.7883e+00 (1.9334e+00)	Acc@1  43.75 ( 33.87)	Acc@5  87.50 ( 84.75)
0: Test: [220/313]	Time  0.019 ( 0.029)	Loss 1.7977e+00 (1.9344e+00)	Acc@1  37.50 ( 33.81)	Acc@5  87.50 ( 84.73)
0: Test: [230/313]	Time  0.019 ( 0.029)	Loss 1.7928e+00 (1.9319e+00)	Acc@1  31.25 ( 33.87)	Acc@5  93.75 ( 84.86)
0: Test: [240/313]	Time  0.019 ( 0.029)	Loss 1.7860e+00 (1.9318e+00)	Acc@1  40.62 ( 33.78)	Acc@5  84.38 ( 84.78)
0: Test: [250/313]	Time  0.019 ( 0.028)	Loss 2.0682e+00 (1.9326e+00)	Acc@1  34.38 ( 33.89)	Acc@5  81.25 ( 84.86)
0: Test: [260/313]	Time  0.019 ( 0.028)	Loss 2.0205e+00 (1.9340e+00)	Acc@1  34.38 ( 33.66)	Acc@5  84.38 ( 84.89)
0: Test: [270/313]	Time  0.019 ( 0.027)	Loss 2.1998e+00 (1.9372e+00)	Acc@1  21.88 ( 33.49)	Acc@5  84.38 (
0:  84.81)
0: Test: [280/313]	Time  0.019 ( 0.027)	Loss 2.1512e+00 (1.9412e+00)	Acc@1  28.12 ( 33.46)	Acc@5  81.25 ( 84.78)
0: Test: [290/313]	Time  0.019 ( 0.027)	Loss 1.8618e+00 (1.9383e+00)	Acc@1  31.25 ( 33.59)	Acc@5  84.38 ( 84.79)
0: Test: [300/313]	Time  0.019 ( 0.027)	Loss 1.6093e+00 (1.9375e+00)	Acc@1  53.12 ( 33.67)	Acc@5  87.50 ( 84.75)
0: Test: [310/313]	Time  0.018 ( 0.026)	Loss 2.3874e+00 (1.9411e+00)	Acc@1  37.50 ( 33.62)	Acc@5  84.38 ( 84.71)
0:  * Acc@1 33.600 Acc@5 84.720
0: Epoch 0/3 - 84.222s
0: Test: [  0/313]	Time  2.376 ( 2.376)	Loss 2.1509e+00 (2.1509e+00)	Acc@1  28.12 ( 28.12)	Acc@5  84.38 ( 84.38)
0: Test: [ 10/313]	Time  0.019 ( 0.233)	Loss 1.8031e+00 (2.0327e+00)	Acc@1  28.12 ( 32.67)	Acc@5  87.50 ( 81.82)
0: Test: [ 20/313]	Time  0.019 ( 0.131)	Loss 1.5590e+00 (1.9728e+00)	Acc@1  43.75 ( 33.78)	Acc@5  90.62 ( 83.63)
0: Test: [ 30/313]	Time  0.019 ( 0.095)	Loss 1.7704e+00 (1.9581e+00)	Acc@1  37.50 ( 33.47)	Acc@5  87.50 ( 83.77)
0: Test: [ 40/313]	Time  0.019 ( 0.076)	Loss 1.8406e+00 (1.9547e+00)	Acc@1  40.62 ( 34.68)	Acc@5  84.38 ( 83.69)
0: Test: [ 50/313]	Time  0.019 ( 0.065)	Loss 2.3601e+00 (1.9356e+00)	Acc@1  18.75 ( 34.31)	Acc@5  71.88 ( 84.25)
0: Test: [ 60/313]	Time  0.019 ( 0.058)	Loss 2.2552e+00 (1.9470e+00)	Acc@1  12.50 ( 34.32)	Acc@5  68.75 ( 84.12)
0: Test: [ 70/313]	Time  0.019 ( 0.052)	Loss 1.8511e+00 (1.9314e+00)	Acc@1  37.50 ( 34.64)	Acc@5  84.38 ( 84.33)
0: Test: [ 80/313]	Time  0.019 ( 0.048)	Loss 1.8087e+00 (1.9432e+00)	Acc@1  31.25 ( 34.34)	Acc@5  90.62 ( 84.07)
0: Test: [ 90/313]	Time  0.019 ( 0.04
0: 5)	Loss 2.3123e+00 (1.9427e+00)	Acc@1  34.38 ( 34.07)	Acc@5  90.62 ( 84.44)
0: Test: [100/313]	Time  0.019 ( 0.042)	Loss 2.3024e+00 (1.9348e+00)	Acc@1  15.62 ( 34.07)	Acc@5  84.38 ( 84.62)
0: Test: [110/313]	Time  0.019 ( 0.040)	Loss 2.5653e+00 (1.9441e+00)	Acc@1  40.62 ( 33.98)	Acc@5  81.25 ( 84.29)
0: Test: [120/313]	Time  0.019 ( 0.038)	Loss 1.6167e+00 (1.9387e+00)	Acc@1  34.38 ( 34.14)	Acc@5  87.50 ( 84.30)
0: Test: [130/313]	Time  0.019 ( 0.037)	Loss 2.8015e+00 (1.9448e+00)	Acc@1  21.88 ( 33.99)	Acc@5  75.00 ( 84.26)
0: Test: [140/313]	Time  0.019 ( 0.036)	Loss 1.7018e+00 (1.9350e+00)	Acc@1  34.38 ( 34.26)	Acc@5  93.75 ( 84.64)
0: Test: [150/313]	Time  0.019 ( 0.035)	Loss 1.7305e+00 (1.9297e+00)	Acc@1  40.62 ( 34.33)	Acc@5  78.12 ( 84.64)
0: Test: [160/313]	Time  0.019 ( 0.034)	Loss 1.9455e+00 (1.9279e+00)	Acc@1  34.38 ( 34.30)	Acc@5  84.38 ( 84.88)
0: Test: [170/313]	Time  0.019 ( 0.033)	Loss 2.2887e+00 (1.9340e+00)	Acc@1  40.62 ( 34.08)	Acc@5  71.88 ( 84.59)
0: Test: [180/313]	Time  0.019 ( 0.032)	Loss 1.7218e+00 (1.9364e+00)	Ac
0: c@1  37.50 ( 33.91)	Acc@5  87.50 ( 84.44)
0: Test: [190/313]	Time  0.019 ( 0.031)	Loss 1.8818e+00 (1.9328e+00)	Acc@1  37.50 ( 33.85)	Acc@5  90.62 ( 84.67)
0: Test: [200/313]	Time  0.019 ( 0.031)	Loss 1.8732e+00 (1.9327e+00)	Acc@1  28.12 ( 33.94)	Acc@5  84.38 ( 84.56)
0: Test: [210/313]	Time  0.019 ( 0.030)	Loss 1.7883e+00 (1.9334e+00)	Acc@1  43.75 ( 33.87)	Acc@5  87.50 ( 84.75)
0: Test: [220/313]	Time  0.019 ( 0.030)	Loss 1.7977e+00 (1.9344e+00)	Acc@1  37.50 ( 33.81)	Acc@5  87.50 ( 84.73)
0: Test: [230/313]	Time  0.019 ( 0.029)	Loss 1.7928e+00 (1.9319e+00)	Acc@1  31.25 ( 33.87)	Acc@5  93.75 ( 84.86)
0: Test: [240/313]	Time  0.019 ( 0.029)	Loss 1.7860e+00 (1.9318e+00)	Acc@1  40.62 ( 33.78)	Acc@5  84.38 ( 84.78)
0: Test: [250/313]	Time  0.019 ( 0.028)	Loss 2.0682e+00 (1.9326e+00)	Acc@1  34.38 ( 33.89)	Acc@5  81.25 ( 84.86)
0: Test: [260/313]	Time  0.019 ( 0.028)	Loss 2.0205e+00 (1.9340e+00)	Acc@1  34.38 ( 33.66)	Acc@5  84.38 ( 84.89)
0: Test: [270/313]	Time  0.019 ( 0.028)	Loss 2.1998e+00 (1.9372e+00)	Acc@1  21.88 ( 33.49)	Acc@5  84.38 (
0:  84.81)
0: Test: [280/313]	Time  0.019 ( 0.027)	Loss 2.1512e+00 (1.9412e+00)	Acc@1  28.12 ( 33.46)	Acc@5  81.25 ( 84.78)
0: Test: [290/313]	Time  0.019 ( 0.027)	Loss 1.8618e+00 (1.9383e+00)	Acc@1  31.25 ( 33.59)	Acc@5  84.38 ( 84.79)
0: Test: [300/313]	Time  0.019 ( 0.027)	Loss 1.6093e+00 (1.9375e+00)	Acc@1  53.12 ( 33.67)	Acc@5  87.50 ( 84.75)
0: Test: [310/313]	Time  0.019 ( 0.026)	Loss 2.3874e+00 (1.9411e+00)	Acc@1  37.50 ( 33.62)	Acc@5  84.38 ( 84.71)
0:  * Acc@1 33.600 Acc@5 84.720
0: Epoch 0/3 - 84.241s
0: Epoch: [1][  0/782]	Time  4.678 ( 4.678)	Data  4.596 ( 4.596)	Loss 1.9515e+00 (1.9515e+00)	Acc@1  31.25 ( 31.25)	Acc@5  84.38 ( 84.38)
0: Epoch: [1][ 10/782]	Time  0.086 ( 0.501)	Data  0.000 ( 0.419)	Loss 2.1207e+00 (1.9410e+00)	Acc@1  31.25 ( 31.82)	Acc@5  81.25 ( 83.52)
0: Epoch: [1][ 20/782]	Time  0.088 ( 0.303)	Data  0.000 ( 0.220)	Loss 1.6903e+00 (1.9018e+00)	Acc@1  40.62 ( 34.23)	Acc@5  84.38 ( 82.89)
0: Epoch: [1][ 30/782]	Time  0.083 ( 0.233)	Data  0.000 ( 0.150)	Loss 1.6789e+00 (1.8838e+00)	Acc@1  31.25 ( 33.87)	Acc@5  90.62 ( 82.96)
0: Epoch: [1][ 40/782]	Time  0.083 ( 0.197)	Data  0.000 ( 0.114)	Loss 1.4682e+00 (1.8800e+00)	Acc@1  46.88 ( 33.99)	Acc@5  87.50 ( 82.70)
0: Epoch: [1][ 50/782]	Time  0.082 ( 0.175)	Data  0.000 ( 0.092)	Loss 1.9237e+00 (1.8731e+00)	Acc@1  37.50 ( 35.23)	Acc@5  84.38 ( 82.97)
0: Epoch: [1][ 60/782]	Time  0.086 ( 0.160)	Data  0.000 ( 0.077)	Loss 1.9278e+00 (1.8749e+00)	Acc@1  34.38 ( 34.78)	Acc@5  84.38 ( 83.30)
0: Epoch: [1][ 70/782]	Time  0.087 ( 0.149)	Data  0.000 ( 0.066)	Loss 1.8298e+00 (
0: 1.8812e+00)	Acc@1  31.25 ( 34.46)	Acc@5  90.62 ( 83.54)
0: Epoch: [1][ 80/782]	Time  0.088 ( 0.141)	Data  0.000 ( 0.058)	Loss 2.3740e+00 (1.8901e+00)	Acc@1  28.12 ( 34.45)	Acc@5  75.00 ( 83.37)
0: Epoch: [1][ 90/782]	Time  0.084 ( 0.135)	Data  0.000 ( 0.052)	Loss 1.7967e+00 (1.8836e+00)	Acc@1  28.12 ( 34.34)	Acc@5  87.50 ( 83.79)
0: Epoch: [1][100/782]	Time  0.086 ( 0.130)	Data  0.000 ( 0.047)	Loss 1.7444e+00 (1.8776e+00)	Acc@1  43.75 ( 34.59)	Acc@5  90.62 ( 84.07)
0: Epoch: [1][110/782]	Time  0.089 ( 0.126)	Data  0.000 ( 0.043)	Loss 1.8069e+00 (1.8673e+00)	Acc@1  31.25 ( 34.94)	Acc@5  84.38 ( 84.40)
0: Epoch: [1][120/782]	Time  0.085 ( 0.123)	Data  0.000 ( 0.040)	Loss 1.7235e+00 (1.8680e+00)	Acc@1  37.50 ( 34.89)	Acc@5  81.25 ( 84.19)
0: Epoch: [1][130/782]	Time  0.086 ( 0.120)	Data  0.000 ( 0.037)	Loss 1.9601e+00 (1.8697e+00)	Acc@1  31.25 ( 34.97)	Acc@5  87.50 ( 84.28)
0: Epoch: [1][140/782]	Time  0.089 ( 0.118)	Data  0.000 ( 0.034)	Loss 2.2863e+00 (1.8744e+00)	Acc@1  37.50 ( 35.04)	Acc@5  75.00 ( 84.11)
0: Epoch: [1][150/782]	Tim
0: e  0.083 ( 0.116)	Data  0.000 ( 0.032)	Loss 2.0062e+00 (1.8743e+00)	Acc@1  31.25 ( 35.06)	Acc@5  78.12 ( 84.11)
0: Epoch: [1][160/782]	Time  0.088 ( 0.114)	Data  0.000 ( 0.030)	Loss 1.7826e+00 (1.8653e+00)	Acc@1  28.12 ( 35.35)	Acc@5  90.62 ( 84.22)
0: Epoch: [1][170/782]	Time  0.085 ( 0.112)	Data  0.000 ( 0.029)	Loss 1.9532e+00 (1.8690e+00)	Acc@1  34.38 ( 35.29)	Acc@5  81.25 ( 84.23)
0: Epoch: [1][180/782]	Time  0.083 ( 0.111)	Data  0.000 ( 0.027)	Loss 1.8009e+00 (1.8635e+00)	Acc@1  21.88 ( 35.43)	Acc@5  84.38 ( 84.43)
0: Epoch: [1][190/782]	Time  0.086 ( 0.110)	Data  0.000 ( 0.026)	Loss 1.6775e+00 (1.8590e+00)	Acc@1  43.75 ( 35.47)	Acc@5  87.50 ( 84.47)
0: Epoch: [1][200/782]	Time  0.088 ( 0.109)	Data  0.000 ( 0.025)	Loss 2.0636e+00 (1.8587e+00)	Acc@1  37.50 ( 35.54)	Acc@5  81.25 ( 84.58)
0: Epoch: [1][210/782]	Time  0.085 ( 0.108)	Data  0.000 ( 0.024)	Loss 1.8853e+00 (1.8588e+00)	Acc@1  31.25 ( 35.43)	Acc@5  93.75 ( 84.54)
0: Epoch: [1][220/782]	Time  0.083 ( 0.107)	Data  0.000 ( 0.023)	Loss 1.8687e+00 (1.8513e+00)	Acc@1  40.6
0: 2 ( 35.61)	Acc@5  93.75 ( 84.71)
0: Epoch: [1][230/782]	Time  0.088 ( 0.106)	Data  0.000 ( 0.022)	Loss 2.0915e+00 (1.8517e+00)	Acc@1  34.38 ( 35.57)	Acc@5  75.00 ( 84.77)
0: Epoch: [1][240/782]	Time  0.089 ( 0.105)	Data  0.000 ( 0.021)	Loss 1.7863e+00 (1.8524e+00)	Acc@1  37.50 ( 35.53)	Acc@5  87.50 ( 84.75)
0: Epoch: [1][250/782]	Time  0.084 ( 0.104)	Data  0.000 ( 0.020)	Loss 1.7553e+00 (1.8521e+00)	Acc@1  40.62 ( 35.51)	Acc@5  81.25 ( 84.74)
0: Epoch: [1][260/782]	Time  0.087 ( 0.104)	Data  0.000 ( 0.019)	Loss 1.9655e+00 (1.8518e+00)	Acc@1  21.88 ( 35.56)	Acc@5  78.12 ( 84.71)
0: Epoch: [1][270/782]	Time  0.089 ( 0.103)	Data  0.000 ( 0.019)	Loss 2.0723e+00 (1.8511e+00)	Acc@1  31.25 ( 35.54)	Acc@5  81.25 ( 84.74)
0: Epoch: [1][280/782]	Time  0.086 ( 0.102)	Data  0.000 ( 0.018)	Loss 1.6452e+00 (1.8520e+00)	Acc@1  40.62 ( 35.44)	Acc@5  87.50 ( 84.71)
0: Epoch: [1][290/782]	Time  0.086 ( 0.102)	Data  0.000 ( 0.018)	Loss 1.6250e+00 (1.8506e+00)	Acc@1  31.25 ( 35.49)	Acc@5  93.75 ( 84.70)
0: Epoch: [1][300/782]	Time  0.083 ( 0.101)	Data 
0:  0.000 ( 0.017)	Loss 2.1445e+00 (1.8486e+00)	Acc@1  31.25 ( 35.53)	Acc@5  75.00 ( 84.80)
0: Epoch: [1][310/782]	Time  0.086 ( 0.101)	Data  0.000 ( 0.017)	Loss 1.8644e+00 (1.8502e+00)	Acc@1  34.38 ( 35.62)	Acc@5  87.50 ( 84.78)
0: Epoch: [1][320/782]	Time  0.081 ( 0.100)	Data  0.000 ( 0.016)	Loss 1.9570e+00 (1.8513e+00)	Acc@1  28.12 ( 35.55)	Acc@5  90.62 ( 84.76)
0: Epoch: [1][330/782]	Time  0.087 ( 0.100)	Data  0.000 ( 0.016)	Loss 2.2624e+00 (1.8508e+00)	Acc@1  25.00 ( 35.49)	Acc@5  78.12 ( 84.84)
0: Epoch: [1][340/782]	Time  0.084 ( 0.099)	Data  0.000 ( 0.015)	Loss 1.9459e+00 (1.8483e+00)	Acc@1  28.12 ( 35.53)	Acc@5  90.62 ( 84.92)
0: Epoch: [1][350/782]	Time  0.081 ( 0.099)	Data  0.000 ( 0.015)	Loss 1.7273e+00 (1.8495e+00)	Acc@1  43.75 ( 35.53)	Acc@5  93.75 ( 84.92)
0: Epoch: [1][360/782]	Time  0.087 ( 0.098)	Data  0.000 ( 0.015)	Loss 1.7869e+00 (1.8505e+00)	Acc@1  34.38 ( 35.47)	Acc@5  87.50 ( 84.89)
0: Epoch: [1][370/782]	Time  0.084 ( 0.098)	Data  0.000 ( 0.014)	Loss 2.0154e+00 (1.8507e+00)	Acc@1  28.12 ( 35.49)	Acc@5  84.38
0:  ( 84.85)
0: Epoch: [1][380/782]	Time  0.082 ( 0.098)	Data  0.000 ( 0.014)	Loss 2.0173e+00 (1.8476e+00)	Acc@1  28.12 ( 35.51)	Acc@5  75.00 ( 84.83)
0: Epoch: [1][390/782]	Time  0.087 ( 0.097)	Data  0.000 ( 0.014)	Loss 2.2250e+00 (1.8472e+00)	Acc@1  25.00 ( 35.47)	Acc@5  75.00 ( 84.85)
0: Epoch: [1][400/782]	Time  0.082 ( 0.097)	Data  0.000 ( 0.013)	Loss 1.8384e+00 (1.8466e+00)	Acc@1  37.50 ( 35.49)	Acc@5  87.50 ( 84.85)
0: Epoch: [1][410/782]	Time  0.089 ( 0.097)	Data  0.000 ( 0.013)	Loss 1.6138e+00 (1.8475e+00)	Acc@1  37.50 ( 35.43)	Acc@5  90.62 ( 84.84)
0: Epoch: [1][420/782]	Time  0.089 ( 0.097)	Data  0.000 ( 0.013)	Loss 1.9033e+00 (1.8463e+00)	Acc@1  34.38 ( 35.54)	Acc@5  87.50 ( 84.89)
0: Epoch: [1][430/782]	Time  0.088 ( 0.096)	Data  0.000 ( 0.012)	Loss 1.9417e+00 (1.8459e+00)	Acc@1  28.12 ( 35.44)	Acc@5  84.38 ( 84.94)
0: Epoch: [1][440/782]	Time  0.083 ( 0.096)	Data  0.000 ( 0.012)	Loss 1.7814e+00 (1.8448e+00)	Acc@1  34.38 ( 35.52)	Acc@5  90.62 ( 84.90)
0: Epoch: [1][450/782]	Time  0.085 ( 0.096)	Data  0.000 ( 0.012)	Loss 1.
0: 8647e+00 (1.8432e+00)	Acc@1  31.25 ( 35.62)	Acc@5  90.62 ( 84.97)
0: Epoch: [1][460/782]	Time  0.088 ( 0.096)	Data  0.000 ( 0.012)	Loss 1.8776e+00 (1.8423e+00)	Acc@1  31.25 ( 35.68)	Acc@5  87.50 ( 84.99)
0: Epoch: [1][470/782]	Time  0.084 ( 0.095)	Data  0.000 ( 0.012)	Loss 1.5375e+00 (1.8395e+00)	Acc@1  37.50 ( 35.77)	Acc@5  84.38 ( 85.02)
0: Epoch: [1][480/782]	Time  0.084 ( 0.095)	Data  0.000 ( 0.011)	Loss 1.7049e+00 (1.8392e+00)	Acc@1  28.12 ( 35.70)	Acc@5  90.62 ( 85.02)
0: Epoch: [1][490/782]	Time  0.088 ( 0.095)	Data  0.000 ( 0.011)	Loss 2.0608e+00 (1.8394e+00)	Acc@1  21.88 ( 35.68)	Acc@5  75.00 ( 84.96)
0: Epoch: [1][500/782]	Time  0.083 ( 0.095)	Data  0.000 ( 0.011)	Loss 2.1077e+00 (1.8378e+00)	Acc@1  25.00 ( 35.73)	Acc@5  78.12 ( 85.02)
0: Epoch: [1][510/782]	Time  0.081 ( 0.094)	Data  0.000 ( 0.011)	Loss 2.0041e+00 (1.8385e+00)	Acc@1  31.25 ( 35.63)	Acc@5  84.38 ( 85.02)
0: Epoch: [1][520/782]	Time  0.087 ( 0.094)	Data  0.000 ( 0.011)	Loss 1.5522e+00 (1.8379e+00)	Acc@1  50.00 ( 35.69)	Acc@5  93.75 ( 85.00)
0: Epoch: [1][53
0: 0/782]	Time  0.084 ( 0.094)	Data  0.000 ( 0.010)	Loss 1.7596e+00 (1.8345e+00)	Acc@1  40.62 ( 35.83)	Acc@5  84.38 ( 85.06)
0: Epoch: [1][540/782]	Time  0.089 ( 0.094)	Data  0.000 ( 0.010)	Loss 1.6690e+00 (1.8345e+00)	Acc@1  40.62 ( 35.82)	Acc@5  90.62 ( 85.04)
0: Epoch: [1][550/782]	Time  0.081 ( 0.094)	Data  0.000 ( 0.010)	Loss 1.7740e+00 (1.8356e+00)	Acc@1  37.50 ( 35.72)	Acc@5  87.50 ( 85.03)
0: Epoch: [1][560/782]	Time  0.087 ( 0.094)	Data  0.000 ( 0.010)	Loss 1.4747e+00 (1.8334e+00)	Acc@1  43.75 ( 35.87)	Acc@5  93.75 ( 85.10)
0: Epoch: [1][570/782]	Time  0.086 ( 0.093)	Data  0.000 ( 0.010)	Loss 1.6534e+00 (1.8338e+00)	Acc@1  40.62 ( 35.89)	Acc@5  93.75 ( 85.09)
0: Epoch: [1][580/782]	Time  0.082 ( 0.093)	Data  0.000 ( 0.010)	Loss 1.7239e+00 (1.8331e+00)	Acc@1  37.50 ( 35.83)	Acc@5  87.50 ( 85.08)
0: Epoch: [1][590/782]	Time  0.086 ( 0.093)	Data  0.000 ( 0.010)	Loss 1.8786e+00 (1.8335e+00)	Acc@1  31.25 ( 35.77)	Acc@5  90.62 ( 85.12)
0: Epoch: [1][600/782]	Time  0.088 ( 0.093)	Data  0.000 ( 0.009)	Loss 1.6945e+00 (1.8302e+00)	A
0: cc@1  37.50 ( 35.82)	Acc@5  93.75 ( 85.15)Epoch: [1][  0/782]	Time  4.643 ( 4.643)	Data  4.503 ( 4.503)	Loss 2.2899e+00 (2.2899e+00)	Acc@1  25.00 ( 25.00)	Acc@5  78.12 ( 78.12)
0: Epoch: [1][ 10/782]	Time  0.082 ( 0.500)	Data  0.000 ( 0.412)	Loss 2.0249e+00 (2.0041e+00)	Acc@1  21.88 ( 29.83)	Acc@5  78.12 ( 80.97)
0: Epoch: [1][ 20/782]	Time  0.086 ( 0.302)	Data  0.000 ( 0.216)	Loss 2.0568e+00 (1.9759e+00)	Acc@1  18.75 ( 31.70)	Acc@5  81.25 ( 81.70)
0: Epoch: [1][ 30/782]	Time  0.083 ( 0.232)	Data  0.000 ( 0.147)	Loss 2.2427e+00 (1.9453e+00)	Acc@1  18.75 ( 32.96)	Acc@5  65.62 ( 81.65)
0: Epoch: [1][ 40/782]	Time  0.088 ( 0.196)	Data  0.000 ( 0.112)	Loss 1.7712e+00 (1.9239e+00)	Acc@1  28.12 ( 33.23)	Acc@5  87.50 ( 82.39)
0: Epoch: [1][ 50/782]	Time  0.081 ( 0.174)	Data  0.000 ( 0.090)	Loss 1.5139e+00 (1.9036e+00)	Acc@1  34.38 ( 33.33)	Acc@5  90.62 ( 82.54)
0: Epoch: [1][ 60/782]	Time  0.087 ( 0.160)	Data  0.000 ( 0.076)	Loss 1.9595e+00 (1.9146e+00)	Acc@1  37.50 ( 33.04)	Acc@5  84.38 ( 82.27)
0: Epoch: [1][ 70/782]	Time  0.087 ( 0.1
0: 49)	Data  0.000 ( 0.065)	Loss 2.0645e+00 (1.8982e+00)	Acc@1  31.25 ( 33.58)	Acc@5  84.38 ( 82.66)
0: Epoch: [1][ 80/782]	Time  0.088 ( 0.141)	Data  0.000 ( 0.057)	Loss 1.3425e+00 (1.8878e+00)	Acc@1  53.12 ( 33.87)	Acc@5  90.62 ( 83.10)
0: Epoch: [1][ 90/782]	Time  0.084 ( 0.135)	Data  0.000 ( 0.051)	Loss 2.1407e+00 (1.8922e+00)	Acc@1  25.00 ( 33.86)	Acc@5  87.50 ( 83.14)
0: Epoch: [1][100/782]	Time  0.082 ( 0.130)	Data  0.000 ( 0.046)	Loss 1.7418e+00 (1.8764e+00)	Acc@1  43.75 ( 34.19)	Acc@5  90.62 ( 83.66)
0: Epoch: [1][110/782]	Time  0.089 ( 0.126)	Data  0.000 ( 0.042)	Loss 2.0008e+00 (1.8728e+00)	Acc@1  28.12 ( 33.98)	Acc@5  71.88 ( 83.87)
0: Epoch: [1][120/782]	Time  0.089 ( 0.123)	Data  0.000 ( 0.039)	Loss 1.5876e+00 (1.8663e+00)	Acc@1  37.50 ( 34.50)	Acc@5  93.75 ( 84.09)
0: Epoch: [1][130/782]	Time  0.082 ( 0.120)	Data  0.000 ( 0.036)	Loss 1.5764e+00 (1.8686e+00)	Acc@1  40.62 ( 34.47)	Acc@5  87.50 ( 84.09)
0: Epoch: [1][140/782]	Time  0.089 ( 0.118)	Data  0.000 ( 0.034)	Loss 1.6917e+00 (1.8693e+00)	Acc@1  37.50 ( 34.44)	Acc
0: @5  90.62 ( 84.29)
0: Epoch: [1][150/782]	Time  0.081 ( 0.116)	Data  0.000 ( 0.031)	Loss 1.8690e+00 (1.8721e+00)	Acc@1  34.38 ( 34.35)	Acc@5  87.50 ( 84.15)
0: Epoch: [1][160/782]	Time  0.089 ( 0.114)	Data  0.000 ( 0.030)	Loss 1.7282e+00 (1.8696e+00)	Acc@1  28.12 ( 34.39)	Acc@5  90.62 ( 84.22)
0: Epoch: [1][170/782]	Time  0.089 ( 0.112)	Data  0.000 ( 0.028)	Loss 1.9126e+00 (1.8656e+00)	Acc@1  28.12 ( 34.45)	Acc@5  84.38 ( 84.47)
0: Epoch: [1][180/782]	Time  0.082 ( 0.111)	Data  0.000 ( 0.026)	Loss 1.6720e+00 (1.8602e+00)	Acc@1  34.38 ( 34.65)	Acc@5  93.75 ( 84.56)
0: Epoch: [1][190/782]	Time  0.089 ( 0.110)	Data  0.000 ( 0.025)	Loss 1.7255e+00 (1.8559e+00)	Acc@1  31.25 ( 34.78)	Acc@5  84.38 ( 84.57)
0: Epoch: [1][200/782]	Time  0.089 ( 0.109)	Data  0.000 ( 0.024)	Loss 1.9231e+00 (1.8560e+00)	Acc@1  31.25 ( 34.89)	Acc@5  78.12 ( 84.59)
0: Epoch: [1][210/782]	Time  0.089 ( 0.108)	Data  0.000 ( 0.023)	Loss 2.0403e+00 (1.8567e+00)	Acc@1  25.00 ( 34.75)	Acc@5  78.12 ( 84.57)
0: Epoch: [1][220/782]	Time  0.082 ( 0.107)	Data  0.000 ( 0.022
0: )	Loss 2.1464e+00 (1.8571e+00)	Acc@1  28.12 ( 34.66)	Acc@5  81.25 ( 84.62)
0: Epoch: [1][230/782]	Time  0.089 ( 0.106)	Data  0.000 ( 0.021)	Loss 1.6512e+00 (1.8522e+00)	Acc@1  43.75 ( 34.86)	Acc@5  93.75 ( 84.73)
0: Epoch: [1][240/782]	Time  0.089 ( 0.105)	Data  0.000 ( 0.020)	Loss 1.6378e+00 (1.8502e+00)	Acc@1  46.88 ( 34.95)	Acc@5  81.25 ( 84.74)
0: Epoch: [1][250/782]	Time  0.082 ( 0.104)	Data  0.000 ( 0.019)	Loss 1.9182e+00 (1.8499e+00)	Acc@1  21.88 ( 34.96)	Acc@5  87.50 ( 84.80)
0: Epoch: [1][260/782]	Time  0.089 ( 0.104)	Data  0.000 ( 0.019)	Loss 1.7464e+00 (1.8494e+00)	Acc@1  37.50 ( 34.97)	Acc@5  90.62 ( 84.82)
0: Epoch: [1][270/782]	Time  0.089 ( 0.103)	Data  0.000 ( 0.018)	Loss 1.8325e+00 (1.8448e+00)	Acc@1  31.25 ( 35.19)	Acc@5  90.62 ( 84.89)
0: Epoch: [1][280/782]	Time  0.086 ( 0.102)	Data  0.000 ( 0.017)	Loss 1.6882e+00 (1.8412e+00)	Acc@1  28.12 ( 35.25)	Acc@5  87.50 ( 85.03)
0: Epoch: [1][290/782]	Time  0.086 ( 0.102)	Data  0.000 ( 0.017)	Loss 1.7908e+00 (1.8403e+00)	Acc@1  43.75 ( 35.29)	Acc@5  87.50 ( 85.04)
0: Epoc
0: h: [1][300/782]	Time  0.082 ( 0.101)	Data  0.000 ( 0.016)	Loss 1.7753e+00 (1.8441e+00)	Acc@1  34.38 ( 35.15)	Acc@5  90.62 ( 84.97)
0: Epoch: [1][310/782]	Time  0.083 ( 0.101)	Data  0.000 ( 0.016)	Loss 1.9705e+00 (1.8437e+00)	Acc@1  34.38 ( 35.19)	Acc@5  84.38 ( 85.04)
0: Epoch: [1][320/782]	Time  0.082 ( 0.100)	Data  0.000 ( 0.016)	Loss 1.8557e+00 (1.8431e+00)	Acc@1  40.62 ( 35.29)	Acc@5  84.38 ( 85.06)
0: Epoch: [1][330/782]	Time  0.087 ( 0.100)	Data  0.000 ( 0.015)	Loss 1.8381e+00 (1.8450e+00)	Acc@1  46.88 ( 35.30)	Acc@5  87.50 ( 85.09)
0: Epoch: [1][340/782]	Time  0.084 ( 0.099)	Data  0.000 ( 0.015)	Loss 1.7639e+00 (1.8422e+00)	Acc@1  37.50 ( 35.41)	Acc@5  87.50 ( 85.12)
0: Epoch: [1][350/782]	Time  0.082 ( 0.099)	Data  0.000 ( 0.014)	Loss 2.0381e+00 (1.8426e+00)	Acc@1  28.12 ( 35.40)	Acc@5  87.50 ( 85.16)
0: Epoch: [1][360/782]	Time  0.087 ( 0.098)	Data  0.000 ( 0.014)	Loss 1.5405e+00 (1.8426e+00)	Acc@1  46.88 ( 35.42)	Acc@5  90.62 ( 85.22)
0: Epoch: [1][370/782]	Time  0.085 ( 0.098)	Data  0.000 ( 0.014)	Loss 1.3092e+00 (1.84
0: 16e+00)	Acc@1  50.00 ( 35.35)	Acc@5  96.88 ( 85.25)
0: Epoch: [1][380/782]	Time  0.082 ( 0.098)	Data  0.000 ( 0.013)	Loss 1.6002e+00 (1.8405e+00)	Acc@1  40.62 ( 35.37)	Acc@5  96.88 ( 85.38)
0: Epoch: [1][390/782]	Time  0.086 ( 0.097)	Data  0.000 ( 0.013)	Loss 1.8401e+00 (1.8372e+00)	Acc@1  46.88 ( 35.57)	Acc@5  78.12 ( 85.40)
0: Epoch: [1][400/782]	Time  0.087 ( 0.097)	Data  0.000 ( 0.013)	Loss 2.1225e+00 (1.8347e+00)	Acc@1  21.88 ( 35.64)	Acc@5  84.38 ( 85.44)
0: Epoch: [1][410/782]	Time  0.087 ( 0.097)	Data  0.000 ( 0.013)	Loss 1.6553e+00 (1.8332e+00)	Acc@1  40.62 ( 35.66)	Acc@5  87.50 ( 85.47)
0: Epoch: [1][420/782]	Time  0.086 ( 0.097)	Data  0.000 ( 0.012)	Loss 1.8183e+00 (1.8310e+00)	Acc@1  37.50 ( 35.74)	Acc@5  93.75 ( 85.53)
0: Epoch: [1][430/782]	Time  0.084 ( 0.096)	Data  0.000 ( 0.012)	Loss 1.8018e+00 (1.8299e+00)	Acc@1  37.50 ( 35.77)	Acc@5  87.50 ( 85.53)
0: Epoch: [1][440/782]	Time  0.083 ( 0.096)	Data  0.000 ( 0.012)	Loss 1.4537e+00 (1.8288e+00)	Acc@1  46.88 ( 35.82)	Acc@5  96.88 ( 85.52)
0: Epoch: [1][450/782]	Time  0
0: .083 ( 0.096)	Data  0.000 ( 0.012)	Loss 1.5948e+00 (1.8276e+00)	Acc@1  53.12 ( 35.91)	Acc@5  90.62 ( 85.55)
0: Epoch: [1][460/782]	Time  0.088 ( 0.096)	Data  0.000 ( 0.011)	Loss 1.7736e+00 (1.8283e+00)	Acc@1  40.62 ( 35.94)	Acc@5  87.50 ( 85.57)
0: Epoch: [1][470/782]	Time  0.084 ( 0.095)	Data  0.000 ( 0.011)	Loss 1.4391e+00 (1.8281e+00)	Acc@1  40.62 ( 35.92)	Acc@5  93.75 ( 85.56)
0: Epoch: [1][480/782]	Time  0.084 ( 0.095)	Data  0.000 ( 0.011)	Loss 1.7503e+00 (1.8277e+00)	Acc@1  37.50 ( 35.89)	Acc@5  90.62 ( 85.53)
0: Epoch: [1][490/782]	Time  0.088 ( 0.095)	Data  0.000 ( 0.011)	Loss 1.9938e+00 (1.8273e+00)	Acc@1  34.38 ( 35.93)	Acc@5  78.12 ( 85.51)
0: Epoch: [1][500/782]	Time  0.083 ( 0.095)	Data  0.000 ( 0.011)	Loss 1.4768e+00 (1.8270e+00)	Acc@1  40.62 ( 35.95)	Acc@5  90.62 ( 85.54)
0: Epoch: [1][510/782]	Time  0.081 ( 0.094)	Data  0.000 ( 0.010)	Loss 1.5697e+00 (1.8265e+00)	Acc@1  37.50 ( 35.91)	Acc@5  87.50 ( 85.54)
0: Epoch: [1][520/782]	Time  0.088 ( 0.094)	Data  0.000 ( 0.010)	Loss 1.5268e+00 (1.8263e+00)	Acc@1  43.75 ( 
0: 35.98)	Acc@5  87.50 ( 85.56)
0: Epoch: [1][530/782]	Time  0.086 ( 0.094)	Data  0.000 ( 0.010)	Loss 1.5233e+00 (1.8223e+00)	Acc@1  50.00 ( 36.10)	Acc@5  90.62 ( 85.65)
0: Epoch: [1][540/782]	Time  0.089 ( 0.094)	Data  0.000 ( 0.010)	Loss 1.4623e+00 (1.8226e+00)	Acc@1  37.50 ( 36.09)	Acc@5  87.50 ( 85.65)
0: Epoch: [1][550/782]	Time  0.082 ( 0.094)	Data  0.000 ( 0.010)	Loss 1.7807e+00 (1.8216e+00)	Acc@1  34.38 ( 36.13)	Acc@5  87.50 ( 85.67)
0: Epoch: [1][560/782]	Time  0.086 ( 0.094)	Data  0.000 ( 0.010)	Loss 1.6607e+00 (1.8223e+00)	Acc@1  40.62 ( 36.07)	Acc@5  84.38 ( 85.65)
0: Epoch: [1][570/782]	Time  0.084 ( 0.093)	Data  0.000 ( 0.010)	Loss 1.9295e+00 (1.8242e+00)	Acc@1  31.25 ( 36.07)	Acc@5  84.38 ( 85.60)
0: Epoch: [1][580/782]	Time  0.082 ( 0.093)	Data  0.000 ( 0.009)	Loss 1.5015e+00 (1.8232e+00)	Acc@1  46.88 ( 36.09)	Acc@5  87.50 ( 85.60)
0: Epoch: [1][590/782]	Time  0.086 ( 0.093)	Data  0.000 ( 0.009)	Loss 2.2209e+00 (1.8222e+00)	Acc@1  31.25 ( 36.12)	Acc@5  78.12 ( 85.62)
0: Epoch: [1][600/782]	Time  0.088 ( 0.093)	Data  0.0
0: 00 ( 0.009)	Loss 1.6465e+00 (1.8209e+00)	Acc@1  37.50 ( 36.17)	Acc@5  87.50 ( 85.63)
0: 
0: Epoch: [1][610/782]	Time  0.083 ( 0.093)	Data  0.000 ( 0.009)	Loss 1.7256e+00 (1.8208e+00)	Acc@1  53.12 ( 36.21)	Acc@5  81.25 ( 85.60)
0: Epoch: [1][620/782]	Time  0.084 ( 0.093)	Data  0.000 ( 0.009)	Loss 1.6501e+00 (1.8184e+00)	Acc@1  46.88 ( 36.26)	Acc@5  84.38 ( 85.63)
0: Epoch: [1][630/782]	Time  0.086 ( 0.093)	Data  0.000 ( 0.009)	Loss 1.7306e+00 (1.8184e+00)	Acc@1  31.25 ( 36.29)	Acc@5  93.75 ( 85.57)
0: Epoch: [1][640/782]	Time  0.083 ( 0.093)	Data  0.000 ( 0.009)	Loss 1.7375e+00 (1.8164e+00)	Acc@1  25.00 ( 36.38)	Acc@5  87.50 ( 85.61)
0: Epoch: [1][650/782]	Time  0.082 ( 0.092)	Data  0.000 ( 0.009)	Loss 1.8027e+00 (1.8177e+00)	Acc@1  31.25 ( 36.34)	Acc@5  93.75 ( 85.60)
0: Epoch: [1][660/782]	Time  0.084 ( 0.092)	Data  0.000 ( 0.008)	Loss 1.7857e+00 (1.8159e+00)	Acc@1  37.50 ( 36.39)	Acc@5  84.38 ( 85.62)
0: Epoch: [1][670/782]	Time  0.086 ( 0.092)	Data  0.000 ( 0.008)	Loss 1.6785e+00 (1.8159e+00)	Acc@1  34.38 ( 36.44)	Acc@5  87.50 ( 85.62)
0: Epoch: [1][680/782]	Time  0.082 ( 0.092)	Data  0.000 ( 0.008)	Loss 1.7290e+00 
0: (1.8152e+00)	Acc@1  40.62 ( 36.48)	Acc@5  87.50 ( 85.64)
0: Epoch: [1][690/782]	Time  0.087 ( 0.092)	Data  0.000 ( 0.008)	Loss 1.7963e+00 (1.8145e+00)	Acc@1  37.50 ( 36.48)	Acc@5  81.25 ( 85.67)
0: Epoch: [1][700/782]	Time  0.084 ( 0.092)	Data  0.000 ( 0.008)	Loss 1.6382e+00 (1.8128e+00)	Acc@1  34.38 ( 36.53)	Acc@5  96.88 ( 85.74)
0: Epoch: [1][710/782]	Time  0.081 ( 0.092)	Data  0.000 ( 0.008)	Loss 1.6898e+00 (1.8135e+00)	Acc@1  43.75 ( 36.48)	Acc@5  87.50 ( 85.72)
0: Epoch: [1][720/782]	Time  0.087 ( 0.092)	Data  0.000 ( 0.008)	Loss 2.2284e+00 (1.8118e+00)	Acc@1  28.12 ( 36.55)	Acc@5  81.25 ( 85.78)
0: Epoch: [1][730/782]	Time  0.084 ( 0.092)	Data  0.000 ( 0.008)	Loss 1.6410e+00 (1.8088e+00)	Acc@1  31.25 ( 36.64)	Acc@5  90.62 ( 85.85)
0: Epoch: [1][740/782]	Time  0.086 ( 0.091)	Data  0.000 ( 0.008)	Loss 1.9721e+00 (1.8073e+00)	Acc@1  31.25 ( 36.65)	Acc@5  78.12 ( 85.86)
0: Epoch: [1][750/782]	Time  0.087 ( 0.091)	Data  0.000 ( 0.008)	Loss 1.4991e+00 (1.8064e+00)	Acc@1  43.75 ( 36.69)	Acc@5  93.75 ( 85.91)
0: Epoch: [1][760/782]	Ti
0: me  0.079 ( 0.091)	Data  0.000 ( 0.008)	Loss 1.8140e+00 (1.8055e+00)	Acc@1  40.62 ( 36.74)	Acc@5  90.62 ( 85.92)
0: Epoch: [1][770/782]	Time  0.082 ( 0.091)	Data  0.000 ( 0.008)	Loss 1.4265e+00 (1.8024e+00)	Acc@1  46.88 ( 36.81)	Acc@5  93.75 ( 85.98)
0: Epoch: [1][780/782]	Time  0.087 ( 0.091)	Data  0.000 ( 0.007)	Loss 2.0505e+00 (1.8021e+00)	Acc@1  31.25 ( 36.85)	Acc@5  81.25 ( 85.97)
0: 
0: Epoch: [1][610/782]	Time  0.082 ( 0.093)	Data  0.000 ( 0.009)	Loss 2.1238e+00 (1.8288e+00)	Acc@1  40.62 ( 35.90)	Acc@5  81.25 ( 85.20)
0: Epoch: [1][620/782]	Time  0.077 ( 0.093)	Data  0.000 ( 0.009)	Loss 1.9654e+00 (1.8284e+00)	Acc@1  34.38 ( 35.89)	Acc@5  78.12 ( 85.19)
0: Epoch: [1][630/782]	Time  0.076 ( 0.093)	Data  0.000 ( 0.009)	Loss 1.6759e+00 (1.8281e+00)	Acc@1  34.38 ( 35.89)	Acc@5  93.75 ( 85.19)
0: Epoch: [1][640/782]	Time  0.083 ( 0.093)	Data  0.000 ( 0.009)	Loss 1.6717e+00 (1.8270e+00)	Acc@1  46.88 ( 35.93)	Acc@5  84.38 ( 85.19)
0: Epoch: [1][650/782]	Time  0.082 ( 0.092)	Data  0.000 ( 0.009)	Loss 1.2867e+00 (1.8247e+00)	Acc@1  68.75 ( 36.01)	Acc@5  81.25 ( 85.24)
0: Epoch: [1][660/782]	Time  0.086 ( 0.092)	Data  0.000 ( 0.009)	Loss 2.1271e+00 (1.8249e+00)	Acc@1  25.00 ( 36.01)	Acc@5  81.25 ( 85.29)
0: Epoch: [1][670/782]	Time  0.086 ( 0.092)	Data  0.000 ( 0.009)	Loss 2.1634e+00 (1.8247e+00)	Acc@1  31.25 ( 36.00)	Acc@5  78.12 ( 85.31)
0: Epoch: [1][680/782]	Time  0.082 ( 0.092)	Data  0.000 ( 0.009)	Loss 1.7392e+00 
0: (1.8250e+00)	Acc@1  40.62 ( 36.02)	Acc@5  87.50 ( 85.31)
0: Epoch: [1][690/782]	Time  0.086 ( 0.092)	Data  0.000 ( 0.008)	Loss 1.8030e+00 (1.8249e+00)	Acc@1  34.38 ( 36.01)	Acc@5  93.75 ( 85.34)
0: Epoch: [1][700/782]	Time  0.084 ( 0.092)	Data  0.000 ( 0.008)	Loss 1.6939e+00 (1.8246e+00)	Acc@1  34.38 ( 36.02)	Acc@5  87.50 ( 85.34)
0: Epoch: [1][710/782]	Time  0.081 ( 0.092)	Data  0.000 ( 0.008)	Loss 1.4405e+00 (1.8230e+00)	Acc@1  46.88 ( 36.04)	Acc@5  84.38 ( 85.33)
0: Epoch: [1][720/782]	Time  0.087 ( 0.092)	Data  0.000 ( 0.008)	Loss 1.6706e+00 (1.8233e+00)	Acc@1  37.50 ( 35.98)	Acc@5  90.62 ( 85.35)
0: Epoch: [1][730/782]	Time  0.084 ( 0.092)	Data  0.000 ( 0.008)	Loss 1.3486e+00 (1.8220e+00)	Acc@1  56.25 ( 36.06)	Acc@5  96.88 ( 85.38)
0: Epoch: [1][740/782]	Time  0.076 ( 0.092)	Data  0.000 ( 0.008)	Loss 1.7303e+00 (1.8213e+00)	Acc@1  46.88 ( 36.07)	Acc@5  87.50 ( 85.41)
0: Epoch: [1][750/782]	Time  0.087 ( 0.091)	Data  0.000 ( 0.008)	Loss 1.5761e+00 (1.8207e+00)	Acc@1  40.62 ( 36.11)	Acc@5  93.75 ( 85.43)
0: Epoch: [1][760/782]	Ti
0: me  0.083 ( 0.091)	Data  0.000 ( 0.008)	Loss 2.0318e+00 (1.8189e+00)	Acc@1  28.12 ( 36.15)	Acc@5  84.38 ( 85.47)
0: Epoch: [1][770/782]	Time  0.081 ( 0.091)	Data  0.000 ( 0.008)	Loss 1.6696e+00 (1.8171e+00)	Acc@1  31.25 ( 36.18)	Acc@5  90.62 ( 85.50)
0: Epoch: [1][780/782]	Time  0.087 ( 0.091)	Data  0.000 ( 0.008)	Loss 1.6258e+00 (1.8156e+00)	Acc@1  37.50 ( 36.21)	Acc@5  93.75 ( 85.52)
0: Test: [  0/313]	Time  2.352 ( 2.352)	Loss 1.4394e+00 (1.4394e+00)	Acc@1  34.38 ( 34.38)	Acc@5  90.62 ( 90.62)
0: Test: [ 10/313]	Time  0.019 ( 0.231)	Loss 1.5489e+00 (1.6976e+00)	Acc@1  40.62 ( 39.49)	Acc@5  87.50 ( 88.35)
0: Test: [ 20/313]	Time  0.019 ( 0.130)	Loss 1.3346e+00 (1.6608e+00)	Acc@1  46.88 ( 39.88)	Acc@5 100.00 ( 89.29)
0: Test: [ 30/313]	Time  0.019 ( 0.094)	Loss 1.8034e+00 (1.7063e+00)	Acc@1  40.62 ( 39.11)	Acc@5  90.62 ( 88.91)
0: Test: [ 40/313]	Time  0.019 ( 0.076)	Loss 2.0506e+00 (1.7024e+00)	Acc@1  31.25 ( 39.71)	Acc@5  84.38 ( 88.87)
0: Test: [ 50/313]	Time  0.019 ( 0.065)	Loss 1.7201e+00 (1.6892e+00)	Acc@1  34.38 ( 39.83)	Acc@5  87.50 ( 89.34)
0: Test: [ 60/313]	Time  0.019 ( 0.057)	Loss 1.8494e+00 (1.6944e+00)	Acc@1  28.12 ( 39.96)	Acc@5  87.50 ( 88.68)
0: Test: [ 70/313]	Time  0.019 ( 0.052)	Loss 1.7262e+00 (1.6936e+00)	Acc@1  46.88 ( 40.01)	Acc@5  81.25 ( 88.51)
0: Test: [ 80/313]	Time  0.019 ( 0.048)	Loss 1.8144e+00 (1.7060e+00)	Acc@1  28.12 ( 39.66)	Acc@5  87.50 ( 88.35)
0: Test: [ 90/313]	Time  0.019 ( 0.04
0: 4)	Loss 2.0467e+00 (1.7070e+00)	Acc@1  28.12 ( 39.56)	Acc@5  78.12 ( 88.29)
0: Test: [100/313]	Time  0.019 ( 0.042)	Loss 2.1712e+00 (1.7045e+00)	Acc@1  31.25 ( 39.98)	Acc@5  84.38 ( 88.30)
0: Test: [110/313]	Time  0.019 ( 0.040)	Loss 1.8544e+00 (1.7060e+00)	Acc@1  21.88 ( 39.84)	Acc@5  81.25 ( 88.20)
0: Test: [120/313]	Time  0.019 ( 0.038)	Loss 1.7146e+00 (1.7114e+00)	Acc@1  50.00 ( 39.82)	Acc@5  84.38 ( 88.12)
0: Test: [130/313]	Time  0.019 ( 0.037)	Loss 2.0035e+00 (1.7216e+00)	Acc@1  40.62 ( 39.46)	Acc@5  81.25 ( 88.00)
0: Test: [140/313]	Time  0.019 ( 0.035)	Loss 1.3082e+00 (1.7197e+00)	Acc@1  50.00 ( 39.74)	Acc@5  96.88 ( 88.36)
0: Test: [150/313]	Time  0.019 ( 0.034)	Loss 1.5872e+00 (1.7138e+00)	Acc@1  31.25 ( 40.09)	Acc@5  90.62 ( 88.51)
0: Test: [160/313]	Time  0.019 ( 0.033)	Loss 1.5567e+00 (1.7126e+00)	Acc@1  56.25 ( 40.02)	Acc@5  90.62 ( 88.65)
0: Test: [170/313]	Time  0.019 ( 0.032)	Loss 2.7925e+00 (1.7167e+00)	Acc@1  28.12 ( 39.82)	Acc@5  68.75 ( 88.69)
0: Test: [180/313]	Time  0.019 ( 0.032)	Loss 1.6836e+00 (1.7143e+00)	Ac
0: c@1  31.25 ( 39.74)	Acc@5  90.62 ( 88.81)
0: Test: [190/313]	Time  0.019 ( 0.031)	Loss 1.4917e+00 (1.7131e+00)	Acc@1  43.75 ( 39.84)	Acc@5 100.00 ( 88.96)
0: Test: [200/313]	Time  0.019 ( 0.030)	Loss 1.8219e+00 (1.7182e+00)	Acc@1  34.38 ( 39.61)	Acc@5  93.75 ( 89.07)
0: Test: [210/313]	Time  0.019 ( 0.030)	Loss 1.4217e+00 (1.7199e+00)	Acc@1  53.12 ( 39.68)	Acc@5  93.75 ( 89.16)
0: Test: [220/313]	Time  0.019 ( 0.029)	Loss 1.6651e+00 (1.7249e+00)	Acc@1  37.50 ( 39.44)	Acc@5  84.38 ( 89.07)
0: Test: [230/313]	Time  0.019 ( 0.029)	Loss 1.6282e+00 (1.7196e+00)	Acc@1  50.00 ( 39.56)	Acc@5  84.38 ( 89.15)
0: Test: [240/313]	Time  0.019 ( 0.028)	Loss 1.4349e+00 (1.7187e+00)	Acc@1  46.88 ( 39.51)	Acc@5  93.75 ( 89.07)
0: Test: [250/313]	Time  0.019 ( 0.028)	Loss 1.6507e+00 (1.7194e+00)	Acc@1  40.62 ( 39.55)	Acc@5  87.50 ( 89.06)
0: Test: [260/313]	Time  0.019 ( 0.028)	Loss 1.7895e+00 (1.7215e+00)	Acc@1  40.62 ( 39.51)	Acc@5  84.38 ( 88.98)
0: Test: [270/313]	Time  0.019 ( 0.027)	Loss 1.9748e+00 (1.7270e+00)	Acc@1  31.25 ( 39.44)	Acc@5  90.62 (
0:  88.96)
0: Test: [280/313]	Time  0.019 ( 0.027)	Loss 2.0792e+00 (1.7318e+00)	Acc@1  28.12 ( 39.47)	Acc@5  78.12 ( 88.99)
0: Test: [290/313]	Time  0.019 ( 0.027)	Loss 1.8295e+00 (1.7297e+00)	Acc@1  28.12 ( 39.54)	Acc@5  84.38 ( 88.92)
0: Test: [300/313]	Time  0.019 ( 0.027)	Loss 1.6590e+00 (1.7318e+00)	Acc@1  43.75 ( 39.46)	Acc@5  81.25 ( 88.90)
0: Test: [310/313]	Time  0.018 ( 0.026)	Loss 1.7130e+00 (1.7350e+00)	Acc@1  34.38 ( 39.37)	Acc@5  96.88 ( 88.90)
0:  * Acc@1 39.310 Acc@5 88.910
0: Epoch 1/3 - 79.727s
0: Test: [  0/313]	Time  2.370 ( 2.370)	Loss 1.4394e+00 (1.4394e+00)	Acc@1  34.38 ( 34.38)	Acc@5  90.62 ( 90.62)
0: Test: [ 10/313]	Time  0.019 ( 0.233)	Loss 1.5489e+00 (1.6976e+00)	Acc@1  40.62 ( 39.49)	Acc@5  87.50 ( 88.35)
0: Test: [ 20/313]	Time  0.019 ( 0.131)	Loss 1.3346e+00 (1.6608e+00)	Acc@1  46.88 ( 39.88)	Acc@5 100.00 ( 89.29)
0: Test: [ 30/313]	Time  0.020 ( 0.095)	Loss 1.8034e+00 (1.7063e+00)	Acc@1  40.62 ( 39.11)	Acc@5  90.62 ( 88.91)
0: Test: [ 40/313]	Time  0.019 ( 0.077)	Loss 2.0506e+00 (1.7024e+00)	Acc@1  31.25 ( 39.71)	Acc@5  84.38 ( 88.87)
0: Test: [ 50/313]	Time  0.020 ( 0.066)	Loss 1.7201e+00 (1.6892e+00)	Acc@1  34.38 ( 39.83)	Acc@5  87.50 ( 89.34)
0: Test: [ 60/313]	Time  0.020 ( 0.058)	Loss 1.8494e+00 (1.6944e+00)	Acc@1  28.12 ( 39.96)	Acc@5  87.50 ( 88.68)
0: Test: [ 70/313]	Time  0.020 ( 0.053)	Loss 1.7262e+00 (1.6936e+00)	Acc@1  46.88 ( 40.01)	Acc@5  81.25 ( 88.51)
0: Test: [ 80/313]	Time  0.020 ( 0.049)	Loss 1.8144e+00 (1.7060e+00)	Acc@1  28.12 ( 39.66)	Acc@5  87.50 ( 88.35)
0: Test: [ 90/313]	Time  0.020 ( 0.04
0: 5)	Loss 2.0467e+00 (1.7070e+00)	Acc@1  28.12 ( 39.56)	Acc@5  78.12 ( 88.29)
0: Test: [100/313]	Time  0.019 ( 0.043)	Loss 2.1712e+00 (1.7045e+00)	Acc@1  31.25 ( 39.98)	Acc@5  84.38 ( 88.30)
0: Test: [110/313]	Time  0.019 ( 0.041)	Loss 1.8544e+00 (1.7060e+00)	Acc@1  21.88 ( 39.84)	Acc@5  81.25 ( 88.20)
0: Test: [120/313]	Time  0.019 ( 0.039)	Loss 1.7146e+00 (1.7114e+00)	Acc@1  50.00 ( 39.82)	Acc@5  84.38 ( 88.12)
0: Test: [130/313]	Time  0.019 ( 0.037)	Loss 2.0035e+00 (1.7216e+00)	Acc@1  40.62 ( 39.46)	Acc@5  81.25 ( 88.00)
0: Test: [140/313]	Time  0.019 ( 0.036)	Loss 1.3082e+00 (1.7197e+00)	Acc@1  50.00 ( 39.74)	Acc@5  96.88 ( 88.36)
0: Test: [150/313]	Time  0.019 ( 0.035)	Loss 1.5872e+00 (1.7138e+00)	Acc@1  31.25 ( 40.09)	Acc@5  90.62 ( 88.51)
0: Test: [160/313]	Time  0.019 ( 0.034)	Loss 1.5567e+00 (1.7126e+00)	Acc@1  56.25 ( 40.02)	Acc@5  90.62 ( 88.65)
0: Test: [170/313]	Time  0.019 ( 0.033)	Loss 2.7925e+00 (1.7167e+00)	Acc@1  28.12 ( 39.82)	Acc@5  68.75 ( 88.69)
0: Test: [180/313]	Time  0.019 ( 0.032)	Loss 1.6836e+00 (1.7143e+00)	Ac
0: c@1  31.25 ( 39.74)	Acc@5  90.62 ( 88.81)
0: Test: [190/313]	Time  0.019 ( 0.032)	Loss 1.4917e+00 (1.7131e+00)	Acc@1  43.75 ( 39.84)	Acc@5 100.00 ( 88.96)
0: Test: [200/313]	Time  0.019 ( 0.031)	Loss 1.8219e+00 (1.7182e+00)	Acc@1  34.38 ( 39.61)	Acc@5  93.75 ( 89.07)
0: Test: [210/313]	Time  0.022 ( 0.030)	Loss 1.4217e+00 (1.7199e+00)	Acc@1  53.12 ( 39.68)	Acc@5  93.75 ( 89.16)
0: Test: [220/313]	Time  0.019 ( 0.030)	Loss 1.6651e+00 (1.7249e+00)	Acc@1  37.50 ( 39.44)	Acc@5  84.38 ( 89.07)
0: Test: [230/313]	Time  0.019 ( 0.029)	Loss 1.6282e+00 (1.7196e+00)	Acc@1  50.00 ( 39.56)	Acc@5  84.38 ( 89.15)
0: Test: [240/313]	Time  0.021 ( 0.029)	Loss 1.4349e+00 (1.7187e+00)	Acc@1  46.88 ( 39.51)	Acc@5  93.75 ( 89.07)
0: Test: [250/313]	Time  0.019 ( 0.029)	Loss 1.6507e+00 (1.7194e+00)	Acc@1  40.62 ( 39.55)	Acc@5  87.50 ( 89.06)
0: Test: [260/313]	Time  0.019 ( 0.028)	Loss 1.7895e+00 (1.7215e+00)	Acc@1  40.62 ( 39.51)	Acc@5  84.38 ( 88.98)
0: Test: [270/313]	Time  0.019 ( 0.028)	Loss 1.9748e+00 (1.7270e+00)	Acc@1  31.25 ( 39.44)	Acc@5  90.62 (
0:  88.96)
0: Test: [280/313]	Time  0.019 ( 0.028)	Loss 2.0792e+00 (1.7318e+00)	Acc@1  28.12 ( 39.47)	Acc@5  78.12 ( 88.99)
0: Test: [290/313]	Time  0.019 ( 0.027)	Loss 1.8295e+00 (1.7297e+00)	Acc@1  28.12 ( 39.54)	Acc@5  84.38 ( 88.92)
0: Test: [300/313]	Time  0.019 ( 0.027)	Loss 1.6590e+00 (1.7318e+00)	Acc@1  43.75 ( 39.46)	Acc@5  81.25 ( 88.90)
0: Test: [310/313]	Time  0.019 ( 0.027)	Loss 1.7130e+00 (1.7350e+00)	Acc@1  34.38 ( 39.37)	Acc@5  96.88 ( 88.90)
0:  * Acc@1 39.310 Acc@5 88.910
0: Epoch 1/3 - 79.853s
0: Epoch: [2][  0/782]	Time  4.721 ( 4.721)	Data  4.514 ( 4.514)	Loss 1.6751e+00 (1.6751e+00)	Acc@1  37.50 ( 37.50)	Acc@5  90.62 ( 90.62)
0: Epoch: [2][ 10/782]	Time  0.082 ( 0.507)	Data  0.000 ( 0.413)	Loss 1.5919e+00 (1.7646e+00)	Acc@1  37.50 ( 34.94)	Acc@5  87.50 ( 86.93)
0: Epoch: [2][ 20/782]	Time  0.082 ( 0.306)	Data  0.000 ( 0.217)	Loss 1.6572e+00 (1.6974e+00)	Acc@1  37.50 ( 36.76)	Acc@5  87.50 ( 88.69)
0: Epoch: [2][ 30/782]	Time  0.086 ( 0.235)	Data  0.000 ( 0.148)	Loss 1.8509e+00 (1.6950e+00)	Acc@1  28.12 ( 37.70)	Acc@5  87.50 ( 89.01)
0: Epoch: [2][ 40/782]	Time  0.088 ( 0.198)	Data  0.000 ( 0.112)	Loss 1.4224e+00 (1.6635e+00)	Acc@1  43.75 ( 38.19)	Acc@5  96.88 ( 89.48)
0: Epoch: [2][ 50/782]	Time  0.083 ( 0.176)	Data  0.000 ( 0.090)	Loss 1.5789e+00 (1.6674e+00)	Acc@1  40.62 ( 38.48)	Acc@5  90.62 ( 89.22)
0: Epoch: [2][ 60/782]	Time  0.085 ( 0.161)	Data  0.000 ( 0.076)	Loss 1.8152e+00 (1.6729e+00)	Acc@1  28.12 ( 38.88)	Acc@5  90.62 ( 88.93)
0: Epoch: [2][ 70/782]	Time  0.087 ( 0.150)	Data  0.000 ( 0.066)	Loss 1.6137e+00 (
0: 1.6888e+00)	Acc@1  40.62 ( 38.73)	Acc@5  87.50 ( 88.95)
0: Epoch: [2][ 80/782]	Time  0.078 ( 0.142)	Data  0.000 ( 0.058)	Loss 1.3784e+00 (1.6915e+00)	Acc@1  50.00 ( 38.73)	Acc@5  96.88 ( 88.97)
0: Epoch: [2][ 90/782]	Time  0.089 ( 0.136)	Data  0.000 ( 0.051)	Loss 2.0155e+00 (1.6801e+00)	Acc@1  40.62 ( 39.18)	Acc@5  78.12 ( 89.15)
0: Epoch: [2][100/782]	Time  0.085 ( 0.131)	Data  0.000 ( 0.047)	Loss 1.9515e+00 (1.6884e+00)	Acc@1  12.50 ( 38.83)	Acc@5  87.50 ( 89.02)
0: Epoch: [2][110/782]	Time  0.087 ( 0.127)	Data  0.000 ( 0.043)	Loss 1.9508e+00 (1.6951e+00)	Acc@1  25.00 ( 38.49)	Acc@5  81.25 ( 88.88)
0: Epoch: [2][120/782]	Time  0.084 ( 0.123)	Data  0.000 ( 0.039)	Loss 1.5882e+00 (1.6910e+00)	Acc@1  34.38 ( 38.48)	Acc@5  93.75 ( 88.87)
0: Epoch: [2][130/782]	Time  0.085 ( 0.120)	Data  0.000 ( 0.036)	Loss 1.7328e+00 (1.6893e+00)	Acc@1  28.12 ( 38.81)	Acc@5  84.38 ( 88.88)
0: Epoch: [2][140/782]	Time  0.088 ( 0.118)	Data  0.000 ( 0.034)	Loss 1.3289e+00 (1.6852e+00)	Acc@1  59.38 ( 39.10)	Acc@5  96.88 ( 88.76)
0: Epoch: [2][150/782]	Tim
0: e  0.083 ( 0.116)	Data  0.000 ( 0.032)	Loss 1.9666e+00 (1.6872e+00)	Acc@1  31.25 ( 39.03)	Acc@5  90.62 ( 88.80)
0: Epoch: [2][160/782]	Time  0.086 ( 0.114)	Data  0.000 ( 0.030)	Loss 1.5641e+00 (1.6861e+00)	Acc@1  43.75 ( 39.11)	Acc@5  84.38 ( 88.70)
0: Epoch: [2][170/782]	Time  0.084 ( 0.112)	Data  0.000 ( 0.028)	Loss 1.5012e+00 (1.6835e+00)	Acc@1  53.12 ( 39.42)	Acc@5  87.50 ( 88.65)
0: Epoch: [2][180/782]	Time  0.082 ( 0.110)	Data  0.000 ( 0.027)	Loss 1.6805e+00 (1.6818e+00)	Acc@1  50.00 ( 39.57)	Acc@5  87.50 ( 88.64)
0: Epoch: [2][190/782]	Time  0.087 ( 0.109)	Data  0.000 ( 0.025)	Loss 1.5629e+00 (1.6796e+00)	Acc@1  37.50 ( 39.56)	Acc@5  87.50 ( 88.76)
0: Epoch: [2][200/782]	Time  0.084 ( 0.108)	Data  0.000 ( 0.024)	Loss 1.5888e+00 (1.6732e+00)	Acc@1  40.62 ( 39.79)	Acc@5  87.50 ( 88.79)
0: Epoch: [2][210/782]	Time  0.082 ( 0.107)	Data  0.000 ( 0.023)	Loss 1.8113e+00 (1.6717e+00)	Acc@1  28.12 ( 39.88)	Acc@5  87.50 ( 88.76)
0: Epoch: [2][220/782]	Time  0.087 ( 0.106)	Data  0.000 ( 0.022)	Loss 1.5101e+00 (1.6693e+00)	Acc@1  46.8
0: 8 ( 40.02)	Acc@5  96.88 ( 88.80)
0: Epoch: [2][230/782]	Time  0.083 ( 0.105)	Data  0.000 ( 0.021)	Loss 2.0681e+00 (1.6735e+00)	Acc@1  28.12 ( 39.96)	Acc@5  90.62 ( 88.73)
0: Epoch: [2][240/782]	Time  0.081 ( 0.104)	Data  0.000 ( 0.021)	Loss 1.8179e+00 (1.6716e+00)	Acc@1  43.75 ( 40.05)	Acc@5  87.50 ( 88.71)
0: Epoch: [2][250/782]	Time  0.087 ( 0.103)	Data  0.000 ( 0.020)	Loss 1.4746e+00 (1.6686e+00)	Acc@1  37.50 ( 40.18)	Acc@5  93.75 ( 88.76)
0: Epoch: [2][260/782]	Time  0.084 ( 0.103)	Data  0.000 ( 0.019)	Loss 1.8756e+00 (1.6718e+00)	Acc@1  31.25 ( 40.15)	Acc@5  87.50 ( 88.65)
0: Epoch: [2][270/782]	Time  0.082 ( 0.102)	Data  0.000 ( 0.019)	Loss 1.4314e+00 (1.6675e+00)	Acc@1  43.75 ( 40.21)	Acc@5  96.88 ( 88.76)
0: Epoch: [2][280/782]	Time  0.086 ( 0.101)	Data  0.000 ( 0.018)	Loss 1.6682e+00 (1.6669e+00)	Acc@1  43.75 ( 40.32)	Acc@5  87.50 ( 88.66)
0: Epoch: [2][290/782]	Time  0.088 ( 0.101)	Data  0.000 ( 0.017)	Loss 1.3218e+00 (1.6650e+00)	Acc@1  46.88 ( 40.32)	Acc@5  96.88 ( 88.70)
0: Epoch: [2][300/782]	Time  0.083 ( 0.100)	Data 
0:  0.000 ( 0.017)	Loss 1.4068e+00 (1.6632e+00)	Acc@1  62.50 ( 40.42)	Acc@5  90.62 ( 88.68)
0: Epoch: [2][310/782]	Time  0.085 ( 0.100)	Data  0.000 ( 0.016)	Loss 1.6165e+00 (1.6636e+00)	Acc@1  46.88 ( 40.47)	Acc@5  90.62 ( 88.73)
0: Epoch: [2][320/782]	Time  0.087 ( 0.099)	Data  0.000 ( 0.016)	Loss 1.4499e+00 (1.6633e+00)	Acc@1  50.00 ( 40.46)	Acc@5 100.00 ( 88.74)
0: Epoch: [2][330/782]	Time  0.087 ( 0.099)	Data  0.000 ( 0.015)	Loss 1.7591e+00 (1.6621e+00)	Acc@1  43.75 ( 40.56)	Acc@5  78.12 ( 88.71)
0: Epoch: [2][340/782]	Time  0.085 ( 0.098)	Data  0.000 ( 0.015)	Loss 1.6163e+00 (1.6644e+00)	Acc@1  43.75 ( 40.41)	Acc@5  96.88 ( 88.68)
0: Epoch: [2][350/782]	Time  0.087 ( 0.098)	Data  0.000 ( 0.015)	Loss 1.7616e+00 (1.6653e+00)	Acc@1  40.62 ( 40.47)	Acc@5  87.50 ( 88.68)
0: Epoch: [2][360/782]	Time  0.084 ( 0.098)	Data  0.000 ( 0.014)	Loss 1.6907e+00 (1.6642e+00)	Acc@1  46.88 ( 40.56)	Acc@5  84.38 ( 88.67)
0: Epoch: [2][370/782]	Time  0.088 ( 0.097)	Data  0.000 ( 0.014)	Loss 1.9531e+00 (1.6642e+00)	Acc@1  34.38 ( 40.64)	Acc@5  81.25
0:  ( 88.64)
0: Epoch: [2][380/782]	Time  0.087 ( 0.097)	Data  0.000 ( 0.014)	Loss 2.0370e+00 (1.6646e+00)	Acc@1  37.50 ( 40.64)	Acc@5  78.12 ( 88.59)
0: Epoch: [2][390/782]	Time  0.082 ( 0.097)	Data  0.000 ( 0.013)	Loss 1.7033e+00 (1.6651e+00)	Acc@1  50.00 ( 40.64)	Acc@5  87.50 ( 88.58)
0: Epoch: [2][400/782]	Time  0.085 ( 0.096)	Data  0.000 ( 0.013)	Loss 1.7387e+00 (1.6646e+00)	Acc@1  31.25 ( 40.65)	Acc@5  90.62 ( 88.60)
0: Epoch: [2][410/782]	Time  0.081 ( 0.096)	Data  0.000 ( 0.013)	Loss 1.5623e+00 (1.6635e+00)	Acc@1  28.12 ( 40.70)	Acc@5  93.75 ( 88.66)
0: Epoch: [2][420/782]	Time  0.087 ( 0.096)	Data  0.000 ( 0.013)	Loss 1.9697e+00 (1.6617e+00)	Acc@1  40.62 ( 40.81)	Acc@5  75.00 ( 88.67)
0: Epoch: [2][430/782]	Time  0.082 ( 0.096)	Data  0.000 ( 0.012)	Loss 1.6325e+00 (1.6595e+00)	Acc@1  46.88 ( 40.94)	Acc@5  93.75 ( 88.70)
0: Epoch: [2][440/782]	Time  0.087 ( 0.095)	Data  0.000 ( 0.012)	Loss 1.9861e+00 (1.6591e+00)	Acc@1  43.75 ( 40.96)	Acc@5  81.25 ( 88.65)
0: Epoch: [2][450/782]	Time  0.085 ( 0.095)	Data  0.000 ( 0.012)	Loss 1.
0: 7191e+00 (1.6572e+00)	Acc@1  40.62 ( 40.99)	Acc@5  87.50 ( 88.70)
0: Epoch: [2][460/782]	Time  0.083 ( 0.095)	Data  0.000 ( 0.012)	Loss 2.0018e+00 (1.6591e+00)	Acc@1  28.12 ( 40.94)	Acc@5  84.38 ( 88.69)
0: Epoch: [2][470/782]	Time  0.085 ( 0.095)	Data  0.000 ( 0.011)	Loss 1.3847e+00 (1.6587e+00)	Acc@1  40.62 ( 40.91)	Acc@5  90.62 ( 88.70)
0: Epoch: [2][480/782]	Time  0.083 ( 0.094)	Data  0.000 ( 0.011)	Loss 1.8237e+00 (1.6587e+00)	Acc@1  46.88 ( 40.93)	Acc@5  81.25 ( 88.64)
0: Epoch: [2][490/782]	Time  0.082 ( 0.094)	Data  0.000 ( 0.011)	Loss 1.6078e+00 (1.6556e+00)	Acc@1  50.00 ( 41.05)	Acc@5  84.38 ( 88.66)
0: Epoch: [2][500/782]	Time  0.085 ( 0.094)	Data  0.000 ( 0.011)	Loss 1.7399e+00 (1.6573e+00)	Acc@1  31.25 ( 41.07)	Acc@5  87.50 ( 88.60)
0: Epoch: [2][510/782]	Time  0.086 ( 0.094)	Data  0.000 ( 0.011)	Loss 1.5587e+00 (1.6569e+00)	Acc@1  40.62 ( 41.09)	Acc@5  93.75 ( 88.61)
0: Epoch: [2][520/782]	Time  0.077 ( 0.094)	Data  0.000 ( 0.011)	Loss 1.4142e+00 (1.6542e+00)	Acc@1  37.50 ( 41.11)	Acc@5  90.62 ( 88.68)
0: Epoch: [2][53
0: 0/782]	Time  0.085 ( 0.094)	Data  0.000 ( 0.010)	Loss 1.4278e+00 (1.6527e+00)	Acc@1  50.00 ( 41.13)	Acc@5  90.62 ( 88.69)
0: Epoch: [2][540/782]	Time  0.083 ( 0.093)	Data  0.000 ( 0.010)	Loss 1.3163e+00 (1.6517e+00)	Acc@1  50.00 ( 41.18)	Acc@5  96.88 ( 88.71)
0: Epoch: [2][550/782]	Time  0.082 ( 0.093)	Data  0.000 ( 0.010)	Loss 1.2564e+00 (1.6496e+00)	Acc@1  59.38 ( 41.28)	Acc@5 100.00 ( 88.79)
0: Epoch: [2][560/782]	Time  0.086 ( 0.093)	Data  0.000 ( 0.010)	Loss 1.7372e+00 (1.6507e+00)	Acc@1  28.12 ( 41.24)	Acc@5  90.62 ( 88.79)
0: Epoch: [2][570/782]	Time  0.081 ( 0.093)	Data  0.000 ( 0.010)	Loss 1.7436e+00 (1.6498e+00)	Acc@1  43.75 ( 41.33)	Acc@5  90.62 ( 88.78)
0: Epoch: [2][580/782]	Time  0.084 ( 0.093)	Data  0.000 ( 0.010)	Loss 1.7273e+00 (1.6493e+00)	Acc@1  37.50 ( 41.38)	Acc@5  81.25 ( 88.74)
0: Epoch: [2][590/782]	Time  0.083 ( 0.093)	Data  0.000 ( 0.009)	Loss 1.5808e+00 (1.6489e+00)	Acc@1  37.50 ( 41.37)	Acc@5  90.62 ( 88.79)
0: Epoch: [2][600/782]	Time  0.085 ( 0.093)	Data  0.000 ( 0.009)	Loss 1.5591e+00 (1.6483e+00)	A
0: cc@1  46.88 ( 41.39)	Acc@5 100.00 ( 88.81)
0: Epoch: [2][  0/782]	Time  4.586 ( 4.586)	Data  4.505 ( 4.505)	Loss 1.6157e+00 (1.6157e+00)	Acc@1  34.38 ( 34.38)	Acc@5  90.62 ( 90.62)
0: Epoch: [2][ 10/782]	Time  0.084 ( 0.494)	Data  0.000 ( 0.411)	Loss 1.9100e+00 (1.6051e+00)	Acc@1  25.00 ( 42.90)	Acc@5  78.12 ( 91.19)
0: Epoch: [2][ 20/782]	Time  0.082 ( 0.299)	Data  0.000 ( 0.216)	Loss 1.6974e+00 (1.6637e+00)	Acc@1  37.50 ( 40.33)	Acc@5  93.75 ( 90.18)
0: Epoch: [2][ 30/782]	Time  0.086 ( 0.230)	Data  0.000 ( 0.147)	Loss 1.6722e+00 (1.6878e+00)	Acc@1  31.25 ( 40.32)	Acc@5  87.50 ( 88.71)
0: Epoch: [2][ 40/782]	Time  0.088 ( 0.195)	Data  0.000 ( 0.112)	Loss 1.7129e+00 (1.6481e+00)	Acc@1  21.88 ( 41.08)	Acc@5  93.75 ( 88.80)
0: Epoch: [2][ 50/782]	Time  0.083 ( 0.173)	Data  0.000 ( 0.090)	Loss 1.5039e+00 (1.6371e+00)	Acc@1  50.00 ( 41.73)	Acc@5  90.62 ( 88.97)
0: Epoch: [2][ 60/782]	Time  0.089 ( 0.159)	Data  0.000 ( 0.075)	Loss 1.9724e+00 (1.6536e+00)	Acc@1  34.38 ( 41.50)	Acc@5  84.38 ( 88.58)
0: Epoch: [2][ 70/782]	Time  0.088 ( 0.148)	Data  0.000 ( 0.065)	Loss 2.0115e+00 (
0: 1.6633e+00)	Acc@1  21.88 ( 41.07)	Acc@5  75.00 ( 88.73)
0: Epoch: [2][ 80/782]	Time  0.082 ( 0.140)	Data  0.000 ( 0.057)	Loss 1.5816e+00 (1.6559e+00)	Acc@1  40.62 ( 41.67)	Acc@5  87.50 ( 89.00)
0: Epoch: [2][ 90/782]	Time  0.089 ( 0.134)	Data  0.000 ( 0.051)	Loss 2.0116e+00 (1.6608e+00)	Acc@1  25.00 ( 41.31)	Acc@5  84.38 ( 88.84)
0: Epoch: [2][100/782]	Time  0.084 ( 0.129)	Data  0.000 ( 0.046)	Loss 1.8203e+00 (1.6626e+00)	Acc@1  34.38 ( 41.40)	Acc@5  87.50 ( 88.80)
0: Epoch: [2][110/782]	Time  0.088 ( 0.125)	Data  0.000 ( 0.042)	Loss 2.0162e+00 (1.6650e+00)	Acc@1  25.00 ( 41.10)	Acc@5  84.38 ( 88.94)
0: Epoch: [2][120/782]	Time  0.083 ( 0.122)	Data  0.000 ( 0.039)	Loss 1.3507e+00 (1.6681e+00)	Acc@1  56.25 ( 41.04)	Acc@5  90.62 ( 88.82)
0: Epoch: [2][130/782]	Time  0.083 ( 0.119)	Data  0.000 ( 0.036)	Loss 1.6849e+00 (1.6665e+00)	Acc@1  43.75 ( 41.03)	Acc@5  90.62 ( 88.79)
0: Epoch: [2][140/782]	Time  0.088 ( 0.117)	Data  0.000 ( 0.033)	Loss 1.6968e+00 (1.6659e+00)	Acc@1  28.12 ( 40.74)	Acc@5  87.50 ( 88.76)
0: Epoch: [2][150/782]	Tim
0: e  0.083 ( 0.115)	Data  0.000 ( 0.031)	Loss 1.7764e+00 (1.6678e+00)	Acc@1  28.12 ( 40.73)	Acc@5  81.25 ( 88.72)
0: Epoch: [2][160/782]	Time  0.088 ( 0.113)	Data  0.000 ( 0.030)	Loss 1.4047e+00 (1.6676e+00)	Acc@1  43.75 ( 40.70)	Acc@5  90.62 ( 88.66)
0: Epoch: [2][170/782]	Time  0.080 ( 0.111)	Data  0.000 ( 0.028)	Loss 1.5534e+00 (1.6702e+00)	Acc@1  40.62 ( 40.50)	Acc@5  96.88 ( 88.76)
0: Epoch: [2][180/782]	Time  0.081 ( 0.110)	Data  0.000 ( 0.026)	Loss 1.7964e+00 (1.6668e+00)	Acc@1  31.25 ( 40.42)	Acc@5  87.50 ( 88.83)
0: Epoch: [2][190/782]	Time  0.087 ( 0.108)	Data  0.000 ( 0.025)	Loss 1.6881e+00 (1.6666e+00)	Acc@1  37.50 ( 40.48)	Acc@5  84.38 ( 88.81)
0: Epoch: [2][200/782]	Time  0.082 ( 0.107)	Data  0.000 ( 0.024)	Loss 1.7436e+00 (1.6658e+00)	Acc@1  34.38 ( 40.41)	Acc@5  81.25 ( 88.71)
0: Epoch: [2][210/782]	Time  0.082 ( 0.106)	Data  0.000 ( 0.023)	Loss 1.7759e+00 (1.6635e+00)	Acc@1  34.38 ( 40.52)	Acc@5  84.38 ( 88.79)
0: Epoch: [2][220/782]	Time  0.087 ( 0.105)	Data  0.000 ( 0.022)	Loss 1.5124e+00 (1.6630e+00)	Acc@1  50.0
0: 0 ( 40.43)	Acc@5  90.62 ( 88.83)
0: Epoch: [2][230/782]	Time  0.083 ( 0.104)	Data  0.000 ( 0.021)	Loss 1.6407e+00 (1.6648e+00)	Acc@1  40.62 ( 40.35)	Acc@5  87.50 ( 88.77)
0: Epoch: [2][240/782]	Time  0.082 ( 0.103)	Data  0.000 ( 0.020)	Loss 1.6768e+00 (1.6688e+00)	Acc@1  43.75 ( 40.18)	Acc@5  81.25 ( 88.64)
0: Epoch: [2][250/782]	Time  0.086 ( 0.103)	Data  0.000 ( 0.020)	Loss 1.8085e+00 (1.6698e+00)	Acc@1  43.75 ( 40.31)	Acc@5  81.25 ( 88.58)
0: Epoch: [2][260/782]	Time  0.084 ( 0.102)	Data  0.000 ( 0.019)	Loss 1.3524e+00 (1.6673e+00)	Acc@1  50.00 ( 40.45)	Acc@5  87.50 ( 88.70)
0: Epoch: [2][270/782]	Time  0.082 ( 0.101)	Data  0.000 ( 0.018)	Loss 1.7254e+00 (1.6625e+00)	Acc@1  37.50 ( 40.64)	Acc@5  87.50 ( 88.78)
0: Epoch: [2][280/782]	Time  0.086 ( 0.101)	Data  0.000 ( 0.018)	Loss 1.7051e+00 (1.6618e+00)	Acc@1  40.62 ( 40.81)	Acc@5  90.62 ( 88.78)
0: Epoch: [2][290/782]	Time  0.084 ( 0.100)	Data  0.000 ( 0.017)	Loss 1.6360e+00 (1.6591e+00)	Acc@1  46.88 ( 40.98)	Acc@5  87.50 ( 88.76)
0: Epoch: [2][300/782]	Time  0.082 ( 0.100)	Data 
0:  0.000 ( 0.017)	Loss 1.3027e+00 (1.6576e+00)	Acc@1  50.00 ( 41.06)	Acc@5  93.75 ( 88.76)
0: Epoch: [2][310/782]	Time  0.086 ( 0.099)	Data  0.000 ( 0.016)	Loss 1.5785e+00 (1.6568e+00)	Acc@1  40.62 ( 40.96)	Acc@5  90.62 ( 88.83)
0: Epoch: [2][320/782]	Time  0.088 ( 0.099)	Data  0.000 ( 0.016)	Loss 1.9786e+00 (1.6591e+00)	Acc@1  31.25 ( 40.81)	Acc@5  78.12 ( 88.75)
0: Epoch: [2][330/782]	Time  0.083 ( 0.098)	Data  0.000 ( 0.015)	Loss 1.8375e+00 (1.6597e+00)	Acc@1  43.75 ( 40.83)	Acc@5  71.88 ( 88.69)
0: Epoch: [2][340/782]	Time  0.085 ( 0.098)	Data  0.000 ( 0.015)	Loss 1.8407e+00 (1.6619e+00)	Acc@1  25.00 ( 40.75)	Acc@5  81.25 ( 88.65)
0: Epoch: [2][350/782]	Time  0.087 ( 0.098)	Data  0.000 ( 0.014)	Loss 1.6124e+00 (1.6598e+00)	Acc@1  34.38 ( 40.87)	Acc@5  93.75 ( 88.73)
0: Epoch: [2][360/782]	Time  0.085 ( 0.097)	Data  0.000 ( 0.014)	Loss 1.4045e+00 (1.6576e+00)	Acc@1  50.00 ( 40.86)	Acc@5  90.62 ( 88.76)
0: Epoch: [2][370/782]	Time  0.084 ( 0.097)	Data  0.000 ( 0.014)	Loss 1.8262e+00 (1.6566e+00)	Acc@1  34.38 ( 40.85)	Acc@5  93.75
0:  ( 88.78)
0: Epoch: [2][380/782]	Time  0.089 ( 0.097)	Data  0.000 ( 0.013)	Loss 1.8000e+00 (1.6562e+00)	Acc@1  43.75 ( 40.95)	Acc@5  78.12 ( 88.75)
0: Epoch: [2][390/782]	Time  0.082 ( 0.096)	Data  0.000 ( 0.013)	Loss 1.5134e+00 (1.6566e+00)	Acc@1  43.75 ( 41.01)	Acc@5  90.62 ( 88.69)
0: Epoch: [2][400/782]	Time  0.085 ( 0.096)	Data  0.000 ( 0.013)	Loss 1.6870e+00 (1.6561e+00)	Acc@1  34.38 ( 40.98)	Acc@5  84.38 ( 88.76)
0: Epoch: [2][410/782]	Time  0.087 ( 0.096)	Data  0.000 ( 0.013)	Loss 1.7645e+00 (1.6545e+00)	Acc@1  31.25 ( 40.96)	Acc@5  84.38 ( 88.75)
0: Epoch: [2][420/782]	Time  0.088 ( 0.096)	Data  0.000 ( 0.012)	Loss 2.0711e+00 (1.6536e+00)	Acc@1  31.25 ( 41.05)	Acc@5  81.25 ( 88.76)
0: Epoch: [2][430/782]	Time  0.088 ( 0.095)	Data  0.000 ( 0.012)	Loss 1.4784e+00 (1.6528e+00)	Acc@1  56.25 ( 41.05)	Acc@5  93.75 ( 88.78)
0: Epoch: [2][440/782]	Time  0.088 ( 0.095)	Data  0.000 ( 0.012)	Loss 1.6791e+00 (1.6506e+00)	Acc@1  31.25 ( 41.13)	Acc@5  87.50 ( 88.83)
0: Epoch: [2][450/782]	Time  0.085 ( 0.095)	Data  0.000 ( 0.012)	Loss 1.
0: 7666e+00 (1.6507e+00)	Acc@1  40.62 ( 41.10)	Acc@5  90.62 ( 88.84)
0: Epoch: [2][460/782]	Time  0.083 ( 0.095)	Data  0.000 ( 0.011)	Loss 1.5712e+00 (1.6510e+00)	Acc@1  46.88 ( 41.05)	Acc@5  96.88 ( 88.88)
0: Epoch: [2][470/782]	Time  0.084 ( 0.094)	Data  0.000 ( 0.011)	Loss 1.6849e+00 (1.6509e+00)	Acc@1  34.38 ( 41.11)	Acc@5  93.75 ( 88.87)
0: Epoch: [2][480/782]	Time  0.083 ( 0.094)	Data  0.000 ( 0.011)	Loss 1.7347e+00 (1.6510e+00)	Acc@1  31.25 ( 41.08)	Acc@5  90.62 ( 88.85)
0: Epoch: [2][490/782]	Time  0.082 ( 0.094)	Data  0.000 ( 0.011)	Loss 2.1130e+00 (1.6500e+00)	Acc@1  46.88 ( 41.21)	Acc@5  78.12 ( 88.83)
0: Epoch: [2][500/782]	Time  0.089 ( 0.094)	Data  0.000 ( 0.011)	Loss 1.7443e+00 (1.6497e+00)	Acc@1  43.75 ( 41.19)	Acc@5  78.12 ( 88.82)
0: Epoch: [2][510/782]	Time  0.086 ( 0.094)	Data  0.000 ( 0.010)	Loss 1.5008e+00 (1.6479e+00)	Acc@1  34.38 ( 41.29)	Acc@5  90.62 ( 88.81)
0: Epoch: [2][520/782]	Time  0.084 ( 0.093)	Data  0.000 ( 0.010)	Loss 1.3605e+00 (1.6470e+00)	Acc@1  53.12 ( 41.36)	Acc@5  87.50 ( 88.82)
0: Epoch: [2][53
0: 0/782]	Time  0.084 ( 0.093)	Data  0.000 ( 0.010)	Loss 1.6484e+00 (1.6462e+00)	Acc@1  40.62 ( 41.40)	Acc@5  90.62 ( 88.79)
0: Epoch: [2][540/782]	Time  0.082 ( 0.093)	Data  0.000 ( 0.010)	Loss 1.6474e+00 (1.6466e+00)	Acc@1  43.75 ( 41.39)	Acc@5  90.62 ( 88.79)
0: Epoch: [2][550/782]	Time  0.081 ( 0.093)	Data  0.000 ( 0.010)	Loss 1.5954e+00 (1.6459e+00)	Acc@1  37.50 ( 41.44)	Acc@5  90.62 ( 88.83)
0: Epoch: [2][560/782]	Time  0.087 ( 0.093)	Data  0.000 ( 0.010)	Loss 1.3795e+00 (1.6446e+00)	Acc@1  59.38 ( 41.47)	Acc@5  93.75 ( 88.89)
0: Epoch: [2][570/782]	Time  0.086 ( 0.093)	Data  0.000 ( 0.010)	Loss 1.7013e+00 (1.6443e+00)	Acc@1  40.62 ( 41.45)	Acc@5  84.38 ( 88.89)
0: Epoch: [2][580/782]	Time  0.087 ( 0.093)	Data  0.000 ( 0.009)	Loss 2.1097e+00 (1.6456e+00)	Acc@1  34.38 ( 41.44)	Acc@5  84.38 ( 88.93)
0: Epoch: [2][590/782]	Time  0.088 ( 0.092)	Data  0.000 ( 0.009)	Loss 2.0159e+00 (1.6467e+00)	Acc@1  28.12 ( 41.40)	Acc@5  81.25 ( 88.88)
0: Epoch: [2][600/782]	Time  0.085 ( 0.092)	Data  0.000 ( 0.009)	Loss 2.0554e+00 (1.6476e+00)	A
0: cc@1  37.50 ( 41.47)	Acc@5  84.38 ( 88.85)
0: 
0: Epoch: [2][610/782]	Time  0.085 ( 0.092)	Data  0.000 ( 0.009)	Loss 1.6886e+00 (1.6473e+00)	Acc@1  37.50 ( 41.53)	Acc@5  90.62 ( 88.85)
0: Epoch: [2][620/782]	Time  0.083 ( 0.092)	Data  0.000 ( 0.009)	Loss 1.9722e+00 (1.6474e+00)	Acc@1  40.62 ( 41.54)	Acc@5  84.38 ( 88.85)
0: Epoch: [2][630/782]	Time  0.081 ( 0.092)	Data  0.000 ( 0.009)	Loss 1.3241e+00 (1.6453e+00)	Acc@1  56.25 ( 41.58)	Acc@5  93.75 ( 88.88)
0: Epoch: [2][640/782]	Time  0.086 ( 0.092)	Data  0.000 ( 0.009)	Loss 1.2871e+00 (1.6441e+00)	Acc@1  62.50 ( 41.64)	Acc@5  96.88 ( 88.93)
0: Epoch: [2][650/782]	Time  0.088 ( 0.092)	Data  0.000 ( 0.009)	Loss 1.3742e+00 (1.6435e+00)	Acc@1  46.88 ( 41.62)	Acc@5  87.50 ( 88.90)
0: Epoch: [2][660/782]	Time  0.088 ( 0.092)	Data  0.000 ( 0.008)	Loss 1.3875e+00 (1.6423e+00)	Acc@1  56.25 ( 41.65)	Acc@5  87.50 ( 88.93)
0: Epoch: [2][670/782]	Time  0.083 ( 0.092)	Data  0.000 ( 0.008)	Loss 1.4351e+00 (1.6418e+00)	Acc@1  37.50 ( 41.65)	Acc@5  90.62 ( 88.88)
0: Epoch: [2][680/782]	Time  0.079 ( 0.091)	Data  0.000 ( 0.008)	Loss 1.8696e+00 
0: (1.6406e+00)	Acc@1  28.12 ( 41.70)	Acc@5  81.25 ( 88.90)
0: Epoch: [2][690/782]	Time  0.089 ( 0.091)	Data  0.000 ( 0.008)	Loss 1.5093e+00 (1.6400e+00)	Acc@1  43.75 ( 41.71)	Acc@5  87.50 ( 88.90)
0: Epoch: [2][700/782]	Time  0.081 ( 0.091)	Data  0.000 ( 0.008)	Loss 2.1132e+00 (1.6408e+00)	Acc@1  15.62 ( 41.67)	Acc@5  84.38 ( 88.87)
0: Epoch: [2][710/782]	Time  0.087 ( 0.091)	Data  0.000 ( 0.008)	Loss 1.3593e+00 (1.6396e+00)	Acc@1  53.12 ( 41.70)	Acc@5  93.75 ( 88.92)
0: Epoch: [2][720/782]	Time  0.088 ( 0.091)	Data  0.000 ( 0.008)	Loss 1.6083e+00 (1.6401e+00)	Acc@1  43.75 ( 41.65)	Acc@5  87.50 ( 88.93)
0: Epoch: [2][730/782]	Time  0.083 ( 0.091)	Data  0.000 ( 0.008)	Loss 1.7413e+00 (1.6411e+00)	Acc@1  34.38 ( 41.60)	Acc@5  84.38 ( 88.90)
0: Epoch: [2][740/782]	Time  0.082 ( 0.091)	Data  0.000 ( 0.008)	Loss 1.4244e+00 (1.6407e+00)	Acc@1  40.62 ( 41.59)	Acc@5  96.88 ( 88.93)
0: Epoch: [2][750/782]	Time  0.088 ( 0.091)	Data  0.000 ( 0.008)	Loss 1.2952e+00 (1.6402e+00)	Acc@1  43.75 ( 41.57)	Acc@5  96.88 ( 88.94)
0: Epoch: [2][760/782]	Ti
0: me  0.081 ( 0.091)	Data  0.000 ( 0.008)	Loss 1.6166e+00 (1.6401e+00)	Acc@1  40.62 ( 41.59)	Acc@5  87.50 ( 88.94)
0: Epoch: [2][770/782]	Time  0.086 ( 0.091)	Data  0.000 ( 0.008)	Loss 1.7135e+00 (1.6394e+00)	Acc@1  34.38 ( 41.60)	Acc@5  93.75 ( 88.97)
0: Epoch: [2][780/782]	Time  0.087 ( 0.091)	Data  0.000 ( 0.007)	Loss 1.4801e+00 (1.6384e+00)	Acc@1  56.25 ( 41.64)	Acc@5  90.62 ( 89.01)
0: 
0: Epoch: [2][610/782]	Time  0.085 ( 0.092)	Data  0.000 ( 0.009)	Loss 1.6733e+00 (1.6471e+00)	Acc@1  34.38 ( 41.43)	Acc@5  90.62 ( 88.81)
0: Epoch: [2][620/782]	Time  0.083 ( 0.092)	Data  0.000 ( 0.009)	Loss 1.5213e+00 (1.6466e+00)	Acc@1  34.38 ( 41.42)	Acc@5  96.88 ( 88.82)
0: Epoch: [2][630/782]	Time  0.082 ( 0.092)	Data  0.000 ( 0.009)	Loss 1.7990e+00 (1.6441e+00)	Acc@1  46.88 ( 41.55)	Acc@5  81.25 ( 88.85)
0: Epoch: [2][640/782]	Time  0.086 ( 0.092)	Data  0.000 ( 0.009)	Loss 1.6197e+00 (1.6451e+00)	Acc@1  34.38 ( 41.51)	Acc@5  90.62 ( 88.84)
0: Epoch: [2][650/782]	Time  0.082 ( 0.092)	Data  0.000 ( 0.009)	Loss 1.8635e+00 (1.6449e+00)	Acc@1  25.00 ( 41.52)	Acc@5  78.12 ( 88.82)
0: Epoch: [2][660/782]	Time  0.088 ( 0.092)	Data  0.000 ( 0.009)	Loss 1.4023e+00 (1.6439e+00)	Acc@1  43.75 ( 41.54)	Acc@5 100.00 ( 88.82)
0: Epoch: [2][670/782]	Time  0.084 ( 0.092)	Data  0.000 ( 0.009)	Loss 1.7788e+00 (1.6432e+00)	Acc@1  40.62 ( 41.56)	Acc@5  87.50 ( 88.84)
0: Epoch: [2][680/782]	Time  0.088 ( 0.092)	Data  0.000 ( 0.008)	Loss 1.2692e+00 
0: (1.6430e+00)	Acc@1  56.25 ( 41.60)	Acc@5  93.75 ( 88.82)
0: Epoch: [2][690/782]	Time  0.084 ( 0.092)	Data  0.000 ( 0.008)	Loss 1.5901e+00 (1.6423e+00)	Acc@1  46.88 ( 41.65)	Acc@5  87.50 ( 88.83)
0: Epoch: [2][700/782]	Time  0.083 ( 0.091)	Data  0.000 ( 0.008)	Loss 1.5979e+00 (1.6416e+00)	Acc@1  50.00 ( 41.68)	Acc@5  93.75 ( 88.84)
0: Epoch: [2][710/782]	Time  0.086 ( 0.091)	Data  0.000 ( 0.008)	Loss 1.5985e+00 (1.6422e+00)	Acc@1  43.75 ( 41.69)	Acc@5  93.75 ( 88.86)
0: Epoch: [2][720/782]	Time  0.087 ( 0.091)	Data  0.000 ( 0.008)	Loss 1.5107e+00 (1.6420e+00)	Acc@1  46.88 ( 41.70)	Acc@5  96.88 ( 88.87)
0: Epoch: [2][730/782]	Time  0.083 ( 0.091)	Data  0.000 ( 0.008)	Loss 1.7050e+00 (1.6406e+00)	Acc@1  37.50 ( 41.78)	Acc@5  90.62 ( 88.90)
0: Epoch: [2][740/782]	Time  0.081 ( 0.091)	Data  0.000 ( 0.008)	Loss 1.4771e+00 (1.6408e+00)	Acc@1  40.62 ( 41.71)	Acc@5  93.75 ( 88.90)
0: Epoch: [2][750/782]	Time  0.083 ( 0.091)	Data  0.000 ( 0.008)	Loss 1.4420e+00 (1.6394e+00)	Acc@1  43.75 ( 41.75)	Acc@5  93.75 ( 88.93)
0: Epoch: [2][760/782]	Ti
0: me  0.082 ( 0.091)	Data  0.000 ( 0.008)	Loss 1.7065e+00 (1.6405e+00)	Acc@1  43.75 ( 41.72)	Acc@5  90.62 ( 88.90)
0: Epoch: [2][770/782]	Time  0.085 ( 0.091)	Data  0.000 ( 0.008)	Loss 1.6573e+00 (1.6408e+00)	Acc@1  31.25 ( 41.70)	Acc@5  87.50 ( 88.89)
0: Epoch: [2][780/782]	Time  0.087 ( 0.091)	Data  0.000 ( 0.008)	Loss 1.8538e+00 (1.6409e+00)	Acc@1  28.12 ( 41.67)	Acc@5  93.75 ( 88.92)
0: Test: [  0/313]	Time  2.372 ( 2.372)	Loss 1.3736e+00 (1.3736e+00)	Acc@1  37.50 ( 37.50)	Acc@5  93.75 ( 93.75)
0: Test: [ 10/313]	Time  0.019 ( 0.233)	Loss 1.4096e+00 (1.6452e+00)	Acc@1  50.00 ( 43.47)	Acc@5  90.62 ( 90.62)
0: Test: [ 20/313]	Time  0.019 ( 0.131)	Loss 1.3295e+00 (1.5800e+00)	Acc@1  43.75 ( 44.49)	Acc@5 100.00 ( 91.52)
0: Test: [ 30/313]	Time  0.019 ( 0.095)	Loss 1.4037e+00 (1.5830e+00)	Acc@1  50.00 ( 44.76)	Acc@5  87.50 ( 91.13)
0: Test: [ 40/313]	Time  0.019 ( 0.076)	Loss 1.8667e+00 (1.5839e+00)	Acc@1  34.38 ( 45.27)	Acc@5  87.50 ( 90.55)
0: Test: [ 50/313]	Time  0.019 ( 0.065)	Loss 1.8155e+00 (1.5729e+00)	Acc@1  31.25 ( 44.06)	Acc@5  87.50 ( 90.69)
0: Test: [ 60/313]	Time  0.019 ( 0.058)	Loss 1.7042e+00 (1.5742e+00)	Acc@1  37.50 ( 44.16)	Acc@5  90.62 ( 90.57)
0: Test: [ 70/313]	Time  0.019 ( 0.052)	Loss 1.6040e+00 (1.5752e+00)	Acc@1  34.38 ( 43.66)	Acc@5  87.50 ( 90.49)
0: Test: [ 80/313]	Time  0.021 ( 0.048)	Loss 1.7562e+00 (1.5802e+00)	Acc@1  37.50 ( 43.44)	Acc@5  93.75 ( 90.47)
0: Test: [ 90/313]	Time  0.019 ( 0.04
0: 5)	Loss 1.8793e+00 (1.5932e+00)	Acc@1  37.50 ( 43.03)	Acc@5  87.50 ( 90.52)
0: Test: [100/313]	Time  0.019 ( 0.042)	Loss 1.9561e+00 (1.5921e+00)	Acc@1  28.12 ( 43.44)	Acc@5  87.50 ( 90.66)
0: Test: [110/313]	Time  0.019 ( 0.040)	Loss 1.5987e+00 (1.5859e+00)	Acc@1  53.12 ( 43.78)	Acc@5  84.38 ( 90.79)
0: Test: [120/313]	Time  0.019 ( 0.038)	Loss 1.4943e+00 (1.5832e+00)	Acc@1  43.75 ( 43.98)	Acc@5  90.62 ( 90.73)
0: Test: [130/313]	Time  0.019 ( 0.037)	Loss 1.3832e+00 (1.5839e+00)	Acc@1  40.62 ( 43.99)	Acc@5  93.75 ( 90.70)
0: Test: [140/313]	Time  0.019 ( 0.036)	Loss 1.5386e+00 (1.5851e+00)	Acc@1  43.75 ( 44.17)	Acc@5  96.88 ( 90.82)
0: Test: [150/313]	Time  0.019 ( 0.034)	Loss 1.6197e+00 (1.5848e+00)	Acc@1  40.62 ( 44.43)	Acc@5  81.25 ( 90.89)
0: Test: [160/313]	Time  0.019 ( 0.033)	Loss 1.5960e+00 (1.5868e+00)	Acc@1  50.00 ( 44.41)	Acc@5  87.50 ( 90.92)
0: Test: [170/313]	Time  0.019 ( 0.033)	Loss 2.3709e+00 (1.5917e+00)	Acc@1  34.38 ( 44.26)	Acc@5  78.12 ( 90.83)
0: Test: [180/313]	Time  0.019 ( 0.032)	Loss 1.2972e+00 (1.5925e+00)	Ac
0: c@1  65.62 ( 44.54)	Acc@5  93.75 ( 90.90)
0: Test: [190/313]	Time  0.019 ( 0.031)	Loss 1.2657e+00 (1.5922e+00)	Acc@1  59.38 ( 44.50)	Acc@5 100.00 ( 91.05)
0: Test: [200/313]	Time  0.019 ( 0.031)	Loss 1.7020e+00 (1.5962e+00)	Acc@1  31.25 ( 44.33)	Acc@5  90.62 ( 91.04)
0: Test: [210/313]	Time  0.019 ( 0.030)	Loss 1.3541e+00 (1.5952e+00)	Acc@1  56.25 ( 44.43)	Acc@5  93.75 ( 91.04)
0: Test: [220/313]	Time  0.019 ( 0.029)	Loss 1.5762e+00 (1.6020e+00)	Acc@1  43.75 ( 44.27)	Acc@5  87.50 ( 91.01)
0: Test: [230/313]	Time  0.019 ( 0.029)	Loss 1.5134e+00 (1.6002e+00)	Acc@1  53.12 ( 44.41)	Acc@5  90.62 ( 91.06)
0: Test: [240/313]	Time  0.019 ( 0.029)	Loss 1.3237e+00 (1.5979e+00)	Acc@1  59.38 ( 44.41)	Acc@5  93.75 ( 90.99)
0: Test: [250/313]	Time  0.019 ( 0.028)	Loss 1.3308e+00 (1.5973e+00)	Acc@1  50.00 ( 44.51)	Acc@5  93.75 ( 91.01)
0: Test: [260/313]	Time  0.019 ( 0.028)	Loss 1.6504e+00 (1.6005e+00)	Acc@1  46.88 ( 44.56)	Acc@5  90.62 ( 90.91)
0: Test: [270/313]	Time  0.019 ( 0.028)	Loss 1.6493e+00 (1.6044e+00)	Acc@1  31.25 ( 44.46)	Acc@5  93.75 (
0:  90.91)
0: Test: [280/313]	Time  0.019 ( 0.027)	Loss 1.8710e+00 (1.6084e+00)	Acc@1  43.75 ( 44.46)	Acc@5  90.62 ( 90.93)
0: Test: [290/313]	Time  0.019 ( 0.027)	Loss 1.9490e+00 (1.6052e+00)	Acc@1  28.12 ( 44.54)	Acc@5  84.38 ( 90.90)
0: Test: [300/313]	Time  0.019 ( 0.027)	Loss 1.3420e+00 (1.6064e+00)	Acc@1  50.00 ( 44.55)	Acc@5  90.62 ( 90.84)
0: Test: [310/313]	Time  0.018 ( 0.026)	Loss 1.4251e+00 (1.6099e+00)	Acc@1  56.25 ( 44.46)	Acc@5  96.88 ( 90.77)
0:  * Acc@1 44.430 Acc@5 90.750
0: Epoch 2/3 - 79.484s
0: Steps per epoch: 782
0: Validation steps per epoch: 313
0: Average time per epoch: 81.144 s
0: Test: [  0/313]	Time  2.397 ( 2.397)	Loss 1.3736e+00 (1.3736e+00)	Acc@1  37.50 ( 37.50)	Acc@5  93.75 ( 93.75)
0: Test: [ 10/313]	Time  0.020 ( 0.236)	Loss 1.4096e+00 (1.6452e+00)	Acc@1  50.00 ( 43.47)	Acc@5  90.62 ( 90.62)
0: Test: [ 20/313]	Time  0.019 ( 0.133)	Loss 1.3295e+00 (1.5800e+00)	Acc@1  43.75 ( 44.49)	Acc@5 100.00 ( 91.52)
0: Test: [ 30/313]	Time  0.019 ( 0.096)	Loss 1.4037e+00 (1.5830e+00)	Acc@1  50.00 ( 44.76)	Acc@5  87.50 ( 91.13)
0: Test: [ 40/313]	Time  0.019 ( 0.077)	Loss 1.8667e+00 (1.5839e+00)	Acc@1  34.38 ( 45.27)	Acc@5  87.50 ( 90.55)
0: Test: [ 50/313]	Time  0.020 ( 0.066)	Loss 1.8155e+00 (1.5729e+00)	Acc@1  31.25 ( 44.06)	Acc@5  87.50 ( 90.69)
0: Test: [ 60/313]	Time  0.019 ( 0.058)	Loss 1.7042e+00 (1.5742e+00)	Acc@1  37.50 ( 44.16)	Acc@5  90.62 ( 90.57)
0: Test: [ 70/313]	Time  0.019 ( 0.053)	Loss 1.6040e+00 (1.5752e+00)	Acc@1  34.38 ( 43.66)	Acc@5  87.50 ( 90.49)
0: Test: [ 80/313]	Time  0.019 ( 0.049)	Loss 1.7562e+00 (1.5802e+00)	Acc@1  37.50 ( 43.44)	Acc@5  93.75 ( 90.47)
0: Test: [ 90/313]	Time  0.019 ( 0.04
0: 5)	Loss 1.8793e+00 (1.5932e+00)	Acc@1  37.50 ( 43.03)	Acc@5  87.50 ( 90.52)
0: Test: [100/313]	Time  0.019 ( 0.043)	Loss 1.9561e+00 (1.5921e+00)	Acc@1  28.12 ( 43.44)	Acc@5  87.50 ( 90.66)
0: Test: [110/313]	Time  0.019 ( 0.041)	Loss 1.5987e+00 (1.5859e+00)	Acc@1  53.12 ( 43.78)	Acc@5  84.38 ( 90.79)
0: Test: [120/313]	Time  0.019 ( 0.039)	Loss 1.4943e+00 (1.5832e+00)	Acc@1  43.75 ( 43.98)	Acc@5  90.62 ( 90.73)
0: Test: [130/313]	Time  0.019 ( 0.037)	Loss 1.3832e+00 (1.5839e+00)	Acc@1  40.62 ( 43.99)	Acc@5  93.75 ( 90.70)
0: Test: [140/313]	Time  0.019 ( 0.036)	Loss 1.5386e+00 (1.5851e+00)	Acc@1  43.75 ( 44.17)	Acc@5  96.88 ( 90.82)
0: Test: [150/313]	Time  0.019 ( 0.035)	Loss 1.6197e+00 (1.5848e+00)	Acc@1  40.62 ( 44.43)	Acc@5  81.25 ( 90.89)
0: Test: [160/313]	Time  0.024 ( 0.034)	Loss 1.5960e+00 (1.5868e+00)	Acc@1  50.00 ( 44.41)	Acc@5  87.50 ( 90.92)
0: Test: [170/313]	Time  0.019 ( 0.033)	Loss 2.3709e+00 (1.5917e+00)	Acc@1  34.38 ( 44.26)	Acc@5  78.12 ( 90.83)
0: Test: [180/313]	Time  0.019 ( 0.033)	Loss 1.2972e+00 (1.5925e+00)	Ac
0: c@1  65.62 ( 44.54)	Acc@5  93.75 ( 90.90)
0: Test: [190/313]	Time  0.019 ( 0.032)	Loss 1.2657e+00 (1.5922e+00)	Acc@1  59.38 ( 44.50)	Acc@5 100.00 ( 91.05)
0: Test: [200/313]	Time  0.019 ( 0.031)	Loss 1.7020e+00 (1.5962e+00)	Acc@1  31.25 ( 44.33)	Acc@5  90.62 ( 91.04)
0: Test: [210/313]	Time  0.019 ( 0.031)	Loss 1.3541e+00 (1.5952e+00)	Acc@1  56.25 ( 44.43)	Acc@5  93.75 ( 91.04)
0: Test: [220/313]	Time  0.019 ( 0.030)	Loss 1.5762e+00 (1.6020e+00)	Acc@1  43.75 ( 44.27)	Acc@5  87.50 ( 91.01)
0: Test: [230/313]	Time  0.019 ( 0.030)	Loss 1.5134e+00 (1.6002e+00)	Acc@1  53.12 ( 44.41)	Acc@5  90.62 ( 91.06)
0: Test: [240/313]	Time  0.019 ( 0.029)	Loss 1.3237e+00 (1.5979e+00)	Acc@1  59.38 ( 44.41)	Acc@5  93.75 ( 90.99)
0: Test: [250/313]	Time  0.019 ( 0.029)	Loss 1.3308e+00 (1.5973e+00)	Acc@1  50.00 ( 44.51)	Acc@5  93.75 ( 91.01)
0: Test: [260/313]	Time  0.019 ( 0.028)	Loss 1.6504e+00 (1.6005e+00)	Acc@1  46.88 ( 44.56)	Acc@5  90.62 ( 90.91)
0: Test: [270/313]	Time  0.019 ( 0.028)	Loss 1.6493e+00 (1.6044e+00)	Acc@1  31.25 ( 44.46)	Acc@5  93.75 (
0:  90.91)
0: Test: [280/313]	Time  0.019 ( 0.028)	Loss 1.8710e+00 (1.6084e+00)	Acc@1  43.75 ( 44.46)	Acc@5  90.62 ( 90.93)
0: Test: [290/313]	Time  0.019 ( 0.027)	Loss 1.9490e+00 (1.6052e+00)	Acc@1  28.12 ( 44.54)	Acc@5  84.38 ( 90.90)
0: Test: [300/313]	Time  0.019 ( 0.027)	Loss 1.3420e+00 (1.6064e+00)	Acc@1  50.00 ( 44.55)	Acc@5  90.62 ( 90.84)
0: Test: [310/313]	Time  0.019 ( 0.027)	Loss 1.4251e+00 (1.6099e+00)	Acc@1  56.25 ( 44.46)	Acc@5  96.88 ( 90.77)
0:  * Acc@1 44.430 Acc@5 90.750
0: Epoch 2/3 - 79.499s
0: Steps per epoch: 782
0: Validation steps per epoch: 313
0: Average time per epoch: 81.197 s
0: --- 248.28944301605225 seconds ---
ELAPSED: 250 seconds
End at Mon Feb  1 00:22:10 EET 2021
