WORKERS: "gpu03-ib:5555"
Start at Wed Jan 27 00:42:09 EET 2021
CUDA_VISIBLE_DEVICES: 0
Running on hosts: gpu03
Running on 1 nodes.
Running 1 tasks per node
Job id is 1082600
0: => creating model 'resnet50'
0: Epoch: [0][   0/1563]	Time  3.079 ( 3.079)	Data  0.399 ( 0.399)	Loss 7.1261e+00 (7.1261e+00)	Acc@1   0.00 (  0.00)	Acc@5   0.00 (  0.00)
0: Epoch: [0][1562/1563]	Time  1.781 ( 0.080)	Data  0.000 ( 0.000)	Loss 1.8973e+00 (2.1537e+00)	Acc@1  37.50 ( 28.30)	Acc@5  87.50 ( 77.90)
0: Test: [  0/313]	Time  0.176 ( 0.176)	Loss 2.1879e+00 (2.1879e+00)	Acc@1  31.25 ( 31.25)	Acc@5  93.75 ( 93.75)
0: Test: [312/313]	Time  0.019 ( 0.022)	Loss 1.4352e+00 (1.9841e+00)	Acc@1  31.25 ( 36.00)	Acc@5 100.00 ( 85.74)
0:  * Acc@1 36.000 Acc@5 85.740
0: Time per epoch: 132.098 s
0: Epoch: [1][   0/1563]	Time  0.237 ( 0.237)	Data  0.130 ( 0.130)	Loss 1.8601e+00 (1.8601e+00)	Acc@1  28.12 ( 28.12)	Acc@5  84.38 ( 84.38)
0: Epoch: [1][1562/1563]	Time  0.074 ( 0.077)	Data  0.000 ( 0.000)	Loss 1.9804e+00 (1.7062e+00)	Acc@1  12.50 ( 40.61)	Acc@5 100.00 ( 88.45)
0: Test: [  0/313]	Time  0.174 ( 0.174)	Loss 1.4163e+00 (1.4163e+00)	Acc@1  53.12 ( 53.12)	Acc@5  90.62 ( 90.62)
0: Test: [312/313]	Time  0.019 ( 0.022)	Loss 1.5171e+00 (1.5754e+00)	Acc@1  31.25 ( 45.35)	Acc@5  93.75 ( 91.75)
0:  * Acc@1 45.350 Acc@5 91.750
0: Time per epoch: 127.499 s
0: Epoch: [2][   0/1563]	Time  0.221 ( 0.221)	Data  0.136 ( 0.136)	Loss 1.3991e+00 (1.3991e+00)	Acc@1  50.00 ( 50.00)	Acc@5  90.62 ( 90.62)
0: Epoch: [2][1562/1563]	Time  0.074 ( 0.077)	Data  0.000 ( 0.000)	Loss 1.7046e+00 (1.4920e+00)	Acc@1  43.75 ( 47.48)	Acc@5  87.50 ( 92.01)
0: Test: [  0/313]	Time  0.186 ( 0.186)	Loss 1.2360e+00 (1.2360e+00)	Acc@1  53.12 ( 53.12)	Acc@5  96.88 ( 96.88)
0: Test: [312/313]	Time  0.021 ( 0.022)	Loss 1.4143e+00 (1.5703e+00)	Acc@1  43.75 ( 48.77)	Acc@5  93.75 ( 92.15)
0:  * Acc@1 48.770 Acc@5 92.150
0: Time per epoch: 128.197 s
0: Epoch: [3][   0/1563]	Time  0.235 ( 0.235)	Data  0.140 ( 0.140)	Loss 1.6541e+00 (1.6541e+00)	Acc@1  40.62 ( 40.62)	Acc@5  87.50 ( 87.50)
0: Epoch: [3][1562/1563]	Time  0.071 ( 0.077)	Data  0.000 ( 0.000)	Loss 1.0712e+00 (1.3602e+00)	Acc@1  68.75 ( 52.09)	Acc@5 100.00 ( 93.68)
0: Test: [  0/313]	Time  0.172 ( 0.172)	Loss 8.9803e-01 (8.9803e-01)	Acc@1  65.62 ( 65.62)	Acc@5  96.88 ( 96.88)
0: Test: [312/313]	Time  0.019 ( 0.022)	Loss 1.0541e+00 (1.3377e+00)	Acc@1  50.00 ( 52.47)	Acc@5 100.00 ( 93.87)
0:  * Acc@1 52.470 Acc@5 93.870
0: Time per epoch: 128.166 s
0: Epoch: [4][   0/1563]	Time  0.230 ( 0.230)	Data  0.140 ( 0.140)	Loss 1.1644e+00 (1.1644e+00)	Acc@1  50.00 ( 50.00)	Acc@5 100.00 (100.00)
0: Epoch: [4][1562/1563]	Time  0.073 ( 0.077)	Data  0.000 ( 0.000)	Loss 1.7118e+00 (1.2520e+00)	Acc@1  50.00 ( 56.34)	Acc@5  93.75 ( 94.82)
0: Test: [  0/313]	Time  0.167 ( 0.167)	Loss 1.0376e+00 (1.0376e+00)	Acc@1  68.75 ( 68.75)	Acc@5  96.88 ( 96.88)
0: Test: [312/313]	Time  0.019 ( 0.022)	Loss 8.7175e-01 (1.2859e+00)	Acc@1  62.50 ( 54.72)	Acc@5 100.00 ( 94.34)
0:  * Acc@1 54.720 Acc@5 94.340
0: Time per epoch: 127.326 s
0: Epoch: [5][   0/1563]	Time  0.229 ( 0.229)	Data  0.131 ( 0.131)	Loss 1.2142e+00 (1.2142e+00)	Acc@1  59.38 ( 59.38)	Acc@5  93.75 ( 93.75)
0: Epoch: [5][1562/1563]	Time  0.070 ( 0.077)	Data  0.000 ( 0.000)	Loss 1.2428e+00 (1.1508e+00)	Acc@1  62.50 ( 59.77)	Acc@5  93.75 ( 95.69)
0: Test: [  0/313]	Time  0.186 ( 0.186)	Loss 1.0710e+00 (1.0710e+00)	Acc@1  68.75 ( 68.75)	Acc@5 100.00 (100.00)
0: Test: [312/313]	Time  0.019 ( 0.022)	Loss 9.1357e-01 (1.2522e+00)	Acc@1  50.00 ( 56.84)	Acc@5 100.00 ( 94.98)
0:  * Acc@1 56.840 Acc@5 94.980
0: Time per epoch: 127.362 s
0: Epoch: [6][   0/1563]	Time  0.227 ( 0.227)	Data  0.129 ( 0.129)	Loss 7.9477e-01 (7.9477e-01)	Acc@1  75.00 ( 75.00)	Acc@5 100.00 (100.00)
0: Epoch: [6][1562/1563]	Time  0.070 ( 0.077)	Data  0.000 ( 0.000)	Loss 1.3556e+00 (1.0562e+00)	Acc@1  50.00 ( 63.32)	Acc@5  87.50 ( 96.52)
0: Test: [  0/313]	Time  0.163 ( 0.163)	Loss 7.8379e-01 (7.8379e-01)	Acc@1  78.12 ( 78.12)	Acc@5  96.88 ( 96.88)
0: Test: [312/313]	Time  0.019 ( 0.022)	Loss 8.3226e-01 (1.2150e+00)	Acc@1  62.50 ( 58.23)	Acc@5 100.00 ( 95.31)
0:  * Acc@1 58.230 Acc@5 95.310
0: Time per epoch: 127.460 s
0: Epoch: [7][   0/1563]	Time  0.228 ( 0.228)	Data  0.144 ( 0.144)	Loss 7.8504e-01 (7.8504e-01)	Acc@1  75.00 ( 75.00)	Acc@5  96.88 ( 96.88)
0: Epoch: [7][1562/1563]	Time  0.077 ( 0.077)	Data  0.000 ( 0.000)	Loss 9.9983e-01 (9.6330e-01)	Acc@1  50.00 ( 66.82)	Acc@5  93.75 ( 97.25)
0: Test: [  0/313]	Time  0.177 ( 0.177)	Loss 9.1674e-01 (9.1674e-01)	Acc@1  65.62 ( 65.62)	Acc@5 100.00 (100.00)
0: Test: [312/313]	Time  0.019 ( 0.022)	Loss 8.0369e-01 (1.2683e+00)	Acc@1  68.75 ( 58.21)	Acc@5 100.00 ( 95.01)
0:  * Acc@1 58.210 Acc@5 95.010
0: Time per epoch: 127.307 s
0: Epoch: [8][   0/1563]	Time  0.231 ( 0.231)	Data  0.136 ( 0.136)	Loss 5.6501e-01 (5.6501e-01)	Acc@1  81.25 ( 81.25)	Acc@5 100.00 (100.00)
0: Epoch: [8][1562/1563]	Time  0.071 ( 0.077)	Data  0.000 ( 0.000)	Loss 1.1154e+00 (8.7617e-01)	Acc@1  75.00 ( 69.59)	Acc@5  87.50 ( 97.89)
0: Test: [  0/313]	Time  0.180 ( 0.180)	Loss 6.8741e-01 (6.8741e-01)	Acc@1  75.00 ( 75.00)	Acc@5  96.88 ( 96.88)
0: Test: [312/313]	Time  0.019 ( 0.022)	Loss 1.2498e+00 (1.1906e+00)	Acc@1  43.75 ( 59.80)	Acc@5 100.00 ( 95.37)
0:  * Acc@1 59.800 Acc@5 95.370
0: Time per epoch: 127.472 s
0: Epoch: [9][   0/1563]	Time  0.226 ( 0.226)	Data  0.133 ( 0.133)	Loss 7.3918e-01 (7.3918e-01)	Acc@1  81.25 ( 81.25)	Acc@5  96.88 ( 96.88)
0: Epoch: [9][1562/1563]	Time  0.078 ( 0.077)	Data  0.000 ( 0.000)	Loss 3.8706e-01 (7.9940e-01)	Acc@1  87.50 ( 72.65)	Acc@5 100.00 ( 98.29)
0: Test: [  0/313]	Time  0.170 ( 0.170)	Loss 4.9831e-01 (4.9831e-01)	Acc@1  90.62 ( 90.62)	Acc@5 100.00 (100.00)
0: Test: [312/313]	Time  0.019 ( 0.022)	Loss 7.9444e-01 (1.2250e+00)	Acc@1  68.75 ( 61.01)	Acc@5  93.75 ( 95.56)
0:  * Acc@1 61.010 Acc@5 95.560
0: Time per epoch: 127.730 s
0: Steps per epoch: 1563
0: Validation steps per epoch: 313
0: Average time per epoch: 128.062 s
ELAPSED: 1299 seconds
End at Wed Jan 27 01:03:48 EET 2021
