WORKERS: "gpu20-ib:5555"
Start at Mon Feb  1 00:18:37 EET 2021
CUDA_VISIBLE_DEVICES: 0,1
Running on hosts: gpu20
Running on 1 nodes.
Running 1 tasks per node
Job id is 1085626
srun -w gpu20 -N 1 -n 1 -l python -u train.pytorch.imagenet.py --config=configs/pytorch_imagenet_resnet.B512.yaml --dist-url 'tcp://gpu20-ib:5555' --dist-backend 'nccl' --multiprocessing-distributed --world-size 1 --rank 0 & 
0: Number of devices per node: 2
0: Use GPU: 1 for training
0: => creating model 'resnet50'
0: Use GPU: 0 for training
0: => creating model 'resnet50'
0: Epoch: [0][ 0/98]	Time 11.268 (11.268)	Data  4.678 ( 4.678)	Loss 7.0879e+00 (7.0879e+00)	Acc@1   0.00 (  0.00)	Acc@5   0.78 (  0.78)
0: Epoch: [0][10/98]	Time  0.245 ( 1.243)	Data  0.000 ( 0.426)	Loss 2.7502e+00 (4.8558e+00)	Acc@1   8.98 (  7.14)	Acc@5  51.95 ( 33.42)
0: Epoch: [0][20/98]	Time  0.246 ( 0.767)	Data  0.000 ( 0.226)	Loss 2.4485e+00 (3.7223e+00)	Acc@1   9.77 (  9.08)	Acc@5  55.08 ( 43.49)
0: Epoch: [0][30/98]	Time  0.246 ( 0.598)	Data  0.000 ( 0.154)	Loss 2.3840e+00 (3.3022e+00)	Acc@1  11.72 ( 10.31)	Acc@5  61.33 ( 47.83)
0: Epoch: [0][40/98]	Time  0.246 ( 0.512)	Data  0.000 ( 0.118)	Loss 2.3307e+00 (3.0703e+00)	Acc@1  13.67 ( 11.36)	Acc@5  56.25 ( 50.73)
0: Epoch: [0][50/98]	Time  0.246 ( 0.459)	Data  0.000 ( 0.096)	Loss 2.3409e+00 (2.9238e+00)	Acc@1  12.50 ( 11.93)	Acc@5  58.20 ( 52.91)
0: Epoch: [0][60/98]	Time  0.246 ( 0.424)	Data  0.000 ( 0.081)	Loss 2.1879e+00 (2.8206e+00)	Acc@1  18.75 ( 12.38)	Acc@5  70.70 ( 54.45)
0: Epoch: [0][70/98]	Time  0.245 ( 0.399)	Data  0.000 ( 0.070)	Loss 2.3063e+00 (2.7454e+00)	Acc@
0: 1  11.72 ( 12.84)	Acc@5  67.58 ( 55.71)
0: Epoch: [0][80/98]	Time  0.248 ( 0.380)	Data  0.000 ( 0.062)	Loss 2.1706e+00 (2.6823e+00)	Acc@1  21.88 ( 13.43)	Acc@5  72.27 ( 57.12)
0: Epoch: [0][90/98]	Time  0.246 ( 0.365)	Data  0.000 ( 0.056)	Loss 2.2154e+00 (2.6343e+00)	Acc@1  16.02 ( 13.87)	Acc@5  68.75 ( 58.10)
0: Epoch: [0][ 0/98]	Time 11.291 (11.291)	Data  4.675 ( 4.675)	Loss 7.1211e+00 (7.1211e+00)	Acc@1   0.00 (  0.00)	Acc@5   0.39 (  0.39)
0: Epoch: [0][10/98]	Time  0.246 ( 1.244)	Data  0.000 ( 0.425)	Loss 2.6454e+00 (4.8451e+00)	Acc@1  11.33 (  7.24)	Acc@5  54.30 ( 32.99)
0: Epoch: [0][20/98]	Time  0.246 ( 0.768)	Data  0.000 ( 0.225)	Loss 2.4324e+00 (3.7092e+00)	Acc@1  13.28 (  9.60)	Acc@5  55.08 ( 43.38)
0: Epoch: [0][30/98]	Time  0.246 ( 0.599)	Data  0.000 ( 0.154)	Loss 2.4640e+00 (3.2930e+00)	Acc@1  14.45 ( 10.61)	Acc@5  51.95 ( 47.93)
0: Epoch: [0][40/98]	Time  0.246 ( 0.512)	Data  0.000 ( 0.118)	Loss 2.3216e+00 (3.0710e+00)	Acc@1  12.11 ( 11.18)	Acc@5  66.41 ( 50.54)
0: Epoch: [0][50/98]	Time  0.246 ( 0.460)	Data  0.000 ( 0.095)	Loss 2.3253e+00 (2.9280e+00)	Acc@1  12.89 ( 11.67)	Acc@5  61.72 ( 52.40)
0: Epoch: [0][60/98]	Time  0.246 ( 0.424)	Data  0.000 ( 0.081)	Loss 2.3381e+00 (2.8287e+00)	Acc@1  15.62 ( 12.30)	Acc@5  64.45 ( 53.86)
0: Epoch: [0][70/98]	Time  0.246 ( 0.399)	Data  0.000 ( 0.070)	Loss 2.2685e+00 (2.7525e+00)	Acc@
0: 1  19.53 ( 12.99)	Acc@5  64.06 ( 55.29)
0: Epoch: [0][80/98]	Time  0.247 ( 0.380)	Data  0.000 ( 0.062)	Loss 2.1878e+00 (2.6902e+00)	Acc@1  22.66 ( 13.53)	Acc@5  67.97 ( 56.41)
0: Epoch: [0][90/98]	Time  0.247 ( 0.365)	Data  0.000 ( 0.056)	Loss 2.2248e+00 (2.6395e+00)	Acc@1  16.80 ( 13.99)	Acc@5  73.05 ( 57.71)
0: Test: [ 0/40]	Time  2.437 ( 2.437)	Loss 2.3396e+00 (2.3396e+00)	Acc@1  15.62 ( 15.62)	Acc@5  63.28 ( 63.28)
0: Test: [10/40]	Time  0.068 ( 0.283)	Loss 2.2396e+00 (2.2730e+00)	Acc@1  15.62 ( 17.12)	Acc@5  70.31 ( 67.33)
0: Test: [20/40]	Time  0.068 ( 0.181)	Loss 2.2680e+00 (2.2592e+00)	Acc@1  17.58 ( 17.76)	Acc@5  62.11 ( 67.45)
0: Test: [30/40]	Time  0.068 ( 0.144)	Loss 2.2664e+00 (2.2565e+00)	Acc@1  16.41 ( 17.93)	Acc@5  64.84 ( 67.50)
0:  * Acc@1 17.940 Acc@5 67.770
0: Epoch 0/3 - 44.821s
0: Test: [ 0/40]	Time  2.458 ( 2.458)	Loss 2.3396e+00 (2.3396e+00)	Acc@1  15.62 ( 15.62)	Acc@5  63.28 ( 63.28)
0: Test: [10/40]	Time  0.068 ( 0.286)	Loss 2.2396e+00 (2.2730e+00)	Acc@1  15.62 ( 17.12)	Acc@5  70.31 ( 67.33)
0: Test: [20/40]	Time  0.069 ( 0.182)	Loss 2.2680e+00 (2.2592e+00)	Acc@1  17.58 ( 17.76)	Acc@5  62.11 ( 67.45)
0: Test: [30/40]	Time  0.068 ( 0.146)	Loss 2.2664e+00 (2.2565e+00)	Acc@1  16.41 ( 17.93)	Acc@5  64.84 ( 67.50)
0:  * Acc@1 17.940 Acc@5 67.770
0: Epoch 0/3 - 45.002s
0: Epoch: [1][ 0/98]	Time  4.783 ( 4.783)	Data  4.601 ( 4.601)	Loss 2.1721e+00 (2.1721e+00)	Acc@1  19.14 ( 19.14)	Acc@5  71.88 ( 71.88)
0: Epoch: [1][10/98]	Time  0.246 ( 0.657)	Data  0.000 ( 0.423)	Loss 2.1910e+00 (2.1545e+00)	Acc@1  16.80 ( 19.96)	Acc@5  73.44 ( 72.51)
0: Epoch: [1][20/98]	Time  0.246 ( 0.460)	Data  0.000 ( 0.224)	Loss 2.1822e+00 (2.1463e+00)	Acc@1  21.88 ( 20.67)	Acc@5  72.66 ( 72.19)
0: Epoch: [1][30/98]	Time  0.246 ( 0.390)	Data  0.000 ( 0.153)	Loss 2.1842e+00 (2.1436e+00)	Acc@1  16.41 ( 20.69)	Acc@5  73.83 ( 72.54)
0: Epoch: [1][40/98]	Time  0.246 ( 0.355)	Data  0.000 ( 0.117)	Loss 2.0654e+00 (2.1390e+00)	Acc@1  26.17 ( 21.02)	Acc@5  73.44 ( 72.70)
0: Epoch: [1][50/98]	Time  0.246 ( 0.333)	Data  0.000 ( 0.095)	Loss 2.1767e+00 (2.1344e+00)	Acc@1  19.53 ( 21.22)	Acc@5  75.00 ( 73.02)
0: Epoch: [1][60/98]	Time  0.245 ( 0.318)	Data  0.000 ( 0.080)	Loss 2.1325e+00 (2.1304e+00)	Acc@1  24.61 ( 21.52)	Acc@5  75.00 ( 73.28)
0: Epoch: [1][70/98]	Time  0.246 ( 0.308)	Data  0.000 ( 0.069)	Loss 2.0936e+00 (2.1199e+00)	Acc@
0: 1  25.39 ( 21.93)	Acc@5  73.44 ( 73.61)
0: Epoch: [1][80/98]	Time  0.246 ( 0.300)	Data  0.000 ( 0.061)	Loss 1.9756e+00 (2.1111e+00)	Acc@1  26.95 ( 22.22)	Acc@5  81.25 ( 73.98)
0: Epoch: [1][90/98]	Time  0.247 ( 0.294)	Data  0.000 ( 0.055)	Loss 1.9638e+00 (2.1017e+00)	Acc@1  25.78 ( 22.58)	Acc@5  80.47 ( 74.42)
0: Epoch: [1][ 0/98]	Time  4.902 ( 4.902)	Data  4.601 ( 4.601)	Loss 2.2101e+00 (2.2101e+00)	Acc@1  18.75 ( 18.75)	Acc@5  68.75 ( 68.75)
0: Epoch: [1][10/98]	Time  0.245 ( 0.672)	Data  0.000 ( 0.428)	Loss 2.1093e+00 (2.1717e+00)	Acc@1  20.31 ( 19.99)	Acc@5  69.92 ( 69.89)
0: Epoch: [1][20/98]	Time  0.246 ( 0.468)	Data  0.000 ( 0.227)	Loss 2.1164e+00 (2.1678e+00)	Acc@1  26.56 ( 20.46)	Acc@5  72.27 ( 69.98)
0: Epoch: [1][30/98]	Time  0.247 ( 0.396)	Data  0.000 ( 0.155)	Loss 2.1785e+00 (2.1543e+00)	Acc@1  16.80 ( 20.79)	Acc@5  69.92 ( 70.83)
0: Epoch: [1][40/98]	Time  0.244 ( 0.359)	Data  0.000 ( 0.119)	Loss 2.1541e+00 (2.1416e+00)	Acc@1  16.41 ( 21.09)	Acc@5  69.53 ( 71.73)
0: Epoch: [1][50/98]	Time  0.246 ( 0.336)	Data  0.000 ( 0.096)	Loss 2.0964e+00 (2.1326e+00)	Acc@1  23.44 ( 21.68)	Acc@5  74.22 ( 72.04)
0: Epoch: [1][60/98]	Time  0.246 ( 0.321)	Data  0.000 ( 0.081)	Loss 2.1190e+00 (2.1270e+00)	Acc@1  20.31 ( 21.95)	Acc@5  73.83 ( 72.27)
0: Epoch: [1][70/98]	Time  0.246 ( 0.310)	Data  0.000 ( 0.071)	Loss 2.1074e+00 (2.1204e+00)	Acc@
0: 1  20.70 ( 22.00)	Acc@5  76.56 ( 72.92)
0: Epoch: [1][80/98]	Time  0.246 ( 0.302)	Data  0.000 ( 0.063)	Loss 2.1285e+00 (2.1118e+00)	Acc@1  19.53 ( 22.30)	Acc@5  72.66 ( 73.37)
0: Epoch: [1][90/98]	Time  0.247 ( 0.296)	Data  0.000 ( 0.056)	Loss 2.0839e+00 (2.1024e+00)	Acc@1  23.83 ( 22.64)	Acc@5  71.88 ( 73.75)
0: Test: [ 0/40]	Time  2.464 ( 2.464)	Loss 2.1036e+00 (2.1036e+00)	Acc@1  26.56 ( 26.56)	Acc@5  74.22 ( 74.22)
0: Test: [10/40]	Time  0.068 ( 0.286)	Loss 2.0270e+00 (2.0255e+00)	Acc@1  22.27 ( 25.96)	Acc@5  78.52 ( 77.91)
0: Test: [20/40]	Time  0.068 ( 0.182)	Loss 2.0339e+00 (2.0183e+00)	Acc@1  22.66 ( 26.41)	Acc@5  78.91 ( 78.12)
0: Test: [30/40]	Time  0.068 ( 0.145)	Loss 2.0355e+00 (2.0225e+00)	Acc@1  22.66 ( 25.86)	Acc@5  76.17 ( 78.12)
0:  * Acc@1 25.690 Acc@5 78.270
0: Epoch 1/3 - 33.932s
0: Test: [ 0/40]	Time  2.512 ( 2.512)	Loss 2.1036e+00 (2.1036e+00)	Acc@1  26.56 ( 26.56)	Acc@5  74.22 ( 74.22)
0: Test: [10/40]	Time  0.068 ( 0.291)	Loss 2.0270e+00 (2.0255e+00)	Acc@1  22.27 ( 25.96)	Acc@5  78.52 ( 77.91)
0: Test: [20/40]	Time  0.069 ( 0.185)	Loss 2.0339e+00 (2.0183e+00)	Acc@1  22.66 ( 26.41)	Acc@5  78.91 ( 78.12)
0: Test: [30/40]	Time  0.069 ( 0.147)	Loss 2.0355e+00 (2.0225e+00)	Acc@1  22.66 ( 25.86)	Acc@5  76.17 ( 78.12)
0:  * Acc@1 25.690 Acc@5 78.270
0: Epoch 1/3 - 33.794s
0: Epoch: [2][ 0/98]	Time  4.855 ( 4.855)	Data  4.670 ( 4.670)	Loss 2.0643e+00 (2.0643e+00)	Acc@1  24.61 ( 24.61)	Acc@5  77.34 ( 77.34)
0: Epoch: [2][10/98]	Time  0.247 ( 0.664)	Data  0.000 ( 0.430)	Loss 1.9698e+00 (2.0226e+00)	Acc@1  26.95 ( 25.28)	Acc@5  80.47 ( 78.12)
0: Epoch: [2][20/98]	Time  0.246 ( 0.464)	Data  0.000 ( 0.228)	Loss 1.9117e+00 (2.0114e+00)	Acc@1  29.69 ( 25.07)	Acc@5  81.64 ( 78.50)
0: Epoch: [2][30/98]	Time  0.246 ( 0.393)	Data  0.000 ( 0.156)	Loss 1.8589e+00 (1.9973e+00)	Acc@1  31.64 ( 25.50)	Acc@5  81.64 ( 78.77)
0: Epoch: [2][40/98]	Time  0.248 ( 0.357)	Data  0.000 ( 0.119)	Loss 1.9757e+00 (1.9936e+00)	Acc@1  27.34 ( 25.91)	Acc@5  80.08 ( 79.13)
0: Epoch: [2][50/98]	Time  0.246 ( 0.335)	Data  0.000 ( 0.096)	Loss 2.0146e+00 (1.9888e+00)	Acc@1  25.78 ( 26.18)	Acc@5  78.52 ( 79.32)
0: Epoch: [2][60/98]	Time  0.246 ( 0.320)	Data  0.000 ( 0.081)	Loss 1.8622e+00 (1.9834e+00)	Acc@1  30.08 ( 26.47)	Acc@5  86.33 ( 79.50)
0: Epoch: [2][70/98]	Time  0.247 ( 0.310)	Data  0.000 ( 0.071)	Loss 1.8897e+00 (1.9773e+00)	Acc@
0: 1  29.69 ( 26.81)	Acc@5  85.16 ( 79.66)
0: Epoch: [2][80/98]	Time  0.246 ( 0.302)	Data  0.000 ( 0.062)	Loss 1.8324e+00 (1.9684e+00)	Acc@1  33.98 ( 27.17)	Acc@5  83.20 ( 79.89)
0: Epoch: [2][90/98]	Time  0.246 ( 0.295)	Data  0.000 ( 0.056)	Loss 1.9009e+00 (1.9645e+00)	Acc@1  29.30 ( 27.31)	Acc@5  82.42 ( 79.93)
0: Epoch: [2][ 0/98]	Time  4.905 ( 4.905)	Data  4.727 ( 4.727)	Loss 1.9401e+00 (1.9401e+00)	Acc@1  28.52 ( 28.52)	Acc@5  80.86 ( 80.86)
0: Epoch: [2][10/98]	Time  0.246 ( 0.667)	Data  0.000 ( 0.434)	Loss 2.0550e+00 (2.0118e+00)	Acc@1  24.22 ( 25.46)	Acc@5  78.52 ( 78.98)
0: Epoch: [2][20/98]	Time  0.246 ( 0.466)	Data  0.000 ( 0.230)	Loss 1.9581e+00 (2.0033e+00)	Acc@1  25.78 ( 25.80)	Acc@5  78.91 ( 78.89)
0: Epoch: [2][30/98]	Time  0.246 ( 0.394)	Data  0.000 ( 0.157)	Loss 1.9877e+00 (1.9927e+00)	Acc@1  25.78 ( 26.29)	Acc@5  80.08 ( 79.16)
0: Epoch: [2][40/98]	Time  0.247 ( 0.358)	Data  0.000 ( 0.120)	Loss 2.0080e+00 (1.9840e+00)	Acc@1  25.39 ( 26.51)	Acc@5  79.30 ( 79.62)
0: Epoch: [2][50/98]	Time  0.247 ( 0.336)	Data  0.000 ( 0.098)	Loss 1.9310e+00 (1.9768e+00)	Acc@1  27.73 ( 26.75)	Acc@5  84.77 ( 79.86)
0: Epoch: [2][60/98]	Time  0.246 ( 0.321)	Data  0.000 ( 0.083)	Loss 1.8772e+00 (1.9710e+00)	Acc@1  31.25 ( 27.10)	Acc@5  81.25 ( 80.04)
0: Epoch: [2][70/98]	Time  0.246 ( 0.310)	Data  0.000 ( 0.072)	Loss 1.8026e+00 (1.9635e+00)	Acc@
0: 1  36.72 ( 27.57)	Acc@5  83.98 ( 80.25)
0: Epoch: [2][80/98]	Time  0.246 ( 0.302)	Data  0.000 ( 0.063)	Loss 1.9702e+00 (1.9572e+00)	Acc@1  31.64 ( 28.03)	Acc@5  76.56 ( 80.33)
0: Epoch: [2][90/98]	Time  0.246 ( 0.296)	Data  0.000 ( 0.057)	Loss 1.9134e+00 (1.9515e+00)	Acc@1  33.98 ( 28.27)	Acc@5  81.25 ( 80.52)
0: Test: [ 0/40]	Time  2.430 ( 2.430)	Loss 1.9942e+00 (1.9942e+00)	Acc@1  29.30 ( 29.30)	Acc@5  80.08 ( 80.08)
0: Test: [10/40]	Time  0.068 ( 0.283)	Loss 1.8755e+00 (1.8788e+00)	Acc@1  29.69 ( 32.14)	Acc@5  83.59 ( 81.89)
0: Test: [20/40]	Time  0.068 ( 0.180)	Loss 1.9192e+00 (1.8791e+00)	Acc@1  33.20 ( 31.70)	Acc@5  85.55 ( 82.50)
0: Test: [30/40]	Time  0.068 ( 0.144)	Loss 1.8574e+00 (1.8800e+00)	Acc@1  34.77 ( 31.59)	Acc@5  85.55 ( 82.59)
0:  * Acc@1 31.180 Acc@5 82.470
0: Epoch 2/3 - 33.874s
0: Steps per epoch: 98
0: Validation steps per epoch: 40
0: Average time per epoch: 37.542 s
0: Test: [ 0/40]	Time  2.474 ( 2.474)	Loss 1.9942e+00 (1.9942e+00)	Acc@1  29.30 ( 29.30)	Acc@5  80.08 ( 80.08)
0: Test: [10/40]	Time  0.069 ( 0.287)	Loss 1.8755e+00 (1.8788e+00)	Acc@1  29.69 ( 32.14)	Acc@5  83.59 ( 81.89)
0: Test: [20/40]	Time  0.069 ( 0.183)	Loss 1.9192e+00 (1.8791e+00)	Acc@1  33.20 ( 31.70)	Acc@5  85.55 ( 82.50)
0: Test: [30/40]	Time  0.069 ( 0.146)	Loss 1.8574e+00 (1.8800e+00)	Acc@1  34.77 ( 31.59)	Acc@5  85.55 ( 82.59)
0:  * Acc@1 31.180 Acc@5 82.470
0: Epoch 2/3 - 33.864s
0: Steps per epoch: 98
0: Validation steps per epoch: 40
0: Average time per epoch: 37.554 s
0: --- 117.13425016403198 seconds ---
ELAPSED: 118 seconds
End at Mon Feb  1 00:20:35 EET 2021
