WORKERS: "gpu25-ib:5555"
Start at Mon Feb  1 00:18:00 EET 2021
CUDA_VISIBLE_DEVICES: 0,1
Running on hosts: gpu25
Running on 1 nodes.
Running 1 tasks per node
Job id is 1085624
srun -w gpu25 -N 1 -n 1 -l python -u train.pytorch.imagenet.py --config=configs/pytorch_imagenet_resnet.B128.yaml --dist-url 'tcp://gpu25-ib:5555' --dist-backend 'nccl' --multiprocessing-distributed --world-size 1 --rank 0 & 
0: Number of devices per node: 2
0: Use GPU: 0 for training
0: => creating model 'resnet50'
0: Use GPU: 1 for training
0: => creating model 'resnet50'
0: Epoch: [0][  0/391]	Time  7.553 ( 7.553)	Data  4.549 ( 4.549)	Loss 7.1675e+00 (7.1675e+00)	Acc@1   1.56 (  1.56)	Acc@5   1.56 (  1.56)
0: Epoch: [0][ 10/391]	Time  0.107 ( 0.784)	Data  0.000 ( 0.414)	Loss 2.6136e+00 (4.7422e+00)	Acc@1  14.06 (  8.38)	Acc@5  53.12 ( 30.26)
0: Epoch: [0][ 20/391]	Time  0.107 ( 0.462)	Data  0.000 ( 0.218)	Loss 2.4353e+00 (3.6918e+00)	Acc@1  10.94 ( 10.49)	Acc@5  54.69 ( 41.29)
0: Epoch: [0][ 30/391]	Time  0.108 ( 0.347)	Data  0.000 ( 0.148)	Loss 2.5051e+00 (3.3069e+00)	Acc@1  12.50 ( 10.74)	Acc@5  57.81 ( 45.82)
0: Epoch: [0][ 40/391]	Time  0.107 ( 0.289)	Data  0.000 ( 0.113)	Loss 2.3537e+00 (3.1010e+00)	Acc@1  17.19 ( 11.20)	Acc@5  60.94 ( 48.32)
0: Epoch: [0][ 50/391]	Time  0.107 ( 0.253)	Data  0.000 ( 0.091)	Loss 2.3973e+00 (2.9643e+00)	Acc@1  18.75 ( 11.86)	Acc@5  53.12 ( 50.00)
0: Epoch: [0][ 60/391]	Time  0.107 ( 0.229)	Data  0.000 ( 0.077)	Loss 2.3484e+00 (2.8677e+00)	Acc@1  14.06 ( 12.04)	Acc@5  62.50 ( 51.13)
0: Epoch: [0][ 70/391]	Time  0.107 ( 0.212)	Data  0.000 ( 0.066)	Loss 2.3348e+00 (
0: 2.7875e+00)	Acc@1  14.06 ( 12.68)	Acc@5  59.38 ( 52.71)
0: Epoch: [0][ 80/391]	Time  0.107 ( 0.199)	Data  0.000 ( 0.058)	Loss 2.2500e+00 (2.7277e+00)	Acc@1  14.06 ( 12.98)	Acc@5  71.88 ( 54.17)
0: Epoch: [0][ 90/391]	Time  0.107 ( 0.189)	Data  0.000 ( 0.052)	Loss 2.2952e+00 (2.6776e+00)	Acc@1  25.00 ( 13.65)	Acc@5  67.19 ( 55.36)
0: Epoch: [0][100/391]	Time  0.107 ( 0.181)	Data  0.000 ( 0.047)	Loss 2.2055e+00 (2.6296e+00)	Acc@1  28.12 ( 14.59)	Acc@5  67.19 ( 56.75)
0: Epoch: [0][110/391]	Time  0.107 ( 0.174)	Data  0.000 ( 0.043)	Loss 2.4358e+00 (2.5960e+00)	Acc@1   9.38 ( 14.82)	Acc@5  59.38 ( 57.60)
0: Epoch: [0][120/391]	Time  0.107 ( 0.169)	Data  0.000 ( 0.040)	Loss 2.1232e+00 (2.5643e+00)	Acc@1  20.31 ( 15.01)	Acc@5  81.25 ( 58.95)
0: Epoch: [0][130/391]	Time  0.107 ( 0.164)	Data  0.000 ( 0.037)	Loss 2.3590e+00 (2.5442e+00)	Acc@1  12.50 ( 15.21)	Acc@5  65.62 ( 59.71)
0: Epoch: [0][140/391]	Time  0.107 ( 0.160)	Data  0.000 ( 0.034)	Loss 2.1325e+00 (2.5224e+00)	Acc@1  23.44 ( 15.37)	Acc@5  71.88 ( 60.39)
0: Epoch: [0][150/391]	Tim
0: e  0.107 ( 0.157)	Data  0.000 ( 0.032)	Loss 2.2561e+00 (2.4983e+00)	Acc@1  28.12 ( 15.74)	Acc@5  65.62 ( 61.19)
0: Epoch: [0][160/391]	Time  0.108 ( 0.154)	Data  0.000 ( 0.030)	Loss 1.9840e+00 (2.4774e+00)	Acc@1  31.25 ( 16.18)	Acc@5  71.88 ( 61.93)
0: Epoch: [0][170/391]	Time  0.107 ( 0.151)	Data  0.000 ( 0.029)	Loss 2.1277e+00 (2.4556e+00)	Acc@1  23.44 ( 16.65)	Acc@5  73.44 ( 62.65)
0: Epoch: [0][180/391]	Time  0.107 ( 0.148)	Data  0.000 ( 0.027)	Loss 2.0688e+00 (2.4392e+00)	Acc@1  25.00 ( 17.02)	Acc@5  79.69 ( 63.17)
0: Epoch: [0][190/391]	Time  0.107 ( 0.146)	Data  0.000 ( 0.026)	Loss 2.1698e+00 (2.4231e+00)	Acc@1  18.75 ( 17.24)	Acc@5  65.62 ( 63.74)
0: Epoch: [0][200/391]	Time  0.107 ( 0.144)	Data  0.000 ( 0.025)	Loss 2.1916e+00 (2.4051e+00)	Acc@1  20.31 ( 17.52)	Acc@5  70.31 ( 64.40)
0: Epoch: [0][210/391]	Time  0.107 ( 0.143)	Data  0.000 ( 0.024)	Loss 2.0321e+00 (2.3908e+00)	Acc@1  25.00 ( 17.95)	Acc@5  78.12 ( 64.86)
0: Epoch: [0][220/391]	Time  0.108 ( 0.141)	Data  0.000 ( 0.023)	Loss 2.0191e+00 (2.3746e+00)	Acc@1  17.1
0: 9 ( 18.28)	Acc@5  82.81 ( 65.56)
0: Epoch: [0][230/391]	Time  0.107 ( 0.140)	Data  0.000 ( 0.022)	Loss 2.0757e+00 (2.3607e+00)	Acc@1  21.88 ( 18.52)	Acc@5  78.12 ( 66.10)
0: Epoch: [0][240/391]	Time  0.108 ( 0.138)	Data  0.000 ( 0.021)	Loss 1.9619e+00 (2.3483e+00)	Acc@1  28.12 ( 18.78)	Acc@5  79.69 ( 66.58)
0: Epoch: [0][250/391]	Time  0.107 ( 0.137)	Data  0.000 ( 0.020)	Loss 2.0266e+00 (2.3325e+00)	Acc@1  25.00 ( 19.17)	Acc@5  82.81 ( 67.11)
0: Epoch: [0][260/391]	Time  0.107 ( 0.136)	Data  0.000 ( 0.020)	Loss 2.0651e+00 (2.3216e+00)	Acc@1  18.75 ( 19.30)	Acc@5  81.25 ( 67.64)
0: Epoch: [0][270/391]	Time  0.107 ( 0.135)	Data  0.000 ( 0.019)	Loss 1.9292e+00 (2.3106e+00)	Acc@1  23.44 ( 19.63)	Acc@5  82.81 ( 68.12)
0: Epoch: [0][280/391]	Time  0.107 ( 0.134)	Data  0.000 ( 0.018)	Loss 2.0513e+00 (2.2994e+00)	Acc@1  25.00 ( 19.93)	Acc@5  78.12 ( 68.52)
0: Epoch: [0][290/391]	Time  0.107 ( 0.133)	Data  0.000 ( 0.018)	Loss 2.0552e+00 (2.2897e+00)	Acc@1  26.56 ( 20.25)	Acc@5  76.56 ( 68.85)
0: Epoch: [0][300/391]	Time  0.108 ( 0.132)	Data 
0:  0.000 ( 0.017)	Loss 2.0037e+00 (2.2796e+00)	Acc@1  26.56 ( 20.56)	Acc@5  79.69 ( 69.20)
0: Epoch: [0][310/391]	Time  0.107 ( 0.131)	Data  0.000 ( 0.017)	Loss 1.8200e+00 (2.2699e+00)	Acc@1  34.38 ( 20.81)	Acc@5  89.06 ( 69.55)
0: Epoch: [0][320/391]	Time  0.107 ( 0.131)	Data  0.000 ( 0.016)	Loss 1.9060e+00 (2.2610e+00)	Acc@1  29.69 ( 21.07)	Acc@5  84.38 ( 69.85)
0: Epoch: [0][330/391]	Time  0.107 ( 0.130)	Data  0.000 ( 0.016)	Loss 1.8933e+00 (2.2511e+00)	Acc@1  31.25 ( 21.32)	Acc@5  82.81 ( 70.24)
0: Epoch: [0][340/391]	Time  0.108 ( 0.129)	Data  0.000 ( 0.016)	Loss 1.9780e+00 (2.2436e+00)	Acc@1  25.00 ( 21.50)	Acc@5  82.81 ( 70.54)
0: Epoch: [0][350/391]	Time  0.107 ( 0.129)	Data  0.000 ( 0.015)	Loss 2.0529e+00 (2.2349e+00)	Acc@1  23.44 ( 21.71)	Acc@5  79.69 ( 70.85)
0: Epoch: [0][360/391]	Time  0.107 ( 0.128)	Data  0.000 ( 0.015)	Loss 1.8207e+00 (2.2279e+00)	Acc@1  40.62 ( 21.89)	Acc@5  82.81 ( 71.07)
0: Epoch: [0][370/391]	Time  0.107 ( 0.127)	Data  0.000 ( 0.015)	Loss 2.1394e+00 (2.2217e+00)	Acc@1  21.88 ( 22.14)	Acc@5  79.69
0:  ( 71.25)
0: Epoch: [0][380/391]	Time  0.107 ( 0.127)	Data  0.000 ( 0.014)	Loss 2.0622e+00 (2.2157e+00)	Acc@1  25.00 ( 22.26)	Acc@5  81.25 ( 71.49)
0: Epoch: [0][390/391]	Time  1.763 ( 0.131)	Data  0.000 ( 0.014)	Loss 1.9402e+00 (2.2104e+00)	Acc@1  32.50 ( 22.38)	Acc@5  92.50 ( 71.71)
0: Epoch: [0][  0/391]	Time  7.560 ( 7.560)	Data  4.561 ( 4.561)	Loss 7.1312e+00 (7.1312e+00)	Acc@1   1.56 (  1.56)	Acc@5   1.56 (  1.56)
0: Epoch: [0][ 10/391]	Time  0.108 ( 0.784)	Data  0.000 ( 0.415)	Loss 2.6371e+00 (4.6713e+00)	Acc@1  10.94 (  7.10)	Acc@5  48.44 ( 33.81)
0: Epoch: [0][ 20/391]	Time  0.107 ( 0.462)	Data  0.000 ( 0.218)	Loss 2.6402e+00 (3.6365e+00)	Acc@1   7.81 ( 10.34)	Acc@5  34.38 ( 42.56)
0: Epoch: [0][ 30/391]	Time  0.107 ( 0.347)	Data  0.000 ( 0.149)	Loss 2.3152e+00 (3.2592e+00)	Acc@1  17.19 ( 10.79)	Acc@5  62.50 ( 47.38)
0: Epoch: [0][ 40/391]	Time  0.107 ( 0.289)	Data  0.000 ( 0.113)	Loss 2.4535e+00 (3.0588e+00)	Acc@1  12.50 ( 10.98)	Acc@5  56.25 ( 49.58)
0: Epoch: [0][ 50/391]	Time  0.108 ( 0.253)	Data  0.000 ( 0.091)	Loss 2.4187e+00 (2.9357e+00)	Acc@1  10.94 ( 11.12)	Acc@5  50.00 ( 50.43)
0: Epoch: [0][ 60/391]	Time  0.107 ( 0.229)	Data  0.000 ( 0.077)	Loss 2.4854e+00 (2.8491e+00)	Acc@1  12.50 ( 11.42)	Acc@5  56.25 ( 51.49)
0: Epoch: [0][ 70/391]	Time  0.107 ( 0.212)	Data  0.000 ( 0.066)	Loss 2.2880e+00 (
0: 2.7708e+00)	Acc@1  14.06 ( 12.32)	Acc@5  65.62 ( 52.95)
0: Epoch: [0][ 80/391]	Time  0.108 ( 0.199)	Data  0.000 ( 0.058)	Loss 2.2979e+00 (2.7120e+00)	Acc@1  23.44 ( 12.92)	Acc@5  70.31 ( 54.57)
0: Epoch: [0][ 90/391]	Time  0.108 ( 0.189)	Data  0.000 ( 0.052)	Loss 2.3427e+00 (2.6647e+00)	Acc@1  15.62 ( 13.62)	Acc@5  64.06 ( 55.58)
0: Epoch: [0][100/391]	Time  0.107 ( 0.181)	Data  0.000 ( 0.047)	Loss 2.2461e+00 (2.6268e+00)	Acc@1  29.69 ( 13.88)	Acc@5  62.50 ( 56.64)
0: Epoch: [0][110/391]	Time  0.107 ( 0.174)	Data  0.000 ( 0.043)	Loss 2.2499e+00 (2.5908e+00)	Acc@1  15.62 ( 14.13)	Acc@5  71.88 ( 57.91)
0: Epoch: [0][120/391]	Time  0.107 ( 0.169)	Data  0.000 ( 0.040)	Loss 2.2841e+00 (2.5653e+00)	Acc@1  12.50 ( 14.26)	Acc@5  67.19 ( 58.85)
0: Epoch: [0][130/391]	Time  0.108 ( 0.164)	Data  0.000 ( 0.037)	Loss 2.3712e+00 (2.5446e+00)	Acc@1  12.50 ( 14.60)	Acc@5  67.19 ( 59.65)
0: Epoch: [0][140/391]	Time  0.107 ( 0.160)	Data  0.000 ( 0.035)	Loss 2.0173e+00 (2.5231e+00)	Acc@1  29.69 ( 15.02)	Acc@5  73.44 ( 60.38)
0: Epoch: [0][150/391]	Tim
0: e  0.107 ( 0.157)	Data  0.000 ( 0.032)	Loss 2.0810e+00 (2.5016e+00)	Acc@1  28.12 ( 15.34)	Acc@5  75.00 ( 61.20)
0: Epoch: [0][160/391]	Time  0.108 ( 0.154)	Data  0.000 ( 0.031)	Loss 2.1516e+00 (2.4832e+00)	Acc@1  25.00 ( 15.60)	Acc@5  75.00 ( 61.86)
0: Epoch: [0][170/391]	Time  0.108 ( 0.151)	Data  0.000 ( 0.029)	Loss 2.0862e+00 (2.4625e+00)	Acc@1  25.00 ( 16.25)	Acc@5  71.88 ( 62.51)
0: Epoch: [0][180/391]	Time  0.107 ( 0.148)	Data  0.000 ( 0.027)	Loss 2.2968e+00 (2.4458e+00)	Acc@1  15.62 ( 16.55)	Acc@5  70.31 ( 63.02)
0: Epoch: [0][190/391]	Time  0.109 ( 0.146)	Data  0.000 ( 0.026)	Loss 2.1452e+00 (2.4298e+00)	Acc@1  17.19 ( 16.88)	Acc@5  73.44 ( 63.46)
0: Epoch: [0][200/391]	Time  0.108 ( 0.144)	Data  0.000 ( 0.025)	Loss 2.1035e+00 (2.4144e+00)	Acc@1  29.69 ( 17.20)	Acc@5  79.69 ( 64.10)
0: Epoch: [0][210/391]	Time  0.108 ( 0.143)	Data  0.000 ( 0.024)	Loss 2.0413e+00 (2.3988e+00)	Acc@1  28.12 ( 17.54)	Acc@5  73.44 ( 64.65)
0: Epoch: [0][220/391]	Time  0.107 ( 0.141)	Data  0.000 ( 0.023)	Loss 2.2408e+00 (2.3850e+00)	Acc@1  23.4
0: 4 ( 17.93)	Acc@5  67.19 ( 65.10)
0: Epoch: [0][230/391]	Time  0.108 ( 0.140)	Data  0.000 ( 0.022)	Loss 2.1115e+00 (2.3699e+00)	Acc@1  20.31 ( 18.24)	Acc@5  76.56 ( 65.66)
0: Epoch: [0][240/391]	Time  0.107 ( 0.138)	Data  0.000 ( 0.021)	Loss 2.2872e+00 (2.3591e+00)	Acc@1  26.56 ( 18.56)	Acc@5  73.44 ( 66.04)
0: Epoch: [0][250/391]	Time  0.108 ( 0.137)	Data  0.000 ( 0.020)	Loss 2.1410e+00 (2.3459e+00)	Acc@1  23.44 ( 18.94)	Acc@5  75.00 ( 66.53)
0: Epoch: [0][260/391]	Time  0.107 ( 0.136)	Data  0.000 ( 0.020)	Loss 2.0749e+00 (2.3334e+00)	Acc@1  26.56 ( 19.31)	Acc@5  76.56 ( 66.99)
0: Epoch: [0][270/391]	Time  0.108 ( 0.135)	Data  0.000 ( 0.019)	Loss 2.0386e+00 (2.3226e+00)	Acc@1  32.81 ( 19.59)	Acc@5  78.12 ( 67.45)
0: Epoch: [0][280/391]	Time  0.107 ( 0.134)	Data  0.000 ( 0.019)	Loss 1.8945e+00 (2.3107e+00)	Acc@1  29.69 ( 19.96)	Acc@5  76.56 ( 67.83)
0: Epoch: [0][290/391]	Time  0.108 ( 0.133)	Data  0.000 ( 0.018)	Loss 1.9474e+00 (2.2998e+00)	Acc@1  26.56 ( 20.17)	Acc@5  79.69 ( 68.27)
0: Epoch: [0][300/391]	Time  0.108 ( 0.132)	Data 
0:  0.000 ( 0.017)	Loss 2.0323e+00 (2.2923e+00)	Acc@1  25.00 ( 20.40)	Acc@5  76.56 ( 68.53)
0: Epoch: [0][310/391]	Time  0.108 ( 0.131)	Data  0.000 ( 0.017)	Loss 2.1211e+00 (2.2827e+00)	Acc@1  26.56 ( 20.59)	Acc@5  81.25 ( 68.88)
0: Epoch: [0][320/391]	Time  0.107 ( 0.131)	Data  0.000 ( 0.016)	Loss 1.9316e+00 (2.2719e+00)	Acc@1  37.50 ( 20.96)	Acc@5  79.69 ( 69.29)
0: Epoch: [0][330/391]	Time  0.109 ( 0.130)	Data  0.000 ( 0.016)	Loss 1.9372e+00 (2.2613e+00)	Acc@1  20.31 ( 21.22)	Acc@5  81.25 ( 69.69)
0: Epoch: [0][340/391]	Time  0.108 ( 0.129)	Data  0.000 ( 0.016)	Loss 1.7858e+00 (2.2518e+00)	Acc@1  31.25 ( 21.49)	Acc@5  87.50 ( 70.01)
0: Epoch: [0][350/391]	Time  0.107 ( 0.129)	Data  0.000 ( 0.015)	Loss 1.9987e+00 (2.2438e+00)	Acc@1  28.12 ( 21.64)	Acc@5  85.94 ( 70.33)
0: Epoch: [0][360/391]	Time  0.107 ( 0.128)	Data  0.000 ( 0.015)	Loss 1.9803e+00 (2.2351e+00)	Acc@1  31.25 ( 21.89)	Acc@5  82.81 ( 70.67)
0: Epoch: [0][370/391]	Time  0.107 ( 0.127)	Data  0.000 ( 0.015)	Loss 1.8509e+00 (2.2274e+00)	Acc@1  25.00 ( 22.06)	Acc@5  84.38
0:  ( 70.95)
0: Epoch: [0][380/391]	Time  0.107 ( 0.127)	Data  0.000 ( 0.014)	Loss 1.9759e+00 (2.2200e+00)	Acc@1  28.12 ( 22.28)	Acc@5  81.25 ( 71.24)
0: Epoch: [0][390/391]	Time  1.769 ( 0.131)	Data  0.000 ( 0.014)	Loss 1.9454e+00 (2.2153e+00)	Acc@1  37.50 ( 22.42)	Acc@5  85.00 ( 71.47)
0: Test: [  0/157]	Time  2.371 ( 2.371)	Loss 1.9612e+00 (1.9612e+00)	Acc@1  29.69 ( 29.69)	Acc@5  82.81 ( 82.81)
0: Test: [ 10/157]	Time  0.025 ( 0.238)	Loss 1.9327e+00 (1.9766e+00)	Acc@1  32.81 ( 31.68)	Acc@5  79.69 ( 81.68)
0: Test: [ 20/157]	Time  0.025 ( 0.137)	Loss 2.0400e+00 (1.9775e+00)	Acc@1  31.25 ( 31.10)	Acc@5  79.69 ( 81.62)
0: Test: [ 30/157]	Time  0.025 ( 0.101)	Loss 2.0551e+00 (2.0150e+00)	Acc@1  20.31 ( 29.84)	Acc@5  82.81 ( 81.80)
0: Test: [ 40/157]	Time  0.025 ( 0.082)	Loss 1.9552e+00 (2.0195e+00)	Acc@1  28.12 ( 30.30)	Acc@5  78.12 ( 81.36)
0: Test: [ 50/157]	Time  0.025 ( 0.071)	Loss 2.2048e+00 (2.0305e+00)	Acc@1  21.88 ( 30.18)	Acc@5  75.00 ( 81.31)
0: Test: [ 60/157]	Time  0.025 ( 0.063)	Loss 2.0112e+00 (2.0185e+00)	Acc@1  29.69 ( 30.05)	Acc@5  75.00 ( 81.53)
0: Test: [ 70/157]	Time  0.025 ( 0.058)	Loss 1.6566e+00 (2.0070e+00)	Acc@1  39.06 ( 30.22)	Acc@5  89.06 ( 81.91)
0: Test: [ 80/157]	Time  0.025 ( 0.054)	Loss 1.8726e+00 (2.0073e+00)	Acc@1  28.12 ( 30.29)	Acc@5  85.94 ( 81.98)
0: Test: [ 90/157]	Time  0.025 ( 0.05
0: 1)	Loss 1.8231e+00 (2.0097e+00)	Acc@1  29.69 ( 29.79)	Acc@5  82.81 ( 81.75)
0: Test: [100/157]	Time  0.025 ( 0.048)	Loss 2.0569e+00 (2.0064e+00)	Acc@1  25.00 ( 30.01)	Acc@5  73.44 ( 81.82)
0: Test: [110/157]	Time  0.025 ( 0.046)	Loss 1.9115e+00 (2.0025e+00)	Acc@1  32.81 ( 29.91)	Acc@5  84.38 ( 81.80)
0: Test: [120/157]	Time  0.025 ( 0.044)	Loss 1.9754e+00 (2.0018e+00)	Acc@1  39.06 ( 30.11)	Acc@5  85.94 ( 81.99)
0: Test: [130/157]	Time  0.025 ( 0.043)	Loss 1.8682e+00 (2.0070e+00)	Acc@1  31.25 ( 29.63)	Acc@5  81.25 ( 81.73)
0: Test: [140/157]	Time  0.025 ( 0.042)	Loss 2.1508e+00 (2.0075e+00)	Acc@1  34.38 ( 29.62)	Acc@5  81.25 ( 81.86)
0: Test: [150/157]	Time  0.025 ( 0.040)	Loss 1.9270e+00 (2.0090e+00)	Acc@1  28.12 ( 29.57)	Acc@5  79.69 ( 81.91)
0:  * Acc@1 29.630 Acc@5 81.930
0: Epoch 0/3 - 57.862s
0: Test: [  0/157]	Time  2.372 ( 2.372)	Loss 1.9612e+00 (1.9612e+00)	Acc@1  29.69 ( 29.69)	Acc@5  82.81 ( 82.81)
0: Test: [ 10/157]	Time  0.025 ( 0.238)	Loss 1.9327e+00 (1.9766e+00)	Acc@1  32.81 ( 31.68)	Acc@5  79.69 ( 81.68)
0: Test: [ 20/157]	Time  0.025 ( 0.137)	Loss 2.0400e+00 (1.9775e+00)	Acc@1  31.25 ( 31.10)	Acc@5  79.69 ( 81.62)
0: Test: [ 30/157]	Time  0.025 ( 0.101)	Loss 2.0551e+00 (2.0150e+00)	Acc@1  20.31 ( 29.84)	Acc@5  82.81 ( 81.80)
0: Test: [ 40/157]	Time  0.025 ( 0.082)	Loss 1.9552e+00 (2.0195e+00)	Acc@1  28.12 ( 30.30)	Acc@5  78.12 ( 81.36)
0: Test: [ 50/157]	Time  0.025 ( 0.071)	Loss 2.2048e+00 (2.0305e+00)	Acc@1  21.88 ( 30.18)	Acc@5  75.00 ( 81.31)
0: Test: [ 60/157]	Time  0.025 ( 0.063)	Loss 2.0112e+00 (2.0185e+00)	Acc@1  29.69 ( 30.05)	Acc@5  75.00 ( 81.53)
0: Test: [ 70/157]	Time  0.025 ( 0.058)	Loss 1.6566e+00 (2.0070e+00)	Acc@1  39.06 ( 30.22)	Acc@5  89.06 ( 81.91)
0: Test: [ 80/157]	Time  0.025 ( 0.054)	Loss 1.8726e+00 (2.0073e+00)	Acc@1  28.12 ( 30.29)	Acc@5  85.94 ( 81.98)
0: Test: [ 90/157]	Time  0.025 ( 0.05
0: 1)	Loss 1.8231e+00 (2.0097e+00)	Acc@1  29.69 ( 29.79)	Acc@5  82.81 ( 81.75)
0: Test: [100/157]	Time  0.025 ( 0.048)	Loss 2.0569e+00 (2.0064e+00)	Acc@1  25.00 ( 30.01)	Acc@5  73.44 ( 81.82)
0: Test: [110/157]	Time  0.025 ( 0.046)	Loss 1.9115e+00 (2.0025e+00)	Acc@1  32.81 ( 29.91)	Acc@5  84.38 ( 81.80)
0: Test: [120/157]	Time  0.025 ( 0.044)	Loss 1.9754e+00 (2.0018e+00)	Acc@1  39.06 ( 30.11)	Acc@5  85.94 ( 81.99)
0: Test: [130/157]	Time  0.025 ( 0.043)	Loss 1.8682e+00 (2.0070e+00)	Acc@1  31.25 ( 29.63)	Acc@5  81.25 ( 81.73)
0: Test: [140/157]	Time  0.025 ( 0.042)	Loss 2.1508e+00 (2.0075e+00)	Acc@1  34.38 ( 29.62)	Acc@5  81.25 ( 81.86)
0: Test: [150/157]	Time  0.025 ( 0.040)	Loss 1.9270e+00 (2.0090e+00)	Acc@1  28.12 ( 29.57)	Acc@5  79.69 ( 81.91)
0:  * Acc@1 29.630 Acc@5 81.930
0: Epoch 0/3 - 57.868s
0: Epoch: [1][  0/391]	Time  4.667 ( 4.667)	Data  4.568 ( 4.568)	Loss 1.9779e+00 (1.9779e+00)	Acc@1  26.56 ( 26.56)	Acc@5  84.38 ( 84.38)
0: Epoch: [1][ 10/391]	Time  0.107 ( 0.522)	Data  0.000 ( 0.417)	Loss 1.6697e+00 (1.8620e+00)	Acc@1  51.56 ( 34.23)	Acc@5  87.50 ( 83.66)
0: Epoch: [1][ 20/391]	Time  0.108 ( 0.325)	Data  0.000 ( 0.220)	Loss 1.7952e+00 (1.8770e+00)	Acc@1  35.94 ( 33.33)	Acc@5  82.81 ( 82.81)
0: Epoch: [1][ 30/391]	Time  0.107 ( 0.254)	Data  0.000 ( 0.150)	Loss 1.9403e+00 (1.8863e+00)	Acc@1  37.50 ( 32.11)	Acc@5  82.81 ( 82.86)
0: Epoch: [1][ 40/391]	Time  0.108 ( 0.219)	Data  0.000 ( 0.114)	Loss 1.8964e+00 (1.9003e+00)	Acc@1  26.56 ( 31.78)	Acc@5  85.94 ( 82.55)
0: Epoch: [1][ 50/391]	Time  0.107 ( 0.197)	Data  0.000 ( 0.092)	Loss 1.8201e+00 (1.8960e+00)	Acc@1  29.69 ( 32.14)	Acc@5  92.19 ( 83.00)
0: Epoch: [1][ 60/391]	Time  0.107 ( 0.182)	Data  0.000 ( 0.077)	Loss 1.8235e+00 (1.8925e+00)	Acc@1  37.50 ( 32.25)	Acc@5  85.94 ( 82.94)
0: Epoch: [1][ 70/391]	Time  0.108 ( 0.172)	Data  0.000 ( 0.067)	Loss 1.7072e+00 (
0: 1.8888e+00)	Acc@1  40.62 ( 32.55)	Acc@5  87.50 ( 82.97)
0: Epoch: [1][ 80/391]	Time  0.108 ( 0.164)	Data  0.000 ( 0.059)	Loss 1.6246e+00 (1.8889e+00)	Acc@1  35.94 ( 32.52)	Acc@5  92.19 ( 82.99)
0: Epoch: [1][ 90/391]	Time  0.107 ( 0.158)	Data  0.000 ( 0.053)	Loss 1.6989e+00 (1.8804e+00)	Acc@1  37.50 ( 32.69)	Acc@5  95.31 ( 83.21)
0: Epoch: [1][100/391]	Time  0.108 ( 0.153)	Data  0.000 ( 0.048)	Loss 1.7696e+00 (1.8741e+00)	Acc@1  39.06 ( 32.94)	Acc@5  85.94 ( 83.49)
0: Epoch: [1][110/391]	Time  0.107 ( 0.149)	Data  0.000 ( 0.044)	Loss 1.9621e+00 (1.8780e+00)	Acc@1  28.12 ( 32.76)	Acc@5  85.94 ( 83.59)
0: Epoch: [1][120/391]	Time  0.107 ( 0.145)	Data  0.000 ( 0.040)	Loss 2.0817e+00 (1.8790e+00)	Acc@1  29.69 ( 32.76)	Acc@5  73.44 ( 83.59)
0: Epoch: [1][130/391]	Time  0.107 ( 0.142)	Data  0.000 ( 0.037)	Loss 1.7737e+00 (1.8790e+00)	Acc@1  45.31 ( 32.71)	Acc@5  85.94 ( 83.59)
0: Epoch: [1][140/391]	Time  0.108 ( 0.140)	Data  0.000 ( 0.035)	Loss 1.7546e+00 (1.8711e+00)	Acc@1  35.94 ( 33.07)	Acc@5  87.50 ( 83.72)
0: Epoch: [1][150/391]	Tim
0: e  0.107 ( 0.138)	Data  0.000 ( 0.033)	Loss 1.9653e+00 (1.8711e+00)	Acc@1  34.38 ( 33.13)	Acc@5  76.56 ( 83.63)
0: Epoch: [1][160/391]	Time  0.108 ( 0.136)	Data  0.000 ( 0.031)	Loss 2.0344e+00 (1.8672e+00)	Acc@1  25.00 ( 33.17)	Acc@5  76.56 ( 83.74)
0: Epoch: [1][170/391]	Time  0.107 ( 0.134)	Data  0.000 ( 0.029)	Loss 1.8762e+00 (1.8647e+00)	Acc@1  31.25 ( 33.24)	Acc@5  82.81 ( 83.74)
0: Epoch: [1][180/391]	Time  0.107 ( 0.133)	Data  0.000 ( 0.028)	Loss 1.7426e+00 (1.8648e+00)	Acc@1  42.19 ( 33.18)	Acc@5  85.94 ( 83.81)
0: Epoch: [1][190/391]	Time  0.107 ( 0.131)	Data  0.000 ( 0.026)	Loss 1.6851e+00 (1.8597e+00)	Acc@1  34.38 ( 33.34)	Acc@5  92.19 ( 83.93)
0: Epoch: [1][200/391]	Time  0.107 ( 0.130)	Data  0.000 ( 0.025)	Loss 1.9743e+00 (1.8573e+00)	Acc@1  28.12 ( 33.50)	Acc@5  85.94 ( 83.96)
0: Epoch: [1][210/391]	Time  0.107 ( 0.129)	Data  0.000 ( 0.024)	Loss 1.8648e+00 (1.8585e+00)	Acc@1  34.38 ( 33.49)	Acc@5  76.56 ( 83.90)
0: Epoch: [1][220/391]	Time  0.107 ( 0.128)	Data  0.000 ( 0.023)	Loss 1.7703e+00 (1.8596e+00)	Acc@1  34.3
0: 8 ( 33.52)	Acc@5  85.94 ( 83.81)
0: Epoch: [1][230/391]	Time  0.107 ( 0.127)	Data  0.000 ( 0.022)	Loss 1.9082e+00 (1.8598e+00)	Acc@1  43.75 ( 33.58)	Acc@5  82.81 ( 83.79)
0: Epoch: [1][240/391]	Time  0.107 ( 0.126)	Data  0.000 ( 0.021)	Loss 1.8486e+00 (1.8555e+00)	Acc@1  39.06 ( 33.69)	Acc@5  82.81 ( 83.86)
0: Epoch: [1][250/391]	Time  0.107 ( 0.125)	Data  0.000 ( 0.021)	Loss 1.6993e+00 (1.8573e+00)	Acc@1  35.94 ( 33.63)	Acc@5  90.62 ( 83.88)
0: Epoch: [1][260/391]	Time  0.108 ( 0.125)	Data  0.000 ( 0.020)	Loss 1.6497e+00 (1.8547e+00)	Acc@1  48.44 ( 33.75)	Acc@5  89.06 ( 83.93)
0: Epoch: [1][270/391]	Time  0.107 ( 0.124)	Data  0.000 ( 0.019)	Loss 1.6948e+00 (1.8514e+00)	Acc@1  35.94 ( 33.86)	Acc@5  85.94 ( 84.03)
0: Epoch: [1][280/391]	Time  0.107 ( 0.124)	Data  0.000 ( 0.019)	Loss 1.8496e+00 (1.8503e+00)	Acc@1  39.06 ( 33.94)	Acc@5  82.81 ( 84.06)
0: Epoch: [1][290/391]	Time  0.109 ( 0.123)	Data  0.000 ( 0.018)	Loss 1.6457e+00 (1.8467e+00)	Acc@1  43.75 ( 34.13)	Acc@5  89.06 ( 84.16)
0: Epoch: [1][300/391]	Time  0.107 ( 0.123)	Data 
0:  0.000 ( 0.018)	Loss 1.7618e+00 (1.8452e+00)	Acc@1  45.31 ( 34.23)	Acc@5  85.94 ( 84.17)
0: Epoch: [1][310/391]	Time  0.107 ( 0.122)	Data  0.000 ( 0.017)	Loss 1.8451e+00 (1.8432e+00)	Acc@1  31.25 ( 34.26)	Acc@5  85.94 ( 84.20)
0: Epoch: [1][320/391]	Time  0.108 ( 0.122)	Data  0.000 ( 0.017)	Loss 2.1294e+00 (1.8422e+00)	Acc@1  23.44 ( 34.25)	Acc@5  73.44 ( 84.22)
0: Epoch: [1][330/391]	Time  0.107 ( 0.121)	Data  0.000 ( 0.016)	Loss 1.6879e+00 (1.8425e+00)	Acc@1  43.75 ( 34.23)	Acc@5  90.62 ( 84.21)
0: Epoch: [1][340/391]	Time  0.107 ( 0.121)	Data  0.000 ( 0.016)	Loss 1.8933e+00 (1.8416e+00)	Acc@1  25.00 ( 34.29)	Acc@5  85.94 ( 84.25)
0: Epoch: [1][350/391]	Time  0.108 ( 0.120)	Data  0.000 ( 0.015)	Loss 1.5890e+00 (1.8388e+00)	Acc@1  43.75 ( 34.41)	Acc@5  90.62 ( 84.31)
0: Epoch: [1][360/391]	Time  0.107 ( 0.120)	Data  0.000 ( 0.015)	Loss 1.9070e+00 (1.8372e+00)	Acc@1  31.25 ( 34.43)	Acc@5  82.81 ( 84.38)
0: Epoch: [1][370/391]	Time  0.107 ( 0.120)	Data  0.000 ( 0.015)	Loss 1.8231e+00 (1.8362e+00)	Acc@1  39.06 ( 34.48)	Acc@5  82.81
0:  ( 84.42)
0: Epoch: [1][380/391]	Time  0.108 ( 0.119)	Data  0.000 ( 0.014)	Loss 1.8775e+00 (1.8343e+00)	Acc@1  35.94 ( 34.55)	Acc@5  82.81 ( 84.42)
0: Epoch: [1][390/391]	Time  0.095 ( 0.119)	Data  0.000 ( 0.014)	Loss 1.8073e+00 (1.8308e+00)	Acc@1  30.00 ( 34.61)	Acc@5  87.50 ( 84.52)
0: Epoch: [1][  0/391]	Time  4.647 ( 4.647)	Data  4.538 ( 4.538)	Loss 1.9328e+00 (1.9328e+00)	Acc@1  35.94 ( 35.94)	Acc@5  84.38 ( 84.38)
0: Epoch: [1][ 10/391]	Time  0.107 ( 0.521)	Data  0.000 ( 0.416)	Loss 1.8570e+00 (1.9177e+00)	Acc@1  23.44 ( 30.68)	Acc@5  82.81 ( 81.53)
0: Epoch: [1][ 20/391]	Time  0.107 ( 0.324)	Data  0.000 ( 0.219)	Loss 1.9327e+00 (1.9033e+00)	Acc@1  29.69 ( 30.43)	Acc@5  78.12 ( 81.99)
0: Epoch: [1][ 30/391]	Time  0.107 ( 0.254)	Data  0.000 ( 0.149)	Loss 1.7532e+00 (1.8851e+00)	Acc@1  42.19 ( 31.35)	Acc@5  85.94 ( 82.61)
0: Epoch: [1][ 40/391]	Time  0.107 ( 0.218)	Data  0.000 ( 0.113)	Loss 2.1545e+00 (1.9093e+00)	Acc@1  25.00 ( 31.52)	Acc@5  78.12 ( 82.20)
0: Epoch: [1][ 50/391]	Time  0.107 ( 0.197)	Data  0.000 ( 0.092)	Loss 1.8169e+00 (1.9114e+00)	Acc@1  35.94 ( 31.40)	Acc@5  85.94 ( 82.48)
0: Epoch: [1][ 60/391]	Time  0.107 ( 0.182)	Data  0.000 ( 0.077)	Loss 2.0794e+00 (1.9109e+00)	Acc@1  28.12 ( 31.61)	Acc@5  82.81 ( 82.76)
0: Epoch: [1][ 70/391]	Time  0.109 ( 0.172)	Data  0.000 ( 0.066)	Loss 1.8836e+00 (
0: 1.9146e+00)	Acc@1  28.12 ( 31.73)	Acc@5  84.38 ( 82.59)
0: Epoch: [1][ 80/391]	Time  0.107 ( 0.164)	Data  0.000 ( 0.059)	Loss 1.9285e+00 (1.9122e+00)	Acc@1  29.69 ( 31.89)	Acc@5  81.25 ( 82.66)
0: Epoch: [1][ 90/391]	Time  0.107 ( 0.157)	Data  0.000 ( 0.052)	Loss 1.7949e+00 (1.9098e+00)	Acc@1  29.69 ( 31.80)	Acc@5  87.50 ( 82.62)
0: Epoch: [1][100/391]	Time  0.107 ( 0.153)	Data  0.000 ( 0.047)	Loss 1.8590e+00 (1.9027e+00)	Acc@1  31.25 ( 32.04)	Acc@5  85.94 ( 82.72)
0: Epoch: [1][110/391]	Time  0.107 ( 0.148)	Data  0.000 ( 0.043)	Loss 1.5732e+00 (1.8917e+00)	Acc@1  34.38 ( 32.46)	Acc@5  92.19 ( 82.95)
0: Epoch: [1][120/391]	Time  0.107 ( 0.145)	Data  0.000 ( 0.040)	Loss 2.0363e+00 (1.8908e+00)	Acc@1  20.31 ( 32.14)	Acc@5  82.81 ( 82.97)
0: Epoch: [1][130/391]	Time  0.107 ( 0.142)	Data  0.000 ( 0.037)	Loss 2.0112e+00 (1.8942e+00)	Acc@1  26.56 ( 31.88)	Acc@5  76.56 ( 82.75)
0: Epoch: [1][140/391]	Time  0.108 ( 0.140)	Data  0.000 ( 0.035)	Loss 1.8748e+00 (1.8926e+00)	Acc@1  34.38 ( 32.00)	Acc@5  84.38 ( 82.83)
0: Epoch: [1][150/391]	Tim
0: e  0.107 ( 0.138)	Data  0.000 ( 0.032)	Loss 1.7248e+00 (1.8865e+00)	Acc@1  35.94 ( 32.17)	Acc@5  81.25 ( 82.96)
0: Epoch: [1][160/391]	Time  0.107 ( 0.136)	Data  0.000 ( 0.031)	Loss 1.8231e+00 (1.8861e+00)	Acc@1  34.38 ( 32.24)	Acc@5  85.94 ( 82.87)
0: Epoch: [1][170/391]	Time  0.107 ( 0.134)	Data  0.000 ( 0.029)	Loss 1.8254e+00 (1.8775e+00)	Acc@1  34.38 ( 32.44)	Acc@5  81.25 ( 83.05)
0: Epoch: [1][180/391]	Time  0.107 ( 0.133)	Data  0.000 ( 0.027)	Loss 1.8248e+00 (1.8752e+00)	Acc@1  35.94 ( 32.55)	Acc@5  78.12 ( 83.08)
0: Epoch: [1][190/391]	Time  0.107 ( 0.131)	Data  0.000 ( 0.026)	Loss 1.9856e+00 (1.8724e+00)	Acc@1  26.56 ( 32.66)	Acc@5  87.50 ( 83.15)
0: Epoch: [1][200/391]	Time  0.107 ( 0.130)	Data  0.000 ( 0.025)	Loss 1.9401e+00 (1.8712e+00)	Acc@1  25.00 ( 32.62)	Acc@5  84.38 ( 83.26)
0: Epoch: [1][210/391]	Time  0.108 ( 0.129)	Data  0.000 ( 0.024)	Loss 1.8557e+00 (1.8693e+00)	Acc@1  28.12 ( 32.76)	Acc@5  84.38 ( 83.34)
0: Epoch: [1][220/391]	Time  0.107 ( 0.128)	Data  0.000 ( 0.023)	Loss 1.9806e+00 (1.8717e+00)	Acc@1  29.6
0: 9 ( 32.78)	Acc@5  81.25 ( 83.28)
0: Epoch: [1][230/391]	Time  0.106 ( 0.127)	Data  0.000 ( 0.022)	Loss 2.0611e+00 (1.8684e+00)	Acc@1  32.81 ( 33.01)	Acc@5  76.56 ( 83.37)
0: Epoch: [1][240/391]	Time  0.107 ( 0.126)	Data  0.000 ( 0.021)	Loss 1.7487e+00 (1.8659e+00)	Acc@1  34.38 ( 32.96)	Acc@5  87.50 ( 83.49)
0: Epoch: [1][250/391]	Time  0.107 ( 0.125)	Data  0.000 ( 0.020)	Loss 1.9324e+00 (1.8630e+00)	Acc@1  37.50 ( 33.09)	Acc@5  85.94 ( 83.62)
0: Epoch: [1][260/391]	Time  0.107 ( 0.125)	Data  0.000 ( 0.020)	Loss 1.6532e+00 (1.8616e+00)	Acc@1  40.62 ( 33.06)	Acc@5  85.94 ( 83.65)
0: Epoch: [1][270/391]	Time  0.107 ( 0.124)	Data  0.000 ( 0.019)	Loss 1.8957e+00 (1.8599e+00)	Acc@1  26.56 ( 33.16)	Acc@5  85.94 ( 83.66)
0: Epoch: [1][280/391]	Time  0.106 ( 0.123)	Data  0.000 ( 0.019)	Loss 1.9863e+00 (1.8583e+00)	Acc@1  31.25 ( 33.12)	Acc@5  84.38 ( 83.74)
0: Epoch: [1][290/391]	Time  0.109 ( 0.123)	Data  0.000 ( 0.018)	Loss 2.0434e+00 (1.8589e+00)	Acc@1  29.69 ( 33.16)	Acc@5  84.38 ( 83.74)
0: Epoch: [1][300/391]	Time  0.107 ( 0.122)	Data 
0:  0.000 ( 0.017)	Loss 1.7048e+00 (1.8572e+00)	Acc@1  26.56 ( 33.20)	Acc@5  92.19 ( 83.82)
0: Epoch: [1][310/391]	Time  0.107 ( 0.122)	Data  0.000 ( 0.017)	Loss 1.7384e+00 (1.8572e+00)	Acc@1  40.62 ( 33.17)	Acc@5  85.94 ( 83.85)
0: Epoch: [1][320/391]	Time  0.107 ( 0.122)	Data  0.000 ( 0.017)	Loss 1.8700e+00 (1.8573e+00)	Acc@1  31.25 ( 33.15)	Acc@5  89.06 ( 83.91)
0: Epoch: [1][330/391]	Time  0.107 ( 0.121)	Data  0.000 ( 0.016)	Loss 1.9034e+00 (1.8560e+00)	Acc@1  42.19 ( 33.26)	Acc@5  85.94 ( 84.03)
0: Epoch: [1][340/391]	Time  0.107 ( 0.121)	Data  0.000 ( 0.016)	Loss 1.8399e+00 (1.8557e+00)	Acc@1  29.69 ( 33.21)	Acc@5  82.81 ( 84.06)
0: Epoch: [1][350/391]	Time  0.107 ( 0.120)	Data  0.000 ( 0.015)	Loss 1.5004e+00 (1.8530e+00)	Acc@1  46.88 ( 33.31)	Acc@5  92.19 ( 84.11)
0: Epoch: [1][360/391]	Time  0.107 ( 0.120)	Data  0.000 ( 0.015)	Loss 1.6389e+00 (1.8504e+00)	Acc@1  34.38 ( 33.41)	Acc@5  92.19 ( 84.18)
0: Epoch: [1][370/391]	Time  0.108 ( 0.120)	Data  0.000 ( 0.015)	Loss 1.8136e+00 (1.8483e+00)	Acc@1  35.94 ( 33.44)	Acc@5  89.06
0:  ( 84.24)
0: Epoch: [1][380/391]	Time  0.107 ( 0.119)	Data  0.000 ( 0.014)	Loss 2.1257e+00 (1.8482e+00)	Acc@1  26.56 ( 33.42)	Acc@5  71.88 ( 84.22)
0: Epoch: [1][390/391]	Time  0.095 ( 0.119)	Data  0.000 ( 0.014)	Loss 1.6420e+00 (1.8436e+00)	Acc@1  50.00 ( 33.55)	Acc@5  87.50 ( 84.35)
0: Test: [  0/157]	Time  2.357 ( 2.357)	Loss 1.5755e+00 (1.5755e+00)	Acc@1  34.38 ( 34.38)	Acc@5  90.62 ( 90.62)
0: Test: [ 10/157]	Time  0.025 ( 0.237)	Loss 1.7723e+00 (1.7744e+00)	Acc@1  39.06 ( 35.94)	Acc@5  82.81 ( 85.65)
0: Test: [ 20/157]	Time  0.025 ( 0.136)	Loss 1.8422e+00 (1.7402e+00)	Acc@1  29.69 ( 36.61)	Acc@5  82.81 ( 85.86)
0: Test: [ 30/157]	Time  0.025 ( 0.100)	Loss 1.8360e+00 (1.7365e+00)	Acc@1  26.56 ( 36.64)	Acc@5  82.81 ( 85.94)
0: Test: [ 40/157]	Time  0.025 ( 0.082)	Loss 1.8157e+00 (1.7333e+00)	Acc@1  39.06 ( 37.35)	Acc@5  82.81 ( 85.94)
0: Test: [ 50/157]	Time  0.025 ( 0.071)	Loss 1.8355e+00 (1.7343e+00)	Acc@1  29.69 ( 37.78)	Acc@5  82.81 ( 86.24)
0: Test: [ 60/157]	Time  0.025 ( 0.063)	Loss 1.7793e+00 (1.7330e+00)	Acc@1  31.25 ( 37.99)	Acc@5  85.94 ( 86.19)
0: Test: [ 70/157]	Time  0.025 ( 0.058)	Loss 1.3618e+00 (1.7252e+00)	Acc@1  54.69 ( 38.29)	Acc@5  98.44 ( 86.36)
0: Test: [ 80/157]	Time  0.025 ( 0.054)	Loss 1.5792e+00 (1.7181e+00)	Acc@1  43.75 ( 38.41)	Acc@5  89.06 ( 86.73)
0: Test: [ 90/157]	Time  0.025 ( 0.05
0: 1)	Loss 1.5737e+00 (1.7270e+00)	Acc@1  43.75 ( 38.05)	Acc@5  92.19 ( 86.62)
0: Test: [100/157]	Time  0.025 ( 0.048)	Loss 1.8276e+00 (1.7292e+00)	Acc@1  40.62 ( 38.10)	Acc@5  87.50 ( 86.65)
0: Test: [110/157]	Time  0.025 ( 0.046)	Loss 1.5805e+00 (1.7282e+00)	Acc@1  45.31 ( 38.32)	Acc@5  85.94 ( 86.60)
0: Test: [120/157]	Time  0.025 ( 0.044)	Loss 1.7147e+00 (1.7274e+00)	Acc@1  37.50 ( 38.24)	Acc@5  92.19 ( 86.75)
0: Test: [130/157]	Time  0.025 ( 0.043)	Loss 1.8076e+00 (1.7286e+00)	Acc@1  34.38 ( 38.00)	Acc@5  89.06 ( 86.77)
0: Test: [140/157]	Time  0.025 ( 0.042)	Loss 1.8957e+00 (1.7321e+00)	Acc@1  40.62 ( 37.98)	Acc@5  85.94 ( 86.86)
0: Test: [150/157]	Time  0.025 ( 0.040)	Loss 1.7081e+00 (1.7304e+00)	Acc@1  34.38 ( 38.06)	Acc@5  85.94 ( 86.94)
0:  * Acc@1 37.880 Acc@5 87.010
0: Epoch 1/3 - 53.021s
0: Test: [  0/157]	Time  2.356 ( 2.356)	Loss 1.5755e+00 (1.5755e+00)	Acc@1  34.38 ( 34.38)	Acc@5  90.62 ( 90.62)
0: Test: [ 10/157]	Time  0.025 ( 0.237)	Loss 1.7723e+00 (1.7744e+00)	Acc@1  39.06 ( 35.94)	Acc@5  82.81 ( 85.65)
0: Test: [ 20/157]	Time  0.025 ( 0.136)	Loss 1.8422e+00 (1.7402e+00)	Acc@1  29.69 ( 36.61)	Acc@5  82.81 ( 85.86)
0: Test: [ 30/157]	Time  0.025 ( 0.100)	Loss 1.8360e+00 (1.7365e+00)	Acc@1  26.56 ( 36.64)	Acc@5  82.81 ( 85.94)
0: Test: [ 40/157]	Time  0.025 ( 0.082)	Loss 1.8157e+00 (1.7333e+00)	Acc@1  39.06 ( 37.35)	Acc@5  82.81 ( 85.94)
0: Test: [ 50/157]	Time  0.025 ( 0.071)	Loss 1.8355e+00 (1.7343e+00)	Acc@1  29.69 ( 37.78)	Acc@5  82.81 ( 86.24)
0: Test: [ 60/157]	Time  0.025 ( 0.063)	Loss 1.7793e+00 (1.7330e+00)	Acc@1  31.25 ( 37.99)	Acc@5  85.94 ( 86.19)
0: Test: [ 70/157]	Time  0.025 ( 0.058)	Loss 1.3618e+00 (1.7252e+00)	Acc@1  54.69 ( 38.29)	Acc@5  98.44 ( 86.36)
0: Test: [ 80/157]	Time  0.025 ( 0.054)	Loss 1.5792e+00 (1.7181e+00)	Acc@1  43.75 ( 38.41)	Acc@5  89.06 ( 86.73)
0: Test: [ 90/157]	Time  0.025 ( 0.05
0: 1)	Loss 1.5737e+00 (1.7270e+00)	Acc@1  43.75 ( 38.05)	Acc@5  92.19 ( 86.62)
0: Test: [100/157]	Time  0.025 ( 0.048)	Loss 1.8276e+00 (1.7292e+00)	Acc@1  40.62 ( 38.10)	Acc@5  87.50 ( 86.65)
0: Test: [110/157]	Time  0.025 ( 0.046)	Loss 1.5805e+00 (1.7282e+00)	Acc@1  45.31 ( 38.32)	Acc@5  85.94 ( 86.60)
0: Test: [120/157]	Time  0.025 ( 0.044)	Loss 1.7147e+00 (1.7274e+00)	Acc@1  37.50 ( 38.24)	Acc@5  92.19 ( 86.75)
0: Test: [130/157]	Time  0.025 ( 0.043)	Loss 1.8076e+00 (1.7286e+00)	Acc@1  34.38 ( 38.00)	Acc@5  89.06 ( 86.77)
0: Test: [140/157]	Time  0.025 ( 0.042)	Loss 1.8957e+00 (1.7321e+00)	Acc@1  40.62 ( 37.98)	Acc@5  85.94 ( 86.86)
0: Test: [150/157]	Time  0.025 ( 0.040)	Loss 1.7081e+00 (1.7304e+00)	Acc@1  34.38 ( 38.06)	Acc@5  85.94 ( 86.94)
0:  * Acc@1 37.880 Acc@5 87.010
0: Epoch 1/3 - 53.046s
0: Epoch: [2][  0/391]	Time  4.641 ( 4.641)	Data  4.542 ( 4.542)	Loss 1.6153e+00 (1.6153e+00)	Acc@1  37.50 ( 37.50)	Acc@5  89.06 ( 89.06)
0: Epoch: [2][ 10/391]	Time  0.107 ( 0.519)	Data  0.000 ( 0.415)	Loss 1.8123e+00 (1.6894e+00)	Acc@1  34.38 ( 39.63)	Acc@5  87.50 ( 87.07)
0: Epoch: [2][ 20/391]	Time  0.107 ( 0.323)	Data  0.000 ( 0.219)	Loss 1.7833e+00 (1.6742e+00)	Acc@1  31.25 ( 41.00)	Acc@5  87.50 ( 87.65)
0: Epoch: [2][ 30/391]	Time  0.107 ( 0.254)	Data  0.000 ( 0.149)	Loss 1.8036e+00 (1.6816e+00)	Acc@1  29.69 ( 39.87)	Acc@5  90.62 ( 87.90)
0: Epoch: [2][ 40/391]	Time  0.108 ( 0.218)	Data  0.000 ( 0.113)	Loss 1.7667e+00 (1.6910e+00)	Acc@1  31.25 ( 39.48)	Acc@5  84.38 ( 87.77)
0: Epoch: [2][ 50/391]	Time  0.107 ( 0.196)	Data  0.000 ( 0.091)	Loss 1.6550e+00 (1.6963e+00)	Acc@1  43.75 ( 39.03)	Acc@5  89.06 ( 87.56)
0: Epoch: [2][ 60/391]	Time  0.107 ( 0.181)	Data  0.000 ( 0.077)	Loss 1.4086e+00 (1.6928e+00)	Acc@1  54.69 ( 39.19)	Acc@5  92.19 ( 87.50)
0: Epoch: [2][ 70/391]	Time  0.107 ( 0.171)	Data  0.000 ( 0.066)	Loss 1.8452e+00 (
0: 1.6928e+00)	Acc@1  32.81 ( 39.19)	Acc@5  82.81 ( 87.41)
0: Epoch: [2][ 80/391]	Time  0.108 ( 0.163)	Data  0.000 ( 0.058)	Loss 1.7071e+00 (1.6973e+00)	Acc@1  37.50 ( 39.10)	Acc@5  87.50 ( 87.25)
0: Epoch: [2][ 90/391]	Time  0.107 ( 0.157)	Data  0.000 ( 0.052)	Loss 1.7308e+00 (1.6961e+00)	Acc@1  43.75 ( 39.22)	Acc@5  90.62 ( 87.36)
0: Epoch: [2][100/391]	Time  0.108 ( 0.152)	Data  0.000 ( 0.047)	Loss 1.9729e+00 (1.6999e+00)	Acc@1  34.38 ( 39.08)	Acc@5  82.81 ( 87.42)
0: Epoch: [2][110/391]	Time  0.107 ( 0.148)	Data  0.000 ( 0.043)	Loss 1.6394e+00 (1.7046e+00)	Acc@1  39.06 ( 38.74)	Acc@5  87.50 ( 87.46)
0: Epoch: [2][120/391]	Time  0.107 ( 0.145)	Data  0.000 ( 0.040)	Loss 1.7699e+00 (1.7028e+00)	Acc@1  40.62 ( 39.01)	Acc@5  89.06 ( 87.47)
0: Epoch: [2][130/391]	Time  0.107 ( 0.142)	Data  0.000 ( 0.037)	Loss 1.5261e+00 (1.7046e+00)	Acc@1  40.62 ( 39.01)	Acc@5  90.62 ( 87.58)
0: Epoch: [2][140/391]	Time  0.107 ( 0.139)	Data  0.000 ( 0.035)	Loss 1.6907e+00 (1.6998e+00)	Acc@1  37.50 ( 39.03)	Acc@5  89.06 ( 87.81)
0: Epoch: [2][150/391]	Tim
0: e  0.107 ( 0.137)	Data  0.000 ( 0.032)	Loss 1.5348e+00 (1.6979e+00)	Acc@1  50.00 ( 39.19)	Acc@5  84.38 ( 87.70)
0: Epoch: [2][160/391]	Time  0.107 ( 0.135)	Data  0.000 ( 0.031)	Loss 1.6096e+00 (1.6991e+00)	Acc@1  46.88 ( 39.04)	Acc@5  90.62 ( 87.75)
0: Epoch: [2][170/391]	Time  0.107 ( 0.134)	Data  0.000 ( 0.029)	Loss 1.8271e+00 (1.7015e+00)	Acc@1  35.94 ( 39.03)	Acc@5  87.50 ( 87.60)
0: Epoch: [2][180/391]	Time  0.108 ( 0.132)	Data  0.000 ( 0.027)	Loss 1.4533e+00 (1.7008e+00)	Acc@1  43.75 ( 39.04)	Acc@5  95.31 ( 87.58)
0: Epoch: [2][190/391]	Time  0.107 ( 0.131)	Data  0.000 ( 0.026)	Loss 1.7664e+00 (1.6985e+00)	Acc@1  42.19 ( 39.10)	Acc@5  76.56 ( 87.59)
0: Epoch: [2][200/391]	Time  0.107 ( 0.130)	Data  0.000 ( 0.025)	Loss 1.4644e+00 (1.6959e+00)	Acc@1  43.75 ( 39.21)	Acc@5  89.06 ( 87.59)
0: Epoch: [2][210/391]	Time  0.107 ( 0.129)	Data  0.000 ( 0.024)	Loss 1.8058e+00 (1.6931e+00)	Acc@1  32.81 ( 39.26)	Acc@5  89.06 ( 87.70)
0: Epoch: [2][220/391]	Time  0.107 ( 0.128)	Data  0.000 ( 0.023)	Loss 1.7245e+00 (1.6920e+00)	Acc@1  32.8
0: 1 ( 39.26)	Acc@5  90.62 ( 87.78)
0: Epoch: [2][230/391]	Time  0.107 ( 0.127)	Data  0.000 ( 0.022)	Loss 1.6647e+00 (1.6906e+00)	Acc@1  40.62 ( 39.31)	Acc@5  92.19 ( 87.85)
0: Epoch: [2][240/391]	Time  0.108 ( 0.126)	Data  0.000 ( 0.021)	Loss 1.6820e+00 (1.6902e+00)	Acc@1  31.25 ( 39.27)	Acc@5  90.62 ( 87.87)
0: Epoch: [2][250/391]	Time  0.107 ( 0.125)	Data  0.000 ( 0.020)	Loss 1.5784e+00 (1.6906e+00)	Acc@1  46.88 ( 39.36)	Acc@5  84.38 ( 87.87)
0: Epoch: [2][260/391]	Time  0.108 ( 0.125)	Data  0.000 ( 0.020)	Loss 1.3732e+00 (1.6881e+00)	Acc@1  50.00 ( 39.46)	Acc@5  95.31 ( 87.92)
0: Epoch: [2][270/391]	Time  0.107 ( 0.124)	Data  0.000 ( 0.019)	Loss 1.5985e+00 (1.6878e+00)	Acc@1  32.81 ( 39.47)	Acc@5  96.88 ( 87.96)
0: Epoch: [2][280/391]	Time  0.107 ( 0.123)	Data  0.000 ( 0.019)	Loss 1.6585e+00 (1.6864e+00)	Acc@1  31.25 ( 39.49)	Acc@5  90.62 ( 88.04)
0: Epoch: [2][290/391]	Time  0.107 ( 0.123)	Data  0.000 ( 0.018)	Loss 1.6351e+00 (1.6851e+00)	Acc@1  40.62 ( 39.52)	Acc@5  89.06 ( 88.07)
0: Epoch: [2][300/391]	Time  0.107 ( 0.122)	Data 
0:  0.000 ( 0.017)	Loss 1.6076e+00 (1.6867e+00)	Acc@1  40.62 ( 39.55)	Acc@5  89.06 ( 88.02)
0: Epoch: [2][310/391]	Time  0.107 ( 0.122)	Data  0.000 ( 0.017)	Loss 1.5962e+00 (1.6854e+00)	Acc@1  45.31 ( 39.59)	Acc@5  89.06 ( 88.04)
0: Epoch: [2][320/391]	Time  0.108 ( 0.121)	Data  0.000 ( 0.017)	Loss 1.4143e+00 (1.6841e+00)	Acc@1  50.00 ( 39.62)	Acc@5  87.50 ( 88.05)
0: Epoch: [2][330/391]	Time  0.107 ( 0.121)	Data  0.000 ( 0.016)	Loss 1.6851e+00 (1.6837e+00)	Acc@1  43.75 ( 39.68)	Acc@5  87.50 ( 88.01)
0: Epoch: [2][340/391]	Time  0.109 ( 0.120)	Data  0.000 ( 0.016)	Loss 2.0749e+00 (1.6845e+00)	Acc@1  26.56 ( 39.69)	Acc@5  84.38 ( 88.06)
0: Epoch: [2][350/391]	Time  0.109 ( 0.120)	Data  0.000 ( 0.015)	Loss 1.8500e+00 (1.6858e+00)	Acc@1  32.81 ( 39.57)	Acc@5  85.94 ( 88.04)
0: Epoch: [2][360/391]	Time  0.109 ( 0.120)	Data  0.000 ( 0.015)	Loss 1.7891e+00 (1.6869e+00)	Acc@1  35.94 ( 39.58)	Acc@5  84.38 ( 87.99)
0: Epoch: [2][370/391]	Time  0.109 ( 0.120)	Data  0.000 ( 0.015)	Loss 1.4089e+00 (1.6860e+00)	Acc@1  50.00 ( 39.61)	Acc@5  89.06
0:  ( 87.97)
0: Epoch: [2][380/391]	Time  0.109 ( 0.119)	Data  0.000 ( 0.014)	Loss 1.6286e+00 (1.6865e+00)	Acc@1  48.44 ( 39.62)	Acc@5  93.75 ( 88.01)
0: Epoch: [2][390/391]	Time  0.096 ( 0.119)	Data  0.000 ( 0.014)	Loss 1.6302e+00 (1.6852e+00)	Acc@1  42.50 ( 39.66)	Acc@5  87.50 ( 88.08)
0: Epoch: [2][  0/391]	Time  4.603 ( 4.603)	Data  4.501 ( 4.501)	Loss 1.7532e+00 (1.7532e+00)	Acc@1  40.62 ( 40.62)	Acc@5  84.38 ( 84.38)
0: Epoch: [2][ 10/391]	Time  0.107 ( 0.516)	Data  0.000 ( 0.412)	Loss 1.7001e+00 (1.7423e+00)	Acc@1  37.50 ( 37.78)	Acc@5  84.38 ( 86.08)
0: Epoch: [2][ 20/391]	Time  0.107 ( 0.322)	Data  0.000 ( 0.217)	Loss 1.6171e+00 (1.7164e+00)	Acc@1  42.19 ( 37.72)	Acc@5  82.81 ( 87.05)
0: Epoch: [2][ 30/391]	Time  0.107 ( 0.252)	Data  0.000 ( 0.148)	Loss 1.8051e+00 (1.7176e+00)	Acc@1  35.94 ( 37.50)	Acc@5  90.62 ( 87.05)
0: Epoch: [2][ 40/391]	Time  0.107 ( 0.217)	Data  0.000 ( 0.112)	Loss 1.5908e+00 (1.7159e+00)	Acc@1  51.56 ( 37.96)	Acc@5  87.50 ( 86.74)
0: Epoch: [2][ 50/391]	Time  0.107 ( 0.195)	Data  0.000 ( 0.091)	Loss 1.6582e+00 (1.7217e+00)	Acc@1  37.50 ( 37.68)	Acc@5  93.75 ( 87.19)
0: Epoch: [2][ 60/391]	Time  0.107 ( 0.181)	Data  0.000 ( 0.076)	Loss 1.6335e+00 (1.7218e+00)	Acc@1  35.94 ( 37.88)	Acc@5  87.50 ( 87.01)
0: Epoch: [2][ 70/391]	Time  0.107 ( 0.171)	Data  0.000 ( 0.066)	Loss 1.5225e+00 (
0: 1.7085e+00)	Acc@1  43.75 ( 38.38)	Acc@5  92.19 ( 87.24)
0: Epoch: [2][ 80/391]	Time  0.107 ( 0.163)	Data  0.000 ( 0.058)	Loss 1.7214e+00 (1.7162e+00)	Acc@1  29.69 ( 37.83)	Acc@5  87.50 ( 87.25)
0: Epoch: [2][ 90/391]	Time  0.107 ( 0.157)	Data  0.000 ( 0.052)	Loss 1.8790e+00 (1.7104e+00)	Acc@1  42.19 ( 38.34)	Acc@5  81.25 ( 87.16)
0: Epoch: [2][100/391]	Time  0.106 ( 0.152)	Data  0.000 ( 0.047)	Loss 1.9000e+00 (1.7090e+00)	Acc@1  35.94 ( 38.38)	Acc@5  82.81 ( 87.19)
0: Epoch: [2][110/391]	Time  0.107 ( 0.148)	Data  0.000 ( 0.043)	Loss 1.6570e+00 (1.7068e+00)	Acc@1  39.06 ( 38.36)	Acc@5  90.62 ( 87.27)
0: Epoch: [2][120/391]	Time  0.108 ( 0.144)	Data  0.000 ( 0.040)	Loss 1.5987e+00 (1.7078e+00)	Acc@1  45.31 ( 38.48)	Acc@5  93.75 ( 87.31)
0: Epoch: [2][130/391]	Time  0.107 ( 0.141)	Data  0.000 ( 0.037)	Loss 1.6174e+00 (1.7098e+00)	Acc@1  39.06 ( 38.57)	Acc@5  89.06 ( 87.23)
0: Epoch: [2][140/391]	Time  0.107 ( 0.139)	Data  0.000 ( 0.034)	Loss 1.9138e+00 (1.7025e+00)	Acc@1  34.38 ( 38.77)	Acc@5  79.69 ( 87.39)
0: Epoch: [2][150/391]	Tim
0: e  0.107 ( 0.137)	Data  0.000 ( 0.032)	Loss 1.8786e+00 (1.7046e+00)	Acc@1  34.38 ( 38.71)	Acc@5  81.25 ( 87.43)
0: Epoch: [2][160/391]	Time  0.107 ( 0.135)	Data  0.000 ( 0.030)	Loss 1.7000e+00 (1.7079e+00)	Acc@1  34.38 ( 38.61)	Acc@5  87.50 ( 87.26)
0: Epoch: [2][170/391]	Time  0.107 ( 0.133)	Data  0.000 ( 0.029)	Loss 1.9293e+00 (1.7135e+00)	Acc@1  34.38 ( 38.36)	Acc@5  81.25 ( 87.17)
0: Epoch: [2][180/391]	Time  0.107 ( 0.132)	Data  0.000 ( 0.027)	Loss 1.6216e+00 (1.7104e+00)	Acc@1  43.75 ( 38.49)	Acc@5  90.62 ( 87.23)
0: Epoch: [2][190/391]	Time  0.107 ( 0.131)	Data  0.000 ( 0.026)	Loss 1.8766e+00 (1.7119e+00)	Acc@1  39.06 ( 38.51)	Acc@5  79.69 ( 87.19)
0: Epoch: [2][200/391]	Time  0.107 ( 0.130)	Data  0.000 ( 0.025)	Loss 1.6195e+00 (1.7109e+00)	Acc@1  37.50 ( 38.56)	Acc@5  87.50 ( 87.27)
0: Epoch: [2][210/391]	Time  0.107 ( 0.128)	Data  0.000 ( 0.024)	Loss 1.7041e+00 (1.7063e+00)	Acc@1  40.62 ( 38.71)	Acc@5  84.38 ( 87.34)
0: Epoch: [2][220/391]	Time  0.108 ( 0.128)	Data  0.000 ( 0.023)	Loss 1.8486e+00 (1.7041e+00)	Acc@1  45.3
0: 1 ( 38.91)	Acc@5  79.69 ( 87.26)
0: Epoch: [2][230/391]	Time  0.107 ( 0.127)	Data  0.000 ( 0.022)	Loss 2.0182e+00 (1.7088e+00)	Acc@1  35.94 ( 38.68)	Acc@5  85.94 ( 87.19)
0: Epoch: [2][240/391]	Time  0.108 ( 0.126)	Data  0.000 ( 0.021)	Loss 1.7003e+00 (1.7057e+00)	Acc@1  43.75 ( 38.76)	Acc@5  84.38 ( 87.26)
0: Epoch: [2][250/391]	Time  0.108 ( 0.125)	Data  0.000 ( 0.020)	Loss 1.6398e+00 (1.7032e+00)	Acc@1  39.06 ( 38.82)	Acc@5  89.06 ( 87.32)
0: Epoch: [2][260/391]	Time  0.107 ( 0.124)	Data  0.000 ( 0.020)	Loss 1.5443e+00 (1.7003e+00)	Acc@1  42.19 ( 38.98)	Acc@5  90.62 ( 87.42)
0: Epoch: [2][270/391]	Time  0.108 ( 0.124)	Data  0.000 ( 0.019)	Loss 1.5207e+00 (1.6987e+00)	Acc@1  42.19 ( 39.06)	Acc@5  89.06 ( 87.43)
0: Epoch: [2][280/391]	Time  0.108 ( 0.123)	Data  0.000 ( 0.018)	Loss 1.5719e+00 (1.6979e+00)	Acc@1  35.94 ( 39.08)	Acc@5  84.38 ( 87.44)
0: Epoch: [2][290/391]	Time  0.107 ( 0.123)	Data  0.000 ( 0.018)	Loss 1.7858e+00 (1.6988e+00)	Acc@1  37.50 ( 39.05)	Acc@5  84.38 ( 87.42)
0: Epoch: [2][300/391]	Time  0.107 ( 0.122)	Data 
0:  0.000 ( 0.017)	Loss 1.5402e+00 (1.6971e+00)	Acc@1  51.56 ( 39.09)	Acc@5  90.62 ( 87.53)
0: Epoch: [2][310/391]	Time  0.107 ( 0.122)	Data  0.000 ( 0.017)	Loss 1.5576e+00 (1.6940e+00)	Acc@1  45.31 ( 39.22)	Acc@5  92.19 ( 87.58)
0: Epoch: [2][320/391]	Time  0.107 ( 0.121)	Data  0.000 ( 0.016)	Loss 1.6739e+00 (1.6917e+00)	Acc@1  46.88 ( 39.42)	Acc@5  89.06 ( 87.65)
0: Epoch: [2][330/391]	Time  0.107 ( 0.121)	Data  0.000 ( 0.016)	Loss 1.5015e+00 (1.6903e+00)	Acc@1  39.06 ( 39.50)	Acc@5  93.75 ( 87.66)
0: Epoch: [2][340/391]	Time  0.109 ( 0.120)	Data  0.000 ( 0.016)	Loss 1.5070e+00 (1.6895e+00)	Acc@1  45.31 ( 39.55)	Acc@5  90.62 ( 87.70)
0: Epoch: [2][350/391]	Time  0.109 ( 0.120)	Data  0.000 ( 0.015)	Loss 1.5769e+00 (1.6898e+00)	Acc@1  39.06 ( 39.51)	Acc@5  92.19 ( 87.70)
0: Epoch: [2][360/391]	Time  0.109 ( 0.120)	Data  0.000 ( 0.015)	Loss 1.6223e+00 (1.6903e+00)	Acc@1  40.62 ( 39.47)	Acc@5  90.62 ( 87.66)
0: Epoch: [2][370/391]	Time  0.109 ( 0.119)	Data  0.000 ( 0.014)	Loss 1.5599e+00 (1.6894e+00)	Acc@1  40.62 ( 39.46)	Acc@5  87.50
0:  ( 87.70)
0: Epoch: [2][380/391]	Time  0.109 ( 0.119)	Data  0.000 ( 0.014)	Loss 1.8231e+00 (1.6874e+00)	Acc@1  32.81 ( 39.55)	Acc@5  84.38 ( 87.71)
0: Epoch: [2][390/391]	Time  0.095 ( 0.119)	Data  0.000 ( 0.014)	Loss 1.7670e+00 (1.6862e+00)	Acc@1  25.00 ( 39.56)	Acc@5  92.50 ( 87.75)
0: Test: [  0/157]	Time  2.362 ( 2.362)	Loss 1.5257e+00 (1.5257e+00)	Acc@1  34.38 ( 34.38)	Acc@5  89.06 ( 89.06)
0: Test: [ 10/157]	Time  0.025 ( 0.237)	Loss 1.7697e+00 (1.6835e+00)	Acc@1  40.62 ( 40.34)	Acc@5  85.94 ( 88.21)
0: Test: [ 20/157]	Time  0.025 ( 0.136)	Loss 1.8681e+00 (1.6952e+00)	Acc@1  26.56 ( 39.73)	Acc@5  89.06 ( 87.65)
0: Test: [ 30/157]	Time  0.025 ( 0.100)	Loss 1.7348e+00 (1.6968e+00)	Acc@1  35.94 ( 40.07)	Acc@5  90.62 ( 87.75)
0: Test: [ 40/157]	Time  0.025 ( 0.082)	Loss 1.6206e+00 (1.7108e+00)	Acc@1  39.06 ( 39.56)	Acc@5  89.06 ( 87.96)
0: Test: [ 50/157]	Time  0.025 ( 0.071)	Loss 1.7770e+00 (1.7194e+00)	Acc@1  31.25 ( 39.68)	Acc@5  92.19 ( 87.99)
0: Test: [ 60/157]	Time  0.025 ( 0.063)	Loss 1.6880e+00 (1.7070e+00)	Acc@1  35.94 ( 40.06)	Acc@5  87.50 ( 88.14)
0: Test: [ 70/157]	Time  0.025 ( 0.058)	Loss 1.3690e+00 (1.6998e+00)	Acc@1  50.00 ( 40.47)	Acc@5  96.88 ( 88.47)
0: Test: [ 80/157]	Time  0.025 ( 0.054)	Loss 1.5308e+00 (1.6934e+00)	Acc@1  45.31 ( 40.99)	Acc@5  87.50 ( 88.60)
0: Test: [ 90/157]	Time  0.028 ( 0.05
0: 1)	Loss 1.4624e+00 (1.6958e+00)	Acc@1  43.75 ( 40.37)	Acc@5  93.75 ( 88.53)
0: Test: [100/157]	Time  0.025 ( 0.048)	Loss 1.7637e+00 (1.6942e+00)	Acc@1  35.94 ( 40.32)	Acc@5  84.38 ( 88.60)
0: Test: [110/157]	Time  0.025 ( 0.046)	Loss 1.6346e+00 (1.6926e+00)	Acc@1  42.19 ( 40.37)	Acc@5  90.62 ( 88.57)
0: Test: [120/157]	Time  0.025 ( 0.044)	Loss 1.5752e+00 (1.6919e+00)	Acc@1  53.12 ( 40.62)	Acc@5  84.38 ( 88.56)
0: Test: [130/157]	Time  0.025 ( 0.043)	Loss 1.7724e+00 (1.6989e+00)	Acc@1  42.19 ( 40.36)	Acc@5  87.50 ( 88.39)
0: Test: [140/157]	Time  0.025 ( 0.042)	Loss 1.8510e+00 (1.7043e+00)	Acc@1  39.06 ( 40.18)	Acc@5  87.50 ( 88.21)
0: Test: [150/157]	Time  0.025 ( 0.040)	Loss 1.6189e+00 (1.7037e+00)	Acc@1  39.06 ( 40.12)	Acc@5  85.94 ( 88.27)
0:  * Acc@1 40.020 Acc@5 88.360
0: Epoch 2/3 - 53.018s
0: Steps per epoch: 391
0: Validation steps per epoch: 157
0: Average time per epoch: 54.634 s
0: Test: [  0/157]	Time  2.369 ( 2.369)	Loss 1.5257e+00 (1.5257e+00)	Acc@1  34.38 ( 34.38)	Acc@5  89.06 ( 89.06)
0: Test: [ 10/157]	Time  0.025 ( 0.238)	Loss 1.7697e+00 (1.6835e+00)	Acc@1  40.62 ( 40.34)	Acc@5  85.94 ( 88.21)
0: Test: [ 20/157]	Time  0.025 ( 0.137)	Loss 1.8681e+00 (1.6952e+00)	Acc@1  26.56 ( 39.73)	Acc@5  89.06 ( 87.65)
0: Test: [ 30/157]	Time  0.025 ( 0.101)	Loss 1.7348e+00 (1.6968e+00)	Acc@1  35.94 ( 40.07)	Acc@5  90.62 ( 87.75)
0: Test: [ 40/157]	Time  0.025 ( 0.082)	Loss 1.6206e+00 (1.7108e+00)	Acc@1  39.06 ( 39.56)	Acc@5  89.06 ( 87.96)
0: Test: [ 50/157]	Time  0.025 ( 0.071)	Loss 1.7770e+00 (1.7194e+00)	Acc@1  31.25 ( 39.68)	Acc@5  92.19 ( 87.99)
0: Test: [ 60/157]	Time  0.025 ( 0.063)	Loss 1.6880e+00 (1.7070e+00)	Acc@1  35.94 ( 40.06)	Acc@5  87.50 ( 88.14)
0: Test: [ 70/157]	Time  0.025 ( 0.058)	Loss 1.3690e+00 (1.6998e+00)	Acc@1  50.00 ( 40.47)	Acc@5  96.88 ( 88.47)
0: Test: [ 80/157]	Time  0.025 ( 0.054)	Loss 1.5308e+00 (1.6934e+00)	Acc@1  45.31 ( 40.99)	Acc@5  87.50 ( 88.60)
0: Test: [ 90/157]	Time  0.025 ( 0.05
0: 1)	Loss 1.4624e+00 (1.6958e+00)	Acc@1  43.75 ( 40.37)	Acc@5  93.75 ( 88.53)
0: Test: [100/157]	Time  0.025 ( 0.048)	Loss 1.7637e+00 (1.6942e+00)	Acc@1  35.94 ( 40.32)	Acc@5  84.38 ( 88.60)
0: Test: [110/157]	Time  0.025 ( 0.046)	Loss 1.6346e+00 (1.6926e+00)	Acc@1  42.19 ( 40.37)	Acc@5  90.62 ( 88.57)
0: Test: [120/157]	Time  0.025 ( 0.044)	Loss 1.5752e+00 (1.6919e+00)	Acc@1  53.12 ( 40.62)	Acc@5  84.38 ( 88.56)
0: Test: [130/157]	Time  0.025 ( 0.043)	Loss 1.7724e+00 (1.6989e+00)	Acc@1  42.19 ( 40.36)	Acc@5  87.50 ( 88.39)
0: Test: [140/157]	Time  0.025 ( 0.042)	Loss 1.8510e+00 (1.7043e+00)	Acc@1  39.06 ( 40.18)	Acc@5  87.50 ( 88.21)
0: Test: [150/157]	Time  0.025 ( 0.041)	Loss 1.6189e+00 (1.7037e+00)	Acc@1  39.06 ( 40.12)	Acc@5  85.94 ( 88.27)
0:  * Acc@1 40.020 Acc@5 88.360
0: Epoch 2/3 - 52.992s
0: Steps per epoch: 391
0: Validation steps per epoch: 157
0: Average time per epoch: 54.635 s
0: --- 169.4921555519104 seconds ---
ELAPSED: 171 seconds
End at Mon Feb  1 00:20:51 EET 2021
