WORKERS: "gpu20-ib:5555","gpu21-ib:5555","gpu22-ib:5555","gpu23-ib:5555"
Start at Mon Feb  1 00:13:26 EET 2021
CUDA_VISIBLE_DEVICES: 0,1
Running on hosts: gpu[20-23]
Running on 4 nodes.
Running 1 tasks per node
Job id is 1085640
srun -w gpu20 -N 1 -n 1 -l python -u train.pytorch.imagenet.py --config=configs/pytorch_imagenet_resnet.B128.yaml --dist-url 'tcp://gpu20-ib:5555' --dist-backend 'nccl' --multiprocessing-distributed --world-size 4 --rank 0 & 
srun -w gpu21 -N 1 -n 1 -l python -u train.pytorch.imagenet.py --config=configs/pytorch_imagenet_resnet.B128.yaml --dist-url 'tcp://gpu20-ib:5555' --dist-backend 'nccl' --multiprocessing-distributed --world-size 4 --rank 1 & 
srun -w gpu22 -N 1 -n 1 -l python -u train.pytorch.imagenet.py --config=configs/pytorch_imagenet_resnet.B128.yaml --dist-url 'tcp://gpu20-ib:5555' --dist-backend 'nccl' --multiprocessing-distributed --world-size 4 --rank 2 & 
srun -w gpu23 -N 1 -n 1 -l python -u train.pytorch.imagenet.py --config=configs/pytorch_imagenet_resnet.B128.yaml --dist-url 'tcp://gpu20-ib:5555' --dist-backend 'nccl' --multiprocessing-distributed --world-size 4 --rank 3 & 
0: Number of devices per node: 2
0: Number of devices per node: 2
0: Number of devices per node: 2
0: Number of devices per node: 2
0: Use GPU: 1 for training
0: => creating model 'resnet50'
0: Use GPU: 0 for training
0: => creating model 'resnet50'
0: Use GPU: 0 for training
0: => creating model 'resnet50'
0: Use GPU: 0 for training
0: => creating model 'resnet50'
0: Use GPU: 1 for training
0: => creating model 'resnet50'
0: Use GPU: 1 for training
0: => creating model 'resnet50'
0: Use GPU: 1 for training
0: => creating model 'resnet50'
0: Use GPU: 0 for training
0: => creating model 'resnet50'
0: Epoch: [0][ 0/98]	Time  7.611 ( 7.611)	Data  4.622 ( 4.622)	Loss 7.2324e+00 (7.2324e+00)	Acc@1   1.56 (  1.56)	Acc@5   1.56 (  1.56)
0: Epoch: [0][10/98]	Time  0.110 ( 0.791)	Data  0.000 ( 0.420)	Loss 2.5314e+00 (4.7646e+00)	Acc@1  15.62 (  7.67)	Acc@5  60.94 ( 34.80)
0: Epoch: [0][20/98]	Time  0.110 ( 0.467)	Data  0.000 ( 0.221)	Loss 2.5132e+00 (3.6669e+00)	Acc@1  14.06 (  9.45)	Acc@5  50.00 ( 45.09)
0: Epoch: [0][30/98]	Time  0.110 ( 0.352)	Data  0.000 ( 0.151)	Loss 2.3952e+00 (3.2714e+00)	Acc@1  14.06 ( 10.79)	Acc@5  64.06 ( 48.69)
0: Epoch: [0][40/98]	Time  0.110 ( 0.293)	Data  0.000 ( 0.115)	Loss 2.3536e+00 (3.0499e+00)	Acc@1   7.81 ( 11.39)	Acc@5  56.25 ( 50.80)
0: Epoch: [0][50/98]	Time  0.110 ( 0.257)	Data  0.000 ( 0.093)	Loss 2.3673e+00 (2.9170e+00)	Acc@1  12.50 ( 12.19)	Acc@5  51.56 ( 51.75)
0: Epoch: [0][60/98]	Time  0.110 ( 0.233)	Data  0.000 ( 0.078)	Loss 2.3551e+00 (2.8117e+00)	Acc@1  15.62 ( 12.58)	Acc@5  53.12 ( 53.89)
0: Epoch: [0][70/98]	Time  0.110 ( 0.216)	Data  0.000 ( 0.067)	Loss 2.2547e+00 (2.7415e+00)	Acc@
0: 1  17.19 ( 12.83)	Acc@5  71.88 ( 55.13)
0: Epoch: [0][80/98]	Time  0.110 ( 0.203)	Data  0.000 ( 0.059)	Loss 2.2768e+00 (2.6889e+00)	Acc@1  14.06 ( 13.18)	Acc@5  60.94 ( 55.56)
0: Epoch: [0][90/98]	Time  0.111 ( 0.192)	Data  0.000 ( 0.053)	Loss 2.1258e+00 (2.6381e+00)	Acc@1  18.75 ( 13.67)	Acc@5  73.44 ( 56.85)
0: Epoch: [0][ 0/98]	Time  7.617 ( 7.617)	Data  4.620 ( 4.620)	Loss 7.0895e+00 (7.0895e+00)	Acc@1   0.00 (  0.00)	Acc@5   0.00 (  0.00)
0: Epoch: [0][10/98]	Time  0.110 ( 0.791)	Data  0.000 ( 0.420)	Loss 2.6537e+00 (4.7601e+00)	Acc@1  15.62 (  8.24)	Acc@5  51.56 ( 30.97)
0: Epoch: [0][20/98]	Time  0.110 ( 0.467)	Data  0.000 ( 0.221)	Loss 2.3218e+00 (3.6951e+00)	Acc@1  12.50 (  8.63)	Acc@5  57.81 ( 40.48)
0: Epoch: [0][30/98]	Time  0.110 ( 0.352)	Data  0.000 ( 0.151)	Loss 2.2992e+00 (3.2989e+00)	Acc@1  18.75 (  9.63)	Acc@5  62.50 ( 45.06)
0: Epoch: [0][40/98]	Time  0.110 ( 0.293)	Data  0.000 ( 0.115)	Loss 2.1809e+00 (3.0739e+00)	Acc@1  25.00 ( 10.59)	Acc@5  70.31 ( 47.71)
0: Epoch: [0][50/98]	Time  0.110 ( 0.257)	Data  0.000 ( 0.093)	Loss 2.4601e+00 (2.9393e+00)	Acc@1   7.81 ( 11.31)	Acc@5  54.69 ( 49.66)
0: Epoch: [0][60/98]	Time  0.110 ( 0.233)	Data  0.000 ( 0.078)	Loss 2.3295e+00 (2.8403e+00)	Acc@1   4.69 ( 11.60)	Acc@5  71.88 ( 51.54)
0: Epoch: [0][70/98]	Time  0.110 ( 0.215)	Data  0.000 ( 0.068)	Loss 2.1908e+00 (2.7622e+00)	Acc@
0: 1  18.75 ( 12.08)	Acc@5  64.06 ( 53.08)
0: Epoch: [0][80/98]	Time  0.111 ( 0.203)	Data  0.000 ( 0.060)	Loss 2.3051e+00 (2.7027e+00)	Acc@1  12.50 ( 12.67)	Acc@5  62.50 ( 54.26)
0: Epoch: [0][90/98]	Time  0.111 ( 0.192)	Data  0.000 ( 0.053)	Loss 2.2339e+00 (2.6526e+00)	Acc@1  18.75 ( 13.22)	Acc@5  70.31 ( 55.37)
0: Epoch: [0][ 0/98]	Time  7.625 ( 7.625)	Data  4.591 ( 4.591)	Loss 7.2034e+00 (7.2034e+00)	Acc@1   0.00 (  0.00)	Acc@5   1.56 (  1.56)
0: Epoch: [0][10/98]	Time  0.110 ( 0.792)	Data  0.000 ( 0.417)	Loss 2.5837e+00 (4.7854e+00)	Acc@1   7.81 (  7.24)	Acc@5  53.12 ( 32.24)
0: Epoch: [0][20/98]	Time  0.110 ( 0.467)	Data  0.000 ( 0.220)	Loss 2.3787e+00 (3.6568e+00)	Acc@1  12.50 (  9.52)	Acc@5  59.38 ( 44.42)
0: Epoch: [0][30/98]	Time  0.110 ( 0.352)	Data  0.000 ( 0.150)	Loss 2.5308e+00 (3.2543e+00)	Acc@1   9.38 ( 10.99)	Acc@5  53.12 ( 49.50)
0: Epoch: [0][40/98]	Time  0.110 ( 0.293)	Data  0.000 ( 0.114)	Loss 2.4164e+00 (3.0502e+00)	Acc@1  14.06 ( 11.20)	Acc@5  59.38 ( 51.37)
0: Epoch: [0][50/98]	Time  0.110 ( 0.257)	Data  0.000 ( 0.092)	Loss 2.2659e+00 (2.9097e+00)	Acc@1  12.50 ( 11.64)	Acc@5  59.38 ( 53.03)
0: Epoch: [0][60/98]	Time  0.110 ( 0.233)	Data  0.000 ( 0.078)	Loss 2.2889e+00 (2.8067e+00)	Acc@1  14.06 ( 12.45)	Acc@5  67.19 ( 55.05)
0: Epoch: [0][70/98]	Time  0.110 ( 0.216)	Data  0.000 ( 0.067)	Loss 2.5335e+00 (2.7363e+00)	Acc@
0: 1   4.69 ( 12.83)	Acc@5  48.44 ( 55.88)
0: Epoch: [0][80/98]	Time  0.110 ( 0.203)	Data  0.000 ( 0.059)	Loss 2.3790e+00 (2.6734e+00)	Acc@1  10.94 ( 13.27)	Acc@5  54.69 ( 57.12)
0: Epoch: [0][90/98]	Time  0.111 ( 0.192)	Data  0.000 ( 0.053)	Loss 2.2201e+00 (2.6280e+00)	Acc@1  20.31 ( 13.74)	Acc@5  65.62 ( 57.95)
0: Epoch: [0][ 0/98]	Time  7.632 ( 7.632)	Data  4.576 ( 4.576)	Loss 7.2840e+00 (7.2840e+00)	Acc@1   0.00 (  0.00)	Acc@5   0.00 (  0.00)
0: Epoch: [0][10/98]	Time  0.110 ( 0.793)	Data  0.000 ( 0.416)	Loss 2.5197e+00 (4.7952e+00)	Acc@1  14.06 (  7.81)	Acc@5  56.25 ( 33.10)
0: Epoch: [0][20/98]	Time  0.110 ( 0.468)	Data  0.000 ( 0.219)	Loss 2.4820e+00 (3.6771e+00)	Acc@1  10.94 ( 10.42)	Acc@5  57.81 ( 45.09)
0: Epoch: [0][30/98]	Time  0.110 ( 0.352)	Data  0.000 ( 0.149)	Loss 2.3723e+00 (3.2585e+00)	Acc@1  15.62 ( 11.59)	Acc@5  60.94 ( 49.04)
0: Epoch: [0][40/98]	Time  0.111 ( 0.293)	Data  0.000 ( 0.114)	Loss 2.4108e+00 (3.0454e+00)	Acc@1   7.81 ( 11.89)	Acc@5  59.38 ( 50.99)
0: Epoch: [0][50/98]	Time  0.110 ( 0.257)	Data  0.000 ( 0.092)	Loss 2.2336e+00 (2.9138e+00)	Acc@1  20.31 ( 11.89)	Acc@5  65.62 ( 52.36)
0: Epoch: [0][60/98]	Time  0.110 ( 0.233)	Data  0.000 ( 0.077)	Loss 2.1948e+00 (2.8183e+00)	Acc@1  18.75 ( 12.30)	Acc@5  78.12 ( 53.89)
0: Epoch: [0][70/98]	Time  0.110 ( 0.216)	Data  0.000 ( 0.067)	Loss 2.4887e+00 (2.7488e+00)	Acc@
0: 1  14.06 ( 12.79)	Acc@5  48.44 ( 54.73)
0: Epoch: [0][80/98]	Time  0.110 ( 0.203)	Data  0.000 ( 0.059)	Loss 2.3632e+00 (2.6876e+00)	Acc@1   9.38 ( 13.27)	Acc@5  64.06 ( 55.73)
0: Epoch: [0][90/98]	Time  0.110 ( 0.193)	Data  0.000 ( 0.053)	Loss 2.2246e+00 (2.6394e+00)	Acc@1  23.44 ( 13.89)	Acc@5  60.94 ( 56.77)
0: Epoch: [0][ 0/98]	Time  7.625 ( 7.625)	Data  4.573 ( 4.573)	Loss 7.2977e+00 (7.2977e+00)	Acc@1   0.00 (  0.00)	Acc@5   1.56 (  1.56)
0: Epoch: [0][10/98]	Time  0.110 ( 0.793)	Data  0.000 ( 0.416)	Loss 2.6015e+00 (4.8135e+00)	Acc@1  14.06 (  7.67)	Acc@5  57.81 ( 31.82)
0: Epoch: [0][20/98]	Time  0.110 ( 0.468)	Data  0.000 ( 0.219)	Loss 2.3909e+00 (3.7101e+00)	Acc@1  14.06 (  9.82)	Acc@5  50.00 ( 43.08)
0: Epoch: [0][30/98]	Time  0.110 ( 0.352)	Data  0.000 ( 0.149)	Loss 2.4206e+00 (3.2887e+00)	Acc@1   4.69 ( 10.48)	Acc@5  62.50 ( 48.39)
0: Epoch: [0][40/98]	Time  0.110 ( 0.293)	Data  0.000 ( 0.113)	Loss 2.3825e+00 (3.0608e+00)	Acc@1   9.38 ( 11.59)	Acc@5  59.38 ( 50.53)
0: Epoch: [0][50/98]	Time  0.110 ( 0.257)	Data  0.000 ( 0.092)	Loss 2.3824e+00 (2.9218e+00)	Acc@1  15.62 ( 12.10)	Acc@5  60.94 ( 51.96)
0: Epoch: [0][60/98]	Time  0.110 ( 0.233)	Data  0.000 ( 0.077)	Loss 2.2866e+00 (2.8123e+00)	Acc@1  12.50 ( 12.81)	Acc@5  68.75 ( 53.71)
0: Epoch: [0][70/98]	Time  0.110 ( 0.216)	Data  0.000 ( 0.067)	Loss 2.2374e+00 (2.7408e+00)	Acc@
0: 1  21.88 ( 13.07)	Acc@5  62.50 ( 54.89)
0: Epoch: [0][80/98]	Time  0.110 ( 0.203)	Data  0.000 ( 0.059)	Loss 2.3714e+00 (2.6791e+00)	Acc@1  15.62 ( 13.68)	Acc@5  54.69 ( 56.27)
0: Epoch: [0][90/98]	Time  0.110 ( 0.193)	Data  0.000 ( 0.053)	Loss 2.2491e+00 (2.6315e+00)	Acc@1  15.62 ( 14.13)	Acc@5  67.19 ( 57.28)
0: Epoch: [0][ 0/98]	Time  7.617 ( 7.617)	Data  4.590 ( 4.590)	Loss 7.2407e+00 (7.2407e+00)	Acc@1   0.00 (  0.00)	Acc@5   0.00 (  0.00)
0: Epoch: [0][10/98]	Time  0.110 ( 0.792)	Data  0.000 ( 0.417)	Loss 2.4831e+00 (4.7976e+00)	Acc@1  10.94 (  5.68)	Acc@5  64.06 ( 32.24)
0: Epoch: [0][20/98]	Time  0.110 ( 0.467)	Data  0.000 ( 0.220)	Loss 2.4008e+00 (3.7123e+00)	Acc@1  17.19 (  8.48)	Acc@5  59.38 ( 43.23)
0: Epoch: [0][30/98]	Time  0.110 ( 0.352)	Data  0.000 ( 0.150)	Loss 2.5319e+00 (3.3041e+00)	Acc@1   9.38 (  9.48)	Acc@5  51.56 ( 47.63)
0: Epoch: [0][40/98]	Time  0.110 ( 0.293)	Data  0.000 ( 0.114)	Loss 2.3092e+00 (3.0774e+00)	Acc@1  10.94 ( 10.40)	Acc@5  62.50 ( 50.65)
0: Epoch: [0][50/98]	Time  0.110 ( 0.257)	Data  0.000 ( 0.092)	Loss 2.4180e+00 (2.9442e+00)	Acc@1  12.50 ( 10.75)	Acc@5  56.25 ( 51.32)
0: Epoch: [0][60/98]	Time  0.110 ( 0.233)	Data  0.000 ( 0.078)	Loss 2.3630e+00 (2.8396e+00)	Acc@1  14.06 ( 11.42)	Acc@5  60.94 ( 53.23)
0: Epoch: [0][70/98]	Time  0.110 ( 0.216)	Data  0.000 ( 0.067)	Loss 2.5640e+00 (2.7662e+00)	Acc@
0: 1   9.38 ( 12.06)	Acc@5  51.56 ( 54.40)
0: Epoch: [0][80/98]	Time  0.111 ( 0.203)	Data  0.000 ( 0.059)	Loss 2.3183e+00 (2.7073e+00)	Acc@1  14.06 ( 12.48)	Acc@5  57.81 ( 55.59)
0: Epoch: [0][90/98]	Time  0.111 ( 0.192)	Data  0.000 ( 0.053)	Loss 2.2694e+00 (2.6603e+00)	Acc@1  26.56 ( 13.05)	Acc@5  57.81 ( 56.28)
0: Epoch: [0][ 0/98]	Time  7.617 ( 7.617)	Data  4.564 ( 4.564)	Loss 7.3552e+00 (7.3552e+00)	Acc@1   0.00 (  0.00)	Acc@5   0.00 (  0.00)
0: Epoch: [0][10/98]	Time  0.110 ( 0.792)	Data  0.000 ( 0.415)	Loss 2.6812e+00 (4.7871e+00)	Acc@1  14.06 (  6.96)	Acc@5  48.44 ( 32.10)
0: Epoch: [0][20/98]	Time  0.110 ( 0.467)	Data  0.000 ( 0.219)	Loss 2.4134e+00 (3.6653e+00)	Acc@1  20.31 ( 10.42)	Acc@5  53.12 ( 44.57)
0: Epoch: [0][30/98]	Time  0.110 ( 0.352)	Data  0.000 ( 0.149)	Loss 2.4766e+00 (3.2669e+00)	Acc@1  12.50 ( 11.14)	Acc@5  56.25 ( 48.59)
0: Epoch: [0][40/98]	Time  0.110 ( 0.293)	Data  0.000 ( 0.113)	Loss 2.3182e+00 (3.0432e+00)	Acc@1   9.38 ( 11.47)	Acc@5  62.50 ( 50.95)
0: Epoch: [0][50/98]	Time  0.110 ( 0.257)	Data  0.000 ( 0.091)	Loss 2.4330e+00 (2.9078e+00)	Acc@1  12.50 ( 12.13)	Acc@5  56.25 ( 52.30)
0: Epoch: [0][60/98]	Time  0.110 ( 0.233)	Data  0.000 ( 0.077)	Loss 2.4020e+00 (2.8122e+00)	Acc@1  20.31 ( 12.70)	Acc@5  54.69 ( 53.38)
0: Epoch: [0][70/98]	Time  0.110 ( 0.216)	Data  0.000 ( 0.066)	Loss 2.2231e+00 (2.7346e+00)	Acc@
0: 1  17.19 ( 13.45)	Acc@5  64.06 ( 54.75)
0: Epoch: [0][80/98]	Time  0.110 ( 0.203)	Data  0.000 ( 0.059)	Loss 2.3639e+00 (2.6768e+00)	Acc@1  18.75 ( 14.06)	Acc@5  51.56 ( 55.83)
0: Epoch: [0][90/98]	Time  0.110 ( 0.192)	Data  0.000 ( 0.052)	Loss 2.3292e+00 (2.6286e+00)	Acc@1   9.38 ( 14.46)	Acc@5  56.25 ( 56.95)
0: Epoch: [0][ 0/98]	Time  7.619 ( 7.619)	Data  4.592 ( 4.592)	Loss 7.1324e+00 (7.1324e+00)	Acc@1   0.00 (  0.00)	Acc@5   1.56 (  1.56)
0: Epoch: [0][10/98]	Time  0.110 ( 0.792)	Data  0.000 ( 0.418)	Loss 2.7004e+00 (4.8149e+00)	Acc@1   9.38 (  6.82)	Acc@5  51.56 ( 33.81)
0: Epoch: [0][20/98]	Time  0.110 ( 0.467)	Data  0.000 ( 0.220)	Loss 2.4244e+00 (3.6907e+00)	Acc@1  14.06 (  8.48)	Acc@5  56.25 ( 43.90)
0: Epoch: [0][30/98]	Time  0.109 ( 0.352)	Data  0.000 ( 0.150)	Loss 2.3821e+00 (3.2713e+00)	Acc@1   6.25 (  9.12)	Acc@5  59.38 ( 48.74)
0: Epoch: [0][40/98]	Time  0.111 ( 0.293)	Data  0.000 ( 0.114)	Loss 2.4151e+00 (3.0457e+00)	Acc@1  12.50 ( 10.14)	Acc@5  56.25 ( 51.11)
0: Epoch: [0][50/98]	Time  0.110 ( 0.257)	Data  0.000 ( 0.092)	Loss 2.4059e+00 (2.9139e+00)	Acc@1   9.38 ( 10.85)	Acc@5  53.12 ( 52.51)
0: Epoch: [0][60/98]	Time  0.110 ( 0.233)	Data  0.000 ( 0.077)	Loss 2.2659e+00 (2.8107e+00)	Acc@1  12.50 ( 11.48)	Acc@5  59.38 ( 53.74)
0: Epoch: [0][70/98]	Time  0.110 ( 0.216)	Data  0.000 ( 0.067)	Loss 2.3568e+00 (2.7377e+00)	Acc@
0: 1  20.31 ( 12.24)	Acc@5  64.06 ( 55.52)
0: Epoch: [0][80/98]	Time  0.110 ( 0.203)	Data  0.000 ( 0.059)	Loss 2.2831e+00 (2.6828e+00)	Acc@1  18.75 ( 12.67)	Acc@5  64.06 ( 56.62)
0: Epoch: [0][90/98]	Time  0.111 ( 0.192)	Data  0.000 ( 0.053)	Loss 2.1021e+00 (2.6347e+00)	Acc@1  21.88 ( 13.26)	Acc@5  68.75 ( 57.54)
0: Test: [  0/157]	Time  2.371 ( 2.371)	Loss 2.3182e+00 (2.3182e+00)	Acc@1  21.88 ( 21.88)	Acc@5  68.75 ( 68.75)
0: Test: [ 10/157]	Time  0.025 ( 0.238)	Loss 2.1603e+00 (2.3117e+00)	Acc@1  26.56 ( 20.74)	Acc@5  67.19 ( 67.47)
0: Test: [ 20/157]	Time  0.025 ( 0.137)	Loss 2.2872e+00 (2.3153e+00)	Acc@1  15.62 ( 19.12)	Acc@5  59.38 ( 65.92)
0: Test: [ 30/157]	Time  0.025 ( 0.100)	Loss 2.1895e+00 (2.3151e+00)	Acc@1  23.44 ( 19.05)	Acc@5  65.62 ( 66.48)
0: Test: [ 40/157]	Time  0.025 ( 0.082)	Loss 2.3747e+00 (2.3157e+00)	Acc@1  17.19 ( 18.75)	Acc@5  60.94 ( 66.31)
0: Test: [ 50/157]	Time  0.025 ( 0.071)	Loss 2.2317e+00 (2.3005e+00)	Acc@1  20.31 ( 18.93)	Acc@5  65.62 ( 66.91)
0: Test: [ 60/157]	Time  0.025 ( 0.063)	Loss 2.1813e+00 (2.2909e+00)	Acc@1  25.00 ( 19.16)	Acc@5  71.88 ( 67.16)
0: Test: [ 70/157]	Time  0.025 ( 0.058)	Loss 2.2641e+00 (2.2932e+00)	Acc@1  20.31 ( 18.97)	Acc@5  71.88 ( 67.25)
0: Test: [ 80/157]	Time  0.025 ( 0.054)	Loss 2.1839e+00 (2.2930e+00)	Acc@1  14.06 ( 18.61)	Acc@5  65.62 ( 67.48)
0: Test: [ 90/157]	Time  0.025 ( 0.05
0: 1)	Loss 2.3118e+00 (2.2940e+00)	Acc@1  14.06 ( 18.58)	Acc@5  71.88 ( 67.34)
0: Test: [100/157]	Time  0.025 ( 0.048)	Loss 2.3648e+00 (2.2960e+00)	Acc@1  15.62 ( 18.27)	Acc@5  51.56 ( 67.14)
0: Test: [110/157]	Time  0.025 ( 0.046)	Loss 2.0727e+00 (2.2956e+00)	Acc@1  18.75 ( 18.22)	Acc@5  71.88 ( 66.91)
0: Test: [120/157]	Time  0.025 ( 0.044)	Loss 2.1431e+00 (2.2917e+00)	Acc@1  25.00 ( 18.23)	Acc@5  78.12 ( 67.19)
0: Test: [130/157]	Time  0.025 ( 0.043)	Loss 2.2309e+00 (2.2954e+00)	Acc@1  14.06 ( 18.11)	Acc@5  70.31 ( 67.02)
0: Test: [140/157]	Time  0.025 ( 0.041)	Loss 2.4110e+00 (2.2975e+00)	Acc@1  10.94 ( 17.94)	Acc@5  64.06 ( 67.14)
0: Test: [150/157]	Time  0.025 ( 0.040)	Loss 2.2898e+00 (2.2965e+00)	Acc@1   9.38 ( 17.91)	Acc@5  64.06 ( 67.06)
0:  * Acc@1 17.980 Acc@5 67.080
0: Epoch 0/3 - 26.762s
0: Test: [  0/157]	Time  2.394 ( 2.394)	Loss 2.3182e+00 (2.3182e+00)	Acc@1  21.88 ( 21.88)	Acc@5  68.75 ( 68.75)
0: Test: [ 10/157]	Time  0.025 ( 0.240)	Loss 2.1603e+00 (2.3117e+00)	Acc@1  26.56 ( 20.74)	Acc@5  67.19 ( 67.47)
0: Test: [ 20/157]	Time  0.026 ( 0.138)	Loss 2.2872e+00 (2.3153e+00)	Acc@1  15.62 ( 19.12)	Acc@5  59.38 ( 65.92)
0: Test: [ 30/157]	Time  0.025 ( 0.101)	Loss 2.1895e+00 (2.3151e+00)	Acc@1  23.44 ( 19.05)	Acc@5  65.62 ( 66.48)
0: Test: [ 40/157]	Time  0.025 ( 0.083)	Loss 2.3747e+00 (2.3157e+00)	Acc@1  17.19 ( 18.75)	Acc@5  60.94 ( 66.31)
0: Test: [ 50/157]	Time  0.025 ( 0.071)	Loss 2.2317e+00 (2.3005e+00)	Acc@1  20.31 ( 18.93)	Acc@5  65.62 ( 66.91)
0: Test: [ 60/157]	Time  0.025 ( 0.064)	Loss 2.1813e+00 (2.2909e+00)	Acc@1  25.00 ( 19.16)	Acc@5  71.88 ( 67.16)
0: Test: [ 70/157]	Time  0.025 ( 0.058)	Loss 2.2641e+00 (2.2932e+00)	Acc@1  20.31 ( 18.97)	Acc@5  71.88 ( 67.25)
0: Test: [ 80/157]	Time  0.025 ( 0.054)	Loss 2.1839e+00 (2.2930e+00)	Acc@1  14.06 ( 18.61)	Acc@5  65.62 ( 67.48)
0: Test: [ 90/157]	Time  0.025 ( 0.05
0: 1)	Loss 2.3118e+00 (2.2940e+00)	Acc@1  14.06 ( 18.58)	Acc@5  71.88 ( 67.34)
0: Test: [100/157]	Time  0.025 ( 0.048)	Loss 2.3648e+00 (2.2960e+00)	Acc@1  15.62 ( 18.27)	Acc@5  51.56 ( 67.14)
0: Test: [110/157]	Time  0.025 ( 0.046)	Loss 2.0727e+00 (2.2956e+00)	Acc@1  18.75 ( 18.22)	Acc@5  71.88 ( 66.91)
0: Test: [120/157]	Time  0.025 ( 0.044)	Loss 2.1431e+00 (2.2917e+00)	Acc@1  25.00 ( 18.23)	Acc@5  78.12 ( 67.19)
0: Test: [130/157]	Time  0.025 ( 0.043)	Loss 2.2309e+00 (2.2954e+00)	Acc@1  14.06 ( 18.11)	Acc@5  70.31 ( 67.02)
0: Test: [140/157]	Time  0.025 ( 0.042)	Loss 2.4110e+00 (2.2975e+00)	Acc@1  10.94 ( 17.94)	Acc@5  64.06 ( 67.14)
0: Test: [150/157]	Time  0.025 ( 0.041)	Loss 2.2898e+00 (2.2965e+00)	Acc@1   9.38 ( 17.91)	Acc@5  64.06 ( 67.06)
0:  * Acc@1 17.980 Acc@5 67.080
0: Epoch 0/3 - 26.753s
0: Test: [  0/157]	Time  2.368 ( 2.368)	Loss 2.3182e+00 (2.3182e+00)	Acc@1  21.88 ( 21.88)	Acc@5  68.75 ( 68.75)
0: Test: [ 10/157]	Time  0.025 ( 0.238)	Loss 2.1603e+00 (2.3117e+00)	Acc@1  26.56 ( 20.74)	Acc@5  67.19 ( 67.47)
0: Test: [ 20/157]	Time  0.025 ( 0.137)	Loss 2.2872e+00 (2.3153e+00)	Acc@1  15.62 ( 19.12)	Acc@5  59.38 ( 65.92)
0: Test: [ 30/157]	Time  0.025 ( 0.101)	Loss 2.1895e+00 (2.3151e+00)	Acc@1  23.44 ( 19.05)	Acc@5  65.62 ( 66.48)
0: Test: [ 40/157]	Time  0.025 ( 0.082)	Loss 2.3747e+00 (2.3157e+00)	Acc@1  17.19 ( 18.75)	Acc@5  60.94 ( 66.31)
0: Test: [ 50/157]	Time  0.025 ( 0.071)	Loss 2.2317e+00 (2.3005e+00)	Acc@1  20.31 ( 18.93)	Acc@5  65.62 ( 66.91)
0: Test: [ 60/157]	Time  0.025 ( 0.063)	Loss 2.1813e+00 (2.2909e+00)	Acc@1  25.00 ( 19.16)	Acc@5  71.88 ( 67.16)
0: Test: [ 70/157]	Time  0.025 ( 0.058)	Loss 2.2641e+00 (2.2932e+00)	Acc@1  20.31 ( 18.97)	Acc@5  71.88 ( 67.25)
0: Test: [ 80/157]	Time  0.025 ( 0.054)	Loss 2.1839e+00 (2.2930e+00)	Acc@1  14.06 ( 18.61)	Acc@5  65.62 ( 67.48)
0: Test: [ 90/157]	Time  0.025 ( 0.05
0: 1)	Loss 2.3118e+00 (2.2940e+00)	Acc@1  14.06 ( 18.58)	Acc@5  71.88 ( 67.34)
0: Test: [100/157]	Time  0.025 ( 0.048)	Loss 2.3648e+00 (2.2960e+00)	Acc@1  15.62 ( 18.27)	Acc@5  51.56 ( 67.14)
0: Test: [110/157]	Time  0.025 ( 0.046)	Loss 2.0727e+00 (2.2956e+00)	Acc@1  18.75 ( 18.22)	Acc@5  71.88 ( 66.91)
0: Test: [120/157]	Time  0.025 ( 0.044)	Loss 2.1431e+00 (2.2917e+00)	Acc@1  25.00 ( 18.23)	Acc@5  78.12 ( 67.19)
0: Test: [130/157]	Time  0.025 ( 0.043)	Loss 2.2309e+00 (2.2954e+00)	Acc@1  14.06 ( 18.11)	Acc@5  70.31 ( 67.02)
0: Test: [140/157]	Time  0.025 ( 0.042)	Loss 2.4110e+00 (2.2975e+00)	Acc@1  10.94 ( 17.94)	Acc@5  64.06 ( 67.14)
0: Test: [150/157]	Time  0.025 ( 0.040)	Loss 2.2898e+00 (2.2965e+00)	Acc@1   9.38 ( 17.91)	Acc@5  64.06 ( 67.06)
0:  * Acc@1 17.980 Acc@5 67.080
0: Epoch 0/3 - 26.774s
0: Test: [  0/157]	Time  2.364 ( 2.364)	Loss 2.3182e+00 (2.3182e+00)	Acc@1  21.88 ( 21.88)	Acc@5  68.75 ( 68.75)
0: Test: [ 10/157]	Time  0.025 ( 0.238)	Loss 2.1603e+00 (2.3117e+00)	Acc@1  26.56 ( 20.74)	Acc@5  67.19 ( 67.47)
0: Test: [ 20/157]	Time  0.025 ( 0.136)	Loss 2.2872e+00 (2.3153e+00)	Acc@1  15.62 ( 19.12)	Acc@5  59.38 ( 65.92)
0: Test: [ 30/157]	Time  0.025 ( 0.100)	Loss 2.1895e+00 (2.3151e+00)	Acc@1  23.44 ( 19.05)	Acc@5  65.62 ( 66.48)
0: Test: [ 40/157]	Time  0.025 ( 0.082)	Loss 2.3747e+00 (2.3157e+00)	Acc@1  17.19 ( 18.75)	Acc@5  60.94 ( 66.31)
0: Test: [ 50/157]	Time  0.025 ( 0.071)	Loss 2.2317e+00 (2.3005e+00)	Acc@1  20.31 ( 18.93)	Acc@5  65.62 ( 66.91)
0: Test: [ 60/157]	Time  0.025 ( 0.063)	Loss 2.1813e+00 (2.2909e+00)	Acc@1  25.00 ( 19.16)	Acc@5  71.88 ( 67.16)
0: Test: [ 70/157]	Time  0.025 ( 0.058)	Loss 2.2641e+00 (2.2932e+00)	Acc@1  20.31 ( 18.97)	Acc@5  71.88 ( 67.25)
0: Test: [ 80/157]	Time  0.025 ( 0.054)	Loss 2.1839e+00 (2.2930e+00)	Acc@1  14.06 ( 18.61)	Acc@5  65.62 ( 67.48)
0: Test: [ 90/157]	Time  0.025 ( 0.05
0: 1)	Loss 2.3118e+00 (2.2940e+00)	Acc@1  14.06 ( 18.58)	Acc@5  71.88 ( 67.34)
0: Test: [100/157]	Time  0.025 ( 0.048)	Loss 2.3648e+00 (2.2960e+00)	Acc@1  15.62 ( 18.27)	Acc@5  51.56 ( 67.14)
0: Test: [110/157]	Time  0.025 ( 0.046)	Loss 2.0727e+00 (2.2956e+00)	Acc@1  18.75 ( 18.22)	Acc@5  71.88 ( 66.91)
0: Test: [120/157]	Time  0.025 ( 0.044)	Loss 2.1431e+00 (2.2917e+00)	Acc@1  25.00 ( 18.23)	Acc@5  78.12 ( 67.19)
0: Test: [130/157]	Time  0.025 ( 0.043)	Loss 2.2309e+00 (2.2954e+00)	Acc@1  14.06 ( 18.11)	Acc@5  70.31 ( 67.02)
0: Test: [140/157]	Time  0.025 ( 0.042)	Loss 2.4110e+00 (2.2975e+00)	Acc@1  10.94 ( 17.94)	Acc@5  64.06 ( 67.14)
0: Test: [150/157]	Time  0.025 ( 0.040)	Loss 2.2898e+00 (2.2965e+00)	Acc@1   9.38 ( 17.91)	Acc@5  64.06 ( 67.06)
0:  * Acc@1 17.980 Acc@5 67.080
0: Epoch 0/3 - 26.786s
0: Test: [  0/157]	Time  2.377 ( 2.377)	Loss 2.3182e+00 (2.3182e+00)	Acc@1  21.88 ( 21.88)	Acc@5  68.75 ( 68.75)
0: Test: [ 10/157]	Time  0.025 ( 0.240)	Loss 2.1603e+00 (2.3117e+00)	Acc@1  26.56 ( 20.74)	Acc@5  67.19 ( 67.47)
0: Test: [ 20/157]	Time  0.025 ( 0.137)	Loss 2.2872e+00 (2.3153e+00)	Acc@1  15.62 ( 19.12)	Acc@5  59.38 ( 65.92)
0: Test: [ 30/157]	Time  0.025 ( 0.101)	Loss 2.1895e+00 (2.3151e+00)	Acc@1  23.44 ( 19.05)	Acc@5  65.62 ( 66.48)
0: Test: [ 40/157]	Time  0.025 ( 0.083)	Loss 2.3747e+00 (2.3157e+00)	Acc@1  17.19 ( 18.75)	Acc@5  60.94 ( 66.31)
0: Test: [ 50/157]	Time  0.025 ( 0.071)	Loss 2.2317e+00 (2.3005e+00)	Acc@1  20.31 ( 18.93)	Acc@5  65.62 ( 66.91)
0: Test: [ 60/157]	Time  0.025 ( 0.064)	Loss 2.1813e+00 (2.2909e+00)	Acc@1  25.00 ( 19.16)	Acc@5  71.88 ( 67.16)
0: Test: [ 70/157]	Time  0.025 ( 0.058)	Loss 2.2641e+00 (2.2932e+00)	Acc@1  20.31 ( 18.97)	Acc@5  71.88 ( 67.25)
0: 0: Test: [  0/157]	Time  2.379 ( 2.379)	Loss 2.3182e+00 (2.3182e+00)	Acc@1  21.88 ( 21.88)	Acc@5  68.75 ( 68.75)
Test: [ 80/157]	Time  0.028 ( 0.054)	Loss 2.1839e+00 (2.2930e+00)	Acc@1  14.06 ( 18.61)	Acc@5  65.62 ( 67.48)
0: 0: Test: [ 10/157]	Time  0.025 ( 0.239)	Loss 2.1603e+00 (2.3117e+00)	Acc@1  26.56 ( 20.74)	Acc@5  67.19 ( 67.47)
Test: [ 90/157]	Time  0.025 ( 0.050: 
Test: [ 20/157]	Time  0.025 ( 0.137)	Loss 2.2872e+00 (2.3153e+00)	Acc@1  15.62 ( 19.12)	Acc@5  59.38 ( 65.92)
0: 0: Test: [ 30/157]	Time  0.025 ( 0.101)	Loss 2.1895e+00 (2.3151e+00)	Acc@1  23.44 ( 19.05)	Acc@5  65.62 ( 66.48)
1)	Loss 2.3118e+00 (2.2940e+00)	Acc@1  14.06 ( 18.58)	Acc@5  71.88 ( 67.34)
0: 0: Test: [ 40/157]	Time  0.025 ( 0.082)	Loss 2.3747e+00 (2.3157e+00)	Acc@1  17.19 ( 18.75)	Acc@5  60.94 ( 66.31)
Test: [100/157]	Time  0.025 ( 0.048)	Loss 2.3648e+00 (2.2960e+00)	Acc@1  15.62 ( 18.27)	Acc@5  51.56 ( 67.14)
0: 0: Test: [ 50/157]	Time  0.025 ( 0.071)	Loss 2.2317e+00 (2.3005e+00)	Acc@1  20.31 ( 18.93)	Acc@5  65.62 ( 66.91)
Test: [110/157]	Time  0.025 ( 0.046)	Loss 2.0727e+00 (2.2956e+00)	Acc@1  18.75 ( 18.22)	Acc@5  71.88 ( 66.91)
0: 0: Test: [ 60/157]	Time  0.029 ( 0.064)	Loss 2.1813e+00 (2.2909e+00)	Acc@1  25.00 ( 19.16)	Acc@5  71.88 ( 67.16)
Test: [120/157]	Time  0.025 ( 0.044)	Loss 2.1431e+00 (2.2917e+00)	Acc@1  25.00 ( 18.23)	Acc@5  78.12 ( 67.19)
0: 0: Test: [ 70/157]	Time  0.025 ( 0.058)	Loss 2.2641e+00 (2.2932e+00)	Acc@1  20.31 ( 18.97)	Acc@5  71.88 ( 67.25)
Test: [130/157]	Time  0.025 ( 0.043)	Loss 2.2309e+00 (2.2954e+00)	Acc@1  14.06 ( 18.11)	Acc@5  70.31 ( 67.02)
0: 0: Test: [ 80/157]	Time  0.025 ( 0.054)	Loss 2.1839e+00 (2.2930e+00)	Acc@1  14.06 ( 18.61)	Acc@5  65.62 ( 67.48)
Test: [140/157]	Time  0.025 ( 0.042)	Loss 2.4110e+00 (2.2975e+00)	Acc@1  10.94 ( 17.94)	Acc@5  64.06 ( 67.14)
0: 0: Test: [ 90/157]	Time  0.025 ( 0.05Test: [150/157]	Time  0.025 ( 0.041)	Loss 2.2898e+00 (2.2965e+00)	Acc@1   9.38 ( 17.91)	Acc@5  64.06 ( 67.06)

0:  * Acc@1 17.980 Acc@5 67.080
0: 0: Epoch 0/3 - 26.794s
1)	Loss 2.3118e+00 (2.2940e+00)	Acc@1  14.06 ( 18.58)	Acc@5  71.88 ( 67.34)
0: Test: [100/157]	Time  0.025 ( 0.048)	Loss 2.3648e+00 (2.2960e+00)	Acc@1  15.62 ( 18.27)	Acc@5  51.56 ( 67.14)
0: Test: [110/157]	Time  0.025 ( 0.046)	Loss 2.0727e+00 (2.2956e+00)	Acc@1  18.75 ( 18.22)	Acc@5  71.88 ( 66.91)
0: Test: [120/157]	Time  0.025 ( 0.045)	Loss 2.1431e+00 (2.2917e+00)	Acc@1  25.00 ( 18.23)	Acc@5  78.12 ( 67.19)
0: Test: [130/157]	Time  0.025 ( 0.043)	Loss 2.2309e+00 (2.2954e+00)	Acc@1  14.06 ( 18.11)	Acc@5  70.31 ( 67.02)
0: Test: [140/157]	Time  0.025 ( 0.042)	Loss 2.4110e+00 (2.2975e+00)	Acc@1  10.94 ( 17.94)	Acc@5  64.06 ( 67.14)
0: Test: [150/157]	Time  0.025 ( 0.041)	Loss 2.2898e+00 (2.2965e+00)	Acc@1   9.38 ( 17.91)	Acc@5  64.06 ( 67.06)
0:  * Acc@1 17.980 Acc@5 67.080
0: Epoch 0/3 - 26.781s
0: Test: [  0/157]	Time  2.407 ( 2.407)	Loss 2.3182e+00 (2.3182e+00)	Acc@1  21.88 ( 21.88)	Acc@5  68.75 ( 68.75)
0: Test: [ 10/157]	Time  0.025 ( 0.242)	Loss 2.1603e+00 (2.3117e+00)	Acc@1  26.56 ( 20.74)	Acc@5  67.19 ( 67.47)
0: Test: [ 20/157]	Time  0.025 ( 0.138)	Loss 2.2872e+00 (2.3153e+00)	Acc@1  15.62 ( 19.12)	Acc@5  59.38 ( 65.92)
0: Test: [ 30/157]	Time  0.025 ( 0.102)	Loss 2.1895e+00 (2.3151e+00)	Acc@1  23.44 ( 19.05)	Acc@5  65.62 ( 66.48)
0: Test: [ 40/157]	Time  0.025 ( 0.083)	Loss 2.3747e+00 (2.3157e+00)	Acc@1  17.19 ( 18.75)	Acc@5  60.94 ( 66.31)
0: Test: [ 50/157]	Time  0.025 ( 0.072)	Loss 2.2317e+00 (2.3005e+00)	Acc@1  20.31 ( 18.93)	Acc@5  65.62 ( 66.91)
0: Test: [ 60/157]	Time  0.025 ( 0.064)	Loss 2.1813e+00 (2.2909e+00)	Acc@1  25.00 ( 19.16)	Acc@5  71.88 ( 67.16)
0: Test: [ 70/157]	Time  0.025 ( 0.058)	Loss 2.2641e+00 (2.2932e+00)	Acc@1  20.31 ( 18.97)	Acc@5  71.88 ( 67.25)
0: Test: [ 80/157]	Time  0.025 ( 0.054)	Loss 2.1839e+00 (2.2930e+00)	Acc@1  14.06 ( 18.61)	Acc@5  65.62 ( 67.48)
0: Test: [ 90/157]	Time  0.025 ( 0.05
0: 1)	Loss 2.3118e+00 (2.2940e+00)	Acc@1  14.06 ( 18.58)	Acc@5  71.88 ( 67.34)
0: Test: [100/157]	Time  0.025 ( 0.048)	Loss 2.3648e+00 (2.2960e+00)	Acc@1  15.62 ( 18.27)	Acc@5  51.56 ( 67.14)
0: Test: [110/157]	Time  0.025 ( 0.046)	Loss 2.0727e+00 (2.2956e+00)	Acc@1  18.75 ( 18.22)	Acc@5  71.88 ( 66.91)
0: Test: [120/157]	Time  0.025 ( 0.045)	Loss 2.1431e+00 (2.2917e+00)	Acc@1  25.00 ( 18.23)	Acc@5  78.12 ( 67.19)
0: Test: [130/157]	Time  0.025 ( 0.043)	Loss 2.2309e+00 (2.2954e+00)	Acc@1  14.06 ( 18.11)	Acc@5  70.31 ( 67.02)
0: Test: [140/157]	Time  0.025 ( 0.042)	Loss 2.4110e+00 (2.2975e+00)	Acc@1  10.94 ( 17.94)	Acc@5  64.06 ( 67.14)
0: Test: [150/157]	Time  0.025 ( 0.041)	Loss 2.2898e+00 (2.2965e+00)	Acc@1   9.38 ( 17.91)	Acc@5  64.06 ( 67.06)
0:  * Acc@1 17.980 Acc@5 67.080
0: Epoch 0/3 - 26.806s
0: Test: [  0/157]	Time  2.357 ( 2.357)	Loss 2.3182e+00 (2.3182e+00)	Acc@1  21.88 ( 21.88)	Acc@5  68.75 ( 68.75)
0: Test: [ 10/157]	Time  0.025 ( 0.237)	Loss 2.1603e+00 (2.3117e+00)	Acc@1  26.56 ( 20.74)	Acc@5  67.19 ( 67.47)
0: Test: [ 20/157]	Time  0.025 ( 0.136)	Loss 2.2872e+00 (2.3153e+00)	Acc@1  15.62 ( 19.12)	Acc@5  59.38 ( 65.92)
0: Test: [ 30/157]	Time  0.025 ( 0.100)	Loss 2.1895e+00 (2.3151e+00)	Acc@1  23.44 ( 19.05)	Acc@5  65.62 ( 66.48)
0: Test: [ 40/157]	Time  0.025 ( 0.082)	Loss 2.3747e+00 (2.3157e+00)	Acc@1  17.19 ( 18.75)	Acc@5  60.94 ( 66.31)
0: Test: [ 50/157]	Time  0.025 ( 0.071)	Loss 2.2317e+00 (2.3005e+00)	Acc@1  20.31 ( 18.93)	Acc@5  65.62 ( 66.91)
0: Test: [ 60/157]	Time  0.025 ( 0.063)	Loss 2.1813e+00 (2.2909e+00)	Acc@1  25.00 ( 19.16)	Acc@5  71.88 ( 67.16)
0: Test: [ 70/157]	Time  0.025 ( 0.058)	Loss 2.2641e+00 (2.2932e+00)	Acc@1  20.31 ( 18.97)	Acc@5  71.88 ( 67.25)
0: Test: [ 80/157]	Time  0.025 ( 0.054)	Loss 2.1839e+00 (2.2930e+00)	Acc@1  14.06 ( 18.61)	Acc@5  65.62 ( 67.48)
0: Test: [ 90/157]	Time  0.025 ( 0.05
0: 1)	Loss 2.3118e+00 (2.2940e+00)	Acc@1  14.06 ( 18.58)	Acc@5  71.88 ( 67.34)
0: Test: [100/157]	Time  0.025 ( 0.048)	Loss 2.3648e+00 (2.2960e+00)	Acc@1  15.62 ( 18.27)	Acc@5  51.56 ( 67.14)
0: Test: [110/157]	Time  0.025 ( 0.046)	Loss 2.0727e+00 (2.2956e+00)	Acc@1  18.75 ( 18.22)	Acc@5  71.88 ( 66.91)
0: Test: [120/157]	Time  0.025 ( 0.045)	Loss 2.1431e+00 (2.2917e+00)	Acc@1  25.00 ( 18.23)	Acc@5  78.12 ( 67.19)
0: Test: [130/157]	Time  0.025 ( 0.043)	Loss 2.2309e+00 (2.2954e+00)	Acc@1  14.06 ( 18.11)	Acc@5  70.31 ( 67.02)
0: Test: [140/157]	Time  0.025 ( 0.042)	Loss 2.4110e+00 (2.2975e+00)	Acc@1  10.94 ( 17.94)	Acc@5  64.06 ( 67.14)
0: Test: [150/157]	Time  0.025 ( 0.041)	Loss 2.2898e+00 (2.2965e+00)	Acc@1   9.38 ( 17.91)	Acc@5  64.06 ( 67.06)
0:  * Acc@1 17.980 Acc@5 67.080
0: Epoch 0/3 - 26.806s
0: Epoch: [1][ 0/98]	Time  4.656 ( 4.656)	Data  4.554 ( 4.554)	Loss 2.1771e+00 (2.1771e+00)	Acc@1  25.00 ( 25.00)	Acc@5  67.19 ( 67.19)
0: Epoch: [1][10/98]	Time  0.111 ( 0.524)	Data  0.000 ( 0.416)	Loss 2.1918e+00 (2.2266e+00)	Acc@1  20.31 ( 19.46)	Acc@5  78.12 ( 66.62)
0: Epoch: [1][20/98]	Time  0.110 ( 0.328)	Data  0.000 ( 0.220)	Loss 2.2118e+00 (2.2145e+00)	Acc@1  15.62 ( 19.72)	Acc@5  59.38 ( 66.67)
0: Epoch: [1][30/98]	Time  0.111 ( 0.258)	Data  0.000 ( 0.150)	Loss 2.2038e+00 (2.1917e+00)	Acc@1  15.62 ( 19.51)	Acc@5  71.88 ( 68.30)
0: Epoch: [1][40/98]	Time  0.112 ( 0.222)	Data  0.000 ( 0.114)	Loss 2.1555e+00 (2.1834e+00)	Acc@1  28.12 ( 19.78)	Acc@5  65.62 ( 69.36)
0: Epoch: [1][50/98]	Time  0.110 ( 0.200)	Data  0.000 ( 0.092)	Loss 2.2253e+00 (2.1781e+00)	Acc@1  25.00 ( 20.25)	Acc@5  62.50 ( 69.58)
0: Epoch: [1][60/98]	Time  0.110 ( 0.185)	Data  0.000 ( 0.078)	Loss 2.1193e+00 (2.1658e+00)	Acc@1  20.31 ( 21.00)	Acc@5  76.56 ( 70.34)
0: Epoch: [1][70/98]	Time  0.112 ( 0.175)	Data  0.000 ( 0.067)	Loss 2.1073e+00 (2.1564e+00)	Acc@
0: 1  25.00 ( 21.17)	Acc@5  71.88 ( 70.82)
0: Epoch: [1][80/98]	Time  0.110 ( 0.167)	Data  0.000 ( 0.059)	Loss 2.0254e+00 (2.1516e+00)	Acc@1  21.88 ( 21.41)	Acc@5  82.81 ( 71.10)
0: Epoch: [1][90/98]	Time  0.110 ( 0.161)	Data  0.000 ( 0.053)	Loss 2.1843e+00 (2.1492e+00)	Acc@1  23.44 ( 21.41)	Acc@5  70.31 ( 71.36)
0: Epoch: [1][ 0/98]	Time  4.667 ( 4.667)	Data  4.532 ( 4.532)	Loss 2.2045e+00 (2.2045e+00)	Acc@1  20.31 ( 20.31)	Acc@5  62.50 ( 62.50)
0: Epoch: [1][10/98]	Time  0.111 ( 0.526)	Data  0.000 ( 0.414)	Loss 2.1590e+00 (2.2271e+00)	Acc@1  15.62 ( 19.32)	Acc@5  71.88 ( 66.05)
0: Epoch: [1][20/98]	Time  0.110 ( 0.328)	Data  0.000 ( 0.219)	Loss 2.2680e+00 (2.2392e+00)	Acc@1  17.19 ( 17.86)	Acc@5  68.75 ( 65.70)
0: Epoch: [1][30/98]	Time  0.111 ( 0.258)	Data  0.000 ( 0.149)	Loss 2.1892e+00 (2.2222e+00)	Acc@1  26.56 ( 18.25)	Acc@5  68.75 ( 67.34)
0: Epoch: [1][40/98]	Time  0.112 ( 0.222)	Data  0.000 ( 0.113)	Loss 2.0635e+00 (2.2161e+00)	Acc@1  26.56 ( 18.86)	Acc@5  76.56 ( 68.03)
0: Epoch: [1][50/98]	Time  0.110 ( 0.200)	Data  0.000 ( 0.092)	Loss 2.1697e+00 (2.1997e+00)	Acc@1  23.44 ( 19.24)	Acc@5  68.75 ( 69.03)
0: Epoch: [1][60/98]	Time  0.111 ( 0.186)	Data  0.000 ( 0.077)	Loss 2.2039e+00 (2.1989e+00)	Acc@1  18.75 ( 19.21)	Acc@5  73.44 ( 69.19)
0: Epoch: [1][70/98]	Time  0.111 ( 0.175)	Data  0.000 ( 0.066)	Loss 2.1554e+00 (2.1891e+00)	Acc@
0: 1  12.50 ( 19.50)	Acc@5  75.00 ( 69.92)
0: Epoch: [1][80/98]	Time  0.110 ( 0.167)	Data  0.000 ( 0.059)	Loss 2.2540e+00 (2.1813e+00)	Acc@1  18.75 ( 19.71)	Acc@5  64.06 ( 69.98)
0: Epoch: [1][90/98]	Time  0.111 ( 0.161)	Data  0.000 ( 0.052)	Loss 2.1884e+00 (2.1753e+00)	Acc@1  20.31 ( 19.95)	Acc@5  67.19 ( 70.38)
0: Epoch: [1][ 0/98]	Time  4.630 ( 4.630)	Data  4.501 ( 4.501)	Loss 2.2096e+00 (2.2096e+00)	Acc@1  15.62 ( 15.62)	Acc@5  64.06 ( 64.06)
0: Epoch: [1][10/98]	Time  0.111 ( 0.523)	Data  0.000 ( 0.412)	Loss 2.3393e+00 (2.1834e+00)	Acc@1  12.50 ( 19.32)	Acc@5  62.50 ( 68.75)
0: Epoch: [1][20/98]	Time  0.110 ( 0.327)	Data  0.000 ( 0.217)	Loss 2.1714e+00 (2.1801e+00)	Acc@1  15.62 ( 18.60)	Acc@5  76.56 ( 70.31)
0: Epoch: [1][30/98]	Time  0.111 ( 0.257)	Data  0.000 ( 0.148)	Loss 2.1841e+00 (2.1814e+00)	Acc@1  17.19 ( 19.76)	Acc@5  71.88 ( 69.30)
0: Epoch: [1][40/98]	Time  0.112 ( 0.221)	Data  0.000 ( 0.113)	Loss 1.9823e+00 (2.1689e+00)	Acc@1  34.38 ( 20.35)	Acc@5  79.69 ( 70.62)
0: Epoch: [1][50/98]	Time  0.111 ( 0.200)	Data  0.000 ( 0.091)	Loss 2.3368e+00 (2.1738e+00)	Acc@1  15.62 ( 20.25)	Acc@5  59.38 ( 70.10)
0: Epoch: [1][60/98]	Time  0.111 ( 0.185)	Data  0.000 ( 0.077)	Loss 2.1481e+00 (2.1652e+00)	Acc@1  23.44 ( 20.93)	Acc@5  71.88 ( 70.31)
0: Epoch: [1][70/98]	Time  0.112 ( 0.175)	Data  0.000 ( 0.066)	Loss 2.1241e+00 (2.1511e+00)	Acc@
0: 1  15.62 ( 21.32)	Acc@5  81.25 ( 71.15)
0: Epoch: [1][80/98]	Time  0.110 ( 0.167)	Data  0.000 ( 0.059)	Loss 1.9935e+00 (2.1389e+00)	Acc@1  29.69 ( 21.62)	Acc@5  75.00 ( 71.82)
0: Epoch: [1][90/98]	Time  0.111 ( 0.161)	Data  0.000 ( 0.052)	Loss 1.9500e+00 (2.1287e+00)	Acc@1  25.00 ( 21.91)	Acc@5  78.12 ( 72.15)
0: Epoch: [1][ 0/98]	Time  4.665 ( 4.665)	Data  4.533 ( 4.533)	Loss 2.2684e+00 (2.2684e+00)	Acc@1  18.75 ( 18.75)	Acc@5  64.06 ( 64.06)
0: Epoch: [1][10/98]	Time  0.111 ( 0.526)	Data  0.000 ( 0.415)	Loss 2.3606e+00 (2.2228e+00)	Acc@1   7.81 ( 18.47)	Acc@5  62.50 ( 66.19)
0: Epoch: [1][20/98]	Time  0.110 ( 0.329)	Data  0.000 ( 0.219)	Loss 2.2815e+00 (2.2023e+00)	Acc@1   6.25 ( 20.09)	Acc@5  64.06 ( 67.56)
0: Epoch: [1][30/98]	Time  0.111 ( 0.258)	Data  0.000 ( 0.149)	Loss 2.2382e+00 (2.1861e+00)	Acc@1  12.50 ( 20.61)	Acc@5  65.62 ( 68.55)
0: Epoch: [1][40/98]	Time  0.112 ( 0.222)	Data  0.000 ( 0.113)	Loss 2.1240e+00 (2.1698e+00)	Acc@1  17.19 ( 20.66)	Acc@5  71.88 ( 69.82)
0: Epoch: [1][50/98]	Time  0.111 ( 0.200)	Data  0.000 ( 0.092)	Loss 2.0640e+00 (2.1703e+00)	Acc@1  28.12 ( 20.50)	Acc@5  70.31 ( 70.59)
0: Epoch: [1][60/98]	Time  0.110 ( 0.186)	Data  0.000 ( 0.077)	Loss 2.3444e+00 (2.1727e+00)	Acc@1  14.06 ( 20.44)	Acc@5  60.94 ( 70.67)
0: Epoch: [1][70/98]	Time  0.112 ( 0.175)	Data  0.000 ( 0.067)	Loss 2.2379e+00 (2.1600e+00)	Acc@
0: 1  21.88 ( 20.99)	Acc@5  60.94 ( 71.26)
0: Epoch: [1][80/98]	Time  0.111 ( 0.167)	Data  0.000 ( 0.059)	Loss 2.0825e+00 (2.1542e+00)	Acc@1  14.06 ( 20.91)	Acc@5  76.56 ( 71.64)
0: Epoch: [1][90/98]	Time  0.110 ( 0.161)	Data  0.000 ( 0.053)	Loss 2.1356e+00 (2.1463e+00)	Acc@1  21.88 ( 21.07)	Acc@5  75.00 ( 72.17)
0: Epoch: [1][ 0/98]	Time  4.631 ( 4.631)	Data  4.511 ( 4.511)	Loss 2.2929e+00 (2.2929e+00)	Acc@1  17.19 ( 17.19)	Acc@5  64.06 ( 64.06)
0: Epoch: [1][10/98]	Time  0.112 ( 0.523)	Data  0.000 ( 0.412)	Loss 2.2497e+00 (2.2455e+00)	Acc@1  17.19 ( 18.18)	Acc@5  68.75 ( 67.05)
0: Epoch: [1][20/98]	Time  0.110 ( 0.327)	Data  0.000 ( 0.217)	Loss 2.1676e+00 (2.2078e+00)	Acc@1  18.75 ( 19.12)	Acc@5  68.75 ( 68.23)
0: Epoch: [1][30/98]	Time  0.112 ( 0.257)	Data  0.000 ( 0.148)	Loss 2.2671e+00 (2.1808e+00)	Acc@1  14.06 ( 19.96)	Acc@5  75.00 ( 69.56)
0: Epoch: [1][40/98]	Time  0.112 ( 0.221)	Data  0.000 ( 0.113)	Loss 2.1530e+00 (2.1886e+00)	Acc@1  15.62 ( 19.66)	Acc@5  75.00 ( 69.66)
0: Epoch: [1][50/98]	Time  0.110 ( 0.200)	Data  0.000 ( 0.091)	Loss 2.1130e+00 (2.1789e+00)	Acc@1  21.88 ( 20.01)	Acc@5  75.00 ( 70.16)
0: Epoch: [1][60/98]	Time  0.110 ( 0.185)	Data  0.000 ( 0.076)	Loss 2.1583e+00 (2.1752e+00)	Acc@1  26.56 ( 20.29)	Acc@5  73.44 ( 70.57)
0: Epoch: [1][70/98]	Time  0.111 ( 0.175)	Data  0.000 ( 0.066)	Loss 2.1748e+00 (2.1720e+00)	Acc@
0: 1  15.62 ( 20.31)	Acc@5  78.12 ( 70.84)
0: Epoch: [1][80/98]	Time  0.110 ( 0.167)	Data  0.000 ( 0.058)	Loss 2.1609e+00 (2.1662e+00)	Acc@1  28.12 ( 20.51)	Acc@5  70.31 ( 71.30)
0: Epoch: [1][90/98]	Time  0.110 ( 0.161)	Data  0.000 ( 0.052)	Loss 2.1342e+00 (2.1554e+00)	Acc@1  21.88 ( 20.95)	Acc@5  78.12 ( 71.84)
0: Epoch: [1][ 0/98]	Time  4.689 ( 4.689)	Data  4.551 ( 4.551)	Loss 2.2382e+00 (2.2382e+00)	Acc@1  28.12 ( 28.12)	Acc@5  62.50 ( 62.50)
0: Epoch: [1][10/98]	Time  0.111 ( 0.528)	Data  0.000 ( 0.416)	Loss 2.3660e+00 (2.2661e+00)	Acc@1  12.50 ( 17.90)	Acc@5  60.94 ( 63.49)
0: Epoch: [1][20/98]	Time  0.110 ( 0.330)	Data  0.000 ( 0.219)	Loss 2.0367e+00 (2.2176e+00)	Acc@1  23.44 ( 19.64)	Acc@5  71.88 ( 65.33)
0: Epoch: [1][30/98]	Time  0.111 ( 0.259)	Data  0.000 ( 0.149)	Loss 2.1052e+00 (2.2063e+00)	Acc@1  26.56 ( 20.11)	Acc@5  76.56 ( 66.73)
0: Epoch: [1][40/98]	Time  0.111 ( 0.223)	Data  0.000 ( 0.114)	Loss 2.1068e+00 (2.2014e+00)	Acc@1  25.00 ( 20.16)	Acc@5  75.00 ( 67.72)
0: Epoch: [1][50/98]	Time  0.111 ( 0.201)	Data  0.000 ( 0.092)	Loss 2.1523e+00 (2.1982e+00)	Acc@1  15.62 ( 20.01)	Acc@5  70.31 ( 68.05)
0: Epoch: [1][60/98]	Time  0.110 ( 0.186)	Data  0.000 ( 0.077)	Loss 2.2518e+00 (2.1908e+00)	Acc@1  18.75 ( 19.98)	Acc@5  64.06 ( 68.39)
0: Epoch: [1][70/98]	Time  0.112 ( 0.175)	Data  0.000 ( 0.067)	Loss 2.1255e+00 (2.1792e+00)	Acc@
0: 1  28.12 ( 20.22)	Acc@5  67.19 ( 69.04)
0: Epoch: [1][80/98]	Time  0.110 ( 0.167)	Data  0.000 ( 0.059)	Loss 2.0814e+00 (2.1723e+00)	Acc@1  23.44 ( 20.45)	Acc@5  71.88 ( 69.39)
0: Epoch: [1][90/98]	Time  0.111 ( 0.161)	Data  0.000 ( 0.053)	Loss 2.0509e+00 (2.1640e+00)	Acc@1  29.69 ( 20.71)	Acc@5  68.75 ( 69.85)
0: Epoch: [1][ 0/98]	Time  4.681 ( 4.681)	Data  4.542 ( 4.542)	Loss 2.2098e+00 (2.2098e+00)	Acc@1  23.44 ( 23.44)	Acc@5  65.62 ( 65.62)
0: Epoch: [1][10/98]	Time  0.111 ( 0.527)	Data  0.000 ( 0.415)	Loss 2.2505e+00 (2.2728e+00)	Acc@1  17.19 ( 17.19)	Acc@5  65.62 ( 65.91)
0: Epoch: [1][20/98]	Time  0.111 ( 0.329)	Data  0.000 ( 0.219)	Loss 2.1547e+00 (2.2560e+00)	Acc@1  29.69 ( 17.86)	Acc@5  75.00 ( 65.85)
0: Epoch: [1][30/98]	Time  0.110 ( 0.259)	Data  0.000 ( 0.149)	Loss 2.3864e+00 (2.2264e+00)	Acc@1  12.50 ( 19.00)	Acc@5  68.75 ( 67.64)
0: Epoch: [1][40/98]	Time  0.111 ( 0.223)	Data  0.000 ( 0.113)	Loss 2.2265e+00 (2.2158e+00)	Acc@1  25.00 ( 18.86)	Acc@5  68.75 ( 68.33)
0: Epoch: [1][50/98]	Time  0.110 ( 0.201)	Data  0.000 ( 0.092)	Loss 2.1788e+00 (2.1960e+00)	Acc@1  20.31 ( 19.70)	Acc@5  68.75 ( 69.42)
0: Epoch: [1][60/98]	Time  0.111 ( 0.186)	Data  0.000 ( 0.077)	Loss 2.0920e+00 (2.1790e+00)	Acc@1  18.75 ( 20.11)	Acc@5  71.88 ( 69.95)
0: Epoch: [1][70/98]	Time  0.112 ( 0.175)	Data  0.000 ( 0.067)	Loss 1.9587e+00 (2.1750e+00)	Acc@
0: 1  34.38 ( 20.51)	Acc@5  78.12 ( 70.09)
0: Epoch: [1][80/98]	Time  0.110 ( 0.167)	Data  0.000 ( 0.059)	Loss 2.1751e+00 (2.1631e+00)	Acc@1  21.88 ( 20.70)	Acc@5  64.06 ( 70.39)
0: Epoch: [1][90/98]	Time  0.110 ( 0.161)	Data  0.000 ( 0.053)	Loss 2.0328e+00 (2.1571e+00)	Acc@1  18.75 ( 21.05)	Acc@5  76.56 ( 70.96)
0: Epoch: [1][ 0/98]	Time  4.651 ( 4.651)	Data  4.522 ( 4.522)	Loss 2.1545e+00 (2.1545e+00)	Acc@1  15.62 ( 15.62)	Acc@5  70.31 ( 70.31)
0: Epoch: [1][10/98]	Time  0.111 ( 0.525)	Data  0.000 ( 0.414)	Loss 2.1095e+00 (2.2050e+00)	Acc@1  20.31 ( 18.89)	Acc@5  71.88 ( 65.34)
0: Epoch: [1][20/98]	Time  0.111 ( 0.328)	Data  0.000 ( 0.218)	Loss 2.1979e+00 (2.2084e+00)	Acc@1  18.75 ( 18.15)	Acc@5  60.94 ( 66.22)
0: Epoch: [1][30/98]	Time  0.111 ( 0.258)	Data  0.000 ( 0.149)	Loss 2.2810e+00 (2.2010e+00)	Acc@1  14.06 ( 17.89)	Acc@5  64.06 ( 68.04)
0: Epoch: [1][40/98]	Time  0.111 ( 0.222)	Data  0.000 ( 0.113)	Loss 2.1304e+00 (2.1943e+00)	Acc@1  29.69 ( 19.02)	Acc@5  75.00 ( 68.60)
0: Epoch: [1][50/98]	Time  0.110 ( 0.200)	Data  0.000 ( 0.092)	Loss 2.3209e+00 (2.1906e+00)	Acc@1  12.50 ( 19.55)	Acc@5  64.06 ( 69.15)
0: Epoch: [1][60/98]	Time  0.110 ( 0.185)	Data  0.000 ( 0.077)	Loss 2.0301e+00 (2.1851e+00)	Acc@1  26.56 ( 19.83)	Acc@5  71.88 ( 69.57)
0: Epoch: [1][70/98]	Time  0.112 ( 0.175)	Data  0.000 ( 0.067)	Loss 2.2019e+00 (2.1754e+00)	Acc@
0: 1  18.75 ( 20.05)	Acc@5  71.88 ( 70.20)
0: Epoch: [1][80/98]	Time  0.110 ( 0.167)	Data  0.000 ( 0.059)	Loss 2.1170e+00 (2.1670e+00)	Acc@1  17.19 ( 20.27)	Acc@5  73.44 ( 70.79)
0: Epoch: [1][90/98]	Time  0.111 ( 0.161)	Data  0.000 ( 0.053)	Loss 2.0690e+00 (2.1606e+00)	Acc@1  23.44 ( 20.47)	Acc@5  75.00 ( 71.03)
0: Test: [  0/157]	Time  2.421 ( 2.421)	Loss 1.8993e+00 (1.8993e+00)	Acc@1  34.38 ( 34.38)	Acc@5  84.38 ( 84.38)
0: Test: [ 10/157]	Time  0.025 ( 0.243)	Loss 2.0914e+00 (2.1104e+00)	Acc@1  17.19 ( 20.74)	Acc@5  78.12 ( 74.72)
0: Test: [ 20/157]	Time  0.025 ( 0.139)	Loss 2.1435e+00 (2.1018e+00)	Acc@1  21.88 ( 22.02)	Acc@5  60.94 ( 73.96)
0: Test: [ 30/157]	Time  0.025 ( 0.102)	Loss 2.1418e+00 (2.0910e+00)	Acc@1  17.19 ( 22.58)	Acc@5  76.56 ( 74.85)
0: Test: [ 40/157]	Time  0.025 ( 0.083)	Loss 1.9869e+00 (2.0758e+00)	Acc@1  35.94 ( 23.82)	Acc@5  78.12 ( 75.34)
0: Test: [ 50/157]	Time  0.025 ( 0.072)	Loss 2.1264e+00 (2.0738e+00)	Acc@1  20.31 ( 24.02)	Acc@5  73.44 ( 75.34)
0: Test: [ 60/157]	Time  0.025 ( 0.064)	Loss 2.1381e+00 (2.0718e+00)	Acc@1  20.31 ( 23.64)	Acc@5  68.75 ( 75.44)
0: Test: [ 70/157]	Time  0.025 ( 0.059)	Loss 1.9310e+00 (2.0677e+00)	Acc@1  32.81 ( 24.03)	Acc@5  82.81 ( 75.86)
0: Test: [ 80/157]	Time  0.027 ( 0.055)	Loss 1.9977e+00 (2.0665e+00)	Acc@1  28.12 ( 24.19)	Acc@5  87.50 ( 76.12)
0: Test: [ 90/157]	Time  0.025 ( 0.05
0: 1)	Loss 1.9871e+00 (2.0687e+00)	Acc@1  23.44 ( 23.88)	Acc@5  79.69 ( 75.81)
0: Test: [100/157]	Time  0.025 ( 0.049)	Loss 2.0514e+00 (2.0680e+00)	Acc@1  17.19 ( 24.07)	Acc@5  76.56 ( 75.84)
0: Test: [110/157]	Time  0.025 ( 0.047)	Loss 1.9089e+00 (2.0679e+00)	Acc@1  29.69 ( 24.14)	Acc@5  82.81 ( 75.84)
0: Test: [120/157]	Time  0.025 ( 0.045)	Loss 2.0315e+00 (2.0669e+00)	Acc@1  26.56 ( 24.21)	Acc@5  76.56 ( 75.96)
0: Test: [130/157]	Time  0.025 ( 0.043)	Loss 2.0138e+00 (2.0682e+00)	Acc@1  31.25 ( 24.18)	Acc@5  76.56 ( 75.89)
0: Test: [140/157]	Time  0.025 ( 0.042)	Loss 2.2690e+00 (2.0703e+00)	Acc@1  17.19 ( 24.20)	Acc@5  71.88 ( 75.94)
0: Test: [150/157]	Time  0.025 ( 0.041)	Loss 1.9714e+00 (2.0672e+00)	Acc@1  32.81 ( 24.19)	Acc@5  78.12 ( 76.00)
0:  * Acc@1 24.130 Acc@5 75.880
0: Epoch 1/3 - 21.944s
0: Test: [  0/157]	Time  2.411 ( 2.411)	Loss 1.8993e+00 (1.8993e+00)	Acc@1  34.38 ( 34.38)	Acc@5  84.38 ( 84.38)
0: Test: [ 10/157]	Time  0.025 ( 0.242)	Loss 2.0914e+00 (2.1104e+00)	Acc@1  17.19 ( 20.74)	Acc@5  78.12 ( 74.72)
0: Test: [ 20/157]	Time  0.025 ( 0.139)	Loss 2.1435e+00 (2.1018e+00)	Acc@1  21.88 ( 22.02)	Acc@5  60.94 ( 73.96)
0: Test: [ 30/157]	Time  0.025 ( 0.102)	Loss 2.1418e+00 (2.0910e+00)	Acc@1  17.19 ( 22.58)	Acc@5  76.56 ( 74.85)
0: Test: [ 40/157]	Time  0.025 ( 0.083)	Loss 1.9869e+00 (2.0758e+00)	Acc@1  35.94 ( 23.82)	Acc@5  78.12 ( 75.34)
0: Test: [ 50/157]	Time  0.025 ( 0.072)	Loss 2.1264e+00 (2.0738e+00)	Acc@1  20.31 ( 24.02)	Acc@5  73.44 ( 75.34)
0: Test: [ 60/157]	Time  0.025 ( 0.064)	Loss 2.1381e+00 (2.0718e+00)	Acc@1  20.31 ( 23.64)	Acc@5  68.75 ( 75.44)
0: 0: Test: [  0/157]	Time  2.411 ( 2.411)	Loss 1.8993e+00 (1.8993e+00)	Acc@1  34.38 ( 34.38)	Acc@5  84.38 ( 84.38)
Test: [ 70/157]	Time  0.025 ( 0.059)	Loss 1.9310e+00 (2.0677e+00)	Acc@1  32.81 ( 24.03)	Acc@5  82.81 ( 75.86)
0: 0: Test: [ 10/157]	Time  0.025 ( 0.242)	Loss 2.0914e+00 (2.1104e+00)	Acc@1  17.19 ( 20.74)	Acc@5  78.12 ( 74.72)
Test: [ 80/157]	Time  0.025 ( 0.054)	Loss 1.9977e+00 (2.0665e+00)	Acc@1  28.12 ( 24.19)	Acc@5  87.50 ( 76.12)
0: 0: Test: [ 20/157]	Time  0.025 ( 0.139)	Loss 2.1435e+00 (2.1018e+00)	Acc@1  21.88 ( 22.02)	Acc@5  60.94 ( 73.96)
Test: [ 90/157]	Time  0.025 ( 0.050: Test: [ 30/157]	Time  0.025 ( 0.102)	Loss 2.1418e+00 (2.0910e+00)	Acc@1  17.19 ( 22.58)	Acc@5  76.56 ( 74.85)

0: 0: Test: [ 40/157]	Time  0.025 ( 0.083)	Loss 1.9869e+00 (2.0758e+00)	Acc@1  35.94 ( 23.82)	Acc@5  78.12 ( 75.34)
1)	Loss 1.9871e+00 (2.0687e+00)	Acc@1  23.44 ( 23.88)	Acc@5  79.69 ( 75.81)
0: Test: [ 50/157]	Time  0.025 ( 0.072)	Loss 2.1264e+00 (2.0738e+00)	Acc@1  20.31 ( 24.02)	Acc@5  73.44 ( 75.34)
0: Test: [ 60/157]	Time  0.025 ( 0.064)	Loss 2.1381e+00 (2.0718e+00)	Acc@1  20.31 ( 23.64)	Acc@5  68.75 ( 75.44)
0: Test: [ 70/157]	Time  0.025 ( 0.059)	Loss 1.9310e+00 (2.0677e+00)	Acc@1  32.81 ( 24.03)	Acc@5  82.81 ( 75.86)
0: Test: [ 80/157]	Time  0.030 ( 0.054)	Loss 1.9977e+00 (2.0665e+00)	Acc@1  28.12 ( 24.19)	Acc@5  87.50 ( 76.12)
0: Test: [ 90/157]	Time  0.025 ( 0.05
0: 0: Test: [100/157]	Time  0.025 ( 0.049)	Loss 2.0514e+00 (2.0680e+00)	Acc@1  17.19 ( 24.07)	Acc@5  76.56 ( 75.84)
1)	Loss 1.9871e+00 (2.0687e+00)	Acc@1  23.44 ( 23.88)	Acc@5  79.69 ( 75.81)
0: 0: 0: Test: [110/157]	Time  0.025 ( 0.046)	Loss 1.9089e+00 (2.0679e+00)	Acc@1  29.69 ( 24.14)	Acc@5  82.81 ( 75.84)
Test: [100/157]	Time  0.027 ( 0.049)	Loss 2.0514e+00 (2.0680e+00)	Acc@1  17.19 ( 24.07)	Acc@5  76.56 ( 75.84)
Test: [  0/157]	Time  2.381 ( 2.381)	Loss 1.8993e+00 (1.8993e+00)	Acc@1  34.38 ( 34.38)	Acc@5  84.38 ( 84.38)
0: 0: 0: Test: [120/157]	Time  0.025 ( 0.045)	Loss 2.0315e+00 (2.0669e+00)	Acc@1  26.56 ( 24.21)	Acc@5  76.56 ( 75.96)
Test: [110/157]	Time  0.025 ( 0.047)	Loss 1.9089e+00 (2.0679e+00)	Acc@1  29.69 ( 24.14)	Acc@5  82.81 ( 75.84)
Test: [ 10/157]	Time  0.025 ( 0.239)	Loss 2.0914e+00 (2.1104e+00)	Acc@1  17.19 ( 20.74)	Acc@5  78.12 ( 74.72)
0: 0: 0: Test: [130/157]	Time  0.025 ( 0.043)	Loss 2.0138e+00 (2.0682e+00)	Acc@1  31.25 ( 24.18)	Acc@5  76.56 ( 75.89)
Test: [120/157]	Time  0.025 ( 0.045)	Loss 2.0315e+00 (2.0669e+00)	Acc@1  26.56 ( 24.21)	Acc@5  76.56 ( 75.96)
0: Test: [ 20/157]	Time  0.025 ( 0.137)	Loss 2.1435e+00 (2.1018e+00)	Acc@1  21.88 ( 22.02)	Acc@5  60.94 ( 73.96)
0: Test: [130/157]	Time  0.025 ( 0.043)	Loss 2.0138e+00 (2.0682e+00)	Acc@1  31.25 ( 24.18)	Acc@5  76.56 ( 75.89)
0: Test: [140/157]	Time  0.025 ( 0.042)	Loss 2.2690e+00 (2.0703e+00)	Acc@1  17.19 ( 24.20)	Acc@5  71.88 ( 75.94)
0: Test: [ 30/157]	Time  0.025 ( 0.101)	Loss 2.1418e+00 (2.0910e+00)	Acc@1  17.19 ( 22.58)	Acc@5  76.56 ( 74.85)
0: Test: [140/157]	Time  0.025 ( 0.042)	Loss 2.2690e+00 (2.0703e+00)	Acc@1  17.19 ( 24.20)	Acc@5  71.88 ( 75.94)
0: Test: [150/157]	Time  0.025 ( 0.041)	Loss 1.9714e+00 (2.0672e+00)	Acc@1  32.81 ( 24.19)	Acc@5  78.12 ( 76.00)
0: Test: [ 40/157]	Time  0.025 ( 0.082)	Loss 1.9869e+00 (2.0758e+00)	Acc@1  35.94 ( 23.82)	Acc@5  78.12 ( 75.34)
0: Test: [150/157]	Time  0.025 ( 0.041)	Loss 1.9714e+00 (2.0672e+00)	Acc@1  32.81 ( 24.19)	Acc@5  78.12 ( 76.00)
0:  * Acc@1 24.130 Acc@5 75.880
0: Test: [ 50/157]	Time  0.025 ( 0.071)	Loss 2.1264e+00 (2.0738e+00)	Acc@1  20.31 ( 24.02)	Acc@5  73.44 ( 75.34)
0:  * Acc@1 24.130 Acc@5 75.880
0: Epoch 1/3 - 21.985s
0: Test: [ 60/157]	Time  0.025 ( 0.064)	Loss 2.1381e+00 (2.0718e+00)	Acc@1  20.31 ( 23.64)	Acc@5  68.75 ( 75.44)
Epoch 1/3 - 21.953s
0: Test: [ 70/157]	Time  0.025 ( 0.058)	Loss 1.9310e+00 (2.0677e+00)	Acc@1  32.81 ( 24.03)	Acc@5  82.81 ( 75.86)
0: 0: 0: Test: [  0/157]	Time  2.409 ( 2.409)	Loss 1.8993e+00 (1.8993e+00)	Acc@1  34.38 ( 34.38)	Acc@5  84.38 ( 84.38)
Test: [ 80/157]	Time  0.025 ( 0.054)	Loss 1.9977e+00 (2.0665e+00)	Acc@1  28.12 ( 24.19)	Acc@5  87.50 ( 76.12)
Test: [  0/157]	Time  2.397 ( 2.397)	Loss 1.8993e+00 (1.8993e+00)	Acc@1  34.38 ( 34.38)	Acc@5  84.38 ( 84.38)
0: 0: 0: Test: [ 10/157]	Time  0.026 ( 0.242)	Loss 2.0914e+00 (2.1104e+00)	Acc@1  17.19 ( 20.74)	Acc@5  78.12 ( 74.72)
Test: [ 90/157]	Time  0.025 ( 0.05Test: [ 10/157]	Time  0.025 ( 0.241)	Loss 2.0914e+00 (2.1104e+00)	Acc@1  17.19 ( 20.74)	Acc@5  78.12 ( 74.72)
0: 
0: Test: [ 20/157]	Time  0.025 ( 0.139)	Loss 2.1435e+00 (2.1018e+00)	Acc@1  21.88 ( 22.02)	Acc@5  60.94 ( 73.96)
Test: [ 20/157]	Time  0.025 ( 0.138)	Loss 2.1435e+00 (2.1018e+00)	Acc@1  21.88 ( 22.02)	Acc@5  60.94 ( 73.96)
0: 0: 0: Test: [ 30/157]	Time  0.025 ( 0.102)	Loss 2.1418e+00 (2.0910e+00)	Acc@1  17.19 ( 22.58)	Acc@5  76.56 ( 74.85)
1)	Loss 1.9871e+00 (2.0687e+00)	Acc@1  23.44 ( 23.88)	Acc@5  79.69 ( 75.81)
Test: [ 30/157]	Time  0.025 ( 0.101)	Loss 2.1418e+00 (2.0910e+00)	Acc@1  17.19 ( 22.58)	Acc@5  76.56 ( 74.85)
0: 0: 0: Test: [ 40/157]	Time  0.025 ( 0.083)	Loss 1.9869e+00 (2.0758e+00)	Acc@1  35.94 ( 23.82)	Acc@5  78.12 ( 75.34)
Test: [100/157]	Time  0.025 ( 0.048)	Loss 2.0514e+00 (2.0680e+00)	Acc@1  17.19 ( 24.07)	Acc@5  76.56 ( 75.84)
Test: [ 40/157]	Time  0.025 ( 0.083)	Loss 1.9869e+00 (2.0758e+00)	Acc@1  35.94 ( 23.82)	Acc@5  78.12 ( 75.34)
0: 0: 0: Test: [ 50/157]	Time  0.025 ( 0.072)	Loss 2.1264e+00 (2.0738e+00)	Acc@1  20.31 ( 24.02)	Acc@5  73.44 ( 75.34)
Test: [110/157]	Time  0.025 ( 0.046)	Loss 1.9089e+00 (2.0679e+00)	Acc@1  29.69 ( 24.14)	Acc@5  82.81 ( 75.84)
Test: [ 50/157]	Time  0.025 ( 0.071)	Loss 2.1264e+00 (2.0738e+00)	Acc@1  20.31 ( 24.02)	Acc@5  73.44 ( 75.34)
0: 0: 0: Test: [ 60/157]	Time  0.025 ( 0.064)	Loss 2.1381e+00 (2.0718e+00)	Acc@1  20.31 ( 23.64)	Acc@5  68.75 ( 75.44)
Test: [120/157]	Time  0.025 ( 0.044)	Loss 2.0315e+00 (2.0669e+00)	Acc@1  26.56 ( 24.21)	Acc@5  76.56 ( 75.96)
Test: [ 60/157]	Time  0.025 ( 0.064)	Loss 2.1381e+00 (2.0718e+00)	Acc@1  20.31 ( 23.64)	Acc@5  68.75 ( 75.44)
0: 0: 0: Test: [ 70/157]	Time  0.025 ( 0.059)	Loss 1.9310e+00 (2.0677e+00)	Acc@1  32.81 ( 24.03)	Acc@5  82.81 ( 75.86)
Test: [130/157]	Time  0.025 ( 0.043)	Loss 2.0138e+00 (2.0682e+00)	Acc@1  31.25 ( 24.18)	Acc@5  76.56 ( 75.89)
Test: [ 70/157]	Time  0.025 ( 0.058)	Loss 1.9310e+00 (2.0677e+00)	Acc@1  32.81 ( 24.03)	Acc@5  82.81 ( 75.86)
0: 0: 0: Test: [ 80/157]	Time  0.025 ( 0.055)	Loss 1.9977e+00 (2.0665e+00)	Acc@1  28.12 ( 24.19)	Acc@5  87.50 ( 76.12)
Test: [140/157]	Time  0.025 ( 0.042)	Loss 2.2690e+00 (2.0703e+00)	Acc@1  17.19 ( 24.20)	Acc@5  71.88 ( 75.94)
Test: [ 80/157]	Time  0.025 ( 0.054)	Loss 1.9977e+00 (2.0665e+00)	Acc@1  28.12 ( 24.19)	Acc@5  87.50 ( 76.12)
0: 0: 0: Test: [ 90/157]	Time  0.025 ( 0.05Test: [150/157]	Time  0.025 ( 0.041)	Loss 1.9714e+00 (2.0672e+00)	Acc@1  32.81 ( 24.19)	Acc@5  78.12 ( 76.00)

0:  * Acc@1 24.130 Acc@5 75.880
0: 0: 1)	Loss 1.9871e+00 (2.0687e+00)	Acc@1  23.44 ( 23.88)	Acc@5  79.69 ( 75.81)
Epoch 1/3 - 21.974s
0: Test: [100/157]	Time  0.025 ( 0.048)	Loss 2.0514e+00 (2.0680e+00)	Acc@1  17.19 ( 24.07)	Acc@5  76.56 ( 75.84)
0: 0: Test: [  0/157]	Time  2.382 ( 2.382)	Loss 1.8993e+00 (1.8993e+00)	Acc@1  34.38 ( 34.38)	Acc@5  84.38 ( 84.38)
Test: [110/157]	Time  0.025 ( 0.046)	Loss 1.9089e+00 (2.0679e+00)	Acc@1  29.69 ( 24.14)	Acc@5  82.81 ( 75.84)
0: 0: Test: [ 10/157]	Time  0.025 ( 0.240)	Loss 2.0914e+00 (2.1104e+00)	Acc@1  17.19 ( 20.74)	Acc@5  78.12 ( 74.72)
Test: [120/157]	Time  0.025 ( 0.044)	Loss 2.0315e+00 (2.0669e+00)	Acc@1  26.56 ( 24.21)	Acc@5  76.56 ( 75.96)
0: 0: Test: [ 20/157]	Time  0.025 ( 0.137)	Loss 2.1435e+00 (2.1018e+00)	Acc@1  21.88 ( 22.02)	Acc@5  60.94 ( 73.96)
Test: [130/157]	Time  0.025 ( 0.043)	Loss 2.0138e+00 (2.0682e+00)	Acc@1  31.25 ( 24.18)	Acc@5  76.56 ( 75.89)
0: 0: Test: [ 30/157]	Time  0.025 ( 0.101)	Loss 2.1418e+00 (2.0910e+00)	Acc@1  17.19 ( 22.58)	Acc@5  76.56 ( 74.85)
Test: [140/157]	Time  0.025 ( 0.042)	Loss 2.2690e+00 (2.0703e+00)	Acc@1  17.19 ( 24.20)	Acc@5  71.88 ( 75.94)
0: 0: Test: [ 40/157]	Time  0.025 ( 0.082)	Loss 1.9869e+00 (2.0758e+00)	Acc@1  35.94 ( 23.82)	Acc@5  78.12 ( 75.34)
Test: [150/157]	Time  0.025 ( 0.041)	Loss 1.9714e+00 (2.0672e+00)	Acc@1  32.81 ( 24.19)	Acc@5  78.12 ( 76.00)
0: 0: Test: [ 50/157]	Time  0.025 ( 0.071)	Loss 2.1264e+00 (2.0738e+00)	Acc@1  20.31 ( 24.02)	Acc@5  73.44 ( 75.34)
 * Acc@1 24.130 Acc@5 75.880
0: 0: Test: [ 60/157]	Time  0.028 ( 0.064)	Loss 2.1381e+00 (2.0718e+00)	Acc@1  20.31 ( 23.64)	Acc@5  68.75 ( 75.44)
Epoch 1/3 - 22.009s
0: Test: [ 70/157]	Time  0.025 ( 0.058)	Loss 1.9310e+00 (2.0677e+00)	Acc@1  32.81 ( 24.03)	Acc@5  82.81 ( 75.86)
Test: [ 90/157]	Time  0.025 ( 0.050: 
Test: [ 80/157]	Time  0.025 ( 0.054)	Loss 1.9977e+00 (2.0665e+00)	Acc@1  28.12 ( 24.19)	Acc@5  87.50 ( 76.12)
0: Test: [ 90/157]	Time  0.025 ( 0.05
0: 1)	Loss 1.9871e+00 (2.0687e+00)	Acc@1  23.44 ( 23.88)	Acc@5  79.69 ( 75.81)
0: 0: 1)	Loss 1.9871e+00 (2.0687e+00)	Acc@1  23.44 ( 23.88)	Acc@5  79.69 ( 75.81)
Test: [100/157]	Time  0.027 ( 0.049)	Loss 2.0514e+00 (2.0680e+00)	Acc@1  17.19 ( 24.07)	Acc@5  76.56 ( 75.84)
0: 0: Test: [100/157]	Time  0.025 ( 0.048)	Loss 2.0514e+00 (2.0680e+00)	Acc@1  17.19 ( 24.07)	Acc@5  76.56 ( 75.84)
Test: [110/157]	Time  0.025 ( 0.047)	Loss 1.9089e+00 (2.0679e+00)	Acc@1  29.69 ( 24.14)	Acc@5  82.81 ( 75.84)
0: 0: Test: [110/157]	Time  0.025 ( 0.046)	Loss 1.9089e+00 (2.0679e+00)	Acc@1  29.69 ( 24.14)	Acc@5  82.81 ( 75.84)
Test: [120/157]	Time  0.025 ( 0.045)	Loss 2.0315e+00 (2.0669e+00)	Acc@1  26.56 ( 24.21)	Acc@5  76.56 ( 75.96)
0: 0: Test: [120/157]	Time  0.025 ( 0.044)	Loss 2.0315e+00 (2.0669e+00)	Acc@1  26.56 ( 24.21)	Acc@5  76.56 ( 75.96)
Test: [130/157]	Time  0.025 ( 0.043)	Loss 2.0138e+00 (2.0682e+00)	Acc@1  31.25 ( 24.18)	Acc@5  76.56 ( 75.89)
0: 0: Test: [130/157]	Time  0.025 ( 0.043)	Loss 2.0138e+00 (2.0682e+00)	Acc@1  31.25 ( 24.18)	Acc@5  76.56 ( 75.89)
Test: [140/157]	Time  0.025 ( 0.042)	Loss 2.2690e+00 (2.0703e+00)	Acc@1  17.19 ( 24.20)	Acc@5  71.88 ( 75.94)
0: 0: Test: [140/157]	Time  0.025 ( 0.042)	Loss 2.2690e+00 (2.0703e+00)	Acc@1  17.19 ( 24.20)	Acc@5  71.88 ( 75.94)
Test: [150/157]	Time  0.025 ( 0.041)	Loss 1.9714e+00 (2.0672e+00)	Acc@1  32.81 ( 24.19)	Acc@5  78.12 ( 76.00)
0: 0: Test: [150/157]	Time  0.025 ( 0.041)	Loss 1.9714e+00 (2.0672e+00)	Acc@1  32.81 ( 24.19)	Acc@5  78.12 ( 76.00)
 * Acc@1 24.130 Acc@5 75.880
0: 0:  * Acc@1 24.130 Acc@5 75.880
Epoch 1/3 - 21.985s
0: Epoch 1/3 - 22.001s
0: Test: [  0/157]	Time  2.408 ( 2.408)	Loss 1.8993e+00 (1.8993e+00)	Acc@1  34.38 ( 34.38)	Acc@5  84.38 ( 84.38)
0: Test: [ 10/157]	Time  0.025 ( 0.242)	Loss 2.0914e+00 (2.1104e+00)	Acc@1  17.19 ( 20.74)	Acc@5  78.12 ( 74.72)
0: Test: [ 20/157]	Time  0.025 ( 0.139)	Loss 2.1435e+00 (2.1018e+00)	Acc@1  21.88 ( 22.02)	Acc@5  60.94 ( 73.96)
0: Test: [ 30/157]	Time  0.025 ( 0.102)	Loss 2.1418e+00 (2.0910e+00)	Acc@1  17.19 ( 22.58)	Acc@5  76.56 ( 74.85)
0: Test: [ 40/157]	Time  0.025 ( 0.083)	Loss 1.9869e+00 (2.0758e+00)	Acc@1  35.94 ( 23.82)	Acc@5  78.12 ( 75.34)
0: Test: [ 50/157]	Time  0.025 ( 0.072)	Loss 2.1264e+00 (2.0738e+00)	Acc@1  20.31 ( 24.02)	Acc@5  73.44 ( 75.34)
0: Test: [ 60/157]	Time  0.025 ( 0.064)	Loss 2.1381e+00 (2.0718e+00)	Acc@1  20.31 ( 23.64)	Acc@5  68.75 ( 75.44)
0: Test: [ 70/157]	Time  0.028 ( 0.059)	Loss 1.9310e+00 (2.0677e+00)	Acc@1  32.81 ( 24.03)	Acc@5  82.81 ( 75.86)
0: Test: [ 80/157]	Time  0.025 ( 0.055)	Loss 1.9977e+00 (2.0665e+00)	Acc@1  28.12 ( 24.19)	Acc@5  87.50 ( 76.12)
0: Test: [ 90/157]	Time  0.028 ( 0.05
0: 2)	Loss 1.9871e+00 (2.0687e+00)	Acc@1  23.44 ( 23.88)	Acc@5  79.69 ( 75.81)
0: Test: [100/157]	Time  0.025 ( 0.049)	Loss 2.0514e+00 (2.0680e+00)	Acc@1  17.19 ( 24.07)	Acc@5  76.56 ( 75.84)
0: Test: [110/157]	Time  0.025 ( 0.047)	Loss 1.9089e+00 (2.0679e+00)	Acc@1  29.69 ( 24.14)	Acc@5  82.81 ( 75.84)
0: Test: [120/157]	Time  0.025 ( 0.045)	Loss 2.0315e+00 (2.0669e+00)	Acc@1  26.56 ( 24.21)	Acc@5  76.56 ( 75.96)
0: Test: [130/157]	Time  0.025 ( 0.044)	Loss 2.0138e+00 (2.0682e+00)	Acc@1  31.25 ( 24.18)	Acc@5  76.56 ( 75.89)
0: Test: [140/157]	Time  0.025 ( 0.042)	Loss 2.2690e+00 (2.0703e+00)	Acc@1  17.19 ( 24.20)	Acc@5  71.88 ( 75.94)
0: Test: [150/157]	Time  0.025 ( 0.041)	Loss 1.9714e+00 (2.0672e+00)	Acc@1  32.81 ( 24.19)	Acc@5  78.12 ( 76.00)
0:  * Acc@1 24.130 Acc@5 75.880
0: Epoch 1/3 - 21.973s
0: Epoch: [2][ 0/98]	Time  4.735 ( 4.735)	Data  4.555 ( 4.555)	Loss 2.0133e+00 (2.0133e+00)	Acc@1  18.75 ( 18.75)	Acc@5  79.69 ( 79.69)
0: Epoch: [2][10/98]	Time  0.110 ( 0.531)	Data  0.000 ( 0.417)	Loss 2.1747e+00 (2.0950e+00)	Acc@1  23.44 ( 21.59)	Acc@5  67.19 ( 74.15)
0: Epoch: [2][20/98]	Time  0.109 ( 0.331)	Data  0.000 ( 0.220)	Loss 2.0416e+00 (2.0795e+00)	Acc@1  20.31 ( 22.99)	Acc@5  79.69 ( 74.85)
0: Epoch: [2][30/98]	Time  0.109 ( 0.259)	Data  0.000 ( 0.150)	Loss 2.0315e+00 (2.0447e+00)	Acc@1  31.25 ( 23.94)	Acc@5  70.31 ( 76.56)
0: Epoch: [2][40/98]	Time  0.110 ( 0.223)	Data  0.000 ( 0.114)	Loss 2.0066e+00 (2.0367e+00)	Acc@1  28.12 ( 24.43)	Acc@5  82.81 ( 76.83)
0: Epoch: [2][50/98]	Time  0.110 ( 0.201)	Data  0.000 ( 0.092)	Loss 1.8671e+00 (2.0287e+00)	Acc@1  35.94 ( 25.31)	Acc@5  78.12 ( 76.87)
0: Epoch: [2][60/98]	Time  0.110 ( 0.186)	Data  0.000 ( 0.077)	Loss 1.8816e+00 (2.0158e+00)	Acc@1  32.81 ( 26.00)	Acc@5  79.69 ( 77.43)
0: Epoch: [2][70/98]	Time  0.110 ( 0.175)	Data  0.000 ( 0.067)	Loss 1.8292e+00 (2.0078e+00)	Acc@
0: 1  26.56 ( 26.08)	Acc@5  85.94 ( 77.84)
0: Epoch: [2][80/98]	Time  0.110 ( 0.167)	Data  0.000 ( 0.059)	Loss 2.1239e+00 (2.0036e+00)	Acc@1  28.12 ( 26.02)	Acc@5  68.75 ( 77.99)
0: Epoch: [2][90/98]	Time  0.110 ( 0.161)	Data  0.000 ( 0.053)	Loss 2.0333e+00 (2.0022e+00)	Acc@1  29.69 ( 26.29)	Acc@5  78.12 ( 77.95)
0: Epoch: [2][ 0/98]	Time  4.712 ( 4.712)	Data  4.567 ( 4.567)	Loss 2.2565e+00 (2.2565e+00)	Acc@1  17.19 ( 17.19)	Acc@5  67.19 ( 67.19)
0: Epoch: [2][10/98]	Time  0.111 ( 0.529)	Data  0.000 ( 0.418)	Loss 1.9703e+00 (2.0550e+00)	Acc@1  28.12 ( 23.72)	Acc@5  79.69 ( 75.43)
0: Epoch: [2][20/98]	Time  0.110 ( 0.330)	Data  0.000 ( 0.220)	Loss 2.0103e+00 (2.0524e+00)	Acc@1  31.25 ( 24.63)	Acc@5  78.12 ( 76.04)
0: Epoch: [2][30/98]	Time  0.110 ( 0.259)	Data  0.000 ( 0.150)	Loss 1.8898e+00 (2.0490e+00)	Acc@1  29.69 ( 24.80)	Acc@5  85.94 ( 76.61)
0: Epoch: [2][40/98]	Time  0.111 ( 0.222)	Data  0.000 ( 0.114)	Loss 2.0510e+00 (2.0442e+00)	Acc@1  26.56 ( 25.42)	Acc@5  81.25 ( 77.02)
0: Epoch: [2][50/98]	Time  0.110 ( 0.200)	Data  0.000 ( 0.092)	Loss 2.0785e+00 (2.0424e+00)	Acc@1  25.00 ( 25.28)	Acc@5  73.44 ( 77.08)
0: Epoch: [2][60/98]	Time  0.110 ( 0.186)	Data  0.000 ( 0.077)	Loss 1.8618e+00 (2.0434e+00)	Acc@1  29.69 ( 25.33)	Acc@5  79.69 ( 76.82)
0: Epoch: [2][70/98]	Time  0.110 ( 0.175)	Data  0.000 ( 0.067)	Loss 2.0926e+00 (2.0428e+00)	Acc@
0: 1  25.00 ( 25.42)	Acc@5  71.88 ( 77.07)
0: Epoch: [2][80/98]	Time  0.110 ( 0.167)	Data  0.000 ( 0.059)	Loss 2.0848e+00 (2.0372e+00)	Acc@1  17.19 ( 25.23)	Acc@5  75.00 ( 77.58)
0: Epoch: [2][90/98]	Time  0.110 ( 0.161)	Data  0.000 ( 0.053)	Loss 1.8835e+00 (2.0246e+00)	Acc@1  23.44 ( 25.60)	Acc@5  87.50 ( 77.90)
0: Epoch: [2][ 0/98]	Time  4.731 ( 4.731)	Data  4.630 ( 4.630)	Loss 2.0315e+00 (2.0315e+00)	Acc@1  21.88 ( 21.88)	Acc@5  76.56 ( 76.56)
0: Epoch: [2][10/98]	Time  0.111 ( 0.531)	Data  0.000 ( 0.424)	Loss 1.9407e+00 (2.0353e+00)	Acc@1  35.94 ( 26.28)	Acc@5  79.69 ( 75.28)
0: Epoch: [2][20/98]	Time  0.110 ( 0.331)	Data  0.000 ( 0.223)	Loss 1.8735e+00 (2.0493e+00)	Acc@1  28.12 ( 25.00)	Acc@5  89.06 ( 75.74)
0: Epoch: [2][30/98]	Time  0.110 ( 0.259)	Data  0.000 ( 0.152)	Loss 1.8847e+00 (2.0401e+00)	Acc@1  39.06 ( 25.55)	Acc@5  81.25 ( 76.46)
0: Epoch: [2][40/98]	Time  0.110 ( 0.223)	Data  0.000 ( 0.116)	Loss 2.1743e+00 (2.0537e+00)	Acc@1  23.44 ( 24.96)	Acc@5  70.31 ( 76.41)
0: Epoch: [2][50/98]	Time  0.110 ( 0.201)	Data  0.000 ( 0.094)	Loss 1.9092e+00 (2.0510e+00)	Acc@1  23.44 ( 25.00)	Acc@5  82.81 ( 76.32)
0: Epoch: [2][60/98]	Time  0.111 ( 0.186)	Data  0.000 ( 0.079)	Loss 1.8753e+00 (2.0430e+00)	Acc@1  28.12 ( 25.20)	Acc@5  79.69 ( 76.92)
0: Epoch: [2][70/98]	Time  0.110 ( 0.175)	Data  0.000 ( 0.068)	Loss 1.9694e+00 (2.0312e+00)	Acc@
0: 1  26.56 ( 25.86)	Acc@5  73.44 ( 77.05)
0: Epoch: [2][80/98]	Time  0.110 ( 0.167)	Data  0.000 ( 0.060)	Loss 1.9017e+00 (2.0179e+00)	Acc@1  28.12 ( 26.12)	Acc@5  76.56 ( 77.57)
0: Epoch: [2][90/98]	Time  0.110 ( 0.161)	Data  0.000 ( 0.054)	Loss 1.9735e+00 (2.0120e+00)	Acc@1  21.88 ( 26.27)	Acc@5  82.81 ( 77.71)
0: Epoch: [2][ 0/98]	Time  4.733 ( 4.733)	Data  4.542 ( 4.542)	Loss 2.1974e+00 (2.1974e+00)	Acc@1  23.44 ( 23.44)	Acc@5  75.00 ( 75.00)
0: Epoch: [2][10/98]	Time  0.110 ( 0.531)	Data  0.000 ( 0.416)	Loss 2.0834e+00 (2.0557e+00)	Acc@1  29.69 ( 25.43)	Acc@5  76.56 ( 73.86)
0: Epoch: [2][20/98]	Time  0.110 ( 0.331)	Data  0.000 ( 0.219)	Loss 1.9927e+00 (2.0536e+00)	Acc@1  29.69 ( 25.00)	Acc@5  75.00 ( 74.63)
0: Epoch: [2][30/98]	Time  0.110 ( 0.259)	Data  0.000 ( 0.149)	Loss 2.0153e+00 (2.0343e+00)	Acc@1  23.44 ( 25.10)	Acc@5  79.69 ( 76.26)
0: Epoch: [2][40/98]	Time  0.111 ( 0.223)	Data  0.000 ( 0.113)	Loss 2.0555e+00 (2.0286e+00)	Acc@1  21.88 ( 25.50)	Acc@5  79.69 ( 76.45)
0: Epoch: [2][50/98]	Time  0.110 ( 0.201)	Data  0.000 ( 0.092)	Loss 2.0543e+00 (2.0343e+00)	Acc@1  23.44 ( 25.64)	Acc@5  71.88 ( 76.04)
0: Epoch: [2][60/98]	Time  0.110 ( 0.186)	Data  0.000 ( 0.077)	Loss 2.1114e+00 (2.0357e+00)	Acc@1  23.44 ( 25.46)	Acc@5  73.44 ( 76.33)
0: Epoch: [2][70/98]	Time  0.110 ( 0.175)	Data  0.000 ( 0.067)	Loss 2.0733e+00 (2.0291e+00)	Acc@
0: 1  29.69 ( 25.75)	Acc@5  76.56 ( 76.74)
0: Epoch: [2][80/98]	Time  0.110 ( 0.167)	Data  0.000 ( 0.059)	Loss 2.0630e+00 (2.0213e+00)	Acc@1  21.88 ( 26.02)	Acc@5  79.69 ( 76.97)
0: Epoch: [2][90/98]	Time  0.110 ( 0.161)	Data  0.000 ( 0.053)	Loss 1.9379e+00 (2.0238e+00)	Acc@1  31.25 ( 26.00)	Acc@5  73.44 ( 77.13)
0: Epoch: [2][ 0/98]	Time  4.761 ( 4.761)	Data  4.610 ( 4.610)	Loss 2.0536e+00 (2.0536e+00)	Acc@1  23.44 ( 23.44)	Acc@5  71.88 ( 71.88)
0: Epoch: [2][10/98]	Time  0.110 ( 0.533)	Data  0.000 ( 0.422)	Loss 2.1936e+00 (2.0903e+00)	Acc@1  23.44 ( 25.28)	Acc@5  73.44 ( 74.72)
0: Epoch: [2][20/98]	Time  0.110 ( 0.332)	Data  0.000 ( 0.223)	Loss 2.0230e+00 (2.0670e+00)	Acc@1  21.88 ( 24.78)	Acc@5  73.44 ( 75.07)
0: Epoch: [2][30/98]	Time  0.110 ( 0.260)	Data  0.000 ( 0.152)	Loss 2.0202e+00 (2.0538e+00)	Acc@1  23.44 ( 25.30)	Acc@5  71.88 ( 75.71)
0: Epoch: [2][40/98]	Time  0.110 ( 0.224)	Data  0.000 ( 0.115)	Loss 1.9530e+00 (2.0489e+00)	Acc@1  23.44 ( 25.30)	Acc@5  84.38 ( 75.76)
0: Epoch: [2][50/98]	Time  0.110 ( 0.201)	Data  0.000 ( 0.093)	Loss 2.0085e+00 (2.0390e+00)	Acc@1  28.12 ( 25.31)	Acc@5  75.00 ( 76.35)
0: Epoch: [2][60/98]	Time  0.110 ( 0.186)	Data  0.000 ( 0.079)	Loss 1.7427e+00 (2.0331e+00)	Acc@1  35.94 ( 25.44)	Acc@5  85.94 ( 76.74)
0: Epoch: [2][70/98]	Time  0.110 ( 0.176)	Data  0.000 ( 0.068)	Loss 2.0104e+00 (2.0263e+00)	Acc@
0: 1  26.56 ( 25.88)	Acc@5  76.56 ( 77.16)
0: Epoch: [2][80/98]	Time  0.110 ( 0.168)	Data  0.000 ( 0.060)	Loss 2.0234e+00 (2.0278e+00)	Acc@1  20.31 ( 25.75)	Acc@5  76.56 ( 77.24)
0: Epoch: [2][90/98]	Time  0.110 ( 0.161)	Data  0.000 ( 0.054)	Loss 1.8966e+00 (2.0200e+00)	Acc@1  21.88 ( 26.08)	Acc@5  78.12 ( 77.46)
0: Epoch: [2][ 0/98]	Time  4.740 ( 4.740)	Data  4.641 ( 4.641)	Loss 2.0660e+00 (2.0660e+00)	Acc@1  25.00 ( 25.00)	Acc@5  71.88 ( 71.88)
0: Epoch: [2][10/98]	Time  0.110 ( 0.531)	Data  0.000 ( 0.424)	Loss 2.0471e+00 (2.0863e+00)	Acc@1  20.31 ( 23.15)	Acc@5  76.56 ( 74.57)
0: Epoch: [2][20/98]	Time  0.110 ( 0.331)	Data  0.000 ( 0.223)	Loss 1.9626e+00 (2.0706e+00)	Acc@1  32.81 ( 23.59)	Acc@5  82.81 ( 75.00)
0: Epoch: [2][30/98]	Time  0.110 ( 0.259)	Data  0.000 ( 0.152)	Loss 2.1025e+00 (2.0516e+00)	Acc@1  20.31 ( 24.70)	Acc@5  68.75 ( 75.96)
0: Epoch: [2][40/98]	Time  0.111 ( 0.223)	Data  0.000 ( 0.116)	Loss 2.0198e+00 (2.0528e+00)	Acc@1  29.69 ( 24.54)	Acc@5  76.56 ( 76.14)
0: Epoch: [2][50/98]	Time  0.110 ( 0.201)	Data  0.000 ( 0.094)	Loss 1.9702e+00 (2.0346e+00)	Acc@1  29.69 ( 25.18)	Acc@5  79.69 ( 76.96)
0: Epoch: [2][60/98]	Time  0.111 ( 0.186)	Data  0.000 ( 0.079)	Loss 2.1722e+00 (2.0290e+00)	Acc@1  17.19 ( 25.38)	Acc@5  70.31 ( 77.33)
0: Epoch: [2][70/98]	Time  0.110 ( 0.175)	Data  0.000 ( 0.068)	Loss 1.9672e+00 (2.0229e+00)	Acc@
0: 1  28.12 ( 25.66)	Acc@5  78.12 ( 77.57)
0: Epoch: [2][80/98]	Time  0.110 ( 0.167)	Data  0.000 ( 0.060)	Loss 2.1231e+00 (2.0106e+00)	Acc@1  26.56 ( 26.18)	Acc@5  71.88 ( 77.68)
0: Epoch: [2][90/98]	Time  0.110 ( 0.161)	Data  0.000 ( 0.054)	Loss 1.8509e+00 (2.0015e+00)	Acc@1  40.62 ( 26.56)	Acc@5  85.94 ( 78.04)
0: Epoch: [2][ 0/98]	Time  4.730 ( 4.730)	Data  4.533 ( 4.533)	Loss 1.9540e+00 (1.9540e+00)	Acc@1  34.38 ( 34.38)	Acc@5  76.56 ( 76.56)
0: Epoch: [2][10/98]	Time  0.110 ( 0.531)	Data  0.000 ( 0.415)	Loss 2.0051e+00 (2.0618e+00)	Acc@1  34.38 ( 26.56)	Acc@5  78.12 ( 75.71)
0: Epoch: [2][20/98]	Time  0.110 ( 0.331)	Data  0.000 ( 0.219)	Loss 1.9435e+00 (2.0470e+00)	Acc@1  25.00 ( 25.82)	Acc@5  82.81 ( 76.41)
0: Epoch: [2][30/98]	Time  0.110 ( 0.259)	Data  0.000 ( 0.149)	Loss 1.9900e+00 (2.0471e+00)	Acc@1  17.19 ( 25.05)	Acc@5  79.69 ( 76.61)
0: Epoch: [2][40/98]	Time  0.110 ( 0.223)	Data  0.000 ( 0.113)	Loss 1.9174e+00 (2.0514e+00)	Acc@1  29.69 ( 24.54)	Acc@5  85.94 ( 76.56)
0: Epoch: [2][50/98]	Time  0.110 ( 0.201)	Data  0.000 ( 0.092)	Loss 2.0792e+00 (2.0479e+00)	Acc@1  18.75 ( 24.26)	Acc@5  75.00 ( 76.96)
0: Epoch: [2][60/98]	Time  0.110 ( 0.186)	Data  0.000 ( 0.077)	Loss 1.8585e+00 (2.0455e+00)	Acc@1  34.38 ( 24.21)	Acc@5  82.81 ( 77.13)
0: Epoch: [2][70/98]	Time  0.110 ( 0.175)	Data  0.000 ( 0.067)	Loss 1.8283e+00 (2.0382e+00)	Acc@
0: 1  31.25 ( 24.32)	Acc@5  89.06 ( 77.35)
0: Epoch: [2][80/98]	Time  0.110 ( 0.167)	Data  0.000 ( 0.059)	Loss 1.7307e+00 (2.0221e+00)	Acc@1  39.06 ( 25.25)	Acc@5  84.38 ( 77.80)
0: Epoch: [2][90/98]	Time  0.110 ( 0.161)	Data  0.000 ( 0.053)	Loss 1.9024e+00 (2.0212e+00)	Acc@1  32.81 ( 25.34)	Acc@5  81.25 ( 77.88)
0: Epoch: [2][ 0/98]	Time  4.733 ( 4.733)	Data  4.563 ( 4.563)	Loss 1.9867e+00 (1.9867e+00)	Acc@1  29.69 ( 29.69)	Acc@5  78.12 ( 78.12)
0: Epoch: [2][10/98]	Time  0.110 ( 0.531)	Data  0.000 ( 0.418)	Loss 1.8859e+00 (2.0081e+00)	Acc@1  20.31 ( 23.86)	Acc@5  82.81 ( 77.98)
0: Epoch: [2][20/98]	Time  0.110 ( 0.331)	Data  0.000 ( 0.220)	Loss 1.9045e+00 (2.0364e+00)	Acc@1  37.50 ( 24.26)	Acc@5  89.06 ( 76.79)
0: Epoch: [2][30/98]	Time  0.110 ( 0.259)	Data  0.000 ( 0.150)	Loss 1.8954e+00 (2.0394e+00)	Acc@1  35.94 ( 24.95)	Acc@5  82.81 ( 76.92)
0: Epoch: [2][40/98]	Time  0.110 ( 0.223)	Data  0.000 ( 0.114)	Loss 2.1376e+00 (2.0373e+00)	Acc@1  25.00 ( 25.00)	Acc@5  73.44 ( 76.83)
0: Epoch: [2][50/98]	Time  0.110 ( 0.201)	Data  0.000 ( 0.092)	Loss 1.8814e+00 (2.0228e+00)	Acc@1  21.88 ( 25.40)	Acc@5  84.38 ( 77.39)
0: Epoch: [2][60/98]	Time  0.110 ( 0.186)	Data  0.000 ( 0.077)	Loss 1.9635e+00 (2.0133e+00)	Acc@1  26.56 ( 25.72)	Acc@5  79.69 ( 77.69)
0: Epoch: [2][70/98]	Time  0.110 ( 0.175)	Data  0.000 ( 0.067)	Loss 1.9682e+00 (2.0120e+00)	Acc@
0: 1  23.44 ( 26.23)	Acc@5  85.94 ( 78.08)
0: Epoch: [2][80/98]	Time  0.110 ( 0.167)	Data  0.000 ( 0.059)	Loss 1.7575e+00 (2.0088e+00)	Acc@1  39.06 ( 26.49)	Acc@5  89.06 ( 78.24)
0: Epoch: [2][90/98]	Time  0.110 ( 0.161)	Data  0.000 ( 0.053)	Loss 2.2217e+00 (2.0012e+00)	Acc@1  23.44 ( 26.67)	Acc@5  75.00 ( 78.59)
0: Test: [  0/157]	Time  2.371 ( 2.371)	Loss 1.8448e+00 (1.8448e+00)	Acc@1  29.69 ( 29.69)	Acc@5  82.81 ( 82.81)
0: Test: [ 10/157]	Time  0.025 ( 0.238)	Loss 1.9180e+00 (1.9444e+00)	Acc@1  31.25 ( 28.84)	Acc@5  79.69 ( 80.26)
0: Test: [ 20/157]	Time  0.025 ( 0.137)	Loss 2.0388e+00 (1.9584e+00)	Acc@1  25.00 ( 27.68)	Acc@5  78.12 ( 80.58)
0: Test: [ 30/157]	Time  0.025 ( 0.101)	Loss 2.0140e+00 (1.9475e+00)	Acc@1  34.38 ( 28.38)	Acc@5  79.69 ( 81.35)
0: Test: [ 40/157]	Time  0.025 ( 0.082)	Loss 2.0283e+00 (1.9383e+00)	Acc@1  25.00 ( 29.04)	Acc@5  79.69 ( 81.97)
0: Test: [ 50/157]	Time  0.025 ( 0.071)	Loss 2.0426e+00 (1.9401e+00)	Acc@1  29.69 ( 29.04)	Acc@5  76.56 ( 81.89)
0: Test: [ 60/157]	Time  0.025 ( 0.063)	Loss 1.9618e+00 (1.9455e+00)	Acc@1  29.69 ( 28.46)	Acc@5  76.56 ( 81.86)
0: Test: [ 70/157]	Time  0.025 ( 0.058)	Loss 1.8017e+00 (1.9390e+00)	Acc@1  37.50 ( 28.79)	Acc@5  87.50 ( 81.87)
0: Test: [ 80/157]	Time  0.025 ( 0.054)	Loss 1.8026e+00 (1.9329e+00)	Acc@1  34.38 ( 28.84)	Acc@5  90.62 ( 82.00)
0: Test: [ 90/157]	Time  0.025 ( 0.05
0: 1)	Loss 1.9090e+00 (1.9381e+00)	Acc@1  35.94 ( 28.76)	Acc@5  76.56 ( 81.46)
0: Test: [100/157]	Time  0.025 ( 0.048)	Loss 1.9921e+00 (1.9371e+00)	Acc@1  25.00 ( 28.82)	Acc@5  78.12 ( 81.31)
0: Test: [110/157]	Time  0.025 ( 0.046)	Loss 1.8955e+00 (1.9361e+00)	Acc@1  31.25 ( 29.05)	Acc@5  85.94 ( 81.26)
0: Test: [120/157]	Time  0.025 ( 0.044)	Loss 1.8685e+00 (1.9336e+00)	Acc@1  32.81 ( 29.02)	Acc@5  79.69 ( 81.46)
0: Test: [130/157]	Time  0.025 ( 0.043)	Loss 1.9014e+00 (1.9355e+00)	Acc@1  25.00 ( 29.00)	Acc@5  84.38 ( 81.38)
0: Test: [140/157]	Time  0.025 ( 0.041)	Loss 2.0601e+00 (1.9366e+00)	Acc@1  35.94 ( 28.95)	Acc@5  75.00 ( 81.33)
0: Test: [150/157]	Time  0.025 ( 0.040)	Loss 2.0344e+00 (1.9358e+00)	Acc@1  28.12 ( 28.93)	Acc@5  79.69 ( 81.44)
0:  * Acc@1 28.940 Acc@5 81.460
0: Epoch 2/3 - 21.880s
0: Steps per epoch: 98
0: Validation steps per epoch: 157
0: Average time per epoch: 23.550 s
0: Test: [  0/157]	Time  2.383 ( 2.383)	Loss 1.8448e+00 (1.8448e+00)	Acc@1  29.69 ( 29.69)	Acc@5  82.81 ( 82.81)
0: Test: [ 10/157]	Time  0.025 ( 0.239)	Loss 1.9180e+00 (1.9444e+00)	Acc@1  31.25 ( 28.84)	Acc@5  79.69 ( 80.26)
0: Test: [ 20/157]	Time  0.025 ( 0.137)	Loss 2.0388e+00 (1.9584e+00)	Acc@1  25.00 ( 27.68)	Acc@5  78.12 ( 80.58)
0: Test: [ 30/157]	Time  0.025 ( 0.101)	Loss 2.0140e+00 (1.9475e+00)	Acc@1  34.38 ( 28.38)	Acc@5  79.69 ( 81.35)
0: Test: [ 40/157]	Time  0.025 ( 0.082)	Loss 2.0283e+00 (1.9383e+00)	Acc@1  25.00 ( 29.04)	Acc@5  79.69 ( 81.97)
0: Test: [ 50/157]	Time  0.025 ( 0.071)	Loss 2.0426e+00 (1.9401e+00)	Acc@1  29.69 ( 29.04)	Acc@5  76.56 ( 81.89)
0: Test: [ 60/157]	Time  0.025 ( 0.064)	Loss 1.9618e+00 (1.9455e+00)	Acc@1  29.69 ( 28.46)	Acc@5  76.56 ( 81.86)
0: Test: [ 70/157]	Time  0.025 ( 0.058)	Loss 1.8017e+00 (1.9390e+00)	Acc@1  37.50 ( 28.79)	Acc@5  87.50 ( 81.87)
0: Test: [ 80/157]	Time  0.025 ( 0.054)	Loss 1.8026e+00 (1.9329e+00)	Acc@1  34.38 ( 28.84)	Acc@5  90.62 ( 82.00)
0: Test: [ 90/157]	Time  0.025 ( 0.05
0: 1)	Loss 1.9090e+00 (1.9381e+00)	Acc@1  35.94 ( 28.76)	Acc@5  76.56 ( 81.46)
0: Test: [100/157]	Time  0.025 ( 0.048)	Loss 1.9921e+00 (1.9371e+00)	Acc@1  25.00 ( 28.82)	Acc@5  78.12 ( 81.31)
0: Test: [110/157]	Time  0.025 ( 0.046)	Loss 1.8955e+00 (1.9361e+00)	Acc@1  31.25 ( 29.05)	Acc@5  85.94 ( 81.26)
0: Test: [120/157]	Time  0.025 ( 0.044)	Loss 1.8685e+00 (1.9336e+00)	Acc@1  32.81 ( 29.02)	Acc@5  79.69 ( 81.46)
0: Test: [130/157]	Time  0.025 ( 0.043)	Loss 1.9014e+00 (1.9355e+00)	Acc@1  25.00 ( 29.00)	Acc@5  84.38 ( 81.38)
0: Test: [140/157]	Time  0.025 ( 0.042)	Loss 2.0601e+00 (1.9366e+00)	Acc@1  35.94 ( 28.95)	Acc@5  75.00 ( 81.33)
0: Test: [150/157]	Time  0.025 ( 0.041)	Loss 2.0344e+00 (1.9358e+00)	Acc@1  28.12 ( 28.93)	Acc@5  79.69 ( 81.44)
0:  * Acc@1 28.940 Acc@5 81.460
0: Epoch 2/3 - 21.880s
0: Steps per epoch: 98
0: Validation steps per epoch: 157
0: Average time per epoch: 23.550 s
0: Test: [  0/157]	Time  2.353 ( 2.353)	Loss 1.8448e+00 (1.8448e+00)	Acc@1  29.69 ( 29.69)	Acc@5  82.81 ( 82.81)
0: Test: [ 10/157]	Time  0.025 ( 0.237)	Loss 1.9180e+00 (1.9444e+00)	Acc@1  31.25 ( 28.84)	Acc@5  79.69 ( 80.26)
0: Test: [ 20/157]	Time  0.025 ( 0.136)	Loss 2.0388e+00 (1.9584e+00)	Acc@1  25.00 ( 27.68)	Acc@5  78.12 ( 80.58)
0: Test: [ 30/157]	Time  0.025 ( 0.100)	Loss 2.0140e+00 (1.9475e+00)	Acc@1  34.38 ( 28.38)	Acc@5  79.69 ( 81.35)
0: Test: [ 40/157]	Time  0.025 ( 0.082)	Loss 2.0283e+00 (1.9383e+00)	Acc@1  25.00 ( 29.04)	Acc@5  79.69 ( 81.97)
0: Test: [ 50/157]	Time  0.025 ( 0.071)	Loss 2.0426e+00 (1.9401e+00)	Acc@1  29.69 ( 29.04)	Acc@5  76.56 ( 81.89)
0: Test: [ 60/157]	Time  0.025 ( 0.063)	Loss 1.9618e+00 (1.9455e+00)	Acc@1  29.69 ( 28.46)	Acc@5  76.56 ( 81.86)
0: Test: [ 70/157]	Time  0.025 ( 0.058)	Loss 1.8017e+00 (1.9390e+00)	Acc@1  37.50 ( 28.79)	Acc@5  87.50 ( 81.87)
0: Test: [ 80/157]	Time  0.025 ( 0.054)	Loss 1.8026e+00 (1.9329e+00)	Acc@1  34.38 ( 28.84)	Acc@5  90.62 ( 82.00)
0: Test: [ 90/157]	Time  0.025 ( 0.05
0: 1)	Loss 1.9090e+00 (1.9381e+00)	Acc@1  35.94 ( 28.76)	Acc@5  76.56 ( 81.46)
0: Test: [100/157]	Time  0.025 ( 0.048)	Loss 1.9921e+00 (1.9371e+00)	Acc@1  25.00 ( 28.82)	Acc@5  78.12 ( 81.31)
0: Test: [110/157]	Time  0.025 ( 0.046)	Loss 1.8955e+00 (1.9361e+00)	Acc@1  31.25 ( 29.05)	Acc@5  85.94 ( 81.26)
0: Test: [120/157]	Time  0.025 ( 0.044)	Loss 1.8685e+00 (1.9336e+00)	Acc@1  32.81 ( 29.02)	Acc@5  79.69 ( 81.46)
0: Test: [130/157]	Time  0.025 ( 0.043)	Loss 1.9014e+00 (1.9355e+00)	Acc@1  25.00 ( 29.00)	Acc@5  84.38 ( 81.38)
0: Test: [140/157]	Time  0.025 ( 0.041)	Loss 2.0601e+00 (1.9366e+00)	Acc@1  35.94 ( 28.95)	Acc@5  75.00 ( 81.33)
0: Test: [150/157]	Time  0.025 ( 0.040)	Loss 2.0344e+00 (1.9358e+00)	Acc@1  28.12 ( 28.93)	Acc@5  79.69 ( 81.44)
0:  * Acc@1 28.940 Acc@5 81.460
0: Epoch 2/3 - 21.910s
0: Steps per epoch: 98
0: Validation steps per epoch: 157
0: Average time per epoch: 23.549 s
0: Test: [  0/157]	Time  2.377 ( 2.377)	Loss 1.8448e+00 (1.8448e+00)	Acc@1  29.69 ( 29.69)	Acc@5  82.81 ( 82.81)
0: Test: [ 10/157]	Time  0.025 ( 0.239)	Loss 1.9180e+00 (1.9444e+00)	Acc@1  31.25 ( 28.84)	Acc@5  79.69 ( 80.26)
0: Test: [ 20/157]	Time  0.025 ( 0.137)	Loss 2.0388e+00 (1.9584e+00)	Acc@1  25.00 ( 27.68)	Acc@5  78.12 ( 80.58)
0: Test: [ 30/157]	Time  0.025 ( 0.101)	Loss 2.0140e+00 (1.9475e+00)	Acc@1  34.38 ( 28.38)	Acc@5  79.69 ( 81.35)
0: Test: [ 40/157]	Time  0.025 ( 0.082)	Loss 2.0283e+00 (1.9383e+00)	Acc@1  25.00 ( 29.04)	Acc@5  79.69 ( 81.97)
0: Test: [ 50/157]	Time  0.025 ( 0.071)	Loss 2.0426e+00 (1.9401e+00)	Acc@1  29.69 ( 29.04)	Acc@5  76.56 ( 81.89)
0: Test: [ 60/157]	Time  0.025 ( 0.063)	Loss 1.9618e+00 (1.9455e+00)	Acc@1  29.69 ( 28.46)	Acc@5  76.56 ( 81.86)
0: Test: [ 70/157]	Time  0.025 ( 0.058)	Loss 1.8017e+00 (1.9390e+00)	Acc@1  37.50 ( 28.79)	Acc@5  87.50 ( 81.87)
0: Test: [ 80/157]	Time  0.025 ( 0.054)	Loss 1.8026e+00 (1.9329e+00)	Acc@1  34.38 ( 28.84)	Acc@5  90.62 ( 82.00)
0: Test: [ 90/157]	Time  0.025 ( 0.05
0: 1)	Loss 1.9090e+00 (1.9381e+00)	Acc@1  35.94 ( 28.76)	Acc@5  76.56 ( 81.46)
0: Test: [100/157]	Time  0.025 ( 0.048)	Loss 1.9921e+00 (1.9371e+00)	Acc@1  25.00 ( 28.82)	Acc@5  78.12 ( 81.31)
0: Test: [110/157]	Time  0.025 ( 0.046)	Loss 1.8955e+00 (1.9361e+00)	Acc@1  31.25 ( 29.05)	Acc@5  85.94 ( 81.26)
0: Test: [120/157]	Time  0.025 ( 0.044)	Loss 1.8685e+00 (1.9336e+00)	Acc@1  32.81 ( 29.02)	Acc@5  79.69 ( 81.46)
0: Test: [130/157]	Time  0.025 ( 0.043)	Loss 1.9014e+00 (1.9355e+00)	Acc@1  25.00 ( 29.00)	Acc@5  84.38 ( 81.38)
0: Test: [140/157]	Time  0.025 ( 0.041)	Loss 2.0601e+00 (1.9366e+00)	Acc@1  35.94 ( 28.95)	Acc@5  75.00 ( 81.33)
0: Test: [150/157]	Time  0.025 ( 0.040)	Loss 2.0344e+00 (1.9358e+00)	Acc@1  28.12 ( 28.93)	Acc@5  79.69 ( 81.44)
0:  * Acc@1 28.940 Acc@5 81.460
0: Epoch 2/3 - 21.885s
0: Steps per epoch: 98
0: Validation steps per epoch: 157
0: Average time per epoch: 23.546 s
0: Test: [  0/157]	Time  2.394 ( 2.394)	Loss 1.8448e+00 (1.8448e+00)	Acc@1  29.69 ( 29.69)	Acc@5  82.81 ( 82.81)
0: Test: [ 10/157]	Time  0.025 ( 0.240)	Loss 1.9180e+00 (1.9444e+00)	Acc@1  31.25 ( 28.84)	Acc@5  79.69 ( 80.26)
0: Test: [ 20/157]	Time  0.025 ( 0.138)	Loss 2.0388e+00 (1.9584e+00)	Acc@1  25.00 ( 27.68)	Acc@5  78.12 ( 80.58)
0: Test: [ 30/157]	Time  0.025 ( 0.101)	Loss 2.0140e+00 (1.9475e+00)	Acc@1  34.38 ( 28.38)	Acc@5  79.69 ( 81.35)
0: Test: [ 40/157]	Time  0.025 ( 0.083)	Loss 2.0283e+00 (1.9383e+00)	Acc@1  25.00 ( 29.04)	Acc@5  79.69 ( 81.97)
0: Test: [ 50/157]	Time  0.025 ( 0.071)	Loss 2.0426e+00 (1.9401e+00)	Acc@1  29.69 ( 29.04)	Acc@5  76.56 ( 81.89)
0: Test: [ 60/157]	Time  0.025 ( 0.064)	Loss 1.9618e+00 (1.9455e+00)	Acc@1  29.69 ( 28.46)	Acc@5  76.56 ( 81.86)
0: Test: [ 70/157]	Time  0.025 ( 0.058)	Loss 1.8017e+00 (1.9390e+00)	Acc@1  37.50 ( 28.79)	Acc@5  87.50 ( 81.87)
0: Test: [ 80/157]	Time  0.025 ( 0.054)	Loss 1.8026e+00 (1.9329e+00)	Acc@1  34.38 ( 28.84)	Acc@5  90.62 ( 82.00)
0: Test: [ 90/157]	Time  0.025 ( 0.05
0: 1)	Loss 1.9090e+00 (1.9381e+00)	Acc@1  35.94 ( 28.76)	Acc@5  76.56 ( 81.46)
0: Test: [100/157]	Time  0.025 ( 0.048)	Loss 1.9921e+00 (1.9371e+00)	Acc@1  25.00 ( 28.82)	Acc@5  78.12 ( 81.31)
0: Test: [110/157]	Time  0.025 ( 0.046)	Loss 1.8955e+00 (1.9361e+00)	Acc@1  31.25 ( 29.05)	Acc@5  85.94 ( 81.26)
0: Test: [120/157]	Time  0.025 ( 0.044)	Loss 1.8685e+00 (1.9336e+00)	Acc@1  32.81 ( 29.02)	Acc@5  79.69 ( 81.46)
0: Test: [130/157]	Time  0.025 ( 0.043)	Loss 1.9014e+00 (1.9355e+00)	Acc@1  25.00 ( 29.00)	Acc@5  84.38 ( 81.38)
0: Test: [140/157]	Time  0.025 ( 0.042)	Loss 2.0601e+00 (1.9366e+00)	Acc@1  35.94 ( 28.95)	Acc@5  75.00 ( 81.33)
0: Test: [150/157]	Time  0.025 ( 0.041)	Loss 2.0344e+00 (1.9358e+00)	Acc@1  28.12 ( 28.93)	Acc@5  79.69 ( 81.44)
0:  * Acc@1 28.940 Acc@5 81.460
0: Epoch 2/3 - 21.890s
0: Steps per epoch: 98
0: Validation steps per epoch: 157
0: Average time per epoch: 23.550 s
0: Test: [  0/157]	Time  2.372 ( 2.372)	Loss 1.8448e+00 (1.8448e+00)	Acc@1  29.69 ( 29.69)	Acc@5  82.81 ( 82.81)
0: Test: [ 10/157]	Time  0.025 ( 0.239)	Loss 1.9180e+00 (1.9444e+00)	Acc@1  31.25 ( 28.84)	Acc@5  79.69 ( 80.26)
0: Test: [ 20/157]	Time  0.025 ( 0.137)	Loss 2.0388e+00 (1.9584e+00)	Acc@1  25.00 ( 27.68)	Acc@5  78.12 ( 80.58)
0: Test: [ 30/157]	Time  0.025 ( 0.101)	Loss 2.0140e+00 (1.9475e+00)	Acc@1  34.38 ( 28.38)	Acc@5  79.69 ( 81.35)
0: Test: [ 40/157]	Time  0.025 ( 0.082)	Loss 2.0283e+00 (1.9383e+00)	Acc@1  25.00 ( 29.04)	Acc@5  79.69 ( 81.97)
0: Test: [ 50/157]	Time  0.025 ( 0.071)	Loss 2.0426e+00 (1.9401e+00)	Acc@1  29.69 ( 29.04)	Acc@5  76.56 ( 81.89)
0: Test: [ 60/157]	Time  0.025 ( 0.064)	Loss 1.9618e+00 (1.9455e+00)	Acc@1  29.69 ( 28.46)	Acc@5  76.56 ( 81.86)
0: Test: [ 70/157]	Time  0.025 ( 0.058)	Loss 1.8017e+00 (1.9390e+00)	Acc@1  37.50 ( 28.79)	Acc@5  87.50 ( 81.87)
0: Test: [ 80/157]	Time  0.025 ( 0.054)	Loss 1.8026e+00 (1.9329e+00)	Acc@1  34.38 ( 28.84)	Acc@5  90.62 ( 82.00)
0: Test: [ 90/157]	Time  0.025 ( 0.05
0: 1)	Loss 1.9090e+00 (1.9381e+00)	Acc@1  35.94 ( 28.76)	Acc@5  76.56 ( 81.46)
0: Test: [100/157]	Time  0.025 ( 0.048)	Loss 1.9921e+00 (1.9371e+00)	Acc@1  25.00 ( 28.82)	Acc@5  78.12 ( 81.31)
0: Test: [110/157]	Time  0.025 ( 0.046)	Loss 1.8955e+00 (1.9361e+00)	Acc@1  31.25 ( 29.05)	Acc@5  85.94 ( 81.26)
0: Test: [120/157]	Time  0.025 ( 0.044)	Loss 1.8685e+00 (1.9336e+00)	Acc@1  32.81 ( 29.02)	Acc@5  79.69 ( 81.46)
0: Test: [130/157]	Time  0.025 ( 0.043)	Loss 1.9014e+00 (1.9355e+00)	Acc@1  25.00 ( 29.00)	Acc@5  84.38 ( 81.38)
0: Test: [140/157]	Time  0.025 ( 0.042)	Loss 2.0601e+00 (1.9366e+00)	Acc@1  35.94 ( 28.95)	Acc@5  75.00 ( 81.33)
0: Test: [150/157]	Time  0.025 ( 0.041)	Loss 2.0344e+00 (1.9358e+00)	Acc@1  28.12 ( 28.93)	Acc@5  79.69 ( 81.44)
0:  * Acc@1 28.940 Acc@5 81.460
0: Epoch 2/3 - 21.917s
0: Steps per epoch: 98
0: Validation steps per epoch: 157
0: Average time per epoch: 23.558 s
0: Test: [  0/157]	Time  2.388 ( 2.388)	Loss 1.8448e+00 (1.8448e+00)	Acc@1  29.69 ( 29.69)	Acc@5  82.81 ( 82.81)
0: Test: [ 10/157]	Time  0.025 ( 0.240)	Loss 1.9180e+00 (1.9444e+00)	Acc@1  31.25 ( 28.84)	Acc@5  79.69 ( 80.26)
0: Test: [ 20/157]	Time  0.025 ( 0.138)	Loss 2.0388e+00 (1.9584e+00)	Acc@1  25.00 ( 27.68)	Acc@5  78.12 ( 80.58)
0: Test: [ 30/157]	Time  0.025 ( 0.101)	Loss 2.0140e+00 (1.9475e+00)	Acc@1  34.38 ( 28.38)	Acc@5  79.69 ( 81.35)
0: Test: [ 40/157]	Time  0.025 ( 0.083)	Loss 2.0283e+00 (1.9383e+00)	Acc@1  25.00 ( 29.04)	Acc@5  79.69 ( 81.97)
0: Test: [ 50/157]	Time  0.025 ( 0.071)	Loss 2.0426e+00 (1.9401e+00)	Acc@1  29.69 ( 29.04)	Acc@5  76.56 ( 81.89)
0: Test: [ 60/157]	Time  0.025 ( 0.064)	Loss 1.9618e+00 (1.9455e+00)	Acc@1  29.69 ( 28.46)	Acc@5  76.56 ( 81.86)
0: Test: [ 70/157]	Time  0.025 ( 0.058)	Loss 1.8017e+00 (1.9390e+00)	Acc@1  37.50 ( 28.79)	Acc@5  87.50 ( 81.87)
0: Test: [ 80/157]	Time  0.025 ( 0.054)	Loss 1.8026e+00 (1.9329e+00)	Acc@1  34.38 ( 28.84)	Acc@5  90.62 ( 82.00)
0: Test: [ 90/157]	Time  0.025 ( 0.05
0: 1)	Loss 1.9090e+00 (1.9381e+00)	Acc@1  35.94 ( 28.76)	Acc@5  76.56 ( 81.46)
0: Test: [100/157]	Time  0.025 ( 0.048)	Loss 1.9921e+00 (1.9371e+00)	Acc@1  25.00 ( 28.82)	Acc@5  78.12 ( 81.31)
0: Test: [110/157]	Time  0.025 ( 0.046)	Loss 1.8955e+00 (1.9361e+00)	Acc@1  31.25 ( 29.05)	Acc@5  85.94 ( 81.26)
0: Test: [120/157]	Time  0.025 ( 0.045)	Loss 1.8685e+00 (1.9336e+00)	Acc@1  32.81 ( 29.02)	Acc@5  79.69 ( 81.46)
0: Test: [130/157]	Time  0.025 ( 0.043)	Loss 1.9014e+00 (1.9355e+00)	Acc@1  25.00 ( 29.00)	Acc@5  84.38 ( 81.38)
0: Test: [140/157]	Time  0.025 ( 0.042)	Loss 2.0601e+00 (1.9366e+00)	Acc@1  35.94 ( 28.95)	Acc@5  75.00 ( 81.33)
0: Test: [150/157]	Time  0.025 ( 0.041)	Loss 2.0344e+00 (1.9358e+00)	Acc@1  28.12 ( 28.93)	Acc@5  79.69 ( 81.44)
0:  * Acc@1 28.940 Acc@5 81.460
0: Epoch 2/3 - 21.923s
0: Steps per epoch: 98
0: Validation steps per epoch: 157
0: Average time per epoch: 23.561 s
0: Test: [  0/157]	Time  2.389 ( 2.389)	Loss 1.8448e+00 (1.8448e+00)	Acc@1  29.69 ( 29.69)	Acc@5  82.81 ( 82.81)
0: Test: [ 10/157]	Time  0.025 ( 0.240)	Loss 1.9180e+00 (1.9444e+00)	Acc@1  31.25 ( 28.84)	Acc@5  79.69 ( 80.26)
0: Test: [ 20/157]	Time  0.025 ( 0.138)	Loss 2.0388e+00 (1.9584e+00)	Acc@1  25.00 ( 27.68)	Acc@5  78.12 ( 80.58)
0: Test: [ 30/157]	Time  0.026 ( 0.102)	Loss 2.0140e+00 (1.9475e+00)	Acc@1  34.38 ( 28.38)	Acc@5  79.69 ( 81.35)
0: Test: [ 40/157]	Time  0.025 ( 0.083)	Loss 2.0283e+00 (1.9383e+00)	Acc@1  25.00 ( 29.04)	Acc@5  79.69 ( 81.97)
0: Test: [ 50/157]	Time  0.025 ( 0.072)	Loss 2.0426e+00 (1.9401e+00)	Acc@1  29.69 ( 29.04)	Acc@5  76.56 ( 81.89)
0: Test: [ 60/157]	Time  0.025 ( 0.064)	Loss 1.9618e+00 (1.9455e+00)	Acc@1  29.69 ( 28.46)	Acc@5  76.56 ( 81.86)
0: Test: [ 70/157]	Time  0.025 ( 0.059)	Loss 1.8017e+00 (1.9390e+00)	Acc@1  37.50 ( 28.79)	Acc@5  87.50 ( 81.87)
0: Test: [ 80/157]	Time  0.025 ( 0.054)	Loss 1.8026e+00 (1.9329e+00)	Acc@1  34.38 ( 28.84)	Acc@5  90.62 ( 82.00)
0: Test: [ 90/157]	Time  0.025 ( 0.05
0: 1)	Loss 1.9090e+00 (1.9381e+00)	Acc@1  35.94 ( 28.76)	Acc@5  76.56 ( 81.46)
0: Test: [100/157]	Time  0.025 ( 0.049)	Loss 1.9921e+00 (1.9371e+00)	Acc@1  25.00 ( 28.82)	Acc@5  78.12 ( 81.31)
0: Test: [110/157]	Time  0.025 ( 0.047)	Loss 1.8955e+00 (1.9361e+00)	Acc@1  31.25 ( 29.05)	Acc@5  85.94 ( 81.26)
0: Test: [120/157]	Time  0.025 ( 0.045)	Loss 1.8685e+00 (1.9336e+00)	Acc@1  32.81 ( 29.02)	Acc@5  79.69 ( 81.46)
0: Test: [130/157]	Time  0.025 ( 0.043)	Loss 1.9014e+00 (1.9355e+00)	Acc@1  25.00 ( 29.00)	Acc@5  84.38 ( 81.38)
0: Test: [140/157]	Time  0.027 ( 0.042)	Loss 2.0601e+00 (1.9366e+00)	Acc@1  35.94 ( 28.95)	Acc@5  75.00 ( 81.33)
0: Test: [150/157]	Time  0.025 ( 0.041)	Loss 2.0344e+00 (1.9358e+00)	Acc@1  28.12 ( 28.93)	Acc@5  79.69 ( 81.44)
0:  * Acc@1 28.940 Acc@5 81.460
0: Epoch 2/3 - 21.924s
0: Steps per epoch: 98
0: Validation steps per epoch: 157
0: Average time per epoch: 23.568 s
0: --- 76.5766932964325 seconds ---
0: --- 76.58187127113342 seconds ---
0: --- 76.59226608276367 seconds ---
0: --- 76.59439253807068 seconds ---
ELAPSED: 88 seconds
End at Mon Feb  1 00:14:54 EET 2021
