Start at Sat Jan 30 21:13:04 EET 2021
CUDA_VISIBLE_DEVICES: 0,1
Running on hosts: gpu12
Running on 1 nodes.
Running 1 tasks per node
Job id is 1085057
0: MirroredStratgy
0: 2021-01-30 21:13:22,798 INFO Using MirroredStrategy with devices ('/job:localhost/replica:0/task:0/device:GPU:0', '/job:localhost/replica:0/task:0/device:GPU:1')
0: Number of devices: 2
0: 2021-01-30 21:13:23,298 INFO Reduce to /job:localhost/replica:0/task:0/device:CPU:0 then broadcast to ('/job:localhost/replica:0/task:0/device:CPU:0',).
0: 2021-01-30 21:13:23,303 INFO Reduce to /job:localhost/replica:0/task:0/device:CPU:0 then broadcast to ('/job:localhost/replica:0/task:0/device:CPU:0',).
0: 2021-01-30 21:13:23,309 INFO Reduce to /job:localhost/replica:0/task:0/device:CPU:0 then broadcast to ('/job:localhost/replica:0/task:0/device:CPU:0',).
0: 2021-01-30 21:13:23,314 INFO Reduce to /job:localhost/replica:0/task:0/device:CPU:0 then broadcast to ('/job:localhost/replica:0/task:0/device:CPU:0',).
0: 2021-01-30 21:13:23,330 INFO Reduce to /job:localhost/replica:0/task:0/device:CPU:0 then broadcast to ('/job:localhost/replica:0/task:0/device:CPU:0',).
0: 2021-01-30 21:13:23,335 INFO Reduce to /job:localhost/replica:0/task:0/device:CPU:0 then broadcast to ('/job:localhost/replica:0/task:0/device:CPU:0',).
0: 2021-01-30 21:13:23,381 INFO Reduce to /job:localhost/replica:0/task:0/device:CPU:0 then broadcast to ('/job:localhost/replica:0/task:0/device:CPU:0',).
0: 2021-01-30 21:13:23,386 INFO Reduce to /job:localhost/replica:0/task:0/device:CPU:0 then broadcast to ('/job:localhost/replica:0/task:0/device:CPU:0',).
0: 2021-01-30 21:13:23,392 INFO Reduce to /job:localhost/replica:0/task:0/device:CPU:0 then broadcast to ('/job:localhost/replica:0/task:0/device:CPU:0',).
0: 2021-01-30 21:13:23,396 INFO Reduce to /job:localhost/replica:0/task:0/device:CPU:0 then broadcast to ('/job:localhost/replica:0/task:0/device:CPU:0',).
0: Epoch 1/3
0: 2021-01-30 21:13:29,653 WARNING From /apps/applications/tensorflow/2.3.0/gpu/lib/python3.8/site-packages/tensorflow/python/data/ops/multi_device_iterator_ops.py:601: get_next_as_optional (from tensorflow.python.data.ops.iterator_ops) is deprecated and will be removed in a future version.
0: Instructions for updating:
0: Use `tf.data.Iterator.get_next_as_optional()` instead.
0: 2021-01-30 21:13:39,225 INFO batch_all_reduce: 214 all-reduces with algorithm = nccl, num_packs = 1
0: 2021-01-30 21:13:53,474 INFO batch_all_reduce: 214 all-reduces with algorithm = nccl, num_packs = 1
0: 391/391 - 61s - loss: 2.2743 - accuracy: 0.2406 - val_loss: 1.8983 - val_accuracy: 0.3399
0: Epoch 2/3
0: 391/391 - 56s - loss: 1.9216 - accuracy: 0.3430 - val_loss: 1.6432 - val_accuracy: 0.4129
0: Epoch 3/3
0: 391/391 - 57s - loss: 1.7747 - accuracy: 0.3914 - val_loss: 1.5701 - val_accuracy: 0.4455
0: Steps per epoch: 391
0: Validation steps per epoch: 79
0: Best validation accuracy: 0.445
0: Average time per epoch: 71.890 s
0: --- 229.1473834514618 seconds ---
ELAPSED: 247 seconds
End at Sat Jan 30 21:17:11 EET 2021
