Start at Sat Jan 30 21:21:33 EET 2021
CUDA_VISIBLE_DEVICES: 1
Running on hosts: gpu12
Running on 1 nodes.
Running 1 tasks per node
Job id is 1085066
0: Epoch 1/3
0: 2021-01-30 21:21:57,764 WARNING Callbacks method `on_train_batch_end` is slow compared to the batch time (batch time: 0.0758s vs `on_train_batch_end` time: 0.1234s). Check your callbacks.
0: 196/196 - 45s - loss: 2.3304 - accuracy: 0.2273 - val_loss: 2.2583 - val_accuracy: 0.1529
0: Epoch 2/3
0: 196/196 - 42s - loss: 1.8959 - accuracy: 0.3306 - val_loss: 1.9092 - val_accuracy: 0.3629
0: Epoch 3/3
0: 196/196 - 42s - loss: 1.7544 - accuracy: 0.3744 - val_loss: 1.6736 - val_accuracy: 0.4122
0: Steps per epoch: 196
0: Validation steps per epoch: 40
0: Best validation accuracy: 0.412
0: Average time per epoch: 45.937 s
0: --- 145.1605417728424 seconds ---
ELAPSED: 157 seconds
End at Sat Jan 30 21:24:10 EET 2021
