Start at Sat Jan 30 21:12:54 EET 2021
CUDA_VISIBLE_DEVICES: 0,1
Running on hosts: gpu08
Running on 1 nodes.
Running 1 tasks per node
Job id is 1085055
0: MirroredStratgy
0: 2021-01-30 21:13:22,673 INFO Using MirroredStrategy with devices ('/job:localhost/replica:0/task:0/device:GPU:0', '/job:localhost/replica:0/task:0/device:GPU:1')
0: Number of devices: 2
0: 2021-01-30 21:13:23,260 INFO Reduce to /job:localhost/replica:0/task:0/device:CPU:0 then broadcast to ('/job:localhost/replica:0/task:0/device:CPU:0',).
0: 2021-01-30 21:13:23,265 INFO Reduce to /job:localhost/replica:0/task:0/device:CPU:0 then broadcast to ('/job:localhost/replica:0/task:0/device:CPU:0',).
0: 2021-01-30 21:13:23,271 INFO Reduce to /job:localhost/replica:0/task:0/device:CPU:0 then broadcast to ('/job:localhost/replica:0/task:0/device:CPU:0',).
0: 2021-01-30 21:13:23,275 INFO Reduce to /job:localhost/replica:0/task:0/device:CPU:0 then broadcast to ('/job:localhost/replica:0/task:0/device:CPU:0',).
0: 2021-01-30 21:13:23,290 INFO Reduce to /job:localhost/replica:0/task:0/device:CPU:0 then broadcast to ('/job:localhost/replica:0/task:0/device:CPU:0',).
0: 2021-01-30 21:13:23,294 INFO Reduce to /job:localhost/replica:0/task:0/device:CPU:0 then broadcast to ('/job:localhost/replica:0/task:0/device:CPU:0',).
0: 2021-01-30 21:13:23,339 INFO Reduce to /job:localhost/replica:0/task:0/device:CPU:0 then broadcast to ('/job:localhost/replica:0/task:0/device:CPU:0',).
0: 2021-01-30 21:13:23,343 INFO Reduce to /job:localhost/replica:0/task:0/device:CPU:0 then broadcast to ('/job:localhost/replica:0/task:0/device:CPU:0',).
0: 2021-01-30 21:13:23,349 INFO Reduce to /job:localhost/replica:0/task:0/device:CPU:0 then broadcast to ('/job:localhost/replica:0/task:0/device:CPU:0',).
0: 2021-01-30 21:13:23,353 INFO Reduce to /job:localhost/replica:0/task:0/device:CPU:0 then broadcast to ('/job:localhost/replica:0/task:0/device:CPU:0',).
0: Epoch 1/3
0: 2021-01-30 21:13:29,245 WARNING From /apps/applications/tensorflow/2.3.0/gpu/lib/python3.8/site-packages/tensorflow/python/data/ops/multi_device_iterator_ops.py:601: get_next_as_optional (from tensorflow.python.data.ops.iterator_ops) is deprecated and will be removed in a future version.
0: Instructions for updating:
0: Use `tf.data.Iterator.get_next_as_optional()` instead.
0: 2021-01-30 21:13:38,076 INFO batch_all_reduce: 214 all-reduces with algorithm = nccl, num_packs = 1
0: 2021-01-30 21:13:51,198 INFO batch_all_reduce: 214 all-reduces with algorithm = nccl, num_packs = 1
0: 1563/1563 - 175s - loss: 2.5257 - accuracy: 0.2591 - val_loss: 2.2568 - val_accuracy: 0.3516
0: Epoch 2/3
0: 1563/1563 - 171s - loss: 2.2231 - accuracy: 0.3364 - val_loss: 4.6598 - val_accuracy: 0.3948
0: Epoch 3/3
0: 1563/1563 - 171s - loss: 2.0978 - accuracy: 0.3644 - val_loss: 2.5587 - val_accuracy: 0.4457
0: Steps per epoch: 1563
0: Validation steps per epoch: 313
0: Best validation accuracy: 0.446
0: Average time per epoch: 185.207 s
0: --- 568.6388001441956 seconds ---
ELAPSED: 597 seconds
End at Sat Jan 30 21:22:51 EET 2021
