Start at Sat Jan 30 21:57:55 EET 2021
CUDA_VISIBLE_DEVICES: 0,1
Running on hosts: gpu[08-09]
Running on 2 nodes.
Running 1 tasks per node
Job id is 1085082
srun gpu08 {"cluster": {"worker": ["gpu08-ib:5555","gpu09-ib:5555"]}, "task": {"type": "worker", "index": 0} }
srun gpu09 {"cluster": {"worker": ["gpu08-ib:5555","gpu09-ib:5555"]}, "task": {"type": "worker", "index": 1} }
0: Number of devices: 2
0: 2021-01-30 21:58:31,132 INFO Collective batch_all_reduce: 1 all-reduces, num_devices = 2, group_size = 2, communication_hint = AUTO, num_packs = 1
0: 2021-01-30 21:58:31,143 INFO Collective batch_all_reduce: 1 all-reduces, num_devices = 2, group_size = 2, communication_hint = AUTO, num_packs = 1
0: Number of devices: 2
0: 2021-01-30 21:58:31,148 INFO Collective batch_all_reduce: 1 all-reduces, num_devices = 2, group_size = 2, communication_hint = AUTO, num_packs = 1
0: 2021-01-30 21:58:31,154 INFO Collective batch_all_reduce: 1 all-reduces, num_devices = 2, group_size = 2, communication_hint = AUTO, num_packs = 1
0: 2021-01-30 21:58:31,159 INFO Collective batch_all_reduce: 1 all-reduces, num_devices = 2, group_size = 2, communication_hint = AUTO, num_packs = 1
0: 2021-01-30 21:58:31,164 INFO Collective batch_all_reduce: 1 all-reduces, num_devices = 2, group_size = 2, communication_hint = AUTO, num_packs = 1
0: 2021-01-30 21:58:31,173 INFO Collective batch_all_reduce: 1 all-reduces, num_devices = 2, group_size = 2, communication_hint = AUTO, num_packs = 1
0: 2021-01-30 21:58:31,188 INFO Collective batch_all_reduce: 1 all-reduces, num_devices = 2, group_size = 2, communication_hint = AUTO, num_packs = 1
0: 2021-01-30 21:58:31,188 INFO Collective batch_all_reduce: 1 all-reduces, num_devices = 2, group_size = 2, communication_hint = AUTO, num_packs = 1
0: 2021-01-30 21:58:31,199 INFO Collective batch_all_reduce: 1 all-reduces, num_devices = 2, group_size = 2, communication_hint = AUTO, num_packs = 1
0: 2021-01-30 21:58:31,209 INFO Collective batch_all_reduce: 1 all-reduces, num_devices = 2, group_size = 2, communication_hint = AUTO, num_packs = 1
0: 2021-01-30 21:58:31,218 INFO Collective batch_all_reduce: 1 all-reduces, num_devices = 2, group_size = 2, communication_hint = AUTO, num_packs = 1
0: 2021-01-30 21:58:31,249 INFO Collective batch_all_reduce: 1 all-reduces, num_devices = 2, group_size = 2, communication_hint = AUTO, num_packs = 1
0: 2021-01-30 21:58:31,259 INFO Collective batch_all_reduce: 1 all-reduces, num_devices = 2, group_size = 2, communication_hint = AUTO, num_packs = 1
0: 2021-01-30 21:58:31,267 INFO Collective batch_all_reduce: 1 all-reduces, num_devices = 2, group_size = 2, communication_hint = AUTO, num_packs = 1
0: 2021-01-30 21:58:31,268 INFO Collective batch_all_reduce: 1 all-reduces, num_devices = 2, group_size = 2, communication_hint = AUTO, num_packs = 1
0: 2021-01-30 21:58:31,274 INFO Collective batch_all_reduce: 1 all-reduces, num_devices = 2, group_size = 2, communication_hint = AUTO, num_packs = 1
0: 2021-01-30 21:58:31,279 INFO Collective batch_all_reduce: 1 all-reduces, num_devices = 2, group_size = 2, communication_hint = AUTO, num_packs = 1
0: 2021-01-30 21:58:31,290 INFO Collective batch_all_reduce: 1 all-reduces, num_devices = 2, group_size = 2, communication_hint = AUTO, num_packs = 1
0: 2021-01-30 21:58:31,298 INFO Collective batch_all_reduce: 1 all-reduces, num_devices = 2, group_size = 2, communication_hint = AUTO, num_packs = 1
0: Epoch 1/3
0: 2021-01-30 21:58:37,852 WARNING From /apps/applications/tensorflow/2.3.0/gpu/lib/python3.8/site-packages/tensorflow/python/data/ops/multi_device_iterator_ops.py:601: get_next_as_optional (from tensorflow.python.data.ops.iterator_ops) is deprecated and will be removed in a future version.
0: Instructions for updating:
0: Use `tf.data.Iterator.get_next_as_optional()` instead.
0: Epoch 1/3
0: 2021-01-30 21:58:38,003 WARNING From /apps/applications/tensorflow/2.3.0/gpu/lib/python3.8/site-packages/tensorflow/python/data/ops/multi_device_iterator_ops.py:601: get_next_as_optional (from tensorflow.python.data.ops.iterator_ops) is deprecated and will be removed in a future version.
0: Instructions for updating:
0: Use `tf.data.Iterator.get_next_as_optional()` instead.
0: 2021-01-30 21:58:46,576 INFO Collective batch_all_reduce: 214 all-reduces, num_devices = 2, group_size = 2, communication_hint = AUTO, num_packs = 1
0: 2021-01-30 21:58:47,043 INFO Collective batch_all_reduce: 214 all-reduces, num_devices = 2, group_size = 2, communication_hint = AUTO, num_packs = 1
0: 2021-01-30 21:58:58,301 INFO Collective batch_all_reduce: 214 all-reduces, num_devices = 2, group_size = 2, communication_hint = AUTO, num_packs = 1
0: 2021-01-30 21:58:59,140 INFO Collective batch_all_reduce: 214 all-reduces, num_devices = 2, group_size = 2, communication_hint = AUTO, num_packs = 1
0: 1563/1563 - 164s - loss: 3.1331 - accuracy: 0.2028 - val_loss: 6.3955 - val_accuracy: 0.2330
0: 1563/1563 - 164s - loss: 3.1035 - accuracy: 0.2100 - val_loss: 19.9246 - val_accuracy: 0.1883
0: Epoch 2/3
0: 1563/1563 - 157s - loss: 2.8159 - accuracy: 0.1987 - val_loss: 3.0741 - val_accuracy: 0.2342
0: Epoch 2/3
0: 1563/1563 - 159s - loss: 2.6097 - accuracy: 0.2785 - val_loss: 31.0082 - val_accuracy: 0.2373
0: Epoch 3/3
0: 1563/1563 - 157s - loss: 2.4918 - accuracy: 0.2463 - val_loss: 2.0124 - val_accuracy: 0.2520
0: Steps per epoch: 1563
0: Validation steps per epoch: 313
0: Best validation accuracy: 0.252
0: Average time per epoch: 171.695 s
0: --- 526.6596102714539 seconds ---
0: Epoch 3/3
0: 1563/1563 - 159s - loss: 2.4638 - accuracy: 0.2978 - val_loss: 188.6410 - val_accuracy: 0.1884
0: Steps per epoch: 1563
0: Validation steps per epoch: 313
0: Best validation accuracy: 0.237
0: Average time per epoch: 172.999 s
0: --- 530.703827381134 seconds ---
ELAPSED: 566 seconds
End at Sat Jan 30 22:07:21 EET 2021
