Start at Sat Jan 30 21:13:08 EET 2021
CUDA_VISIBLE_DEVICES: 0,1
Running on hosts: gpu13
Running on 1 nodes.
Running 1 tasks per node
Job id is 1085058
0: MirroredStratgy
0: 2021-01-30 21:13:24,697 INFO Using MirroredStrategy with devices ('/job:localhost/replica:0/task:0/device:GPU:0', '/job:localhost/replica:0/task:0/device:GPU:1')
0: Number of devices: 2
0: 2021-01-30 21:13:25,025 INFO Reduce to /job:localhost/replica:0/task:0/device:CPU:0 then broadcast to ('/job:localhost/replica:0/task:0/device:CPU:0',).
0: 2021-01-30 21:13:25,030 INFO Reduce to /job:localhost/replica:0/task:0/device:CPU:0 then broadcast to ('/job:localhost/replica:0/task:0/device:CPU:0',).
0: 2021-01-30 21:13:25,036 INFO Reduce to /job:localhost/replica:0/task:0/device:CPU:0 then broadcast to ('/job:localhost/replica:0/task:0/device:CPU:0',).
0: 2021-01-30 21:13:25,040 INFO Reduce to /job:localhost/replica:0/task:0/device:CPU:0 then broadcast to ('/job:localhost/replica:0/task:0/device:CPU:0',).
0: 2021-01-30 21:13:25,057 INFO Reduce to /job:localhost/replica:0/task:0/device:CPU:0 then broadcast to ('/job:localhost/replica:0/task:0/device:CPU:0',).
0: 2021-01-30 21:13:25,061 INFO Reduce to /job:localhost/replica:0/task:0/device:CPU:0 then broadcast to ('/job:localhost/replica:0/task:0/device:CPU:0',).
0: 2021-01-30 21:13:25,108 INFO Reduce to /job:localhost/replica:0/task:0/device:CPU:0 then broadcast to ('/job:localhost/replica:0/task:0/device:CPU:0',).
0: 2021-01-30 21:13:25,113 INFO Reduce to /job:localhost/replica:0/task:0/device:CPU:0 then broadcast to ('/job:localhost/replica:0/task:0/device:CPU:0',).
0: 2021-01-30 21:13:25,119 INFO Reduce to /job:localhost/replica:0/task:0/device:CPU:0 then broadcast to ('/job:localhost/replica:0/task:0/device:CPU:0',).
0: 2021-01-30 21:13:25,124 INFO Reduce to /job:localhost/replica:0/task:0/device:CPU:0 then broadcast to ('/job:localhost/replica:0/task:0/device:CPU:0',).
0: Epoch 1/3
0: 2021-01-30 21:13:31,125 WARNING From /apps/applications/tensorflow/2.3.0/gpu/lib/python3.8/site-packages/tensorflow/python/data/ops/multi_device_iterator_ops.py:601: get_next_as_optional (from tensorflow.python.data.ops.iterator_ops) is deprecated and will be removed in a future version.
0: Instructions for updating:
0: Use `tf.data.Iterator.get_next_as_optional()` instead.
0: 2021-01-30 21:13:39,868 INFO batch_all_reduce: 214 all-reduces with algorithm = nccl, num_packs = 1
0: 2021-01-30 21:13:52,961 INFO batch_all_reduce: 214 all-reduces with algorithm = nccl, num_packs = 1
0: 196/196 - 40s - loss: 2.3563 - accuracy: 0.2162 - val_loss: 2.2564 - val_accuracy: 0.1957
0: Epoch 2/3
0: 196/196 - 34s - loss: 1.9055 - accuracy: 0.3215 - val_loss: 1.8040 - val_accuracy: 0.3539
0: Epoch 3/3
0: 196/196 - 34s - loss: 1.7734 - accuracy: 0.3635 - val_loss: 1.7052 - val_accuracy: 0.4013
0: Steps per epoch: 196
0: Validation steps per epoch: 40
0: Best validation accuracy: 0.401
0: Average time per epoch: 48.929 s
0: --- 159.24888682365417 seconds ---
ELAPSED: 176 seconds
End at Sat Jan 30 21:16:04 EET 2021
