Start at Sat Jan 30 21:13:00 EET 2021
CUDA_VISIBLE_DEVICES: 0,1
Running on hosts: gpu09
Running on 1 nodes.
Running 1 tasks per node
Job id is 1085056
0: MirroredStratgy
0: 2021-01-30 21:13:22,671 INFO Using MirroredStrategy with devices ('/job:localhost/replica:0/task:0/device:GPU:0', '/job:localhost/replica:0/task:0/device:GPU:1')
0: Number of devices: 2
0: 2021-01-30 21:13:23,287 INFO Reduce to /job:localhost/replica:0/task:0/device:CPU:0 then broadcast to ('/job:localhost/replica:0/task:0/device:CPU:0',).
0: 2021-01-30 21:13:23,292 INFO Reduce to /job:localhost/replica:0/task:0/device:CPU:0 then broadcast to ('/job:localhost/replica:0/task:0/device:CPU:0',).
0: 2021-01-30 21:13:23,297 INFO Reduce to /job:localhost/replica:0/task:0/device:CPU:0 then broadcast to ('/job:localhost/replica:0/task:0/device:CPU:0',).
0: 2021-01-30 21:13:23,302 INFO Reduce to /job:localhost/replica:0/task:0/device:CPU:0 then broadcast to ('/job:localhost/replica:0/task:0/device:CPU:0',).
0: 2021-01-30 21:13:23,317 INFO Reduce to /job:localhost/replica:0/task:0/device:CPU:0 then broadcast to ('/job:localhost/replica:0/task:0/device:CPU:0',).
0: 2021-01-30 21:13:23,321 INFO Reduce to /job:localhost/replica:0/task:0/device:CPU:0 then broadcast to ('/job:localhost/replica:0/task:0/device:CPU:0',).
0: 2021-01-30 21:13:23,364 INFO Reduce to /job:localhost/replica:0/task:0/device:CPU:0 then broadcast to ('/job:localhost/replica:0/task:0/device:CPU:0',).
0: 2021-01-30 21:13:23,369 INFO Reduce to /job:localhost/replica:0/task:0/device:CPU:0 then broadcast to ('/job:localhost/replica:0/task:0/device:CPU:0',).
0: 2021-01-30 21:13:23,374 INFO Reduce to /job:localhost/replica:0/task:0/device:CPU:0 then broadcast to ('/job:localhost/replica:0/task:0/device:CPU:0',).
0: 2021-01-30 21:13:23,379 INFO Reduce to /job:localhost/replica:0/task:0/device:CPU:0 then broadcast to ('/job:localhost/replica:0/task:0/device:CPU:0',).
0: Epoch 1/3
0: 2021-01-30 21:13:29,256 WARNING From /apps/applications/tensorflow/2.3.0/gpu/lib/python3.8/site-packages/tensorflow/python/data/ops/multi_device_iterator_ops.py:601: get_next_as_optional (from tensorflow.python.data.ops.iterator_ops) is deprecated and will be removed in a future version.
0: Instructions for updating:
0: Use `tf.data.Iterator.get_next_as_optional()` instead.
0: 2021-01-30 21:13:38,376 INFO batch_all_reduce: 214 all-reduces with algorithm = nccl, num_packs = 1
0: 2021-01-30 21:13:51,475 INFO batch_all_reduce: 214 all-reduces with algorithm = nccl, num_packs = 1
0: 782/782 - 98s - loss: 2.2712 - accuracy: 0.2612 - val_loss: 2.0124 - val_accuracy: 0.3727
0: Epoch 2/3
0: 782/782 - 94s - loss: 2.0058 - accuracy: 0.3542 - val_loss: 1.8300 - val_accuracy: 0.4235
0: Epoch 3/3
0: 782/782 - 94s - loss: 1.8567 - accuracy: 0.3938 - val_loss: 2.0772 - val_accuracy: 0.4323
0: Steps per epoch: 782
0: Validation steps per epoch: 157
0: Best validation accuracy: 0.432
0: Average time per epoch: 108.588 s
0: --- 338.7791907787323 seconds ---
ELAPSED: 360 seconds
End at Sat Jan 30 21:19:00 EET 2021
