Start at Wed Jan 27 01:14:53 EET 2021
CUDA_VISIBLE_DEVICES: 0
Running on hosts: gpu07
Running on 1 nodes.
Running 1 tasks per node
Job id is 1082620
0: Epoch 1/10
0: 2021-01-27 01:15:32,160 WARNING Callbacks method `on_train_batch_end` is slow compared to the batch time (batch time: 0.0773s vs `on_train_batch_end` time: 0.1232s). Check your callbacks.
0: 196/196 - 44s - loss: 2.3864 - accuracy: 0.2113 - val_loss: 2.2324 - val_accuracy: 0.1387
0: Epoch 2/10
0: 196/196 - 41s - loss: 1.9207 - accuracy: 0.3239 - val_loss: 1.7890 - val_accuracy: 0.3598
0: Epoch 3/10
0: 196/196 - 41s - loss: 1.7806 - accuracy: 0.3652 - val_loss: 1.6444 - val_accuracy: 0.4153
0: Epoch 4/10
0: 196/196 - 41s - loss: 1.6936 - accuracy: 0.3949 - val_loss: 1.6102 - val_accuracy: 0.4358
0: Epoch 5/10
0: 196/196 - 41s - loss: 1.6435 - accuracy: 0.4191 - val_loss: 1.5479 - val_accuracy: 0.4508
0: Epoch 6/10
0: 196/196 - 41s - loss: 1.5898 - accuracy: 0.4351 - val_loss: 1.5034 - val_accuracy: 0.4600
0: Epoch 7/10
0: 196/196 - 41s - loss: 1.5539 - accuracy: 0.4491 - val_loss: 1.4767 - val_accuracy: 0.4753
0: Epoch 8/10
0: 196/196 - 41s - loss: 1.5179 - accuracy: 0.4645 - val_loss: 1.4625 - val_accuracy: 0.4837
0: Epoch 9/10
0: 196/196 - 41s - loss: 1.5039 - accuracy: 0.4723 - val_loss: 1.4418 - val_accuracy: 0.4848
0: Epoch 10/10
0: 196/196 - 41s - loss: 1.4702 - accuracy: 0.4854 - val_loss: 1.4879 - val_accuracy: 0.4967
0: Steps per epoch: 196
0: Validation steps per epoch: 40
0: Best validation accuracy: 0.497
0: Average time per epoch: 42.907 s
ELAPSED: 466 seconds
End at Wed Jan 27 01:22:39 EET 2021
