Start at Wed Jan 27 11:00:11 EET 2021
CUDA_VISIBLE_DEVICES: 0
Running on hosts: gpu05
Running on 1 nodes.
Running 1 tasks per node
Job id is 1082726
0: Epoch 1/10
0: 2021-01-27 11:00:49,462 WARNING Callbacks method `on_train_batch_end` is slow compared to the batch time (batch time: 0.0750s vs `on_train_batch_end` time: 0.1241s). Check your callbacks.
0: 196/196 - 44s - loss: 2.3717 - accuracy: 0.2216 - val_loss: 2.2246 - val_accuracy: 0.1285
0: Epoch 2/10
0: 196/196 - 42s - loss: 1.9049 - accuracy: 0.3237 - val_loss: 1.7921 - val_accuracy: 0.3728
0: Epoch 3/10
0: 196/196 - 41s - loss: 1.7676 - accuracy: 0.3711 - val_loss: 1.6527 - val_accuracy: 0.4156
0: Epoch 4/10
0: 196/196 - 41s - loss: 1.6751 - accuracy: 0.4040 - val_loss: 1.5812 - val_accuracy: 0.4413
0: Epoch 5/10
0: 196/196 - 41s - loss: 1.6170 - accuracy: 0.4218 - val_loss: 1.5491 - val_accuracy: 0.4577
0: Epoch 6/10
0: 196/196 - 41s - loss: 1.5637 - accuracy: 0.4415 - val_loss: 1.5209 - val_accuracy: 0.4733
0: Epoch 7/10
0: 196/196 - 41s - loss: 1.5260 - accuracy: 0.4533 - val_loss: 1.4577 - val_accuracy: 0.4882
0: Epoch 8/10
0: 196/196 - 41s - loss: 1.5083 - accuracy: 0.4681 - val_loss: 1.4535 - val_accuracy: 0.4942
0: Epoch 9/10
0: 196/196 - 42s - loss: 1.4789 - accuracy: 0.4799 - val_loss: 1.3956 - val_accuracy: 0.4963
0: Epoch 10/10
0: 196/196 - 41s - loss: 1.4562 - accuracy: 0.4907 - val_loss: 1.4249 - val_accuracy: 0.4997
0: Steps per epoch: 196
0: Validation steps per epoch: 40
0: Best validation accuracy: 0.500
0: Average time per epoch: 43.056 s
ELAPSED: 464 seconds
End at Wed Jan 27 11:07:55 EET 2021
