Start at Sat Jan 30 21:58:34 EET 2021
CUDA_VISIBLE_DEVICES: 0,1
Running on hosts: gpu12
Running on 1 nodes.
Running 1 tasks per node
Job id is 1085083
0: MirroredStratgy
0: 2021-01-30 21:59:00,051 INFO Using MirroredStrategy with devices ('/job:localhost/replica:0/task:0/device:GPU:0', '/job:localhost/replica:0/task:0/device:GPU:1')
0: Number of devices: 2
0: 2021-01-30 21:59:00,357 INFO Reduce to /job:localhost/replica:0/task:0/device:CPU:0 then broadcast to ('/job:localhost/replica:0/task:0/device:CPU:0',).
0: 2021-01-30 21:59:00,362 INFO Reduce to /job:localhost/replica:0/task:0/device:CPU:0 then broadcast to ('/job:localhost/replica:0/task:0/device:CPU:0',).
0: 2021-01-30 21:59:00,368 INFO Reduce to /job:localhost/replica:0/task:0/device:CPU:0 then broadcast to ('/job:localhost/replica:0/task:0/device:CPU:0',).
0: 2021-01-30 21:59:00,372 INFO Reduce to /job:localhost/replica:0/task:0/device:CPU:0 then broadcast to ('/job:localhost/replica:0/task:0/device:CPU:0',).
0: 2021-01-30 21:59:00,389 INFO Reduce to /job:localhost/replica:0/task:0/device:CPU:0 then broadcast to ('/job:localhost/replica:0/task:0/device:CPU:0',).
0: 2021-01-30 21:59:00,393 INFO Reduce to /job:localhost/replica:0/task:0/device:CPU:0 then broadcast to ('/job:localhost/replica:0/task:0/device:CPU:0',).
0: 2021-01-30 21:59:00,441 INFO Reduce to /job:localhost/replica:0/task:0/device:CPU:0 then broadcast to ('/job:localhost/replica:0/task:0/device:CPU:0',).
0: 2021-01-30 21:59:00,446 INFO Reduce to /job:localhost/replica:0/task:0/device:CPU:0 then broadcast to ('/job:localhost/replica:0/task:0/device:CPU:0',).
0: 2021-01-30 21:59:00,452 INFO Reduce to /job:localhost/replica:0/task:0/device:CPU:0 then broadcast to ('/job:localhost/replica:0/task:0/device:CPU:0',).
0: 2021-01-30 21:59:00,456 INFO Reduce to /job:localhost/replica:0/task:0/device:CPU:0 then broadcast to ('/job:localhost/replica:0/task:0/device:CPU:0',).
0: Epoch 1/3
0: 2021-01-30 21:59:06,663 WARNING From /apps/applications/tensorflow/2.3.0/gpu/lib/python3.8/site-packages/tensorflow/python/data/ops/multi_device_iterator_ops.py:601: get_next_as_optional (from tensorflow.python.data.ops.iterator_ops) is deprecated and will be removed in a future version.
0: Instructions for updating:
0: Use `tf.data.Iterator.get_next_as_optional()` instead.
0: 2021-01-30 21:59:16,011 INFO batch_all_reduce: 214 all-reduces with algorithm = nccl, num_packs = 1
0: 2021-01-30 21:59:30,034 INFO batch_all_reduce: 214 all-reduces with algorithm = nccl, num_packs = 1
0: 1563/1563 - 178s - loss: 2.4508 - accuracy: 0.2729 - val_loss: 1.8039 - val_accuracy: 0.3645
0: Epoch 2/3
0: 1563/1563 - 173s - loss: 2.1574 - accuracy: 0.3524 - val_loss: 6.6439 - val_accuracy: 0.3477
0: Epoch 3/3
0: 1563/1563 - 173s - loss: 2.0176 - accuracy: 0.3765 - val_loss: 1.9758 - val_accuracy: 0.4255
0: Steps per epoch: 1563
0: Validation steps per epoch: 313
0: Best validation accuracy: 0.426
0: Average time per epoch: 189.105 s
0: --- 580.1162395477295 seconds ---
ELAPSED: 605 seconds
End at Sat Jan 30 22:08:39 EET 2021
